[CudaDevice(id=0)]
Using AIRL:  True
Using GAIL:  True
Using RGCL:  False
Experiment State @  2025-05-15 11:43:40.505308-05:00
Experiment Saved @  results/experiment_127
Experiment Settings Saved @  results/experiment_127
127
Using cuda device
Wrapping the env with a `Monitor` wrapper
Wrapping the env in a DummyVecEnv.
Wrapping the env with a `Monitor` wrapper
Wrapping the env in a DummyVecEnv.
t: 0, State: [[-4.05844366e-03  1.24534298e+00 -1.97228505e-03  6.72238582e-03
  -1.07590533e-02  6.17505327e-02  4.39376614e-03  3.15978102e-03
   5.35074292e-02  8.14505393e-02 -4.41751577e-01 -1.33602021e-02
   5.73503647e-01 -2.07558162e+00  1.00000000e+01 -5.00849470e-02
   5.18278091e-03  1.00000000e+01]], Action: [[ 1.         -0.32725486  1.          1.          1.          1.        ]], Reward: [1.0345043],Reward_sum: 1.0345042943954468, Done: [False]
==========
t: 1, State: [[-2.73235426e-03  1.24296077e+00  1.42135614e-03  4.57224201e-03
  -1.90834339e-03  1.14664149e-01  6.57975438e-03  5.10926875e-03
   1.07717608e-01  2.44645403e-01 -1.57121232e-01  7.92288486e-01
  -1.19016183e+00  4.23250999e+00 -1.74980174e+00  5.16672347e-01
   4.20415453e-01 -2.64039676e-01]], Action: [[ 1.         1.        -1.         0.9790254  1.        -1.       ]], Reward: [1.1598027],Reward_sum: 2.1943068504333496, Done: [False]
==========
t: 2, State: [[-1.98498240e-03  1.24023990e+00  1.52689512e-03 -4.58819622e-03
   1.85677048e-02  1.60010709e-01  1.05692369e-02 -7.49952067e-03
   1.48795560e-01 -5.77328213e-02 -5.20921232e-01 -7.66024944e-01
  -1.10545171e+00  9.52392346e-01  1.00000000e+01  4.72960439e-01
  -3.53729345e+00  1.00000000e+01]], Action: [[ 1.          0.34099483  1.         -0.31796905 -1.          0.62950385]], Reward: [1.0898079],Reward_sum: 3.2841148376464844, Done: [False]
==========
t: 3, State: [[-8.07180933e-04  1.23612345e+00  6.06932431e-03 -1.74780128e-05
   2.33154542e-02  2.14227630e-01  1.44714119e-02 -1.10249508e-02
   2.42297303e-01  3.56875161e-01 -5.09917586e-01  1.89807438e+00
   2.18395157e+00  3.01564302e-01  5.19247294e-01  4.85548299e-01
   2.71364405e+00  1.00000000e+01]], Action: [[ 1.          0.69483113 -1.          1.          1.          0.464607  ]], Reward: [1.1425265],Reward_sum: 4.426641464233398, Done: [False]
==========
t: 4, State: [[ 6.27712635e-04  1.23125389e+00  1.31673661e-02  1.25065041e-02
   1.93646182e-02  2.42468668e-01  1.65930808e-02 -4.27616216e-03
   3.72895516e-01  3.91601313e-03 -7.03337922e-01 -8.57371585e-02
   1.00127544e+00 -1.29859101e+00  6.51215261e+00  9.22683916e-02
  -9.92039727e-01  1.00000000e+01]], Action: [[ 1.          0.14808631  0.3916812  -0.78010297 -1.          0.40873855]], Reward: [1.1764107],Reward_sum: 5.603052139282227, Done: [False]
==========
t: 5, State: [[ 1.25082850e-03  1.22584008e+00  1.46400949e-02  1.97340845e-02
   1.32535984e-02  2.41389223e-01  1.45439132e-02  2.23983350e-03
   5.37462855e-01  1.01876863e-01 -6.45089575e-01  3.00978696e-01
   7.54881075e-01 -3.57186184e-01 -6.73310956e+00 -4.00100362e-01
   1.84440601e+00  1.00000000e+01]], Action: [[ 1.         1.        -1.         1.         1.         0.2787434]], Reward: [1.0728118],Reward_sum: 6.675864219665527, Done: [False]
==========
t: 6, State: [[ 1.21291021e-03  1.22028124e+00  1.24975408e-02  2.17149484e-02
   1.09476375e-02  1.79691632e-01  1.19796513e-02  7.55790304e-03
   7.47290635e-01 -1.11381634e-01 -7.36242765e-01 -8.32953538e-01
  -2.48223139e-01 -2.28625337e-01 -8.73477883e+00 -2.52485370e-01
  -3.85651520e-01  1.00000000e+01]], Action: [[ 1.          0.72782785 -0.17666997 -1.         -0.9113287   0.66027147]], Reward: [0.9914328],Reward_sum: 7.667296886444092, Done: [False]
==========
t: 7, State: [[-4.41387845e-04  1.21450785e+00  2.89844068e-03  1.95693292e-02
   4.47867113e-03  1.38772789e-01  9.34519601e-03 -4.91438782e-03
   9.35671638e-01 -2.97338782e-01 -7.06217626e-01 -1.51825647e+00
  -2.66768099e-01 -1.34514956e+00 -1.54460203e+00 -3.54933177e-01
  -3.07267748e+00  1.00000000e+01]], Action: [[ 1.          0.38440016  0.59557724 -0.79961956 -1.         -0.2761603 ]], Reward: [0.7899946],Reward_sum: 8.457291603088379, Done: [False]
==========
t: 8, State: [[-1.74697912e-03  1.20956378e+00 -3.78257755e-03  1.94409455e-02
   9.32072844e-04  6.99736220e-02  2.95993713e-03 -1.11009510e-02
   1.00590165e+00 -4.59445080e-02 -5.30437859e-01 -2.45524846e-01
   1.87022193e-01  4.76520098e-01 -1.00000000e+01 -1.25834298e+00
   1.44303902e+00  4.04169093e+00]], Action: [[ 1.          0.44158864 -1.          1.          1.          0.31992435]], Reward: [0.83250374],Reward_sum: 9.289794921875, Done: [False]
==========
t: 9, State: [[-3.65464883e-03  1.20660064e+00 -1.18103557e-02  2.09059397e-02
  -9.34387575e-03 -8.56377477e-03 -7.28786751e-03 -8.20927067e-03
   1.01334699e+00 -4.32274670e-01 -2.37564295e-01 -1.76803087e+00
   1.76085652e-01 -3.10171469e+00 -3.94689255e+00 -1.25160911e+00
  -8.42730347e-01 -1.54007844e+00]], Action: [[ 1.         -0.07508734  1.         -0.3701419  -1.         -0.64831823]], Reward: [0.7579783],Reward_sum: 10.047773361206055, Done: [False]
==========
t: 10, State: [[-4.58315775e-03  1.20549618e+00 -1.62915107e-02  2.23542048e-02
  -1.97753092e-02 -1.65898152e-02 -1.47347095e-02 -1.41478284e-03
   9.91369126e-01  1.98668828e-01 -5.28120617e-02  6.39695629e-01
   1.81021159e-01  4.64060974e-01  2.02795054e+00 -5.72115148e-01
   2.41394863e+00 -3.61372726e+00]], Action: [[1.         1.         0.8278245  1.         1.         0.28882408]], Reward: [0.8791677],Reward_sum: 10.92694091796875, Done: [False]
==========
t: 11, State: [[-2.00707867e-03  1.20548767e+00 -5.45497317e-03  2.43771195e-02
  -1.00969024e-02  3.65230078e-02 -9.42087631e-03  1.07202671e-02
   9.61678038e-01  4.46383691e-01  3.99407768e-02  2.05872412e+00
   3.01138367e-01  1.97631880e+00  1.00000000e+01  1.88542635e+00
   6.12949037e-01 -3.70098762e+00]], Action: [[1.         0.6389427  1.         1.         0.15406415 1.        ]], Reward: [1.317578],Reward_sum: 12.244519233703613, Done: [False]
==========
t: 12, State: [[ 1.36223929e-03  1.20602460e+00  2.27048690e-03  1.08638524e-02
   1.28834443e-02  1.56597662e-01 -4.19588195e-03  1.44988060e-02
   9.33337968e-01  3.58283122e-01  8.28197817e-02  9.00934328e-02
  -2.64965911e+00  2.36176029e+00  1.00000000e+01 -2.75953066e-01
   3.38036411e-01 -3.34461260e+00]], Action: [[ 0.02095619  1.          0.89835095 -0.33694637  0.5887579   1.        ]], Reward: [1.4178971],Reward_sum: 13.662416458129883, Done: [False]
==========
t: 13, State: [[ 4.22424888e-03  1.20673857e+00  5.58435989e-03 -6.53091088e-04
   1.53556425e-02  3.56767065e-01 -2.47514133e-03  1.58173365e-02
   9.08448358e-01  4.06686429e-01  9.52906052e-02  1.44897464e+00
   8.90867477e-01 -2.30629523e+00  1.00000000e+01  1.50337961e+00
   8.64764324e-03 -2.87118568e+00]], Action: [[ 0.3963764  -0.18710008  1.          0.29884198  0.5733093   1.        ]], Reward: [1.355141],Reward_sum: 15.017557144165039, Done: [False]
==========
t: 14, State: [[ 8.03569180e-03  1.20766133e+00  1.61990618e-02  2.93905060e-04
   3.05479490e-03  6.25759750e-01  8.18672463e-03  1.52826697e-02
   8.87648743e-01  5.17260716e-01  1.44878892e-01  9.83898882e-01
  -8.02052484e-01 -9.07822338e-01  1.00000000e+01  9.10652941e-01
  -1.11647289e-01 -2.33024457e+00]], Action: [[-0.64956856  1.          0.92433727  1.          0.63406634  1.        ]], Reward: [1.4717519],Reward_sum: 16.489309310913086, Done: [False]
==========
t: 15, State: [[ 1.25716878e-02  1.20944802e+00  2.23354794e-02 -1.35817007e-02
   4.87046299e-03  9.16977207e-01  1.29475646e-02  1.45469104e-02
   8.70990376e-01  5.60380769e-01  3.71779920e-01  5.67483788e-01
  -2.57861765e+00  1.57503838e+00  1.00000000e+01  3.66675093e-01
  -8.00710713e-02 -1.85748616e+00]], Action: [[-0.27223238  1.          1.          0.607614    0.77367985  1.        ]], Reward: [1.5629576],Reward_sum: 18.05226707458496, Done: [False]
==========
t: 16, State: [[ 0.01701404  1.21279934  0.02764624 -0.0338903   0.01303235  1.06011171
   0.01601653  0.01472625  0.85782341  0.55574545  0.43727329  0.74548636
  -2.52733238  0.55723519  9.90611031  0.3854373   0.10274788 -1.44035444]], Action: [[0.78380024 0.173252   1.         0.49109885 1.         1.        ]], Reward: [1.5514083],Reward_sum: 19.603675842285156, Done: [False]
==========
t: 17, State: [[ 0.02146939  1.21617591  0.03370375 -0.05467321  0.01555338  1.09859359
   0.01853515  0.01591018  0.84778199  0.55826467  0.39792959  0.77172053
  -2.63359494  0.12020403  0.79642776  0.25333311  0.17959257 -1.08243896]], Action: [[0.75112855 0.56296444 1.         0.22520564 1.         1.        ]], Reward: [1.5529873],Reward_sum: 21.15666389465332, Done: [False]
==========
t: 18, State: [[  0.02452454   1.21931956   0.04041443  -0.05486633  -0.02792198
    1.08597387   0.02215941   0.01749049   0.84021342   0.19807535
    0.37645655   0.85410233   2.56450654 -10.          -3.36232126
    0.59763262   0.20934121  -0.81759548]], Action: [[ 1. -1.  1.  1.  1.  1.]], Reward: [1.375894],Reward_sum: 22.53255844116211, Done: [False]
==========
t: 19, State: [[  0.02729176   1.22220675   0.04668907  -0.05362446  -0.08114393
    1.00272921   0.02497928   0.0187454    0.83284036   0.49969038
    0.35983806   0.75779195  -2.18370897  -2.27420941 -10.
    0.15472704   0.11026783  -0.98234118]], Action: [[-0.05802068  1.         -0.91091675  0.9578928   1.          0.16894878]], Reward: [1.342123],Reward_sum: 23.87468147277832, Done: [False]
==========
t: 20, State: [[  0.03001304   1.22463701   0.05300527  -0.05239546  -0.13322601
    0.89103388   0.02763857   0.0190513    0.82679776   0.17725074
    0.23801643   0.7869422    2.42061662 -10.         -10.
    0.46122083  -0.01578977  -0.5621543 ]], Action: [[ 1.         -0.6915026   0.3772741   1.          0.35289726  1.        ]], Reward: [1.3364148],Reward_sum: 25.211095809936523, Done: [False]
==========
t: 21, State: [[  0.03242646   1.22713011   0.06194266  -0.04033568  -0.19776402
    0.74718992   0.03100454   0.01950634   0.78333874   0.42398327
    0.40206451   1.43255451   0.61981513  -5.33077091 -10.
    0.38191013   0.11325405 -10.        ]], Action: [[ 1.          1.         -1.          1.          1.         -0.62932336]], Reward: [1.2962809],Reward_sum: 26.50737762451172, Done: [False]
==========
t: 22, State: [[ 3.46849818e-02  1.22906290e+00  4.66559113e-02 -8.32120194e-02
  -1.99718547e-01  6.01467884e-01  3.65084788e-03  2.06002356e-02
   7.59549612e-01  1.39795532e-01  5.47068335e-02 -5.22599193e+00
  -1.00000000e+01  4.62191977e+00 -1.00000000e+01 -7.19159333e+00
   1.49577746e-01  4.34721578e+00]], Action: [[-0.69235456  0.76464033  1.         -0.38207778  1.          1.        ]], Reward: [1.2781057],Reward_sum: 27.785484313964844, Done: [False]
==========
t: 23, State: [[ 3.80613602e-02  1.22995289e+00  5.04245299e-02 -9.62520872e-02
  -2.13392260e-01  4.83185347e-01 -9.27963901e-06  2.02568316e-02
   7.37209026e-01  7.25669988e-01  1.72821566e-01  6.39183526e+00
   8.30015410e+00 -7.95783791e+00 -1.00000000e+01  6.53432252e+00
  -1.96966188e-01 -9.89068143e+00]], Action: [[ 1.         -0.9153346  -0.5506171   1.          0.99487555 -1.        ]], Reward: [1.4169165],Reward_sum: 29.202396392822266, Done: [False]
==========
t: 24, State: [[ 0.04292285  1.22967906  0.08107476 -0.06656925 -0.24885377  0.39105796
   0.03004563  0.01827708  0.71801445  0.49162325 -0.22990406  1.27044687
  -0.87488211 -1.05424253 -5.16526884  0.96127769 -0.28133517  5.05189945]], Action: [[-1.          0.3809879   1.          0.1862529   0.19819066  1.        ]], Reward: [1.604467],Reward_sum: 30.80686378479004, Done: [False]
==========
t: 25, State: [[ 4.41375693e-02  1.22706970e+00  7.86968064e-02 -7.51274474e-02
  -2.81796774e-01  3.55452340e-01  3.43092921e-02 -1.42440909e-03
   8.11519410e-01 -1.68187076e-01 -3.82117108e-01 -1.61304092e+00
  -9.70194789e-01 -7.16914899e+00 -4.04406727e+00  1.77088815e-01
  -4.44844162e+00  1.00000000e+01]], Action: [[-0.09715304 -0.98403907  0.03027727 -0.06865517 -0.80997324  1.        ]], Reward: [1.1492004],Reward_sum: 31.956064224243164, Done: [False]
==========
t: 26, State: [[  0.04444642   1.22460698   0.07230134  -0.08125318  -0.32714202
    0.26634104   0.0334144   -0.02024885   0.88628804   0.24406068
   -0.23648345   0.01874069  -0.52021828  -4.12190681 -10.
   -0.32778736  -0.35139031   5.58560945]], Action: [[ 0.3795838   0.42232826 -1.          0.358555    0.54391813  0.71965086]], Reward: [1.0363413],Reward_sum: 32.99240493774414, Done: [False]
==========
t: 27, State: [[ 4.61646866e-02  1.22307785e+00  7.92516268e-02 -6.03256552e-02
  -3.89926481e-01  6.80564676e-02  3.11976310e-02 -7.77615617e-03
   8.96122723e-01  1.84640063e-01 -1.58078469e-01  1.71377016e+00
   5.63753307e+00 -1.00000000e+01 -1.00000000e+01 -2.31627241e-01
   3.46697801e+00 -3.08992649e+00]], Action: [[ 1.         -0.9879073  -1.          0.22476204  0.3055089  -0.51258373]], Reward: [1.211401],Reward_sum: 34.20380401611328, Done: [False]
==========
t: 28, State: [[ 4.87428349e-02  1.22235780e+00  8.92698696e-02 -3.56355762e-02
  -4.41181169e-01 -9.19310566e-02  2.20491025e-02  2.28576914e-02
   8.73280916e-01  4.18343502e-01 -6.35087926e-04  1.04448645e+00
   1.19809687e+00 -2.76604400e+00 -1.00000000e+01 -1.03176258e+00
   2.65935805e+00 -2.60328707e+00]], Action: [[ 0.10318425  1.         -1.          0.00298556  0.7548121   0.30837357]], Reward: [1.3195931],Reward_sum: 35.52339553833008, Done: [False]
==========
t: 29, State: [[ 0.05237816  1.22189491  0.09856253 -0.02980319 -0.45347068 -0.14508748
   0.0171503   0.03654291  0.85380446  0.49659042 -0.11431242  1.27443194
   0.28691854 -0.48236852 -2.26635133 -0.2826056   0.94384479 -2.28320035]], Action: [[1.         0.92795134 0.4764169  0.33947662 0.27551112 0.03454125]], Reward: [1.4521351],Reward_sum: 36.97553253173828, Done: [False]
==========
t: 30, State: [[ 0.05666283  1.22013725  0.10870932 -0.03316635 -0.44903296 -0.11045532
   0.0158011   0.03935747  0.83843515  0.58136078 -0.32685545  1.2908004
  -1.10170557  1.6083697  10.         -0.0823459  -0.11122313 -1.59961286]], Action: [[ 1.          1.          1.         -0.13479535 -0.46725443  0.4773383 ]], Reward: [1.5321198],Reward_sum: 38.507652282714844, Done: [False]
==========
t: 31, State: [[ 6.10496407e-02  1.21728350e+00  1.05210814e-01 -6.92911278e-02
  -4.15172564e-01 -7.58099229e-03 -2.35262938e-03  3.80539415e-02
   8.28228170e-01  5.15264854e-01 -3.96516150e-01 -2.15318932e+00
  -7.94412496e+00  7.00440851e+00  1.00000000e+01 -4.44979873e+00
  -1.98687824e-01 -9.97690151e-01]], Action: [[ 0.3546006   1.          0.3498913  -0.86071444  0.8525622   0.75889254]], Reward: [1.5450593],Reward_sum: 40.05271530151367, Done: [False]
==========
t: 32, State: [[ 6.68635234e-02  1.21348390e+00  1.24614215e-01 -7.22997015e-02
  -3.94938148e-01  1.34295152e-01  4.97878307e-03  3.51888837e-02
   7.66330837e-01  7.86762136e-01 -5.31182933e-01  5.12817612e+00
   4.79146710e+00 -1.35639894e+00  1.00000000e+01  4.00813580e+00
  -3.82620873e-01 -1.00000000e+01]], Action: [[ 1.         -0.572719    0.47978842  0.5952066   1.         -1.        ]], Reward: [1.7228229],Reward_sum: 41.77553939819336, Done: [False]
==========
t: 33, State: [[ 7.24094823e-02  1.20802355e+00  1.39547687e-01 -8.63229289e-02
  -3.60240859e-01  3.48701482e-01  7.37445158e-03  3.20456837e-02
   7.09330084e-01  6.01402616e-01 -8.38659914e-01 -1.38256212e+00
  -8.30695417e+00  1.00000000e+01  1.00000000e+01 -3.42629525e+00
  -3.95377773e-01  2.39630934e-01]], Action: [[-1.          1.          1.          0.03861927  0.62660015  1.        ]], Reward: [1.6888508],Reward_sum: 43.46438980102539, Done: [False]
==========
t: 34, State: [[ 7.79458574e-02  1.20114349e+00  1.50821311e-01 -1.11639288e-01
  -3.00654819e-01  6.28798378e-01  5.28556754e-03  2.90349424e-02
   6.55727129e-01  7.12540581e-01 -8.52041081e-01  3.31496778e+00
   9.02106017e-01  4.72837879e+00  1.00000000e+01  1.85060868e+00
  -3.05019897e-01 -1.00000000e+01]], Action: [[ 1.         -0.41113767  0.4074874   0.9684948   1.         -1.        ]], Reward: [1.6877738],Reward_sum: 45.152164459228516, Done: [False]
==========
t: 35, State: [[ 0.08424839  1.19409416  0.17361544 -0.1185305  -0.23370822  0.93208564
   0.01640421  0.02710488  0.60060089  0.91965635 -0.77979985  2.46873303
  -2.87885705 10.         10.          0.99172698 -0.19160516 -0.45781963]], Action: [[0.5588436  0.958506   1.         0.55636245 1.         0.9654138 ]], Reward: [1.7833439],Reward_sum: 46.935508728027344, Done: [False]
==========
t: 36, State: [[ 0.09012113  1.18947157  0.18710567 -0.14106473 -0.15579008  1.07570348
   0.02143053  0.02537145  0.58560151  0.55199786 -0.40384484  1.00132273
  -2.57867867  7.3852294   9.7958509   0.33040149 -0.24323327 -3.48028823]], Action: [[ 1.         -0.20547575  1.         -1.         -0.49686226 -0.55201596]], Reward: [1.7304988],Reward_sum: 48.66600799560547, Done: [False]
==========
t: 37, State: [[ 0.09398897  1.18672849  0.19366223 -0.15560116 -0.11598535  1.11262286
   0.02287882  0.02376037  0.58276888  0.41906615 -0.2909182   0.68741236
  -0.94927774  2.5404492   0.54194345  0.05885693 -0.17236512  2.61229638]], Action: [[ 0.9942082 -0.211712   1.        -0.4700198  0.7074655  0.5269805]], Reward: [1.4804478],Reward_sum: 50.146453857421875, Done: [False]
==========
t: 38, State: [[ 0.09712839  1.18473713  0.20026506 -0.1558768  -0.10897223  1.09768773
   0.02486288  0.02225126  0.61773865  0.36319057 -0.21226674  0.93484313
   0.86795464 -0.76548175 -3.66653394  0.38672953 -0.19764932  6.06073563]], Action: [[1.         0.01310551 1.         1.         0.4167501  0.32162338]], Reward: [1.3891501],Reward_sum: 51.53560256958008, Done: [False]
==========
t: 39, State: [[ 0.1002887   1.18290375  0.20732876 -0.14823452 -0.11769758  1.05955819
   0.02599602  0.01984831  0.70526056  0.43273467 -0.24925929  0.89274256
   1.1351047  -1.42450684 -5.49657874 -0.0525355  -0.37853479 10.        ]], Action: [[ 1.          0.29250255  0.2955653  -0.51543975  0.05996403  1.        ]], Reward: [1.3925959],Reward_sum: 52.928199768066406, Done: [False]
==========
t: 40, State: [[ 0.10367386  1.18104692  0.21301452 -0.14054421 -0.12773439  1.01280895
   0.02477534  0.01335628  0.84864916  0.37287061 -0.14757867  0.57451508
   1.00747383 -1.2636486  -6.12873968 -0.205552   -0.71949463 10.        ]], Action: [[ 1.          0.4463528  -0.03548275 -0.6181714  -0.25388017  0.96995544]], Reward: [1.4205579],Reward_sum: 54.348758697509766, Done: [False]
==========
t: 41, State: [[ 0.10613814  1.18057629  0.21672237 -0.13163865 -0.13769481  0.96489418
   0.02315745  0.00957935  0.92518924  0.24875112  0.01213378  0.35030303
   1.1906444  -1.20137956 -5.81739358 -0.19826178 -0.28511331  5.54251179]], Action: [[ 1.          0.47057992  0.01510458 -0.5039285  -0.38017073  0.75650495]], Reward: [1.3058426],Reward_sum: 55.65460205078125, Done: [False]
==========
t: 42, State: [[ 0.10782014  1.18098496  0.21915669 -0.121808   -0.14508151  0.92318568
   0.02216466  0.00805321  0.94844021  0.17582543  0.07967165  0.250924
   1.2383247  -0.6298088  -4.6289005  -0.06705142 -0.12324356  0.80895192]], Action: [[ 1.          0.5285256   0.22707005 -0.11468927 -0.41655126  0.6588705 ]], Reward: [1.2082975],Reward_sum: 56.86289978027344, Done: [False]
==========
t: 43, State: [[ 0.10952032  1.18160819  0.22183235 -0.11712707 -0.13379525  0.89213044
   0.02340846  0.00595216  0.94548288  0.24502809  0.07230913  0.3617504
  -0.14473819  3.45775015 -3.2203821   0.32398776 -0.444568   -1.26873668]], Action: [[ 1.          0.9927398   1.          1.         -0.80681586  1.        ]], Reward: [1.2068869],Reward_sum: 58.069786071777344, Done: [False]
==========
t: 44, State: [[ 1.11281537e-01  1.18220835e+00  2.20161175e-01 -1.32132737e-01
  -8.44697082e-02  8.70439892e-01  2.41413593e-02 -3.26827648e-03
   9.31164722e-01  1.92121983e-01  7.18536901e-02 -7.58892395e-01
  -3.56584012e+00  8.83304637e+00 -2.26240986e+00 -8.63878543e-02
  -1.91904417e+00 -2.14809412e+00]], Action: [[ 0.6514052   1.          1.         -0.52168393 -1.          0.78450704]], Reward: [1.21584],Reward_sum: 59.28562545776367, Done: [False]
==========
t: 45, State: [[ 1.13493148e-01  1.18244105e+00  2.19097177e-01 -1.53018180e-01
  -1.69379556e-02  8.55299796e-01  2.38613858e-02 -8.63072515e-03
   9.10659770e-01  3.59316720e-01 -1.13758215e-02  4.68483681e-01
  -1.68134529e+00  8.04343582e+00 -1.56427759e+00  6.41137097e-03
   5.10747549e-01 -2.83700851e+00]], Action: [[1.         0.364665   1.         0.39178312 0.10233572 0.05431233]], Reward: [1.2741513],Reward_sum: 60.559776306152344, Done: [False]
==========
t: 46, State: [[ 0.11539807  1.18251337  0.21951908 -0.16474286  0.03877393  0.84488838
   0.02377762 -0.00999644  0.88967248  0.07499519  0.04888604 -0.39908624
  -0.68369815  4.57960183 -1.0583045  -0.00853923 -0.89173436 -2.40391698]], Action: [[ 1.          1.          1.         -0.40919128 -0.9274949   0.7330023 ]], Reward: [1.2335507],Reward_sum: 61.79332733154297, Done: [False]
==========
t: 47, State: [[ 0.11521382  1.18307418  0.21502277 -0.16385304  0.06125166  0.83791971
   0.02454658 -0.02006704  0.87136447 -0.11056606  0.0860239  -0.73519224
   0.7289881   1.38908304 -0.70880833  0.16960907 -1.61480143 -2.14647463]], Action: [[ 1.          0.7104628   1.          0.30348185 -0.71227     0.37016654]], Reward: [0.97372705],Reward_sum: 62.767051696777344, Done: [False]
==========
t: 48, State: [[ 0.11535832  1.18340042  0.21553156 -0.14762672  0.06561006  0.83322449
   0.02542548 -0.01980558  0.85631361  0.15283801 -0.00590464  0.87082804
   3.25088363 -0.11501023 -0.48158775  0.05938901  1.65453501 -1.63482077]], Action: [[0.9928776  1.         1.         0.41713005 0.47899765 1.        ]], Reward: [1.0136727],Reward_sum: 63.780723571777344, Done: [False]
==========
t: 49, State: [[ 0.11567369  1.18349986  0.21797477 -0.12391478  0.06160555  0.82999446
   0.02463048 -0.01309235  0.84572109 -0.06809684  0.0298331  -0.22534317
   2.66948908 -0.78492503 -0.33590817 -0.22065261  0.0350838  -1.05250773]], Action: [[ 1.       1.       1.      -0.99526 -1.       1.     ]], Reward: [1.0334307],Reward_sum: 64.81415557861328, Done: [False]
==========
t: 50, State: [[ 0.11529365  1.18358509  0.21805339 -0.09910342  0.05423839  0.82773097
   0.02401508 -0.01107995  0.83861736 -0.02604108 -0.00798659  0.22629187
   3.48557232 -1.00340704 -0.2367737   0.03426543  0.48093564 -0.74144246]], Action: [[ 1.         1.         1.         0.4556952 -0.3490199  1.       ]], Reward: [0.9481661],Reward_sum: 65.76232147216797, Done: [False]
==========
t: 51, State: [[ 0.11434529  1.1836381   0.21597727 -0.07446892  0.04626982  0.82609224
   0.0237293  -0.01362299  0.83394874 -0.20894419  0.02112529 -0.73043535
   2.67967825 -0.96744132 -0.17612919 -0.08917162 -1.1101156  -0.4478271 ]], Action: [[ 0.7727691   1.          1.         -0.36092997 -0.89433205  1.        ]], Reward: [0.8769279],Reward_sum: 66.63925170898438, Done: [False]
==========
t: 52, State: [[ 0.11313442  1.18361725  0.21342878 -0.04882707  0.0388719   0.82489358
   0.02451283 -0.01873112  0.83075239 -0.09486996 -0.02485174  0.06211462
   3.68759864 -0.86998151 -0.12687462  0.23897323 -0.15569889 -0.35396383]], Action: [[ 0.977247    1.          1.          1.         -0.18603805  1.        ]], Reward: [0.8436509],Reward_sum: 67.48290252685547, Done: [False]
==========
t: 53, State: [[ 1.11791488e-01  1.18350714e+00  2.10345420e-01 -2.28018792e-02
   3.26370027e-02  8.23988678e-01  2.52448374e-02 -2.47068719e-02
   8.28598690e-01 -2.39144180e-01 -2.63963429e-03 -8.11245554e-01
   2.84494805e+00 -6.92069701e-01 -1.00205526e-01 -2.38489348e-02
  -1.34874595e+00 -1.97253020e-01]], Action: [[ 0.6464913   1.          1.         -0.21096902 -0.7368736   1.        ]], Reward: [0.8281286],Reward_sum: 68.31102752685547, Done: [False]
==========
t: 54, State: [[ 1.10941948e-01  1.18386685e+00  2.06755917e-01  1.87226433e-03
   1.54745050e-02  8.21720593e-01  2.60146669e-02 -3.29884643e-02
   8.26953040e-01  2.74884615e-02  8.12348211e-02 -1.35735263e-01
   3.08870476e+00 -3.08966502e+00 -4.00826110e-01  1.70222509e-01
  -7.50165121e-01 -2.03735403e-01]], Action: [[ 0.94857144  1.          1.          0.95322204 -0.22678658  1.        ]], Reward: [0.8889477],Reward_sum: 69.1999740600586, Done: [False]
==========
t: 55, State: [[ 1.12588281e-01  1.18445824e+00  2.07242736e-01  1.89354733e-02
  -1.17307308e-03  8.18388440e-01  2.52857064e-02 -3.36494409e-02
   8.25324369e-01  3.68866069e-01  5.87311870e-02  2.93206861e-01
   1.35311623e+00 -1.10944058e+00 -3.88828782e-01 -2.78580209e-01
   5.34989154e-01 -1.99926349e-01]], Action: [[-0.05617568  1.          1.          1.          0.6352532   1.        ]], Reward: [1.2013849],Reward_sum: 70.40135955810547, Done: [False]
==========
t: 56, State: [[ 1.17229959e-01  1.18467481e+00  2.14285803e-01  2.61388093e-02
   6.52795238e-04  8.15643661e-01  2.32758578e-02 -2.23184332e-02
   8.23753271e-01  7.75175005e-01 -9.54177256e-03  1.44577378e+00
   5.43068901e-01  1.45040560e+00 -2.81361190e-01 -2.23062857e-01
   2.26728164e+00 -1.89249962e-01]], Action: [[1.         0.8879639  1.         1.         0.45266312 1.        ]], Reward: [1.5752164],Reward_sum: 71.97657775878906, Done: [False]
==========
t: 57, State: [[ 0.12270321  1.18476871  0.22251334  0.02809852  0.00912727  0.81427849
   0.02333604 -0.01473286  0.8221233   0.60334963  0.02963284  0.6554386
  -0.01545835  0.72527246 -0.07795903  0.2047517  -0.22657532 -0.21329643]], Action: [[ 1.         1.         1.         1.        -0.8658961  0.6492913]], Reward: [1.6789851],Reward_sum: 73.65556335449219, Done: [False]
==========
t: 58, State: [[ 1.28072018e-01  1.18469452e+00  2.28669927e-01  2.91228269e-02
   1.27286484e-02  8.14396903e-01  1.92843248e-02 -4.27752996e-04
   8.20904020e-01  7.37728115e-01 -4.50041507e-02  8.64511452e-01
   2.35194143e-01  2.32621616e-01  8.93638784e-02 -1.24694271e+00
   3.84644086e+00 -1.00828773e-01]], Action: [[ 1.         -0.26054415  1.          1.          1.          1.        ]], Reward: [1.6660331],Reward_sum: 75.32159423828125, Done: [False]
==========
t: 59, State: [[ 0.1332014   1.18439451  0.23301616  0.02907035  0.01367066  0.81477101
   0.01438368  0.01172853  0.82012592  0.55826806 -0.03117212  0.24939019
  -0.22925725  0.01274649  0.01181357 -0.08440014 -0.55217448 -0.0954264 ]], Action: [[ 1.          0.81354296  0.8089428   1.         -1.          0.86513245]], Reward: [1.6361086],Reward_sum: 76.95770263671875, Done: [False]
==========
t: 60, State: [[ 0.13753056  1.18408641  0.23476214  0.02868799  0.01048033  0.81542151
   0.01350599  0.0088474   0.81939272  0.52343045 -0.04447115  0.17520595
   0.09612894 -0.75593073  0.13279251 -0.13089166 -0.205845   -0.08619902]], Action: [[ 1.         -0.53431916  1.          1.          1.          0.848858  ]], Reward: [1.5361383],Reward_sum: 78.49384307861328, Done: [False]
==========
t: 61, State: [[ 0.14191953  1.18359109  0.2368804   0.02921501  0.00601906  0.81647935
   0.01311471  0.00775136  0.81906244  0.5706301  -0.07728333  0.33809921
   0.03836572 -0.39301093  0.13020089  0.01937693 -0.07946491 -0.0063303 ]], Action: [[1.         0.13396364 1.         1.         0.5837324  1.        ]], Reward: [1.5442623],Reward_sum: 80.0381088256836, Done: [False]
==========
t: 62, State: [[ 0.14654515  1.18289763  0.23972144  0.02962804  0.00282732  0.81754185
   0.01338908  0.00782128  0.81908612  0.5841312  -0.0949554   0.36278357
   0.05911716 -0.41064724  0.13212097  0.04715405  0.07692404  0.00991679]], Action: [[ 1.         -0.18225318  1.          1.          0.98640704  0.9562347 ]], Reward: [1.5732827],Reward_sum: 81.61138916015625, Done: [False]
==========
t: 63, State: [[ 1.51256252e-01  1.18208221e+00  2.42602367e-01  3.00490427e-02
  -4.96109712e-04  8.18547670e-01  1.38821318e-02  8.66225933e-03
   8.19289709e-01  5.92659533e-01 -1.08229610e-01  3.51940880e-01
   4.50723225e-02 -4.28143499e-01  1.18234081e-01  7.31175413e-02
   1.24945890e-01  3.66455119e-02]], Action: [[ 1.         -0.15691763  1.          1.          0.90666103  1.        ]], Reward: [1.5840405],Reward_sum: 83.19542694091797, Done: [False]
==========
t: 64, State: [[ 0.1560069   1.1811773   0.24525204  0.03035128 -0.00420452  0.81942661
   0.01451473  0.00966854  0.81962257  0.59457384 -0.11755144  0.30769412
   0.03053551 -0.50413218  0.10112721  0.08279753  0.12386051  0.04435099]], Action: [[ 1.         -0.16304848  1.          1.          0.8627714   1.        ]], Reward: [1.5890604],Reward_sum: 84.78448486328125, Done: [False]
==========
t: 65, State: [[ 0.16075386  1.18021054  0.24745076  0.0305386  -0.00869559  0.82016593
   0.01518805  0.01049143  0.81997484  0.59222167 -0.12387101  0.24142604
   0.01712759 -0.62133126  0.08374329  0.08352575  0.08448465  0.04268501]], Action: [[ 1.         -0.16446176  1.          1.          0.75646687  1.        ]], Reward: [1.58877],Reward_sum: 86.37325286865234, Done: [False]
==========
t: 66, State: [[ 0.16549579  1.179197    0.24913943  0.03060791 -0.01407977  0.82076265
   0.01585152  0.01089844  0.82027794  0.60524503 -0.13161326  0.21522127
   0.00751436 -0.6845212   0.06409039  0.06828498  0.00898977  0.01752711]], Action: [[ 1.         -0.14864054  1.          1.          0.627039    1.        ]], Reward: [1.5883261],Reward_sum: 87.96157836914062, Done: [False]
==========
t: 67, State: [[ 0.170615    1.17806778  0.25144268  0.0306788  -0.01881006  0.82117247
   0.01621196  0.01060031  0.82017702  0.6734591  -0.15066795  0.35939547
   0.01025909 -0.49933433  0.04014655  0.02628666 -0.06981757 -0.03228835]], Action: [[ 1.         -0.11864913  1.          1.          0.59117746  1.        ]], Reward: [1.6355374],Reward_sum: 89.59711456298828, Done: [False]
==========
t: 68, State: [[ 0.17625888  1.17678642  0.25489092  0.03087705 -0.02225021  0.82144145
   0.01621886  0.01029699  0.81965527  0.73514482 -0.16928314  0.49609324
   0.035375   -0.36359797  0.02794265 -0.01736773 -0.01006747 -0.08558886]], Action: [[ 1.         -0.16519073  1.          1.          0.9328772   0.90444875]], Reward: [1.70077],Reward_sum: 91.29788208007812, Done: [False]
==========
t: 69, State: [[ 0.18233844  1.17536665  0.25926761  0.03123502 -0.02478765  0.8216369
   0.01598172  0.01044701  0.81877443  0.78303002 -0.18527771  0.59266891
   0.05076555 -0.27315301  0.0211796  -0.03729086  0.04212715 -0.12407593]], Action: [[ 1.         -0.18419668  1.          1.          1.          0.8299854 ]], Reward: [1.7552226],Reward_sum: 93.05310821533203, Done: [False]
==========
t: 70, State: [[ 0.18876361  1.17382734  0.26429608  0.0316545  -0.0266813   0.82178485
   0.01566936  0.01089829  0.8177459   0.82226677 -0.1993666   0.66104131
   0.05228294 -0.20248114  0.01600188 -0.03872457  0.06703105 -0.12779493]], Action: [[ 1.         -0.18676856  1.          1.          1.          0.814059  ]], Reward: [1.7984481],Reward_sum: 94.85155487060547, Done: [False]
==========
t: 71, State: [[ 0.19548089  1.17217909  0.26979585  0.03205472 -0.02807714  0.82189652
   0.01538058  0.01147272  0.81675652  0.85649249 -0.21263543  0.71179677
   0.04691616 -0.1485904   0.01206492 -0.0327124   0.07435642 -0.11698597]], Action: [[ 1.         -0.18853727  1.          1.          1.          0.80256   ]], Reward: [1.8349807],Reward_sum: 96.6865463256836, Done: [False]
==========
t: 72, State: [[ 0.20245967  1.17042587  0.27565527  0.03239827 -0.0290988   0.82198034
   0.01515113  0.01206158  0.81587354  0.88788596 -0.22569058  0.75176195
   0.03868668 -0.10864029  0.00901955 -0.02452876  0.07166375 -0.10237661]], Action: [[ 1.         -0.18932456  1.          1.          1.          0.7916917 ]], Reward: [1.8676848],Reward_sum: 98.55422973632812, Done: [False]
==========
t: 73, State: [[ 0.20968299  1.16856749  0.28180729  0.03267174 -0.02984205  0.82204256
   0.0149879   0.01260679  0.81511157  0.91776567 -0.23896588  0.78542965
   0.02973134 -0.07878802  0.00664513 -0.01645042  0.06409825 -0.08734842]], Action: [[ 1.         -0.18912318  1.          1.          1.          0.783383  ]], Reward: [1.8982656],Reward_sum: 100.4524917602539, Done: [False]
==========
t: 74, State: [[ 0.21714218  1.16660113  0.28821366  0.03287436 -0.03037593  0.82208777
   0.01488588  0.01308316  0.81446857  0.94693027 -0.25271097  0.81563476
   0.02117173 -0.05618189  0.00475294 -0.00935663  0.05483703 -0.07301222]], Action: [[ 1.         -0.18809876  1.          1.          1.          0.7776006 ]], Reward: [1.9277587],Reward_sum: 102.3802490234375, Done: [False]
==========
t: 75, State: [[ 0.22483348  1.16452244  0.29485386  0.03301197 -0.03075098  0.82211929
   0.0148358   0.01348499  0.81393482  0.97583588 -0.26705662  0.84405061
   0.01357964 -0.03900006  0.00321294 -0.00350812  0.04565995 -0.06022784]], Action: [[ 1.         -0.18653983  1.          1.          1.          0.7729262 ]], Reward: [1.95678],Reward_sum: 104.33702850341797, Done: [False]
==========
t: 76, State: [[ 2.32755827e-01  1.16232637e+00  3.01717428e-01  3.30936388e-02
  -3.10065346e-02  8.22139603e-01  1.48274859e-02  1.38168784e-02
   8.13492921e-01  1.00471946e+00 -2.82065404e-01  8.71575959e-01
   7.22342520e-03 -2.62200911e-02  1.94327327e-03  1.08243434e-03
   3.74304138e-02 -5.00292982e-02]], Action: [[ 1.         -0.18474841  1.          1.          1.          0.767406  ]], Reward: [1.9856703],Reward_sum: 106.32270050048828, Done: [False]
==========
t: 77, State: [[ 2.40909565e-01  1.16000746e+00  3.08799297e-01  3.31295852e-02
  -3.11750020e-02  8.22150617e-01  1.48512554e-02  1.40879723e-02
   8.13116908e-01  1.03370292e+00 -2.97771385e-01  8.98690555e-01
   2.14756886e-03 -1.71262936e-02  8.82801673e-04  4.53055180e-03
   3.04713168e-02 -4.34999870e-02]], Action: [[ 1.         -0.18286535  1.          1.          1.          0.75904846]], Reward: [2.0146077],Reward_sum: 108.33731079101562, Done: [False]
==========
t: 78, State: [[ 2.49295821e-01  1.15756004e+00  3.16097514e-01  3.31295639e-02
  -3.12827044e-02  8.22153765e-01  1.48987919e-02  1.43087601e-02
   8.12772925e-01  1.06286443e+00 -3.14205217e-01  9.25708910e-01
  -1.78527094e-03 -1.09335193e-02 -2.57739794e-05  7.04460162e-03
   2.48235555e-02 -4.15355604e-02]], Action: [[ 1.         -0.18084681  1.          1.          1.          0.74612296]], Reward: [2.0436926],Reward_sum: 110.3810043334961, Done: [False]
==========
t: 79, State: [[ 2.57916331e-01  1.15497811e+00  3.23612552e-01  3.31016171e-02
  -3.13486025e-02  8.22150011e-01  1.49637775e-02  1.44894932e-02
   8.12421662e-01  1.09227807e+00 -3.31407022e-01  9.52925187e-01
  -4.84713709e-03 -6.62027034e-03 -8.39752454e-04  8.90480207e-03
   2.04052100e-02 -4.46390626e-02]], Action: [[ 1.         -0.17850825  1.          1.          1.          0.7273692 ]], Reward: [2.0730028],Reward_sum: 112.45401000976562, Done: [False]
==========
t: 80, State: [[ 0.2667735   1.15225532  0.33134752  0.03305114 -0.03138203  0.82213985
   0.01504243  0.01463962  0.81202209  1.12203618 -0.34943317  0.98069813
  -0.00741055 -0.00284369 -0.00161656  0.01045453  0.01710652 -0.05279895]], Action: [[ 1.         -0.17553389  1.          1.          1.          0.7021247 ]], Reward: [2.1026227],Reward_sum: 114.55663299560547, Done: [False]
==========
t: 81, State: [[ 0.27587066  1.14938473  0.33930904  0.03298005 -0.03137936  0.8221233
   0.0151341   0.01476783  0.81153576  1.15227077 -0.36836345  1.00953528
  -0.00995755  0.00223168 -0.00241838  0.01212493  0.014855   -0.0654613 ]], Action: [[ 1.        -0.1714021  1.         1.         1.         0.6703662]], Reward: [2.132666],Reward_sum: 116.68930053710938, Done: [False]
==========
t: 82, State: [[ 0.28520711  1.14634144  0.34750063  0.03289362 -0.03149069  0.82207598
   0.01523428  0.01488284  0.81093928  1.18081979 -0.39600634  1.03648482
  -0.00956154 -0.06803752 -0.01363738  0.01090771  0.01370855 -0.07798692]], Action: [[ 1.         -0.16521916  1.          1.          1.          0.63273686]], Reward: [2.1626282],Reward_sum: 118.8519287109375, Done: [False]
==========
t: 83, State: [[ 0.29478641  1.14304111  0.35598186  0.03274933 -0.03208525  0.82192086
   0.01537633  0.01501675  0.81018125  1.21402033 -0.42830062  1.08262992
  -0.02474823 -0.08650824 -0.02344613  0.02342098  0.01895492 -0.10528634]], Action: [[ 1.         -0.12476271  1.          1.          1.          0.5623252 ]], Reward: [2.1930802],Reward_sum: 121.04500579833984, Done: [False]
==========
t: 84, State: [[ 0.30465245  1.13949343  0.36490001  0.03243373 -0.03243548  0.82172229
   0.0156686   0.01521089  0.80915197  1.25210453 -0.45795077  1.14441741
  -0.05108157 -0.01208342 -0.02527419  0.04740612  0.02838013 -0.14346349]], Action: [[ 1.         -0.08262578  1.          1.          1.          0.4808241 ]], Reward: [2.2290182],Reward_sum: 123.2740249633789, Done: [False]
==========
t: 85, State: [[ 0.31483555  1.13571525  0.37435098  0.0318886  -0.03192457  0.82152829
   0.01617583  0.01548695  0.80790764  1.29295414 -0.4859925   1.21482669
  -0.08133664  0.1252762  -0.02278874  0.07644067  0.03929349 -0.1609943 ]], Action: [[ 1.         -0.04207584  1.          1.          1.          0.44413692]], Reward: [2.268688],Reward_sum: 125.54270935058594, Done: [False]
==========
t: 86, State: [[ 0.32536576  1.13170979  0.38444189  0.03102708 -0.02977065  0.8213645
   0.01696398  0.0158694   0.80664911  1.33831627 -0.51469419  1.30273266
  -0.12792875  0.39113222 -0.01798063  0.11656673  0.05468274 -0.15048949]], Action: [[0.9851836  0.02407941 1.         1.         1.         0.4407078 ]], Reward: [2.3121111],Reward_sum: 127.85482025146484, Done: [False]
==========
t: 87, State: [[ 0.33631438  1.12745084  0.39535894  0.02926873 -0.0237919   0.82124004
   0.01813003  0.01640506  0.80560682  1.39632867 -0.54901128  1.42120344
  -0.29039085  1.05286304 -0.01273048  0.1720896   0.07778775 -0.11116491]], Action: [[0.68329847 0.14828244 1.         1.         1.         0.46937978]], Reward: [2.364868],Reward_sum: 130.21969604492188, Done: [False]
==========
t: 88, State: [[ 0.34771083  1.12294921  0.40721431  0.02628054 -0.01263312  0.82110985
   0.02001884  0.01660787  0.80479229  1.4532383  -0.57270042  1.52951554
  -0.42712863  1.51138787 -0.03078436  0.27954099 -0.01566706 -0.09437785]], Action: [[0.6884812  0.32709953 1.         1.         0.45608377 0.42659116]], Reward: [2.4215858],Reward_sum: 132.6412811279297, Done: [False]
==========
t: 89, State: [[ 0.3593009   1.1183823   0.41889048  0.02342131 -0.00327273  0.82090901
   0.02196617  0.01582413  0.8038394   1.44669261 -0.57120375  1.39940336
  -0.29348316  0.87132071 -0.01898401  0.20611437 -0.16083508 -0.13629142]], Action: [[0.9872043  0.09519961 1.         0.7888353  0.08117059 0.3034042 ]], Reward: [2.4460537],Reward_sum: 135.08734130859375, Done: [False]
==========
t: 90, State: [[ 0.37107035  1.11369301  0.43030642  0.02086652  0.00390614  0.82075088
   0.02343172  0.01493334  0.80299239  1.47799294 -0.59416142  1.39277423
  -0.28117359  0.70245251 -0.00760065  0.12127568 -0.08791416 -0.08221051]], Action: [[0.49030194 0.28368607 1.         1.         0.72703075 0.45158124]], Reward: [2.468128],Reward_sum: 137.5554656982422, Done: [False]
==========
t: 91, State: [[ 0.38293549  1.1088734   0.44117468  0.0190576   0.00780772  0.82077613
   0.02390359  0.01445686  0.80236725  1.49024614 -0.61236302  1.33443854
  -0.17885881  0.31151213  0.01064323  0.00898655 -0.0369474  -0.07309484]], Action: [[0.48807904 0.23285124 1.         1.         0.86489916 0.4106636 ]], Reward: [2.479933],Reward_sum: 140.035400390625, Done: [False]
==========
t: 92, State: [[ 0.39494323  1.10387927  0.45184128  0.01803236  0.00922772  0.82088139
   0.02373189  0.01444238  0.80120782  1.51276313 -0.63800967  1.33705793
  -0.08720292  0.06976266  0.01326993 -0.04432879  0.02502698 -0.19629314]], Action: [[0.57488805 0.11977193 1.         1.         1.         0.12774758]], Reward: [2.4976068],Reward_sum: 142.5330047607422, Done: [False]
==========
t: 93, State: [[ 0.40708605  1.09877015  0.4622406   0.01732889  0.00919678  0.82095899
   0.02303518  0.01498897  0.79413172  1.52380494 -0.63908949  1.26909185
  -0.08782522 -0.06084215  0.00660464 -0.1163074   0.10048031 -1.55598794]], Action: [[ 0.605359    0.1623638   1.          0.63185287  1.         -0.1605943 ]], Reward: [2.5150347],Reward_sum: 145.04803466796875, Done: [False]
==========
t: 94, State: [[ 0.41916569  1.09402333  0.47100734  0.01600629  0.00871232  0.8210238
   0.02103706  0.01602681  0.76508402  1.49739254 -0.54716561  0.94250225
  -0.21932091 -0.05920149  0.00897119 -0.34629761  0.1492952  -5.66618753]], Action: [[ 1.          0.7407135   1.         -0.9116492   0.45372212 -0.50314   ]], Reward: [2.5061164],Reward_sum: 147.5541534423828, Done: [False]
==========
t: 95, State: [[ 0.43115097  1.08971186  0.4781929   0.01433308  0.00866967  0.82111645
   0.01818522  0.01726372  0.71501498  1.49916865 -0.53043491  0.85709099
  -0.1920804   0.03740295  0.01317863 -0.3599418   0.15316706 -6.86521389]], Action: [[ 1.          1.          1.         -0.5179051   0.7242775  -0.19644608]], Reward: [2.4943278],Reward_sum: 150.04847717285156, Done: [False]
==========
t: 96, State: [[ 0.44321793  1.08527268  0.48510771  0.01313448  0.00924343  0.82124826
   0.01527992  0.01818078  0.66614773  1.5185074  -0.58039268  0.87620814
  -0.10476644  0.09950016  0.01826328 -0.36692559  0.07779972 -5.3833601 ]], Action: [[ 1.          1.          1.         -0.4280676   0.76892567  0.10911928]], Reward: [2.5045838],Reward_sum: 152.5530548095703, Done: [False]
==========
t: 97, State: [[ 0.45559668  1.08072644  0.49235705  0.01211726  0.00976309  0.8210893
   0.01266112  0.01905202  0.61377324  1.58591875 -0.55772655  0.96244892
  -0.16828105  0.01748305 -0.06164299 -0.26629955  0.13998053 -7.70882965]], Action: [[ 1.          1.          1.         -0.5619889   0.7996799  -0.28037667]], Reward: [2.5433109],Reward_sum: 155.0963592529297, Done: [False]
==========
t: 98, State: [[ 0.46857597  1.07592331  0.50075675  0.01063468  0.00974076  0.82052283
   0.01085973  0.01983405  0.56090532  1.65432445 -0.6445891   1.1308838
  -0.18597124 -0.00957367 -0.06801278 -0.19459843  0.05972325 -5.52350814]], Action: [[ 1.          1.          1.         -0.54448104  0.6929814   0.18195479]], Reward: [2.6186004],Reward_sum: 157.7149658203125, Done: [False]
==========
t: 99, State: [[ 0.48180688  1.07100978  0.50930323  0.00935233  0.00984255  0.8202168
   0.00926092  0.02043734  0.50240607  1.65312202 -0.58171636  1.00182812
  -0.13610465  0.02968006 -0.01473611 -0.1991218   0.08657932 -9.08432619]], Action: [[ 1.          1.          1.         -0.7536458   0.63582665 -0.4125964 ]], Reward: [2.6497219],Reward_sum: 160.36468505859375, Done: [False]
==========
t: 100, State: [[ 0.49508549  1.06583457  0.51749339  0.00866492  0.01029852  0.82030631
   0.00699718  0.02055532  0.45226078  1.66948315 -0.71823274  1.05418126
  -0.04838646  0.07128615  0.02498596 -0.38675821 -0.04226004 -3.32928696]], Action: [[ 1.          1.          1.         -0.5574782   0.70390785  0.33488286]], Reward: [2.6559076],Reward_sum: 163.02059936523438, Done: [False]
==========
t: 101, State: [[ 0.50878991  1.06036216  0.52655012  0.00811129  0.01044445  0.82009036
   0.00371376  0.02014733  0.43438661  1.7506988  -0.64992431  1.19678767
  -0.08060561 -0.01661779 -0.05876487 -0.43282417 -0.05548437 -1.37612999]], Action: [[ 1.          1.          1.         -0.8218771   0.16887572 -0.8633555 ]], Reward: [2.7086031],Reward_sum: 165.7292022705078, Done: [False]
==========
t: 102, State: [[ 5.22926434e-01  1.05553762e+00  5.36125505e-01  7.80005821e-03
   1.00071844e-02  8.19705868e-01 -4.86685903e-04  2.03437347e-02
   4.26300653e-01  1.77018074e+00 -5.53250499e-01  1.14785208e+00
   5.63004672e-04 -6.95255452e-02 -2.44636331e-02 -6.44380799e-01
   8.60415966e-02 -7.54237006e-01]], Action: [[ 1.          0.6313876   1.         -0.6511262   0.74263304 -1.        ]], Reward: [2.7626915],Reward_sum: 168.4918975830078, Done: [False]
==========
t: 103, State: [[ 5.37165587e-01  1.05146415e+00  5.45530046e-01  8.62851659e-03
   9.20938086e-03  8.19612711e-01 -5.66919035e-03  2.13282395e-02
   4.20728540e-01  1.78813690e+00 -4.64018244e-01  1.18462799e+00
   1.80536348e-01 -1.19782822e-01 -1.66561142e-03 -6.61784641e-01
   1.49512574e-01 -7.08773239e-01]], Action: [[ 1.          0.28275862  1.         -0.20183612  1.         -0.99897534]], Reward: [2.7757754],Reward_sum: 171.26766967773438, Done: [False]
==========
t: 104, State: [[ 0.55151397  1.04809848  0.55483451  0.01035791  0.00819357  0.81965158
  -0.01122312  0.02259672  0.41438513  1.79837509 -0.37682784  1.13209195
   0.23867257 -0.12912796  0.00970661 -0.73090999  0.16244263 -0.920043  ]], Action: [[ 1.          0.27729878  1.         -0.21485257  1.         -0.9563606 ]], Reward: [2.7895103],Reward_sum: 174.0571746826172, Done: [False]
==========
t: 105, State: [[ 0.56594557  1.04545864  0.56361892  0.01237658  0.00716146  0.81974096
  -0.01729086  0.02385237  0.40530399  1.8093522  -0.2828423   1.05769004
   0.25701245 -0.12563687  0.0120254  -0.78976286  0.14955374 -1.36916982]], Action: [[ 1.          0.22775291  1.         -0.16092972  1.         -0.9891343 ]], Reward: [2.7998939],Reward_sum: 176.85707092285156, Done: [False]
==========
t: 106, State: [[ 0.5804575   1.0435887   0.57162025  0.01433004  0.00619538  0.81983864
  -0.02397906  0.02499523  0.39219994  1.81884512 -0.18461661  0.94111779
   0.22862071 -0.11412083  0.01208868 -0.88133156  0.13473232 -1.9137534 ]], Action: [[ 1.          0.22133403  1.         -0.19190711  1.         -1.        ]], Reward: [2.8099048],Reward_sum: 179.66697692871094, Done: [False]
==========
t: 107, State: [[ 0.59504943  1.04250568  0.57863606  0.01597655  0.00539234  0.8199329
  -0.03141207  0.02600914  0.37462194  1.82944783 -0.0861942   0.81307622
   0.18350485 -0.08749257  0.01131897 -0.97444044  0.11792542 -2.48208866]], Action: [[ 1.          0.2646339   1.         -0.21496253  1.         -1.        ]], Reward: [2.8198762],Reward_sum: 182.48684692382812, Done: [False]
==========
t: 108, State: [[ 0.60973094  1.04221024  0.58460469  0.0172513   0.00479175  0.82001972
  -0.03957476  0.02688799  0.35248947  1.84131404  0.01219386  0.68038587
   0.13703661 -0.06383937  0.01029118 -1.06284509  0.10134887 -3.04954399]], Action: [[ 1.          0.28038323  1.         -0.2344578   1.         -1.        ]], Reward: [2.8310544],Reward_sum: 185.31790161132812, Done: [False]
==========
t: 109, State: [[ 0.62449357  1.04271467  0.58933696  0.01807924  0.00424303  0.82010414
  -0.0486229   0.02768298  0.3258569   1.85007977  0.11348222  0.50816167
   0.07506829 -0.07084341  0.01054965 -1.19042121  0.0957678  -3.60571308]], Action: [[ 1.          0.21662751  1.         -0.3221582   1.         -1.        ]], Reward: [2.841178],Reward_sum: 188.15907287597656, Done: [False]
==========
t: 110, State: [[ 6.39174851e-01  1.04414936e+00  5.91604911e-01  1.84059653e-02
   1.15829530e-03  8.20207002e-01 -5.98002667e-02  2.84962048e-02
   2.94783859e-01  1.82066917e+00  2.44920173e-01  6.37706800e-02
   1.35682917e-02 -7.02926109e-01  1.43453164e-02 -1.59413316e+00
   1.04048916e-01 -4.15901223e+00]], Action: [[ 1.          0.0812014   1.         -0.47320962  1.         -1.        ]], Reward: [2.83093],Reward_sum: 190.99000549316406, Done: [False]
==========
t: 111, State: [[ 0.65359334  1.04666756  0.59035969  0.01890731 -0.00890546  0.82030317
  -0.07388221  0.02910533  0.25932431  1.78398646  0.38416722 -0.38206095
   0.09849484 -1.8034233   0.00970873 -1.93615327  0.0533329  -4.70222677]], Action: [[ 1.         -0.12743315  1.         -0.14424627  1.         -1.        ]], Reward: [2.798274],Reward_sum: 193.78829956054688, Done: [False]
==========
t: 112, State: [[ 0.66834162  1.04982581  0.5896376   0.01982328 -0.01739712  0.8200785
  -0.08647021  0.02924236  0.219751    1.90375184  0.40542649  0.19787922
   0.12372569 -0.31522484 -0.05622239 -1.21895818 -0.01084669 -5.19241866]], Action: [[ 1.          0.24706802  0.8973172   0.1361963   1.         -1.        ]], Reward: [2.8396502],Reward_sum: 196.62794494628906, Done: [False]
==========
t: 113, State: [[ 0.68324435  1.05373332  0.58770209  0.02006968 -0.02539723  0.81985297
  -0.09977237  0.02955479  0.17613377  1.82216573  0.57072292 -0.66770066
  -0.04111259 -1.69374863 -0.00616105 -2.07997417  0.07667832 -5.70802876]], Action: [[ 1.          0.02140418  1.         -0.7198415   1.         -1.        ]], Reward: [2.8583221],Reward_sum: 199.48626708984375, Done: [False]
==========
t: 114, State: [[ 0.69824872  1.05843368  0.58435448  0.02005822 -0.03412429  0.81949295
  -0.1137305   0.02986109  0.12848747  1.92950152  0.60453793 -0.17469056
   0.02864113 -0.48218553 -0.07361667 -1.41951634  0.00822553 -6.20726435]], Action: [[ 1.         0.2346277  0.8565885  0.0363756  1.        -1.       ]], Reward: [2.871757],Reward_sum: 202.35801696777344, Done: [False]
==========
t: 115, State: [[ 0.71355031  1.06378605  0.58087504  0.01990553 -0.04091196  0.81918698
  -0.12691964  0.03014656  0.07678996  1.89611744  0.7331236  -0.68704227
  -0.05529369 -1.21909578 -0.01031659 -1.8613519   0.05622511 -6.71755567]], Action: [[ 1.          0.08193174  1.         -0.5511982   1.         -1.        ]], Reward: [2.9083881],Reward_sum: 205.2664031982422, Done: [False]
==========
t: 116, State: [[ 0.72898663  1.06990882  0.5762103   0.01977685 -0.04859659  0.81903951
  -0.14026307  0.03038562  0.02091577  1.96331563  0.7977038  -0.48410338
   0.01402273 -0.69616597 -0.02424612 -1.48165756  0.00934961 -7.25624784]], Action: [[ 1.          0.1437405   0.93552697 -0.07162366  1.         -1.        ]], Reward: [2.925639],Reward_sum: 208.19204711914062, Done: [False]
==========
t: 117, State: [[ 0.74485354  1.07660157  0.57219681  0.01953918 -0.05248705  0.81900246
  -0.15178758  0.0305896  -0.03929259  2.00378959  0.87543444 -0.51220609
  -0.06259334 -0.28207677  0.0105266  -1.38566868  0.03761456 -7.80128168]], Action: [[ 1.          0.25322077  1.         -0.43566427  1.         -1.        ]], Reward: [2.97911],Reward_sum: 211.17115783691406, Done: [False]
==========
t: 118, State: [[ 0.76104731  1.08389993  0.56799327  0.01858075 -0.05236673  0.8191706
  -0.16248464  0.03107018 -0.10392624  2.04491513  0.9490522  -0.52888363
  -0.16080215  0.30247432  0.02859318 -1.26971567  0.0762573  -8.36407818]], Action: [[ 1.         0.3682703  1.        -0.6468866  1.        -1.       ]], Reward: [3.0196667],Reward_sum: 214.19082641601562, Done: [False]
==========
t: 119, State: [[ 0.77746196  1.09185263  0.56310125  0.01707368 -0.0492929   0.81943855
  -0.17267757  0.03179894 -0.17322056  2.05871563  1.03902211 -0.68778811
  -0.20505009  0.45897138  0.03647393 -1.26395424  0.10082167 -8.9683588 ]], Action: [[ 1.          0.33416626  1.         -0.7482903   1.         -1.        ]], Reward: [3.0471594],Reward_sum: 217.23797607421875, Done: [False]
==========
t: 120, State: [[ 0.79404996  1.10048385  0.5574829   0.0154554  -0.04419072  0.81972522
  -0.18206783  0.03259585 -0.24759655  2.08808612  1.11877568 -0.71496123
  -0.19539276  0.81251273  0.03445469 -1.07614416  0.09692708 -9.63749831]], Action: [[ 1.          0.35926947  1.         -0.6992848   1.         -1.        ]], Reward: [3.0688825],Reward_sum: 220.30685424804688, Done: [False]
==========
t: 121, State: [[  0.81086291   1.10975432   0.55164441   0.01396898  -0.03635386
    0.81998349  -0.18984061   0.03334406  -0.32762561   2.11487442
    1.19886991  -0.7442857   -0.17404932   1.14302449   0.02978691
   -0.86195738   0.08928021 -10.        ]], Action: [[ 1.          0.36460742  1.         -0.71444225  1.         -1.        ]], Reward: [3.0969758],Reward_sum: 223.40382385253906, Done: [False]
==========
t: 122, State: [[  0.8280262    1.11956548   0.54647766   0.01258156  -0.02340968
    0.82019124  -0.19488258   0.03402301  -0.41397423   2.1754037
    1.25387285  -0.54685858  -0.16870423   2.0859672    0.02220509
   -0.39238438   0.08018174 -10.        ]], Action: [[ 1.         0.4868262  1.        -0.7221781  1.        -1.       ]], Reward: [3.140652],Reward_sum: 226.5444793701172, Done: [False]
==========
t: 123, State: [[ 8.45939741e-01  1.12959495e+00  5.44462251e-01  1.04407595e-02
   2.99006886e-03  8.19473453e-01 -1.94620996e-01  3.47249289e-02
  -5.07258114e-01  2.28827808e+00  1.26154888e+00 -3.22507903e-02
  -3.31632315e-01  4.25220237e+00 -1.73137023e-01  3.92642048e-01
   9.21081468e-02 -1.00000000e+01]], Action: [[ 1.          0.8173715   0.61725706 -0.87832433  1.         -1.        ]], Reward: [3.2343724],Reward_sum: 229.7788543701172, Done: [False]
==========
t: 124, State: [[ 8.63598269e-01  1.14046800e+00  5.39743713e-01  8.58339051e-03
   2.64459923e-02  8.18692803e-01 -1.94668026e-01  3.55249490e-02
  -6.08830856e-01  2.13733625e+00  1.44877087e+00 -1.07736837e+00
  -1.59825408e-01  1.84869029e+00 -3.75521648e-02 -3.22934139e-01
   1.05217682e-01 -1.00000000e+01]], Action: [[ 1.  1.  1. -1.  1. -1.]], Reward: [3.2013159],Reward_sum: 232.98016357421875, Done: [False]
==========
t: 125, State: [[ 8.80330278e-01  1.15266400e+00  5.28693104e-01  7.95993525e-03
   3.56115523e-02  8.17492530e-01 -1.97709219e-01  3.62363579e-02
  -7.26735054e-01  2.04407671e+00  1.59596280e+00 -1.65626663e+00
  -1.61381879e-02  5.78519946e-01 -2.33010747e-01 -3.19068666e-01
   8.12464275e-02 -1.00000000e+01]], Action: [[ 1.         1.         0.4803707 -0.7367467  1.        -1.       ]], Reward: [3.0867276],Reward_sum: 236.06689453125, Done: [False]
==========
t: 126, State: [[ 8.96286564e-01  1.16517151e+00  5.14008700e-01  8.14546256e-03
   3.73710443e-02  8.16558686e-01 -2.01132738e-01  3.59455125e-02
  -8.79120126e-01  1.95743933e+00  1.46097655e+00 -1.97042457e+00
   3.49529047e-02 -5.73170904e-02 -1.54981096e-02 -8.45910744e-01
  -2.07120985e-01 -1.00000000e+01]], Action: [[ 1.          0.9217191   0.98946893 -0.60694534  1.         -1.        ]], Reward: [2.9893386],Reward_sum: 239.0562286376953, Done: [False]
==========
t: 127, State: [[ 0.91183113  1.17611777  0.49777464  0.00864626  0.03553266  0.81636508
  -0.21069445  0.03357428 -0.94602471  1.9329612   1.28491461 -2.08021556
   0.0819816  -0.35788096 -0.03251661 -1.50784903 -0.34462212 -4.47803694]], Action: [[ 1.         0.8018031  0.762779  -0.4533677  1.        -1.       ]], Reward: [2.9386408],Reward_sum: 241.99488830566406, Done: [False]
==========
t: 128, State: [[ 0.92736271  1.18580834  0.48191518  0.0102673   0.03197353  0.81652977
  -0.22289613  0.03047501 -0.96228989  1.94952441  1.14329461 -1.90176138
   0.29086508 -0.50087315  0.05969516 -1.54269662 -0.40320076 -0.1177941 ]], Action: [[ 1.          0.3991343   1.          0.18636765  1.         -1.        ]], Reward: [2.937253],Reward_sum: 244.93215942382812, Done: [False]
==========
t: 129, State: [[ 0.94315004  1.19446237  0.46845256  0.01407516  0.02731404  0.81709015
  -0.23311775  0.02691569 -0.95435484  1.99565025  1.02378881 -1.49731205
   0.60710628 -0.63016687  0.0757403  -1.0449668  -0.46182176  1.81578959]], Action: [[ 1.        -0.3763123  1.         1.         1.        -1.       ]], Reward: [2.968275],Reward_sum: 247.90042114257812, Done: [False]
==========
t: 130, State: [[ 0.95921812  1.20230424  0.45698896  0.01870645  0.0224378   0.81085009
  -0.24098892  0.02359588 -0.93653665  2.02110817  0.93850795 -1.37157767
   0.54401449 -0.57950185 -1.63616291 -0.91656142 -0.36711377  2.48920803]], Action: [[ 1.         -0.07780591 -0.09795247  0.54629457  1.         -1.        ]], Reward: [3.005195],Reward_sum: 250.90560913085938, Done: [False]
==========
t: 131, State: [[ 0.97541454  1.20942023  0.44597391  0.02260936  0.01803905  0.80090848
  -0.24839661  0.02109513 -0.91619521  2.02851525  0.84179609 -1.37709878
   0.43333186 -0.51433106 -0.91245478 -0.92224703 -0.26254259  2.52376933]], Action: [[ 1.         -0.10720113  0.20096828  0.45611995  1.         -1.        ]], Reward: [3.0212927],Reward_sum: 253.92691040039062, Done: [False]
==========
t: 132, State: [[ 0.99169663  1.21597737  0.43514125  0.02555164  0.01363661  0.77780237
  -0.25538011  0.01935036 -0.89694467  2.0420392   0.79832177 -1.32723799
   0.30917628 -0.58457564 -4.84845984 -0.81437508 -0.17862129  2.26006709]], Action: [[ 1.         -0.20344093 -0.26721513  0.36314085  1.         -1.        ]], Reward: [3.032017],Reward_sum: 256.95892333984375, Done: [False]
==========
t: 133, State: [[ 1.00780213  1.22151235  0.42248387  0.02688926  0.0104813   0.79174587
  -0.26475653  0.01822735 -0.88010164  1.99544269  0.61415587 -1.74352592
   0.05204892 -0.23000195  5.40079853 -1.39753931 -0.11391946  1.93169311]], Action: [[ 1.          0.87063146  1.         -0.18418314  0.68083453 -1.        ]], Reward: [3.0089316],Reward_sum: 259.96783447265625, Done: [False]
==========
t: 134, State: [[ 1.02401553  1.22619187  0.41043278  0.02800105  0.00957875  0.81977114
  -0.27317552  0.0172365  -0.86629153  2.05422612  0.55422962 -1.30321517
   0.20389038 -0.02051249  1.88895017 -0.75010592 -0.12792377  1.52922335]], Action: [[ 1.          0.5275564  -0.17682587  0.7464171   1.         -1.        ]], Reward: [3.0228093],Reward_sum: 262.99066162109375, Done: [False]
==========
t: 135, State: [[ 1.04037523  1.23046983  0.39969643  0.02983933  0.00643929  0.82643533
  -0.27895425  0.0163171  -0.85546435  2.03501033  0.51501153 -1.38876997
   0.24432862 -0.7605339  -0.20679854 -0.70423201 -0.10225798  1.18732045]], Action: [[ 1.         -0.3971555  -0.12355731  0.6151156   1.         -1.        ]], Reward: [3.041411],Reward_sum: 266.0320739746094, Done: [False]
==========
t: 136, State: [[ 1.05629425  1.23449408  0.38657821  0.03212619 -0.00681546  0.82381389
  -0.28603735  0.01552953 -0.84714005  1.9435757   0.48959153 -1.90220798
   0.31106355 -2.54429322 -0.41281563 -1.08166698 -0.09308055  0.90408068]], Action: [[ 1.         -0.6310835   0.47311878  0.7360393   1.         -1.        ]], Reward: [2.9857137],Reward_sum: 269.0177917480469, Done: [False]
==========
t: 137, State: [[ 1.07392143e+00  1.23751651e+00  3.83583321e-01  3.35732529e-02
   1.60483439e-03  7.86963560e-01 -2.81327745e-01  1.46599483e-02
  -8.40903415e-01  2.43685662e+00  2.78435781e-01  1.01377642e+00
   9.84272195e-02  4.20281278e+00 -8.76020791e+00  2.11783752e+00
  -1.18909559e-01  6.65587344e-01]], Action: [[ 1.          0.90046704 -0.5120827   1.          1.         -1.        ]], Reward: [3.198324],Reward_sum: 272.2160949707031, Done: [False]
==========
t: 138, State: [[ 1.09196082  1.23976562  0.38410141  0.03273429  0.02472962  0.74826766
  -0.26760438  0.00308165 -0.83521611  2.09164861  0.2752174  -0.7562954
  -0.26986596  1.81107313 -0.92279231  1.44876043 -2.77798989  0.72860262]], Action: [[ 1.          0.8502995   0.5226865  -1.         -1.         -0.77704155]], Reward: [3.2503233],Reward_sum: 275.4664306640625, Done: [False]
==========
t: 139, State: [[ 1.10882154e+00  1.24087523e+00  3.75932669e-01  3.15131604e-02
   3.35406761e-02  7.95310971e-01 -2.66502178e-01 -3.33757697e-03
  -8.30867843e-01  2.14860732e+00  1.47665388e-02 -1.19497978e+00
  -7.01690987e-02  5.41044623e-01  1.00000000e+01 -1.24298304e+00
   1.51645369e+00  3.76121358e-01]], Action: [[ 1.          0.37277737  1.          0.50231886  1.         -1.        ]], Reward: [3.1031988],Reward_sum: 278.5696105957031, Done: [False]
==========
t: 140, State: [[ 1.12612688  1.24094367  0.36702697  0.0313418   0.03569578  0.85113464
  -0.27669249  0.01176769 -0.82846756  2.14899591  0.01473237 -1.05664506
   0.02593687  0.04945561  4.08700195 -0.8775244   1.38099944  0.25895955]], Action: [[ 1.          0.84081054 -0.02599935  0.43893036  1.         -1.        ]], Reward: [3.1592684],Reward_sum: 281.7288818359375, Done: [False]
==========
t: 141, State: [[ 1.14329343  1.24099066  0.35944498  0.03218879  0.03471402  0.86918805
  -0.28021399  0.0192075  -0.82671333  2.14541276 -0.00949473 -0.84980685
   0.16246769 -0.25288513  0.80210857 -0.06416185  0.56276774  0.18237104]], Action: [[ 1.          0.474687    0.11349799  0.75969243  1.         -1.        ]], Reward: [3.1420023],Reward_sum: 284.8708801269531, Done: [False]
==========
t: 142, State: [[ 1.15967893  1.24104665  0.34855654  0.03372923  0.02069016  0.87056203
  -0.28353334  0.02195741 -0.82547821  1.95059067  0.01915958 -1.88465909
   0.21087977 -3.25138274 -0.31533704 -0.80407749  0.16789934  0.12865037]], Action: [[ 1.         -0.7645358   1.          0.47306833  1.         -1.        ]], Reward: [3.04338],Reward_sum: 287.9142761230469, Done: [False]
==========
t: 143, State: [[ 1.17613530e+00  1.24110438e+00  3.39251912e-01  3.52955539e-02
   3.57646387e-03  8.15237334e-01 -2.82315494e-01  2.20467779e-02
  -8.24748152e-01  2.14826659e+00  6.36376859e-03 -5.34567232e-01
   1.90875035e-01 -1.23018863e+00 -1.00000000e+01  9.98729734e-01
  -1.10442141e-01  5.84617159e-02]], Action: [[ 1.         1.        -0.8799769  1.         1.        -1.       ]], Reward: [3.0512717],Reward_sum: 290.9655456542969, Done: [False]
==========
t: 144, State: [[ 1.19354662e+00  1.24029619e+00  3.35849193e-01  3.68351325e-02
  -1.76542314e-03  7.54772457e-01 -2.73092615e-01  2.08324736e-02
  -8.24290057e-01  2.21636528e+00 -2.24684116e-01 -2.63742000e-01
   1.80178648e-01  5.25331934e-02 -1.05335474e+00  1.34193761e+00
  -1.78066615e-01  5.67245788e-02]], Action: [[ 1.          0.04288438  1.          0.9209215   1.         -1.        ]], Reward: [3.171565],Reward_sum: 294.1371154785156, Done: [False]
==========
t: 145, State: [[ 1.21065331e+00  1.23779258e+00  3.28937475e-01  3.68698083e-02
  -6.07076215e-03  7.99387040e-01 -2.68385587e-01  2.00419920e-02
  -8.23723327e-01  2.08164505e+00 -3.68971368e-01 -1.28322518e+00
  -1.41576350e-01 -9.64312720e-01  8.68640636e+00  6.90159214e-02
  -4.34571689e-02  7.26428940e-02]], Action: [[ 1.         -0.04144025  1.         -0.29777205  1.         -1.        ]], Reward: [3.1342454],Reward_sum: 297.2713623046875, Done: [False]
==========
t: 146, State: [[ 1.22933383  1.23406826  0.32768525  0.03532409  0.00574078  0.84632491
  -0.25937733  0.0092133  -0.82549158  2.49555416 -0.53419549  0.43841456
  -0.16038642  2.40663071  3.57744666  1.52176454 -2.32625821 -0.42344585]], Action: [[ 1.          0.72319734  0.5861981   0.68859416  1.         -1.        ]], Reward: [3.3307247],Reward_sum: 300.6020812988281, Done: [False]
==========
t: 147, State: [[ 1.24948769e+00  1.22926189e+00  3.27446343e-01  3.21285454e-02
   1.82250117e-02  8.64183541e-01 -2.60368131e-01 -1.76364237e-03
  -8.29358974e-01  2.56365924e+00 -6.84445345e-01 -4.91771956e-01
  -7.18890311e-01  8.75894642e-01  1.15109191e+00 -2.05014618e+00
   1.86608897e-01 -5.19396680e-01]], Action: [[ 1.          0.17010295  1.         -1.          1.         -1.        ]], Reward: [3.5142038],Reward_sum: 304.1163024902344, Done: [False]
==========
t: 148, State: [[ 1.27042332  1.22324231  0.32411061  0.028051    0.02077407  0.86779067
  -0.28110686  0.00388622 -0.8329782   2.63349084 -0.80140194 -0.39897448
  -0.32225544 -0.23229465 -0.09860006 -2.8122994   0.70168778 -0.329068  ]], Action: [[ 1.         -0.27567884  1.          0.24016656  1.         -1.        ]], Reward: [3.6128194],Reward_sum: 307.7291259765625, Done: [False]
==========
t: 149, State: [[ 1.29186524  1.21638086  0.32315829  0.02716995  0.01885639  0.8643758
  -0.30140927  0.00773406 -0.8347839   2.72158118 -0.91300994  0.12080934
   0.05688132 -0.23847215 -0.66853398 -2.30617782  0.30641834 -0.13158027]], Action: [[ 1.          0.21980897  1.          0.83141756  0.9635503  -1.        ]], Reward: [3.6755722],Reward_sum: 311.4046936035156, Done: [False]
==========
t: 150, State: [[ 1.31378606  1.20866749  0.32481082  0.02796264  0.01679407  0.85814153
  -0.3194625   0.00952208 -0.83513884  2.75665039 -1.01497296  0.28356148
   0.12973926 -0.26642071 -0.84607925 -2.21062384  0.15814796  0.02930497]], Action: [[ 1.          0.12384173  1.          0.4945104   0.9358485  -1.        ]], Reward: [3.7359667],Reward_sum: 315.1406555175781, Done: [False]
==========
t: 151, State: [[ 1.33588212  1.20015914  0.32718367  0.02885303  0.01461487  0.85135287
  -0.33731426  0.01058152 -0.83443101  2.76473138 -1.11031291  0.31095886
   0.09577529 -0.2709229  -0.83105299 -2.22707979  0.11614778  0.14503818]], Action: [[ 1.          0.11015955  1.          0.30305108  0.92012846 -1.        ]], Reward: [3.7580574],Reward_sum: 318.8987121582031, Done: [False]
==========
t: 152, State: [[ 1.35796941  1.19092454  0.3295945   0.02938321  0.01250274  0.84506632
  -0.35516254  0.01160824 -0.8329242   2.75757306 -1.19827466  0.29730912
   0.04190723 -0.25286453 -0.73290265 -2.22516343  0.13492419  0.21721857]], Action: [[ 1.          0.11465278  1.          0.20049705  1.         -1.        ]], Reward: [3.7568579],Reward_sum: 322.6555480957031, Done: [False]
==========
t: 153, State: [[ 1.37998272  1.18098867  0.33180729  0.02945689  0.01055657  0.83970108
  -0.3731082   0.0127324  -0.83110983  2.74638558 -1.28570878  0.26302597
  -0.01631319 -0.23058014 -0.60736869 -2.25059767  0.14161511  0.22891572]], Action: [[ 1.          0.10149714  1.          0.10439967  1.         -1.        ]], Reward: [3.7476418],Reward_sum: 326.4031982421875, Done: [False]
==========
t: 154, State: [[ 1.40188941  1.17035434  0.33366729  0.02906974  0.00876857  0.83534859
  -0.39138286  0.01388433 -0.82933074  2.73103693 -1.3729678   0.2102598
  -0.0721522  -0.21322376 -0.48290123 -2.30666747  0.14245424  0.21226211]], Action: [[ 1.          0.07375747  1.          0.00167935  1.         -1.        ]], Reward: [3.734331],Reward_sum: 330.13751220703125, Done: [False]
==========
t: 155, State: [[ 1.4236561   1.15902125  0.33503513  0.02825545  0.00709302  0.83194168
  -0.41023726  0.01503242 -0.82773645  2.71144919 -1.46045679  0.14070031
  -0.12245686 -0.20214329 -0.37225191 -2.39501541  0.14092806  0.18475424]], Action: [[ 1.          0.04003462  1.         -0.10612962  1.         -1.        ]], Reward: [3.7168236],Reward_sum: 333.8543395996094, Done: [False]
==========
t: 156, State: [[ 1.44512869  1.14825845  0.33401937  0.0273502  -0.00480115  0.82881839
  -0.43087998  0.01600181 -0.82657039  2.65413329 -1.12256151 -0.4995084
  -0.08561539 -3.45754519 -0.43213556 -2.79974976  0.08960267  0.0960885 ]], Action: [[ 1.          0.01343098  1.         -0.205545    1.         -1.        ]], Reward: [3.680031],Reward_sum: 337.5343933105469, Done: [False]
==========
t: 157, State: [[ 1.46853999e+00  1.14068203e+00  3.42615280e-01  2.72171046e-02
  -9.95825606e-03  7.61620551e-01 -4.37388391e-01  1.57651477e-02
  -8.26247663e-01  3.19843095e+00 -8.03440152e-01  2.65287886e+00
   3.18121528e-02  2.37381308e+00 -1.00000000e+01  1.13857653e+00
  -1.16158481e-01  1.42738352e-03]], Action: [[ 1.         0.7787888 -1.         1.         1.        -1.       ]], Reward: [3.9208057],Reward_sum: 341.4552001953125, Done: [False]
==========
t: 158, State: [[ 1.49222897e+00  1.13503945e+00  3.51542660e-01  2.73717816e-02
  -2.09630435e-02  6.75220872e-01 -4.41344177e-01  1.52606260e-02
  -8.25973837e-01  2.72379480e+00 -6.35674726e-01 -4.02958562e-01
   5.09694056e-03 -5.02187520e+00 -5.32230706e+00 -2.12632297e+00
  -1.62888315e-02  6.39609593e-02]], Action: [[ 1.         -0.78453827  0.83877873 -0.6843013   0.62840927 -1.        ]], Reward: [3.9569416],Reward_sum: 345.4121398925781, Done: [False]
==========
t: 159, State: [[  1.51475714   1.13071867   0.3535123    0.02837736  -0.04977201
    0.58430198  -0.4509422    0.01464634  -0.82543472   2.90623619
   -0.44422264   0.86433124   0.21598     -2.15130202 -10.
   -0.31611961  -0.12096127   0.06832463]], Action: [[ 1.         -0.25271532 -1.          0.97248894  1.         -0.8850633 ]], Reward: [3.8112278],Reward_sum: 349.223388671875, Done: [False]
==========
t: 160, State: [[  1.53781982   1.12750943   0.35955896   0.03020388  -0.0673382
    0.42705433  -0.45359668   0.0138935   -0.82500869   2.85932245
   -0.3618718    0.6450216    0.23171671  -2.29766852 -10.
   -0.35181533  -0.07059567   0.04139096]], Action: [[ 1.         -0.49423227 -0.4015547   0.5063091   1.         -1.        ]], Reward: [3.8791723],Reward_sum: 353.1025390625, Done: [False]
==========
t: 161, State: [[ 1.56058219  1.12486302  0.36434583  0.03185334 -0.09208221  0.319177
  -0.45609475  0.0134992  -0.82473164  2.83061825 -0.30480609  0.55123766
   0.18146406 -3.75025981 -7.52788152 -0.27551213 -0.03096754  0.02973397]], Action: [[ 1.         -0.45399252 -0.5215687   0.44847915  1.         -1.        ]], Reward: [3.8416178],Reward_sum: 356.94415283203125, Done: [False]
==========
t: 162, State: [[ 1.58252504  1.12318537  0.36559861  0.03342117 -0.13114227  0.28827737
  -0.46027469  0.01302603 -0.82455905  2.65401964 -0.11726972 -0.24964767
   0.20282552 -5.93894973 -1.04688691 -0.78898878 -0.07887406  0.01519024]], Action: [[ 1.         -0.9591695  -1.          0.39901647  0.7503217  -1.        ]], Reward: [3.7382135],Reward_sum: 360.682373046875, Done: [False]
==========
t: 163, State: [[ 1.60447553  1.12256842  0.3682747   0.03510359 -0.17063147  0.28652385
  -0.4603051   0.01226152 -0.82392555  2.83212868 -0.03539325  0.90176967
   0.21230577 -3.90695533  0.1738806   0.76146508 -0.10588959  0.12593057]], Action: [[ 1.         -0.23708805 -1.          1.          1.         -0.7171914 ]], Reward: [3.7392411],Reward_sum: 364.421630859375, Done: [False]
==========
t: 164, State: [[ 1.62659588  1.12292417  0.37208023  0.0343945  -0.20421854  0.29018516
  -0.45704979  0.01181432 -0.82328761  2.70069457  0.12325043  0.08957341
  -0.31697224 -4.50748213  0.52199393  0.10239872 -0.01682452  0.04297634]], Action: [[-0.3625138  -0.70428634 -1.          0.3515709   1.         -1.        ]], Reward: [3.761293],Reward_sum: 368.18292236328125, Done: [False]
==========
t: 165, State: [[ 1.64944771  1.12412294  0.38055091  0.03297021 -0.22642181  0.28708377
  -0.44664336  0.01145503 -0.82323117  3.00972316  0.17629332  1.99966298
  -0.06647579 -1.03484016 -1.37073923  2.4631038  -0.06525103 -0.02096821]], Action: [[ 1.          0.14312878 -1.          1.          1.         -1.        ]], Reward: [3.851458],Reward_sum: 372.03436279296875, Done: [False]
==========
t: 166, State: [[ 1.67175687  1.12637033  0.38655715  0.03135965 -0.25136341  0.27715207
  -0.43770221  0.01197769 -0.82303535  2.56944333  0.38522528 -0.47236248
  -0.30015866 -5.19207032 -1.17227249 -0.18321294  0.16427879  0.05984574]], Action: [[ 0.68716574 -1.         -0.9847944  -0.8652488   1.         -0.9042799 ]], Reward: [3.7836366],Reward_sum: 375.8179931640625, Done: [False]
==========
t: 167, State: [[ 1.69352214  1.1296882   0.39025621  0.03024671 -0.27910225  0.25876816
  -0.42962874  0.01258682 -0.82289687  2.86914606  0.44525297  1.36129667
  -0.01125489 -1.75296447 -3.40624962  2.15161294  0.00683439 -0.01643102]], Action: [[ 1.          0.13990384 -1.          1.          1.         -1.        ]], Reward: [3.71564],Reward_sum: 379.5336608886719, Done: [False]
==========
t: 168, State: [[ 1.71462464  1.13407461  0.39077155  0.02942088 -0.31083962  0.23168969
  -0.42359065  0.01351423 -0.82288361  2.4072476   0.64892755 -1.21333203
  -0.17166063 -6.18378658 -3.36369913 -0.60799615  0.19730026  0.01670567]], Action: [[ 0.9998585 -1.        -1.        -0.9971566  1.        -1.       ]], Reward: [3.6318173],Reward_sum: 383.16546630859375, Done: [False]
==========
t: 169, State: [[ 1.73591685  1.13935114  0.39225336  0.02818376 -0.3367823   0.19432863
  -0.41543369  0.0143832  -0.82297647  2.91402199  0.67262146  1.56125268
  -0.13617939 -0.36546483 -5.92407668  2.6141579   0.03777229 -0.03404013]], Action: [[ 1.          0.99319804 -1.          0.6784442   1.         -1.        ]], Reward: [3.6560798],Reward_sum: 386.821533203125, Done: [False]
==========
t: 170, State: [[ 1.75785464  1.14541299  0.39705914  0.0266313  -0.35174998  0.14510553
  -0.40281403  0.01533253 -0.82294335  2.57159075  0.84326003 -0.3459026
  -0.23398069 -3.37115359 -6.37195605  0.56738648  0.17814984  0.03392663]], Action: [[ 1.         -0.67089343 -1.         -0.94586724  1.         -0.9470843 ]], Reward: [3.736982],Reward_sum: 390.5585021972656, Done: [False]
==========
t: 171, State: [[ 1.77968399  1.1524249   0.40107284  0.02518505 -0.36433259  0.08696991
  -0.39010104  0.01618899 -0.82288951  2.88458497  0.90983609  1.33280587
  -0.13502696  0.19692189 -8.13390381  2.58454742  0.0500149  -0.01485785]], Action: [[ 1.          0.6055867  -1.          0.34883228  1.         -1.        ]], Reward: [3.72418],Reward_sum: 394.2826843261719, Done: [False]
==========
t: 172, State: [[  1.80191416   1.16028708   0.4067815    0.02371687  -0.36942219
    0.0162119   -0.37479244   0.01701265  -0.8219892    2.6725607
    1.05868207   0.0876866   -0.21468378  -1.49580004 -10.
    1.24539294   0.14164606   0.20742825]], Action: [[ 1.         -0.33401093 -1.         -0.8318217   1.         -0.5927944 ]], Reward: [3.774617],Reward_sum: 398.05731201171875, Done: [False]
==========
t: 173, State: [[  1.82345568   1.1692136    0.40807001   0.02209052  -0.37806641
   -0.06954491  -0.36375916   0.01800668  -0.82095541   2.71248045
    1.17352582   0.22841803  -0.18925446  -0.67981903 -10.
    1.50469069   0.10780565   0.06620679]], Action: [[ 1.          0.15726043 -1.         -0.36039665  1.         -1.        ]], Reward: [3.6885355],Reward_sum: 401.745849609375, Done: [False]
==========
t: 174, State: [[ 1.84529249e+00  1.17907997e+00  4.10041936e-01  2.03796818e-02
  -3.80202135e-01 -1.61913613e-01 -3.51399965e-01  1.88859679e-02
  -8.20720510e-01  2.74623085e+00  1.29398850e+00  2.60128588e-01
  -2.26706318e-01  2.14367186e-01 -1.00000000e+01  1.58157549e+00
   1.08834851e-01  4.31467759e-04]], Action: [[ 1.          0.27234197 -1.         -0.58828115  1.         -1.        ]], Reward: [3.7251804],Reward_sum: 405.4710388183594, Done: [False]
==========
t: 175, State: [[  1.86742453   1.18944475   0.41258733   0.01836653  -0.37587727
   -0.26717409  -0.3385198    0.01982266  -0.82077463   2.78724145
    1.29767395   0.38142744  -0.26472284   0.87395087 -10.
    1.64682521   0.12057537  -0.0120674 ]], Action: [[ 1.          0.41668364 -0.42717212 -0.672605    1.         -1.        ]], Reward: [3.762697],Reward_sum: 409.2337341308594, Done: [False]
==========
t: 176, State: [[  1.88978163   1.19984934   0.41556653   0.01613439  -0.36628976
   -0.37754216  -0.32575884   0.02084269  -0.82087037   2.80247908
    1.30262133   0.37195865  -0.28370517   1.62011307 -10.
    1.55490556   0.12986775  -0.01135452]], Action: [[ 1.          0.40348122 -0.41986638 -0.80408144  1.         -1.        ]], Reward: [3.7906516],Reward_sum: 413.0243835449219, Done: [False]
==========
t: 177, State: [[ 1.91240009e+00  1.21022837e+00  4.18198591e-01  1.17501970e-02
  -3.49016808e-01 -4.99585260e-01 -3.14397936e-01  2.19881679e-02
  -8.20928137e-01  2.85179268e+00  1.28980169e+00  2.84541230e-01
  -8.34160805e-01  2.86776891e+00 -1.00000000e+01  1.28466976e+00
   1.50617258e-01 -3.13992095e-03]], Action: [[ 1.          0.69120926 -0.28551298 -1.          1.         -1.        ]], Reward: [3.8227484],Reward_sum: 416.8471374511719, Done: [False]
==========
t: 178, State: [[ 1.93573126e+00  1.22116633e+00  4.20206406e-01  8.37639183e-04
  -3.14685803e-01 -6.43635995e-01 -3.04805154e-01  2.31086153e-02
  -8.21049349e-01  2.98303155e+00  1.44817182e+00  2.16227635e-01
  -1.89525501e+00  5.62976691e+00 -1.00000000e+01  1.11271371e+00
   1.28539542e-01 -2.43927455e-02]], Action: [[ 1.       0.86106 -1.      -1.       1.      -1.     ]], Reward: [3.9106555],Reward_sum: 420.7577819824219, Done: [False]
==========
t: 179, State: [[ 1.95995514e+00  1.23320331e+00  4.22139749e-01 -1.64695841e-02
  -2.59088325e-01 -8.25397476e-01 -2.95997093e-01  2.40423996e-02
  -8.21241955e-01  3.05057654e+00  1.49556444e+00  2.08344261e-01
  -2.37733175e+00  7.29139535e+00 -1.00000000e+01  9.82687434e-01
   1.15815845e-01 -9.24671248e-03]], Action: [[ 1.         0.6499063 -1.        -1.         1.        -1.       ]], Reward: [4.022562],Reward_sum: 424.78033447265625, Done: [False]
==========
t: 180, State: [[ 1.98426614  1.24418773  0.42260031 -0.03775063 -0.20492361 -0.93402666
  -0.29070549  0.02504621 -0.82109917  3.03261052  1.26738139 -0.07652618
  -2.93343898  6.41337753 -8.08528861  0.37244704  0.12759105  0.03520004]], Action: [[ 1.         0.7192805 -1.        -1.         1.        -1.       ]], Reward: [4.033357],Reward_sum: 428.8136901855469, Done: [False]
==========
t: 181, State: [[ 2.00825907  1.25379205  0.42280841 -0.05550417 -0.16533521 -0.97018184
  -0.28719081  0.0259281  -0.82079127  2.96898444  1.14275025  0.13308826
  -1.51909066  3.62041481 -1.69154405  0.51545188  0.09315177  0.03832474]], Action: [[ 1.         0.2518531 -1.        -1.         1.        -1.       ]], Reward: [3.9940538],Reward_sum: 432.8077392578125, Done: [False]
==========
t: 182, State: [[ 2.03178057  1.26246081  0.42834754 -0.05309808 -0.15777724 -0.9491939
  -0.27787687  0.02640381 -0.82052663  2.91122419  1.02450117  1.24638333
   2.10969874 -1.71086489  6.89099735  1.80381563  0.03222373  0.02796691]], Action: [[ 1.         -0.04871318  0.35448253 -0.8739072   1.         -1.        ]], Reward: [3.9362953],Reward_sum: 436.7440490722656, Done: [False]
==========
t: 183, State: [[ 2.05530409  1.26973135  0.43757847 -0.04105194 -0.16894356 -0.84695837
  -0.26567063  0.02678462 -0.82025984  2.96863273  0.78980321  1.06106227
   0.87971408 -0.97251323 10.          1.24797806  0.05885617  0.03756646]], Action: [[ 1.          1.          0.76444113 -0.92749816  1.         -1.        ]], Reward: [3.9349957],Reward_sum: 440.6790466308594, Done: [False]
==========
t: 184, State: [[ 2.07927717  1.27538161  0.44402168 -0.04247774 -0.16394633 -0.69259324
  -0.25933823  0.02732436 -0.81997864  3.02407685  0.62114316  0.55267517
  -1.23870517  2.26927939 10.          0.33964218  0.07269047  0.03294207]], Action: [[ 1.          1.          0.31239527 -1.          1.         -1.        ]], Reward: [3.9915376],Reward_sum: 444.67059326171875, Done: [False]
==========
t: 185, State: [[ 2.10397261e+00  1.28027307e+00  4.46795766e-01 -6.32125004e-02
  -1.19622563e-01 -5.92242582e-01 -2.59543596e-01  2.78374542e-02
  -8.19841342e-01  3.14893555e+00  5.97531854e-01  1.38917464e-01
  -3.95339675e+00  8.74028426e+00  5.19141944e+00 -3.96291120e-01
   5.66367994e-02  5.43264185e-03]], Action: [[ 1.         0.9814887 -0.6215744 -1.         1.        -1.       ]], Reward: [4.0815797],Reward_sum: 448.7521667480469, Done: [False]
==========
t: 186, State: [[ 2.12923274  1.28429168  0.46539238 -0.05316224 -0.09598271 -0.49565173
  -0.24137079  0.02744475 -0.81990865  3.16463511  0.40628005  4.49416776
   6.44306053 -2.75751915 10.          4.90999595 -0.12962432 -0.02060546]], Action: [[ 1.        -0.7369425  0.6154697 -0.3650101  1.        -1.       ]], Reward: [4.153461],Reward_sum: 452.9056396484375, Done: [False]
==========
t: 187, State: [[  2.15219202   1.28814924   0.4552857   -0.08280142  -0.05701305
   -0.39304578  -0.25724631   0.02763532  -0.81916143   2.56481173
    0.53454567  -6.98315946 -10.          10.           6.7629903
   -8.81809381   0.14176714   0.18090095]], Action: [[-1.          1.         -0.40302926 -1.          0.9809625  -0.7135156 ]], Reward: [3.8652766],Reward_sum: 456.7709045410156, Done: [False]
==========
t: 188, State: [[ 2.17461680e+00  1.29125457e+00  4.29923525e-01 -1.45899318e-01
   1.81259461e-02 -3.26485720e-01 -2.91561255e-01  2.71739082e-02
  -8.18503237e-01  3.05375793e+00  2.69037943e-01  6.15557605e-01
  -1.98808228e+00  6.30050790e+00  1.00000000e+01  1.85479297e-01
  -2.10201796e-01  2.56667128e-03]], Action: [[ 1.         -0.03188428  0.18271758  0.384558    1.         -1.        ]], Reward: [3.7999146],Reward_sum: 460.5708312988281, Done: [False]
==========
t: 189, State: [[ 2.19856343  1.29335627  0.43786064 -0.14585257  0.04493435 -0.2276146
  -0.28656645  0.02596128 -0.81862407  2.93408733  0.25970786  1.36434322
   1.9888213   0.43202944 10.          1.06408698 -0.10332129 -0.02857489]], Action: [[ 1.         -0.29947755  0.17249204 -1.          1.         -1.        ]], Reward: [3.98921],Reward_sum: 464.5600280761719, Done: [False]
==========
t: 190, State: [[ 2.22336707  1.29467022  0.46500581 -0.10834249  0.04428905 -0.11167548
  -0.25962457  0.0248653  -0.81902315  3.26313036  0.05835339  5.40438179
   7.32923706 -0.5133794  10.          5.64218415 -0.15910238 -0.06518577]], Action: [[ 1.          0.45266995  0.03010513 -0.1976419   1.         -1.        ]], Reward: [4.0972104],Reward_sum: 468.6572265625, Done: [False]
==========
t: 191, State: [[ 2.24588369  1.29644035  0.46981069 -0.09329676  0.04123711 -0.01310704
  -0.25840923  0.02452959 -0.81858509  2.3698038   0.38882494 -4.18309127
  -3.54944066 -0.27455002 10.         -5.30012543  0.04876892  0.14527894]], Action: [[-1.          1.         -0.36615968 -1.          0.8791096  -0.67159754]], Reward: [3.8102195],Reward_sum: 472.46746826171875, Done: [False]
==========
t: 192, State: [[ 2.26811894  1.29862386  0.47246945 -0.07872307  0.03784671  0.02587441
  -0.25857018  0.0234728  -0.81832284  3.18797812  0.15141047  4.81264406
   7.11219124 -0.52954768 -0.62020135  5.1900774  -0.26689284 -0.05428107]], Action: [[ 1.         1.        -0.736225   0.7802467  1.        -1.       ]], Reward: [3.774255],Reward_sum: 476.24169921875, Done: [False]
==========
t: 193, State: [[ 2.2905896   1.29966452  0.47840131 -0.06010928  0.03407152  0.0781871
  -0.25575937  0.0212832  -0.80200921  2.4324299   0.11468191 -3.30544231
  -2.40266563 -0.41339229 10.         -4.45695966 -0.27322585  4.08412463]], Action: [[-0.5710597   1.          1.         -1.         -0.18533215  0.08035143]], Reward: [3.805466],Reward_sum: 480.04718017578125, Done: [False]
==========
t: 194, State: [[ 2.31369854  1.29939686  0.49216079 -0.03224645  0.03020932  0.15269086
  -0.24422965  0.01874624 -0.78575584  3.3414097  -0.18004501  6.7413167
   9.33743384 -0.52881322  4.89814966  7.39159133 -0.32311996 -1.32517115]], Action: [[ 1.         1.        -0.5363202  1.         1.        -1.       ]], Reward: [3.883329],Reward_sum: 483.9305419921875, Done: [False]
==========
t: 195, State: [[ 2.33670803e+00  1.29827825e+00  5.05006394e-01 -5.47309221e-03
   2.73577778e-02  2.45097225e-01 -2.33919347e-01  1.71934421e-02
  -7.78135512e-01  2.41634027e+00 -8.43758790e-02 -3.48835652e+00
  -2.53704424e+00 -2.11408900e-01  1.00000000e+01 -4.74411513e+00
  -9.21633037e-02  3.20151154e+00]], Action: [[-1.          1.          0.928779   -1.          0.30808654  0.11072697]], Reward: [3.8722172],Reward_sum: 487.802734375, Done: [False]
==========
t: 196, State: [[ 2.35885372  1.29699695  0.50880764  0.01150298  0.02530819  0.36176085
  -0.2320197   0.01647952 -0.80828983  2.86331764 -0.18360517  1.50286156
   3.23639208 -0.15514213 10.          1.5936866  -0.12289638 -5.00448936]], Action: [[ 1.          1.         -0.40921533  1.          1.         -1.        ]], Reward: [3.7630432],Reward_sum: 491.5657958984375, Done: [False]
==========
t: 197, State: [[ 2.38099939  1.29529977  0.51268176  0.02858512  0.02418381  0.46370533
  -0.22980307  0.01617978 -0.83581363  2.68700566 -0.24183108 -0.37084369
   1.23830613 -0.13212411 10.         -0.82907733  0.03037746 -2.16431018]], Action: [[ 0.55107844  1.          0.17057003 -0.4257718   1.         -1.        ]], Reward: [3.7646952],Reward_sum: 495.33050537109375, Done: [False]
==========
t: 198, State: [[ 2.40217156  1.2928262   0.50679625  0.03601458  0.02255928  0.6053319
  -0.23972339  0.01614837 -0.84654255  2.60759889 -0.37124174 -1.07609901
   0.671448   -0.24883941 10.         -1.61393361 -0.02915309 -0.681647  ]], Action: [[ 1.          0.18449691  0.57583845  0.6527909   1.         -1.        ]], Reward: [3.642729],Reward_sum: 498.97320556640625, Done: [False]
==========
t: 199, State: [[ 2.42286036  1.28949623  0.49667268  0.04043462  0.02120455  0.80109415
  -0.25378326  0.01560416 -0.84875795  2.56786736 -0.44142477 -1.43478885
   0.45063735 -0.09553318 10.         -1.86274627 -0.09871483  0.03474088]], Action: [[ 1.          0.6462405   0.47353232  0.99070704  1.         -1.        ]], Reward: [3.581477],Reward_sum: 502.5546875, Done: [False]
==========
Walker2d - Steps: 200, Return: 502.5546875, State: [[ 2.42286036  1.28949623  0.49667268  0.04043462  0.02120455  0.80109415
  -0.25378326  0.01560416 -0.84875795  2.56786736 -0.44142477 -1.43478885
   0.45063735 -0.09553318 10.         -1.86274627 -0.09871483  0.03474088]]
