[CudaDevice(id=0)]
Using AIRL:  True
Using GAIL:  True
Using RGCL:  False
Experiment State @  2025-05-22 03:05:41.595190-05:00
Experiment Saved @  results/experiment_129
Experiment Settings Saved @  results/experiment_129
129
Using cuda device
Wrapping the env with a `Monitor` wrapper
Wrapping the env in a DummyVecEnv.
Wrapping the env with a `Monitor` wrapper
Wrapping the env in a DummyVecEnv.
t: 0, State: [[-1.24137188e-03  1.24690833e+00  5.92951363e-04 -2.59408786e-04
   2.57452401e-03  8.76726751e-03 -2.47605876e-02 -1.06544049e-01
  -8.48263782e-01 -1.04327085e+00 -3.84590042e-02  1.45362789e+00]], Action: [[-0.7034072  -0.01268679  1.        ]], Reward: [0.9879381],Reward_sum: 0.9879381060600281, Done: [False]
==========
t: 1, State: [[-1.00533064e-03  1.24560325e+00 -1.12594744e-03 -2.85656184e-03
   2.30410752e-03  2.59876539e-02  8.34924705e-02 -2.19477644e-01
   4.16409914e-01  3.92427017e-01 -2.94261577e-02  2.84982067e+00]], Action: [[1.        0.5991347 1.       ]], Reward: [1.0271462],Reward_sum: 2.0150842666625977, Done: [False]
==========
t: 2, State: [[-2.63270329e-04  1.24342117e+00  2.69297586e-03  1.22868967e-03
   1.04461705e-03  5.44720324e-02  9.49976204e-02 -3.25706463e-01
   4.17596563e-01  4.80369787e-01 -2.72542548e-01  4.27106124e+00]], Action: [[ 0.20489408 -0.12295958  1.        ]], Reward: [1.0917004],Reward_sum: 3.1067848205566406, Done: [False]
==========
t: 3, State: [[ 5.73569648e-04  1.24038066e+00  4.89772281e-03  3.15380228e-03
  -3.72237542e-04  9.42274367e-02  1.14670221e-01 -4.34389743e-01
   1.36133038e-01  1.02720960e-03 -7.35227129e-02  5.66551446e+00]], Action: [[-0.30149928  0.18707165  1.        ]], Reward: [1.1034791],Reward_sum: 4.210264205932617, Done: [False]
==========
t: 4, State: [[ 1.35684414e-03  1.23649308e+00  2.97500408e-03 -1.58693872e-04
  -1.61859849e-03  1.45194054e-01  8.09869152e-02 -5.37571491e-01
  -6.16851073e-01 -8.27919302e-01 -2.37473240e-01  7.07413492e+00]], Action: [[-0.5681317  -0.12445322  1.        ]], Reward: [1.0965711],Reward_sum: 5.306835174560547, Done: [False]
==========
t: 5, State: [[ 2.69341354e-03  1.23212916e+00  3.70175531e-03 -1.26688414e-03
  -2.48627809e-03  2.06317043e-01  2.98275051e-01 -4.35158915e-01
   8.33580750e-01  5.13822401e-01 -1.14647042e-01  7.96405934e+00]], Action: [[1.         0.41183624 1.        ]], Reward: [1.1649016],Reward_sum: 6.471736907958984, Done: [False]
==========
t: 6, State: [[ 5.33991244e-03  1.22998147e+00  5.36431670e-03 -3.39408825e-03
  -5.59187410e-03  2.71938266e-01  3.57678454e-01 -1.07949590e-01
  -4.29557657e-01 -1.03853251e+00 -6.45159790e-01  8.45984383e+00]], Action: [[-1.         -0.14725438  0.93343997]], Reward: [1.3289194],Reward_sum: 7.800656318664551, Done: [False]
==========
t: 7, State: [[ 9.35959641e-03  1.23033462e+00  8.13805430e-03 -6.55601297e-03
  -9.53410276e-03  3.40292973e-01  6.45008712e-01  1.90645126e-01
   1.11889964e+00  2.48359453e-01 -3.33508228e-01  8.64169199e+00]], Action: [[1.         0.64810646 0.75978297]], Reward: [1.5004631],Reward_sum: 9.301118850708008, Done: [False]
==========
t: 8, State: [[ 0.01460438  1.23278827  0.01251989 -0.01069703 -0.01147713  0.40627588
   0.66244306  0.4112816  -0.02379375 -1.27873863 -0.14019101  7.87930357]], Action: [[-1.          0.19913796 -0.13887888]], Reward: [1.654539],Reward_sum: 10.955657958984375, Done: [False]
==========
t: 9, State: [[ 0.02073501  1.23687814  0.01754155 -0.01545982 -0.01324674  0.47191511
   0.86979148  0.60567293  1.2805578   0.08654646 -0.29925714  8.5386641 ]], Action: [[1.         0.22423986 0.915576  ]], Reward: [1.7644398],Reward_sum: 12.720097541809082, Done: [False]
==========
t: 10, State: [[ 0.02782386  1.24219094  0.02445395 -0.0210069  -0.01118453  0.53302256
   0.89888698  0.70952762  0.44945363 -1.46883181  0.82451383  6.76407589]], Action: [[-1.         0.7586709 -1.       ]], Reward: [1.8835316],Reward_sum: 14.603629112243652, Done: [False]
==========
t: 11, State: [[ 3.55717180e-02  1.24820827e+00  3.26619968e-02 -2.70405259e-02
  -6.45718194e-03  5.90071700e-01  1.03804564e+00  7.90245344e-01
   1.60451610e+00 -4.15218937e-02  3.59178826e-01  7.50284160e+00]], Action: [[ 1.         -0.07975563  0.7987218 ]], Reward: [1.9668374],Reward_sum: 16.570466995239258, Done: [False]
==========
t: 12, State: [[ 4.37791991e-02  1.25459925e+00  4.16770110e-02 -3.34095956e-02
  -1.29169761e-04  6.43739130e-01  1.01062338e+00  7.97167224e-01
   6.50368636e-01 -1.54666327e+00  1.23056224e+00  5.93399602e+00]], Action: [[-1.         0.5106144 -1.       ]], Reward: [2.0236745],Reward_sum: 18.594141006469727, Done: [False]
==========
t: 13, State: [[ 5.21629303e-02  1.26098908e+00  5.06466689e-02 -3.98184143e-02
   5.76745971e-03  6.95981678e-01  1.08594371e+00  7.98572676e-01
   1.59373179e+00 -5.80739312e-02  2.43736727e-01  7.12560331e+00]], Action: [[ 1.         -0.49926504  1.        ]], Reward: [2.0457172],Reward_sum: 20.63985824584961, Done: [False]
==========
t: 14, State: [[ 0.06026967  1.26728528  0.05776392 -0.04584241  0.00686277  0.74737888
   0.94253232  0.7747073   0.19584869 -1.44808187  0.05194191  5.7264088 ]], Action: [[-1.          0.50975454 -1.        ]], Reward: [2.0110831],Reward_sum: 22.650941848754883, Done: [False]
==========
t: 15, State: [[ 0.06819104  1.27321161  0.06422655 -0.05161222  0.00671391  0.79461323
   1.01700086  0.72446648  1.40215946  0.0209558  -0.06928375  5.21586399]], Action: [[1.         0.11288843 0.5010766 ]], Reward: [1.9889071],Reward_sum: 24.639848709106445, Done: [False]
==========
t: 16, State: [[ 0.07560022  1.27914802  0.06988701 -0.05689208  0.00607879  0.82181456
   0.84199711  0.75220364  0.01920687 -1.34473819 -0.086073    1.93025892]], Action: [[-1.          0.42852882 -1.        ]], Reward: [1.9239635],Reward_sum: 26.563812255859375, Done: [False]
==========
t: 17, State: [[ 0.08228992  1.28509081  0.07400903 -0.06145212  0.00375888  0.83015735
   0.83438116  0.72838264  1.01202782  0.19948821 -0.50727727  0.33873271]], Action: [[ 1.        -0.3250095  1.       ]], Reward: [1.8341063],Reward_sum: 28.397918701171875, Done: [False]
==========
t: 18, State: [[ 0.08822234  1.29073816  0.07541546 -0.0652348  -0.00509115  0.82945199
   0.65126708  0.67918661 -0.65678913 -1.14570373 -1.71276576 -0.41317567]], Action: [[-1. -1.  1.]], Reward: [1.7385529],Reward_sum: 30.136470794677734, Done: [False]
==========
t: 19, State: [[ 0.09383802  1.29577101  0.07194011 -0.07520871 -0.01322354  0.82473794
   0.75306998  0.57874704 -0.21369176 -1.34770436 -0.32407323 -0.71031401]], Action: [[-0.06605463  1.          1.        ]], Reward: [1.6999552],Reward_sum: 31.83642578125, Done: [False]
==========
t: 20, State: [[ 0.10055936  1.2999997   0.07701213 -0.08054541 -0.010817    0.81871957
   0.92727831  0.47751416  1.47926481  0.01181999  0.92328002 -0.76686997]], Action: [[1. 1. 1.]], Reward: [1.8371686],Reward_sum: 33.6735954284668, Done: [False]
==========
t: 21, State: [[ 0.10727401  1.30355434  0.08209067 -0.08585208 -0.00844372  0.8127879
   0.75169086  0.41141603 -0.20813696 -1.3370019  -0.32908995 -0.7046877 ]], Action: [[-1.         -1.          0.99689126]], Reward: [1.8363372],Reward_sum: 35.50993347167969, Done: [False]
==========
t: 22, State: [[ 0.11398969  1.30642465  0.0871915  -0.09110777 -0.00610727  0.807535
   0.92702971  0.30563102  1.48149491  0.0215008   0.91171432 -0.6044587 ]], Action: [[1. 1. 1.]], Reward: [1.836459],Reward_sum: 37.34639358520508, Done: [False]
==========
t: 23, State: [[ 0.12070464  1.30860731  0.09228075 -0.09633836 -0.00383614  0.80316319
   0.75192157  0.24048405 -0.20737443 -1.32760204 -0.34258447 -0.48932174]], Action: [[-1. -1.  1.]], Reward: [1.8363698],Reward_sum: 39.182762145996094, Done: [False]
==========
t: 24, State: [[ 0.12742142  1.31010195  0.09738913 -0.1015196  -0.00160936  0.79965735
   0.92701871  0.13276701  1.48273706  0.03074981  0.89804302 -0.38886567]], Action: [[1. 1. 1.]], Reward: [1.8365973],Reward_sum: 41.01935958862305, Done: [False]
==========
t: 25, State: [[ 1.34135849e-01  1.31091031e+00  1.02489653e-01 -1.06675749e-01
   5.56371474e-04  7.96926355e-01  7.51788743e-01  6.97974247e-02
  -2.05731177e-01 -1.31823154e+00 -3.55179419e-01 -2.97042397e-01]], Action: [[-1. -1.  1.]], Reward: [1.8363034],Reward_sum: 42.85566329956055, Done: [False]
==========
t: 26, State: [[ 1.40684814e-01  1.31107532e+00  1.06839849e-01 -1.11605434e-01
   5.99018112e-04  7.94838782e-01  8.73427528e-01 -2.56220050e-02
   1.23578921e+00  9.69107025e-02  2.14704415e-01 -2.26886047e-01]], Action: [[1. 1. 1.]], Reward: [1.8156207],Reward_sum: 44.67128372192383, Done: [False]
==========
t: 27, State: [[ 0.14697122  1.31062566  0.10997183 -0.11623478 -0.002678    0.7932728
   0.69827962 -0.08696242 -0.45092646 -1.25266765 -1.03258898 -0.16734394]], Action: [[-1. -1.  1.]], Reward: [1.7828009],Reward_sum: 46.45408630371094, Done: [False]
==========
t: 28, State: [[ 0.15291064  1.30947609  0.10710187 -0.12831745 -0.00535524  0.7921035
   0.7864326  -0.20044742 -0.26647438 -1.76720878  0.36174105 -0.12652177]], Action: [[-0.2792717  1.         1.       ]], Reward: [1.7403494],Reward_sum: 48.194435119628906, Done: [False]
==========
t: 29, State: [[ 0.15931552  1.30759244  0.10899144 -0.13637327 -0.00492914  0.79123593
   0.81485684 -0.2699738   0.73761237 -0.24869423 -0.25429142 -0.0920701 ]], Action: [[ 1.         -0.36554715  1.        ]], Reward: [1.7984766],Reward_sum: 49.99291229248047, Done: [False]
==========
t: 30, State: [[ 0.16513031  1.30517702  0.10815246 -0.14375609 -0.01194196  0.79061439
   0.63880393 -0.33485147 -0.94550864 -1.59539221 -1.49761705 -0.06488516]], Action: [[-1. -1.  1.]], Reward: [1.7238483],Reward_sum: 51.716758728027344, Done: [False]
==========
t: 31, State: [[ 0.17057617  1.30203638  0.1010771  -0.15890021 -0.01829618  0.79015808
   0.72258936 -0.4500577  -0.82320337 -2.18976054 -0.09250944 -0.049688  ]], Action: [[-0.3357194  1.         1.       ]], Reward: [1.6786194],Reward_sum: 53.39537811279297, Done: [False]
==========
t: 32, State: [[ 0.17700943  1.29804418  0.10105452 -0.17089906 -0.01470316  0.78981115
   0.88560235 -0.54775027  0.81582355 -0.81156155  0.98971502 -0.0375058 ]], Action: [[1.        0.8819281 1.       ]], Reward: [1.8013799],Reward_sum: 55.19675827026367, Done: [False]
==========
t: 33, State: [[ 0.18351212  1.29340409  0.10305946 -0.18001423 -0.01201318  0.78956934
   0.74024914 -0.61203499 -0.31343996 -1.46654937 -0.31577703 -0.02395089]], Action: [[-0.53084683 -1.          1.        ]], Reward: [1.8105552],Reward_sum: 57.0073127746582, Done: [False]
==========
t: 34, State: [[ 0.19013818  1.28810907  0.10734105 -0.1863041  -0.00955419  0.78939564
   0.91603486 -0.71204266  1.38200144 -0.10746239  0.92924906 -0.0194851 ]], Action: [[1. 1. 1.]], Reward: [1.8252566],Reward_sum: 58.83256912231445, Done: [False]
==========
t: 35, State: [[ 0.1968113   1.28214958  0.11263218 -0.19132697 -0.00722536  0.78927632
   0.75247869 -0.77735158 -0.05766692 -1.14710932 -0.34566893 -0.01107399]], Action: [[-0.7903667 -1.         1.       ]], Reward: [1.8315163],Reward_sum: 60.664085388183594, Done: [False]
==========
t: 36, State: [[ 0.20333372  1.27549202  0.11559083 -0.19924015 -0.00467662  0.78919043
   0.87789656 -0.88738796  0.7965454  -0.83142109  0.9813822  -0.01022061]], Action: [[0.28805697 1.         1.        ]], Reward: [1.8132191],Reward_sum: 62.47730255126953, Done: [False]
==========
t: 37, State: [[ 2.09667176e-01  1.26812730e+00  1.15639012e-01 -2.10746326e-01
  -1.87809867e-03  7.89133501e-01  7.05580341e-01 -9.53943652e-01
  -7.82836265e-01 -2.04371649e+00 -2.80452699e-01 -4.58247913e-03]], Action: [[-0.91227543 -1.          1.        ]], Reward: [1.7888497],Reward_sum: 64.26615142822266, Done: [False]
==========
t: 38, State: [[ 2.16004815e-01  1.26009244e+00  1.16129244e-01 -2.21624992e-01
   7.19045293e-04  7.89090804e-01  8.65056189e-01 -1.05057289e+00
   8.38034458e-01 -6.62731077e-01  7.52599210e-01 -5.42778930e-03]], Action: [[1. 1. 1.]], Reward: [1.789205],Reward_sum: 66.05535888671875, Done: [False]
==========
t: 39, State: [[ 2.22209119e-01  1.25141672e+00  1.16091218e-01 -2.32299392e-01
   1.73314902e-03  7.89065736e-01  6.86084170e-01 -1.11868209e+00
  -8.45745688e-01 -2.00427951e+00 -4.97807182e-01 -1.31413332e-03]], Action: [[-1. -1.  1.]], Reward: [1.772538],Reward_sum: 67.82789611816406, Done: [False]
==========
t: 40, State: [[ 2.28120659e-01  1.24211609e+00  1.14019752e-01 -2.43956020e-01
   2.24334247e-05  7.89049086e-01  8.04572874e-01 -1.20967889e+00
   3.87837094e-01 -9.25033629e-01  2.33760646e-01 -2.90710314e-03]], Action: [[0.77521545 1.         1.        ]], Reward: [1.7363416],Reward_sum: 69.56423950195312, Done: [False]
==========
t: 41, State: [[ 2.34422869e-01  1.23210336e+00  1.15730836e-01 -2.52664095e-01
   1.23574456e-03  7.89031651e-01  7.71511501e-01 -1.29370612e+00
   4.29008561e-02 -1.25216039e+00  7.65983487e-02 -1.58488233e-03]], Action: [[-0.23958002 -0.12682703  1.        ]], Reward: [1.7867028],Reward_sum: 71.35094451904297, Done: [False]
==========
t: 42, State: [[ 2.40753641e-01  1.22152944e+00  1.20207142e-01 -2.56651488e-01
  -2.82340925e-04  7.89022752e-01  8.11240545e-01 -1.34966690e+00
   1.07481659e+00  2.53379924e-01 -4.55383501e-01 -7.24390434e-04]], Action: [[ 1.        -0.3066407  1.       ]], Reward: [1.7892525],Reward_sum: 73.14019775390625, Done: [False]
==========
t: 43, State: [[ 2.46523468e-01  1.21045454e+00  1.22049977e-01 -2.60023167e-01
  -8.89849612e-03  7.89026868e-01  6.31131892e-01 -1.41975304e+00
  -6.12172549e-01 -1.09464006e+00 -1.69736003e+00  1.43542380e-03]], Action: [[-1. -1.  1.]], Reward: [1.7182283],Reward_sum: 74.85842895507812, Done: [False]
==========
t: 44, State: [[ 2.51766813e-01  1.19857012e+00  1.15669231e-01 -2.73614914e-01
  -1.66463720e-02  7.89024224e-01  6.79603378e-01 -1.55142349e+00
  -9.82346320e-01 -2.30162947e+00 -2.41332204e-01 -1.66666286e-03]], Action: [[-0.75393856  1.          1.        ]], Reward: [1.6528497],Reward_sum: 76.51127624511719, Done: [False]
==========
t: 45, State: [[ 0.25791424  1.18578084  0.11460469 -0.28656221 -0.01365692  0.78900395
   0.85718836 -1.64556094  0.71443961 -0.93681523  0.98746827 -0.00312964]], Action: [[1.         0.98770976 1.        ]], Reward: [1.7654531],Reward_sum: 78.27672576904297, Done: [False]
==========
t: 46, State: [[ 2.64264955e-01  1.17242999e+00  1.16773781e-01 -2.95413491e-01
  -1.10918103e-02  7.88994293e-01  7.49251976e-01 -1.63861391e+00
  -2.11619804e-01 -1.28190136e+00 -3.50766533e-01 -1.15796032e-03]], Action: [[-0.31496674 -1.          1.        ]], Reward: [1.79174],Reward_sum: 80.06846618652344, Done: [False]
==========
t: 47, State: [[ 0.27156588  1.1601111   0.1184618  -0.30457896 -0.0096649   0.78891217
   1.07850557 -1.44738933  0.64464054 -1.01290216  0.69583582 -0.01739895]], Action: [[0.33484143 1.         1.        ]], Reward: [1.9105034],Reward_sum: 81.97896575927734, Done: [False]
==========
t: 48, State: [[ 0.28004014  1.14930538  0.11802319 -0.3160088  -0.00962711  0.78880004
   1.03563628 -1.26243889 -0.75088184 -1.84121182 -0.67915258 -0.0106703 ]], Action: [[-0.6190848 -1.         1.       ]], Reward: [2.0568998],Reward_sum: 84.0358657836914, Done: [False]
==========
t: 49, State: [[ 0.28960915  1.13967159  0.1163324  -0.32884952 -0.01093039  0.78868236
   1.35650799 -1.15096737  0.33330109 -1.37034263  0.34897086 -0.01750312]], Action: [[0.4690875 1.        1.       ]], Reward: [2.1939054],Reward_sum: 86.22977447509766, Done: [False]
==========
t: 50, State: [[ 0.30096742  1.13106813  0.12205178 -0.33400867 -0.01278977  0.78857394
   1.47926299 -1.00574017  1.09616959  0.08106504 -0.8065252  -0.00980829]], Action: [[ 0.9806384 -0.6600199  1.       ]], Reward: [2.4173868],Reward_sum: 88.64716339111328, Done: [False]
==========
t: 51, State: [[ 0.31243376  1.12326009  0.12417394 -0.33897    -0.02294137  0.78838627
   1.38174334 -0.9538625  -0.56384495 -1.31625629 -1.72253153 -0.03283646]], Action: [[-1.         -0.7377566   0.32040578]], Reward: [2.4316459],Reward_sum: 91.07881164550781, Done: [False]
==========
t: 52, State: [[ 0.32430858  1.1156223   0.12162263 -0.35043822 -0.03184882  0.7869259
   1.58601496 -0.9594313  -0.07039424 -1.55042194 -0.50666981 -0.33045806]], Action: [[-0.04336696  1.         -0.00355773]], Reward: [2.48335],Reward_sum: 93.56216430664062, Done: [False]
==========
t: 53, State: [[ 0.33766902  1.10791733  0.12311541 -0.36218743 -0.03396245  0.78526323
   1.75503692 -0.97038651  0.44642431 -1.3882834  -0.02823513 -0.02415346]], Action: [[0.18945755 0.503544   0.63837016]], Reward: [2.6693583],Reward_sum: 96.23152160644531, Done: [False]
==========
t: 54, State: [[ 0.35154245  1.10006467  0.12300255 -0.37652157 -0.03648696  0.78617988
   1.70474168 -0.99526025 -0.4773015  -2.18798738 -0.58087723  0.1116696 ]], Action: [[-0.5746482  -0.41734716  0.6407389 ]], Reward: [2.733264],Reward_sum: 98.96478271484375, Done: [False]
==========
t: 55, State: [[ 0.36583219  1.09199317  0.12307504 -0.39092664 -0.03934764  0.7867945
   1.86746333 -1.02441869  0.49650027 -1.41437936 -0.1356568   0.04821201]], Action: [[0.58788115 0.46231467 0.4139917 ]], Reward: [2.7854865],Reward_sum: 101.75025939941406, Done: [False]
==========
t: 56, State: [[ 0.38037909  1.08352637  0.12201413 -0.40727228 -0.04190356  0.78699468
   1.76646124 -1.09609892 -0.75955744 -2.66881338 -0.49971442  0.00689281]], Action: [[-0.8949045  -0.34321532  0.12698895]], Reward: [2.8174279],Reward_sum: 104.56768798828125, Done: [False]
==========
t: 57, State: [[ 3.95296207e-01  1.07458993e+00  1.22031323e-01 -4.23132598e-01
  -4.38137463e-02  7.87013317e-01  1.96426888e+00 -1.13812419e+00
   7.64946976e-01 -1.29923337e+00  1.82340990e-02 -1.36224543e-03]], Action: [[1.         0.54867435 0.48210937]], Reward: [2.8631065],Reward_sum: 107.43079376220703, Done: [False]
==========
t: 58, State: [[ 0.41024194  1.06521121  0.12127772 -0.43883215 -0.04860217  0.78694942
   1.77178247 -1.20814076 -0.95028333 -2.62396307 -1.21463326 -0.0129038 ]], Action: [[-1.         -1.          0.15313226]], Reward: [2.8661933],Reward_sum: 110.29698944091797, Done: [False]
==========
t: 59, State: [[ 0.42493747  1.05519059  0.11733332 -0.45839696 -0.05286239  0.78304847
   1.90346131 -1.29782651 -0.03203606 -2.26903803  0.14370711 -0.96519804]], Action: [[ 0.30985206  1.         -0.6155846 ]], Reward: [2.8354661],Reward_sum: 113.13245391845703, Done: [False]
==========
t: 60, State: [[ 0.4401661   1.04484085  0.12029272 -0.47028685 -0.05621236  0.77036005
   1.9039663  -1.28972598  0.77119905 -0.70564746 -0.98012501 -2.20559705]], Action: [[ 1.        -0.7786404 -0.8994545]], Reward: [2.901163],Reward_sum: 116.03361511230469, Done: [False]
==========
t: 61, State: [[ 0.45458642  1.03426527  0.1197826  -0.48123735 -0.06878768  0.74726691
   1.70026034 -1.3558819  -0.89639613 -2.02990102 -2.16224601 -3.56660271]], Action: [[-1. -1. -1.]], Reward: [2.7995408],Reward_sum: 118.8331527709961, Done: [False]
==========
t: 62, State: [[ 0.46818754  1.02294099  0.11032584 -0.50274934 -0.0810459   0.71292318
   1.69986322 -1.47519796 -1.46815134 -3.3461574  -0.90363682 -5.01753038]], Action: [[-0.858876    0.79770386 -1.        ]], Reward: [2.697766],Reward_sum: 121.53092193603516, Done: [False]
==========
t: 63, State: [[ 0.48225146  1.01080814  0.10226123 -0.52734141 -0.08404576  0.67040167
   1.82106799 -1.53761997 -0.53798383 -2.80537024  0.17297487 -5.53417538]], Action: [[ 0.41735506  0.7882323  -0.40696868]], Reward: [2.7570286],Reward_sum: 124.28795623779297, Done: [False]
==========
t: 64, State: [[ 0.49777694  1.00040476  0.10448945 -0.54429449 -0.07909266  0.62826137
   2.0596579  -1.07611171  1.09567441 -1.43511576  1.05019155 -5.04223509]], Action: [[ 1.          0.31782475 -1.        ]], Reward: [2.938584],Reward_sum: 127.2265396118164, Done: [False]
==========
t: 65, State: [[ 0.51469263  0.99284604  0.1117236  -0.56221897 -0.06289524  0.58862161
   2.16583754 -0.82825527  0.71261001 -3.04221114  2.98506193 -4.91229589]], Action: [[-1.  1. -1.]], Reward: [3.1114614],Reward_sum: 130.33799743652344, Done: [False]
==========
t: 66, State: [[ 0.53234379  0.98788899  0.12096111 -0.58039132 -0.04299899  0.5502815
   2.24717152 -0.41618933  1.58952465 -1.50246845  1.98524034 -4.69976422]], Action: [[ 1. -1. -1.]], Reward: [3.2033944],Reward_sum: 133.54139709472656, Done: [False]
==========
t: 67, State: [[ 0.55029435  0.98539657  0.1300032  -0.5983684  -0.02432008  0.51224746
   2.2379211  -0.21535709  0.66670363 -2.98814205  2.67682201 -4.84072917]], Action: [[-1.          0.12707284 -1.        ]], Reward: [3.2418041],Reward_sum: 136.783203125, Done: [False]
==========
t: 68, State: [[ 0.56848163  0.9850044   0.13857076 -0.61606568 -0.00720024  0.47362463
   2.30909746  0.11409983  1.46687527 -1.43769464  1.60108291 -4.83576972]], Action: [[ 1.         -1.         -0.89365476]], Reward: [3.2706108],Reward_sum: 140.05381774902344, Done: [False]
==========
t: 69, State: [[ 0.58675111  0.98656761  0.14575224 -0.63334246  0.00683479  0.43346086
   2.21425348  0.31063784  0.07477378 -2.82637708  1.33484197 -5.15182341]], Action: [[-1.          0.40760556 -1.        ]], Reward: [3.281519],Reward_sum: 143.33534240722656, Done: [False]
==========
t: 70, State: [[ 0.60477622  0.99028151  0.14939838 -0.64975129  0.01356399  0.39098149
   2.29941273  0.6100404   0.87145961 -1.28631098  0.44329181 -5.49150902]], Action: [[ 1.         -0.24016961 -1.        ]], Reward: [3.2510817],Reward_sum: 146.58642578125, Done: [False]
==========
t: 71, State: [[ 0.62271256  0.99591853  0.15020121 -0.66550845  0.01535317  0.34533705
   2.18685545  0.79404437 -0.65609581 -2.654297    0.05013504 -5.93651927]], Action: [[-1.        0.822086 -1.      ]], Reward: [3.239366],Reward_sum: 149.82577514648438, Done: [False]
==========
t: 72, State: [[ 0.64073838  1.0032065   0.14908994 -0.68080904  0.01492044  0.29564719
   2.32147109  1.02454264  0.38453593 -1.17502857 -0.1327599  -6.49894621]], Action: [[ 1.  1. -1.]], Reward: [3.2502275],Reward_sum: 153.0760040283203, Done: [False]
==========
t: 73, State: [[ 0.65895188  1.01198355  0.1468091  -0.69525876  0.0135178   0.24129376
   2.23156331  1.1670821  -0.95355074 -2.43589798 -0.20386463 -7.09866179]], Action: [[-0.9107383  0.7553885 -1.       ]], Reward: [3.2742887],Reward_sum: 156.3502960205078, Done: [False]
==========
t: 74, State: [[ 0.67736452  1.02213185  0.14334801 -0.70897332  0.01183328  0.18181616
   2.37193223  1.36861114  0.0866696  -0.99506663 -0.21084085 -7.77783082]], Action: [[ 0.98214877  1.         -1.        ]], Reward: [3.2986147],Reward_sum: 159.64891052246094, Done: [False]
==========
t: 75, State: [[ 0.69654227  1.03374704  0.14450623 -0.71534715  0.01022828  0.11680023
   2.4218719   1.53404186  0.19954261 -0.5983127  -0.18812653 -8.48122024]], Action: [[ 0.25549668  1.         -1.        ]], Reward: [3.3951538],Reward_sum: 163.0440673828125, Done: [False]
==========
t: 76, State: [[ 7.15781096e-01  1.04655733e+00  1.43256856e-01 -7.22207060e-01
   8.85628604e-03  4.60870849e-02  2.38706528e+00  1.66718444e+00
  -5.13563910e-01 -1.11547558e+00 -1.54799027e-01 -9.20155198e+00]], Action: [[-0.38810527  1.         -1.        ]], Reward: [3.402702],Reward_sum: 166.44676208496094, Done: [False]
==========
t: 77, State: [[ 7.35313978e-01  1.06059516e+00  1.42215917e-01 -7.26369912e-01
   7.72365905e-03 -3.05846426e-02  2.49567616e+00  1.84086429e+00
   2.51598992e-01  7.34646789e-02 -1.28210392e-01 -9.97114813e+00]], Action: [[ 0.80648273  1.         -1.        ]], Reward: [3.4389598],Reward_sum: 169.88572692871094, Done: [False]
==========
t: 78, State: [[ 7.54797756e-01  1.07569097e+00  1.38235639e-01 -7.31334434e-01
   6.83717216e-03 -1.13385827e-01  2.37341637e+00  1.93133401e+00
  -1.24967027e+00 -1.31144983e+00 -9.49016652e-02 -1.00000000e+01]], Action: [[-1.  1. -1.]], Reward: [3.4324722],Reward_sum: 173.31820678710938, Done: [False]
==========
t: 79, State: [[ 7.74239008e-01  1.09179220e+00  1.31916554e-01 -7.36203584e-01
   6.14549822e-03 -2.02568122e-01  2.48563617e+00  2.09201876e+00
  -3.32152103e-01  9.29604050e-02 -7.80461084e-02 -1.00000000e+01]], Action: [[ 0.95067906  1.         -1.        ]], Reward: [3.4272528],Reward_sum: 176.74545288085938, Done: [False]
==========
t: 80, State: [[ 7.94022291e-01  1.10894937e+00  1.27767626e-01 -7.35684142e-01
   5.60554444e-03 -2.98501487e-01  2.45790304e+00  2.19461434e+00
  -7.07486535e-01  3.84560609e-02 -5.78751641e-02 -1.00000000e+01]], Action: [[-0.07334786  1.         -1.        ]], Reward: [3.470905],Reward_sum: 180.2163543701172, Done: [False]
==========
t: 81, State: [[ 8.13941691e-01  1.12700264e+00  1.24612899e-01 -7.30974176e-01
   5.18991766e-03 -4.01489187e-01  2.52084034e+00  2.31630364e+00
  -8.02923251e-02  1.13801081e+00 -4.63055175e-02 -1.00000000e+01]], Action: [[ 0.7344108  1.        -1.       ]], Reward: [3.4873855],Reward_sum: 183.7037353515625, Done: [False]
==========
t: 82, State: [[ 8.33484719e-01  1.14568402e+00  1.17875554e-01 -7.27374094e-01
   4.89387395e-03 -5.11664784e-01  2.36402738e+00  2.34576587e+00
  -1.59437063e+00 -2.36979476e-01 -2.95430077e-02 -1.00000000e+01]], Action: [[-1.  1. -1.]], Reward: [3.4398785],Reward_sum: 187.14361572265625, Done: [False]
==========
t: 83, State: [[ 8.52730510e-01  1.16440070e+00  1.09537966e-01 -7.23564173e-01
   4.63742119e-03 -6.31034888e-01  2.44602514e+00  2.33238634e+00
  -4.91063240e-01  1.18848771e+00 -3.32082753e-02 -1.00000000e+01]], Action: [[ 0.97501105  1.         -1.        ]], Reward: [3.4027734],Reward_sum: 190.54638671875, Done: [False]
==========
t: 84, State: [[ 8.71629867e-01  1.18260176e+00  1.00222964e-01 -7.19630267e-01
   4.41468712e-03 -7.61195681e-01  2.27744092e+00  2.21599812e+00
  -1.83734730e+00 -2.02260904e-01 -2.30584330e-02 -1.00000000e+01]], Action: [[-1.  1. -1.]], Reward: [3.3594196],Reward_sum: 193.9058074951172, Done: [False]
==========
t: 85, State: [[ 8.90543090e-01  1.19943479e+00  9.18712406e-02 -7.15842420e-01
   4.14812316e-03 -8.69097154e-01  2.47512650e+00  1.96082186e+00
  -1.62615366e-01  1.12157534e+00 -4.37017135e-02 -8.55165002e+00]], Action: [[ 1.  1. -1.]], Reward: [3.361153],Reward_sum: 197.2669677734375, Done: [False]
==========
t: 86, State: [[ 0.91018398  1.21392904  0.08711786 -0.71299187  0.00382744 -0.91000605
   2.42861651  1.68065152 -1.06064528 -0.39846643 -0.03476375 -2.36193457]], Action: [[-1.  1. -1.]], Reward: [3.4521112],Reward_sum: 200.71908569335938, Done: [False]
==========
t: 87, State: [[ 0.93004196  1.22682133  0.08189882 -0.71356377  0.0035735  -0.9148576
   2.53076491  1.55205482 -0.26662893  0.26052766 -0.02771788  0.7517152 ]], Action: [[0.49444914 1.         0.6313812 ]], Reward: [3.480604],Reward_sum: 204.19967651367188, Done: [False]
==========
t: 88, State: [[ 0.95082356  1.23896344  0.08481137 -0.70609978  0.00316014 -0.90229615
   2.6633781   1.48493617  0.99022861  1.60500634 -0.07025613  2.29697051]], Action: [[0.95947963 0.12096646 1.        ]], Reward: [3.5957656],Reward_sum: 207.79544067382812, Done: [False]
==========
t: 89, State: [[ 9.72218750e-01  1.25043072e+00  9.35320663e-02 -6.92446664e-01
   2.00854941e-03 -8.78166613e-01  2.68513671e+00  1.38162378e+00
   1.18943283e+00  1.80820232e+00 -2.17209363e-01  3.73350184e+00]], Action: [[ 0.15509337 -0.0380508   1.        ]], Reward: [3.6733732],Reward_sum: 211.46881103515625, Done: [False]
==========
t: 90, State: [[ 9.93604200e-01  1.26105693e+00  1.02412519e-01 -6.78292549e-01
  -1.20497216e-03 -8.42518752e-01  2.66099305e+00  1.27479300e+00
   1.03056652e+00  1.73056456e+00 -5.85438900e-01  5.17646107e+00]], Action: [[-0.05628881 -0.22510287  1.        ]], Reward: [3.6721272],Reward_sum: 215.1409454345703, Done: [False]
==========
t: 91, State: [[ 1.01471886  1.27077462  0.10912011 -0.66598023 -0.00700829 -0.7953781
   2.61742392  1.15454182  0.64637713  1.34815917 -0.86469524  6.60662482]], Action: [[-0.26575905 -0.18133983  1.        ]], Reward: [3.6382291],Reward_sum: 218.7791748046875, Done: [False]
==========
t: 92, State: [[ 1.0355927   1.27942071  0.11290952 -0.65781151 -0.01277531 -0.73696729
   2.60068588  1.00691787  0.30061489  0.69513302 -0.57687594  7.99400242]], Action: [[-0.42210427  0.22479263  1.        ]], Reward: [3.6080012],Reward_sum: 222.38717651367188, Done: [False]
==========
t: 93, State: [[ 1.05624351  1.28681442  0.11269231 -0.65673965 -0.01527831 -0.66836978
   2.56159503  0.8413502  -0.35506275 -0.42536878 -0.04898018  9.15351109]], Action: [[-0.7413069   0.36549774  0.85635704]], Reward: [3.5799346],Reward_sum: 225.9671173095703, Done: [False]
==========
t: 94, State: [[ 1.07710398  1.29335362  0.11443227 -0.65431948 -0.01677172 -0.59242111
   2.65303123  0.79315133  0.78789887  1.02896362 -0.3234306   9.83266259]], Action: [[ 1.         -0.09306708  0.52183795]], Reward: [3.6062782],Reward_sum: 229.57339477539062, Done: [False]
==========
t: 95, State: [[ 1.09779916  1.29924069  0.11558784 -0.65177604 -0.01932634 -0.51584642
   2.52133121  0.67906799 -0.49724964 -0.3917116  -0.31572858  9.31168482]], Action: [[-1.         -0.11556658 -0.3204088 ]], Reward: [3.5857813],Reward_sum: 233.15916442871094, Done: [False]
==========
t: 96, State: [[ 1.1184871   1.30441749  0.11694208 -0.6492533  -0.02103938 -0.43880759
   2.65007262  0.61492409  0.83316474  1.02110457 -0.11196582  9.94714857]], Action: [[1.         0.25916937 0.5109587 ]], Reward: [3.5846643],Reward_sum: 236.74383544921875, Done: [False]
==========
t: 97, State: [[ 1.13918558  1.30890351  0.11854105 -0.64679593 -0.02159402 -0.36225845
   2.52520558  0.50707413 -0.43137629 -0.40544567 -0.0274449   9.19123249]], Action: [[-1.         -0.06533518 -0.4793861 ]], Reward: [3.586076],Reward_sum: 240.3299102783203, Done: [False]
==========
t: 98, State: [[ 1.15994182  1.31272511  0.12059833 -0.64441981 -0.02033929 -0.28767419
   2.66335997  0.44812622  0.94321511  0.99812755  0.34137465  9.45455227]], Action: [[1.         0.367179   0.25688645]], Reward: [3.5933282],Reward_sum: 243.92323303222656, Done: [False]
==========
t: 99, State: [[ 1.18085388  1.31587037  0.12359589 -0.64217335 -0.01611118 -0.21587642
   2.56523988  0.33864326 -0.1916527  -0.43515216  0.71453908  8.49633731]], Action: [[-0.98638594  0.147594   -0.61194086]], Reward: [3.6126385],Reward_sum: 247.53587341308594, Done: [False]
==========
t: 100, State: [[ 1.20169709  1.31834919  0.12642527 -0.63978454 -0.01205483 -0.14290653
   2.64506042  0.28094151  0.89603422  1.03096891  0.30094779  9.74429673]], Action: [[ 1.         -0.17777142  0.9095485 ]], Reward: [3.6035426],Reward_sum: 251.13941955566406, Done: [False]
==========
t: 101, State: [[ 1.22242261  1.3202048   0.12875068 -0.63731009 -0.00867071 -0.06946407
   2.53699587  0.18334583 -0.31203426 -0.41108203  0.54393169  8.61802352]], Action: [[-1.          0.04448751 -0.73322296]], Reward: [3.5891502],Reward_sum: 254.72857666015625, Done: [False]
==========
t: 102, State: [[ 1.24301734e+00  1.32149827e+00  1.30464151e-01 -6.34696818e-01
  -6.14429385e-03  2.88991506e-03  2.61137488e+00  1.40012421e-01
   7.37975711e-01  1.06283738e+00  8.88740888e-02  9.46927922e+00]], Action: [[ 1.         -0.22552803  0.6320168 ]], Reward: [3.5728908],Reward_sum: 258.30145263671875, Done: [False]
==========
t: 103, State: [[ 1.26343413e+00  1.32225656e+00  1.31273988e-01 -6.31920114e-01
  -5.17224266e-03  7.43532211e-02  2.49344860e+00  4.97470587e-02
  -5.32710448e-01 -3.67388258e-01  1.53151194e-01  8.39811121e+00]], Action: [[-1.         -0.08464333 -0.7034695 ]], Reward: [3.5505967],Reward_sum: 261.85205078125, Done: [False]
==========
t: 104, State: [[ 1.28393793e+00  1.32242518e+00  1.32521977e-01 -6.29240138e-01
  -2.31354957e-03  1.42523192e-01  2.63209510e+00 -7.65144952e-03
   8.42267525e-01  1.03597573e+00  5.61675450e-01  8.64414588e+00]], Action: [[1.         0.39080915 0.2371374 ]], Reward: [3.5617661],Reward_sum: 265.413818359375, Done: [False]
==========
t: 105, State: [[ 1.30450232e+00  1.32198018e+00  1.34053398e-01 -6.26658806e-01
   1.97240347e-03  2.08916600e-01  2.50129305e+00 -9.93622846e-02
  -5.00292423e-01 -3.79913389e-01  3.99347328e-01  7.96051834e+00]], Action: [[-1.         -0.08048841 -0.44466615]], Reward: [3.569345],Reward_sum: 268.983154296875, Done: [False]
==========
t: 106, State: [[ 1.32485792e+00  1.32102578e+00  1.34460929e-01 -6.23842731e-01
   3.97622140e-03  2.75020366e-01  2.58948177e+00 -1.40196395e-01
   6.11146094e-01  1.07991100e+00  1.30672495e-01  8.56330278e+00]], Action: [[1.         0.02315184 0.46046567]], Reward: [3.5432372],Reward_sum: 272.5263977050781, Done: [False]
==========
t: 107, State: [[ 1.34506407e+00  1.31957111e+00  1.34008962e-01 -6.20884673e-01
   4.45673142e-03  3.39557411e-01  2.46370266e+00 -2.24147811e-01
  -7.15013256e-01 -3.40395547e-01  4.56403642e-03  7.57155069e+00]], Action: [[-1.         -0.00532815 -0.65984905]], Reward: [3.5243337],Reward_sum: 276.05072021484375, Done: [False]
==========
t: 108, State: [[ 1.36519058e+00  1.31754476e+00  1.33077206e-01 -6.17838968e-01
   4.22180999e-03  4.04157343e-01  2.56824601e+00 -2.82400434e-01
   4.82392858e-01  1.09964560e+00 -5.46202424e-02  8.57680458e+00]], Action: [[1.         0.18316963 0.7466652 ]], Reward: [3.5142221],Reward_sum: 279.56494140625, Done: [False]
==========
t: 109, State: [[ 1.38527313e+00  1.31493660e+00  1.31820584e-01 -6.14774191e-01
   3.72473160e-03  4.68659393e-01  2.45306370e+00 -3.70009134e-01
  -7.92154624e-01 -3.32367093e-01 -6.64728750e-02  7.54988120e+00]], Action: [[-1.          0.14465585 -0.6808459 ]], Reward: [3.5088341],Reward_sum: 283.0737609863281, Done: [False]
==========
t: 110, State: [[ 1.40529746e+00  1.31175902e+00  1.30163475e-01 -6.11643421e-01
   2.70310839e-03  5.33126870e-01  2.55283637e+00 -4.23983473e-01
   3.75268534e-01  1.11347705e+00 -1.88064169e-01  8.56573006e+00]], Action: [[1.         0.01923338 0.75153   ]], Reward: [3.5014768],Reward_sum: 286.5752258300781, Done: [False]
==========
t: 111, State: [[ 1.42530045e+00  1.30801984e+00  1.28270794e-01 -6.08514998e-01
   1.64534423e-03  5.96623435e-01  2.44753831e+00 -5.10895358e-01
  -8.48992046e-01 -3.29141766e-01 -8.64179609e-02  7.31042571e+00]], Action: [[-1.         0.4348074 -0.8377147]], Reward: [3.4984827],Reward_sum: 290.0737609863281, Done: [False]
==========
t: 112, State: [[ 1.44520405e+00  1.30374438e+00  1.25740888e-01 -6.05271861e-01
  -5.86253923e-04  6.59787776e-01  2.52823611e+00 -5.57546678e-01
   2.14136831e-01  1.13825282e+00 -4.70378723e-01  8.47919152e+00]], Action: [[ 1.         -0.17009237  0.8493508 ]], Reward: [3.4862003],Reward_sum: 293.5599670410156, Done: [False]
==========
t: 113, State: [[ 1.46552553e+00  1.29883134e+00  1.26000080e-01 -6.00746682e-01
   1.34365573e-03  7.21444643e-01  2.52795906e+00 -6.60356337e-01
  -2.73413706e-01  2.16779549e-02  6.22197628e-01  6.95070259e+00]], Action: [[-0.71485525  0.992499   -1.        ]], Reward: [3.5376887],Reward_sum: 297.09765625, Done: [False]
==========
t: 114, State: [[ 1.48573740e+00  1.29351718e+00  1.26315131e-01 -5.94329333e-01
   2.39636989e-04  7.81720471e-01  2.52484267e+00 -6.68365597e-01
   3.51007101e-01  1.58076675e+00 -8.96138871e-01  8.11663746e+00]], Action: [[ 1.        -1.         0.8131495]], Reward: [3.5238216],Reward_sum: 300.6214904785156, Done: [False]
==========
t: 115, State: [[ 1.50613196e+00  1.28804986e+00  1.29076196e-01 -5.84823911e-01
  -9.21743589e-04  8.26352624e-01  2.57526101e+00 -7.06657842e-01
   3.46997569e-01  7.94290278e-01  6.16485754e-01  3.34660672e+00]], Action: [[-0.46520898  0.9476744  -1.        ]], Reward: [3.5472066],Reward_sum: 304.168701171875, Done: [False]
==========
t: 116, State: [[ 1.52644227e+00  1.28248700e+00  1.30929921e-01 -5.77214127e-01
  -3.92295721e-04  8.41948577e-01  2.50206370e+00 -6.90372210e-01
   1.12689667e-01  1.10759886e+00 -4.93889452e-01  8.34138089e-01]], Action: [[ 0.15154938 -0.8698777   0.7383761 ]], Reward: [3.5374632],Reward_sum: 307.7061767578125, Done: [False]
==========
t: 117, State: [[ 1.54657843e+00  1.27651083e+00  1.30895590e-01 -5.72309002e-01
   1.05191124e-03  8.42275884e-01  2.50430360e+00 -7.92938964e-01
  -2.64162878e-01  1.51009606e-01  4.75750210e-01 -6.89914530e-01]], Action: [[-0.6086519  1.        -1.       ]], Reward: [3.5146499],Reward_sum: 311.2208251953125, Done: [False]
==========
t: 118, State: [[ 1.56689378  1.27009426  0.13301149 -0.56519549  0.00308685  0.83529996
   2.57419612 -0.81291328  0.79078883  1.62566317  0.03124203 -0.99105148]], Action: [[ 1.         -0.24959579  1.        ]], Reward: [3.537356],Reward_sum: 314.7581787109375, Done: [False]
==========
t: 119, State: [[ 1.58682070e+00  1.26321999e+00  1.33174127e-01 -5.57721934e-01
   8.45676214e-05  8.27057809e-01  2.40781938e+00 -9.06190542e-01
  -7.49048965e-01  2.44231997e-01 -7.82209855e-01 -1.03623592e+00]], Action: [[-1.         -0.681247    0.61803854]], Reward: [3.4890192],Reward_sum: 318.24713134765625, Done: [False]
==========
t: 120, State: [[ 1.60642808e+00  1.25546206e+00  1.28674929e-01 -5.56814545e-01
  -8.72049496e-04  8.18983922e-01  2.49609444e+00 -1.03421723e+00
  -3.66001984e-01 -1.92776732e-02  5.68093428e-01 -9.65031359e-01]], Action: [[-0.10449346  1.          0.24558479]], Reward: [3.449851],Reward_sum: 321.6969909667969, Done: [False]
==========
t: 121, State: [[ 1.62675491  1.24703246  0.13036814 -0.55114909  0.00294274  0.81196436
   2.57953837 -1.07112193  0.75841418  1.44044877  0.30795067 -0.78976544]], Action: [[1.         0.23224893 1.        ]], Reward: [3.5387998],Reward_sum: 325.23577880859375, Done: [False]
==========
t: 122, State: [[ 1.64669199e+00  1.23809529e+00  1.30065129e-01 -5.45112896e-01
   1.60675909e-03  8.06120132e-01  2.40503702e+00 -1.16311679e+00
  -8.32499549e-01  7.00957017e-02 -6.41064612e-01 -6.68104448e-01]], Action: [[-1.         -0.77483976  0.08421803]], Reward: [3.4905283],Reward_sum: 328.726318359375, Done: [False]
==========
t: 123, State: [[ 1.66637592e+00  1.22843284e+00  1.27085841e-01 -5.41942459e-01
  -2.70314720e-04  8.01332331e-01  2.52962308e+00 -1.25796463e+00
   1.56894571e-01  7.06417686e-01  3.56015610e-01 -5.31502239e-01]], Action: [[0.50006884 1.         0.34148458]], Reward: [3.4591236],Reward_sum: 332.1854553222656, Done: [False]
==========
t: 124, State: [[ 1.68644404e+00  1.21808677e+00  1.26855714e-01 -5.37629254e-01
   1.80451619e-03  7.94719081e-01  2.48744477e+00 -1.32847865e+00
  -2.14290242e-01  3.72297874e-01  1.62271607e-01 -1.12106449e+00]], Action: [[-0.2418244   0.08607194 -0.42244858]], Reward: [3.5082712],Reward_sum: 335.6937255859375, Done: [False]
==========
t: 125, State: [[ 1.70609509  1.20711041  0.12243738 -0.53766199  0.00278264  0.78382852
   2.42587725 -1.41585988 -0.88720538 -0.38011262  0.08877862 -1.60125966]], Action: [[-0.52687794  1.         -0.34651494]], Reward: [3.4549837],Reward_sum: 339.1487121582031, Done: [False]
==========
t: 126, State: [[ 1.72590111  1.19554602  0.12015677 -0.53492331  0.00327212  0.77459079
   2.52578419 -1.47548289  0.31769841  1.06267109  0.03863688 -0.70947354]], Action: [[1.         1.         0.62062055]], Reward: [3.4733677],Reward_sum: 342.6220703125, Done: [False]
==========
t: 127, State: [[ 1.74585717  1.18345101  0.12005771 -0.52937881  0.00331126  0.76436471
   2.46394889 -1.54834154 -0.33892232  0.32366356 -0.02105839 -1.84597993]], Action: [[-0.515266   0.0856925 -0.8044746]], Reward: [3.493587],Reward_sum: 346.11566162109375, Done: [False]
==========
t: 128, State: [[ 1.76519583  1.17062568  0.11286759 -0.53209647  0.00321951  0.74846864
   2.37063472 -1.65823482 -1.45826916 -1.00125998 -0.00386504 -2.12763511]], Action: [[-0.91899544  1.         -0.2100749 ]], Reward: [3.4154437],Reward_sum: 349.5311279296875, Done: [False]
==========
t: 129, State: [[ 1.78458025  1.15706703  0.10610445 -0.53433328  0.00315089  0.7371923
   2.47550174 -1.73118805 -0.23307643  0.44015801 -0.01197803 -0.69319786]], Action: [[1.         0.84967816 1.        ]], Reward: [3.4203312],Reward_sum: 352.9514465332031, Done: [False]
==========
t: 130, State: [[ 1.80432395e+00  1.14300976e+00  1.03777476e-01 -5.31364174e-01
   3.11041477e-03  7.25956290e-01  2.46031237e+00 -1.78304858e+00
  -3.49300248e-01  3.02425689e-01  3.56068460e-04 -2.11405120e+00]], Action: [[-0.09745606  1.         -1.        ]], Reward: [3.465953],Reward_sum: 356.41741943359375, Done: [False]
==========
t: 131, State: [[ 1.82359925e+00  1.12837891e+00  9.62529535e-02 -5.34503499e-01
   3.15220455e-03  7.04287276e-01  2.35845932e+00 -1.87487661e+00
  -1.53154409e+00 -1.08538238e+00  8.82530622e-03 -3.30175482e+00]], Action: [[-0.96632     1.         -0.84752214]], Reward: [3.4067597],Reward_sum: 359.82415771484375, Done: [False]
==========
t: 132, State: [[ 1.84287034e+00  1.11318522e+00  8.89034287e-02 -5.37393116e-01
   3.17613318e-03  6.79638499e-01  2.45934307e+00 -1.92328883e+00
  -3.06389135e-01  3.61048778e-01 -1.54067719e-03 -2.86101178e+00]], Action: [[1.         0.91912544 0.29716682]], Reward: [3.4069536],Reward_sum: 363.2311096191406, Done: [False]
==========
t: 133, State: [[ 1.86211928e+00  1.09744451e+00  8.15370252e-02 -5.40252223e-01
   3.19841562e-03  6.51145755e-01  2.35283965e+00 -2.01203295e+00
  -1.53510842e+00 -1.07387230e+00  6.03322026e-03 -4.26048552e+00]], Action: [[-1.          0.96441054 -1.        ]], Reward: [3.4031875],Reward_sum: 366.6343078613281, Done: [False]
==========
t: 134, State: [[ 1.88133347e+00  1.08120322e+00  7.41277725e-02 -5.43038077e-01
   3.14004562e-03  6.17155055e-01  2.45086819e+00 -2.04806350e+00
  -3.17122791e-01  3.75321107e-01 -1.73247346e-02 -4.23736793e+00]], Action: [[ 1.0000000e+00  5.9568202e-01 -7.3152035e-04]], Reward: [3.4004188],Reward_sum: 370.03472900390625, Done: [False]
==========
t: 135, State: [[ 1.90069973e+00  1.06454501e+00  6.89288392e-02 -5.43109129e-01
   3.05589653e-03  5.77677160e-01  2.39057495e+00 -2.11630212e+00
  -9.83468071e-01 -3.91906100e-01 -5.05254395e-03 -5.63041837e+00]], Action: [[-0.5362889  0.8855927 -1.       ]], Reward: [3.418711],Reward_sum: 373.45343017578125, Done: [False]
==========
t: 136, State: [[ 1.92027144e+00  1.04787019e+00  6.53132416e-02 -5.42911488e-01
   3.01403377e-03  5.30276545e-01  2.56626477e+00 -1.94398402e+00
   4.39825181e-01  3.73735414e-01 -2.88248082e-03 -5.57612913e+00]], Action: [[ 0.6130657   0.82044995 -0.8148466 ]], Reward: [3.44475],Reward_sum: 376.8981628417969, Done: [False]
==========
t: 137, State: [[ 1.94117121e+00  1.03396051e+00  6.81491803e-02 -5.46443968e-01
   3.10315275e-03  4.90399265e-01  2.64453729e+00 -1.52680896e+00
   1.79392286e-01 -1.23764837e+00  2.27434741e-02 -4.42756394e+00]], Action: [[-1.  1. -1.]], Reward: [3.6094718],Reward_sum: 380.5076599121094, Done: [False]
==========
t: 138, State: [[ 1.96293028e+00  1.02363129e+00  7.33711427e-02 -5.55220209e-01
   3.24582229e-03  4.58650865e-01  2.78774793e+00 -1.06128137e+00
   1.07627837e+00 -9.47822785e-01  1.38333990e-02 -3.56191444e+00]], Action: [[ 0.26245692  0.66092324 -1.        ]], Reward: [3.7183774],Reward_sum: 384.2260437011719, Done: [False]
==========
t: 139, State: [[ 1.98515592  1.01664928  0.07846519 -0.56875634  0.00338766  0.43259494
   2.7635701  -0.6941077   0.16736128 -2.42872065  0.02009726 -3.0071301 ]], Action: [[-1.         0.8117795 -1.       ]], Reward: [3.7755458],Reward_sum: 388.0015869140625, Done: [False]
==========
t: 140, State: [[ 2.00781661  1.01263861  0.08436166 -0.58391999  0.0033801   0.4096076
   2.8994498  -0.31963141  1.28983777 -1.36119353 -0.01741917 -2.79106686]], Action: [[ 0.75165063  0.1594505  -1.        ]], Reward: [3.8309963],Reward_sum: 391.83258056640625, Done: [False]
==========
t: 141, State: [[ 2.03075399  1.0110931   0.09009905 -0.60056041  0.00314211  0.38727269
   2.83232749 -0.07650337  0.13307233 -2.79474034 -0.03882982 -2.83621863]], Action: [[-1.         -0.10723418 -1.        ]], Reward: [3.865161],Reward_sum: 395.69775390625, Done: [False]
==========
t: 142, State: [[ 2.05347780e+00  1.01134447e+00  9.06963661e-02 -6.23632861e-01
   2.81049660e-03  3.64051265e-01  2.84671244e+00  1.30530342e-01
   7.17597528e-03 -2.97167293e+00 -4.28358866e-02 -3.00697410e+00]], Action: [[-0.13570662  0.05262986 -0.8861462 ]], Reward: [3.83967],Reward_sum: 399.53741455078125, Done: [False]
==========
t: 143, State: [[ 2.07630892e+00  1.01305744e+00  9.04798632e-02 -6.47649781e-01
   2.49787987e-03  3.38722805e-01  2.85934883e+00  2.91086618e-01
  -6.94578492e-02 -3.03110416e+00 -3.55424731e-02 -3.35411656e+00]], Action: [[-0.05961915  0.19140247 -0.86358947]], Reward: [3.8531039],Reward_sum: 403.3905029296875, Done: [False]
==========
t: 144, State: [[ 2.09914478e+00  1.01593609e+00  8.87666588e-02 -6.72894916e-01
   2.29838735e-03  3.09591738e-01  2.84802705e+00  4.24650171e-01
  -3.67163362e-01 -3.27841512e+00 -1.63615625e-02 -3.94685026e+00]], Action: [[-0.19711383  0.45315412 -0.9549618 ]], Reward: [3.8533268],Reward_sum: 407.24383544921875, Done: [False]
==========
t: 145, State: [[ 2.12211096e+00  1.01992246e+00  8.71507767e-02 -6.97037542e-01
   2.23868413e-03  2.75108875e-01  2.89275360e+00  5.70174694e-01
  -4.46517976e-02 -2.75699301e+00 -5.30270502e-04 -4.68451973e+00]], Action: [[ 0.3361761   0.62622356 -1.        ]], Reward: [3.8692677],Reward_sum: 411.11309814453125, Done: [False]
==========
t: 146, State: [[ 2.14477622e+00  1.02478418e+00  8.12548320e-02 -7.24620043e-01
   2.33262487e-03  2.34567016e-01  2.77158270e+00  6.43601361e-01
  -1.43706864e+00 -4.13501806e+00  2.08896522e-02 -5.45691106e+00]], Action: [[-1.         0.8191204 -1.       ]], Reward: [3.8304865],Reward_sum: 414.9435729980469, Done: [False]
==========
t: 147, State: [[ 2.16727106e+00  1.03053288e+00  7.25838247e-02 -7.53488302e-01
   2.54066228e-03  1.87637477e-01  2.85218902e+00  7.93933665e-01
  -7.37216158e-01 -3.08327053e+00  2.93190525e-02 -6.27866259e+00]], Action: [[ 0.69840395  1.         -1.        ]], Reward: [3.8093667],Reward_sum: 418.7529296875, Done: [False]
==========
t: 148, State: [[ 2.19014513e+00  1.03738424e+00  6.66992309e-02 -7.76989638e-01
   2.79169939e-03  1.34104731e-01  2.86631452e+00  9.19021971e-01
  -7.37964696e-01 -2.79230333e+00  3.22355111e-02 -7.10525894e+00]], Action: [[ 0.16709991  1.         -1.        ]], Reward: [3.8572304],Reward_sum: 422.61016845703125, Done: [False]
==========
t: 149, State: [[ 2.21330158e+00  1.04531227e+00  6.23805424e-02 -7.96278042e-01
   3.03689321e-03  7.39332342e-02  2.92309470e+00  1.06333787e+00
  -3.45054495e-01 -2.03089990e+00  2.87308051e-02 -7.93758519e+00]], Action: [[ 0.5002304  1.        -1.       ]], Reward: [3.8923066],Reward_sum: 426.5024719238281, Done: [False]
==========
t: 150, State: [[ 2.23669275e+00  1.05430493e+00  5.89411326e-02 -8.11986710e-01
   3.25679725e-03  7.12524899e-03  2.92440134e+00  1.18481856e+00
  -5.18187497e-01 -1.89607985e+00  2.59208492e-02 -8.76458310e+00]], Action: [[ 0.06198476  1.         -1.        ]], Reward: [3.921892],Reward_sum: 430.42437744140625, Done: [False]
==========
t: 151, State: [[ 2.26026028e+00  1.06434218e+00  5.57171624e-02 -8.24701554e-01
   3.44220335e-03 -6.63275814e-02  2.96715017e+00  1.32417581e+00
  -2.90864117e-01 -1.28309324e+00  2.05405948e-02 -9.59992252e+00]], Action: [[ 0.39885786  1.         -1.        ]], Reward: [3.943783],Reward_sum: 434.3681640625, Done: [False]
==========
t: 152, State: [[ 2.28417401e+00  1.07548913e+00  5.43856435e-02 -8.32356419e-01
   3.58689627e-03 -1.46505178e-01  3.01055809e+00  1.46169676e+00
  -4.47904896e-02 -6.30841628e-01  1.57817645e-02 -1.00000000e+01]], Action: [[ 0.42795083  1.         -1.        ]], Reward: [3.9870324],Reward_sum: 438.3551940917969, Done: [False]
==========
t: 153, State: [[ 2.30838387e+00  1.08769727e+00  5.46773275e-02 -8.35114578e-01
   3.69808483e-03 -2.33529772e-01  3.04072575e+00  1.58885201e+00
   1.15412798e-01 -5.84894973e-02  1.21157243e-02 -1.00000000e+01]], Action: [[ 0.37160563  1.         -1.        ]], Reward: [4.0240946],Reward_sum: 442.3793029785156, Done: [False]
==========
t: 154, State: [[ 2.33229402e+00  1.10067085e+00  5.12139100e-02 -8.39016813e-01
   3.80134556e-03 -3.27460433e-01  2.93632171e+00  1.65322447e+00
  -9.80160720e-01 -9.15753752e-01  1.31606568e-02 -1.00000000e+01]], Action: [[-0.63692015  1.         -1.        ]], Reward: [3.986363],Reward_sum: 446.36566162109375, Done: [False]
==========
t: 155, State: [[ 2.35620674e+00  1.11444166e+00  4.72159221e-02 -8.40473370e-01
   3.86810084e-03 -4.28646225e-01  3.04135694e+00  1.76094909e+00
   1.90565436e-02  5.46269362e-01  2.50604285e-03 -1.00000000e+01]], Action: [[ 1.  1. -1.]], Reward: [3.9860907],Reward_sum: 450.35174560546875, Done: [False]
==========
t: 156, State: [[ 2.37990072e+00  1.12809570e+00  4.19627486e-02 -8.41669228e-01
   3.88293664e-03 -5.39795286e-01  2.88094489e+00  1.65141204e+00
  -1.33238384e+00 -8.42519524e-01  1.34315786e-03 -1.00000000e+01]], Action: [[-1.  1. -1.]], Reward: [3.9587471],Reward_sum: 454.31048583984375, Done: [False]
==========
t: 157, State: [[ 2.40332528e+00  1.14132827e+00  3.58097705e-02 -8.42576530e-01
   3.85419908e-03 -6.61779988e-01  2.97392861e+00  1.65579884e+00
  -2.06874069e-01  6.14657985e-01 -7.26424960e-03 -1.00000000e+01]], Action: [[ 1.  1. -1.]], Reward: [3.92507],Reward_sum: 458.2355651855469, Done: [False]
==========
t: 158, State: [[ 2.42647330e+00  1.15410712e+00  2.92702382e-02 -8.42553586e-01
   3.81688923e-03 -7.94552291e-01  2.81830500e+00  1.52142442e+00
  -1.39187744e+00 -6.13970312e-01 -4.26185829e-03 -1.00000000e+01]], Action: [[-0.8896006  1.        -1.       ]], Reward: [3.8907113],Reward_sum: 462.12628173828125, Done: [False]
==========
t: 159, State: [[ 2.44995487e+00  1.16507460e+00  2.55209530e-02 -8.42273841e-01
   3.65812134e-03 -8.83339689e-01  3.04733866e+00  1.25016242e+00
   4.03610632e-01  6.89842753e-01 -2.90425854e-02 -6.60751092e+00]], Action: [[ 1.  1. -1.]], Reward: [3.9321957],Reward_sum: 466.0584716796875, Done: [False]
==========
t: 160, State: [[ 2.47408078  1.1739552   0.02510799 -0.84273911  0.00342884 -0.91294944
   2.97818312  0.98486438 -0.53815673 -0.79735584 -0.02631134 -1.38967522]], Action: [[-1.          0.87062097 -1.        ]], Reward: [4.012981],Reward_sum: 470.0714416503906, Done: [False]
==========
t: 161, State: [[ 2.49811933  1.18127004  0.02211255 -0.84859144  0.00325735 -0.91234265
   3.02711035  0.85199166 -0.23086457 -0.6611678  -0.01637481  1.19606207]], Action: [[0.1177576 1.        0.9187436]], Reward: [4.002961],Reward_sum: 474.07440185546875, Done: [False]
==========
t: 162, State: [[ 2.52251774e+00  1.18769323e+00  2.17117014e-02 -8.52625296e-01
   2.98715356e-03 -8.96911188e-01  3.07253346e+00  7.53843564e-01
   1.31474895e-01 -3.47800157e-01 -4.62712479e-02  2.64715712e+00]], Action: [[0.23001616 0.16810003 1.        ]], Reward: [4.0487204],Reward_sum: 478.12310791015625, Done: [False]
==========
t: 163, State: [[ 2.54727206e+00  1.19332459e+00  2.41619554e-02 -8.54233057e-01
   2.55802015e-03 -8.70023912e-01  3.11594085e+00  6.53670480e-01
   4.81705111e-01 -5.45079123e-02 -5.80189543e-02  4.07262763e+00]], Action: [[0.21756804 0.09124103 1.        ]], Reward: [4.0932345],Reward_sum: 482.2163391113281, Done: [False]
==========
t: 164, State: [[ 2.57194384e+00  1.19793558e+00  2.53813352e-02 -8.58194867e-01
   2.25234571e-03 -8.31728642e-01  3.05126181e+00  4.98982362e-01
  -1.77874915e-01 -9.34171251e-01 -2.21375736e-02  5.49937650e+00]], Action: [[-0.6095545   0.78608644  1.        ]], Reward: [4.0819826],Reward_sum: 486.2983093261719, Done: [False]
==========
t: 165, State: [[ 2.59665811e+00  1.20188753e+00  2.78756658e-02 -8.59743178e-01
  -7.94610393e-04 -7.85076218e-01  3.12714721e+00  4.88765059e-01
   8.00040107e-01  5.45351733e-01 -7.38517414e-01  6.16282302e+00]], Action: [[ 1.        -0.418959   0.4706213]], Reward: [4.0878863],Reward_sum: 490.3861999511719, Done: [False]
==========
t: 166, State: [[ 2.62130872e+00  1.20514049e+00  3.02221356e-02 -8.61240255e-01
  -4.49325331e-03 -7.35703907e-01  3.03548280e+00  3.24629224e-01
  -2.12212488e-01 -9.17758870e-01 -1.86829964e-01  6.18014909e+00]], Action: [[-1.          0.3156195   0.05433656]], Reward: [4.080224],Reward_sum: 494.4664306640625, Done: [False]
==========
t: 167, State: [[ 2.64588198  1.20766074  0.03239711 -0.86264374 -0.00916253 -0.68193057
   3.10748517  0.30509141  0.75441233  0.56527853 -0.97915761  7.26162837]], Action: [[ 1.         -0.46109745  0.76061356]], Reward: [4.069866],Reward_sum: 498.5363464355469, Done: [False]
==========
t: 168, State: [[ 2.67036384  1.20951774  0.0343094  -0.86396822 -0.01450768 -0.62699102
   3.01328154  0.15950187 -0.27493567 -0.8947779  -0.35816054  6.47434524]], Action: [[-1.          0.33403483 -0.49322954]], Reward: [4.058877],Reward_sum: 502.59521484375, Done: [False]
==========
t: 169, State: [[ 2.69488041  1.21064497  0.03661969 -0.86532203 -0.01907459 -0.57035936
   3.11540152  0.12197615  0.85053286  0.55487067 -0.78249565  7.68186242]], Action: [[ 1.         -0.18368658  0.8643666 ]], Reward: [4.0627904],Reward_sum: 506.65802001953125, Done: [False]
==========
t: 170, State: [[ 2.71931115  1.21116262  0.03865584 -0.86659869 -0.02401327 -0.51493399
   2.99289261  0.00786029 -0.33946936 -0.87271574 -0.45323203  6.17659488]], Action: [[-1.          0.09045467 -1.        ]], Reward: [4.051835],Reward_sum: 510.7098693847656, Done: [False]
==========
t: 171, State: [[ 2.743791    1.21103577  0.04107702 -0.86791294 -0.02772701 -0.46141653
   3.1266374  -0.03982187  0.94252159  0.54274063 -0.47457664  7.20140335]], Action: [[1.        0.1082221 0.7515188]], Reward: [4.058404],Reward_sum: 514.768310546875, Done: [False]
==========
t: 172, State: [[ 2.76824069  1.2103014   0.04345035 -0.86920613 -0.03120038 -0.40973269
   2.98637529 -0.14341699 -0.34688924 -0.86475111 -0.39458591  5.72159182]], Action: [[-1.         -0.09092054 -0.9948301 ]], Reward: [4.054214],Reward_sum: 518.822509765625, Done: [False]
==========
t: 173, State: [[ 2.79264929  1.20896944  0.04571122 -0.87043532 -0.03466304 -0.35978443
   3.11538962 -0.189774    0.90988819  0.55599887 -0.47041327  6.76408496]], Action: [[1.         0.06749609 0.75917995]], Reward: [4.049494],Reward_sum: 522.8719482421875, Done: [False]
==========
t: 174, State: [[ 2.81700442  1.20704267  0.04777412 -0.87161629 -0.03829329 -0.31136604
   2.97390932 -0.29166087 -0.39181983 -0.84990556 -0.43788999  5.34243458]], Action: [[-1.         -0.12208399 -0.95887256]], Reward: [4.0424566],Reward_sum: 526.9144287109375, Done: [False]
==========
t: 175, State: [[ 2.84137447  1.20449765  0.04998006 -0.87279336 -0.04133233 -0.26450934
   3.11822454 -0.34474839  0.94094013  0.55420924 -0.32140406  6.37041739]], Action: [[1.         0.20862356 0.7538265 ]], Reward: [4.0446444],Reward_sum: 530.9590454101562, Done: [False]
==========
t: 176, State: [[ 2.86569664  1.20133999  0.05201352 -0.87392883 -0.0445834  -0.2183336
   2.9627638  -0.4444846  -0.43015722 -0.83671551 -0.49182341  5.17507134]], Action: [[-1.         -0.26223442 -0.81089026]], Reward: [4.038545],Reward_sum: 534.99755859375, Done: [False]
==========
t: 177, State: [[ 2.89002812  1.19756275  0.05414837 -0.87505398 -0.0473904  -0.17334484
   3.11976434 -0.49993206  0.96143743  0.55399645 -0.20967319  6.07102112]], Action: [[1.         0.32541034 0.66644764]], Reward: [4.039885],Reward_sum: 539.0374755859375, Done: [False]
==========
t: 178, State: [[ 2.91432613  1.19316534  0.05617174 -0.87615279 -0.05029013 -0.12881148
   2.95512773 -0.59928744 -0.45314637 -0.82731342 -0.51551764  5.06357579]], Action: [[-1.         -0.35391065 -0.68610376]], Reward: [4.0356555],Reward_sum: 543.0731201171875, Done: [False]
==========
t: 179, State: [[ 2.93861823  1.18815681  0.05820301 -0.87722374 -0.05298988 -0.08534443
   3.11760832 -0.65291434  0.95855579  0.55811083 -0.15930789  5.80232956]], Action: [[1.         0.37352744 0.5582049 ]], Reward: [4.0350614],Reward_sum: 547.108154296875, Done: [False]
==========
t: 180, State: [[ 2.96288365  1.18253425  0.06013391 -0.8782742  -0.05574302 -0.04250613
   2.94908747 -0.75263687 -0.47338162 -0.81930937 -0.52912239  4.90832457]], Action: [[-1.         -0.39555165 -0.61019015]], Reward: [4.0316486],Reward_sum: 551.1398315429688, Done: [False]
==========
t: 181, State: [[ 2.98716237e+00  1.17627893e+00  6.21768388e-02 -8.79319339e-01
  -5.81051994e-02 -1.27547491e-04  3.12029905e+00 -8.11235111e-01
   9.81581942e-01  5.56584583e-01 -6.14084905e-02  5.68543237e+00]], Action: [[1.         0.4560425  0.58715206]], Reward: [4.033287],Reward_sum: 555.173095703125, Done: [False]
==========
t: 182, State: [[ 3.01140561  1.16939714  0.06408754 -0.88033598 -0.06066331  0.04232005
   2.940825   -0.90915689 -0.50139012 -0.80933109 -0.57807719  4.92733274]], Action: [[-1.         -0.49778518 -0.5202243 ]], Reward: [4.028887],Reward_sum: 559.2020263671875, Done: [False]
==========
t: 183, State: [[ 3.03571276  1.16183801  0.06639056 -0.88140607 -0.06221014  0.0851815
   3.13560516 -0.98065742  1.07427868  0.54047115  0.19113988  5.78706691]], Action: [[1.         0.6798773  0.65396404]], Reward: [4.036504],Reward_sum: 563.238525390625, Done: [False]
==========
t: 184, State: [[ 3.05994594  1.15362346  0.06842275 -0.8824109  -0.06441888  0.12981778
   2.92300584 -1.07294737 -0.56352987 -0.79032722 -0.74279304  5.37233746]], Action: [[-1.         -0.7926464  -0.29225624]], Reward: [4.027434],Reward_sum: 567.2659301757812, Done: [False]
==========
t: 185, State: [[ 3.08425175  1.14471882  0.07089661 -0.8834802  -0.06549047  0.17527266
   3.15305187 -1.15322917  1.17883813  0.52176254  0.47419181  5.99081438]], Action: [[1.         1.         0.50064445]], Reward: [4.0359755],Reward_sum: 571.3018798828125, Done: [False]
==========
t: 186, State: [[ 3.10854084  1.13511839  0.07340447 -0.88454886 -0.06647244  0.22312803
   2.91957963 -1.24675298 -0.54919968 -0.7876321  -0.71881198  5.97281035]], Action: [[-1.         -0.9687685  -0.02038246]], Reward: [4.034197],Reward_sum: 575.3361206054688, Done: [False]
==========
t: 187, State: [[ 3.13279416  1.12481826  0.07587258 -0.88557015 -0.06760532  0.27397729
   3.14339111 -1.32820337  1.16281161  0.53105997  0.43503954  6.73875222]], Action: [[1.        0.955132  0.6034875]], Reward: [4.0293884],Reward_sum: 579.365478515625, Done: [False]
==========
t: 188, State: [[ 3.15703325  1.11379465  0.07840922 -0.88659726 -0.06855043  0.32836261
   2.91671309 -1.42756943 -0.52606573 -0.78650688 -0.67050951  6.85718928]], Action: [[-1.         -0.8993181   0.08346403]], Reward: [4.0280704],Reward_sum: 583.3935546875, Done: [False]
==========
t: 189, State: [[ 3.18115555  1.10210463  0.08047371 -0.8874867  -0.07064838  0.38614672
   3.11367193 -1.49472661  1.03887735  0.56273185  0.14577906  7.58812346]], Action: [[1.         0.70248145 0.57199144]], Reward: [4.0134664],Reward_sum: 587.4070434570312, Done: [False]
==========
t: 190, State: [[ 3.20518239  1.08974806  0.08213344 -0.88828849 -0.07361206  0.44711818
   2.89324738 -1.59448321 -0.62122506 -0.76176355 -0.88596481  7.65439337]], Action: [[-1.         -0.8469907   0.05529089]], Reward: [4.0016356],Reward_sum: 591.40869140625, Done: [False]
==========
t: 191, State: [[ 3.2291876   1.07672595  0.08371027 -0.88905068 -0.07659331  0.51037661
   3.10799804 -1.66068406  1.01198929  0.56974741  0.14009136  8.15987604]], Action: [[1.         0.84677577 0.42250073]], Reward: [3.9987547],Reward_sum: 595.407470703125, Done: [False]
==========
t: 192, State: [[ 3.25315757  1.06304325  0.08510141 -0.88978477 -0.07976056  0.57615677
   2.88466784 -1.76011475 -0.66142395 -0.75184191 -0.93110955  8.28475075]], Action: [[-1.         -0.8733654   0.09986723]], Reward: [3.9944735],Reward_sum: 599.4019165039062, Done: [False]
==========
t: 193, State: [[ 3.27704269  1.04872929  0.08603252 -0.89040576 -0.08382489  0.64454766
   3.08672244 -1.81787995  0.89082797  0.59498921 -0.08543716  8.81259403]], Action: [[1.        0.7126845 0.4346363]], Reward: [3.9839442],Reward_sum: 603.3858642578125, Done: [False]
==========
t: 194, State: [[ 3.30085071  1.03379273  0.08648829 -0.89094707 -0.08872345  0.71533052
   2.86532067 -1.91658702 -0.77393467 -0.72880825 -1.13840177  8.88277718]], Action: [[-1.         -0.8615931   0.06685842]], Reward: [3.9742553],Reward_sum: 607.360107421875, Done: [False]
==========
t: 195, State: [[ 3.32462397  1.01823074  0.08664268 -0.89142394 -0.09402829  0.7883549
   3.0805421  -1.96590819  0.81162805  0.6065174  -0.17682099  9.0388459 ]], Action: [[1.         0.78605783 0.41239727]], Reward: [3.9698691],Reward_sum: 611.3300170898438, Done: [False]
==========
t: 196, State: [[ 3.34852836  1.00262779  0.08666114 -0.89196004 -0.09897414  0.83665908
   2.89126172 -1.94861835 -0.80497875 -0.73663667 -1.07947864  3.59914619]], Action: [[-1.         -0.88888836  0.0535394 ]], Reward: [3.9862556],Reward_sum: 615.3162841796875, Done: [False]
==========
t: 197, State: [[ 3.37269693  0.98706837  0.08720971 -0.89266421 -0.10216266  0.85299129
   3.14872065 -1.94802009  0.93736314  0.56034879  0.26980069  0.8011198 ]], Action: [[1.         1.         0.87479764]], Reward: [4.0183063],Reward_sum: 619.3345947265625, Done: [False]
==========
t: 198, State: [[ 3.39743802  0.97121815  0.09106132 -0.89147457 -0.1016672   0.85313009
   3.03553617 -2.01818844  0.024814   -0.26129012 -0.15179432 -0.58322295]], Action: [[-0.6042593  -0.39491442 -0.00078236]], Reward: [4.0921154],Reward_sum: 623.4266967773438, Done: [False]
==========
t: 199, State: [[ 3.42202724  0.95518508  0.09466343 -0.88808396 -0.10580208  0.84288199
   3.111628   -1.99032192  0.87426465  1.10735194 -0.88096304 -1.97721396]], Action: [[ 0.92450625 -0.4902462  -1.        ]], Reward: [4.0715566],Reward_sum: 627.4981689453125, Done: [False]
==========
Hopper - Steps: 200, Return: 627.4981689453125, State: [[ 3.42202724  0.95518508  0.09466343 -0.88808396 -0.10580208  0.84288199
   3.111628   -1.99032192  0.87426465  1.10735194 -0.88096304 -1.97721396]]
