[CudaDevice(id=0)]
Using AIRL:  True
Using GAIL:  True
Using RGCL:  False
Experiment State @  2025-05-15 11:54:32.681488-05:00
Experiment Saved @  results/experiment_128
Experiment Settings Saved @  results/experiment_128
128
Using cuda device
Wrapping the env with a `Monitor` wrapper
Wrapping the env in a DummyVecEnv.
Wrapping the env with a `Monitor` wrapper
Wrapping the env in a DummyVecEnv.
t: 0, State: [[ 1.68454996e-03  1.24796295e+00  3.17092928e-05  6.98833956e-03
  -2.15156278e-02  6.46627345e-02  4.56432351e-03  3.72466523e-03
   5.57500292e-02  4.23235132e-02 -4.43672697e-01 -4.22906961e-02
   1.10116619e+00 -3.10108072e+00  1.00000000e+01 -1.04078267e-01
   2.84277061e-02  1.00000000e+01]], Action: [[ 1.         -0.33122662  1.          1.          1.          1.        ]], Reward: [1.0064849],Reward_sum: 1.006484866142273, Done: [False]
==========
t: 1, State: [[ 2.85317694e-03  1.24525955e+00  3.36415117e-03  9.01046998e-03
  -2.06583109e-02  1.22097702e-01  6.42725261e-03  5.54566432e-03
   1.32988436e-01  2.44037784e-01 -2.33953582e-01  8.04374839e-01
  -6.74877647e-01  3.25796783e+00 -9.42724580e-01  4.87706982e-01
   3.75170642e-01  5.46074835e+00]], Action: [[ 1.          1.         -1.          1.          1.         -0.56210893]], Reward: [1.1407624],Reward_sum: 2.147247314453125, Done: [False]
==========
t: 2, State: [[ 5.03737676e-03  1.24228591e+00  8.54217724e-03  5.96757815e-04
   9.29004849e-03  1.65092343e-01  8.93020514e-03  6.23375114e-03
   1.84480645e-01  2.57941618e-01 -5.06598801e-01  4.42769989e-01
  -1.01305049e+00  3.33595740e+00  1.00000000e+01  1.74651548e-01
  -2.89119092e-01  7.38867279e+00]], Action: [[ 1.          1.          1.         -0.7478979  -0.5763613   0.05845468]], Reward: [1.26913],Reward_sum: 3.416377305984497, Done: [False]
==========
t: 3, State: [[ 6.39777400e-03  1.23939579e+00  1.33216215e-02 -3.49771434e-04
   2.70640141e-02  2.07528823e-01  1.08429368e-02  6.34890489e-03
   1.85835453e-01  8.81632634e-02 -2.17165556e-01  7.32765046e-01
   6.36818461e-01  1.30860855e+00 -1.39952356e+00  2.95270220e-01
   2.52839528e-01 -6.97949942e+00]], Action: [[ 1.          0.44716933 -1.         -0.03944773  1.         -1.        ]], Reward: [1.1658481],Reward_sum: 4.582225322723389, Done: [False]
==========
t: 4, State: [[ 6.89530459e-03  1.23592694e+00  1.34199254e-02  5.53502337e-04
   3.29833925e-02  2.54421580e-01  6.09475667e-03  7.68208024e-03
   1.86753482e-01  3.80526542e-02 -6.48723126e-01 -7.13668933e-01
  -4.50032679e-01  2.90324602e-01  1.00000000e+01 -1.50000152e+00
   9.72448646e-02  7.16640908e+00]], Action: [[ 0.60700977  1.          1.         -0.8099892   0.23234919  1.        ]], Reward: [1.0581127],Reward_sum: 5.640337944030762, Done: [False]
==========
t: 5, State: [[ 7.01099953e-03  1.23186871e+00  1.16109778e-02  2.13228010e-03
   3.41509520e-02  3.02379790e-01 -9.61765758e-04  9.08237464e-03
   1.87210375e-01 -1.86810929e-02 -3.66778395e-01  1.26694132e-01
   6.06181772e-01  5.91561690e-02 -1.06538964e+00 -3.71475639e-01
   2.07787175e-01 -6.97904462e+00]], Action: [[ 1.  1. -1.  1.  1. -1.]], Reward: [1.0084618],Reward_sum: 6.648799896240234, Done: [False]
==========
t: 6, State: [[ 7.13819155e-03  1.22719104e+00  1.09565859e-02  6.16533785e-03
   3.30454653e-02  3.50579149e-01 -6.46432524e-03  1.06255100e-02
   1.87570388e-01  5.07268431e-02 -8.00973777e-01 -2.79713758e-01
   4.14326024e-01 -2.83051728e-01  1.00000000e+01 -9.91905075e-01
   1.76940971e-01  7.02951877e+00]], Action: [[ 1.          1.          1.         -0.34503862  1.          1.        ]], Reward: [1.01078],Reward_sum: 7.659579753875732, Done: [False]
==========
t: 7, State: [[ 0.00729372  1.22191064  0.01108501  0.01103679  0.03150199  0.39750277
  -0.0104606   0.01193479  0.18756932 -0.01339037 -0.52081234  0.27457833
   0.74361319 -0.12128554 -1.32041602 -0.05076836  0.15044126 -6.98580811]], Action: [[ 1.  1. -1.  1.  1. -1.]], Reward: [1.0134413],Reward_sum: 8.67302131652832, Done: [False]
==========
t: 8, State: [[ 7.34292810e-03  1.21601966e+00  1.05281497e-02  1.50769908e-02
   2.96006773e-02  4.43878229e-01 -1.46629112e-02  1.29076761e-02
   1.87921121e-01  2.75369169e-02 -9.50062900e-01 -3.82091095e-01
   3.10382147e-01 -3.19127186e-01  1.00000000e+01 -9.64916464e-01
   9.62844941e-02  7.02909167e+00]], Action: [[ 0.9877411   1.          1.         -0.48476067  0.85415804  1.        ]], Reward: [1.0012105],Reward_sum: 9.67423152923584, Done: [False]
==========
t: 9, State: [[ 0.00738291  1.20953045  0.01002891  0.01880098  0.02801782  0.48872148
  -0.01831804  0.01364819  0.18801743 -0.02860455 -0.66427504  0.19702594
   0.57925584 -0.09415008 -1.52957617  0.01657652  0.09218386 -6.89621829]], Action: [[ 1.  1. -1.  1.  1. -1.]], Reward: [0.99899715],Reward_sum: 10.67322826385498, Done: [False]
==========
t: 10, State: [[ 7.73936293e-03  1.20582695e+00  1.10088792e-02  2.08615119e-02
   2.60186006e-02  5.04742167e-01 -1.99144507e-02  1.37263172e-02
   1.73241197e-01  1.32121646e-01 -2.91536512e-01  1.25212762e-01
  -9.56505328e-04 -3.68400533e-01  5.61627562e+00 -3.82836394e-01
  -5.91297595e-02  3.17111394e+00]], Action: [[ 0.8437928   1.          1.         -0.5970936   0.47319838  1.        ]], Reward: [1.0402647],Reward_sum: 11.713493347167969, Done: [False]
==========
t: 11, State: [[ 8.54830093e-03  1.20444042e+00  1.29925108e-02  2.26633828e-02
   2.47143686e-02  5.20538928e-01 -2.07855392e-02  1.30442261e-02
   1.98908963e-01  6.46115098e-02 -7.68111397e-02  3.03074637e-01
   3.96056955e-01  1.22671688e-03 -1.51175427e+00  6.65236945e-02
  -1.04580898e-01  3.28148493e+00]], Action: [[ 1.          1.         -0.6837569   1.          1.          0.14777897]], Reward: [1.0966278],Reward_sum: 12.810121536254883, Done: [False]
==========
t: 12, State: [[ 9.44905183e-03  1.20427392e+00  1.70827282e-02  2.61113149e-02
   2.36570766e-02  5.43295816e-01 -1.31007172e-02 -1.27290316e-03
   2.68150396e-01  1.63915301e-01  2.42605949e-02  7.20611091e-01
   4.45501715e-01 -2.32395583e-01  7.18087905e+00  1.83890978e+00
  -3.45350058e+00  1.00000000e+01]], Action: [[1.         0.51906353 0.9883332  0.96381253 0.43696564 0.95762014]], Reward: [1.1083107],Reward_sum: 13.918432235717773, Done: [False]
==========
t: 13, State: [[ 1.07735816e-02  1.20512291e+00  2.19095869e-02  2.94235406e-02
   2.29462466e-02  5.61035574e-01 -4.04718421e-03 -2.10725794e-02
   3.93504376e-01  1.66264258e-01  1.92114167e-01  4.76204142e-01
   3.81221478e-01  2.29365602e-02 -2.72540562e+00  4.10522942e-01
  -1.48815699e+00  1.00000000e+01]], Action: [[ 1.          0.68555593 -1.          0.6659362   1.          0.61347914]], Reward: [1.1612765],Reward_sum: 15.07970905303955, Done: [False]
==========
t: 14, State: [[ 1.25072837e-02  1.20710433e+00  2.57764067e-02  3.25087358e-02
   2.28949406e-02  5.27618592e-01 -8.65778340e-03 -1.62688850e-02
   5.04229439e-01  2.67079210e-01  2.98415757e-01  4.86498101e-01
   3.79992102e-01 -2.89196978e-02 -5.62906624e+00 -1.56710686e+00
   2.67997494e+00  1.00000000e+01]], Action: [[ 1.          0.34447896 -0.3033802   0.9779887   1.         -0.32892913]], Reward: [1.2134374],Reward_sum: 16.29314613342285, Done: [False]
==========
t: 15, State: [[  0.01405201   1.21022327   0.02633363   0.03280631   0.02227617
    0.46063596  -0.02689621   0.01039556   0.53916333   0.09316812
    0.47904951  -0.28756927  -0.21806702  -0.11952066 -10.
   -2.43863147   2.74483378  -1.79012054]], Action: [[ 1.          0.9683522  -0.42051488 -1.         -0.5804361  -1.        ]], Reward: [1.1886399],Reward_sum: 17.481786727905273, Done: [False]
==========
t: 16, State: [[  0.01470829   1.21376492   0.02487129   0.03247228   0.02148419
    0.41967801  -0.0421771    0.02455212   0.47766147   0.07587659
    0.40713618  -0.09538087   0.0917628   -0.08213219   0.97524444
   -1.46967495   0.98576951 -10.        ]], Action: [[ 1.          0.98980045  1.          0.8931289   0.1495386  -1.        ]], Reward: [1.0772352],Reward_sum: 18.55902099609375, Done: [False]
==========
t: 17, State: [[ 1.54473247e-02  1.21538294e+00  2.36321507e-02  3.30727251e-02
   2.09139462e-02  4.82557496e-01 -5.14957095e-02  2.89208108e-02
   4.27312793e-01  1.09626333e-01 -1.64856890e-03 -2.30778992e-01
   6.14927821e-02 -5.58653312e-02  1.00000000e+01 -9.44297431e-01
   1.93097674e-01  8.86318736e-01]], Action: [[0.8166219 1.        1.        0.6340518 1.        1.       ]], Reward: [1.08731],Reward_sum: 19.646331787109375, Done: [False]
==========
t: 18, State: [[  0.01624455   1.21528315   0.02156743   0.0341834    0.02075983
    0.64122269  -0.05884745   0.02931373   0.38498685   0.07848337
   -0.016082    -0.34354702   0.20111889   0.01943999  10.
   -0.94936254  -0.0602951  -10.        ]], Action: [[ 1.          1.          0.84578454  0.84964263  1.         -1.        ]], Reward: [1.0942155],Reward_sum: 20.74054718017578, Done: [False]
==========
t: 19, State: [[ 0.0166558   1.21451577  0.0177694   0.03613409  0.02065015  0.86278447
  -0.06578391  0.02770263  0.31997126  0.03389321 -0.10964383 -0.4206064
   0.25770293 -0.0210817  10.         -0.59318137 -0.31434227 -5.15436928]], Action: [[0.9745412  0.36004308 0.5802598  0.94708306 1.         0.4805228 ]], Reward: [1.0478622],Reward_sum: 21.788410186767578, Done: [False]
==========
t: 20, State: [[ 1.65394802e-02  1.21344312e+00  1.64600750e-02  3.81379208e-02
   2.06798358e-02  9.89769854e-01 -5.90882636e-02  8.92614157e-03
   3.33263883e-01 -5.54038423e-02 -1.84241184e-01  6.93838987e-02
   2.36941818e-01  1.09674667e-02  9.16230654e+00  2.18903285e+00
  -4.29295540e+00  8.50412259e+00]], Action: [[1.         0.66986156 1.         0.9035833  0.23448181 1.        ]], Reward: [0.98114043],Reward_sum: 22.769550323486328, Done: [False]
==========
t: 21, State: [[ 0.01666232  1.21142899  0.01912787  0.03838196  0.0211614   1.00426675
  -0.04146768 -0.01790734  0.44870332  0.09151179 -0.31761226  0.63603727
  -0.13001761  0.0941139  -5.52514832  2.23036177 -2.25275997 10.        ]], Action: [[ 0.12147149  0.9708009  -1.          0.9819335   1.          1.        ]], Reward: [1.0104334],Reward_sum: 23.779983520507812, Done: [False]
==========
t: 22, State: [[ 0.01655491  1.20850555  0.02187301  0.03680346  0.0189601   0.95277826
  -0.01894048 -0.0456564   0.66485401 -0.15115856 -0.3097006  -0.04143631
  -0.22543868 -0.38558818 -6.34190622  3.32777701 -4.53543242 10.        ]], Action: [[ 0.59676206 -0.29911295 -0.2132694   0.17764743 -0.125844    1.        ]], Reward: [0.985036],Reward_sum: 24.7650203704834, Done: [False]
==========
t: 23, State: [[ 1.49570893e-02  1.20697077e+00  1.95640933e-02  3.43497867e-02
   1.66227341e-02  9.09159912e-01  6.44798596e-03 -8.30628083e-02
   9.27142488e-01 -2.02655261e-01 -7.41499365e-02 -4.60647363e-01
  -3.96273981e-01 -2.39154482e-01 -4.66296043e+00  2.39063886e+00
  -4.03569495e+00  1.00000000e+01]], Action: [[0.22628358 0.29827958 0.18369825 0.3613514  0.21901423 1.        ]], Reward: [0.7989194],Reward_sum: 25.563936233520508, Done: [False]
==========
t: 24, State: [[ 0.01402478  1.20695783  0.01703592  0.03198333  0.01554473  0.87680491
   0.01667359 -0.09903424  1.04789167 -0.03449106  0.04856926 -0.18447813
  -0.21101329 -0.05293963 -3.47692674  0.24847202 -0.06472596  8.10630356]], Action: [[0.39061746 0.48835978 0.07067828 1.         0.9875121  0.9848801 ]], Reward: [0.88011986],Reward_sum: 26.444055557250977, Done: [False]
==========
t: 25, State: [[ 0.01460966  1.20754434  0.01655042  0.03093576  0.01496938  0.85295217
   0.00852093 -0.08035643  1.07545838  0.17949696  0.08887513  0.05818527
  -0.06680939 -0.08582989 -2.53363286 -2.2133303   4.60636389 -0.21081115]], Action: [[1.         0.261205   0.15451168 0.54707026 1.         0.23848934]], Reward: [1.0706617],Reward_sum: 27.51471710205078, Done: [False]
==========
t: 26, State: [[ 1.48412778e-02  1.20851559e+00  1.55863737e-02  3.02694642e-02
   1.49166456e-02  8.18202427e-01 -1.91810313e-04 -6.31554259e-02
   1.05925005e+00 -1.46293026e-01  1.53878551e-01 -1.91681863e-01
   3.14161398e-02  9.25014805e-02 -6.17413460e+00  6.90287395e-01
  -1.39704990e+00 -3.37328140e+00]], Action: [[ 1.          1.         -0.35062724  1.         -1.          1.        ]], Reward: [1.0238296],Reward_sum: 28.53854751586914, Done: [False]
==========
t: 27, State: [[ 0.01242037  1.2095089   0.00718737  0.02344926  0.01533648  0.78504376
   0.0068553  -0.09607087  1.02653087 -0.45730567  0.09160424 -2.00180436
  -1.86748229  0.01276882 -2.22173824  0.84490746 -6.57039187 -4.54688969]], Action: [[-0.00198677  0.844772    1.          1.         -0.91457176  1.        ]], Reward: [0.692836],Reward_sum: 29.23138427734375, Done: [False]
==========
t: 28, State: [[ 1.02271706e-02  1.20993344e+00 -3.06605917e-03  1.35907356e-02
   1.53266443e-02  7.95043830e-01  1.07642129e-02 -1.27959728e-01
   9.88764619e-01 -1.29178168e-01  1.60071421e-02 -6.64250523e-01
  -6.86357863e-01  3.71074276e-02  1.99417365e+00  1.48832635e-01
  -1.59855561e+00 -4.74103027e+00]], Action: [[0.808586   0.9198724  1.         0.68785644 0.9180622  0.6323065 ]], Reward: [0.72163475],Reward_sum: 29.953018188476562, Done: [False]
==========
t: 29, State: [[ 1.01743164e-02  1.20981856e+00 -3.99205354e-03  1.17074926e-02
   1.55789081e-02  8.07326071e-01  9.96349803e-03 -1.23705426e-01
   9.53150347e-01  1.09051519e-01 -4.66126606e-02  3.50482884e-01
   1.18372543e-01  2.98708522e-02  1.14779439e+00 -4.47119634e-01
   2.66769513e+00 -4.12731409e+00]], Action: [[1.         0.53078663 1.         1.         1.         1.        ]], Reward: [0.9881115],Reward_sum: 30.941129684448242, Done: [False]
==========
t: 30, State: [[ 1.11142239e-02  1.20938232e+00 -8.00060025e-05  1.39409501e-02
   1.59788060e-02  8.14444187e-01  7.64408254e-03 -1.00919244e-01
   9.22938608e-01  1.14463216e-01 -4.57449126e-02  5.69724989e-01
   4.06309288e-01  7.41633548e-02  6.76729067e-01 -1.69814120e-01
   2.98434008e+00 -3.42224870e+00]], Action: [[1.         0.7097839  1.         1.         0.30430958 1.        ]], Reward: [1.112892],Reward_sum: 32.054019927978516, Done: [False]
==========
t: 31, State: [[ 0.01183797  1.20909646  0.0041577   0.01723971  0.01659715  0.81858361
   0.00737883 -0.07923705  0.89832252  0.06770245 -0.02611544  0.48035421
   0.40285487  0.07540526  0.38148181  0.07493085  2.46671365 -2.74093212]], Action: [[1.         0.80600345 1.         1.         0.05950209 1.        ]], Reward: [1.0858147],Reward_sum: 33.139835357666016, Done: [False]
==========
t: 32, State: [[ 0.0122778   1.20895274  0.00774637  0.02047325  0.01704622  0.82087583
   0.00822391 -0.05988529  0.8788392   0.04476981 -0.00985078  0.39757025
   0.37889644  0.0335802   0.2058066   0.1424939   2.08509979 -2.17145627]], Action: [[1.         0.6394334  1.         1.         0.19742891 1.        ]], Reward: [1.0505308],Reward_sum: 34.190364837646484, Done: [False]
==========
t: 33, State: [[ 0.01267758  1.20892752  0.01074807  0.02351104  0.01694756  0.8221005
   0.00918214 -0.04596402  0.86324096  0.05527217  0.00200362  0.3556095
   0.37565963 -0.04618167  0.10850162  0.09503111  1.45360761 -1.7283025 ]], Action: [[1.         0.33256406 1.         1.         0.4048682  1.        ]], Reward: [1.045698],Reward_sum: 35.236061096191406, Done: [False]
==========
t: 34, State: [[ 0.01322509  1.20897106  0.01369537  0.02666576  0.0163699   0.82273859
   0.00947066 -0.03494748  0.85104805  0.0802694   0.00786383  0.37921044
   0.40588005 -0.08820092  0.05577422 -0.01576808  1.31497837 -1.32782959]], Action: [[1.         0.17794353 1.         1.         0.5444538  1.        ]], Reward: [1.0641105],Reward_sum: 36.3001708984375, Done: [False]
==========
t: 35, State: [[ 0.01390337  1.20904027  0.01665133  0.02985851  0.01554429  0.82305321
   0.0091078  -0.02514353  0.84185001  0.08865641  0.00890352  0.35959531
   0.38844045 -0.11099308  0.02566892 -0.07052509  1.14836051 -0.98369407]], Action: [[1.         0.10943539 1.         1.         0.5010579  1.        ]], Reward: [1.080523],Reward_sum: 37.38069534301758, Done: [False]
==========
t: 36, State: [[ 0.01462986  1.20910726  0.01943019  0.03282021  0.01468258  0.82318359
   0.00842296 -0.01650183  0.83511737  0.09237288  0.00762914  0.33463521
   0.3502785  -0.10176428  0.00871583 -0.09750554  1.01766531 -0.71137   ]], Action: [[1.         0.12373877 1.         1.         0.49278152 1.        ]], Reward: [1.0865523],Reward_sum: 38.467247009277344, Done: [False]
==========
t: 37, State: [[ 1.53600256e-02  1.20915935e+00  2.19532069e-02  3.54064734e-02
   1.39439988e-02  8.23212265e-01  7.63655010e-03 -8.97652680e-03
   8.30298399e-01  8.98835236e-02  5.36948433e-03  2.96282571e-01
   2.96390987e-01 -8.24964122e-02 -4.36672932e-04 -9.77717155e-02
   8.68943703e-01 -5.03835333e-01]], Action: [[1.         0.14030711 1.         1.         0.46919942 1.        ]], Reward: [1.0870312],Reward_sum: 39.55427932739258, Done: [False]
==========
t: 38, State: [[ 0.01604989  1.20919252  0.02412385  0.03752924  0.01335677  0.82318771
   0.00692254 -0.00272004  0.82691512  0.08262918  0.00299743  0.24740055
   0.23560888 -0.06470442 -0.0050474  -0.08087425  0.70183309 -0.35053037]], Action: [[1.         0.14979416 1.         1.         0.44448963 1.        ]], Reward: [1.0820125],Reward_sum: 40.63629150390625, Done: [False]
==========
t: 39, State: [[ 1.66539243e-02  1.20920849e+00  2.58254075e-02  3.91342602e-02
   1.28517871e-02  8.23136027e-01  6.41912322e-03  1.99465374e-03
   8.24587395e-01  6.39833613e-02  1.10749336e-03  1.63208792e-01
   1.55317048e-01 -6.64030056e-02 -8.42215942e-03 -3.14871252e-02
   4.25058664e-01 -2.35270719e-01]], Action: [[1.         0.13078915 1.         1.         0.42870843 1.        ]], Reward: [1.0713038],Reward_sum: 41.70759963989258, Done: [False]
==========
t: 40, State: [[ 1.70728435e-02  1.20921286e+00  2.67397603e-02  4.00617695e-02
   1.22171399e-02  8.23059627e-01  6.37511594e-03  4.21837546e-03
   8.23049971e-01  4.29479836e-02  1.07221159e-04  7.34864311e-02
   8.17331250e-02 -8.81005775e-02 -1.05121844e-02  1.47081004e-02
   1.58734022e-01 -1.55214068e-01]], Action: [[1.         0.05624714 1.         1.         0.41843742 1.        ]], Reward: [1.0481867],Reward_sum: 42.75578689575195, Done: [False]
==========
t: 41, State: [[ 1.73616457e-02  1.20921225e+00  2.70804540e-02  4.05320039e-02
   1.14105969e-02  8.22975408e-01  6.56979187e-03  4.86629168e-03
   8.22025553e-01  3.08334183e-02 -1.89802088e-04  1.76240644e-02
   3.87761673e-02 -1.08801853e-01 -1.05946693e-02  3.13821613e-02
   1.94839591e-02 -1.04675376e-01]], Action: [[ 1.         -0.020812    1.          1.          0.41656128  1.        ]], Reward: [1.0319263],Reward_sum: 43.78771209716797, Done: [False]
==========
t: 42, State: [[ 1.75824622e-02  1.20921086e+00  2.70852933e-02  4.07298854e-02
   1.04977351e-02  8.22892266e-01  6.84225013e-03  4.71842686e-03
   8.21327458e-01  2.54047550e-02 -1.21554034e-04 -1.24297162e-02
   1.25625988e-02 -1.15987790e-01 -1.02231173e-02  3.56402820e-02
  -4.71291827e-02 -7.21663767e-02]], Action: [[ 1.         -0.05232093  1.          1.          0.4115605   1.        ]], Reward: [1.02343],Reward_sum: 44.81114196777344, Done: [False]
==========
t: 43, State: [[ 1.77788193e-02  1.20921074e+00  2.69245271e-02  4.07620298e-02
   9.57567693e-03  8.22813049e-01  7.12571354e-03  4.21759292e-03
   8.20841762e-01  2.43167159e-02  1.00104891e-04 -2.52504986e-02
  -3.32177423e-03 -1.12397261e-01 -9.58554034e-03  3.48460427e-02
  -7.29184947e-02 -5.06811893e-02]], Action: [[ 1.         -0.0687246   1.          1.          0.40784597  1.        ]], Reward: [1.0203736],Reward_sum: 45.83151626586914, Done: [False]
==========
t: 44, State: [[ 1.79775389e-02  1.20921256e+00  2.67066244e-02  4.06962546e-02
   8.70756799e-03  8.22740030e-01  7.39373840e-03  3.60849769e-03
   8.20498473e-01  2.57302173e-02  3.49803567e-04 -2.77167716e-02
  -1.23983526e-02 -1.03335127e-01 -8.67838425e-03  3.21385218e-02
  -7.66881704e-02 -3.60289461e-02]], Action: [[ 1.         -0.08232805  1.          1.          0.406313    1.        ]], Reward: [1.020668],Reward_sum: 46.8521842956543, Done: [False]
==========
t: 45, State: [[ 1.81934797e-02  1.20921625e+00  2.64946132e-02  4.05765570e-02
   7.92239838e-03  8.22675016e-01  7.63778554e-03  3.01895881e-03
   8.20253761e-01  2.84537013e-02  5.60293402e-04 -2.44342652e-02
  -1.71401835e-02 -9.21701738e-02 -7.60020478e-03  2.90196258e-02
  -6.94988700e-02 -2.57188267e-02]], Action: [[ 1.         -0.09430578  1.          1.          0.40646473  1.        ]], Reward: [1.0228184],Reward_sum: 47.875003814697266, Done: [False]
==========
t: 46, State: [[ 1.84340441e-02  1.20922136e+00  2.63221756e-02  4.04301644e-02
   7.22946364e-03  8.22618838e-01  7.85774437e-03  2.50914996e-03
   8.20079309e-01  3.17801000e-02  7.05445004e-04 -1.82482753e-02
  -1.92922796e-02 -8.06046178e-02 -6.48218723e-03  2.61809473e-02
  -5.76103153e-02 -1.82733407e-02]], Action: [[ 1.         -0.10412118  1.          1.          0.40815267  1.        ]], Reward: [1.0258931],Reward_sum: 48.90089797973633, Done: [False]
==========
t: 47, State: [[ 1.87022783e-02  1.20922737e+00  2.62051157e-02  4.02728455e-02
   6.62819648e-03  8.22571381e-01  8.05707308e-03  2.10158125e-03
   8.19956055e-01  3.53049552e-02  7.84883325e-04 -1.08617747e-02
  -2.00055311e-02 -6.94781834e-02 -5.42637006e-03  2.38738670e-02
  -4.44283253e-02 -1.28010556e-02]], Action: [[ 1.         -0.11167946  1.          1.          0.41126177  1.        ]], Reward: [1.0293477],Reward_sum: 49.93024444580078, Done: [False]
==========
t: 48, State: [[ 1.89987679e-02  1.20923379e+00  2.61486435e-02  4.01130277e-02
   6.11308410e-03  8.22531886e-01  8.24023773e-03  1.79862674e-03
   8.19870619e-01  3.88035733e-02  8.11083450e-04 -3.27109518e-03
  -1.99926314e-02 -5.92220271e-02 -4.49209313e-03  2.21276190e-02
  -3.17272378e-02 -8.74260799e-03]], Action: [[ 1.         -0.11726239  1.          1.          0.41554528  1.        ]], Reward: [1.0328748],Reward_sum: 50.96311950683594, Done: [False]
==========
t: 49, State: [[ 1.93227608e-02  1.20924026e+00  2.61518714e-02  3.99547030e-02
   5.67606843e-03  8.22499270e-01  8.41149486e-03  1.59246389e-03
   8.19813269e-01  4.21576923e-02  8.00425193e-04  3.96279832e-03
  -1.96710140e-02 -5.00585612e-02 -3.70389630e-03  2.08755982e-02
  -2.03666973e-02 -5.72736182e-03]], Action: [[ 1.         -0.1212863   1.          1.          0.42066208  1.        ]], Reward: [1.0363075],Reward_sum: 51.999427795410156, Done: [False]
==========
t: 50, State: [[ 1.96728362e-02  1.20924654e+00  2.62105926e-02  3.97993323e-02
   5.30785031e-03  8.22472350e-01  8.57442088e-03  1.47063361e-03
   8.19776758e-01  4.53126958e-02  7.68073403e-04  1.05490239e-02
  -1.92707164e-02 -4.20866220e-02 -3.06350791e-03  2.00216736e-02
  -1.06965043e-02 -3.49547105e-03]], Action: [[ 1.         -0.12417051  1.          1.          0.42625317  1.        ]], Reward: [1.0395623],Reward_sum: 53.03899002075195, Done: [False]
==========
t: 51, State: [[ 2.00473050e-02  1.20925252e+00  2.63190085e-02  3.96470278e-02
   4.99871281e-03  8.22449987e-01  8.73181696e-03  1.41913754e-03
   8.19755625e-01  4.82524574e-02  7.25719972e-04  1.63653770e-02
  -1.89081997e-02 -3.53207120e-02 -2.55985955e-03  1.94713428e-02
  -2.78282427e-03 -1.85615933e-03]], Action: [[ 1.         -0.12627736  1.          1.          0.4319975   1.        ]], Reward: [1.042606],Reward_sum: 54.08159637451172, Done: [False]
==========
t: 52, State: [[ 2.04444533e-02  1.20925815e+00  2.64708068e-02  3.94972591e-02
   4.73909831e-03  8.22431156e-01  8.88577781e-03  1.42415583e-03
   8.19745731e-01  5.09841219e-02  6.81134953e-04  2.13946301e-02
  -1.86336470e-02 -2.97144302e-02 -2.17588823e-03  1.91436685e-02
   3.46472821e-03 -6.65113003e-04]], Action: [[ 1.         -0.12789449  1.          1.          0.43764305  1.        ]], Reward: [1.0454357],Reward_sum: 55.12703323364258, Done: [False]
==========
t: 53, State: [[ 2.08626870e-02  1.20926343e+00  2.66598239e-02  3.93492564e-02
   4.52002168e-03  8.22414976e-01  9.03781467e-03  1.47298004e-03
   8.19743956e-01  5.35285476e-02  6.38670151e-04  2.56833582e-02
  -1.84602148e-02 -2.51781493e-02 -1.89267978e-03  1.89739755e-02
   8.21956485e-03  1.88449643e-04]], Action: [[ 1.         -0.12923464  1.          1.          0.4430158   1.        ]], Reward: [1.0480663],Reward_sum: 56.17509841918945, Done: [False]
==========
t: 54, State: [[ 2.13006145e-02  1.20926838e+00  2.68804380e-02  3.92022309e-02
   4.33335144e-03  8.22400719e-01  9.18898192e-03  1.55448355e-03
   8.19747956e-01  5.59140459e-02  6.00129461e-04  2.93145136e-02
  -1.83816201e-02 -2.15942134e-02 -1.69176514e-03  1.89126095e-02
   1.16937909e-02  7.89887030e-04]], Action: [[ 1.         -0.1304442   1.          1.          0.44801515  1.        ]], Reward: [1.0505232],Reward_sum: 57.22562026977539, Done: [False]
==========
t: 55, State: [[ 2.17570876e-02  1.20927305e+00  2.71277783e-02  3.90554859e-02
   4.17197504e-03  8.22387796e-01  9.33998707e-03  1.65930916e-03
   8.19755988e-01  5.81721363e-02  5.65658939e-04  3.23887324e-02
  -1.83823349e-02 -1.88304962e-02 -1.55624300e-03  1.89222722e-02
   1.41106143e-02  1.20476602e-03]], Action: [[ 1.         -0.13161674  1.          1.          0.4526029   1.        ]], Reward: [1.052837],Reward_sum: 58.27845764160156, Done: [False]
==========
t: 56, State: [[ 2.22312146e-02  1.20927745e+00  2.73978102e-02  3.89084648e-02
   4.02986524e-03  8.22375745e-01  9.49127932e-03  1.77987662e-03
   8.19766769e-01  6.03346195e-02  5.34483884e-04  3.50114773e-02
  -1.84435384e-02 -1.67515895e-02 -1.47126093e-03  1.89754241e-02
   1.56862887e-02  1.48314233e-03]], Action: [[ 1.         -0.13280568  1.          1.          0.45678714  1.        ]], Reward: [1.0550396],Reward_sum: 59.33349609375, Done: [False]
==========
t: 57, State: [[ 2.27223531e-02  1.20928160e+00  2.76873348e-02  3.87607629e-02
   3.90206555e-03  8.22364214e-01  9.64311847e-03  1.91027370e-03
   8.19779364e-01  6.24315747e-02  5.05439978e-04  3.72842913e-02
  -1.85463892e-02 -1.52278065e-02 -1.42412319e-03  1.90519944e-02
   1.66186032e-02  1.66294240e-03]], Action: [[ 1.         -0.13403752  1.          1.          0.46060684  1.        ]], Reward: [1.0571622],Reward_sum: 60.39065933227539, Done: [False]
==========
t: 58, State: [[ 2.32300909e-02  1.20928554e+00  2.79939327e-02  3.86121198e-02
   3.78461712e-03  8.22352945e-01  9.79562748e-03  2.04607666e-03
   8.19793105e-01  6.44901788e-02  4.77311039e-04  3.92995020e-02
  -1.86737902e-02 -1.41410578e-02 -1.40424193e-03  1.91375447e-02
   1.70802829e-02  1.77260800e-03]], Action: [[ 1.         -0.1353206   1.          1.          0.46411896  1.        ]], Reward: [1.0592335],Reward_sum: 61.449893951416016, Done: [False]
==========
t: 59, State: [[ 2.37542209e-02  1.20928924e+00  2.83158812e-02  3.84624046e-02
   3.67444912e-03  8.22341755e-01  9.94882786e-03  2.18412989e-03
   8.19807514e-01  6.65346489e-02  4.49067204e-04  4.11387358e-02
  -1.88102349e-02 -1.33881500e-02 -1.40290093e-03  1.92206530e-02
   1.72149849e-02  1.83243632e-03]], Action: [[ 1.         -0.13665354  1.          1.          0.46738774  1.        ]], Reward: [1.0612792],Reward_sum: 62.511173248291016, Done: [False]
==========
t: 60, State: [[ 2.42947172e-02  1.20929272e+00  2.86520625e-02  3.83116027e-02
   3.56925132e-03  8.22330527e-01  1.01026595e-02  2.32231321e-03
   8.19822256e-01  6.85857093e-02  4.19853581e-04  4.28710554e-02
  -1.89424935e-02 -1.28825211e-02 -1.41309745e-03  1.92926081e-02
   1.71385529e-02  1.85746485e-03]], Action: [[ 1.         -0.13803059  1.          1.          0.47047913  1.        ]], Reward: [1.0633216],Reward_sum: 63.574493408203125, Done: [False]
==========
t: 61, State: [[ 2.48517030e-02  1.20929596e+00  2.90018547e-02  3.81597911e-02
   3.46733816e-03  8.22319189e-01  1.02570067e-02  2.45932965e-03
   8.19837100e-01  7.06600503e-02  3.88939275e-04  4.45514485e-02
  -1.90607381e-02 -1.25544115e-02 -1.42944479e-03  1.93479588e-02
   1.69415546e-02  1.85939608e-03]], Action: [[ 1.         -0.13944426  1.          1.          0.4734551   1.        ]], Reward: [1.0653796],Reward_sum: 64.6398696899414, Done: [False]
==========
t: 62, State: [[ 2.54254198e-02  1.20929894e+00  2.93650218e-02  3.80071126e-02
   3.36751820e-03  8.22307710e-01  1.04117207e-02  2.59450864e-03
   8.19851898e-01  7.27707199e-02  3.55736610e-04  4.62219336e-02
  -1.91582832e-02 -1.23496446e-02 -1.44795387e-03  1.93836908e-02
   1.66910124e-02  1.84693127e-03]], Action: [[ 1.         -0.14088804  1.          1.          0.4763685   1.        ]], Reward: [1.0674678],Reward_sum: 65.70733642578125, Done: [False]
==========
t: 63, State: [[ 2.60162009e-02  1.20930165e+00  2.97416175e-02  3.78537518e-02
   3.26897747e-03  8.22296084e-01  1.05666366e-02  2.72763026e-03
   8.19866559e-01  7.49276789e-02  3.19785965e-04  4.79133823e-02
  -1.92311294e-02 -1.22275186e-02 -1.46581375e-03  1.93985384e-02
   1.64337082e-02  1.82627133e-03]], Action: [[ 1.         -0.14235672  1.          1.          0.4792629   1.        ]], Reward: [1.0695977],Reward_sum: 66.77693939208984, Done: [False]
==========
t: 64, State: [[ 2.66244484e-02  1.20930405e+00  3.01319039e-02  3.76999163e-02
   3.17118053e-03  8.22284325e-01  1.07215847e-02  2.85877884e-03
   8.19881037e-01  7.71383758e-02  2.80725883e-04  4.96475151e-02
  -1.92774053e-02 -1.21585600e-02 -1.48116706e-03  1.93924204e-02
   1.62000413e-02  1.80164649e-03]], Action: [[ 1.         -0.14384717  1.          1.          0.48217335  1.        ]], Reward: [1.0717777],Reward_sum: 67.84871673583984, Done: [False]
==========
t: 65, State: [[ 2.72506159e-02  1.20930613e+00  3.05362867e-02  3.75458217e-02
   3.07379078e-03  8.22272457e-01  1.08763984e-02  2.98822800e-03
   8.19895312e-01  7.94083254e-02  2.38260338e-04  5.14389569e-02
  -1.92968581e-02 -1.21220660e-02 -1.49291087e-03  1.93660314e-02
   1.60079309e-02  1.77579217e-03]], Action: [[ 1.         -0.14535734  1.          1.          0.48512787  1.        ]], Reward: [1.0740144],Reward_sum: 68.9227294921875, Done: [False]
==========
t: 66, State: [[ 2.78951946e-02  1.20930785e+00  3.09552655e-02  3.73916804e-02
   2.97660785e-03  8.22260512e-01  1.10309188e-02  3.11635418e-03
   8.19909379e-01  8.17415740e-02  1.92131533e-04  5.32969172e-02
  -1.92903569e-02 -1.21042404e-02 -1.50049987e-03  1.93205280e-02
   1.58660181e-02  1.75035507e-03]], Action: [[ 1.         -0.14688727  1.          1.          0.4881477   1.        ]], Reward: [1.0763124],Reward_sum: 69.99903869628906, Done: [False]
==========
t: 67, State: [[ 2.85587040e-02  1.20930920e+00  3.13893969e-02  3.72376949e-02
   2.87952057e-03  8.22248524e-01  1.11849976e-02  3.24357538e-03
   8.19923247e-01  8.41411482e-02  1.42097840e-04  5.52268155e-02
  -1.92594901e-02 -1.20962408e-02 -1.50379418e-03  1.92572857e-02
   1.57767146e-02  1.72620489e-03]], Action: [[ 1.         -0.14843771  1.          1.          0.49124983  1.        ]], Reward: [1.0786753],Reward_sum: 71.07771301269531, Done: [False]
==========
t: 68, State: [[ 2.92416843e-02  1.20931012e+00  3.18392694e-02  3.70840530e-02
   2.78247262e-03  8.22236528e-01  1.13384978e-02  3.37031021e-03
   8.19936927e-01  8.66093670e-02  8.79192724e-05  5.72314232e-02
  -1.92062274e-02 -1.20929106e-02 -1.50291839e-03  1.91777416e-02
   1.57382944e-02  1.70368833e-03]], Action: [[ 1.         -0.15001085  1.          1.          0.49444702  1.        ]], Reward: [1.0811056],Reward_sum: 72.15882110595703, Done: [False]
==========
t: 69, State: [[ 2.99446928e-02  1.20931059e+00  3.23054869e-02  3.69309256e-02
   2.68543976e-03  8.22224554e-01  1.14912944e-02  3.49695280e-03
   8.19950433e-01  8.91481492e-02  2.93460606e-05  5.93119760e-02
  -1.91327612e-02 -1.20912237e-02 -1.49817941e-03  1.90833529e-02
   1.57467291e-02  1.68281544e-03]], Action: [[ 1.         -0.15160802  1.          1.          0.49774954  1.        ]], Reward: [1.0836053],Reward_sum: 73.24242401123047, Done: [False]
==========
t: 70, State: [[ 3.06683008e-02  1.20931058e+00  3.27886588e-02  3.67784665e-02
   2.58841442e-03  8.22212634e-01  1.16432733e-02  3.62385975e-03
   8.19963776e-01  9.17591714e-02 -3.38859606e-05  6.14687600e-02
  -1.90412066e-02 -1.20898759e-02 -1.48995671e-03  1.89754290e-02
   1.57969276e-02  1.66339221e-03]], Action: [[ 1.         -0.15323207  1.          1.          0.5011659   1.        ]], Reward: [1.0861764],Reward_sum: 74.32859802246094, Done: [False]
==========
t: 71, State: [[ 3.14130928e-02  1.20931004e+00  3.32893951e-02  3.66268125e-02
   2.49139596e-03  8.22200793e-01  1.17943307e-02  3.75134530e-03
   8.19976968e-01  9.44440296e-02 -1.02059998e-04  6.37016939e-02
  -1.89335758e-02 -1.20883664e-02 -1.47866672e-03  1.88551717e-02
   1.58835508e-02  1.64512314e-03]], Action: [[ 1.         -0.15488508  1.          1.          0.5047034   1.        ]], Reward: [1.0888203],Reward_sum: 75.41741943359375, Done: [False]
==========
t: 72, State: [[ 3.21796658e-02  1.20930893e+00  3.38083042e-02  3.64760853e-02
   2.39438513e-03  8.22189054e-01  1.19443718e-02  3.87968132e-03
   8.19990015e-01  9.72043087e-02 -1.75479623e-04  6.60105830e-02
  -1.88116735e-02 -1.20867792e-02 -1.46471219e-03  1.87236350e-02
   1.60014604e-02  1.62767867e-03]], Action: [[ 1.         -0.15656969  1.          1.          0.50836813  1.        ]], Reward: [1.0915387],Reward_sum: 76.50895690917969, Done: [False]
==========
t: 73, State: [[ 3.29686297e-02  1.20930722e+00  3.43459938e-02  3.63263928e-02
   2.29738140e-03  8.22177436e-01  1.20933099e-02  4.00910061e-03
   8.20002924e-01  1.00041659e-01 -2.54470611e-04  6.83953902e-02
  -1.86771005e-02 -1.20853296e-02 -1.44846891e-03  1.85817495e-02
   1.61460823e-02  1.61073639e-03]], Action: [[ 1.         -0.15828785  1.          1.          0.5121659   1.        ]], Reward: [1.0943332],Reward_sum: 77.60328674316406, Done: [False]
==========
t: 74, State: [[ 3.37806083e-02  1.20930485e+00  3.49030723e-02  3.61778315e-02
   2.20038220e-03  8.22165958e-01  1.22410645e-02  4.13980328e-03
   8.20015697e-01  1.02957837e-01 -3.39381507e-04  7.08563819e-02
  -1.85311616e-02 -1.20843032e-02 -1.43026035e-03  1.84302428e-02
   1.63137956e-02  1.59399489e-03]], Action: [[ 1.         -0.16004172  1.          1.          0.5161034   1.        ]], Reward: [1.0972053],Reward_sum: 78.70049285888672, Done: [False]
==========
t: 75, State: [[ 3.46162393e-02  1.20930177e+00  3.54801512e-02  3.60304880e-02
   2.10338264e-03  8.22154633e-01  1.23875613e-02  4.27196218e-03
   8.20028334e-01  1.05954683e-01 -4.30584141e-04  7.33940376e-02
  -1.83749871e-02 -1.20839859e-02 -1.41036248e-03  1.82697830e-02
   1.65014379e-02  1.57721004e-03]], Action: [[ 1.         -0.16183326  1.          1.          0.52018565  1.        ]], Reward: [1.1001571],Reward_sum: 79.80065155029297, Done: [False]
==========
t: 76, State: [[ 3.54761761e-02  1.20929794e+00  3.60778470e-02  3.58844406e-02
   2.00637634e-03  8.22143475e-01  1.25327304e-02  4.40572838e-03
   8.20040834e-01  1.09034162e-01 -5.28475047e-04  7.60091969e-02
  -1.82094998e-02 -1.20844872e-02 -1.38900487e-03  1.81009153e-02
   1.67066891e-02  1.56017931e-03]], Action: [[ 1.         -0.16366386  1.          1.          0.52441895  1.        ]], Reward: [1.1031903],Reward_sum: 80.90383911132812, Done: [False]
==========
t: 77, State: [[ 3.63610880e-02  1.20929330e+00  3.66967847e-02  3.57397613e-02
   1.90935641e-03  8.22132493e-01  1.26765058e-02  4.54123750e-03
   8.20053195e-01  1.12198353e-01 -6.33476037e-04  7.87030075e-02
  -1.80354186e-02 -1.20858275e-02 -1.36636766e-03  1.79240659e-02
   1.69279662e-02  1.54274249e-03]], Action: [[ 1.         -0.16553497  1.          1.          0.52880996  1.        ]], Reward: [1.1063069],Reward_sum: 82.01014709472656, Done: [False]
==========
t: 78, State: [[ 3.72716614e-02  1.20928779e+00  3.73375988e-02  3.55965166e-02
   1.81231591e-03  8.22121698e-01  1.28188250e-02  4.67861380e-03
   8.20065413e-01  1.15449412e-01 -7.46034811e-04  8.14767912e-02
  -1.78533413e-02 -1.20880124e-02 -1.34259068e-03  1.77396242e-02
   1.71640068e-02  1.52479007e-03]], Action: [[ 1.         -0.16744804  1.          1.          0.53336453  1.        ]], Reward: [1.1095091],Reward_sum: 83.11965942382812, Done: [False]
==========
t: 79, State: [[ 3.82086002e-02  1.20928134e+00  3.80009356e-02  3.54547691e-02
   1.71524822e-03  8.22111099e-01  1.29596279e-02  4.81797411e-03
   8.20077483e-01  1.18789598e-01 -8.66626603e-04  8.43321246e-02
  -1.76637118e-02 -1.20909646e-02 -1.31777893e-03  1.75478757e-02
   1.74141613e-02  1.50623920e-03]], Action: [[ 1.        -0.1694043  1.         1.         0.5380899  1.       ]], Reward: [1.1127992],Reward_sum: 84.23246765136719, Done: [False]
==========
t: 80, State: [[ 3.91726270e-02  1.20927390e+00  3.86874548e-02  3.53145780e-02
   1.61814790e-03  8.22100704e-01  1.30988568e-02  4.95943128e-03
   8.20089401e-01  1.22221253e-01 -9.95755557e-04  8.72707628e-02
  -1.74669108e-02 -1.20944867e-02 -1.29201554e-03  1.73490911e-02
   1.76780645e-02  1.48703996e-03]], Action: [[ 1.         -0.17140451  1.          1.          0.54299283  1.        ]], Reward: [1.1161791],Reward_sum: 85.34864807128906, Done: [False]
==========
t: 81, State: [[ 4.01644831e-02  1.20926539e+00  3.93978308e-02  3.51759999e-02
   1.52101089e-03  8.22090519e-01  1.32364558e-02  5.10309668e-03
   8.20101160e-01  1.25746789e-01 -1.13395560e-03  9.02945908e-02
  -1.72632112e-02 -1.20984293e-02 -1.26535601e-03  1.71434717e-02
   1.79556742e-02  1.46716140e-03]], Action: [[ 1.         -0.17344984  1.          1.          0.5480809   1.        ]], Reward: [1.1196516],Reward_sum: 86.46829986572266, Done: [False]
==========
t: 82, State: [[ 0.04118493  1.20925573  0.04013275  0.03503909  0.00142383  0.82208055
   0.01337237  0.00524908  0.82011275  0.12936868 -0.00128179  0.09340557
  -0.01705287 -0.01210261 -0.00123784  0.01693123  0.01824701  0.0014466 ]], Action: [[ 1.         -0.17554107  1.          1.          0.5533612   1.        ]], Reward: [1.1232188],Reward_sum: 87.59152221679688, Done: [False]
==========
t: 83, State: [[ 0.04223475  1.20924485  0.04089293  0.0349039   0.00132662  0.82207081
   0.01350655  0.0053975   0.82012418  0.13308947 -0.00143986  0.09660582
  -0.01683608 -0.0121068  -0.00120951  0.01671253  0.01855238  0.00142534]], Action: [[ 1.         -0.17767885  1.          1.          0.55884176  1.        ]], Reward: [1.1268834],Reward_sum: 88.7184066772461, Done: [False]
==========
t: 84, State: [[ 4.33147389e-02  1.20923267e+00  4.16790780e-02  3.47704799e-02
   1.22936131e-03  8.22061299e-01  1.36389379e-02  5.54846371e-03
   8.20135431e-01  1.36911760e-01 -1.60880456e-03  9.98974626e-02
  -1.66129978e-02 -1.21108304e-02 -1.18037901e-03  1.64875265e-02
   1.88721388e-02  1.40339850e-03]], Action: [[ 1.         -0.17986396  1.          1.          0.56453055  1.        ]], Reward: [1.1306479],Reward_sum: 89.84905242919922, Done: [False]
==========
t: 85, State: [[ 4.44257260e-02  1.20921908e+00  4.24919443e-02  3.46388827e-02
   1.13206733e-03  8.22052026e-01  1.37694885e-02  5.70209530e-03
   8.20146502e-01  1.40838218e-01 -1.78928409e-03  1.03282751e-01
  -1.63837922e-02 -1.21144709e-02 -1.15046478e-03  1.62563658e-02
   1.92067593e-02  1.38078667e-03]], Action: [[ 1.         -0.18209678  1.          1.          0.5704359   1.        ]], Reward: [1.1345148],Reward_sum: 90.98356628417969, Done: [False]
==========
t: 86, State: [[ 4.55685533e-02  1.20920400e+00  4.33322851e-02  3.45091559e-02
   1.03473930e-03  8.22042996e-01  1.38981512e-02  5.85851609e-03
   8.20157386e-01  1.44871549e-01 -1.98201084e-03  1.06763914e-01
  -1.61485812e-02 -1.21176429e-02 -1.11977648e-03  1.60191772e-02
   1.95566846e-02  1.35751867e-03]], Action: [[ 1.         -0.1843783   1.          1.          0.57656604  1.        ]], Reward: [1.138487],Reward_sum: 92.12205505371094, Done: [False]
==========
t: 87, State: [[ 4.67440887e-02  1.20918733e+00  4.42008834e-02  3.43813426e-02
   9.37401183e-04  8.22034216e-01  1.40248816e-02  6.01785460e-03
   8.20168080e-01  1.49015844e-01 -2.18779832e-03  1.10347776e-01
  -1.59111755e-02 -1.21057201e-02 -1.08922060e-03  1.57790690e-02
   1.99237424e-02  1.33371827e-03]], Action: [[ 1.         -0.18670854  1.          1.          0.58293015  1.        ]], Reward: [1.1425673],Reward_sum: 93.26461029052734, Done: [False]
==========
t: 88, State: [[ 4.79532728e-02  1.20916896e+00  4.50987134e-02  3.42553554e-02
   8.40610217e-04  8.22025659e-01  1.41497435e-02  6.18030818e-03
   8.20178581e-01  1.53285451e-01 -2.40800660e-03  1.14076581e-01
  -1.57008591e-02 -1.19571464e-02 -1.06495240e-03  1.55608864e-02
   2.03230867e-02  1.31042524e-03]], Action: [[ 1.        -0.1890895  1.         1.         0.5895544  1.       ]], Reward: [1.1467646],Reward_sum: 94.411376953125, Done: [False]
==========
t: 89, State: [[ 4.91971456e-02  1.20914877e+00  4.60270392e-02  3.41309922e-02
   7.45588584e-04  8.22017285e-01  1.42729018e-02  6.34632148e-03
   8.20188891e-01  1.57686218e-01 -2.64357252e-03  1.17964169e-01
  -1.55062595e-02 -1.16747555e-02 -1.04288260e-03  1.53562034e-02
   2.07923357e-02  1.28687336e-03]], Action: [[ 1.         -0.19153196  1.          1.          0.59660053  1.        ]], Reward: [1.1510915],Reward_sum: 95.56246948242188, Done: [False]
==========
t: 90, State: [[ 5.04767206e-02  1.20912662e+00  4.69869795e-02  3.40082965e-02
   6.52818073e-04  8.22009116e-01  1.43943280e-02  6.51646911e-03
   8.20199003e-01  1.62207690e-01 -2.89470944e-03  1.21967318e-01
  -1.52833176e-02 -1.14177585e-02 -1.01285741e-03  1.51288771e-02
   2.13307155e-02  1.26187405e-03]], Action: [[ 1.         -0.19402373  1.          1.          0.6040778   1.        ]], Reward: [1.1555443],Reward_sum: 96.718017578125, Done: [False]
==========
t: 91, State: [[ 5.17928862e-02  1.20910241e+00  4.79791574e-02  3.38876472e-02
   5.61291399e-04  8.22001249e-01  1.45137181e-02  6.69103478e-03
   8.20208907e-01  1.66830995e-01 -3.16132949e-03  1.26011890e-01
  -1.49944278e-02 -1.13844469e-02 -9.67977241e-04  1.48472806e-02
   2.18756277e-02  1.23528824e-03]], Action: [[ 1.         -0.19654536  1.          1.          0.6118002   1.        ]], Reward: [1.1601077],Reward_sum: 97.87812805175781, Done: [False]
==========
t: 92, State: [[ 5.31463520e-02  1.20907600e+00  4.90035007e-02  3.37697126e-02
   4.68264132e-04  8.21993824e-01  1.46305200e-02  6.86962342e-03
   8.20218591e-01  1.71513737e-01 -3.44212831e-03  1.29941756e-01
  -1.45547381e-02 -1.19994948e-02 -8.90476473e-04  1.44407441e-02
   2.23104947e-02  1.20539606e-03]], Action: [[ 1.         -0.19909248  1.          1.          0.61952436  1.        ]], Reward: [1.1647598],Reward_sum: 99.04288482666016, Done: [False]
==========
t: 93, State: [[ 5.45353145e-02  1.20904741e+00  5.00511959e-02  3.36616439e-02
   3.44150562e-04  8.21988437e-01  1.47387940e-02  7.04853572e-03
   8.20227839e-01  1.75670658e-01 -3.70619194e-03  1.31722231e-01
  -1.24608435e-02 -1.94913069e-02 -4.66240155e-04  1.26293350e-02
   2.19365148e-02  1.11693565e-03]], Action: [[ 1.         -0.2016516   1.          1.          0.62670445  1.        ]], Reward: [1.169187],Reward_sum: 100.21207427978516, Done: [False]
==========
t: 94, State: [[ 5.59550019e-02  1.20901677e+00  5.11028170e-02  3.35737971e-02
   1.35687578e-04  8.21986980e-01  1.48296584e-02  7.21246148e-03
   8.20236436e-01  1.79258841e-01 -3.95441539e-03  1.31138369e-01
  -9.58331964e-03 -3.25691422e-02  5.21491361e-05  1.01131360e-02
   1.89071559e-02  1.02519943e-03]], Action: [[ 1.         -0.20367652  1.          1.          0.62520665  1.        ]], Reward: [1.1730286],Reward_sum: 101.38510131835938, Done: [False]
==========
t: 95, State: [[ 5.74013901e-02  1.20898420e+00  5.21411305e-02  3.35100113e-02
  -1.94472647e-04  8.21989553e-01  1.48992676e-02  7.33948379e-03
   8.20244327e-01  1.82411137e-01 -4.19415084e-03  1.28620065e-01
  -6.47757342e-03 -4.94818887e-02  5.21403049e-04  7.30671416e-03
   1.31394874e-02  9.21595276e-04]], Action: [[ 1.         -0.20566225  1.          1.          0.61683446  1.        ]], Reward: [1.1763757],Reward_sum: 102.56147003173828, Done: [False]
==========
t: 96, State: [[ 5.88719094e-02  1.20894971e+00  5.31538065e-02  3.34707589e-02
  -6.69271566e-04  8.21995431e-01  1.49462152e-02  7.41139382e-03
   8.20251285e-01  1.85347613e-01 -4.43643712e-03  1.24924676e-01
  -3.45553820e-03 -6.83938820e-02  8.72680411e-04  4.43342582e-03
   5.50990737e-03  7.79034105e-04]], Action: [[ 1.         -0.2075038   1.          1.          0.60402167  1.        ]], Reward: [1.179407],Reward_sum: 103.74087524414062, Done: [False]
==========
t: 97, State: [[ 6.03660570e-02  1.20891322e+00  5.41357022e-02  3.34542140e-02
  -1.29545100e-03  8.22003449e-01  1.49708409e-02  7.41887620e-03
   8.20256906e-01  1.88355899e-01 -4.69650244e-03  1.21059341e-01
  -7.86136708e-04 -8.71329663e-02  1.06399252e-03  1.71458796e-03
  -2.70945735e-03  5.82756505e-04]], Action: [[ 1.         -0.2088916   1.          1.          0.58924025  1.        ]], Reward: [1.1823776],Reward_sum: 104.92325592041016, Done: [False]
==========
t: 98, State: [[ 6.18856285e-02  1.20887452e+00  5.50897701e-02  3.34569026e-02
  -2.06325784e-03  8.22012284e-01  1.49749768e-02  7.36330650e-03
   8.20260724e-01  1.91718787e-01 -4.99000941e-03  1.18024858e-01
   1.37554928e-03 -1.03751214e-01  1.09362089e-03 -6.90113010e-04
  -1.01616898e-02  3.32737670e-04]], Action: [[ 1.         -0.20974144  1.          1.          0.5751787   1.        ]], Reward: [1.1855716],Reward_sum: 106.10882568359375, Done: [False]
==========
t: 99, State: [[ 6.34343164e-02  1.20883329e+00  5.60257205e-02  3.34749046e-02
  -2.95093107e-03  8.22020825e-01  1.49612007e-02  7.25578547e-03
   8.20262333e-01  1.95630524e-01 -5.32831518e-03  1.16517490e-01
   3.05613676e-03 -1.17149364e-01  1.00817594e-03 -2.74731649e-03
  -1.57702721e-02  4.19766228e-05]], Action: [[ 1.         -0.21028921  1.          1.          0.5639705   1.        ]], Reward: [1.1892236],Reward_sum: 107.29804992675781, Done: [False]
==========
t: 100, State: [[ 6.50168340e-02  1.20878916e+00  5.69569610e-02  3.35051008e-02
  -3.93213856e-03  8.22028473e-01  1.49319410e-02  7.11361954e-03
   8.20261487e-01  2.00159456e-01 -5.71639487e-03  1.16789737e-01
   4.41790358e-03 -1.27221293e-01  8.81526038e-04 -4.52745185e-03
  -1.90134873e-02 -2.66459074e-04]], Action: [[ 1.         -0.21090266  1.          1.          0.5565909   1.        ]], Reward: [1.1934605],Reward_sum: 108.49150848388672, Done: [False]
==========
t: 101, State: [[ 6.66380078e-02  1.20874172e+00  5.78973620e-02  3.35457276e-02
  -4.98239388e-03  8.22035192e-01  1.48890037e-02  6.95572180e-03
   8.20258156e-01  2.05273255e-01 -6.15424577e-03  1.18731456e-01
   5.63816228e-03 -1.34491444e-01  7.78928240e-04 -6.12280230e-03
  -1.99459895e-02 -5.65179398e-04]], Action: [[ 1.        -0.2118366  1.         1.         0.5529324  1.       ]], Reward: [1.1982961],Reward_sum: 109.68980407714844, Done: [False]
==========
t: 102, State: [[ 6.83021888e-02  1.20869058e+00  5.88591024e-02  3.35961287e-02
  -6.08216433e-03  8.22041340e-01  1.48336359e-02  6.79882660e-03
   8.20252528e-01  2.10890552e-01 -6.63956704e-03  1.22048836e-01
   6.82519601e-03 -1.39659051e-01  7.35613735e-04 -7.58987766e-03
  -1.90034628e-02 -8.30220401e-04]], Action: [[ 1.         -0.21316203  1.          1.          0.55233955  1.        ]], Reward: [1.203672],Reward_sum: 110.89347839355469, Done: [False]
==========
t: 103, State: [[ 7.00130323e-02  1.20863538e+00  5.98518161e-02  3.36561748e-02
  -7.21719346e-03  8.22047430e-01  1.47668164e-02  6.65551869e-03
   8.20244943e-01  2.16921370e-01 -7.16970881e-03  1.26409065e-01
   8.01137092e-03 -1.43345080e-01  7.58072603e-04 -8.94573621e-03
  -1.67573212e-02 -1.04696008e-03]], Action: [[ 1.         -0.21484113  1.          1.          0.55409443  1.        ]], Reward: [1.2095022],Reward_sum: 112.10298156738281, Done: [False]
==========
t: 104, State: [[ 7.17735166e-02  1.20857577e+00  6.08826026e-02  3.37257966e-02
  -8.37760587e-03  8.22053949e-01  1.46894714e-02  6.53391127e-03
   8.20235816e-01  2.23287024e-01 -7.74256266e-03  1.31514558e-01
   9.18486097e-03 -1.46028759e-01  8.35864284e-04 -1.01887923e-02
  -1.37442676e-02 -1.21150431e-03]], Action: [[ 1.        -0.2168082  1.         1.         0.5576208  1.       ]], Reward: [1.2157025],Reward_sum: 113.31868743896484, Done: [False]
==========
t: 105, State: [[ 7.35860611e-02  1.20851141e+00  6.19564246e-02  3.38047661e-02
  -9.55683267e-03  8.22061271e-01  1.46025455e-02  6.43827373e-03
   8.20225554e-01  2.29926438e-01 -8.35684139e-03  1.37128582e-01
   1.03197828e-02 -1.48061606e-01  9.52387660e-04 -1.13159013e-02
  -1.03904596e-02 -1.32839071e-03]], Action: [[ 1.         -0.21900457  1.          1.          0.56250167  1.        ]], Reward: [1.2222037],Reward_sum: 114.5408935546875, Done: [False]
==========
t: 106, State: [[ 7.54526687e-02  1.20844196e+00  6.30766063e-02  3.38926587e-02
  -1.07507118e-02  8.22069636e-01  1.45069805e-02  6.36998583e-03
   8.20214508e-01  2.36795978e-01 -9.01210278e-03  1.43076677e-01
   1.13929936e-02 -1.49696505e-01  1.09127360e-03 -1.23294938e-02
  -6.99872663e-03 -1.40695381e-03]], Action: [[ 1.         -0.22138575  1.          1.          0.56843865  1.        ]], Reward: [1.2289538],Reward_sum: 115.76984405517578, Done: [False]
==========
t: 107, State: [[ 0.07737506  1.20836712  0.0642453   0.0339889  -0.01195679  0.82207917
   0.01440367  0.00632847  0.82020294  0.24386717 -0.00970869  0.1492394
   0.01238984 -0.15111053  0.00123908 -0.01323795 -0.00376395 -0.00145809]], Action: [[ 1.         -0.22391865  1.          1.          0.57521653  1.        ]], Reward: [1.2359174],Reward_sum: 117.0057601928711, Done: [False]
==========
t: 108, State: [[ 7.93547646e-02  1.20828652e+00  6.54639109e-02  3.40928466e-02
  -1.31738031e-02  8.22089889e-01  1.42934150e-02  6.31194299e-03
   8.20191032e-01  2.51123926e-01 -1.04476734e-02  1.55542641e-01
   1.33044107e-02 -1.52421584e-01  1.38595012e-03 -1.40535654e-02
  -7.96315872e-04 -1.49209631e-03]], Action: [[ 1.         -0.22657856  1.          1.          0.5826817   1.        ]], Reward: [1.2430726],Reward_sum: 118.24883270263672, Done: [False]
==========
t: 109, State: [[ 0.08139325  1.20819985  0.06673337  0.03420383 -0.01440122  0.82210177
   0.01417691  0.00631803  0.82017888  0.25855978 -0.01123071  0.16194773
   0.01413807 -0.15370222  0.00152541 -0.01479071  0.00185657 -0.00151755]], Action: [[ 1.         -0.22934791  1.          1.          0.59073126  1.        ]], Reward: [1.2504086],Reward_sum: 119.4992446899414, Done: [False]
==========
t: 110, State: [[ 0.08349193  1.20810672  0.06805445  0.03432122 -0.01563896  0.82211472
   0.01405473  0.00634417  0.82016654  0.26617572 -0.01206001  0.16844337
   0.0148968  -0.15498825  0.00165367 -0.01546375  0.00419089 -0.00154094]], Action: [[ 1.         -0.23221335  1.          1.          0.59930325  1.        ]], Reward: [1.2579229],Reward_sum: 120.75716400146484, Done: [False]
==========
t: 111, State: [[ 0.08565229  1.20800677  0.06942788  0.03444444 -0.01688709  0.82212866
   0.01392734  0.0063879   0.82015399  0.27397855 -0.01293823  0.17503941
   0.01558881 -0.15628468  0.00176882 -0.0160856   0.00623265 -0.00156671]], Action: [[ 1.         -0.23516408  1.          1.          0.60837305  1.        ]], Reward: [1.2656196],Reward_sum: 122.02278137207031, Done: [False]
==========
t: 112, State: [[ 0.08787587  1.20789958  0.07085459  0.034573   -0.01814561  0.82214347
   0.01379511  0.00644705  0.82014122  0.2819793  -0.01386843  0.18176101
   0.01622342 -0.15757352  0.00187043 -0.01666761  0.00802741 -0.00159762]], Action: [[ 1.         -0.23819277  1.          1.          0.61795104  1.        ]], Reward: [1.2735077],Reward_sum: 123.2962875366211, Done: [False]
==========
t: 113, State: [[ 0.09016429  1.20778473  0.07233571  0.03470647 -0.01941434  0.82215904
   0.0136583   0.00651989  0.82012816  0.29019214 -0.014854    0.18864456
   0.01680981 -0.15881822  0.00195892 -0.01721909  0.00963243 -0.00163511]], Action: [[ 1.         -0.24129376  1.          1.          0.6280774   1.        ]], Reward: [1.2815999],Reward_sum: 124.57788848876953, Done: [False]
==========
t: 114, State: [[ 0.09251932  1.20766176  0.07387272  0.03484451 -0.02069269  0.82217528
   0.01351714  0.00660517  0.82011477  0.29863356 -0.01589863  0.19573453
   0.01735628 -0.15996758  0.00203524 -0.01774727  0.011111   -0.00167965]], Action: [[ 1.         -0.24446264  1.          1.          0.6388191   1.        ]], Reward: [1.2899115],Reward_sum: 125.8677978515625, Done: [False]
==========
t: 115, State: [[ 0.09494287  1.20753019  0.07546749  0.03498682 -0.02197965  0.82219208
   0.01337178  0.00670215  0.82010099  0.30732162 -0.01700629  0.20308056
   0.0178701  -0.16096036  0.00210067 -0.01825765  0.01252855 -0.00173109]], Action: [[ 1.         -0.24769667  1.          1.          0.65026706  1.        ]], Reward: [1.2984599],Reward_sum: 127.166259765625, Done: [False]
==========
t: 116, State: [[ 0.097437    1.20738948  0.07712228  0.03513317 -0.02327368  0.82220937
   0.01322236  0.00681065  0.82008676  0.31627547 -0.01818122  0.21073598
   0.01835709 -0.16172692  0.00215651 -0.01875398  0.01394979 -0.00178884]], Action: [[ 1.         -0.25099328  1.          1.          0.6625327   1.        ]], Reward: [1.3072634],Reward_sum: 128.47352600097656, Done: [False]
==========
t: 117, State: [[ 0.1000039   1.20723909  0.0788398   0.03528336 -0.02457265  0.82222707
   0.01306895  0.00693097  0.82007203  0.32551493 -0.01942789  0.21875599
   0.01882198 -0.16219287  0.00220409 -0.01923881  0.01543721 -0.00185209]], Action: [[ 1.         -0.25435123  1.          1.          0.67574704  1.        ]], Reward: [1.3163414],Reward_sum: 129.7898712158203, Done: [False]
==========
t: 118, State: [[ 0.10264595  1.20707842  0.08062321  0.03543724 -0.02587383  0.82224513
   0.01291165  0.00706391  0.82005677  0.33506035 -0.02075107  0.22719722
   0.01926779 -0.16227868  0.00224451 -0.01971312  0.01704946 -0.00191987]], Action: [[ 1.         -0.25776824  1.          1.          0.69005513  1.        ]], Reward: [1.3257138],Reward_sum: 131.11558532714844, Done: [False]
==========
t: 119, State: [[ 0.10536568  1.20690685  0.08247613  0.03559466 -0.02717382  0.82226348
   0.01275054  0.00721075  0.82004093  0.3449324  -0.02215579  0.2361171
   0.01969607 -0.1619011   0.00227866 -0.02017662  0.0188416  -0.00199114]], Action: [[ 1.         -0.261242    1.          1.          0.70561856  1.        ]], Reward: [1.3354008],Reward_sum: 132.45098876953125, Done: [False]
==========
t: 120, State: [[ 0.10816581  1.20672368  0.08440263  0.03575549 -0.02846853  0.82228209
   0.0125857   0.00737317  0.8200245   0.35515214 -0.02364742  0.24557405
   0.02010651 -0.16097205  0.00230711 -0.02062745  0.02086515 -0.00206475]], Action: [[ 1.         -0.26476845  1.          1.          0.72261286  1.        ]], Reward: [1.345423],Reward_sum: 133.79641723632812, Done: [False]
==========
t: 121, State: [[ 0.11104919  1.20652822  0.08640728  0.03591956 -0.02975315  0.82230089
   0.01241724  0.00755325  0.82000745  0.36574091 -0.02523164  0.25562726
   0.02049693 -0.15939892  0.00233008 -0.02106212  0.02316859 -0.00213938]], Action: [[ 1.         -0.26834205  1.          1.          0.7412274   1.        ]], Reward: [1.3558013],Reward_sum: 135.1522216796875, Done: [False]
==========
t: 122, State: [[ 0.11401888  1.20631969  0.0884951   0.03608672 -0.03102211  0.82231986
   0.01224531  0.00775349  0.81998979  0.37672031 -0.02691454  0.26633669
   0.02086297 -0.15708392  0.00234748 -0.0214752   0.02579795 -0.00221353]], Action: [[ 1.         -0.27195475  1.          1.          0.76166475  1.        ]], Reward: [1.3665568],Reward_sum: 136.51878356933594, Done: [False]
==========
t: 123, State: [[ 0.11707809  1.20609727  0.09067161  0.03625673 -0.03226901  0.82233893
   0.0120701   0.0079767   0.81997151  0.38811208 -0.02870258  0.27776279
   0.0211976  -0.15392352  0.0023588  -0.02185872  0.02879678 -0.0022853 ]], Action: [[ 1.         -0.27559498  1.          1.          0.78413725  1.        ]], Reward: [1.3777107],Reward_sum: 137.89649963378906, Done: [False]
==========
t: 124, State: [[ 0.12023022  1.2058601   0.09294282  0.03642931 -0.03348661  0.82235805
   0.0118919   0.00822608  0.81995265  0.39993793 -0.0306027   0.28996619
   0.02149047 -0.14980765  0.0023631  -0.02220151  0.03220629 -0.00235226]], Action: [[ 1.         -0.27924642  1.          1.          0.80886495  1.        ]], Reward: [1.3892841],Reward_sum: 139.28578186035156, Done: [False]
==========
t: 125, State: [[ 0.12347884  1.20560726  0.09531521  0.03660406 -0.03466674  0.82237717
   0.01171108  0.0085051   0.81993326  0.41221897 -0.03262229  0.3030059
   0.0217278  -0.14462232  0.00235913 -0.02248882  0.03606445 -0.00241134]], Action: [[ 1.         -0.28288832  1.          1.          0.8360704   1.        ]], Reward: [1.4012982],Reward_sum: 140.68707275390625, Done: [False]
==========
t: 126, State: [[ 0.12682765  1.20533774  0.09779568  0.03678046 -0.03580037  0.82239621
   0.01152817  0.00881757  0.81991342  0.42496674 -0.03476951  0.31691345
   0.02188805 -0.13828209  0.00234645 -0.02269407  0.04041156 -0.00244955]], Action: [[ 1.         -0.28649208  1.          1.          0.86596453  1.        ]], Reward: [1.4137701],Reward_sum: 142.10084533691406, Done: [False]
==========
t: 127, State: [[ 0.13028037  1.20505051  0.10039107  0.03695774 -0.03687821  0.82241509
   0.01134403  0.00916755  0.81989341  0.43816926 -0.03705301  0.33164892
   0.02193782 -0.13079317  0.0023265  -0.02277316  0.04527104 -0.00244377]], Action: [[ 1.         -0.29001912  1.          1.          0.8986653   1.        ]], Reward: [1.4266979],Reward_sum: 143.52752685546875, Done: [False]
==========
t: 128, State: [[ 0.13384056  1.20474442  0.10310775  0.03713486 -0.03789114  0.82243376
   0.01115985  0.00955889  0.81987362  0.45180915 -0.03948058  0.34714795
   0.02183938 -0.12219605  0.002299   -0.02268338  0.05058249 -0.00238867]], Action: [[ 1.         -0.29341993  1.          1.          0.9340606   1.        ]], Reward: [1.4400649],Reward_sum: 144.96759033203125, Done: [False]
==========
t: 129, State: [[ 0.13751164  1.20441831  0.10595153  0.03731046 -0.03883056  0.82245216
   0.01097714  0.00999474  0.81985442  0.46586622 -0.04205962  0.36333122
   0.02156071 -0.11256854  0.00226333 -0.02239152  0.05622975 -0.00228845]], Action: [[ 1.        -0.2966517  1.         1.         0.9719504  1.       ]], Reward: [1.4538522],Reward_sum: 146.42144775390625, Done: [False]
==========
t: 130, State: [[ 0.14129525  1.20407104  0.10892188  0.03748203 -0.03969624  0.82247039
   0.01079935  0.01046382  0.81983668  0.47995386 -0.04477282  0.37882491
   0.02088327 -0.10380491  0.00225651 -0.0215382   0.05914504 -0.00204916]], Action: [[ 1.         -0.29968116  1.          1.          1.          1.        ]], Reward: [1.467862],Reward_sum: 147.88931274414062, Done: [False]
==========
t: 131, State: [[ 0.14518805  1.20370175  0.11200058  0.03764555 -0.04051486  0.82248914
   0.01063296  0.01091837  0.81982222  0.4932579  -0.04757136  0.39073129
   0.01968422 -0.10052679  0.00236888 -0.01979312  0.053703   -0.00155038]], Action: [[ 1.         -0.30291364  1.          1.          1.          1.        ]], Reward: [1.4815086],Reward_sum: 149.37081909179688, Done: [False]
==========
t: 132, State: [[ 1.49185209e-01  1.20330963e+00  1.15163681e-01  3.78011308e-02
  -4.13303320e-02  8.22509234e-01  1.04789731e-02  1.13129638e-02
   8.19811534e-01  5.06116529e-01 -5.04852058e-02  4.00182676e-01
   1.89223494e-02 -1.02639483e-01  2.56518027e-03 -1.85201646e-02
   4.47646655e-02 -1.13466314e-03]], Action: [[ 1.         -0.30708066  1.          1.          1.          1.        ]], Reward: [1.4945501],Reward_sum: 150.86537170410156, Done: [False]
==========
t: 133, State: [[ 1.53284837e-01  1.20289364e+00  1.18397334e-01  3.79523733e-02
  -4.21763198e-02  8.22530776e-01  1.03325300e-02  1.16317039e-02
   8.19803476e-01  5.18925438e-01 -5.35428192e-02  4.08540671e-01
   1.86029225e-02 -1.07872944e-01  2.72124186e-03 -1.79187924e-02
   3.50520071e-02 -8.99046180e-04]], Action: [[ 1.       -0.311107  1.        1.        1.        1.      ]], Reward: [1.5073566],Reward_sum: 152.3727264404297, Done: [False]
==========
t: 134, State: [[ 1.57487882e-01  1.20245253e+00  1.21697480e-01  3.81018746e-02
  -4.30681962e-02  8.22553100e-01  1.01890053e-02  1.18747302e-02
   8.19796632e-01  5.31997974e-01 -5.67684359e-02  4.16902677e-01
   1.84928841e-02 -1.13963391e-01  2.76681140e-03 -1.77814174e-02
   2.59788967e-02 -8.24142525e-04]], Action: [[ 1.         -0.31465277  1.          1.          1.          1.        ]], Reward: [1.5202817],Reward_sum: 153.89300537109375, Done: [False]
==========
t: 135, State: [[ 1.61797322e-01  1.20198488e+00  1.25067226e-01  3.82504310e-02
  -4.40060856e-02  8.22575266e-01  1.00457865e-02  1.20500777e-02
   8.19789945e-01  5.45534034e-01 -6.01822316e-02  4.25979600e-01
   1.83802343e-02 -1.19340679e-01  2.69506419e-03 -1.78330879e-02
   1.81789579e-02 -8.50218287e-04]], Action: [[ 1.         -0.31769463  1.          1.          1.          1.        ]], Reward: [1.533579],Reward_sum: 155.42657470703125, Done: [False]
==========
t: 136, State: [[ 1.66217306e-01  1.20148921e+00  1.28513782e-01  3.83975759e-02
  -4.49818213e-02  8.22596384e-01  9.90217777e-03  1.21688567e-02
   8.19782846e-01  5.59633837e-01 -6.37652364e-02  4.36098346e-01
   1.81614825e-02 -1.23538630e-01  2.51603125e-03 -1.78789968e-02
   1.18313461e-02 -9.19837456e-04]], Action: [[ 1.         -0.32033393  1.          1.          1.          1.        ]], Reward: [1.5473955],Reward_sum: 156.97396850585938, Done: [False]
==========
t: 137, State: [[ 1.70752528e-01  1.20096427e+00  1.32045976e-01  3.85422334e-02
  -4.59860737e-02  8.22615710e-01  9.75877360e-03  1.22425755e-02
   8.19775174e-01  5.74335317e-01 -6.75130303e-02  4.47369946e-01
   1.77746423e-02 -1.26489246e-01  2.26986944e-03 -1.77825180e-02
   6.88580151e-03 -9.86715967e-04]], Action: [[ 1.         -0.32262334  1.          1.          1.          1.        ]], Reward: [1.5617986],Reward_sum: 158.5357666015625, Done: [False]
==========
t: 138, State: [[ 1.75407798e-01  1.20040845e+00  1.35673195e-01  3.86828216e-02
  -4.70071997e-02  8.22633011e-01  9.61715764e-03  1.22818941e-02
   8.19767101e-01  5.89634080e-01 -7.14933603e-02  4.59816153e-01
   1.71674842e-02 -1.27848133e-01  2.02268336e-03 -1.74433708e-02
   3.19182570e-03 -1.01778929e-03]], Action: [[ 1.         -0.32459638  1.          1.          1.          1.        ]], Reward: [1.5768034],Reward_sum: 160.11257934570312, Done: [False]
==========
t: 139, State: [[ 1.80187759e-01  1.19981971e+00  1.39404417e-01  3.88176527e-02
  -4.80328931e-02  8.22648431e-01  9.47934341e-03  1.22960151e-02
   8.19758967e-01  6.05494477e-01 -7.57491176e-02  4.73324822e-01
   1.63600561e-02 -1.27748317e-01  1.80729843e-03 -1.68493376e-02
   5.44850436e-04 -1.00203478e-03]], Action: [[ 1.         -0.32634094  1.          1.          1.          1.        ]], Reward: [1.5923885],Reward_sum: 161.70497131347656, Done: [False]
==========
t: 140, State: [[ 1.85096249e-01  1.19919581e+00  1.43246627e-01  3.89451777e-02
  -4.90535347e-02  8.22662259e-01  9.34757696e-03  1.22931158e-02
   8.19720596e-01  6.21764501e-01 -8.02855556e-02  4.87527646e-01
   1.53653117e-02 -1.26702623e-01  1.63040099e-03 -1.59632386e-02
  -1.14090558e-03 -7.61821176e-03]], Action: [[ 1.        -0.3278571  1.         1.         1.         0.9860437]], Reward: [1.6084815],Reward_sum: 163.31344604492188, Done: [False]
==========
t: 141, State: [[ 0.19013749  1.19853445  0.14720877  0.03905999 -0.05004762  0.82267394
   0.00922747  0.0122815   0.81959473  0.63865675 -0.08510112  0.50318305
   0.01328648 -0.1215785   0.00129398 -0.01401449 -0.00172123 -0.0216093 ]], Action: [[ 1.         -0.32701442  1.          1.          1.          0.96128345]], Reward: [1.6251243],Reward_sum: 164.93856811523438, Done: [False]
==========
t: 142, State: [[ 1.95316804e-01  1.19783352e+00  1.51303139e-01  3.91527060e-02
  -5.09804527e-02  8.22682095e-01  9.12822792e-03  1.22693408e-02
   8.19341027e-01  6.56259724e-01 -9.01846447e-02  5.20479103e-01
   9.99456410e-03 -1.11889065e-01  7.92955347e-04 -1.08767626e-02
  -1.37834423e-03 -3.87606923e-02]], Action: [[ 1.         -0.32455525  1.          1.          1.          0.9336395 ]], Reward: [1.642437],Reward_sum: 166.58102416992188, Done: [False]
==========
t: 143, State: [[ 2.00639327e-01  1.19709076e+00  1.55540413e-01  3.92168832e-02
  -5.18264624e-02  8.22686241e-01  9.05652827e-03  1.22619577e-02
   8.18949310e-01  6.74441763e-01 -9.55619151e-02  5.38830224e-01
   6.24597306e-03 -1.00202108e-01  3.08947085e-04 -7.21728552e-03
  -5.85493761e-04 -5.56961991e-02]], Action: [[ 1.         -0.3221446   1.          1.          1.          0.90566206]], Reward: [1.6603914],Reward_sum: 168.24139404296875, Done: [False]
==========
t: 144, State: [[ 2.06109044e-01  1.19630377e+00  1.59926295e-01  3.92518243e-02
  -5.25804159e-02  8.22687008e-01  9.01379873e-03  1.22613606e-02
   8.18433050e-01  6.93048290e-01 -1.01246020e-01  5.57590728e-01
   2.72156716e-03 -8.90102149e-02 -5.44749943e-05 -3.67728282e-03
   2.97550554e-04 -6.98517579e-02]], Action: [[ 1.         -0.32026967  1.          1.          1.          0.8795183 ]], Reward: [1.6788385],Reward_sum: 169.92022705078125, Done: [False]
==========
t: 145, State: [[ 2.11728894e-01  1.19547004e+00  1.64462129e-01  3.92611846e-02
  -5.32533450e-02  8.22685497e-01  8.99718377e-03  1.22672875e-02
   8.17821926e-01  7.11972389e-01 -1.07250936e-01  5.76311255e-01
  -1.57039784e-04 -7.99322221e-02 -2.74501480e-04 -6.93190407e-04
   1.05021299e-03 -7.96648464e-02]], Action: [[ 1.         -0.31901333  1.          1.          1.          0.85663414]], Reward: [1.6976457],Reward_sum: 171.61788940429688, Done: [False]
==========
t: 146, State: [[ 2.17501238e-01  1.19458692e+00  1.69146782e-01  3.92507898e-02
  -5.38648579e-02  8.22682737e-01  9.00139434e-03  1.22782841e-02
   8.17153614e-01  7.31173080e-01 -1.13595183e-01  5.94808361e-01
  -2.24816428e-03 -7.35622572e-02 -3.83111750e-04  1.54925876e-03
   1.58368498e-03 -8.45919131e-02]], Action: [[ 1.         -0.31822374  1.          1.          1.          0.8376074 ]], Reward: [1.7167401],Reward_sum: 173.33462524414062, Done: [False]
==========
t: 147, State: [[ 2.23428349e-01  1.19365161e+00  1.73978632e-01  3.92266529e-02
  -5.44357245e-02  8.22679382e-01  9.02057055e-03  1.22926230e-02
   8.16466488e-01  7.50666103e-01 -1.20301167e-01  6.13128838e-01
  -3.62795717e-03 -6.96613763e-02 -4.36151671e-04  3.07843960e-03
   1.90881063e-03 -8.48999807e-02]], Action: [[ 1.         -0.31764886  1.          1.          1.          0.82243276]], Reward: [1.7361116],Reward_sum: 175.07073974609375, Done: [False]
==========
t: 148, State: [[ 2.29512774e-01  1.19266111e+00  1.78957043e-01  3.91936400e-02
  -5.49826764e-02  8.22675634e-01  9.04966555e-03  1.23089158e-02
   8.15794502e-01  7.70501473e-01 -1.27392968e-01  6.31461768e-01
  -4.49433141e-03 -6.75036599e-02 -4.88026868e-04  4.05761618e-03
   2.09293502e-03 -8.13483168e-02]], Action: [[ 1.        -0.3170435  1.         1.         1.         0.8107909]], Reward: [1.7557952],Reward_sum: 176.8265380859375, Done: [False]
==========
t: 149, State: [[ 2.35757518e-01  1.19161224e+00  1.84083150e-01  3.91548543e-02
  -5.55158469e-02  8.22671320e-01  9.08519646e-03  1.23264054e-02
   8.15164578e-01  7.90742028e-01 -1.34894624e-01  6.50052910e-01
  -5.08375340e-03 -6.61892131e-02 -5.78222565e-04  4.70711418e-03
   2.22298593e-03 -7.48885287e-02]], Action: [[ 1.         -0.31621227  1.          1.          1.          0.8022634 ]], Reward: [1.7758493],Reward_sum: 178.60238647460938, Done: [False]
==========
t: 150, State: [[ 2.42166079e-01  1.19050163e+00  1.89360044e-01  3.91115605e-02
  -5.60382802e-02  8.22666026e-01  9.12546025e-03  1.23450175e-02
   8.14596008e-01  8.11448490e-01 -1.42829416e-01  6.69144147e-01
  -5.61732657e-03 -6.48536015e-02 -7.28188603e-04  5.24792193e-03
   2.38156234e-03 -6.64542257e-02]], Action: [[ 1.         -0.31501308  1.          1.          1.          0.79644346]], Reward: [1.7963365],Reward_sum: 180.39871215820312, Done: [False]
==========
t: 151, State: [[ 2.48742404e-01  1.18932571e+00  1.94792613e-01  3.90634198e-02
  -5.65466637e-02  8.22659234e-01  9.17040307e-03  1.23652752e-02
   8.14101137e-01  8.32671800e-01 -1.51219984e-01  6.88941541e-01
  -6.27532923e-03 -6.27708815e-02 -9.44477681e-04  5.87032550e-03
   2.63547373e-03 -5.68436665e-02]], Action: [[ 1.         -0.31334296  1.          1.          1.          0.792984  ]], Reward: [1.8173137],Reward_sum: 182.2160186767578, Done: [False]
==========
t: 152, State: [[ 0.25549079  1.18808075  0.20038718  0.03900886 -0.05703264  0.82265042
   0.00922131  0.01238815  0.81368665  0.8544493  -0.16008861  0.70959961
  -0.00718707 -0.05939927 -0.00122338  0.00671844  0.00303143 -0.04667808]], Action: [[ 1.         -0.31113163  1.          1.          1.          0.79160243]], Reward: [1.8388251],Reward_sum: 184.05484008789062, Done: [False]
==========
t: 153, State: [[ 0.26241577  1.18676284  0.20615105  0.03894552 -0.05748441  0.82263912
   0.00928038  0.0124149   0.81335496  0.87680205 -0.16945717  0.73121146
  -0.00842627 -0.05440739 -0.00155463  0.00788223  0.00359453 -0.03641216]], Action: [[ 1.         -0.30834588  1.          1.          1.          0.7920587 ]], Reward: [1.8609],Reward_sum: 185.91574096679688, Done: [False]
==========
t: 154, State: [[ 0.26952196  1.18536788  0.21209199  0.03887068 -0.05788848  0.82262496
   0.0093503   0.0124469   0.81310535  0.89973283 -0.17934684  0.75380238
  -0.01001005 -0.04768853 -0.00192403  0.00939459  0.00432821 -0.02638079]], Action: [[ 1.         -0.30499473  1.          1.          1.          0.7941055 ]], Reward: [1.8835504],Reward_sum: 187.79928588867188, Done: [False]
==========
t: 155, State: [[ 0.27681393  1.18389165  0.21821764  0.03878173 -0.0582315   0.82260772
   0.0094338   0.01248543  0.81293463  0.92322459 -0.18977741  0.77732578
  -0.01190022 -0.03936696 -0.00231521  0.01123161  0.005215   -0.01686642]], Action: [[ 1.         -0.30113456  1.          1.          1.          0.7974194 ]], Reward: [1.9067687],Reward_sum: 189.7060546875, Done: [False]
==========
t: 156, State: [[ 0.28429599  1.18232973  0.224535    0.03867658 -0.05850204  0.8225873
   0.00953315  0.0125316   0.81283721  0.9472408  -0.20076687  0.80166618
  -0.01401045 -0.02978033 -0.00271146  0.01331869  0.00621908 -0.00817254]], Action: [[ 1.         -0.29686376  1.          1.          1.          0.8015237 ]], Reward: [1.9305279],Reward_sum: 191.6365966796875, Done: [False]
==========
t: 157, State: [[ 2.91972144e-01  1.18067760e+00  2.31049901e-01  3.85539677e-02
  -5.86920907e-02  8.22563724e-01  9.64991237e-03  1.25861396e-02
   8.12804699e-01  9.71729531e-01 -2.12331410e-01  8.26655118e-01
  -1.62228850e-02 -1.94197425e-02 -3.09824129e-03  1.55455503e-02
   7.29203221e-03 -6.81302474e-04]], Action: [[ 1.         -0.29230174  1.          1.          1.          0.8057327 ]], Reward: [1.954784],Reward_sum: 193.59136962890625, Done: [False]
==========
t: 158, State: [[ 0.2998419   1.17888067  0.23773795  0.03844529 -0.05968166  0.8224444
   0.00975116  0.01264452  0.81284192  0.99587077 -0.23793665  0.8445366
  -0.00993792 -0.2590915  -0.02724634  0.00874169  0.00692807  0.00935178]], Action: [[ 1.         -0.28756055  1.          1.          1.          0.8091434 ]], Reward: [1.978982],Reward_sum: 195.57034301757812, Done: [False]
==========
t: 159, State: [[ 0.30796931  1.17686709  0.24480863  0.03818506 -0.06158457  0.82217731
   0.00997152  0.01276659  0.81301248  1.03516424 -0.26437159  0.91950306
  -0.05085113 -0.23187912 -0.03734286  0.04371359  0.02243476  0.03039917]], Action: [[ 1.         -0.18788677  1.          1.          1.          0.83850574]], Reward: [2.0111876],Reward_sum: 197.58155822753906, Done: [False]
==========
t: 160, State: [[ 0.31640015  1.1746631   0.25242499  0.03766607 -0.06346703  0.8218724
   0.0104298   0.01299249  0.81336531  1.07180899 -0.28576807  0.98124367
  -0.07562106 -0.25151129 -0.03784158  0.06840762  0.03304596  0.05397365]], Action: [[ 1.         -0.17752293  1.          1.          1.          0.8708546 ]], Reward: [2.0490654],Reward_sum: 199.630615234375, Done: [False]
==========
t: 161, State: [[ 0.32512314  1.17230202  0.26052468  0.0369629  -0.06544943  0.82158448
   0.0110784   0.01330008  0.81384095  1.10810637 -0.3038306   1.04006974
  -0.09686709 -0.25745228 -0.03370504  0.09107306  0.04274491  0.0626497 ]], Action: [[ 1.         -0.15111393  1.          1.          1.          0.8742788 ]], Reward: [2.0855863],Reward_sum: 201.71621704101562, Done: [False]
==========
t: 162, State: [[ 0.3341318   1.16980728  0.26907357  0.03610704 -0.06745433  0.82133823
   0.01189472  0.01368012  0.81429275  1.14320032 -0.31937482  1.09350053
  -0.11386873 -0.25708486 -0.02775613  0.11025656  0.0510528   0.05074587]], Action: [[ 1.         -0.12616742  1.          1.          1.          0.85090363]], Reward: [2.121343],Reward_sum: 203.83755493164062, Done: [False]
==========
t: 163, State: [[ 0.34341819  1.16719461  0.27803899  0.0351196  -0.06936454  0.82114185
   0.01285952  0.01412473  0.8145608   1.17748025 -0.3334668   1.1440485
  -0.12960205 -0.23442397 -0.02139929  0.12800952  0.058743    0.01977118]], Action: [[ 1.         -0.0959388   1.          1.          1.          0.80453205]], Reward: [2.1561427],Reward_sum: 205.9936981201172, Done: [False]
==========
t: 164, State: [[ 0.35297375  1.1644727   0.28739219  0.03401545 -0.07102496  0.82099533
   0.01395664  0.01462642  0.81452504  1.21047174 -0.34681484  1.19042532
  -0.14300122 -0.19479437 -0.0153712   0.14325824  0.06524499 -0.02274613]], Action: [[ 1.         -0.06647184  1.          1.          1.          0.74549025]], Reward: [2.1898844],Reward_sum: 208.18359375, Done: [False]
==========
t: 165, State: [[ 0.36278728  1.16164488  0.29709787  0.03281532 -0.07231051  0.8208945
   0.01516362  0.01517425  0.81412956  1.24197802 -0.36004711  1.23223643
  -0.15362688 -0.14054596 -0.01000934  0.15547317  0.07026967 -0.06858866]], Action: [[ 1.         -0.03765815  1.          1.          1.          0.68124205]], Reward: [2.2222257],Reward_sum: 210.40582275390625, Done: [False]
==========
t: 166, State: [[ 0.3728458   1.15871013  0.30711581  0.03154555 -0.07312961  0.82083335
   0.01645216  0.0157546   0.81338275  1.27176038 -0.37362137  1.26868292
  -0.16056968 -0.07751754 -0.00545652  0.16376503  0.07343475 -0.11004036]], Action: [[ 1.         -0.01127094  1.          1.          1.          0.6194291 ]], Reward: [2.2529316],Reward_sum: 212.65875244140625, Done: [False]
==========
t: 167, State: [[ 0.38313508  1.15566423  0.31740129  0.03023811 -0.07343265  0.82080524
   0.01778833  0.01635157  0.81234692  1.29973516 -0.38789025  1.29941743
  -0.16331374 -0.01043508 -0.00174523  0.16759939  0.07455203 -0.14126603]], Action: [[1.         0.01216346 1.         1.         1.         0.56590354]], Reward: [2.2818396],Reward_sum: 214.94058227539062, Done: [False]
==========
t: 168, State: [[ 3.93644968e-01  1.15249932e+00  3.27894911e-01  2.88344453e-02
  -7.30565442e-02  8.20802044e-01  1.91184541e-02  1.69430683e-02
   8.11118390e-01  1.32697359e+00 -4.03412527e-01  1.32198846e+00
  -1.82245378e-01  9.04111246e-02  8.66705720e-04  1.63488760e-01
   7.25059478e-02 -1.59342895e-01]], Action: [[0.9293114  0.03235349 1.         1.         1.         0.5236361 ]], Reward: [2.3095968],Reward_sum: 217.25018310546875, Done: [False]
==========
t: 169, State: [[ 0.404359    1.1492083   0.33849633  0.02727843 -0.07203343  0.8208151
   0.02035512  0.01749262  0.80981123  1.35106483 -0.41950718  1.32820487
  -0.20056002  0.15348777  0.00237909  0.14581628  0.06469949 -0.16267537]], Action: [[0.8405695  0.02835676 1.         1.         1.         0.4971475 ]], Reward: [2.3352997],Reward_sum: 219.58547973632812, Done: [False]
==========
t: 170, State: [[ 0.41524823  1.14578819  0.34909069  0.02568152 -0.07088306  0.8208372
   0.0214103   0.0179613   0.80851194  1.37115301 -0.43579152  1.3213071
  -0.19471216  0.12862319  0.00310856  0.11883679  0.05266487 -0.15847056]], Action: [[0.8005799  0.01101002 1.         1.         1.         0.4728241 ]], Reward: [2.3572886],Reward_sum: 221.94276428222656, Done: [False]
==========
t: 171, State: [[ 0.42628847  1.14223588  0.35962103  0.02425019 -0.07021198  0.82086344
   0.02225076  0.01833343  0.80721264  1.38907979 -0.45264523  1.31220689
  -0.16251089  0.03990871  0.00337901  0.09186386  0.04051783 -0.16174874]], Action: [[ 8.1585920e-01 -4.4253469e-04  1.0000000e+00  1.0000000e+00
   1.0000000e+00  4.2685139e-01]], Reward: [2.3761828],Reward_sum: 224.31895446777344, Done: [False]
==========
t: 172, State: [[ 0.43747949  1.13854191  0.37012703  0.02308864 -0.07012294  0.82089103
   0.0229181   0.01862787  0.80578224  1.4088062  -0.47122759  1.3144895
  -0.12843134 -0.01628559  0.00346944  0.07479656  0.03286999 -0.18784377]], Action: [[0.83884406 0.01168188 1.         1.         1.         0.3387304 ]], Reward: [2.3950586],Reward_sum: 226.71401977539062, Done: [False]
==========
t: 173, State: [[ 0.44883661  1.13469178  0.38065326  0.02208328 -0.07015041  0.82092027
   0.02342482  0.01889052  0.80410259  1.43055597 -0.49168611  1.31823112
  -0.1207329   0.00770396  0.0038006   0.05325282  0.03187654 -0.22215931]], Action: [[0.8180224  0.04062149 1.         0.9411992  1.         0.2480268 ]], Reward: [2.4160223],Reward_sum: 229.13003540039062, Done: [False]
==========
t: 174, State: [[ 0.46036731  1.13067228  0.39120191  0.02112919 -0.06995728  0.82095154
   0.02374975  0.01913894  0.80222598  1.45229414 -0.51359245  1.32075134
  -0.11531918  0.03966226  0.00397743  0.0299878   0.02947044 -0.23877459]], Action: [[0.79608464 0.04694256 1.         0.90486366 1.         0.19566743]], Reward: [2.4378438],Reward_sum: 231.56788635253906, Done: [False]
==========
t: 175, State: [[ 0.4720749   1.1264707   0.40178591  0.02021708 -0.06945532  0.82098329
   0.02390328  0.01936209  0.80026856  1.47481018 -0.53720243  1.3271869
  -0.1102765   0.08520308  0.00393983  0.01040778  0.02579407 -0.24364066]], Action: [[0.772331   0.05182338 1.         0.8806796  1.         0.14759277]], Reward: [2.460053],Reward_sum: 234.02792358398438, Done: [False]
==========
t: 176, State: [[ 4.83973450e-01  1.12206991e+00  4.12466688e-01  1.93061244e-02
  -6.83672690e-02  8.21014418e-01  2.39359079e-02  1.95591441e-02
   7.98326343e-01  1.49989549e+00 -5.63325777e-01  1.34456636e+00
  -1.14149877e-01  1.83744452e-01  3.86050203e-03 -5.76157374e-04
   2.30985169e-02 -2.36549955e-01]], Action: [[0.7345931  0.06647888 1.         0.8626894  1.         0.11185257]], Reward: [2.4840176],Reward_sum: 236.51193237304688, Done: [False]
==========
t: 177, State: [[ 0.49610253  1.11743953  0.42342231  0.01826544 -0.06587769  0.82104552
   0.02399256  0.0197491   0.79656496  1.53187357 -0.59432327  1.39371976
  -0.14045301  0.4268797   0.00401331  0.01441495  0.02427097 -0.20241397]], Action: [[0.6699671  0.10640919 1.         0.8836762  1.         0.12165003]], Reward: [2.5128787],Reward_sum: 239.02481079101562, Done: [False]
==========
t: 178, State: [[ 0.50857687  1.11250818  0.4351948   0.01671469 -0.05946115  0.82108354
   0.02450963  0.02002583  0.79534742  1.58421833 -0.63764372  1.54088174
  -0.23482271  1.13649796  0.00571112  0.10777776  0.04446911 -0.10950949]], Action: [[0.56927556 0.2532561  1.         0.9820702  1.         0.23021336]], Reward: [2.555887],Reward_sum: 241.58071899414062, Done: [False]
==========
t: 179, State: [[ 0.52147445  1.10722993  0.44778785  0.0127989  -0.04388818  0.82114423
   0.0256959   0.01975401  0.79485485  1.64018408 -0.68264986  1.60375074
  -0.74784789  2.75390737  0.00864306  0.17543325 -0.09304675 -0.02327406]], Action: [[0.75403476 0.55103743 1.         0.691402   0.19702065 0.26039922]], Reward: [2.6097405],Reward_sum: 244.19046020507812, Done: [False]
==========
t: 180, State: [[ 0.53407809  1.10197208  0.45825003  0.00910443 -0.0316156   0.82126122
   0.02563414  0.01749585  0.79467734  1.51209187 -0.63129714  1.01192793
  -0.22151673  0.40656022  0.01807704 -0.15911016 -0.53059908 -0.01919993]], Action: [[ 1.         -0.18363848  1.         -0.09929482 -0.32927677  0.18596317]], Reward: [2.5732691],Reward_sum: 246.76373291015625, Done: [False]
==========
t: 181, State: [[ 0.54627255  1.09677721  0.46685396  0.00935733 -0.03221392  0.82135063
   0.02422523  0.01450956  0.79442498  1.53721133 -0.66779742  1.12669565
   0.23198488 -0.48067127  0.00455883 -0.19421036 -0.24701081 -0.03985839]], Action: [[ 1.         -0.24753127  1.          1.          1.          0.21600242]], Reward: [2.520199],Reward_sum: 249.283935546875, Done: [False]
==========
t: 182, State: [[ 0.55870142  1.09162279  0.47591487  0.01088892 -0.03454601  0.82132175
   0.02261337  0.01387136  0.7770273   1.56718345 -0.61771892  1.12668886
   0.1532626  -0.1274695  -0.00968346 -0.19710853  0.05296467 -4.25842571]], Action: [[ 0.76739645  0.15656137  1.          0.41340503  1.         -0.47122496]], Reward: [2.550603],Reward_sum: 251.83453369140625, Done: [False]
==========
t: 183, State: [[ 5.71765464e-01  1.08645078e+00  4.84897916e-01  5.15563107e-03
  -1.88010938e-02  8.21236605e-01  2.03962448e-02  1.46423009e-02
   7.39007667e-01  1.69841777e+00 -6.76549551e-01  1.13365115e+00
  -1.55931459e+00  4.04246149e+00 -1.18883713e-02 -3.31554693e-01
   1.27079414e-01 -5.22970439e+00]], Action: [[ 1.          1.          1.         -0.7549306   0.49608198 -0.1949962 ]], Reward: [2.629151],Reward_sum: 254.46365356445312, Done: [False]
==========
t: 184, State: [[ 5.85427509e-01  1.08140212e+00  4.93215471e-01 -9.19360895e-03
   1.82351979e-02  8.21145977e-01  1.74890304e-02  1.58782690e-02
   6.77709038e-01  1.66519647e+00 -5.50504362e-01  9.11766589e-01
  -1.28817197e+00  3.56331125e+00  5.00851725e-04 -3.56657642e-01
   1.71777441e-01 -1.00000000e+01]], Action: [[ 1.          0.9103924   1.         -1.          0.3531441  -0.60067207]], Reward: [2.7034414],Reward_sum: 257.1671142578125, Done: [False]
==========
t: 185, State: [[  0.59848051   1.07730398   0.50045419  -0.01393995   0.03686163
    0.8212713    0.01514672   0.01775717   0.5897926    1.6040209
   -0.4773638    0.88867756  -0.01852858   1.32822057   0.02596949
   -0.23914539   0.27854654 -10.        ]], Action: [[ 1.          1.          1.         -0.6834773   1.         -0.22457315]], Reward: [2.6271079],Reward_sum: 259.7942199707031, Done: [False]
==========
t: 186, State: [[ 0.61132344  1.07293626  0.50867041 -0.00993889  0.04242764  0.82159946
   0.01367143  0.01945718  0.52153573  1.61108344 -0.62126356  1.17500054
   0.96561676  0.19548301  0.05124385 -0.14154184  0.15486286 -5.27670336]], Action: [[ 1.          1.          1.         -0.44745794  1.          0.6246491 ]], Reward: [2.6007757],Reward_sum: 262.3949890136719, Done: [False]
==========
t: 187, State: [[ 6.24172932e-01  1.06775151e+00  5.18148447e-01 -3.83498295e-04
   4.14827761e-02  8.21926571e-01  1.24022144e-02  2.04554924e-02
   4.85255236e-01  1.63695589e+00 -6.82550944e-01  1.23919917e+00
   1.23404034e+00 -4.10217031e-01 -2.58824140e-02 -1.83542427e-01
   9.42081203e-02 -3.39959669e+00]], Action: [[ 1.          1.          1.         -0.7828384   0.72316265  0.09848033]], Reward: [2.6020408],Reward_sum: 264.99700927734375, Done: [False]
==========
t: 188, State: [[ 0.6376753   1.06220273  0.52654697  0.00494759  0.03679815  0.82096414
   0.00820219  0.02073438  0.46892795  1.73072827 -0.70863202  0.89498106
   0.19198178 -0.69342531 -0.17033182 -0.81083758 -0.01185543 -0.91147806]], Action: [[ 1.          1.          1.         -1.          0.2901082  -0.13262616]], Reward: [2.6836944],Reward_sum: 267.68072509765625, Done: [False]
==========
t: 189, State: [[ 0.65198191  1.05680089  0.53535064  0.00701534  0.03096544  0.81962261
   0.00284239  0.02108043  0.46199043  1.83640299 -0.640744    1.26496463
   0.30779422 -0.72960052 -0.15131536 -0.55732546  0.0851041  -0.86293072]], Action: [[ 1.          0.47864717  1.         -0.05004213  1.         -1.        ]], Reward: [2.7840948],Reward_sum: 270.4648132324219, Done: [False]
==========
t: 190, State: [[ 6.66911667e-01  1.05200897e+00  5.45787358e-01  9.24356167e-03
   2.52875924e-02  8.18633079e-01 -1.73210772e-03  2.21184530e-02
   4.54477621e-01  1.89183166e+00 -5.56836671e-01  1.33241501e+00
   2.51720021e-01 -6.73322904e-01 -9.44014431e-02 -5.85371949e-01
   1.61386381e-01 -1.04279426e+00]], Action: [[ 1.          0.45716903  1.         -0.34108552  1.         -1.        ]], Reward: [2.861894],Reward_sum: 273.3266906738281, Done: [False]
==========
t: 191, State: [[ 0.6821806   1.04791447  0.55631605  0.01093847  0.02029578  0.81810979
  -0.00677697  0.02357139  0.44492233  1.9180243  -0.46530659  1.27624743
   0.18066732 -0.56281305 -0.03167462 -0.6884204   0.19304261 -1.35711878]], Action: [[ 1.          0.4524327   1.         -0.43919787  1.         -1.        ]], Reward: [2.9042196],Reward_sum: 276.2309265136719, Done: [False]
==========
t: 192, State: [[ 0.69752606  1.04459287  0.5658479   0.01209108  0.01631656  0.81809409
  -0.01303391  0.02516123  0.43255098  1.91863981 -0.36488381  1.10974989
   0.11278887 -0.4357069   0.02095139 -0.86664892  0.19877252 -1.74906258]], Action: [[ 1.          0.47925866  1.         -0.5225973   1.         -1.        ]], Reward: [2.913679],Reward_sum: 279.1446228027344, Done: [False]
==========
t: 193, State: [[ 0.71289358  1.04207132  0.57420162  0.01287439  0.01328468  0.81836023
  -0.02041146  0.02666167  0.41678381  1.92341337 -0.26531615  0.97825007
   0.08436232 -0.32658485  0.04202713 -0.97534316  0.1748679  -2.20012365]], Action: [[ 1.          0.47999567  1.         -0.47596735  1.         -1.        ]], Reward: [2.9164832],Reward_sum: 282.06109619140625, Done: [False]
==========
t: 194, State: [[ 0.72830934  1.04034576  0.58154363  0.01349135  0.01104416  0.81872325
  -0.02854536  0.02793273  0.39726893  1.93067837 -0.16595357  0.85580631
   0.06988061 -0.23776288  0.04697878 -1.05807832  0.14318828 -2.68208704]], Action: [[ 1.          0.4862944   1.         -0.45233795  1.         -1.        ]], Reward: [2.922529],Reward_sum: 284.983642578125, Done: [False]
==========
t: 195, State: [[ 0.74379445  1.03941218  0.58795241  0.01406256  0.0093813   0.81908876
  -0.03723383  0.02893124  0.37383988  1.94078835 -0.06741416  0.74417892
   0.07092317 -0.17995507  0.04370331 -1.11581322  0.10808008 -3.17632684]], Action: [[ 1.          0.43498832  1.         -0.40421996  1.         -1.        ]], Reward: [2.9312868],Reward_sum: 287.9149169921875, Done: [False]
==========
t: 196, State: [[ 0.75936043  1.03927092  0.59339181  0.01460985  0.00803793  0.81941591
  -0.04644622  0.02968444  0.34643927  1.95109443  0.03192788  0.61541521
   0.06474911 -0.15474037  0.03783788 -1.18671701  0.08153204 -3.67356159]], Action: [[ 1.          0.35226682  1.         -0.40292075  1.         -1.        ]], Reward: [2.9414608],Reward_sum: 290.85638427734375, Done: [False]
==========
t: 197, State: [[ 0.77499355  1.039938    0.59759076  0.01498806  0.00674179  0.81969934
  -0.05645733  0.03030144  0.315065    1.95794472  0.13434717  0.43880502
   0.03239378 -0.16397772  0.03279321 -1.30903272  0.07220088 -4.16890658]], Action: [[ 1.          0.23264304  1.         -0.47948685  1.         -1.        ]], Reward: [2.9498563],Reward_sum: 293.8062438964844, Done: [False]
==========
t: 198, State: [[ 7.90458804e-01  1.04160476e+00  5.98816269e-01  1.51841938e-02
   1.41609356e-03  8.19961630e-01 -6.90166841e-02  3.08937603e-02
   2.79657947e-01  1.90862452e+00  2.82004480e-01 -1.30877302e-01
   1.77628434e-02 -1.16626330e+00  3.19475183e-02 -1.82580493e+00
   7.40422643e-02 -4.68076324e+00]], Action: [[ 1.          0.05651167  1.         -0.5763123   1.         -1.        ]], Reward: [2.9288208],Reward_sum: 296.7350769042969, Done: [False]
==========
t: 199, State: [[ 0.80567647  1.04435022  0.59676264  0.01603466 -0.01135511  0.82015343
  -0.0840388   0.031123    0.24020167  1.89575311  0.40395562 -0.39571195
   0.17121395 -2.01099714  0.01701052 -1.95008142 -0.00641141 -5.1822987 ]], Action: [[ 1.         -0.12131086  1.         -0.02029587  1.         -1.        ]], Reward: [2.8981931],Reward_sum: 299.63323974609375, Done: [False]
==========
Walker2d - Steps: 200, Return: 299.63323974609375, State: [[ 0.80567647  1.04435022  0.59676264  0.01603466 -0.01135511  0.82015343
  -0.0840388   0.031123    0.24020167  1.89575311  0.40395562 -0.39571195
   0.17121395 -2.01099714  0.01701052 -1.95008142 -0.00641141 -5.1822987 ]]
