[CudaDevice(id=0)]
Using AIRL:  True
Using GAIL:  False
Using RGCL:  False
Experiment State @  2025-05-14 23:33:42.003763-05:00
Experiment Saved @  results/experiment_125
Experiment Settings Saved @  results/experiment_125
125
Using cuda device
Wrapping the env with a `Monitor` wrapper
Wrapping the env in a DummyVecEnv.
Wrapping the env with a `Monitor` wrapper
Wrapping the env in a DummyVecEnv.
t: 0, State: [[ 3.35482458e-03  1.24815701e+00  3.55996452e-04  1.00162243e-02
  -2.95248654e-02  6.94397804e-02  3.85112464e-03  4.22737690e-03
   5.36792791e-02 -1.52190815e-02 -4.47845558e-01 -6.05408418e-02
   1.84991751e+00 -4.52475875e+00  1.00000000e+01 -1.65768096e-01
   6.30403280e-02  1.00000000e+01]], Action: [[ 1.         -0.34511313  1.          1.          1.          1.        ]], Reward: [0.9745471],Reward_sum: 0.9745470881462097, Done: [False]
==========
t: 1, State: [[ 4.57124373e-03  1.24441040e+00  3.31791995e-03  1.51468118e-02
  -3.59763355e-02  1.34655814e-01  4.92042124e-03  5.45158883e-03
   2.04454927e-01  3.03249646e-01 -4.86674785e-01  6.94235629e-01
  -6.70387984e-01  2.83961671e+00  5.41305012e-01  3.68212630e-01
   2.30371875e-01  1.00000000e+01]], Action: [[ 0.7679633   1.         -1.          1.          1.          0.83543515]], Reward: [1.1467646],Reward_sum: 2.121311664581299, Done: [False]
==========
t: 2, State: [[ 7.03341292e-03  1.24032158e+00  8.22136859e-03  6.18274012e-03
  -5.66516824e-03  1.47188798e-01  7.82700391e-03  5.83912517e-03
   3.76185169e-01  3.11888215e-01 -5.36415196e-01  5.24543380e-01
  -1.57472000e+00  4.73474003e+00  2.56722982e+00  3.51368196e-01
  -2.00772504e-01  1.00000000e+01]], Action: [[ 1.          0.8267844   0.25246948 -0.188283   -0.77975357 -0.35666692]], Reward: [1.3052531],Reward_sum: 3.4265646934509277, Done: [False]
==========
t: 3, State: [[ 9.27087433e-03  1.23600713e+00  1.31654058e-02 -1.26852718e-03
   2.44774730e-02  1.97539950e-01  1.04996141e-02  5.68393075e-03
   4.77481559e-01  2.38933853e-01 -5.41530786e-01  7.58770537e-01
  -1.31126130e-02  2.40309845e+00  1.00000000e+01  3.50242894e-01
   1.23503360e-01  6.07562036e+00]], Action: [[ 1.          0.74316835  0.6013169   0.31166786  0.528582   -1.        ]], Reward: [1.2763922],Reward_sum: 4.7029571533203125, Done: [False]
==========
t: 4, State: [[ 1.05844535e-02  1.23278546e+00  1.97441091e-02  3.31144448e-03
   3.71292889e-02  2.25391483e-01  1.24846422e-02  7.77843161e-03
   4.68181834e-01  7.35912864e-02 -2.64675916e-01  6.55883831e-01
   7.30166757e-01  9.60397469e-01 -3.25756587e+00 -3.65615938e-02
   3.28708683e-01 -8.25589870e+00]], Action: [[ 1.          0.9888481  -1.         -0.03444637  1.         -1.        ]], Reward: [1.1592184],Reward_sum: 5.862175464630127, Done: [False]
==========
t: 5, State: [[ 1.08348874e-02  1.22900912e+00  1.89181131e-02  4.55338144e-03
   4.05960186e-02  2.57055986e-01  5.96265159e-03  9.51512788e-03
   4.58407807e-01 -8.25984455e-03 -6.78950373e-01 -8.72957767e-01
  -4.72097806e-01  2.20499962e-02  1.00000000e+01 -1.62623301e+00
   1.26493671e-01  5.76993647e+00]], Action: [[ 0.50933707  1.          1.         -0.7459506   0.23177418  1.        ]], Reward: [1.0274347],Reward_sum: 6.889610290527344, Done: [False]
==========
t: 6, State: [[ 1.06567052e-02  1.22464262e+00  1.55341625e-02  4.68292829e-03
   4.02058343e-02  2.89462678e-01 -2.74774979e-03  1.05168476e-02
   4.48778040e-01 -4.05082226e-02 -4.13131624e-01 -3.88445104e-02
   3.97349269e-01 -9.91244999e-02 -2.98438822e+00 -6.17626305e-01
   1.20614056e-01 -8.12711449e+00]], Action: [[ 1.  1. -1.  1.  1. -1.]], Reward: [0.9717272],Reward_sum: 7.861337661743164, Done: [False]
==========
t: 7, State: [[ 1.05328073e-02  1.21964151e+00  1.35870832e-02  7.18255334e-03
   3.77994596e-02  3.22139695e-01 -9.38039697e-03  1.16708560e-02
   4.39740046e-01  1.16787130e-02 -8.36376806e-01 -4.29125190e-01
   2.39167527e-01 -4.46616067e-01  1.00000000e+01 -1.02132099e+00
   1.58372320e-01  5.83100633e+00]], Action: [[ 0.92018116  1.          1.         -0.4537426   1.          1.        ]], Reward: [0.9794602],Reward_sum: 8.840797424316406, Done: [False]
==========
t: 8, State: [[ 0.01049981  1.21401847  0.01291313  0.01101322  0.03508581  0.3538173
  -0.01407306  0.01270991  0.4308981  -0.02372824 -0.57015367  0.21076643
   0.65219886 -0.2492649  -3.15833911 -0.20637574  0.10640594 -8.00142126]], Action: [[ 1.  1. -1.  1.  1. -1.]], Reward: [0.9898748],Reward_sum: 9.830672264099121, Done: [False]
==========
t: 9, State: [[ 0.0104019   1.20810356  0.01156269  0.01361419  0.03211228  0.38217011
  -0.01906834  0.01308142  0.42113178  0.03298167 -0.70011897 -0.46530479
  -0.15888119 -0.48596261  8.31067682 -1.04897065 -0.01319877  4.40329043]], Action: [[ 0.73925114  1.          1.         -0.6685064   0.42697933  1.        ]], Reward: [0.9835857],Reward_sum: 10.814257621765137, Done: [False]
==========
t: 10, State: [[ 0.00992907  1.20443208  0.00943193  0.01518926  0.0298858   0.3977914
  -0.02227683  0.01341944  0.40936769 -0.16416533 -0.25311492 -0.17617775
   0.47085577 -0.10556426 -4.08194608  0.12427675  0.08387165 -7.24183677]], Action: [[ 1.  1. -1.  1.  1. -1.]], Reward: [0.9348972],Reward_sum: 11.749155044555664, Done: [False]
==========
t: 11, State: [[ 8.80053342e-03  1.20332574e+00  2.04813921e-03  9.92477089e-03
   2.78729669e-02  3.97866299e-01 -2.98136736e-02  1.34923185e-02
   3.90585557e-01 -1.15601492e-01 -4.43598670e-02 -1.68139828e+00
  -1.81594571e+00 -3.57062761e-01  4.19087927e+00 -2.04885182e+00
  -4.96437340e-02  2.55858106e+00]], Action: [[ 0.48609158  1.          1.         -0.6310757   0.46322313  1.        ]], Reward: [0.8550833],Reward_sum: 12.604238510131836, Done: [False]
==========
t: 12, State: [[ 7.74761836e-03  1.20407675e+00 -5.75691017e-03  2.62755711e-03
   2.58302700e-02  3.97609441e-01 -3.73972109e-02  1.35048854e-02
   3.63153761e-01 -1.64563657e-01  2.33625858e-01 -4.34713205e-01
  -1.92729898e-01 -1.64294919e-01 -4.22106584e+00 -2.26468008e-02
   4.34290987e-02 -9.40378580e+00]], Action: [[ 1.          0.69662106 -0.664486    1.          1.         -1.        ]], Reward: [0.8634588],Reward_sum: 13.467697143554688, Done: [False]
==========
t: 13, State: [[ 7.49142892e-03  1.20565593e+00 -7.02589972e-03  1.58571658e-03
   2.35528179e-02  4.02561725e-01 -3.75001994e-02  1.37320069e-02
   3.30042181e-01  1.06473076e-01  1.66920786e-01  1.33476974e-01
  -8.27649806e-02 -3.72990582e-01  5.33456566e+00 -8.40202844e-03
   1.41087845e-02  1.04991011e+00]], Action: [[ 0.776191    1.          1.         -0.39258274  1.          1.        ]], Reward: [0.9632197],Reward_sum: 14.430916786193848, Done: [False]
==========
t: 14, State: [[ 9.75470206e-03  1.20681190e+00 -8.92538198e-04  3.44769097e-03
   2.09649632e-02  4.82477368e-01 -3.37972232e-02  1.25256109e-02
   3.76442243e-01  4.53281993e-01  1.25525857e-01  1.33027779e+00
   4.71239975e-01 -2.74305057e-01  1.00000000e+01  8.46145028e-01
  -3.07241903e-01  1.00000000e+01]], Action: [[1. 1. 1. 1. 1. 1.]], Reward: [1.2769091],Reward_sum: 15.707825660705566, Done: [False]
==========
t: 15, State: [[ 0.01292832  1.20876849  0.01000569  0.00829014  0.02035958  0.55312422
  -0.02631842  0.01106609  0.43436134  0.33194957  0.36429386  1.33807579
   0.697885    0.08114696  3.26750084  0.97941847 -0.0813704   4.13938811]], Action: [[ 1.         1.        -1.         0.5750651  1.        -0.3980868]], Reward: [1.3922135],Reward_sum: 17.100040435791016, Done: [False]
==========
t: 16, State: [[ 0.01589738  1.21086564  0.0215744   0.01437762  0.02110887  0.59893455
  -0.01716413  0.01033868  0.49648107  0.3937234   0.14817861  1.51098331
   0.79776519  0.10427856  8.22907901  1.36622865 -0.08231549 10.        ]], Action: [[1.         1.         0.37457818 1.         1.         0.5984485 ]], Reward: [1.366633],Reward_sum: 18.466672897338867, Done: [False]
==========
t: 17, State: [[ 1.89732349e-02  1.21238831e+00  3.43319206e-02  1.98321402e-02
   2.20194561e-02  6.09705882e-01 -5.05589597e-03  1.02179295e-02
   5.88283844e-01  3.76123575e-01  2.31401859e-01  1.68734968e+00
   5.76945292e-01  1.17615850e-01 -5.51262650e+00  1.67665622e+00
   3.65885778e-02  1.00000000e+01]], Action: [[ 1.          1.         -1.          0.40407237  1.          0.00151066]], Reward: [1.3803191],Reward_sum: 19.84699249267578, Done: [False]
==========
t: 18, State: [[ 2.14328709e-02  1.21334251e+00  4.35409894e-02  2.20914362e-02
   1.95151599e-02  5.75185731e-01  5.64401510e-03  8.94283024e-03
   7.30686955e-01  2.28949387e-01  1.60251657e-02  5.71614732e-01
   2.94116460e-02 -9.18551362e-01 -3.09558739e+00  9.28474936e-01
  -2.00852257e-01  1.00000000e+01]], Action: [[ 1.          0.13550785  0.09383239 -0.82237506 -0.28759143  1.        ]], Reward: [1.3046683],Reward_sum: 21.151660919189453, Done: [False]
==========
t: 19, State: [[ 2.31174323e-02  1.21394483e+00  4.78086637e-02  2.17287271e-02
   1.22047854e-02  5.18575246e-01  1.15241519e-02  8.91712345e-03
   8.97019177e-01  2.09923777e-01  1.60887381e-01  6.13008919e-01
  -6.92600416e-02 -7.42535601e-01 -1.00000000e+01  5.28750937e-01
   1.36659110e-01  1.00000000e+01]], Action: [[ 1.          0.06093422 -0.57550687  0.40611842  1.          0.253627  ]], Reward: [1.208006],Reward_sum: 22.35966682434082, Done: [False]
==========
t: 20, State: [[ 2.42994902e-02  1.21513039e+00  5.02163251e-02  2.01042250e-02
   6.01276502e-03  4.50076657e-01  1.44171220e-02  1.11252950e-03
   9.64360101e-01  8.24341698e-02  1.21997365e-01 -1.89334877e-02
  -3.08862550e-01 -8.99699317e-01 -5.86544524e+00  2.37255448e-01
  -2.14180898e+00  4.16578328e+00]], Action: [[ 1.          0.49871776  0.40630853 -0.5455166  -0.8805114   0.3213905 ]], Reward: [1.1451672],Reward_sum: 23.504833221435547, Done: [False]
==========
t: 21, State: [[ 2.52613556e-02  1.21542946e+00  5.03668398e-02  1.86376182e-02
  -1.75092074e-03  4.43728889e-01  1.33932137e-02 -1.14229205e-02
   9.76598451e-01  1.56117296e-01 -5.17444522e-02  4.22620207e-02
  -8.27857277e-02 -1.03093973e+00  4.26949211e+00 -4.70734086e-01
  -1.01923079e+00 -5.23959760e-01]], Action: [[1.         0.20991221 0.7759615  0.00528868 0.0932118  0.38769507]], Reward: [1.118428],Reward_sum: 24.623260498046875, Done: [False]
==========
t: 22, State: [[ 2.82328725e-02  1.21395914e+00  5.73182816e-02  1.85106497e-02
   5.11868804e-03  5.26083833e-01  1.06791174e-02 -7.59033518e-03
   9.64366278e-01  4.91136538e-01 -3.05948623e-01  1.29714499e+00
   1.44712953e-01  1.66167759e+00  1.00000000e+01 -3.82614196e-01
   1.57688874e+00 -2.25892519e+00]], Action: [[1.         0.91646445 1.         1.         0.5532764  1.        ]], Reward: [1.3662935],Reward_sum: 25.989553451538086, Done: [False]
==========
t: 23, State: [[ 3.20601021e-02  1.21068350e+00  6.47041434e-02  1.97781242e-02
   1.48629464e-02  7.13442316e-01  2.45392784e-04  1.35085265e-02
   9.43196656e-01  3.97139890e-01 -4.93423622e-01  4.75481385e-01
   1.90700867e-01  8.61583527e-01  1.00000000e+01 -1.52485638e+00
   2.03870920e+00 -2.87616468e+00]], Action: [[ 1.          1.          1.         -0.02480898  0.76284313  0.8558779 ]], Reward: [1.4740887],Reward_sum: 27.46364402770996, Done: [False]
==========
t: 24, State: [[ 3.44646666e-02  1.20712639e+00  6.74194976e-02  2.21156647e-02
   2.00757888e-02  9.36722261e-01 -7.01890889e-03  1.83875555e-02
   9.19949949e-01  2.10366931e-01 -3.05445498e-01  3.84002371e-01
   3.54347424e-01  5.00173996e-01  1.00000000e+01 -5.99700813e-02
  -6.49193260e-01 -2.84714519e+00]], Action: [[ 1.          0.7426734   1.          0.4895101  -0.13172507  0.8262404 ]], Reward: [1.2970793],Reward_sum: 28.760723114013672, Done: [False]
==========
t: 25, State: [[ 3.57406558e-02  1.20559112e+00  7.05878193e-02  2.50788815e-02
   2.35378974e-02  1.03161690e+00 -5.83952808e-03  1.44090915e-02
   8.98811445e-01  1.10501690e-01 -9.98860270e-02  3.66559281e-01
   3.74188478e-01  3.66566887e-01  6.18004892e+00  2.74190663e-01
  -3.75564338e-01 -2.43348297e+00]], Action: [[1.         1.         1.         0.5191369  0.69402516 1.        ]], Reward: [1.1547475],Reward_sum: 29.915470123291016, Done: [False]
==========
t: 26, State: [[ 0.03628319  1.20526399  0.07306874  0.02826181  0.02568628  1.05231194
  -0.00313133  0.01176096  0.8810126   0.03000118  0.00547008  0.24003462
   0.40452735  0.18003491 -0.2327234   0.36323453 -0.291335   -2.01700344]], Action: [[1.         0.66928536 1.         0.7231473  0.5677688  1.        ]], Reward: [1.0635237],Reward_sum: 30.978994369506836, Done: [False]
==========
t: 27, State: [[ 3.62811788e-02  1.20552730e+00  7.40625588e-02  3.10994011e-02
   2.64327924e-02  1.03717228e+00 -9.19594402e-04  9.90031049e-03
   8.66479230e-01 -2.44438696e-02  5.31993004e-02  2.01785621e-02
   3.05321802e-01  1.77150389e-02 -3.12693943e+00  1.89720225e-01
  -1.83427133e-01 -1.62301149e+00]], Action: [[1.        0.6494446 1.        0.5398718 0.65249   1.       ]], Reward: [0.9956095],Reward_sum: 31.9746036529541, Done: [False]
==========
t: 28, State: [[ 0.03523994  1.20609348  0.07225347  0.03225606  0.02619087  1.00719289
   0.00589771 -0.004333    0.85537402 -0.20158744  0.08085508 -0.54166068
  -0.11262392 -0.11344534 -4.14181123  0.92519554 -2.50044397 -1.19703085]], Action: [[ 0.80586135  1.          1.          1.         -0.5919125   1.        ]], Reward: [0.8648459],Reward_sum: 32.83945083618164, Done: [False]
==========
t: 29, State: [[ 0.03351962  1.20674089  0.06669406  0.03007323  0.02501835  0.97358851
   0.01169397 -0.02352087  0.84683681 -0.2216862   0.07911571 -0.80664651
  -0.39559736 -0.17461334 -4.15133394  0.55896151 -2.29237468 -0.94428125]], Action: [[0.08689246 0.744442   1.         1.         0.10141665 1.        ]], Reward: [0.7813878],Reward_sum: 33.6208381652832, Done: [False]
==========
t: 30, State: [[ 0.03205879  1.20732482  0.06101984  0.0274042   0.02361671  0.94196309
   0.01471457 -0.03761754  0.84002639 -0.14447065  0.06639368 -0.60918682
  -0.27187604 -0.17019511 -3.71020886  0.22468265 -1.28436045 -0.75958985]], Action: [[0.47885373 0.7103194  1.         1.         0.4508913  1.        ]], Reward: [0.81345886],Reward_sum: 34.434295654296875, Done: [False]
==========
t: 31, State: [[ 0.03122302  1.20779289  0.05732524  0.02610031  0.02239288  0.91461838
   0.01578139 -0.04326765  0.8345832  -0.06837506  0.05064935 -0.32320861
  -0.06357579 -0.13144758 -3.11423374  0.04983491 -0.08965798 -0.59590706]], Action: [[0.84177494 0.79897356 1.         1.         0.40043235 0.9268168 ]], Reward: [0.8911622],Reward_sum: 35.32545852661133, Done: [False]
==========
t: 32, State: [[ 0.0308226   1.20814674  0.05531241  0.0258865   0.02153739  0.89211718
   0.01627413 -0.0425157   0.83056686 -0.03294938  0.0381868  -0.18758913
   0.00359383 -0.08469268 -2.51566197  0.0679688   0.27143689 -0.41840638]], Action: [[1.       1.       1.       1.       0.142272 1.      ]], Reward: [0.9449276],Reward_sum: 36.2703857421875, Done: [False]
==========
t: 33, State: [[ 0.03064114  1.2084127   0.05408188  0.02602854  0.02085796  0.87422131
   0.01687544 -0.03956512  0.8277491  -0.0127291   0.028626   -0.12280645
   0.02825608 -0.08274952 -1.97104023  0.07879445  0.46656655 -0.29337319]], Action: [[1.         0.88912404 1.         1.         0.10626861 1.        ]], Reward: [0.97251594],Reward_sum: 37.24290084838867, Done: [False]
==========
t: 34, State: [[ 0.03063754  1.20860921  0.05343766  0.0265516   0.01999882  0.86038422
   0.01722767 -0.03381414  0.8257818   0.01095791  0.02078416 -0.04188444
   0.09476623 -0.12246549 -1.50409198  0.0142679   0.95311457 -0.20368409]], Action: [[1.         0.5891974  1.         1.         0.22436962 1.        ]], Reward: [0.99515235],Reward_sum: 38.23805236816406, Done: [False]
==========
t: 35, State: [[ 0.03074183  1.20875325  0.05312461  0.02737975  0.01873706  0.84991418
   0.01726865 -0.02541325  0.82441838  0.01556796  0.01531125 -0.03516049
   0.10763653 -0.18099676 -1.12865662 -0.00215861  1.14471798 -0.14099785]], Action: [[1.         0.38183486 1.         1.         0.16931395 1.        ]], Reward: [1.0088613],Reward_sum: 39.24691390991211, Done: [False]
==========
t: 36, State: [[ 0.03081269  1.20886101  0.05257748  0.02806483  0.01699864  0.842098
   0.01741272 -0.01690413  0.82347171  0.00403575  0.0116171  -0.09523823
   0.06349894 -0.24143375 -0.83847163  0.03523818  0.99978269 -0.09843808]], Action: [[1.         0.23016346 1.         1.         0.06802917 1.        ]], Reward: [1.0048007],Reward_sum: 40.251712799072266, Done: [False]
==========
t: 37, State: [[ 0.03080655  1.20894486  0.05154353  0.02836477  0.01482864  0.83628906
   0.01784832 -0.01024411  0.82273956 -0.00180543  0.01011197 -0.16467174
   0.0025394  -0.29318281 -0.6240511   0.0805655   0.47609816 -0.10303191]], Action: [[1.         0.08119881 0.9872507  1.         0.05222768 1.        ]], Reward: [0.99524754],Reward_sum: 41.2469596862793, Done: [False]
==========
t: 38, State: [[ 0.03084182  1.20901869  0.05014362  0.02822953  0.012423    0.83200915
   0.01855265 -0.00869844  0.82187965  0.0118303   0.00797199 -0.17690038
  -0.03166692 -0.29978571 -0.45446898  0.09120863 -0.02234575 -0.10399759]], Action: [[1.         0.03314108 1.         1.         0.09375773 1.        ]], Reward: [1.0003995],Reward_sum: 42.24736022949219, Done: [False]
==========
t: 39, State: [[ 0.03112338  1.20906628  0.04921779  0.02820451  0.01026691  0.82891861
   0.01891939 -0.00833294  0.82108445  0.0569954   0.0039489  -0.05737598
   0.02335355 -0.23809664 -0.32463131  0.00633224  0.11816768 -0.09098682]], Action: [[1.         0.04993072 1.         1.         0.27885798 1.        ]], Reward: [1.0311141],Reward_sum: 43.27847671508789, Done: [False]
==========
t: 40, State: [[ 3.17177087e-02  1.20908412e+00  4.91314909e-02  2.85957414e-02
   8.49460040e-03  8.26731186e-01  1.87116976e-02 -6.82613282e-03
   8.20453453e-01  9.03517963e-02  6.19983064e-04  3.28332493e-02
   7.09500636e-02 -2.02138662e-01 -2.27513978e-01 -5.30510650e-02
   2.54805753e-01 -6.61726069e-02]], Action: [[ 1.         -0.0632157   1.          1.          0.28673437  1.        ]], Reward: [1.0702052],Reward_sum: 44.34868240356445, Done: [False]
==========
t: 41, State: [[ 0.03256108  1.20907812  0.04973237  0.02933328  0.00704195  0.82521015
   0.01809144 -0.00415871  0.82001547  0.11913356 -0.00197951  0.11335189
   0.10974178 -0.1600847  -0.15670604 -0.09718024  0.40183947 -0.04368685]], Action: [[ 1.         -0.09058207  1.          1.          0.3121373   1.        ]], Reward: [1.1013162],Reward_sum: 45.44999694824219, Done: [False]
==========
t: 42, State: [[ 3.36355401e-02  1.20905371e+00  5.09959777e-02  3.03749107e-02
   5.98403634e-03  8.24174228e-01  1.71308312e-02 -1.51658294e-04
   8.19728129e-01  1.47728944e-01 -3.98313053e-03  1.96821262e-01
   1.46702133e-01 -1.06067112e-01 -1.05143648e-01 -1.37728403e-01
   5.82614136e-01 -2.83851656e-02]], Action: [[ 1.         -0.07476911  1.          1.          0.3612916   1.        ]], Reward: [1.130171],Reward_sum: 46.580169677734375, Done: [False]
==========
t: 43, State: [[ 0.03479369  1.20901929  0.05241978  0.03132642  0.00524317  0.82346595
   0.01630509  0.0034739   0.81961463  0.14037055 -0.00449315  0.15394465
   0.088597   -0.08277838 -0.07408263 -0.06753173  0.31589832 -0.00157636]], Action: [[ 1.         -0.02714959  1.          1.          0.43439293  1.        ]], Reward: [1.1405791],Reward_sum: 47.72074890136719, Done: [False]
==========
t: 44, State: [[ 0.03589351  1.20898296  0.05350187  0.03187387  0.00458181  0.82296977
   0.01593787  0.00527442  0.81966049  0.13555085 -0.00455881  0.11997805
   0.05060742 -0.08100862 -0.05141466 -0.02802934  0.15041127  0.01115325]], Action: [[ 1.         -0.09367105  1.          1.          0.46291393  1.        ]], Reward: [1.133255],Reward_sum: 48.85400390625, Done: [False]
==========
t: 45, State: [[ 0.03697223  1.20894693  0.05437474  0.03218462  0.00391881  0.82262729
   0.01579581  0.00609725  0.81976923  0.13481383 -0.00444236  0.10068768
   0.02828453 -0.08268124 -0.03531513 -0.00920071  0.0641363   0.01506327]], Action: [[ 1.         -0.1382983   1.          1.          0.48317748  1.        ]], Reward: [1.1305876],Reward_sum: 49.98459243774414, Done: [False]
==========
t: 46, State: [[ 3.80582309e-02  1.20891198e+00  5.51410530e-02  3.23525259e-02
   3.25999850e-03  8.22392047e-01  1.57613686e-02  6.42234598e-03
   8.19889779e-01  1.37126630e-01 -4.30558956e-03  9.24933072e-02
   1.43664634e-02 -8.04462641e-02 -2.42700694e-02 -1.38466003e-04
   2.17945684e-02  1.46537240e-02]], Action: [[ 1.         -0.16003603  1.          1.          0.49758798  1.        ]], Reward: [1.1314763],Reward_sum: 51.11606979370117, Done: [False]
==========
t: 47, State: [[ 0.03917178  1.20887786  0.055875    0.03243058  0.00263756  0.82223003
   0.01577853  0.00651696  0.81999874  0.14151673 -0.00424037  0.09193285
   0.00552356 -0.07419662 -0.01675666  0.00419385  0.00403458  0.01247405]], Action: [[ 1.         -0.17156097  1.          1.          0.5120194   1.        ]], Reward: [1.1349024],Reward_sum: 52.25096893310547, Done: [False]
==========
t: 48, State: [[ 4.03248875e-02  1.20884392e+00  5.66211303e-02  3.24556739e-02
   2.06169924e-03  8.22118821e-01  1.58168226e-02  6.52846069e-03
   8.20087808e-01  1.46787897e-01 -4.25763682e-03  9.47247204e-02
   1.17505104e-03 -7.02914611e-02 -1.13543962e-02  5.18823393e-03
  -5.75870104e-04  9.82427835e-03]], Action: [[ 1.         -0.17880014  1.          1.          0.5282036   1.        ]], Reward: [1.1398271],Reward_sum: 53.39079666137695, Done: [False]
==========
t: 49, State: [[ 4.15196684e-02  1.20880961e+00  5.73884354e-02  3.24632277e-02
   1.48405823e-03  8.22045624e-01  1.58512432e-02  6.52595123e-03
   8.20156046e-01  1.51936138e-01 -4.33596688e-03  9.71914056e-02
   7.68382738e-04 -7.40306626e-02 -7.22777326e-03  3.49518562e-03
  -1.28804815e-04  7.32512782e-03]], Action: [[ 1.         -0.182951    1.          1.          0.54066724  1.        ]], Reward: [1.1450218],Reward_sum: 54.53582000732422, Done: [False]
==========
t: 50, State: [[ 4.27557540e-02  1.20877433e+00  5.81755690e-02  3.24717537e-02
   8.69460488e-04  8.22000032e-01  1.58709858e-02  6.52844399e-03
   8.20206185e-01  1.57120579e-01 -4.50083360e-03  9.96863149e-02
   1.32078516e-03 -7.93665842e-02 -4.38286122e-03  1.56078354e-03
   6.07395842e-04  5.29946129e-03]], Action: [[ 1.         -0.18452191  1.          1.          0.5441768   1.        ]], Reward: [1.1501806],Reward_sum: 55.68600082397461, Done: [False]
==========
t: 51, State: [[ 4.40335092e-02  1.20873741e+00  5.89826200e-02  3.24863531e-02
   2.09181233e-04  8.21973271e-01  1.58755839e-02  6.53511985e-03
   8.20241997e-01  1.62362841e-01 -4.74468364e-03  1.02191149e-01
   2.24073481e-03 -8.53479854e-02 -2.46469488e-03 -2.82228526e-04
   9.45379305e-04  3.72984617e-03]], Action: [[ 1.         -0.18586865  1.          1.          0.5458998   1.        ]], Reward: [1.1553868],Reward_sum: 56.84138870239258, Done: [False]
==========
t: 52, State: [[ 4.53534495e-02  1.20869827e+00  5.98095978e-02  3.25091539e-02
  -5.00900945e-04  8.21959177e-01  1.58658924e-02  6.54261928e-03
   8.20266812e-01  1.67677124e-01 -5.05274593e-03  1.04695236e-01
   3.34027450e-03 -9.17248925e-02 -1.17862402e-03 -2.00678645e-03
   8.56407817e-04  2.53458857e-03]], Action: [[ 1.         -0.18732503  1.          1.          0.5469762   1.        ]], Reward: [1.1606582],Reward_sum: 58.00204849243164, Done: [False]
==========
t: 53, State: [[ 4.67162448e-02  1.20865645e+00  6.06566433e-02  3.25411602e-02
  -1.26312772e-03  8.21953567e-01  1.58428308e-02  6.54795121e-03
   8.20283278e-01  1.73086503e-01 -5.41120312e-03  1.07236223e-01
   4.51904385e-03 -9.83009413e-02 -3.18360417e-04 -3.61938291e-03
   4.43310346e-04  1.62865501e-03]], Action: [[ 1.         -0.18891278  1.          1.          0.54770374  1.        ]], Reward: [1.1660137],Reward_sum: 59.168060302734375, Done: [False]
==========
t: 54, State: [[ 4.81227790e-02  1.20861160e+00  6.15243486e-02  3.25827269e-02
  -2.07822836e-03  8.21953631e-01  1.58072671e-02  6.54913412e-03
   8.20293405e-01  1.78620355e-01 -5.80994933e-03  1.09885191e-01
   5.71225399e-03 -1.04872514e-01  2.56224513e-04 -5.12559927e-03
  -1.52130744e-04  9.39351342e-04]], Action: [[ 1.         -0.19061571  1.          1.          0.54831237  1.        ]], Reward: [1.1714798],Reward_sum: 60.33953857421875, Done: [False]
==========
t: 55, State: [[ 4.95741762e-02  1.20856343e+00  6.24139268e-02  3.26337974e-02
  -2.94536960e-03  8.21957487e-01  1.57600284e-02  6.54535594e-03
   8.20298685e-01  1.84308866e-01 -6.24297305e-03  1.12723796e-01
   6.87976693e-03 -1.11253714e-01  6.40494192e-04 -6.52971612e-03
  -7.83418464e-04  4.09524159e-04]], Action: [[ 1.         -0.19242415  1.          1.          0.54903674  1.        ]], Reward: [1.1770862],Reward_sum: 61.516624450683594, Done: [False]
==========
t: 56, State: [[ 5.10717882e-02  1.20851166e+00  6.33272177e-02  3.26940743e-02
  -3.86239714e-03  8.21963889e-01  1.57019052e-02  6.53690659e-03
   8.20300213e-01  1.90178648e-01 -6.70769947e-03  1.15826238e-01
   7.99999936e-03 -1.17299283e-01  8.99839227e-04 -7.83654516e-03
  -1.32264485e-03 -3.54284667e-06]], Action: [[ 1.         -0.19433773  1.          1.          0.5500921   1.        ]], Reward: [1.1828611],Reward_sum: 62.699485778808594, Done: [False]
==========
t: 57, State: [[ 5.26171550e-02  1.20845605e+00  6.42665809e-02  3.27631428e-02
  -4.82620362e-03  8.21972030e-01  1.56336457e-02  6.52496126e-03
   8.20298791e-01  1.96250296e-01 -7.20400325e-03  1.19248619e-01
   9.06423848e-03 -1.22914160e-01  1.07924608e-03 -9.05198347e-03
  -1.67505329e-03 -3.30715846e-04]], Action: [[ 1.         -0.1963616   1.          1.          0.55165136  1.        ]], Reward: [1.188828],Reward_sum: 63.88831329345703, Done: [False]
==========
t: 58, State: [[ 5.42119528e-02  1.20839633e+00  6.52347317e-02  3.28405538e-02
  -5.83313199e-03  8.21981401e-01  1.55559477e-02  6.51128771e-03
   8.20295012e-01  2.02537585e-01 -7.73326097e-03  1.23024692e-01
   1.00720188e-02 -1.28053389e-01  1.20954716e-03 -1.01830889e-02
  -1.78438156e-03 -5.93877584e-04]], Action: [[ 1.         -0.1985035   1.          1.          0.55383664  1.        ]], Reward: [1.1950036],Reward_sum: 65.08332061767578, Done: [False]
==========
t: 59, State: [[ 5.58579426e-02  1.20833225e+00  6.62345698e-02  3.29258685e-02
  -6.87932666e-03  8.21991699e-01  1.54694551e-02  6.49794614e-03
   8.20289323e-01  2.09048426e-01 -8.29764434e-03  1.27168213e-01
   1.10263176e-02 -1.32710079e-01  1.31129976e-03 -1.12368153e-02
  -1.63028064e-03 -8.08449668e-04]], Action: [[ 1.         -0.20076823  1.          1.          0.55672127  1.        ]], Reward: [1.2013985],Reward_sum: 66.28472137451172, Done: [False]
==========
t: 60, State: [[ 5.75569297e-02  1.20826350e+00  6.72690384e-02  3.30186760e-02
  -7.96099140e-03  8.22002751e-01  1.53747588e-02  6.48703492e-03
   8.20282066e-01  2.15786297e-01 -8.89964467e-03  1.31677429e-01
   1.19312100e-02 -1.36904121e-01  1.39771360e-03 -1.22198004e-02
  -1.22026237e-03 -9.85455786e-04]], Action: [[ 1.         -0.20315808  1.          1.          0.56034243  1.        ]], Reward: [1.2080182],Reward_sum: 67.49273681640625, Done: [False]
==========
t: 61, State: [[ 5.93107356e-02  1.20818977e+00  6.83410244e-02  3.31185945e-02
  -9.07454895e-03  8.22014469e-01  1.52724018e-02  6.48050916e-03
   8.20273506e-01  2.22752054e-01 -9.54182158e-03  1.36541162e-01
   1.27901216e-02 -1.40669153e-01  1.47669222e-03 -1.31378559e-02
  -5.79966466e-04 -1.13300156e-03]], Action: [[ 1.         -0.20567137  1.          1.          0.56471276  1.        ]], Reward: [1.2148645],Reward_sum: 68.70760345458984, Done: [False]
==========
t: 62, State: [[ 6.11211825e-02  1.20811074e+00  6.94533036e-02  3.32252662e-02
  -1.02167197e-02  8.22026812e-01  1.51628827e-02  6.48007550e-03
   8.20263855e-01  2.29945295e-01 -1.02266898e-02  1.41743541e-01
   1.36058863e-02 -1.44045062e-01  1.55258381e-03 -1.39964076e-02
   2.55968087e-04 -1.25730287e-03]], Action: [[ 1.         -0.20830482  1.          1.          0.5698322   1.        ]], Reward: [1.2219378],Reward_sum: 69.9295425415039, Done: [False]
==========
t: 63, State: [[ 0.06299009  1.20802604  0.07060852  0.03333835 -0.01138454  0.82203976
   0.01504666  0.00648715  0.82025328  0.2373657  -0.01095672  0.14726873
   0.01438033 -0.14706952  0.00162731 -0.01480021  0.00125122 -0.0013633 ]], Action: [[ 1.         -0.21105254  1.          1.          0.5756959   1.        ]], Reward: [1.2292374],Reward_sum: 71.15877532958984, Done: [False]
==========
t: 64, State: [[ 0.06491928  1.20793532  0.07180921  0.03345752 -0.01257531  0.82205332
   0.01492416  0.00650288  0.8202419   0.24501382 -0.01173439  0.15310371
   0.01511477 -0.14977438  0.00170134 -0.01555366  0.00237299 -0.00145505]], Action: [[ 1.         -0.21390796  1.          1.          0.5823012   1.        ]], Reward: [1.2367635],Reward_sum: 72.39553833007812, Done: [False]
==========
t: 65, State: [[ 0.06691057  1.20783818  0.07305782  0.03358246 -0.01378657  0.82206747
   0.01479576  0.00652816  0.82022983  0.25289156 -0.01256222  0.15924015
   0.01581054 -0.15218378  0.00177438 -0.01626105  0.00359523 -0.00153592]], Action: [[ 1.         -0.21686459  1.          1.          0.58965325  1.        ]], Reward: [1.2445172],Reward_sum: 73.64005279541016, Done: [False]
==========
t: 66, State: [[ 0.06896583  1.2077342   0.07435674  0.03371287 -0.01501602  0.8220822
   0.01466182  0.00656374  0.82021714  0.26100243 -0.01344288  0.16567517
   0.01646912 -0.15431301  0.00184582 -0.01692658  0.00489982 -0.00160875]], Action: [[ 1.         -0.21991614  1.          1.          0.5977657   1.        ]], Reward: [1.2525012],Reward_sum: 74.8925552368164, Done: [False]
==========
t: 67, State: [[ 0.07108693  1.20762296  0.07570839  0.03384844 -0.01626143  0.8220975
   0.01452266  0.00661022  0.82020388  0.26935172 -0.01437921  0.1724121
   0.01709198 -0.15616724  0.0019149  -0.01755408  0.00627673 -0.00167584]], Action: [[ 1.         -0.22305617  1.          1.          0.6066627   1.        ]], Reward: [1.26072],Reward_sum: 76.15327453613281, Done: [False]
==========
t: 68, State: [[ 0.07327581  1.20750399  0.07711521  0.03398891 -0.01752058  0.82211335
   0.01437856  0.00666818  0.82019009  0.27794652 -0.01537428  0.17946038
   0.01768083 -0.157742    0.00198092 -0.01814718  0.00772398 -0.00173911]], Action: [[ 1.         -0.22627893  1.          1.          0.616382    1.        ]], Reward: [1.2691796],Reward_sum: 77.42245483398438, Done: [False]
==========
t: 69, State: [[ 0.07553448  1.20737681  0.07857975  0.034134   -0.01879116  0.82212971
   0.0142298   0.00673823  0.82017579  0.28679553 -0.01643143  0.18683513
   0.01823765 -0.15902411  0.00204334 -0.01870932  0.00924675 -0.00180007]], Action: [[ 1.         -0.22957954  1.          1.          0.6269748   1.        ]], Reward: [1.2778877],Reward_sum: 78.7003402709961, Done: [False]
==========
t: 70, State: [[ 0.07786501  1.20724092  0.08010474  0.03428346 -0.02007073  0.82214656
   0.0140766   0.00682101  0.820161    0.29590929 -0.01755425  0.19455763
   0.0187639  -0.15998946  0.00210165 -0.01924315  0.01085652 -0.00185987]], Action: [[ 1.         -0.23295203  1.          1.          0.63850594  1.        ]], Reward: [1.2868541],Reward_sum: 79.98719787597656, Done: [False]
==========
t: 71, State: [[ 0.08026957  1.20709577  0.08169305  0.03443707 -0.02135662  0.82216385
   0.01391918  0.00691732  0.82014573  0.30529979 -0.01874669  0.20265422
   0.01926132 -0.16060624  0.00215554 -0.01975116  0.01257061 -0.00191939]], Action: [[ 1.         -0.23639223  1.          1.          0.6510575   1.        ]], Reward: [1.2960899],Reward_sum: 81.28328704833984, Done: [False]
==========
t: 72, State: [[ 0.08275042  1.20694078  0.08334781  0.03459458 -0.02264586  0.82218157
   0.01375773  0.00702809  0.82012996  0.31498064 -0.02001296  0.21115662
   0.01973093 -0.16083266  0.00220469 -0.02023491  0.01441097 -0.00197921]], Action: [[ 1.        -0.2398946  1.         1.         0.6647258  1.       ]], Reward: [1.3056076],Reward_sum: 82.58889770507812, Done: [False]
==========
t: 73, State: [[ 0.08530997  1.20677534  0.08507243  0.03475578 -0.02393511  0.82219965
   0.01359245  0.00715448  0.8201137   0.32496688 -0.02135766  0.22010144
   0.02017333 -0.1606182   0.00224885 -0.02069529  0.0164041  -0.00203966]], Action: [[ 1.         -0.24345395  1.          1.          0.67962563  1.        ]], Reward: [1.3154215],Reward_sum: 83.9043197631836, Done: [False]
==========
t: 74, State: [[ 0.0879507   1.20659882  0.08687063  0.03492047 -0.02522058  0.82221807
   0.01342351  0.00729786  0.82009694  0.33527487 -0.02278571  0.22952982
   0.02058846 -0.15990392  0.00228778 -0.02113236  0.01858029 -0.0021008 ]], Action: [[ 1.         -0.24706468  1.          1.          0.695889    1.        ]], Reward: [1.325547],Reward_sum: 85.22986602783203, Done: [False]
==========
t: 75, State: [[ 0.09067529  1.20641052  0.08874647  0.0350884  -0.02649798  0.82223677
   0.01325111  0.00745985  0.82007966  0.34592243 -0.02430243  0.23948783
   0.02097466 -0.15861986  0.00232106 -0.02154451  0.02097318 -0.00216237]], Action: [[ 1.         -0.25071868  1.          1.          0.71366477  1.        ]], Reward: [1.336001],Reward_sum: 86.56586456298828, Done: [False]
==========
t: 76, State: [[ 0.09348652  1.20620971  0.09070441  0.03525934 -0.0277624   0.82225571
   0.01307545  0.00764239  0.82006188  0.35692855 -0.02591353  0.25002562
   0.02132924 -0.15668753  0.00234826 -0.02192894  0.02361997 -0.00222381]], Action: [[ 1.        -0.2544076  1.         1.         0.7331225  1.       ]], Reward: [1.3468016],Reward_sum: 87.91266632080078, Done: [False]
==========
t: 77, State: [[ 0.09638735  1.20599561  0.09274932  0.03543302 -0.02900826  0.82227484
   0.01289676  0.0078477   0.82004358  0.36831332 -0.02762516  0.26119723
   0.02164747 -0.15401832  0.00236873 -0.02228068  0.02656036 -0.00228414]], Action: [[ 1.         -0.25811997  1.          1.          0.75444746  1.        ]], Reward: [1.357968],Reward_sum: 89.27063751220703, Done: [False]
==========
t: 78, State: [[ 0.0993809   1.20576739  0.09488653  0.03560912 -0.03022925  0.82229409
   0.01271534  0.00807836  0.82002479  0.38009768 -0.02944393  0.27305988
   0.02192225 -0.15051389  0.00238163 -0.02259231  0.02983611 -0.00234185]], Action: [[ 1.         -0.2618412   1.          1.          0.77784115  1.        ]], Reward: [1.3695202],Reward_sum: 90.6401596069336, Done: [False]
==========
t: 79, State: [[ 0.10247046  1.20552416  0.09712184  0.03578726 -0.03141819  0.8223134
   0.01253154  0.00833726  0.82000552  0.39230299 -0.03137692  0.28567255
   0.02214375 -0.14606791  0.00238594 -0.02285341  0.0334897  -0.00239483]], Action: [[ 1.         -0.26555327  1.          1.          0.8035166   1.        ]], Reward: [1.381479],Reward_sum: 92.02163696289062, Done: [False]
==========
t: 80, State: [[ 0.1056595   1.20526498  0.09946151  0.03596694 -0.03256705  0.8223327
   0.01234582  0.00862766  0.81998583  0.40495062 -0.03343175  0.29909484
   0.02229809 -0.14056523  0.00238023 -0.02304932  0.03756193 -0.00244019]], Action: [[ 1.         -0.26923153  1.          1.          0.83168936  1.        ]], Reward: [1.3938651],Reward_sum: 93.4155044555664, Done: [False]
==========
t: 81, State: [[ 0.10895162  1.20498883  0.10191225  0.03614755 -0.03366686  0.82235188
   0.01215879  0.00895311  0.8199658   0.41805501 -0.03561671  0.31336664
   0.02236521 -0.13390998  0.00236384 -0.02315598  0.04209564 -0.00246754]], Action: [[ 1.         -0.27284637  1.          1.          0.8625709   1.        ]], Reward: [1.4066974],Reward_sum: 94.82220458984375, Done: [False]
==========
t: 82, State: [[ 0.11235048  1.20469466  0.1044808   0.03632827 -0.03470826  0.82237088
   0.01197133  0.00931748  0.81994567  0.43160794 -0.03794064  0.32845971
   0.02231374 -0.12609343  0.00233828 -0.02313156  0.04712324 -0.00245434]], Action: [[ 1.         -0.27635917  1.          1.          0.89629793  1.        ]], Reward: [1.4199774],Reward_sum: 96.24217987060547, Done: [False]
==========
t: 83, State: [[ 0.1158596   1.2043813   0.10717352  0.03650796 -0.03568201  0.82238961
   0.01178468  0.00972456  0.81992581  0.44559463 -0.04041161  0.34431842
   0.02210722 -0.11714419  0.00230358 -0.02293402  0.05259693 -0.00239402]], Action: [[ 1.         -0.27971974  1.          1.          0.93277955  1.        ]], Reward: [1.4336919],Reward_sum: 97.67587280273438, Done: [False]
==========
t: 84, State: [[ 0.11948238  1.20404755  0.10999627  0.03668525 -0.03657927  0.822408
   0.01160039  0.01017747  0.81990657  0.45999683 -0.04303721  0.36086982
   0.02171537 -0.1071331   0.00225964 -0.02253105  0.05840944 -0.00228987]], Action: [[ 1.         -0.282887    1.          1.          0.97182596  1.        ]], Reward: [1.4478234],Reward_sum: 99.12369537353516, Done: [False]
==========
t: 85, State: [[ 0.12322032  1.20369227  0.11294808  0.03685749 -0.03740023  0.82242617
   0.01142208  0.01066376  0.81988887  0.474396   -0.0457954   0.37662622
   0.02090352 -0.09811514  0.00224751 -0.0215333   0.06122982 -0.00203823]], Action: [[ 1.         -0.28582993  1.          1.          1.          1.        ]], Reward: [1.4621603],Reward_sum: 100.58585357666016, Done: [False]
==========
t: 86, State: [[ 0.12706979  1.20331465  0.11600986  0.03702073 -0.03817308  0.82244485
   0.01125624  0.01113407  0.81987453  0.48797718 -0.04863183  0.38868387
   0.01959898 -0.0948165   0.00236201 -0.01966814  0.05554335 -0.00152883]], Action: [[ 1.         -0.28903624  1.          1.          1.          1.        ]], Reward: [1.4761002],Reward_sum: 102.06195068359375, Done: [False]
==========
t: 87, State: [[ 1.31025668e-01  1.20291392e+00  1.19156722e-01  3.71754997e-02
  -3.89440996e-02  8.22464948e-01  1.11034550e-02  1.15421680e-02
   8.19864042e-01  5.01075418e-01 -5.15776434e-02  3.98163502e-01
   1.88084736e-02 -9.72515045e-02  2.57133462e-03 -1.83504652e-02
   4.62971666e-02 -1.11005645e-03]], Action: [[ 1.         -0.29328558  1.          1.          1.          1.        ]], Reward: [1.4893986],Reward_sum: 103.55134582519531, Done: [False]
==========
t: 88, State: [[ 1.35085806e-01  1.20248908e+00  1.22373946e-01  3.73260179e-02
  -3.97494647e-02  8.22486622e-01  1.09582438e-02  1.18718658e-02
   8.19856162e-01  5.14094674e-01 -5.46643291e-02  4.06455130e-01
   1.85334099e-02 -1.03095329e-01  2.74529229e-03 -1.77820168e-02
   3.62639084e-02 -8.79936551e-04]], Action: [[ 1.         -0.29744288  1.          1.          1.          1.        ]], Reward: [1.5024289],Reward_sum: 105.05377197265625, Done: [False]
==========
t: 89, State: [[ 1.39250982e-01  1.20203889e+00  1.25656939e-01  3.74753306e-02
  -4.06062374e-02  8.22509212e-01  1.08154689e-02  1.21233494e-02
   8.19849424e-01  5.27363633e-01 -5.79197951e-02  4.14709718e-01
   1.85090877e-02 -1.09936615e-01  2.80552195e-03 -1.77284925e-02
   2.68897743e-02 -8.17207620e-04]], Action: [[ 1.        -0.3011125  1.         1.         1.         1.       ]], Reward: [1.5155563],Reward_sum: 106.56932830810547, Done: [False]
==========
t: 90, State: [[ 1.43524126e-01  1.20156189e+00  1.29008713e-01  3.76244151e-02
  -4.15150018e-02  8.22531726e-01  1.06722517e-02  1.23048980e-02
   8.19842730e-01  5.41097756e-01 -6.13665733e-02  4.23692922e-01
   1.84885800e-02 -1.16049107e-01  2.74023030e-03 -1.78810913e-02
   1.88278876e-02 -8.59161950e-04]], Action: [[ 1.        -0.3042415  1.         1.         1.         1.       ]], Reward: [1.5290504],Reward_sum: 108.09838104248047, Done: [False]
==========
t: 91, State: [[ 1.47909442e-01  1.20105650e+00  1.32436844e-01  3.77727011e-02
  -4.24659589e-02  8.22553278e-01  1.05279176e-02  1.24279905e-02
   8.19835502e-01  5.55406376e-01 -6.50228869e-02  4.33799249e-01
   1.83282878e-02 -1.20523701e-01  2.58057824e-03 -1.80040986e-02
   1.22708997e-02 -9.42417141e-04]], Action: [[ 1.         -0.30692896  1.          1.          1.          1.        ]], Reward: [1.5430704],Reward_sum: 109.64144897460938, Done: [False]
==========
t: 92, State: [[ 1.52411687e-01  1.20052096e+00  1.35950900e-01  3.79188454e-02
  -4.34446870e-02  8.22573300e-01  1.03832823e-02  1.25045450e-02
   8.19827610e-01  5.70322128e-01 -6.89035511e-02  4.45148425e-01
   1.79748203e-02 -1.23081245e-01  2.37135111e-03 -1.79609171e-02
   7.16319773e-03 -1.01971044e-03]], Action: [[ 1.         -0.30929145  1.          1.          1.          1.        ]], Reward: [1.5576849],Reward_sum: 111.19913482666016, Done: [False]
==========
t: 93, State: [[ 1.57035698e-01  1.19995365e+00  1.39560533e-01  3.80613863e-02
  -4.44381623e-02  8.22591424e-01  1.02398544e-02  1.25454820e-02
   8.19819205e-01  5.85837494e-01 -7.29636290e-02  4.57651132e-01
   1.74500772e-02 -1.24363146e-01  2.11784997e-03 -1.77138813e-02
   3.32595677e-03 -1.06805306e-03]], Action: [[ 1.         -0.31140026  1.          1.          1.          1.        ]], Reward: [1.5729045],Reward_sum: 112.77204132080078, Done: [False]
==========
t: 94, State: [[ 1.61786216e-01  1.19935302e+00  1.43274763e-01  3.81987803e-02
  -4.54361667e-02  8.22607489e-01  1.00995325e-02  1.25602078e-02
   8.19810599e-01  6.01934724e-01 -7.72456194e-02  4.71253845e-01
   1.67107912e-02 -1.24299704e-01  1.87124787e-03 -1.71992614e-02
   5.68606043e-04 -1.06919085e-03]], Action: [[ 1.         -0.31319073  1.          1.          1.          1.        ]], Reward: [1.5887166],Reward_sum: 114.36075592041016, Done: [False]
==========
t: 95, State: [[ 0.16666734  1.19871712  0.14710117  0.03832926 -0.04642891  0.82262169
   0.00996473  0.01255707  0.81977773  0.61847898 -0.08178195  0.4856392
   0.01574342 -0.12318514  0.00165742 -0.01635743 -0.00120254 -0.00635625]], Action: [[ 1.         -0.31471047  1.          1.          1.          0.98881626]], Reward: [1.6050639],Reward_sum: 115.9658203125, Done: [False]
==========
t: 96, State: [[ 0.17168295  1.198044    0.15104747  0.03844789 -0.04739887  0.82263353
   0.00984085  0.01254471  0.81966493  0.63554149 -0.08655321  0.50114134
   0.01384426 -0.11896746  0.00130746 -0.01455361 -0.00184626 -0.01973271]], Action: [[ 1.         -0.31436846  1.          1.          1.          0.9642688 ]], Reward: [1.6219224],Reward_sum: 117.5877456665039, Done: [False]
==========
t: 97, State: [[ 1.76838058e-01  1.19733149e+00  1.55125079e-01  3.85457490e-02
  -4.83140573e-02  8.22641803e-01  9.73665880e-03  1.25312012e-02
   8.19427099e-01  6.53330675e-01 -9.16333296e-02  5.18359980e-01
   1.06996567e-02 -1.09999699e-01  8.06285604e-04 -1.15596840e-02
  -1.58559243e-03 -3.67455476e-02]], Action: [[ 1.         -0.3120741   1.          1.          1.          0.93680906]], Reward: [1.6394135],Reward_sum: 119.22715759277344, Done: [False]
==========
t: 98, State: [[ 1.82137956e-01  1.19657704e+00  1.59345403e-01  3.86159412e-02
  -4.91469026e-02  8.22646053e-01  9.65908277e-03  1.25219003e-02
   8.19050650e-01  6.71719967e-01 -9.70403771e-02  5.36734526e-01
   7.02815887e-03 -9.87290114e-02  3.20951046e-04 -7.98965746e-03
  -8.52073424e-04 -5.39165956e-02]], Action: [[ 1.         -0.30973485  1.          1.          1.          0.9086937 ]], Reward: [1.6575657],Reward_sum: 120.88471984863281, Done: [False]
==========
t: 99, State: [[ 1.87586782e-01  1.19577803e+00  1.63714893e-01  3.86572452e-02
  -4.98898710e-02  8.22646907e-01  9.61000833e-03  1.25190325e-02
   8.18546617e-01  6.90551477e-01 -1.02777521e-01  5.55605754e-01
   3.51842319e-03 -8.76839408e-02 -4.50197798e-05 -4.48037948e-03
   4.07579873e-07 -6.85545768e-02]], Action: [[ 1.         -0.30789635  1.          1.          1.          0.8821901 ]], Reward: [1.6762301],Reward_sum: 122.56095123291016, Done: [False]
==========
t: 100, State: [[ 1.93187597e-01  1.19493178e+00  1.68235504e-01  3.86728907e-02
  -5.05521208e-02  8.22645464e-01  9.58700465e-03  1.25225440e-02
   8.17943289e-01  7.09713978e-01 -1.08850326e-01  5.74503602e-01
   6.09802887e-04 -7.85511229e-02 -2.66590513e-04 -1.47987000e-03
   7.45630014e-04 -7.89634012e-02]], Action: [[ 1.         -0.30666116  1.          1.          1.          0.8588338 ]], Reward: [1.6952703],Reward_sum: 124.25621795654297, Done: [False]
==========
t: 101, State: [[ 1.98942860e-01  1.19403556e+00  1.72906572e-01  3.86684047e-02
  -5.11518636e-02  8.22642766e-01  9.58510930e-03  1.25311380e-02
   8.17277944e-01  7.29163768e-01 -1.15271626e-01  5.93229152e-01
  -1.54191025e-03 -7.19769150e-02 -3.74879516e-04  8.13712173e-04
   1.28823513e-03 -8.44867867e-02]], Action: [[ 1.         -0.30587754  1.          1.          1.          0.83930755]], Reward: [1.7146099],Reward_sum: 125.9708251953125, Done: [False]
==========
t: 102, State: [[ 2.04854927e-01  1.19308651e+00  1.77726856e-01  3.86495839e-02
  -5.17087744e-02  8.22639479e-01  9.59870901e-03  1.25432031e-02
   8.16589295e-01  7.48915827e-01 -1.22060759e-01  6.11821953e-01
  -3.00587500e-03 -6.77473656e-02 -4.26486339e-04  2.42110749e-03
   1.63523530e-03 -8.53157384e-02]], Action: [[ 1.        -0.3052841  1.         1.         1.         0.8236573]], Reward: [1.7342367],Reward_sum: 127.70506286621094, Done: [False]
==========
t: 103, State: [[ 2.10926425e-01  1.19208159e+00  1.82696063e-01  3.86211147e-02
  -5.22386176e-02  8.22635807e-01  9.62295958e-03  1.25574466e-02
   8.15912093e-01  7.69020392e-01 -1.29240638e-01  6.30468963e-01
  -3.97766304e-03 -6.51447291e-02 -4.77135872e-04  3.50206549e-03
   1.85252973e-03 -8.21698731e-02]], Action: [[ 1.         -0.3046268   1.          1.          1.          0.81158996]], Reward: [1.7541858],Reward_sum: 129.45925903320312, Done: [False]
==========
t: 104, State: [[ 2.17160437e-01  1.19101757e+00  1.87815647e-01  3.85859434e-02
  -5.27506529e-02  8.22631574e-01  9.65455107e-03  1.25731961e-02
   8.15274241e-01  7.89539661e-01 -1.36835128e-01  6.49412066e-01
  -4.69038666e-03 -6.32837592e-02 -5.66925167e-04  4.27305422e-03
   2.02572554e-03 -7.59893048e-02]], Action: [[ 1.         -0.30371085  1.          1.          1.          0.8026985 ]], Reward: [1.774515],Reward_sum: 131.23377990722656, Done: [False]
==========
t: 105, State: [[ 2.23560533e-01  1.18989104e+00  1.93088975e-01  3.85452144e-02
  -5.32472169e-02  8.22626360e-01  9.69191568e-03  1.25904490e-02
   8.14696031e-01  8.10532553e-01 -1.44867793e-01  6.68885922e-01
  -5.35972829e-03 -6.13257807e-02 -7.17190668e-04  4.94963266e-03
   2.23538687e-03 -6.77139794e-02]], Action: [[ 1.         -0.30239925  1.          1.          1.          0.7965801 ]], Reward: [1.7952859],Reward_sum: 133.02906799316406, Done: [False]
==========
t: 106, State: [[ 2.30130707e-01  1.18869840e+00  1.98521130e-01  3.84985234e-02
  -5.37245542e-02  8.22619643e-01  9.73508129e-03  1.26097786e-02
   8.14190699e-01  8.32046934e-01 -1.53361651e-01  6.89085236e-01
  -6.15797327e-03 -5.85839851e-02 -9.33783997e-04  5.71436064e-03
   2.54514959e-03 -5.81598847e-02]], Action: [[ 1.         -0.30059823  1.          1.          1.          0.7928838 ]], Reward: [1.8165528],Reward_sum: 134.8456268310547, Done: [False]
==========
t: 107, State: [[ 0.23687528  1.18743587  0.20411853  0.03844431 -0.05417423  0.8226109
   0.00978534  0.01263218  0.81376565  0.85411604 -0.16233926  0.71014965
  -0.00720442 -0.05456685 -0.001212    0.00670161  0.00299752 -0.04797355]], Action: [[ 1.         -0.29824933  1.          1.          1.          0.7913149 ]], Reward: [1.8383563],Reward_sum: 136.68399047851562, Done: [False]
==========
t: 108, State: [[ 0.24379876  1.18609949  0.20988844  0.03838029 -0.05458478  0.82259969
   0.00984483  0.01265889  0.81342377  0.87675648 -0.17182261  0.73215614
  -0.00856263 -0.04899651 -0.00154068  0.00799116  0.00361308 -0.03764169]], Action: [[ 1.         -0.29533038  1.          1.          1.          0.7916089 ]], Reward: [1.8607213],Reward_sum: 138.54470825195312, Done: [False]
==========
t: 109, State: [[ 0.25090572  1.18468513  0.21583847  0.03830393 -0.05494347  0.82258566
   0.00991609  0.01269123  0.81316454  0.89996652 -0.18183277  0.75511367
  -0.01024009 -0.04181963 -0.00190496  0.00960599  0.00439084 -0.02753787]], Action: [[ 1.         -0.29186162  1.          1.          1.          0.7934797 ]], Reward: [1.8836554],Reward_sum: 140.42835998535156, Done: [False]
==========
t: 110, State: [[ 0.25820064  1.1831885   0.22197597  0.03821284 -0.05523815  0.82256859
   0.0100016   0.01273042  0.8129846   0.92372505 -0.19238919  0.77896089
  -0.01219067 -0.03320824 -0.00228809  0.01151369  0.00530944 -0.01798813]], Action: [[ 1.         -0.28790912  1.          1.          1.          0.7965524 ]], Reward: [1.9071468],Reward_sum: 142.33551025390625, Done: [False]
==========
t: 111, State: [[ 0.26568772  1.18160517  0.22830754  0.03810523 -0.05545888  0.82254842
   0.01010339  0.01277743  0.8128779   0.94799258 -0.20350935  0.80357124
  -0.01432318 -0.02353519 -0.00267339  0.01363397  0.00633024 -0.00933963]], Action: [[ 1.        -0.2835773  1.         1.         1.         0.8002938]], Reward: [1.9311652],Reward_sum: 144.2666473388672, Done: [False]
==========
t: 112, State: [[ 0.27337083  1.17993056  0.23483856  0.03798015 -0.05559933  0.8225252
   0.01022268  0.01283288  0.8128352   0.97271598 -0.21520897  0.82877127
  -0.01651936 -0.01330703 -0.00304691  0.01585498  0.00740373 -0.00201127]], Action: [[ 1.         -0.27898607  1.          1.          1.          0.8039663 ]], Reward: [1.9556645],Reward_sum: 146.22230529785156, Done: [False]
==========
t: 113, State: [[ 0.28125336  1.17815998  0.24157293  0.03783761 -0.05565741  0.82249905
   0.01035979  0.01289699  0.81284351  0.99773298 -0.22824668  0.85391788
  -0.01817478 -0.01484688 -0.00491157  0.0175566   0.00842268  0.00378611]], Action: [[ 1.         -0.27424303  1.          1.          1.          0.8066356 ]], Reward: [1.9805899],Reward_sum: 148.20289611816406, Done: [False]
==========
t: 114, State: [[ 0.28933452  1.17621981  0.24848616  0.03771071 -0.05674727  0.82235033
   0.01047816  0.0129667   0.81291399  1.02290154 -0.25584396  0.87456802
  -0.01359707 -0.25706761 -0.02890499  0.01219558  0.00873299  0.01258964]], Action: [[ 1.         -0.26479372  1.          1.          1.          0.8094822 ]], Reward: [2.00542],Reward_sum: 150.20831298828125, Done: [False]
==========
t: 115, State: [[ 0.29768491  1.17406252  0.25582273  0.03740087 -0.0584324   0.82208261
   0.01074527  0.01311042  0.81308883  1.06374367 -0.28240305  0.9554591
  -0.05908684 -0.18142498 -0.03616619  0.05156179  0.02589361  0.02887248]], Action: [[ 1.         -0.15899643  1.          1.          1.          0.83115935]], Reward: [2.0390823],Reward_sum: 152.2473907470703, Done: [False]
==========
t: 116, State: [[ 0.30633654  1.17171703  0.26369284  0.03684779 -0.06000549  0.82179198
   0.01124129  0.01335365  0.81339325  1.09857051 -0.30319912  1.00918449
  -0.07650237 -0.22260947 -0.03564032  0.07029139  0.03400799  0.04454174]], Action: [[ 1.         -0.16874969  1.          1.          1.          0.8520266 ]], Reward: [2.0766988],Reward_sum: 154.3240966796875, Done: [False]
==========
t: 117, State: [[ 0.315273    1.16921643  0.27201134  0.03613915 -0.06170213  0.82152317
   0.01190249  0.0136682   0.81373374  1.13474393 -0.32134072  1.06691181
  -0.09736598 -0.21477845 -0.031213    0.09234256  0.04346628  0.04038094]], Action: [[ 1.         -0.13383582  1.          1.          1.          0.8338933 ]], Reward: [2.112345],Reward_sum: 156.4364471435547, Done: [False]
==========
t: 118, State: [[ 0.3244925   1.1665811   0.28076323  0.0352873  -0.06335036  0.82129647
   0.01272109  0.0140507   0.8139572   1.16934184 -0.33707553  1.11763098
  -0.11253209 -0.20989222 -0.02539674  0.10965359  0.05093846  0.01799914]], Action: [[ 1.         -0.11215785  1.          1.          1.          0.79619765]], Reward: [2.1477907],Reward_sum: 158.58424377441406, Done: [False]
==========
t: 119, State: [[ 0.33398751  1.1638249   0.28991664  0.03431299 -0.06484061  0.82111789
   0.01367751  0.01449254  0.81393103  1.2035406  -0.35169861  1.16707105
  -0.12771717 -0.17625339 -0.01931887  0.12657265  0.0581561  -0.01929084]], Action: [[ 1.         -0.08090311  1.          1.          1.          0.73947746]], Reward: [2.1823232],Reward_sum: 160.76657104492188, Done: [False]
==========
t: 120, State: [[ 0.34375139  1.16095424  0.29944981  0.03322713 -0.06599795  0.82098669
   0.01475908  0.01498717  0.81357805  1.23653778 -0.36581171  1.21256128
  -0.140401   -0.12674331 -0.013619    0.14088219  0.0640956  -0.06196664]], Action: [[ 1.         -0.05243197  1.          1.          1.          0.67763776]], Reward: [2.2160225],Reward_sum: 162.9825897216797, Done: [False]
==========
t: 121, State: [[ 0.35377428  1.15797042  0.30933194  0.03204949 -0.0666931   0.8208986
   0.01594438  0.01552393  0.81289095  1.2682855  -0.38006895  1.25433753
  -0.15066643 -0.06065835 -0.00856911  0.15249988  0.06869834 -0.10209018]], Action: [[ 1.         -0.02375406  1.          1.          1.          0.61690015]], Reward: [2.2484806],Reward_sum: 165.23106384277344, Done: [False]
==========
t: 122, State: [[ 0.36404531  1.15487041  0.31953073  0.03080271 -0.06681239  0.8208479
   0.01720877  0.01609085  0.81192092  1.29858796 -0.39491878  1.29184794
  -0.15780114  0.01767479 -0.00427786  0.16074775  0.0717074  -0.13299885]], Action: [[1.         0.00317192 1.         1.         1.         0.56425786]], Reward: [2.27956],Reward_sum: 167.5106201171875, Done: [False]
==========
t: 123, State: [[ 3.74557060e-01  1.15164669e+00  3.29997171e-01  2.94155817e-02
  -6.61165797e-02  8.20826851e-01  1.85060750e-02  1.66689938e-02
   8.10760495e-01  1.32847307e+00 -4.11030542e-01  1.32238059e+00
  -1.83073338e-01  1.40408956e-01 -1.06320494e-03  1.61867984e-01
   7.19028477e-02 -1.50806935e-01]], Action: [[0.925858   0.02823457 1.         1.         1.         0.52366865]], Reward: [2.3098369],Reward_sum: 169.82044982910156, Done: [False]
==========
t: 124, State: [[ 3.85296481e-01  1.14829146e+00  3.40635987e-01  2.77907568e-02
  -6.45092467e-02  8.20826537e-01  1.97500693e-02  1.72228067e-02
   8.09528671e-01  1.35573140e+00 -4.27873843e-01  1.33688244e+00
  -2.15291552e-01  2.45904411e-01  9.85871512e-04  1.49176544e-01
   6.63019137e-02 -1.52761374e-01]], Action: [[0.81148565 0.03035322 1.         1.         1.         0.5011898 ]], Reward: [2.338517],Reward_sum: 172.15896606445312, Done: [False]
==========
t: 125, State: [[ 0.39623576  1.14480115  0.35132666  0.02600116 -0.06241816  0.82083928
   0.02084536  0.01771027  0.80832999  1.37880162 -0.44490876  1.33661401
  -0.22584347  0.26688499  0.00219288  0.12562242  0.05577684 -0.14409757]], Action: [[0.7400553  0.01542303 1.         1.         1.         0.48670983]], Reward: [2.3636255],Reward_sum: 174.52259826660156, Done: [False]
==========
t: 126, State: [[ 0.40734505  1.14117377  0.36198904  0.02427115 -0.06053923  0.82085973
   0.02174017  0.01810702  0.80719438  1.39855185 -0.46224434  1.33003624
  -0.20404127  0.20013509  0.00285696  0.09896559  0.04368849 -0.1370472 ]], Action: [[ 7.3236668e-01 -2.4312735e-04  1.0000000e+00  1.0000000e+00
   1.0000000e+00  4.6124840e-01]], Reward: [2.3849113],Reward_sum: 176.9075164794922, Done: [False]
==========
t: 127, State: [[ 0.4186109   1.13740334  0.37262222  0.0227933  -0.05928645  0.82088422
   0.02244747  0.01841859  0.80603498  1.4180502  -0.4807264   1.32877258
  -0.16548849  0.11421023  0.00318862  0.07805175  0.03420639 -0.14768176]], Action: [[7.5635695e-01 9.7244978e-05 1.0000000e+00 1.0000000e+00 1.0000000e+00
  4.0151834e-01]], Reward: [2.4044983],Reward_sum: 179.31201171875, Done: [False]
==========
t: 128, State: [[ 0.43004863  1.1334745   0.3833155   0.02156055 -0.05835163  0.82091073
   0.02304272  0.01867982  0.80468899  1.44130867 -0.50180446  1.3441631
  -0.14204591  0.11738525  0.00342663  0.07019456  0.0306782  -0.18020442]], Action: [[0.7556834  0.02711651 1.         1.         1.         0.30930233]], Reward: [2.4260488],Reward_sum: 181.73806762695312, Done: [False]
==========
t: 129, State: [[ 0.44169547  1.12936115  0.39420871  0.02036501 -0.05679457  0.82093939
   0.02362475  0.01893367  0.80314057  1.46994128 -0.52669542  1.37810048
  -0.15271631  0.26193698  0.00381365  0.07446134  0.03223338 -0.19930362]], Action: [[0.698866   0.06865296 1.         1.         1.         0.25779402]], Reward: [2.4522958],Reward_sum: 184.19036865234375, Done: [False]
==========
t: 130, State: [[ 0.45360108  1.1250263   0.40547466  0.01889305 -0.05328938  0.82097299
   0.02430065  0.01922263  0.80167314  1.50538247 -0.55685798  1.43629995
  -0.20594785  0.59263006  0.00471919  0.09333342  0.03947534 -0.16677929]], Action: [[0.5867202  0.12963599 1.         1.         1.         0.29554254]], Reward: [2.4847527],Reward_sum: 186.67510986328125, Done: [False]
==========
t: 131, State: [[ 0.4658394   1.12041798  0.41744528  0.0167454  -0.04560974  0.82102205
   0.02535012  0.01954063  0.80068077  1.55187849 -0.59451184  1.55009104
  -0.31477672  1.28393607  0.0076333   0.16344169  0.04175366 -0.0878413 ]], Action: [[0.49289832 0.27873543 1.         1.         0.8968295  0.3804127 ]], Reward: [2.5265205],Reward_sum: 189.20162963867188, Done: [False]
==========
t: 132, State: [[ 0.47831035  1.11557582  0.42991035  0.0142026  -0.03368659  0.82111629
   0.0269414   0.01926517  0.80003279  1.56580131 -0.61644401  1.56477513
  -0.31474881  1.68032734  0.0150293   0.2232525  -0.09131275 -0.07417328]], Action: [[0.8438163  0.38033834 1.         0.786621   0.19282818 0.28928256]], Reward: [2.556272],Reward_sum: 191.75790405273438, Done: [False]
==========
t: 133, State: [[ 0.49070365  1.11065047  0.44156328  0.01214018 -0.02192088  0.82126015
   0.028167    0.01786446  0.79931716  1.53643292 -0.61712235  1.36539288
  -0.20334449  1.29854834  0.01959391  0.08896562 -0.23868584 -0.10030611]], Action: [[ 1.          0.24486354  1.          0.39280704 -0.18195936  0.20474665]], Reward: [2.5468738],Reward_sum: 194.30477905273438, Done: [False]
==========
t: 134, State: [[ 0.50316233  1.10554989  0.4530066   0.01032972 -0.00834236  0.82141192
   0.02916207  0.01615428  0.79869573  1.57652743 -0.65755326  1.48823276
  -0.24306241  2.06909646  0.01838436  0.1525263  -0.18794169 -0.0581352 ]], Action: [[0.8643317  0.4828155  1.         0.6937307  0.13332266 0.29938108]], Reward: [2.554766],Reward_sum: 196.85955810546875, Done: [False]
==========
t: 135, State: [[ 0.51562646  1.1002985   0.46392354  0.00900091  0.00573974  0.82156154
   0.02955458  0.0142697   0.79804599  1.53276434 -0.65147126  1.21026852
  -0.05848103  1.26576962  0.01757455 -0.07136602 -0.30250209 -0.09948718]], Action: [[ 1.          0.2538059   1.          0.24738888 -0.25009605  0.16492261]], Reward: [2.5558],Reward_sum: 199.41537475585938, Done: [False]
==========
t: 136, State: [[ 0.52785895  1.09501865  0.47324737  0.00959884  0.0127479   0.82165941
   0.02848911  0.01204971  0.79740339  1.52896769 -0.67052605  1.13082753
   0.1811557   0.55947308  0.00702266 -0.18618531 -0.25550518 -0.06428391]], Action: [[1.         0.5082717  1.         0.6945827  0.21087283 0.2923988 ]], Reward: [2.5261917],Reward_sum: 201.94155883789062, Done: [False]
==========
t: 137, State: [[ 0.54017479  1.08952062  0.48219165  0.01160161  0.01546324  0.82167823
   0.02622677  0.01104707  0.79666469  1.55133096 -0.70479772  1.11232563
   0.30394621  0.1651414  -0.00203645 -0.35721234 -0.0255976  -0.1113257 ]], Action: [[1.         0.39231014 1.         0.41814074 1.         0.16380374]], Reward: [2.5361233],Reward_sum: 204.4776611328125, Done: [False]
==========
t: 138, State: [[ 0.55260478  1.0840378   0.49055194  0.01399506  0.01583375  0.82161302
   0.02284967  0.0116521   0.78332333  1.56078958 -0.66552458  0.99282542
   0.28374925 -0.06342048 -0.01984678 -0.45876429  0.15304643 -3.19777744]], Action: [[ 1.          0.39852312  1.          0.04855859  1.         -0.3475997 ]], Reward: [2.5504677],Reward_sum: 207.02813720703125, Done: [False]
==========
t: 139, State: [[ 0.56544026  1.07921694  0.49824677  0.01469856  0.01477186  0.82093129
   0.01942864  0.01283358  0.73340169  1.64283085 -0.53826948  0.92996011
  -0.0724009  -0.17947394 -0.12360109 -0.38205241  0.14547292 -9.22659597]], Action: [[ 1.          1.          1.         -0.6672342   0.05458555 -0.69477594]], Reward: [2.6005034],Reward_sum: 209.62863159179688, Done: [False]
==========
t: 140, State: [[ 0.57893275  1.07440187  0.50659486  0.01371218  0.01341608  0.82000526
   0.01668698  0.01389911  0.67482156  1.7267456  -0.66781863  1.1570018
  -0.15260667 -0.15078979 -0.10025767 -0.31001835  0.11659393 -5.46048038]], Action: [[ 1.          1.          1.         -0.34417385  0.72072744  0.35053033]], Reward: [2.6828005],Reward_sum: 212.31143188476562, Done: [False]
==========
t: 141, State: [[ 0.59291982  1.06933664  0.51569462  0.01214631  0.01227176  0.81932557
   0.01433742  0.01521028  0.61349724  1.7577624  -0.59562597  1.08843245
  -0.21254256 -0.11807014 -0.05478213 -0.2789182   0.19552397 -9.81725032]], Action: [[ 1.          1.          1.         -0.73918843  0.5517973  -0.505722  ]], Reward: [2.7442772],Reward_sum: 215.05572509765625, Done: [False]
==========
t: 142, State: [[ 0.60697765  1.06422502  0.52441313  0.01078635  0.01173436  0.81923505
   0.01215212  0.01627702  0.54463869  1.75847181 -0.68347778  1.09784602
  -0.12369588 -0.02318514  0.02185324 -0.27328286  0.07688782 -7.44483285]], Action: [[ 1.          1.          1.         -0.52238137  0.5601445   0.1864629 ]], Reward: [2.7536068],Reward_sum: 217.809326171875, Done: [False]
==========
t: 143, State: [[ 0.62104389  1.05874637  0.53280373  0.00994162  0.01170365  0.81952158
   0.00948274  0.01698467  0.4843432   1.75918783 -0.6984379   1.00133754
  -0.09177292  0.01189254  0.04782218 -0.48400454  0.08614855 -5.78637284]], Action: [[ 1.          1.          1.         -0.724429    0.638106   -0.22224943]], Reward: [2.7542994],Reward_sum: 220.56362915039062, Done: [False]
==========
t: 144, State: [[ 6.35177456e-01  1.05332901e+00  5.40413784e-01  9.27655451e-03
   1.17930033e-02  8.19849970e-01  4.03898696e-03  1.79604948e-02
   4.52296348e-01  1.79802028e+00 -6.60164528e-01  9.91098885e-01
  -8.84399423e-02 -1.95307579e-02  1.49116147e-03 -7.73144566e-01
   1.49205938e-01 -2.59637330e+00]], Action: [[ 1.          1.          1.         -0.7635387   0.70815694 -0.6899038 ]], Reward: [2.762135],Reward_sum: 223.32574462890625, Done: [False]
==========
t: 145, State: [[ 0.64991076  1.04839846  0.54900291  0.00850503  0.01137571  0.81954585
  -0.00204289  0.01897261  0.43663447  1.86295129 -0.56856855  1.08041163
  -0.08782465 -0.0501174  -0.03825927 -0.80479215  0.10654934 -1.46686913]], Action: [[ 1.          1.          1.         -0.8141989   0.30383688 -1.        ]], Reward: [2.8369074],Reward_sum: 226.16265869140625, Done: [False]
==========
t: 146, State: [[ 6.64880003e-01  1.04421433e+00  5.57650921e-01  8.51067633e-03
   1.08011474e-02  8.19406178e-01 -8.86138785e-03  2.01510155e-02
   4.26582882e-01  1.87797632e+00 -4.76330188e-01  1.06663829e+00
   6.90415610e-02 -8.61659348e-02 -1.18995314e-03 -9.03313612e-01
   1.76193576e-01 -1.14360798e+00]], Action: [[ 1.          0.53952795  1.         -0.4158046   0.8958695  -1.        ]], Reward: [2.8668892],Reward_sum: 229.029541015625, Done: [False]
==========
t: 147, State: [[ 0.67998748  1.04075761  0.56631929  0.00972884  0.00991935  0.81945366
  -0.016022    0.02161353  0.41712856  1.89789144 -0.38703872  1.08443992
   0.21279188 -0.12542933  0.01116544 -0.89806815  0.18447654 -1.27391655]], Action: [[ 1.          0.3070429   1.         -0.15750577  1.         -1.        ]], Reward: [2.8843157],Reward_sum: 231.91387939453125, Done: [False]
==========
t: 148, State: [[ 0.69522325  1.0380407   0.57469243  0.01157007  0.00886047  0.81956777
  -0.02350871  0.02308226  0.40555145  1.91086136 -0.29188527  1.00278916
   0.23815398 -0.13431937  0.01628495 -0.97529995  0.17922463 -1.64883462]], Action: [[ 1.          0.30055824  1.         -0.21521328  1.         -1.        ]], Reward: [2.9003344],Reward_sum: 234.814208984375, Done: [False]
==========
t: 149, State: [[ 0.71056471  1.03608757  0.58233295  0.01345977  0.00782986  0.81970075
  -0.0315902   0.02443265  0.39042659  1.92457129 -0.19628398  0.90391046
   0.22922501 -0.12144982  0.01650634 -1.04587334  0.15731123 -2.14592696]], Action: [[ 1.          0.29941794  1.         -0.19717693  1.         -1.        ]], Reward: [2.9135535],Reward_sum: 237.72775268554688, Done: [False]
==========
t: 150, State: [[ 0.72600994  1.03490721  0.58902576  0.0151106   0.00695196  0.81983132
  -0.04036577  0.02562391  0.37107193  1.93706186 -0.09888657  0.76977313
   0.18395577 -0.09819766  0.01584034 -1.14459813  0.13933534 -2.69759077]], Action: [[ 1.          0.3340601   1.         -0.25051424  1.         -1.        ]], Reward: [2.92648],Reward_sum: 240.65423583984375, Done: [False]
==========
t: 151, State: [[ 7.41554145e-01  1.03451035e+00  5.94580807e-01  1.63768649e-02
   6.18672757e-03  8.19953806e-01 -4.99492580e-02  2.66705446e-02
   3.47224787e-01  1.94953404e+00 -6.05376642e-04  6.21582523e-01
   1.34713740e-01 -9.15610611e-02  1.45864225e-02 -1.24598151e+00
   1.21551887e-01 -3.26441089e+00]], Action: [[ 1.          0.28803572  1.         -0.28015277  1.         -1.        ]], Reward: [2.938864],Reward_sum: 243.59310913085938, Done: [False]
==========
t: 152, State: [[ 0.75718548  1.03491142  0.59878841  0.01718374  0.00534579  0.82007037
  -0.06049572  0.02761647  0.31884983  1.95919685  0.10028764  0.4369424
   0.07212037 -0.11331483  0.01424839 -1.38038085  0.11321488 -3.82717132]], Action: [[ 1.          0.18456122  1.         -0.3661134   1.         -1.        ]], Reward: [2.949749],Reward_sum: 246.5428466796875, Done: [False]
==========
t: 153, State: [[ 7.72697108e-01  1.03627943e+00  6.00149773e-01  1.75913524e-02
   8.20666114e-04  8.20200168e-01 -7.34781278e-02  2.85279680e-02
   2.85944780e-01  1.91905821e+00  2.41377987e-01 -9.35449300e-02
   3.34017231e-02 -1.01836055e+00  1.73210613e-02 -1.85807539e+00
   1.12149029e-01 -4.39555483e+00]], Action: [[ 1.          0.03000179  1.         -0.470471    1.         -1.        ]], Reward: [2.934731],Reward_sum: 249.47760009765625, Done: [False]
==========
t: 154, State: [[ 0.78800161  1.03869936  0.59830442  0.01842951 -0.01079179  0.82029632
  -0.08888087  0.02908396  0.24856997  1.90711825  0.36318413 -0.37851258
   0.15657725 -1.87163853  0.00741242 -2.00909801  0.03556873 -4.94536873]], Action: [[ 1.         -0.1405456   1.          0.01582497  1.         -1.        ]], Reward: [2.9090421],Reward_sum: 252.38662719726562, Done: [False]
==========
t: 155, State: [[ 0.80370754  1.04171174  0.59724428  0.01960139 -0.02025414  0.81958935
  -0.10247748  0.02917418  0.20696835  2.01999836  0.3898053   0.1125835
   0.13505596 -0.49281898 -0.15950484 -1.39301743 -0.00740979 -5.4554428 ]], Action: [[ 1.          0.24840859  0.6837286   0.06546854  1.         -1.        ]], Reward: [2.959709],Reward_sum: 255.34634399414062, Done: [False]
==========
t: 156, State: [[ 0.81953884  1.04549788  0.59458746  0.02010618 -0.03034615  0.8188322
  -0.11711836  0.02944128  0.16120179  1.93799919  0.55592788 -0.76578089
   0.00639698 -2.03544206 -0.0429609  -2.24561702  0.06421009 -5.98237979]], Action: [[ 1.         -0.05359611  1.         -0.6027857   1.         -1.        ]], Reward: [2.9745462],Reward_sum: 258.3208923339844, Done: [False]
==========
t: 157, State: [[ 8.35689813e-01  1.04992647e+00  5.91723508e-01  2.01992321e-02
  -3.81157991e-02  8.17187781e-01 -1.31126771e-01  2.96937556e-02
   1.11301865e-01  2.10033636e+00  5.51293163e-01  4.74561949e-02
   1.51468117e-02  9.25685527e-02 -3.25109268e-01 -1.26181069e+00
   6.02902288e-03 -6.49610612e+00]], Action: [[ 1.          0.40149084  0.34766793  0.03513076  1.         -1.        ]], Reward: [3.0155878],Reward_sum: 261.33648681640625, Done: [False]
==========
t: 158, State: [[ 0.85225398  1.05490038  0.58912433  0.01953389 -0.04107877  0.81570513
  -0.14412467  0.03018565  0.05732327  2.04115394  0.69185752 -0.68032719
  -0.15652403 -0.84493842 -0.07389428 -1.95595926  0.10286789 -6.9996444 ]], Action: [[ 1.          0.16808024  1.         -0.88136166  1.         -1.        ]], Reward: [3.0657156],Reward_sum: 264.4021911621094, Done: [False]
==========
t: 159, State: [[ 8.68777837e-01  1.06074520e+00  5.84048549e-01  1.87757592e-02
  -4.71795827e-02  8.14692025e-01 -1.58601175e-01  3.07450160e-02
  -8.93876665e-04  2.08988106e+00  7.69291660e-01 -5.96288116e-01
  -4.55157157e-02 -6.73048550e-01 -1.64168384e-01 -1.67377142e+00
   4.34757584e-02 -7.55934899e+00]], Action: [[ 1.          0.12604406  0.59911776 -0.18229963  1.         -1.        ]], Reward: [3.0620744],Reward_sum: 267.4642639160156, Done: [False]
==========
t: 160, State: [[ 0.88569254  1.06718282  0.57941021  0.01830766 -0.05077164  0.8138451
  -0.17123613  0.0310989  -0.06360446  2.13918194  0.840169   -0.56000871
  -0.06726594 -0.22700078 -0.05874641 -1.4775309   0.04416257 -8.1250257 ]], Action: [[ 1.          0.25480363  0.85529506 -0.40671408  1.         -1.        ]], Reward: [3.1103764],Reward_sum: 270.57464599609375, Done: [False]
==========
t: 161, State: [[ 0.90294773  1.07420682  0.57465804  0.01742545 -0.05088258  0.81385463
  -0.18275083  0.03158772 -0.13091794  2.1749177   0.91581885 -0.61991285
  -0.1406844   0.19204178  0.04708682 -1.3848638   0.07306703 -8.71156017]], Action: [[ 1.          0.3390378   0.95299256 -0.6424065   1.         -1.        ]], Reward: [3.1524627],Reward_sum: 273.72711181640625, Done: [False]
==========
t: 162, State: [[ 0.92043271  1.08187012  0.5691745   0.01613195 -0.04853424  0.81450588
  -0.19364371  0.03225506 -0.20311261  2.19637493  0.99998557 -0.74559775
  -0.17399765  0.38957455  0.10578971 -1.32557797  0.08989508 -9.34753308]], Action: [[ 1.         0.3307372  0.982517  -0.7148052  1.        -1.       ]], Reward: [3.181036],Reward_sum: 276.90814208984375, Done: [False]
==========
t: 163, State: [[  0.9381039    1.0901981    0.56287792   0.01474671  -0.04452535
    0.81541791  -0.20370677   0.03297509  -0.28066856   2.22137029
    1.08201416  -0.82648727  -0.1684842    0.60924501   0.11759255
   -1.18303318   0.08847434 -10.        ]], Action: [[ 1.          0.33577088  0.9770689  -0.7038734   1.         -1.        ]], Reward: [3.204337],Reward_sum: 280.11248779296875, Done: [False]
==========
t: 164, State: [[  0.95596369   1.09918685   0.55591575   0.01347086  -0.03893565
    0.8163884   -0.21253037   0.03365875  -0.36422722   2.24326449
    1.1652388   -0.91361405  -0.14880623   0.78564288   0.12127533
   -1.01685384   0.08179722 -10.        ]], Action: [[ 1.          0.33354172  1.         -0.710816    1.         -1.        ]], Reward: [3.2278574],Reward_sum: 283.34033203125, Done: [False]
==========
t: 165, State: [[  0.97412832   1.10874715   0.54913348   0.01227878  -0.02955181
    0.81723622  -0.21901029   0.03428342  -0.45460418   2.2973137
    1.22488331  -0.78126707  -0.14549684   1.55480267   0.09162902
   -0.59567035   0.07421716 -10.        ]], Action: [[ 1.          0.4498237   0.96687055 -0.71648663  1.         -1.        ]], Reward: [3.265928],Reward_sum: 286.60626220703125, Done: [False]
==========
t: 166, State: [[ 9.93049090e-01  1.11853381e+00  5.45526442e-01  1.07424875e-02
  -7.66382186e-03  8.17056945e-01 -2.19940869e-01  3.49290734e-02
  -5.52670636e-01  2.43133509e+00  1.22065810e+00 -1.16330147e-01
  -2.22607317e-01  3.89690027e+00 -1.10032655e-01  3.77072828e-01
   8.47880858e-02 -1.00000000e+01]], Action: [[ 1.         0.8029218  0.6089801 -0.8530823  1.        -1.       ]], Reward: [3.3603525],Reward_sum: 289.96661376953125, Done: [False]
==========
t: 167, State: [[ 1.01220581e+00  1.12877549e+00  5.41569811e-01  7.28084034e-03
   2.19027344e-02  8.16724303e-01 -2.18719861e-01  3.57198470e-02
  -6.62579335e-01  2.31883870e+00  1.37206282e+00 -9.80265227e-01
  -3.04990334e-01  2.50690426e+00  1.70509713e-02 -7.55207002e-02
   1.08132128e-01 -1.00000000e+01]], Action: [[ 1.  1.  1. -1.  1. -1.]], Reward: [3.3885899],Reward_sum: 293.3551940917969, Done: [False]
==========
t: 168, State: [[ 1.03015146e+00  1.14027326e+00  5.30903848e-01  5.88839349e-03
   3.48611278e-02  8.15619130e-01 -2.18998568e-01  3.64109124e-02
  -8.49049732e-01  2.16673089e+00  1.40737400e+00 -1.62907633e+00
  -9.16564301e-02  9.06152518e-01 -2.38417093e-01 -3.03242170e-01
  -4.49802560e-02 -1.00000000e+01]], Action: [[ 1.          1.          0.31737232 -0.8331537   1.         -1.        ]], Reward: [3.2384117],Reward_sum: 296.5936279296875, Done: [False]
==========
t: 169, State: [[ 1.04714965e+00  1.15062526e+00  5.16562878e-01  5.57275662e-03
   3.85155695e-02  8.14182322e-01 -2.26058004e-01  3.47442607e-02
  -9.66050220e-01  2.09505650e+00  1.19526147e+00 -1.93257294e+00
  -1.24753042e-03  9.93349789e-02 -1.34266616e-01 -1.40857878e+00
  -3.08969424e-01 -8.47987806e+00]], Action: [[ 1.         1.         0.6836474 -0.6889496  1.        -1.       ]], Reward: [3.119831],Reward_sum: 299.71343994140625, Done: [False]
==========
t: 170, State: [[ 1.06389311  1.15957389  0.50127418  0.00638216  0.03752173  0.8085739
  -0.23905685  0.0318344  -1.00241175  2.09272532  1.0495957  -1.89259545
   0.17707834 -0.29316041 -1.30428666 -1.81238531 -0.38516021 -1.43230451]], Action: [[ 1.          0.77489936 -0.10953037 -0.21369718  1.         -1.        ]], Reward: [3.089275],Reward_sum: 302.802734375, Done: [False]
==========
t: 171, State: [[ 1.08049336  1.16759706  0.48593087  0.00981591  0.02892429  0.80235353
  -0.25384479  0.02829082 -0.99899217  2.0548667   0.96144225 -1.98382933
   0.61311882 -1.8159531  -0.35687671 -1.91647594 -0.46980825  1.8372328 ]], Action: [[ 1.        -0.5863315  1.         0.8556396  1.        -1.       ]], Reward: [3.069955],Reward_sum: 305.8726806640625, Done: [False]
==========
t: 172, State: [[ 1.09742642  1.17484265  0.47331876  0.01520773  0.01824621  0.78087676
  -0.26543562  0.02452521 -0.97836638  2.17138236  0.85792177 -1.2256274
   0.70994481 -0.93227876 -4.99007936 -1.03118273 -0.45684439  3.08301433]], Action: [[ 1.          0.34599772 -0.28683412  1.          1.         -1.        ]], Reward: [3.112431],Reward_sum: 308.985107421875, Done: [False]
==========
t: 173, State: [[ 1.11464588  1.18091232  0.46190383  0.01942126  0.01293016  0.78141403
  -0.27643433  0.02170355 -0.95213171  2.13221492  0.66198678 -1.62115008
   0.37597557 -0.44357316  5.1019027  -1.69235102 -0.26316869  3.35237828]], Action: [[ 1.          0.8003311   0.7281116  -0.09180606  0.86924374 -1.        ]], Reward: [3.1484978],Reward_sum: 312.13360595703125, Done: [False]
==========
t: 174, State: [[ 1.13199939  1.18617458  0.4508287   0.02230872  0.01071539  0.78353775
  -0.2874414   0.01981505 -0.92627706  2.20400669  0.65557187 -1.16221714
   0.34245092 -0.14245449 -4.54795141 -1.07123608 -0.20902693  3.06376509]], Action: [[ 1.          0.5636407  -0.66590255  0.4692364   1.         -1.        ]], Reward: [3.1652067],Reward_sum: 315.298828125, Done: [False]
==========
t: 175, State: [[ 1.14933299  1.19079805  0.43919806  0.02368162  0.01001584  0.78184014
  -0.29896949  0.0180351  -0.90330668  2.13161534  0.49922048 -1.72006505
   0.03629916 -0.04394667  4.10461361 -1.78507696 -0.22788695  2.6563881 ]], Action: [[ 1.          0.8374016   0.60972357 -0.45041224  0.17057183 -1.        ]], Reward: [3.1633954],Reward_sum: 318.46221923828125, Done: [False]
==========
t: 176, State: [[ 1.16660762  1.19475177  0.42707328  0.02438547  0.00979425  0.78170084
  -0.31107285  0.0166326  -0.88417849  2.18573374  0.49008708 -1.32322592
   0.12598483 -0.01440854 -4.12098103 -1.25049589 -0.13075877  2.13239077]], Action: [[ 1.          0.33282366 -0.56979334  0.3705599   1.         -1.        ]], Reward: [3.1557565],Reward_sum: 321.61798095703125, Done: [False]
==========
t: 177, State: [[ 1.18378517  1.19791466  0.41408342  0.02446329  0.0098527   0.7950245
  -0.32435785  0.01576476 -0.86877917  2.11984244  0.32604728 -1.82982528
  -0.08280152  0.03165297  4.79490242 -1.94114424 -0.09493617  1.71563072]], Action: [[ 1.          0.8809347   0.8653947  -0.45875397  0.40647253 -1.        ]], Reward: [3.1432922],Reward_sum: 324.7612609863281, Done: [False]
==========
t: 178, State: [[ 1.20096355  1.20029642  0.40124913  0.02491347  0.01014644  0.82000542
  -0.33731187  0.0150691  -0.85681518  2.17137832  0.26714808 -1.41463364
   0.16251049  0.03962558  1.76858176 -1.34169982 -0.07799662  1.29290459]], Action: [[ 1.          0.35331348 -0.03645395  0.6683437   1.         -1.        ]], Reward: [3.1437256],Reward_sum: 327.90496826171875, Done: [False]
==========
t: 179, State: [[ 1.218178    1.20230228  0.38919407  0.02670519  0.00603164  0.82780141
  -0.3482917   0.01457582 -0.84782941  2.13022517  0.23275125 -1.61840549
   0.26634845 -1.06468318  0.34347069 -1.4259945  -0.04733127  0.96760556]], Action: [[ 1.         -0.43691406  0.21472277  0.5679342   1.         -1.        ]], Reward: [3.1482465],Reward_sum: 331.05322265625, Done: [False]
==========
t: 180, State: [[ 1.23528057  1.20392185  0.3768288   0.02945723 -0.00438344  0.82738003
  -0.35821389  0.01403413 -0.84118157  2.14396696  0.17141724 -1.49305094
   0.39568901 -1.52707951 -0.35487099 -1.08240511 -0.08151956  0.70710438]], Action: [[ 1.         -0.4779701   0.19543304  1.          1.         -1.        ]], Reward: [3.1335545],Reward_sum: 334.186767578125, Done: [False]
==========
t: 181, State: [[ 1.25289251  1.20483599  0.36746767  0.0324232  -0.01146862  0.82322529
  -0.36358317  0.01337258 -0.8363272   2.25884812  0.05750328 -0.85134071
   0.34312132 -0.24468086 -0.63305552 -0.26628634 -0.08173814  0.51584524]], Action: [[ 1.         -0.14600655  0.19787921  0.96335083  1.         -1.        ]], Reward: [3.197504],Reward_sum: 337.38427734375, Done: [False]
==========
t: 182, State: [[ 1.27010329  1.20539092  0.35565153  0.03544349 -0.02794869  0.81971258
  -0.37026829  0.01284071 -0.83278633  2.04264922  0.07865316 -2.11121211
   0.39492663 -3.86330932 -0.28092998 -1.4152352  -0.05300201  0.37652156]], Action: [[ 1.        -1.         1.         0.7846018  1.        -1.       ]], Reward: [3.145732],Reward_sum: 340.530029296875, Done: [False]
==========
t: 183, State: [[  1.28878641   1.20540276   0.35234231   0.03701279  -0.0269155
    0.76248997  -0.36664909   0.01230295  -0.83030106   2.62985707
   -0.07332078   1.30770806   0.03936552   4.1249184  -10.
    2.34634071  -0.0773765    0.25243248]], Action: [[ 1.          1.         -0.89901316  1.          1.         -1.        ]], Reward: [3.3295813],Reward_sum: 343.8595886230469, Done: [False]
==========
t: 184, State: [[ 1.30908990e+00  1.20451451e+00  3.59141099e-01  3.51650291e-02
   6.05040025e-03  6.74556423e-01 -3.47642943e-01  1.92896518e-03
  -8.27454373e-01  2.41550931e+00 -1.35389626e-01  2.51177301e-01
  -4.08475819e-01  3.54478602e+00 -7.95247225e+00  2.27802403e+00
  -2.52738853e+00  4.26180502e-01]], Action: [[ 0.9578719   0.41399446  0.40530205 -1.         -0.95946455 -0.75570136]], Reward: [3.534192],Reward_sum: 347.393798828125, Done: [False]
==========
t: 185, State: [[ 1.32807782e+00  1.20285588e+00  3.56393704e-01  3.10692108e-02
   2.53025812e-02  6.21091874e-01 -3.43335870e-01 -2.62257251e-03
  -8.23469348e-01  2.35135686e+00 -2.86760478e-01 -8.29359019e-01
  -5.90472695e-01  1.47331986e+00 -5.43666589e+00 -1.12637186e+00
   1.46477697e+00  5.39758319e-01]], Action: [[ 1.          0.7706926   0.09272565 -1.          0.19565235 -0.2894268 ]], Reward: [3.3707645],Reward_sum: 350.7645263671875, Done: [False]
==========
t: 186, State: [[ 1.34667926  1.19962325  0.3477214   0.02783868  0.03110145  0.63321185
  -0.35697171  0.01331286 -0.82048407  2.26656534 -0.49329087 -1.36931545
  -0.23940318  0.05269561  8.33799697 -1.76908923  1.47537197  0.26362951]], Action: [[ 1.         -0.09021452  1.          0.14331627  0.87942624 -1.        ]], Reward: [3.3213785],Reward_sum: 354.0859375, Done: [False]
==========
t: 187, State: [[ 1.36470261  1.19514552  0.33676874  0.02725408  0.03051152  0.73231578
  -0.36895146  0.02134811 -0.8190894   2.23771535 -0.62366328 -1.4046558
   0.05729076 -0.1633901  10.         -1.30832568  0.61885052  0.0991448 ]], Action: [[ 1.          0.73337495  0.6221643   0.58683723  1.         -1.        ]], Reward: [3.248649],Reward_sum: 357.3345642089844, Done: [False]
==========
t: 188, State: [[ 1.38263267  1.19008061  0.3264568   0.02860066  0.02906408  0.85734081
  -0.37650479  0.02405238 -0.81881372  2.25972119 -0.60810459 -1.05465011
   0.2418866  -0.18363761 10.         -0.44812975  0.10731998 -0.02387607]], Action: [[ 1.          0.70497656  0.72071177  0.82249105  1.         -1.        ]], Reward: [3.2365656],Reward_sum: 360.57110595703125, Done: [False]
==========
t: 189, State: [[ 1.40083269  1.18524373  0.31927305  0.03050848  0.02740967  0.91260701
  -0.37753586  0.02392384 -0.81923926  2.29582016 -0.61434747 -0.75452476
   0.22669039 -0.22310876  3.79443097  0.13221409 -0.21372155 -0.10739817]], Action: [[ 1.         0.6370561  0.9053153  0.6286655  1.        -1.       ]], Reward: [3.2703812],Reward_sum: 363.84149169921875, Done: [False]
==========
t: 190, State: [[ 1.41976853  1.17983448  0.31411437  0.0319107   0.02499206  0.92735421
  -0.37746237  0.01441513 -0.82243526  2.43785158 -0.7457293  -0.53269136
   0.13181591 -0.35692723  0.306711   -0.22228984 -1.75013886 -0.57539217]], Action: [[ 1.          0.14183828  1.          0.5475595   1.         -1.        ]], Reward: [3.3626602],Reward_sum: 367.20416259765625, Done: [False]
==========
t: 191, State: [[ 1.43959244  1.17322377  0.30880168  0.03225083  0.01847749  0.92255962
  -0.38636163  0.00399665 -0.82734749  2.50754358 -0.90173832 -0.80028689
  -0.02139368 -1.28957197 -1.27995748 -1.92051207 -0.86362693 -0.58922521]], Action: [[ 1.         -0.2598562   1.          0.13403165  1.         -1.        ]], Reward: [3.4739027],Reward_sum: 370.6781005859375, Done: [False]
==========
t: 192, State: [[ 1.46033797e+00  1.16538127e+00  3.04678659e-01  3.23859673e-02
   1.01788767e-02  9.09389785e-01 -4.02861001e-01 -7.20004420e-04
  -8.31493340e-01  2.67704041e+00 -9.79846148e-01 -3.00996510e-01
   5.87651047e-02 -1.49993172e+00 -1.96210533e+00 -2.17583629e+00
  -3.69205809e-01 -4.50609638e-01]], Action: [[ 1.          0.13305601  1.          0.7049252   1.         -1.        ]], Reward: [3.5886774],Reward_sum: 374.2667541503906, Done: [False]
==========
t: 193, State: [[ 1.48242243  1.15842384  0.3044853   0.0329714  -0.00850185  0.89225546
  -0.41598609 -0.00823764 -0.8341242   2.84938861 -0.78712093  0.30223351
   0.075043   -2.76608857 -2.1989452  -1.116219   -1.37804977 -0.21887884]], Action: [[ 1.          0.31008565  1.          0.64242804  0.5072185  -1.        ]], Reward: [3.7567909],Reward_sum: 378.0235595703125, Done: [False]
==========
t: 194, State: [[ 1.50505738  1.15271551  0.30389858  0.03401217 -0.04238487  0.87476656
  -0.43210376 -0.01264145 -0.83572202  2.81369812 -0.66592631 -0.43465806
   0.16410667 -5.51606432 -2.11301667 -3.05745808  0.74977999 -0.13453068]], Action: [[ 1.         -0.6586535   0.43813252  0.59557724  1.         -1.        ]], Reward: [3.8253887],Reward_sum: 381.84893798828125, Done: [False]
==========
t: 195, State: [[ 1.52937228e+00  1.14782296e+00  3.10164426e-01  3.49065692e-02
  -6.46890565e-02  8.05704426e-01 -4.48718864e-01  5.57825021e-04
  -8.34485875e-01  3.25954192e+00 -5.58688741e-01  1.99805748e+00
   7.14243342e-02 -1.60835452e-02 -1.00000000e+01 -1.02451926e+00
   2.41154921e+00  3.77145161e-01]], Action: [[ 1.          0.4361564  -1.          1.          1.         -0.27492815]], Reward: [4.0350966],Reward_sum: 385.884033203125, Done: [False]
==========
t: 196, State: [[ 1.55378812  1.1432683   0.3166663   0.03559744 -0.08772005  0.73313834
  -0.46418639  0.01450282 -0.83152104  2.84931014 -0.59465832 -0.36194324
   0.09180266 -5.70610278 -2.91500631 -2.89948613  1.18591448  0.35611613]], Action: [[ 1.         -0.8160217   1.          0.03931423  0.7605656  -1.        ]], Reward: [4.047734],Reward_sum: 389.9317626953125, Done: [False]
==========
t: 197, State: [[  1.57806557   1.13885836   0.32328797   0.03609548  -0.11075687
    0.65638751  -0.47426446   0.02044005  -0.82824293   3.2221315
   -0.50410031   2.01133235   0.03840537  -0.01607414 -10.
    0.33564919   0.38327521   0.43795821]], Action: [[ 1.          0.43928254 -1.          1.          1.         -0.5630021 ]], Reward: [4.030171],Reward_sum: 393.9619445800781, Done: [False]
==========
t: 198, State: [[  1.60227063   1.13473844   0.33034023   0.03588989  -0.12933043
    0.54767677  -0.48080185   0.02268752  -0.82540617   2.83126641
   -0.52931417  -0.23222637  -0.07533517  -4.64682063 -10.
   -1.96499837   0.19596581   0.28260924]], Action: [[ 1.         -0.80268013  0.31638467 -0.35591045  1.         -1.        ]], Reward: [4.021762],Reward_sum: 397.98370361328125, Done: [False]
==========
t: 199, State: [[  1.62466711   1.13136098   0.32800803   0.03599049  -0.16830724
    0.41413265  -0.49468596   0.02260202  -0.82327836   2.77271347
   -0.33473041  -0.31958486   0.07309404  -5.182484   -10.
   -1.51250584  -0.1669019    0.24853033]], Action: [[ 1.         -0.6523665  -1.          0.65884334  0.6687919  -0.7336669 ]], Reward: [3.795715],Reward_sum: 401.7794189453125, Done: [False]
==========
Walker2d - Steps: 200, Return: 401.7794189453125, State: [[  1.62466711   1.13136098   0.32800803   0.03599049  -0.16830724
    0.41413265  -0.49468596   0.02260202  -0.82327836   2.77271347
   -0.33473041  -0.31958486   0.07309404  -5.182484   -10.
   -1.51250584  -0.1669019    0.24853033]]
