[CudaDevice(id=0)]
Using AIRL:  False
Using GAIL:  False
Using RGCL:  False
Experiment State @  2025-05-13 17:44:08.418527-05:00
Experiment Saved @  results/experiment_124
Experiment Settings Saved @  results/experiment_124
124
Using cuda device
Wrapping the env with a `Monitor` wrapper
Wrapping the env in a DummyVecEnv.
Wrapping the env with a `Monitor` wrapper
Wrapping the env in a DummyVecEnv.
t: 0, State: [[ 3.22687404e-03  1.25105673e+00  5.06238554e-03  5.28014152e-03
  -6.98639161e-03  6.50721626e-02 -3.04851210e-03  1.01583585e-03
   5.51581566e-02  8.93237547e-02 -4.47912629e-01  4.65927093e-02
   6.06788329e-01 -2.00808849e+00  1.00000000e+01  1.17244597e-02
   3.13970418e-02  1.00000000e+01]], Action: [[ 1.         -0.33107463  1.          1.          1.          1.        ]], Reward: [1.0416832],Reward_sum: 1.0416831970214844, Done: [False]
==========
t: 1, State: [[ 5.39346568e-03  1.24859001e+00  1.52330413e-02  7.54597544e-03
   7.23843314e-03  1.15356238e-01  7.63792562e-03  2.59463947e-03
   1.08628363e-01  2.63685932e-01 -1.66903708e-01  1.42428349e+00
  -5.48288545e-02  3.11154667e+00 -1.36480727e+00  1.46882372e+00
   3.68226701e-01 -4.26644185e-01]], Action: [[ 1.        1.       -1.        0.896502  1.       -1.      ]], Reward: [1.2650203],Reward_sum: 2.306703567504883, Done: [False]
==========
t: 2, State: [[ 6.20550486e-03  1.24589553e+00  1.79118167e-02  2.90963518e-03
   2.20127747e-02  1.62631768e-01  1.54441173e-02 -8.59556730e-03
   1.42177715e-01 -5.71922764e-02 -5.04927172e-01 -6.93447200e-01
  -1.03350727e+00  6.37686018e-01  1.00000000e+01  5.75111585e-01
  -3.19369385e+00  8.75428663e+00]], Action: [[ 0.86385834  0.37163866  1.         -1.         -1.          0.5173597 ]], Reward: [1.0973529],Reward_sum: 3.4040565490722656, Done: [False]
==========
t: 3, State: [[ 6.63526757e-03  1.24166035e+00  1.73361023e-02  6.42873354e-04
   2.55228732e-02  2.18422619e-01  1.86562000e-02 -1.88821667e-02
   2.44303645e-01  1.79336632e-01 -5.53580264e-01  6.35711359e-01
   5.28831243e-01  2.67418389e-01  8.27732479e-01  2.66943805e-01
   7.97803395e-01  1.00000000e+01]], Action: [[ 0.94073915  0.8162596  -1.          1.          1.          0.8121033 ]], Reward: [1.0485096],Reward_sum: 4.452566146850586, Done: [False]
==========
t: 4, State: [[ 7.09105930e-03  1.23776591e+00  1.91633498e-02  3.48814900e-03
   2.55944510e-02  1.82857109e-01  2.05247508e-02 -1.94682473e-02
   3.62024852e-01 -5.99208818e-02 -4.20362435e-01 -1.51238588e-01
   2.00374231e-01 -1.91556714e-01 -9.72322414e+00  2.09821507e-01
  -9.55780539e-01  1.00000000e+01]], Action: [[ 1.          0.30613267 -0.8014459  -0.16293637 -0.923188   -0.27762222]], Reward: [1.0542821],Reward_sum: 5.506848335266113, Done: [False]
==========
t: 5, State: [[ 5.79226752e-03  1.23407679e+00  1.39247969e-02  3.52986018e-03
   2.04513674e-02  1.24689723e-01  2.11500395e-02 -3.57455517e-02
   4.52070723e-01 -2.64053224e-01 -5.03692321e-01 -1.14444069e+00
  -1.70752383e-01 -1.11970756e+00 -4.82169405e+00 -2.42217002e-02
  -3.16924080e+00  9.81267278e+00]], Action: [[ 1.          0.4581441   0.36163396 -0.7434089  -1.         -0.2587462 ]], Reward: [0.83469075],Reward_sum: 6.341538906097412, Done: [False]
==========
t: 6, State: [[ 3.70253178e-03  1.22952384e+00  5.02215233e-03  3.04942972e-03
   1.10369586e-02  6.90859592e-02  2.13195990e-02 -5.97912872e-02
   5.65120518e-01 -2.58533456e-01 -6.31979235e-01 -1.08820804e+00
   2.89291786e-02 -1.19060195e+00 -9.10834040e+00  5.15966107e-02
  -2.76184315e+00  1.00000000e+01]], Action: [[ 0.72519475 -0.05408174 -0.37497014  0.7702259   0.06608653  0.7014108 ]], Reward: [0.737024],Reward_sum: 7.0785627365112305, Done: [False]
==========
t: 7, State: [[-4.65763769e-05  1.22391372e+00 -1.07425276e-02  3.91653674e-03
  -1.48826361e-02  4.05072549e-02  2.09183744e-02 -9.70647140e-02
   6.94420888e-01 -6.77926040e-01 -7.81166715e-01 -2.85278620e+00
   1.68130286e-01 -5.27366609e+00  1.93043715e+00 -1.28427928e-01
  -6.67291714e+00  1.00000000e+01]], Action: [[ 0.86009884 -0.15470693  0.7405096  -0.3644285  -1.         -0.39833272]], Reward: [0.5287579],Reward_sum: 7.607320785522461, Done: [False]
==========
t: 8, State: [[-3.34622756e-03  1.21735427e+00 -3.22711887e-02 -1.40910124e-02
  -1.64152328e-02  4.89011624e-03  1.26625596e-02 -1.30615124e-01
   8.46068332e-01 -1.43021502e-01 -7.78897702e-01 -2.52982171e+00
  -4.67537606e+00  4.90464830e+00 -1.00000000e+01 -2.28398424e+00
  -1.32767903e+00  1.00000000e+01]], Action: [[-0.5704212  0.8083154 -0.7193516  1.         1.         1.       ]], Reward: [0.5830474],Reward_sum: 8.19036865234375, Done: [False]
==========
t: 9, State: [[-4.97092585e-03  1.21066981e+00 -4.73565201e-02 -3.20386370e-02
  -4.50992523e-03 -2.45096857e-02  2.24145507e-03 -1.48877530e-01
   9.37566068e-01 -2.71282150e-01 -9.05640813e-01 -1.40362732e+00
  -3.29125116e-02 -1.88161339e+00  3.95871107e+00 -5.18304148e-01
  -3.21682271e+00  5.73525592e+00]], Action: [[ 1.          0.00533745  1.          0.6260685  -0.5713781  -0.7524748 ]], Reward: [0.79362804],Reward_sum: 8.983996391296387, Done: [False]
==========
t: 10, State: [[-0.00450318  1.20512979 -0.0499491  -0.03900959  0.00647004 -0.00551762
  -0.00341705 -0.15394477  0.96102393  0.33393796 -0.42743308  1.03770578
  -0.49539808  3.04663494  0.64572113 -0.27391233  1.53250949  0.7084332 ]], Action: [[-0.21340677  1.         -0.28088987  1.          1.          1.        ]], Reward: [1.0543435],Reward_sum: 10.038339614868164, Done: [False]
==========
t: 11, State: [[-2.00687735e-03  1.20318867e+00 -2.75912311e-02 -1.40587802e-02
   3.41828443e-03  4.41898479e-02  2.13081797e-02 -1.58571340e-01
   9.56752829e-01  1.76318813e-01 -1.08340266e-01  2.16853125e+00
   3.46276957e+00 -2.81555862e+00  1.00000000e+01  2.68998994e+00
  -8.18841315e-01 -1.49486226e+00]], Action: [[ 1.          0.30134436  1.          1.         -1.          1.        ]], Reward: [1.3069474],Reward_sum: 11.345287322998047, Done: [False]
==========
t: 12, State: [[ 6.58964494e-04  1.20301761e+00 -1.50211010e-02 -5.25837504e-03
  -8.32534187e-04  1.66919283e-01  3.04463477e-02 -1.53538245e-01
   9.40297547e-01  5.09865018e-01  4.95374571e-02  9.01520810e-01
  -1.66153460e+00  2.34601558e+00  1.00000000e+01 -5.15435440e-01
   2.02850650e+00 -2.44367506e+00]], Action: [[-0.822973    1.          1.          0.92543525  0.6274774   1.        ]], Reward: [1.3283027],Reward_sum: 12.673589706420898, Done: [False]
==========
t: 13, State: [[ 4.56722221e-03  1.20368320e+00 -1.31879006e-02 -2.36963028e-02
   1.21640194e-02  3.49377094e-01  1.78029626e-02 -1.32720206e-01
   9.19603127e-01  4.68707581e-01  1.06662034e-01 -4.47291550e-01
  -2.98055740e+00  9.83824239e-01  1.00000000e+01 -2.63693663e+00
   3.12877471e+00 -2.63766085e+00]], Action: [[ 0.39034134  0.59689045  0.930792   -0.5900413  -0.24204972  0.86618614]], Reward: [1.4860002],Reward_sum: 14.159589767456055, Done: [False]
==========
t: 14, State: [[ 7.67583557e-03  1.20465114e+00 -1.24435460e-02 -2.84748184e-02
  -7.24028568e-03  5.95750749e-01  4.79938121e-03 -1.11807981e-01
   8.97913575e-01  3.02026569e-01  1.29536077e-01  5.02473721e-01
   1.60337272e+00 -5.74419034e+00  1.00000000e+01 -8.12698278e-01
   2.18260379e+00 -2.70562336e+00]], Action: [[ 1.         -0.17596146  0.6669952   0.31893125 -0.53279793  0.2828073 ]], Reward: [1.3866353],Reward_sum: 15.546224594116211, Done: [False]
==========
t: 15, State: [[ 1.18726186e-02  1.20617741e+00 -1.03059202e-03 -1.33486474e-02
  -4.49603669e-02  8.84931840e-01  1.68541767e-03 -8.69676653e-02
   8.77726482e-01  7.63673665e-01  2.91408925e-01  2.31765563e+00
   1.34436052e+00 -1.83305681e+00  1.00000000e+01 -6.05447629e-02
   4.11928549e+00 -2.33109352e+00]], Action: [[0.5351306 1.        1.        1.        0.3546994 0.6954787]], Reward: [1.520702],Reward_sum: 17.066926956176758, Done: [False]
==========
t: 16, State: [[ 1.98040962e-02  1.20912890e+00  2.27083377e-02 -1.53292508e-02
  -2.25603492e-02  1.04572706e+00  2.37153420e-03 -4.74123255e-02
   8.60676933e-01  1.21322585e+00  3.97086977e-01  3.59418412e+00
  -1.68771426e+00  6.99401570e+00  1.00000000e+01  1.96987136e-01
   5.82410671e+00 -1.91829194e+00]], Action: [[0.4048781 0.9927081 0.9124478 0.8051566 0.2603221 0.6311217]], Reward: [1.9883384],Reward_sum: 19.055265426635742, Done: [False]
==========
t: 17, State: [[ 2.82309977e-02  1.21233242e+00  4.31200932e-02 -3.91080569e-02
   3.25772451e-02  1.09319486e+00 -1.68442881e-04 -1.53834724e-02
   8.28934563e-01  8.46252866e-01  4.10197784e-01  1.75767625e+00
  -3.08226046e+00  4.98943323e+00  1.52769426e+00 -3.46681670e-01
   1.94682145e+00 -5.93299411e+00]], Action: [[ 0.48253474  0.38318232  0.7951098  -1.         -1.         -0.26314223]], Reward: [2.0502815],Reward_sum: 21.105546951293945, Done: [False]
==========
t: 18, State: [[ 0.03415178  1.21537533  0.05848449 -0.05327672  0.05197998  1.08474817
   0.0037529  -0.00837553  0.7966262   0.61075375  0.35343968  1.59248547
  -1.09870296  0.05921127 -3.00875165  0.51534107  0.25575357 -2.49673591]], Action: [[ 0.32544804 -0.4940754   1.          0.13791789 -0.34486464  0.9957502 ]], Reward: [1.7376177],Reward_sum: 22.843164443969727, Done: [False]
==========
t: 19, State: [[ 0.03986841  1.21770094  0.07665899 -0.05428444  0.04844652  1.05255583
   0.00798532  0.0066134   0.78482563  0.73629403  0.22708936  2.49887798
   0.39235099 -0.91788937 -4.70635436  0.58234086  2.33357899  0.47976775]], Action: [[0.95857847 0.2599978  1.         0.50414026 0.3432647  0.5847218 ]], Reward: [1.7118784],Reward_sum: 24.555042266845703, Done: [False]
==========
t: 20, State: [[ 0.04486479  1.21922376  0.09216135 -0.05476155  0.04080216  1.01299137
   0.01304528  0.01229956  0.79867766  0.52052205  0.16799123  1.42954862
  -0.45676287 -0.96372116 -5.01491577  0.65073313 -0.83177552  1.47392204]], Action: [[ 1.          0.633142    0.8935808   0.31133372 -1.          1.        ]], Reward: [1.6202518],Reward_sum: 26.175294876098633, Done: [False]
==========
t: 21, State: [[ 0.04838024  1.22043031  0.10474762 -0.04505025  0.00891081  0.97451531
   0.01882745  0.00764238  0.80786767  0.35204855  0.13006244  1.67160295
   2.83803882 -7.0027799  -4.54188164  0.76383613 -0.37533097  0.8738225 ]], Action: [[ 0.97931564 -0.37431678  1.          1.          0.1248647   1.        ]], Reward: [1.4353164],Reward_sum: 27.610610961914062, Done: [False]
==========
t: 22, State: [[ 5.22841924e-02  1.22165575e+00  1.15572519e-01 -4.47920807e-02
  -1.16771812e-02  8.75074247e-01  1.89423798e-02  6.28902175e-03
   7.84722000e-01  6.43297918e-01  1.79997960e-01  9.47868777e-01
  -3.25643294e+00  2.77209835e+00 -1.00000000e+01 -8.46263291e-01
  -2.06088265e-03 -6.63873146e+00]], Action: [[-0.5451826   1.         -1.          0.63941747  1.         -0.54262495]], Reward: [1.4839935],Reward_sum: 29.0946044921875, Done: [False]
==========
t: 23, State: [[ 5.57066346e-02  1.22258733e+00  1.16892190e-01 -6.91450290e-02
  -3.10777032e-04  7.65038932e-01  1.40216737e-02 -1.19409789e-02
   7.40176083e-01  2.09358687e-01  4.73935118e-02 -6.42582883e-01
  -2.84352993e+00 -4.48676052e-02 -7.19968749e+00 -4.23345440e-01
  -4.53034810e+00 -4.50844895e+00]], Action: [[ 0.3716431  -0.11361232  1.         -0.40892094 -1.          0.10269316]], Reward: [1.4254766],Reward_sum: 30.52008056640625, Done: [False]
==========
t: 24, State: [[ 0.05749116  1.22170704  0.11614619 -0.07785369 -0.01481513  0.76793622
   0.01340901 -0.04073974  0.73508533  0.2346252  -0.26697615  0.40868857
   0.59310914 -3.56278077  7.8615506   0.19037745 -2.63592049  3.23168194]], Action: [[0.8156144  0.04126717 1.         1.         0.14785817 0.5812347 ]], Reward: [1.2200385],Reward_sum: 31.74011993408203, Done: [False]
==========
t: 25, State: [[ 0.06149123  1.21819193  0.12483851 -0.08174623 -0.01395612  0.83387634
   0.01377059 -0.04415587  0.81165809  0.79300931 -0.54504148  1.94240851
  -1.51894016  3.89324768  5.69325596 -0.09800077  1.96828429 10.        ]], Action: [[-0.24385598  0.8265815   1.          1.          1.          1.        ]], Reward: [1.4952668],Reward_sum: 33.23538589477539, Done: [False]
==========
t: 26, State: [[ 0.06719272  1.21473559  0.13954486 -0.09224353  0.01003972  0.82361051
   0.01497645 -0.04064052  0.84726936  0.62589493 -0.31790803  1.69011946
  -1.09360329  1.98247715 -8.18493454  0.33959657 -1.09538333 -3.04618866]], Action: [[ 1.          0.16407472 -1.          0.488215   -1.         -1.        ]], Reward: [1.7084204],Reward_sum: 34.94380569458008, Done: [False]
==========
t: 27, State: [[ 0.0698408   1.21204107  0.14207269 -0.10517536  0.01202427  0.78142682
   0.01688256 -0.07301655  0.82935398  0.03077386 -0.36988637 -1.04395429
  -2.02227821 -1.61087756 -1.06877754  0.15623743 -7.00215272 -1.56981425]], Action: [[-0.36298516 -0.5803927   1.          0.26470932 -1.          0.966619  ]], Reward: [1.3275375],Reward_sum: 36.27134323120117, Done: [False]
==========
t: 28, State: [[ 7.22949185e-02  1.20806656e+00  1.46150673e-01 -1.08205019e-01
   1.98029619e-03  7.98753278e-01  1.82929034e-02 -9.94121732e-02
   8.19581600e-01  5.91599705e-01 -5.88591315e-01  2.06164051e+00
   1.11283649e+00 -8.39012659e-01  2.13324824e+00  1.86470354e-01
   3.97490674e-01 -9.28678600e-01]], Action: [[1.         0.65884185 1.         0.91120887 1.         0.65900874]], Reward: [1.302066],Reward_sum: 37.57341003417969, Done: [False]
==========
t: 29, State: [[ 7.80050238e-02  1.20280585e+00  1.67429472e-01 -9.64461501e-02
   9.22591117e-04  8.11659332e-01  1.98932654e-02 -8.61636648e-02
   8.14639402e-01  8.28542856e-01 -7.27786434e-01  3.24967140e+00
   1.90540682e+00  3.94033962e-01  1.17919506e+00  2.08893170e-01
   2.91436041e+00 -3.66090806e-01]], Action: [[0.92648804 0.7302227  1.         0.5739419  0.11142084 1.        ]], Reward: [1.7100297],Reward_sum: 39.28343963623047, Done: [False]
==========
t: 30, State: [[ 0.08372714  1.19678176  0.18827287 -0.08567167  0.00367582  0.81869698
   0.02035077 -0.07482407  0.81255214  0.60404284 -0.77569181  1.98454101
   0.81633529  0.2972249   0.62974988 -0.06054834 -0.09444078 -0.17388973]], Action: [[ 1.         1.         1.        -0.9282047 -1.         0.782683 ]], Reward: [1.7097907],Reward_sum: 40.993228912353516, Done: [False]
==========
t: 31, State: [[ 0.0894287   1.19001817  0.20923077 -0.07287997  0.00526101  0.82236224
   0.01921359 -0.06282439  0.81177784  0.82181738 -0.91928569  3.26822263
   2.38995005  0.11743403  0.31617357 -0.20161371  3.07717491 -0.03569412]], Action: [[ 1.          0.6036817   1.         -0.35281053  0.18931755  0.8752072 ]], Reward: [1.7094042],Reward_sum: 42.70263671875, Done: [False]
==========
t: 32, State: [[ 0.09515539  1.18248032  0.23089224 -0.05758286  0.00624934  0.82411228
   0.01739473 -0.05073855  0.81170126  0.61090647 -0.96236945  2.15565064
   1.44716267  0.12509518  0.13901418 -0.24181454 -0.0580782   0.01079999]], Action: [[ 1.          1.          1.         -1.         -1.          0.80698407]], Reward: [1.7101846],Reward_sum: 44.41282272338867, Done: [False]
==========
t: 33, State: [[ 0.09911635  1.17465718  0.24230363 -0.05173137  0.00741929  0.82477449
   0.01352875 -0.06282619  0.81232775  0.37941792 -0.99305782  0.6994555
   0.02257493  0.15902107  0.03805756 -0.72285917 -2.96259113  0.12713801]], Action: [[ 0.6339215   1.          1.         -1.         -0.85766816  1.        ]], Reward: [1.4899821],Reward_sum: 45.90280532836914, Done: [False]
==========
t: 34, State: [[ 0.10304759  1.16622299  0.2596892  -0.02446625 -0.02119097  0.82505217
   0.01077252 -0.06213399  0.81311617  0.5974076  -1.12451261  3.59380931
   6.72664571 -7.30112469  0.02801779 -0.04668384  3.17491685  0.07607553]], Action: [[ 1.         -0.54456544  1.          0.7921674   0.8352479   0.8807894 ]], Reward: [1.4870086],Reward_sum: 47.38981246948242, Done: [False]
==========
t: 35, State: [[  0.10692725   1.15837411   0.25383252  -0.03876693  -0.02465157
    0.76095679  -0.0345495   -0.025308     0.81464558   0.41231506
   -0.70111818  -5.04515016 -10.           6.65681644 -10.
  -10.           6.39526469   0.27322068]], Action: [[-0.7115531   1.         -1.         -0.6795486  -0.78513384  1.        ]], Reward: [1.4803725],Reward_sum: 48.87018585205078, Done: [False]
==========
t: 36, State: [[ 1.13376594e-01  1.15474932e+00  2.60968927e-01 -4.67064415e-02
  -1.97073451e-03  6.18812010e-01 -6.71140484e-02  2.71851188e-02
   7.72400835e-01  1.13976384e+00 -2.11688388e-01  7.10719800e+00
   8.80362526e+00 -1.31973914e+00 -1.00000000e+01  4.46498644e+00
   4.86128634e+00 -1.00000000e+01]], Action: [[ 1.       -0.746022 -1.        1.        1.       -1.      ]], Reward: [1.8006113],Reward_sum: 50.67079544067383, Done: [False]
==========
t: 37, State: [[ 1.21116530e-01  1.15349852e+00  2.95631389e-01 -1.10863600e-02
   3.49266863e-03  4.87597902e-01 -4.94624664e-02  5.10468998e-02
   7.35380170e-01  7.73794169e-01 -1.14957940e-01  1.67200282e+00
   7.00739868e-01  1.75840935e+00 -1.00000000e+01 -6.45002035e-03
   1.25987078e+00  6.41468141e-01]], Action: [[ 0.01258525  1.          1.         -1.         -1.          0.729998  ]], Reward: [1.9629589],Reward_sum: 52.63375473022461, Done: [False]
==========
t: 38, State: [[ 1.26885531e-01  1.15239269e+00  3.23732377e-01  2.38020668e-02
  -6.97939614e-03  4.46215594e-01 -1.25843204e-02  2.27189163e-02
   7.80935968e-01  5.55810726e-01 -1.43518011e-01  2.94878693e+00
   4.13939499e+00 -2.33428772e+00  5.23140870e-01  5.91681631e+00
  -7.36419944e+00  1.00000000e+01]], Action: [[ 1.          0.16512975  1.         -0.08624638 -1.          0.62920606]], Reward: [1.7176946],Reward_sum: 54.35144805908203, Done: [False]
==========
t: 39, State: [[ 1.29434264e-01  1.15152088e+00  2.98026666e-01 -1.59562629e-02
  -5.04969584e-04  4.87501978e-01 -4.11639443e-02 -1.49891979e-03
   8.44178272e-01  1.42336843e-01 -1.26915923e-01 -9.73532368e+00
  -1.00000000e+01  4.32455741e+00  9.68259081e+00 -1.00000000e+01
   3.95753614e+00  5.05018996e+00]], Action: [[-1.          0.32349354  1.         -0.9889113   1.          1.        ]], Reward: [1.313509],Reward_sum: 55.664955139160156, Done: [False]
==========
t: 40, State: [[ 0.13398644  1.15067551  0.26419027 -0.07754187  0.02409015  0.51787347
  -0.10530723  0.02114896  0.82667347  1.00618362 -0.05288005  1.21618888
  -0.73089333  1.87868549 -2.13356533 -1.37204636  1.74382685 -9.30446272]], Action: [[ 1.         0.6983199 -1.         1.         1.        -1.       ]], Reward: [1.5635338],Reward_sum: 57.22848892211914, Done: [False]
==========
t: 41, State: [[  0.14362552   1.14936748   0.29305633  -0.05797976   0.03097112
    0.54594363  -0.09253282   0.03027782   0.74217069   1.39073086
   -0.30719328   6.00859033   5.64666497   0.19542561   9.80051142
    4.53924001   0.65461937 -10.        ]], Action: [[ 1.          0.86670446  1.         -0.04416773  1.         -0.22348766]], Reward: [2.2010825],Reward_sum: 59.42957305908203, Done: [False]
==========
t: 42, State: [[ 0.15184115  1.14639442  0.3125579  -0.04355925  0.03174772  0.67988246
  -0.08672005  0.03293512  0.68798144  0.66769416 -0.42265823 -1.11926531
  -1.98802232  0.02712007 10.         -3.11333447  0.07407808 -1.91016095]], Action: [[-0.6499958   1.          1.         -0.7768289   0.32586172  0.6772281 ]], Reward: [2.0233624],Reward_sum: 61.45293426513672, Done: [False]
==========
t: 43, State: [[ 1.60712712e-01  1.14256115e+00  3.45120117e-01 -4.94313827e-03
   1.64335216e-02  8.76045040e-01 -6.37345047e-02  3.16938980e-02
   6.18131508e-01  1.56850264e+00 -5.17657612e-01  9.21337305e+00
   1.00000000e+01 -2.79852227e+00  1.00000000e+01  8.78383370e+00
  -3.22805336e-01 -1.00000000e+01]], Action: [[ 1.        0.553089  1.        1.        1.       -1.      ]], Reward: [2.1036398],Reward_sum: 63.556575775146484, Done: [False]
==========
t: 44, State: [[ 1.69958181e-01  1.13996357e+00  3.79122058e-01  3.26436383e-02
   3.12996964e-03  9.70771741e-01 -3.76857958e-02  2.89282769e-02
   5.41354657e-01  7.45751242e-01 -1.29994955e-01 -6.99239194e-01
  -1.40976103e+00 -7.67001669e-01  6.71902085e+00 -2.28680295e+00
  -3.58049130e-01 -3.46638126e+00]], Action: [[-1.          1.          1.         -1.          0.21940812  1.        ]], Reward: [2.1506355],Reward_sum: 65.70721435546875, Done: [False]
==========
t: 45, State: [[ 1.76775186e-01  1.13913077e+00  3.80059380e-01  2.57598125e-02
  -7.85753093e-05  9.97460274e-01 -4.88500889e-02  2.61537058e-02
   4.60780243e-01  9.55716399e-01 -8.16084679e-02  8.78264240e-01
  -4.21745048e-01  1.39304833e-01  6.66709928e-01 -5.39296892e-01
  -3.23173734e-01 -1.00000000e+01]], Action: [[ 1.          0.17695257  1.          1.          1.         -1.        ]], Reward: [1.8470943],Reward_sum: 67.55430603027344, Done: [False]
==========
t: 46, State: [[ 1.84518615e-01  1.13750861e+00  3.88901484e-01  2.30240603e-02
   3.13574159e-03  9.90325373e-01 -5.02418614e-02  2.37410463e-02
   3.80864408e-01  9.63562445e-01 -3.21726923e-01  1.21883491e+00
  -2.62912473e-01  4.07132467e-01 -2.06377957e+00  3.30752185e-02
  -2.82413276e-01 -3.44859475e+00]], Action: [[ 1.          1.          1.         -0.15027069  1.          1.        ]], Reward: [1.9629061],Reward_sum: 69.5172119140625, Done: [False]
==========
t: 47, State: [[ 0.19196164  1.1345203   0.39728481  0.02019136  0.00587836  0.96901666
  -0.05084771  0.01909353  0.37074189  0.89824588 -0.4273194   0.89542351
  -0.41597281  0.2845282  -3.06042773 -0.16293166 -0.88695721  0.91312523]], Action: [[ 0.93280184  1.          1.         -1.         -0.430608    0.33522886]], Reward: [1.9262104],Reward_sum: 71.44342041015625, Done: [False]
==========
t: 48, State: [[ 1.97609600e-01  1.13136173e+00  4.00879979e-01  1.95143044e-02
  -5.22349288e-03  9.43527902e-01 -4.32961763e-02 -1.22170037e-02
   4.01115156e-01  5.09847842e-01 -3.65851349e-01 -4.65905100e-02
   1.71066465e-01 -3.01139417e+00 -3.20780750e+00  1.97522173e+00
  -6.91045741e+00  6.58109055e+00]], Action: [[ 1.         -0.72557795  1.          0.39140582 -0.54648995  0.31412482]], Reward: [1.7029178],Reward_sum: 73.1463394165039, Done: [False]
==========
t: 49, State: [[ 2.02355347e-01  1.12694367e+00  3.85119756e-01 -1.61354426e-02
   7.58545985e-03  9.07588574e-01 -6.08641324e-02 -3.69725307e-02
   4.97767552e-01  6.26297521e-01 -7.13898349e-01 -3.55811670e+00
  -7.66788645e+00  4.04348945e+00 -5.61504022e+00 -5.74236773e+00
   5.08230659e-01  1.00000000e+01]], Action: [[-0.32988325  0.80133164 -0.15904437  0.01847979  1.          0.99231386]], Reward: [1.5904571],Reward_sum: 74.7367935180664, Done: [False]
==========
t: 50, State: [[ 2.10163166e-01  1.12135729e+00  4.04077106e-01 -6.37452572e-04
  -1.06515896e-02  8.11461375e-01 -4.94640395e-02 -3.50141396e-02
   5.82135911e-01  1.31908963e+00 -6.96151758e-01  8.26805386e+00
   1.00000000e+01 -8.41854782e+00 -1.00000000e+01  8.55834863e+00
  -8.98732104e-02  3.42426993e+00]], Action: [[ 1.        -0.853536  -1.         1.         0.8003446 -1.       ]], Reward: [1.9706082],Reward_sum: 76.70740509033203, Done: [False]
==========
t: 51, State: [[  0.22039068   1.11543846   0.44130791   0.03104022  -0.02437182
    0.62161342  -0.02419684  -0.01753032   0.63601629   1.24745654
   -0.76160132   1.07338922  -3.50474093   5.04729761 -10.
   -2.18590205   4.45991203  10.        ]], Action: [[-1.          0.74996483 -0.69488335 -0.00237677  0.25232974  0.58176786]], Reward: [2.2759917],Reward_sum: 78.9833984375, Done: [False]
==========
t: 52, State: [[ 2.29225063e-01  1.10939193e+00  4.50431792e-01  1.16271094e-02
   6.51655899e-03  4.21038761e-01 -2.98060690e-02 -4.86289098e-03
   7.16197211e-01  9.54042641e-01 -7.44919099e-01  1.06419000e+00
  -1.54251879e+00  2.62967933e+00 -1.00000000e+01  5.89002627e-01
  -1.25333452e+00  9.99144621e+00]], Action: [[ 1.         -0.05796736  0.52708733 -0.55695    -1.         -0.07665773]], Reward: [2.1017008],Reward_sum: 81.08509826660156, Done: [False]
==========
t: 53, State: [[ 2.35782386e-01  1.10294968e+00  4.56362495e-01  1.50989580e-03
   2.05991871e-02  3.11445848e-01 -2.01921655e-02 -3.17598846e-02
   8.08157060e-01  7.05580778e-01 -8.55845177e-01  3.65436211e-01
  -1.20379325e+00  1.04561706e+00 -6.55019751e+00  1.56205908e+00
  -5.27385984e+00  1.00000000e+01]], Action: [[ 0.7439622   0.9497733   0.906474   -0.9765785  -1.          0.21079458]], Reward: [1.81539],Reward_sum: 82.9004898071289, Done: [False]
==========
t: 54, State: [[ 2.41393693e-01  1.09579681e+00  4.64686005e-01  4.75858669e-03
   1.60769957e-02  2.96291516e-01 -2.61193572e-04 -7.75513940e-02
   8.66927962e-01  6.65952744e-01 -9.27442849e-01  1.11325147e+00
   1.05558983e+00 -1.67403292e+00  1.83846538e+00  2.64765913e+00
  -6.00641890e+00  4.53266043e+00]], Action: [[ 0.43920708 -0.23901543  0.39388072  0.11391249 -0.03947851  1.        ]], Reward: [1.6999936],Reward_sum: 84.6004867553711, Done: [False]
==========
t: 55, State: [[ 2.44737881e-01  1.08856089e+00  4.25184022e-01 -4.74544444e-02
   7.15201646e-03  3.65677925e-01 -6.43190198e-02 -6.55036703e-02
   8.88235328e-01  1.83375461e-01 -8.62408402e-01 -1.00000000e+01
  -1.00000000e+01 -6.71773805e-01  1.00000000e+01 -1.00000000e+01
   8.94956936e+00  1.15065802e+00]], Action: [[-1.          0.06768565  1.         -0.9693676   1.          1.        ]], Reward: [1.4130791],Reward_sum: 86.01355743408203, Done: [False]
==========
t: 56, State: [[ 2.50161498e-01  1.08168460e+00  3.79611107e-01 -1.06820459e-01
  -7.71612255e-03  4.62323960e-01 -1.67342630e-01  9.38010681e-03
   8.34922903e-01  1.13183362e+00 -8.45685363e-01 -2.55913428e-01
  -3.70980228e-01 -3.29852015e+00  9.27775531e+00 -6.28664585e+00
   8.39461403e+00 -1.00000000e+01]], Action: [[ 1.         0.1350371 -1.         1.         1.        -1.       ]], Reward: [1.6729339],Reward_sum: 87.68649291992188, Done: [False]
==========
t: 57, State: [[  0.2613104    1.07442477   0.41968253  -0.0417121   -0.07363881
    0.5817003   -0.15791202   0.05350798   0.67992878   1.65053326
   -1.01079769  10.          10.         -10.          10.
    8.31983428   3.19598398 -10.        ]], Action: [[ 1.         -0.0187768   0.9087486   0.7751983   0.36931562 -0.9163728 ]], Reward: [2.3902092],Reward_sum: 90.07670593261719, Done: [False]
==========
t: 58, State: [[  0.27312589   1.06589863   0.47438316   0.03788586  -0.13762488
    0.74443849  -0.11644735   0.06806822   0.54089339   1.31462833
   -1.1258484    3.45401868   3.2469817   -2.13074554  10.
    1.80601155   0.7192093  -10.        ]], Action: [[-1.          1.          0.35579836 -0.07529525  0.31350753  1.        ]], Reward: [2.4737065],Reward_sum: 92.5504150390625, Done: [False]
==========
t: 59, State: [[ 0.28480793  1.05677416  0.50398716  0.05280967 -0.12853578  0.89091581
  -0.09655734  0.06826144  0.50959371  1.66046915 -1.07794545  4.15010206
   0.76214427  3.94881036 10.          3.32147221 -0.52196114  1.81726892]], Action: [[-0.1853191   0.8623693   0.6351273   0.61000115  1.          1.        ]], Reward: [2.4567006],Reward_sum: 95.00711822509766, Done: [False]
==========
t: 60, State: [[ 0.29680989  1.05009943  0.52584067  0.05365046 -0.11239675  0.9493105
  -0.07789046  0.05341466  0.50158732  1.33820463 -0.60885553  1.38383771
  -0.39984627 -0.05877681  3.54216464  1.42127134 -3.16669714 -3.73515115]], Action: [[ 0.27067205 -0.6310283   0.0772012  -0.9261552  -0.8612696  -0.36973196]], Reward: [2.498031],Reward_sum: 97.5051498413086, Done: [False]
==========
t: 61, State: [[ 0.30833889  1.04407924  0.54185729  0.04956589 -0.10029471  0.96068857
  -0.06293138  0.03378665  0.52124187  1.52568237 -0.92477385  2.62230437
  -0.58185138  2.96823756 -0.25396121  2.37320891 -1.84589857  8.82120743]], Action: [[1.         0.41510725 1.         0.3128123  1.         1.        ]], Reward: [2.4368556],Reward_sum: 99.94200897216797, Done: [False]
==========
t: 62, State: [[ 3.19277797e-01  1.03685861e+00  5.58316374e-01  4.39392698e-02
  -8.32599492e-02  9.50879821e-01 -3.92441109e-02 -5.61337656e-04
   6.24097861e-01  1.20932239e+00 -8.82223501e-01  1.51323077e+00
  -7.79640644e-01  1.27142426e+00 -1.94092295e+00  3.56536635e+00
  -6.70503404e+00  1.00000000e+01]], Action: [[ 1.          0.06546238  1.         -1.         -1.          0.554519  ]], Reward: [2.3630514],Reward_sum: 102.30506134033203, Done: [False]
==========
t: 63, State: [[ 0.32721087  1.03009191  0.55859397  0.03731968 -0.1020147   0.93266326
  -0.02640095 -0.04525745  0.79032537  0.78667587 -0.80031739 -1.42095352
  -0.84622845 -5.96034257 -2.48655009 -0.43007022 -4.25357563 10.        ]], Action: [[ 0.35767433 -1.          1.         -0.8856078  -0.0234327   0.6699872 ]], Reward: [1.9882728],Reward_sum: 104.29331970214844, Done: [False]
==========
t: 64, State: [[  0.33620043   1.02303345   0.55779065   0.03143579  -0.13277822
    0.85352199  -0.03298432  -0.05185497   0.91677847   1.44893263
   -0.97022104   1.19765696  -0.6306925   -1.65858053 -10.
   -1.12776953   2.41403002   9.38241788]], Action: [[ 0.8858745   0.58362067 -1.          0.51440495  1.         -0.14084937]], Reward: [2.120285],Reward_sum: 106.41360473632812, Done: [False]
==========
t: 65, State: [[ 3.47154835e-01  1.01592786e+00  5.51497382e-01 -1.51837447e-03
  -1.23034784e-01  7.05582076e-01 -5.87479444e-02 -4.22790262e-02
   9.58825864e-01  1.27971418e+00 -8.19879188e-01 -2.75448864e+00
  -7.57357749e+00  4.07754773e+00 -1.00000000e+01 -5.23284007e+00
  -9.06904993e-02  1.97199023e+00]], Action: [[ 0.26993886  0.66337454 -0.19522382 -1.         -1.         -0.03575702]], Reward: [2.366748],Reward_sum: 108.78034973144531, Done: [False]
==========
t: 66, State: [[  0.35970539   1.00845799   0.57423473   0.01430863  -0.13974095
    0.55426252  -0.04893782  -0.04214174   0.91965399   1.74988809
   -0.99245099   5.82343716   7.1687137   -5.34017659 -10.
    4.08839432   1.21452174 -10.        ]], Action: [[ 1.       -1.       -0.293988  1.        1.       -1.      ]], Reward: [2.5637324],Reward_sum: 111.34408569335938, Done: [False]
==========
t: 67, State: [[ 3.71728258e-01  1.00038783e+00  5.78264999e-01 -1.94550660e-05
  -1.36084856e-01  5.00373581e-01 -7.18617771e-02 -2.11649949e-02
   8.50082623e-01  1.25247689e+00 -1.03259643e+00 -4.78129437e+00
  -1.00000000e+01  6.27050885e+00 -5.71382686e-01 -9.79797846e+00
   4.00326384e+00 -6.08502456e+00]], Action: [[-1.          0.84223306  1.         -0.7192909  -0.5190289   1.        ]], Reward: [2.4983628],Reward_sum: 113.84244537353516, Done: [False]
==========
t: 68, State: [[  0.38515894   0.99089954   0.58260115  -0.03031064  -0.1019518
    0.5032168   -0.103002     0.01320592   0.74543088   2.08810789
   -1.30110892   6.02614901   3.44670915   2.13254377   0.88791087
    2.8173647    3.38651189 -10.        ]], Action: [[ 1.          0.13473716 -1.          1.          1.         -1.        ]], Reward: [2.6738172],Reward_sum: 116.51626586914062, Done: [False]
==========
t: 69, State: [[  0.40069186   0.98075517   0.61635304  -0.02288667  -0.07415154
    0.55252111  -0.0941718    0.03133211   0.54911969   1.80219275
   -1.22470926   2.42319684  -1.5661086    4.8371535   10.
   -0.61688976   1.36557802 -10.        ]], Action: [[ 0.2881027   0.5477711   0.88795483 -1.         -0.25943038 -0.7835589 ]], Reward: [2.9387622],Reward_sum: 119.45502471923828, Done: [False]
==========
t: 70, State: [[ 4.16342488e-01  9.70449970e-01  6.55977650e-01 -7.62442809e-03
  -4.28889685e-02  6.31166689e-01 -7.24311905e-02  3.81516069e-02
   3.81188035e-01  2.10569815e+00 -1.37304065e+00  7.42016156e+00
   5.26569047e+00  3.02187632e+00  8.29576174e+00  5.83501749e+00
   4.27856881e-01 -1.00000000e+01]], Action: [[ 0.83516896  0.31554228 -0.20735434  0.03047969  1.         -0.64131874]], Reward: [2.9540763],Reward_sum: 122.40910339355469, Done: [False]
==========
t: 71, State: [[ 0.43068901  0.95919431  0.68068142 -0.02193924  0.02058887  0.74676671
  -0.06272123  0.03346446  0.33643686  1.42548563 -1.36713506 -0.73040601
  -6.68032278  9.74293993 10.         -2.39453513 -2.27954642  1.84659762]], Action: [[-0.49372324  1.          1.         -1.         -1.          0.95261073]], Reward: [2.7881637],Reward_sum: 125.197265625, Done: [False]
==========
t: 72, State: [[ 4.44705662e-01  9.47317483e-01  7.16965718e-01 -7.75382347e-03
   5.72356941e-02  8.81847694e-01 -3.52458301e-02  1.95209571e-02
   3.50990268e-01  2.07552192e+00 -1.60788633e+00  9.77497902e+00
   1.00000000e+01 -5.64856509e-01  1.00000000e+01  9.25382992e+00
  -1.29326838e+00  1.45052335e+00]], Action: [[ 1.         -0.68775916  0.04530071  0.8231146   1.         -1.        ]], Reward: [2.7479293],Reward_sum: 127.94519805908203, Done: [False]
==========
t: 73, State: [[ 4.58210900e-01  9.36308765e-01  7.55148756e-01  2.48444346e-02
   5.29646558e-02  9.36054294e-01 -4.85074705e-03  4.97453849e-03
   4.15584496e-01  1.31634822e+00 -1.13110559e+00 -2.23000043e-01
  -1.87447863e+00 -5.02263776e-01  3.53877507e+00 -1.66751599e+00
  -2.26785108e+00  1.00000000e+01]], Action: [[-1.         1.         1.        -1.        -0.6779256  1.       ]], Reward: [2.6826952],Reward_sum: 130.62789916992188, Done: [False]
==========
t: 74, State: [[ 4.69964071e-01  9.27234221e-01  7.58556161e-01  1.48431656e-02
   4.39889611e-02  9.05176867e-01 -2.05373956e-02  3.52712014e-03
   4.93660827e-01  1.60263760e+00 -1.11633839e+00  9.89313576e-01
  -7.30820084e-01 -1.62982287e+00 -1.00000000e+01 -2.05682667e+00
   1.34071017e+00  5.70288149e+00]], Action: [[ 1.         -0.22164613 -1.          0.21059711  1.         -1.        ]], Reward: [2.4650528],Reward_sum: 133.09295654296875, Done: [False]
==========
t: 75, State: [[ 4.82864625e-01  9.19107126e-01  7.66837614e-01  1.06104748e-02
   2.93214533e-02  7.83826232e-01 -3.19314891e-02  6.27107981e-03
   5.25972370e-01  1.62604093e+00 -9.11711752e-01  1.06527123e+00
  -3.62859699e-01 -1.92717776e+00 -1.00000000e+01 -8.21587614e-01
  -6.07564524e-01  2.60986011e+00]], Action: [[ 1.          0.18349043 -0.56805855 -0.77571946 -1.         -0.80131966]], Reward: [2.608969],Reward_sum: 135.70191955566406, Done: [False]
==========
t: 76, State: [[ 4.95616042e-01  9.13278948e-01  7.70483502e-01  1.00742482e-02
  -2.52203055e-03  6.02113163e-01 -4.36983184e-02  3.24951574e-03
   5.26652085e-01  1.57260323e+00 -5.54202495e-01 -9.82654081e-02
   1.50325597e-01 -5.35218051e+00 -1.00000000e+01 -2.11344805e+00
  -2.06696977e-01 -4.13685232e+00]], Action: [[ 1.         -1.         -0.7702601  -0.11599789  0.24551633 -0.71290743]], Reward: [2.590752],Reward_sum: 138.2926788330078, Done: [False]
==========
t: 77, State: [[ 5.08881835e-01  9.07654477e-01  7.76369446e-01  1.26667569e-02
  -3.25468003e-02  4.95990175e-01 -5.35870855e-02  2.81000991e-03
   4.94535388e-01  1.73904009e+00 -8.51048557e-01  1.51921729e+00
   4.51214938e-01 -2.30021401e+00 -7.88567935e+00 -4.14900258e-01
   6.28841367e-02 -3.17861565e+00]], Action: [[ 1.          0.3415022   0.51723677  1.          1.         -0.451468  ]], Reward: [2.6546361],Reward_sum: 140.9473114013672, Done: [False]
==========
t: 78, State: [[ 0.52205334  0.89997199  0.78960548  0.0158801  -0.04465306  0.48424819
  -0.04641032 -0.01535649  0.49677446  1.55264212 -1.07059509  1.79255456
   0.35398414 -0.74915073  4.9343442   2.20937336 -4.60801777  3.68262817]], Action: [[ 0.7049203   0.35436144  1.          0.38673493 -0.4225022   0.37010682]], Reward: [2.6443503],Reward_sum: 143.59165954589844, Done: [False]
==========
t: 79, State: [[ 5.33041003e-01  8.90556138e-01  7.66042809e-01 -3.69251884e-02
  -2.84700492e-02  5.74671060e-01 -9.88046801e-02 -1.65675327e-03
   5.44687490e-01  1.16930760e+00 -1.30839050e+00 -7.62543030e+00
  -1.00000000e+01  4.84943731e+00  1.00000000e+01 -1.00000000e+01
   8.28830792e+00  8.44270955e+00]], Action: [[-0.36545578  0.18818411  0.96370494 -1.          1.          0.57618606]], Reward: [2.3700285],Reward_sum: 145.961669921875, Done: [False]
==========
t: 80, State: [[ 0.54543929  0.87844662  0.74539954 -0.10059042  0.01160936  0.6662962
  -0.16633974  0.0457111   0.55960943  1.93863073 -1.6731144   2.56240837
  -1.80357375  4.21842784  5.05647373 -1.51843708  3.6380994  -4.63625519]], Action: [[ 1.         0.9648144 -1.         0.8781959  1.        -1.       ]], Reward: [2.5440836],Reward_sum: 148.50575256347656, Done: [False]
==========
t: 81, State: [[  0.56078333   0.86540681   0.76913583  -0.10328587   0.03346277
    0.73634902  -0.17026675   0.06318585   0.47617502   1.90531787
   -1.59041864   3.32539198   0.95118998   1.53176154  10.
    0.39915421   1.03347533 -10.        ]], Action: [[ 1.          0.59002686  0.5342578  -1.         -0.00954905 -0.92470104]], Reward: [2.914517],Reward_sum: 151.42027282714844, Done: [False]
==========
t: 82, State: [[ 0.57689147  0.85165291  0.81322502 -0.07229076  0.04019688  0.8242388
  -0.14342658  0.06590295  0.39489708  2.12710995 -1.85804272  7.62808689
   6.56123877  0.30145038  7.89036561  6.0864144  -0.20914715 -6.204167  ]], Action: [[ 0.8858938   1.         -0.13977896 -0.09878037  1.          0.12753965]], Reward: [3.0106864],Reward_sum: 154.4309539794922, Done: [False]
==========
t: 83, State: [[ 0.59092081  0.83886526  0.83948433 -0.05968582  0.04138713  0.86644206
  -0.12668296  0.04890182  0.40189854  1.38783402 -1.33561393 -1.06187231
  -3.41024206  0.02573246  3.14838219 -1.9184122  -4.02122036  7.90130745]], Action: [[-0.83650255  1.          1.         -1.         -0.9693146   1.        ]], Reward: [2.748028],Reward_sum: 157.17898559570312, Done: [False]
==========
t: 84, State: [[ 6.04214537e-01  8.27543341e-01  8.66261392e-01 -2.48397012e-02
  -8.42714630e-03  8.40570870e-01 -1.04231473e-01  2.49584431e-02
   4.39520951e-01  1.91288694e+00 -1.50815844e+00  7.76099480e+00
   1.00000000e+01 -1.00000000e+01 -9.73199229e+00  7.60854326e+00
  -2.13644746e+00  1.96178244e+00]], Action: [[ 1.         -1.         -1.          0.46794423  1.         -1.        ]], Reward: [2.6564972],Reward_sum: 159.83547973632812, Done: [False]
==========
t: 85, State: [[  0.61883302   0.8157569    0.90241549   0.02197423  -0.06929242
    0.70183987  -0.07718463   0.01253559   0.47568571   1.76760983
   -1.40922751   1.3413166   -0.31412458  -2.68017493 -10.
   -0.68406441  -1.06659831   7.14179291]], Action: [[-1.          0.34668532 -1.         -0.01662228  0.33088878  0.5095278 ]], Reward: [2.8248215],Reward_sum: 162.66030883789062, Done: [False]
==========
t: 86, State: [[  0.63191056   0.80591217   0.90599899   0.01962885  -0.10155519
    0.55483198  -0.08085633  -0.01623115   0.51759849   1.49472046
   -1.06092428  -0.42377386  -0.2720219   -5.39942013 -10.
   -0.20510862  -6.14879973   3.30123179]], Action: [[ 0.3233175  -0.60053563  0.17018093 -0.47603288 -1.         -0.35743737]], Reward: [2.6328435],Reward_sum: 165.29315185546875, Done: [False]
==========
t: 87, State: [[  0.64566685   0.79660009   0.90930539   0.01887957  -0.1353594
    0.49811564  -0.08752481  -0.04034367   0.48179023   1.94674801
   -1.26188141   1.20555255   0.04671225  -3.12183     -4.49805288
   -1.51366982   0.18126013 -10.        ]], Action: [[ 1.         -0.15996698 -1.          0.7284862   1.         -1.        ]], Reward: [2.7149804],Reward_sum: 168.0081329345703, Done: [False]
==========
t: 88, State: [[ 6.61417995e-01  7.84751240e-01  9.11887626e-01  2.29047855e-03
  -1.45203530e-01  5.04888223e-01 -1.24821578e-01 -6.75662620e-03
   3.71120663e-01  1.97702112e+00 -1.70939503e+00 -5.34421814e-01
  -4.15327584e+00  6.71218460e-01  6.19184085e+00 -7.79076770e+00
   8.15087481e+00 -1.00000000e+01]], Action: [[ 0.9960253   1.          0.8063226  -1.          0.4003444  -0.18019183]], Reward: [2.9650576],Reward_sum: 170.9731903076172, Done: [False]
==========
t: 89, State: [[ 0.6782007   0.77082358  0.93269426  0.01031297 -0.16311334  0.54325548
  -0.1485884   0.04178191  0.28524241  2.15382031 -1.68193639  3.99169237
   3.37853401 -3.59295637  3.32048333 -0.15211994  3.92689969 -8.04814197]], Action: [[ 1.         -0.17902404 -0.41129822  0.08548179  1.         -1.        ]], Reward: [3.0946302],Reward_sum: 174.0678253173828, Done: [False]
==========
t: 90, State: [[ 0.69612622  0.75789487  0.96368699  0.02752919 -0.17491619  0.55327422
  -0.14504651  0.06106321  0.23343065  2.3400156  -1.56766089  3.8891703
   1.11946382  0.54835091 -0.63381155  1.03888962  1.18861098 -5.3566823 ]], Action: [[ 1.          1.         -0.7971344  -1.         -0.40770045 -1.        ]], Reward: [3.2358878],Reward_sum: 177.3037109375, Done: [False]
==========
t: 91, State: [[ 0.71422485  0.74561798  0.98538964  0.02146968 -0.15935766  0.59728316
  -0.14479197  0.06485207  0.19991006  2.1887553  -1.50372266  1.52094807
  -2.66493352  3.41713872 10.         -1.0705691  -0.08548465 -3.25326055]], Action: [[ 0.53485197  0.74236923  1.         -1.         -0.22978857 -1.        ]], Reward: [3.258438],Reward_sum: 180.56214904785156, Done: [False]
==========
t: 92, State: [[ 0.73204163  0.73493285  0.99634733  0.00679462 -0.14933968  0.63548994
  -0.15255123  0.06245828  0.17133494  2.26496146 -1.16494124  1.12466451
  -1.15613173 -0.86369744 -2.07099332 -1.00819009 -0.45454422 -3.97958989]], Action: [[ 0.87499917 -0.50533986 -1.         -0.70225894  1.         -1.        ]], Reward: [3.2225835],Reward_sum: 183.78472900390625, Done: [False]
==========
t: 93, State: [[ 7.49831424e-01  7.25526881e-01  1.00477742e+00  4.22276046e-04
  -1.58963146e-01  6.70676501e-01 -1.60854084e-01  5.85687629e-02
   1.40835525e-01  2.18300914e+00 -1.18423649e+00  9.47642282e-01
  -5.01308748e-01 -1.47797623e+00  1.00000000e+01 -1.11542448e+00
  -4.98501491e-01 -3.69016084e+00]], Action: [[ 1.          0.42172548  1.         -1.          1.         -1.        ]], Reward: [3.2185466],Reward_sum: 187.00328063964844, Done: [False]
==========
t: 94, State: [[ 0.76850464  0.71622192  1.02028166  0.00647591 -0.1760102   0.69935084
  -0.15918945  0.05347498  0.10594508  2.46059264 -1.10875222  2.2427841
   0.92968537 -2.20664394 -3.74633943  0.70511519 -0.71610197 -5.00701385]], Action: [[ 1.        -0.360952  -1.         0.7197974  1.        -1.       ]], Reward: [3.329503],Reward_sum: 190.33277893066406, Done: [False]
==========
t: 95, State: [[  0.78668524   0.70788789   1.00824399  -0.03626644  -0.15730529
    0.72082774  -0.1900358    0.04819272   0.07404651   2.06843917
   -0.98553404  -5.22371616 -10.           6.87795915   9.05001155
   -8.38565398  -0.60300184  -2.99989003]], Action: [[-0.27121106  0.8768846   1.         -1.          0.62217605 -0.02251916]], Reward: [3.269345],Reward_sum: 193.6021270751953, Done: [False]
==========
t: 96, State: [[ 0.8049272   0.69821982  1.00586024 -0.06378838 -0.1414714   0.80846846
  -0.20980572  0.04271058  0.04323609  2.53594432 -1.40733854  4.58012028
   4.47793569 -2.79190612 10.          3.37107488 -0.73477962 -5.44114976]], Action: [[ 1.         -0.45678982  0.36141145  0.6863558   1.         -1.        ]], Reward: [3.2764356],Reward_sum: 196.87855529785156, Done: [False]
==========
t: 97, State: [[  0.82389171   0.687106     1.01221347  -0.08656172  -0.11570352
    0.86291804  -0.22008666   0.03650628   0.0529801    2.18776236
   -1.38352677  -2.97015553 -10.           9.21661322   4.19523813
   -5.93672694  -0.78788155   7.88868457]], Action: [[-0.65301704  0.96135676  1.         -0.5516137   0.03115419  1.        ]], Reward: [3.366908],Reward_sum: 200.24546813964844, Done: [False]
==========
t: 98, State: [[ 0.84332519  0.6752116   1.01142367 -0.13404652 -0.06008742  0.83953086
  -0.24056202  0.03133927  0.05854652  2.68139959 -1.58291108  2.75234402
  -1.78184157  4.72912776 -9.92537681  0.80969841 -0.52160859 -6.46783503]], Action: [[ 1.          0.01120758 -1.          0.01044366  1.         -1.        ]], Reward: [3.4251838],Reward_sum: 203.670654296875, Done: [False]
==========
t: 99, State: [[  0.86410994   0.66423239   1.0236108   -0.14563333  -0.04842049
    0.78333656  -0.24372963   0.02759628  -0.04493855   2.52195046
   -1.15461956   0.31305175  -1.099625    -1.81835835  -4.46456891
   -1.52625682  -0.41040453 -10.        ]], Action: [[ 0.29424676 -0.7425648   0.43259317 -1.         -0.09067711 -1.        ]], Reward: [3.595261],Reward_sum: 207.2659149169922, Done: [False]
==========
t: 100, State: [[  0.88434653   0.65459419   1.02566298  -0.15816529  -0.05004236
    0.79503242  -0.25591655   0.0262109   -0.251817     2.56547725
   -1.23517617   0.22566657  -2.18855917   1.59096232   4.0175286
   -1.36971545   0.02206547 -10.        ]], Action: [[ 1.  1.  1. -1.  1. -1.]], Reward: [3.5235736],Reward_sum: 210.78948974609375, Done: [False]
==========
t: 101, State: [[  0.90595538   0.64462507   1.04317912  -0.14925884  -0.05275245
    0.81567781  -0.24323592   0.02683357  -0.57617375   2.81460284
   -1.25500923   4.22165766   4.55692741  -2.34191682   1.42258212
    4.76736545   0.13283547 -10.        ]], Action: [[ 1.          0.12938623 -0.16689382 -0.4191794   1.         -1.        ]], Reward: [3.6978855],Reward_sum: 214.4873809814453, Done: [False]
==========
t: 102, State: [[  0.92564302   0.6354207    1.03751767  -0.17982349  -0.02563044
    0.82358541  -0.25118956   0.02788607  -0.92277772   2.06010607
   -1.12389244  -5.85859573 -10.           9.39141347   0.63455925
   -7.52895963   0.02946726 -10.        ]], Action: [[-0.7585311   0.78208196  1.         -1.          0.873765    0.35360825]], Reward: [3.4568796],Reward_sum: 217.9442596435547, Done: [False]
==========
t: 103, State: [[ 9.43538503e-01  6.24574508e-01  1.02681903e+00 -2.22965227e-01
   1.15897272e-02  7.84955836e-01 -2.63751827e-01  8.36189951e-03
  -1.08273627e+00  2.46002512e+00 -1.57299778e+00  3.08459637e+00
   1.68792487e+00  7.78057999e-02 -1.00000000e+01  4.07160552e+00
  -4.36985963e+00 -1.00000000e+01]], Action: [[ 1.         -0.60101783 -0.9492427   0.5720973   1.         -1.        ]], Reward: [3.2323458],Reward_sum: 221.1765899658203, Done: [False]
==========
t: 104, State: [[ 9.61442520e-01  6.12049672e-01  1.03424428e+00 -2.21671342e-01
  -1.38200065e-03  7.63355037e-01 -2.62025502e-01 -1.18338177e-02
  -1.12312044e+00  2.02600209e+00 -1.55755216e+00 -1.23925434e+00
  -1.38946035e+00 -3.34521243e+00  4.72051399e+00 -3.75879600e+00
  -3.21697471e-01 -3.52390730e-01]], Action: [[ 0.21222399 -0.49295017  1.         -1.          0.50136006  0.14463617]], Reward: [3.235442],Reward_sum: 224.4120330810547, Done: [False]
==========
t: 105, State: [[ 0.98019582  0.59670248  1.06020454 -0.1912125  -0.03243533  0.74989086
  -0.25150716 -0.01647603 -1.10666291  2.65095196 -2.28500626  7.71542767
   8.99782712 -4.40849594 -8.06897571  6.33692775 -0.68018546  3.84386857]], Action: [[ 1.          0.45497024 -0.9707398   0.8388796   1.         -1.        ]], Reward: [3.3393102],Reward_sum: 227.7513427734375, Done: [False]
==========
t: 106, State: [[ 0.99857059  0.57921018  1.09368843 -0.16110338 -0.04286388  0.7390016
  -0.22722391 -0.04898162 -0.97078442  1.94201843 -2.08558237  0.68129091
  -1.43416861  1.77297655  5.41593974 -0.27434548 -7.23506326 10.        ]], Action: [[-0.3451179  0.552253   1.        -1.        -1.         1.       ]], Reward: [3.2924213],Reward_sum: 231.04376220703125, Done: [False]
==========
t: 107, State: [[ 1.01443543  0.56195297  1.09726116 -0.1631948  -0.05611523  0.77606625
  -0.25276089 -0.05639115 -0.80531128  2.0177297  -2.22958493  0.22309634
   0.9296168  -5.1055611   3.80981695 -5.99926323  4.96136016 10.        ]], Action: [[ 1.         -0.66996753 -0.20245372 -1.          1.         -1.        ]], Reward: [2.9786155],Reward_sum: 234.0223846435547, Done: [False]
==========
t: 108, State: [[  1.03244297   0.54171974   1.1132864   -0.1468741   -0.08639656
    0.75039549  -0.29978852   0.02045664  -0.77575512   2.48241808
   -2.72653983   4.29847069   4.17714311  -2.99646194 -10.
   -3.60382798  10.          -6.34159806]], Action: [[ 1.         0.6914246 -1.        -0.0466036  1.        -1.       ]], Reward: [3.2464626],Reward_sum: 237.2688446044922, Done: [False]
==========
t: 109, State: [[  1.05358733   0.51972869   1.17056529  -0.08314137  -0.11530244
    0.61594233  -0.28299712   0.0748418   -0.8300122    2.77875277
   -2.80256853   9.90841958  10.          -3.97598676 -10.
    7.44699478   2.39045598  -4.62758576]], Action: [[ 1.          0.48165426 -1.         -0.16153853 -1.         -1.        ]], Reward: [3.6387863],Reward_sum: 240.90762329101562, Done: [False]
==========
t: 110, State: [[ 1.07392957  0.49753772  1.24656602  0.01287114 -0.16422779  0.48979139
  -0.2178889   0.06911645 -0.81137924  2.2694478  -2.69892208  7.9583985
  10.         -7.82723944 -9.12704584  7.2678273  -3.34130968  9.10643735]], Action: [[ 0.75292695  0.16385081  1.         -1.         -1.          0.45460844]], Reward: [3.5389793],Reward_sum: 244.4466094970703, Done: [False]
==========
t: 111, State: [[ 1.09102201  0.47716523  1.27870248  0.03939096 -0.18986123  0.4336455
  -0.19352525  0.02812088 -0.66803627  2.01842049 -2.38555142  0.12704464
  -3.91857818  1.46860044 -5.62339136 -1.12312397 -6.75895871 10.        ]], Action: [[-1.          0.6559316  -1.         -0.37034836 -0.47780868  0.9075426 ]], Reward: [3.1329365],Reward_sum: 247.5795440673828, Done: [False]
==========
t: 112, State: [[ 1.10757472  0.45885397  1.27927037  0.01793737 -0.20105514  0.40052141
  -0.20510681 -0.01135061 -0.5364914   2.12698937 -2.1853295  -0.12494455
  -1.67296394 -4.14022742 -3.11816126 -1.93586295 -3.22578532  7.19798876]], Action: [[ 1.         -1.         -0.60833454 -0.12648635 -0.13806462 -1.        ]], Reward: [3.0656838],Reward_sum: 250.64523315429688, Done: [False]
==========
t: 113, State: [[ 1.12557547e+00  4.40997454e-01  1.27768635e+00  9.68133464e-03
  -2.51394867e-01  3.76442357e-01 -2.37498920e-01  4.71279030e-03
  -5.68308426e-01  2.35544670e+00 -2.25098332e+00 -3.66061280e-01
  -5.05100454e-01 -8.38095354e+00 -3.18756659e+00 -5.95498565e+00
   6.63525661e+00 -1.00000000e+01]], Action: [[ 1.         -1.         -1.          0.11233475  1.         -1.        ]], Reward: [3.2450802],Reward_sum: 253.89031982421875, Done: [False]
==========
t: 114, State: [[ 1.14558749e+00  4.23326295e-01  1.28064628e+00  7.70815096e-03
  -3.07872666e-01  3.41200787e-01 -2.66392073e-01  4.15315236e-02
  -7.42653512e-01  2.64735639e+00 -2.16837921e+00  1.05253607e+00
  -4.29545593e-02 -5.75728121e+00 -5.72421010e+00 -1.43860342e+00
   2.94640548e+00 -1.00000000e+01]], Action: [[ 1.          0.41859272 -1.         -0.0373605   0.5972214  -1.        ]], Reward: [3.49797],Reward_sum: 257.3882751464844, Done: [False]
==========
t: 115, State: [[ 1.16659706e+00  4.05929808e-01  1.28995657e+00  7.37053335e-03
  -3.51178730e-01  2.91053687e-01 -2.72949142e-01  5.52654629e-02
  -9.44367859e-01  2.57390528e+00 -2.23705702e+00  1.27673603e+00
  -5.54968359e-02 -5.15683705e+00 -6.68807174e+00 -6.63916527e-01
   6.63718663e-01 -1.00000000e+01]], Action: [[ 0.9488753   0.39022174 -0.732875   -0.7305491   0.37155977 -1.        ]], Reward: [3.622935],Reward_sum: 261.0111999511719, Done: [False]
==========
t: 116, State: [[ 1.18605084  0.38889418  1.275739   -0.03256299 -0.36824751  0.24109212
  -0.30805907  0.05608374 -1.02365974  2.28989513 -2.02200607 -4.80459107
  -9.89010586  0.87434361 -5.85903968 -8.08854003 -0.31438924 -4.78398036]], Action: [[-0.08260462  0.6345569   0.06118737 -1.          0.22486737 -1.        ]], Reward: [3.4292576],Reward_sum: 264.4404602050781, Done: [False]
==========
t: 117, State: [[  1.20601428   0.37006919   1.2827122   -0.0406149   -0.39665778
    0.13965439  -0.31514878   0.04212517  -1.03692091   2.70666168
   -2.68455958   6.4995968    7.77760143  -7.74224899 -10.
    6.19766061  -2.97077143   0.7644168 ]], Action: [[ 1.         -0.59131014 -0.9993458   1.          1.         -1.        ]], Reward: [3.4900827],Reward_sum: 267.9305419921875, Done: [False]
==========
t: 118, State: [[  1.22639552   0.35072387   1.30396873  -0.01370086  -0.45358057
   -0.06928519  -0.30670404   0.02396488  -0.97537504   2.39455424
   -2.14480431  -1.13156237  -0.96674462  -6.28634819 -10.
   -3.95289988  -1.6784182   10.        ]], Action: [[-1.         -0.91937566 -1.         -0.5149226   0.45961913  0.7988708 ]], Reward: [3.5436945],Reward_sum: 271.4742431640625, Done: [False]
==========
t: 119, State: [[ 1.24608798e+00  3.33499724e-01  1.30624879e+00  3.70388480e-03
  -5.12813428e-01 -4.00854104e-01 -3.24510871e-01  1.41439323e-02
  -8.88225394e-01  2.51004583e+00 -2.15195998e+00  1.41246353e+00
   4.74631273e+00 -7.68200616e+00 -1.00000000e+01 -8.46675471e-01
  -8.53580662e-01  7.84605041e+00]], Action: [[ 1.         -0.55355215 -1.         -0.6569921   0.24397585 -1.        ]], Reward: [3.45776],Reward_sum: 274.9320068359375, Done: [False]
==========
t: 120, State: [[ 1.26663983e+00  3.15900526e-01  1.31547537e+00  2.92716895e-02
  -5.33261897e-01 -8.93941433e-01 -3.34042088e-01  8.87171834e-03
  -8.41425960e-01  2.49536086e+00 -2.35699424e+00  1.25722436e+00
   1.90017749e+00  1.09259071e+00 -1.00000000e+01 -1.24027035e+00
  -4.81746124e-01  4.21668623e+00]], Action: [[ 0.97903395  0.71200013 -1.         -0.4666672  -0.27292886 -0.6552965 ]], Reward: [3.565794],Reward_sum: 278.497802734375, Done: [False]
==========
t: 121, State: [[ 1.28474399e+00  2.95925767e-01  1.32244998e+00  3.71196611e-02
  -5.37707843e-01 -1.21015170e+00 -3.50296728e-01  7.86884429e-03
  -8.17313780e-01  2.09471871e+00 -2.58936752e+00  4.51729718e-01
   3.19448147e-01 -2.43174909e+00 -1.00000000e+01 -2.77369415e+00
   1.37716971e-01  2.01267508e+00]], Action: [[ 1.          0.40166017 -1.         -1.          1.         -1.        ]], Reward: [3.2578592],Reward_sum: 281.75567626953125, Done: [False]
==========
t: 122, State: [[ 1.29994659  0.27604828  1.31706164  0.03790085 -0.58547811 -1.30735732
  -0.38248492  0.00917758 -0.80659892  1.719421   -2.37798435 -1.73728527
  -0.07567123 -9.15505588 -3.6857283  -5.19468697  0.17479531  0.79033209]], Action: [[ 1.         -1.         -1.         -0.6247201   0.42365494 -1.        ]], Reward: [2.8957553],Reward_sum: 284.65142822265625, Done: [False]
==========
t: 123, State: [[ 1.31383886e+00  2.55708922e-01  1.30836461e+00  3.76224355e-02
  -6.55851143e-01 -1.29684866e+00 -4.17933663e-01  1.01981697e-02
  -8.02415857e-01  1.76268609e+00 -2.70208821e+00 -4.39674448e-01
  -2.10624178e-03 -8.24966435e+00  5.09124352e+00 -3.66998778e+00
   8.63586978e-02  3.04508317e-01]], Action: [[ 1.          0.25276494 -1.          1.          1.         -0.54053015]], Reward: [2.7321775],Reward_sum: 287.38360595703125, Done: [False]
==========
t: 124, State: [[ 1.32819894  0.23298807  1.3088481   0.03663266 -0.71535862 -1.24026966
  -0.44260164  0.01075685 -0.80213299  1.83796508 -2.99579166  0.73119046
  -0.23051164 -6.25488621  8.41422038 -2.31075738  0.05211535 -0.17212988]], Action: [[ 0.36001533  0.27869418 -1.          0.8473204   1.         -1.        ]], Reward: [2.791084],Reward_sum: 290.1746826171875, Done: [False]
==========
t: 125, State: [[ 1.34351861  0.20667178  1.32997814  0.03376142 -0.73723194 -1.16945719
  -0.44440721  0.01118026 -0.80437918  1.97044767 -3.54097132  4.21596355
  -0.41429842  0.13595291  8.97834043  1.49784126  0.05463661 -0.35635359]], Action: [[ 0.80520976  0.20565906 -1.          0.4907107   1.         -1.        ]], Reward: [2.9110277],Reward_sum: 293.0857238769531, Done: [False]
==========
t: 126, State: [[ 1.35794339e+00  1.79325765e-01  1.35094537e+00  7.48698637e-03
  -7.23564574e-01 -1.09954937e+00 -4.47262680e-01  1.15051954e-02
  -8.07131655e-01  1.63402606e+00 -3.29013239e+00  1.05021655e+00
  -5.88320777e+00  2.93080941e+00  8.34621805e+00 -2.18065251e+00
   2.80304712e-02 -3.26208054e-01]], Action: [[ 0.2443339  -1.         -1.         -1.         -0.03338072 -1.        ]], Reward: [2.7990367],Reward_sum: 295.884765625, Done: [False]
==========
t: 127, State: [[ 1.37074843  0.15097191  1.38183675 -0.0152968  -0.70041912 -1.03745873
  -0.43931875  0.01179458 -0.80974243  1.56268086 -3.81581266  6.93622004
   0.64525537  2.59121675  7.13101661  4.47567833  0.036909   -0.31884797]], Action: [[ 1.         -1.         -1.          0.12352777  1.         -1.        ]], Reward: [2.5956147],Reward_sum: 298.4803466796875, Done: [False]
==========
t: 128, State: [[ 1.38216132e+00  1.21158813e-01  1.43648938e+00 -1.05577890e-02
  -6.80412891e-01 -9.85722950e-01 -3.98262127e-01 -1.11555079e-04
  -8.11676962e-01  1.29122612e+00 -3.63286069e+00  6.73560102e+00
   6.15380476e-01  2.29945163e+00  5.80735068e+00  5.80883674e+00
  -3.02444132e+00 -1.77741427e-01]], Action: [[ 0.7282212  -0.96119773 -1.         -1.         -1.         -1.        ]], Reward: [2.4211571],Reward_sum: 300.9015197753906, Done: [False]
==========
t: 129, State: [[ 1.39106918e+00  9.31352132e-02  1.46320707e+00 -4.16802602e-02
  -6.53380160e-01 -9.44457048e-01 -3.98460336e-01  4.99407863e-03
  -8.13759499e-01  9.59767260e-01 -3.32695034e+00  1.97020859e-01
  -7.95363909e+00  4.31403397e+00  4.53585187e+00 -4.72563783e+00
   2.69121804e+00 -2.69135523e-01]], Action: [[-0.19409844 -0.2389383  -1.         -1.          0.49941447 -1.        ]], Reward: [2.1101387],Reward_sum: 303.01165771484375, Done: [False]
==========
t: 130, State: [[ 1.39862647  0.06322506  1.50712729 -0.05177844 -0.63091018 -0.91238211
  -0.38391212  0.01929125 -0.81563659  0.90280185 -4.15249108 10.
   5.40853492  1.24557403  3.51441548  8.24399605  1.05087463 -0.20815024]], Action: [[ 1.         -1.         -1.          0.92018336  1.         -1.        ]], Reward: [1.9388142],Reward_sum: 304.9504699707031, Done: [False]
==========
t: 131, State: [[ 1.40407914e+00  3.73426647e-02  1.58277441e+00 -6.03282817e-03
  -6.35459726e-01 -8.87789390e-01 -3.14308256e-01  7.99745142e-03
  -8.05570838e-01  4.53408179e-01 -2.14247005e+00  6.87310249e+00
   4.60137862e+00 -2.34467328e+00  2.67200807e+00  7.64574571e+00
  -3.63586726e+00  2.67266349e+00]], Action: [[-0.47863474 -0.50954926 -1.         -1.         -1.         -0.16232921]], Reward: [1.6780686],Reward_sum: 306.6285400390625, Done: [False]
==========
t: 132, State: [[ 1.40646666  0.02703385  1.61734258  0.01773295 -0.66525054 -0.8690369
  -0.27002927 -0.02796414 -0.7439924   0.17946072 -0.54837067  1.97616658
   1.35453397 -4.87463805  2.03519747  3.53039578 -5.24621623 10.        ]], Action: [[-1.         -1.         -1.         -1.         -0.16894928  0.45659935]], Reward: [1.2942027],Reward_sum: 307.9227294921875, Done: [False]
==========
t: 133, State: [[  1.40769999   0.02669782   1.62042079   0.01953426  -0.70938969
   -0.85506418  -0.27109879  -0.02234927  -0.73629497   0.14353983
    0.44326878  -1.24715095  -0.93539677  -6.20896687   1.48096911
   -3.88830468   6.69020334 -10.        ]], Action: [[-0.684109  -0.6655568 -1.        -1.         1.        -1.       ]], Reward: [1.1492555],Reward_sum: 309.072021484375, Done: [False]
==========
t: 134, State: [[  1.40891211   0.03104353   1.61107223   0.01428517  -0.75875807
   -0.84525723  -0.30209964   0.03972796  -0.86194725   0.13357996
    0.59700444  -1.01514259  -0.39973992  -6.05122291   1.0074057
   -2.68736011   5.51866385 -10.        ]], Action: [[ 1.          0.3441242  -1.         -0.22213334  1.         -1.        ]], Reward: [1.1473473],Reward_sum: 310.2193603515625, Done: [False]
==========
t: 135, State: [[ 1.40987487  0.03597547  1.60506364  0.0126418  -0.8037936  -0.83855933
  -0.3144069   0.06757761 -0.92540345  0.11418623  0.62366489 -0.50360953
  -0.05624866 -5.17957073  0.68753177 -0.57267902  1.84784018 -4.34449113]], Action: [[ 1.          0.46787414 -1.          0.24888481  1.         -1.        ]], Reward: [1.1160645],Reward_sum: 311.33538818359375, Done: [False]
==========
t: 136, State: [[ 1.41084354  0.04092711  1.60290161  0.01234042 -0.83936399 -0.83406887
  -0.31342715  0.07426313 -0.94205132  0.1297041   0.6098206  -0.04376455
  -0.02441066 -3.72598783  0.45240665  0.72470519  0.04548294 -0.30879045]], Action: [[ 0.9858242   0.8218527  -1.          0.06415007  1.         -1.        ]], Reward: [1.1164316],Reward_sum: 312.45184326171875, Done: [False]
==========
t: 137, State: [[ 1.41198422e+00  4.56505703e-02  1.59815023e+00  2.20668244e-03
  -8.59318935e-01 -8.31041309e-01 -3.11837311e-01  7.12762590e-02
  -9.36139650e-01  1.59345750e-01  5.65253735e-01 -1.22862218e+00
  -2.64188103e+00 -1.21128986e+00  3.13180552e-01 -4.75204786e-01
  -6.80214651e-01  1.51887101e+00]], Action: [[ 0.0411742  0.7273166 -1.        -0.2538599  1.        -1.       ]], Reward: [1.1389899],Reward_sum: 313.5908203125, Done: [False]
==========
t: 138, State: [[ 1.41337034  0.05128092  1.60036543  0.00634329 -0.8863575  -0.82877572
  -0.29750807  0.06337424 -0.92113467  0.1710114   0.75594114  0.75284515
   1.61010115 -4.30681853  0.26818559  2.62709464 -1.15594442  2.11198316]], Action: [[ 1.         -0.63618326 -1.          1.          1.         -1.        ]], Reward: [1.1678603],Reward_sum: 314.7586669921875, Done: [False]
==========
t: 139, State: [[  1.41477059   0.05921007   1.57141385  -0.03329929  -0.89748376
   -0.82694589  -0.31801667   0.05538644  -0.90352152   0.15889339
    1.2253331   -7.96835002 -10.           1.53401905   0.19222375
   -7.71654248  -0.85397468   2.21828548]], Action: [[-0.8840693  0.7407346 -1.        -0.6733398  1.        -1.       ]], Reward: [1.1702484],Reward_sum: 315.9289245605469, Done: [False]
==========
t: 140, State: [[ 1.41643343  0.06525589  1.54916496 -0.07042015 -0.89906611 -0.82577343
  -0.33134974  0.04742339 -0.88688762  0.27543     0.28709074  2.37481468
   2.17667624 -1.95361987  0.10991146  4.31812025 -1.08012802  1.92277501]], Action: [[ 1.          0.12303761 -1.          1.          1.         -1.        ]], Reward: [1.2028391],Reward_sum: 317.13177490234375, Done: [False]
==========
t: 141, State: [[ 1.41760280e+00  6.91965556e-02  1.53956161e+00 -9.16558027e-02
  -9.04313947e-01 -8.24858913e-01 -3.33892358e-01  3.97590082e-02
  -8.19330785e-01  9.25063551e-03  6.98326469e-01 -4.74537411e+00
  -7.44315085e+00  6.36965545e-01  1.14367120e-01 -4.89206739e+00
  -8.39575275e-01  1.00000000e+01]], Action: [[-0.30860958  0.17955667 -1.         -1.          0.6154883   0.6846164 ]], Reward: [1.143196],Reward_sum: 318.27496337890625, Done: [False]
==========
t: 142, State: [[ 1.41868306  0.07189441  1.54807499 -0.08188939 -0.92833223 -0.82408045
  -0.31493017  0.03343105 -0.76009202  0.27161469 -0.01754153  6.8730765
   9.86121581 -6.55953793  0.07856825  9.69346879 -0.71690483 -1.48501557]], Action: [[ 1. -1. -1.  1.  1. -1.]], Reward: [1.1290324],Reward_sum: 319.40399169921875, Done: [False]
==========
t: 143, State: [[ 1.41982418  0.07418174  1.55725809 -0.07003593 -0.95470928 -0.82279121
  -0.2942235   0.0281105  -0.72120036  0.02549165  0.58790153 -4.55265723
  -6.84500081 -0.07988005  0.22122961 -4.47701655 -0.60808186 10.        ]], Action: [[-1.          0.7755767  -0.6941388  -1.         -0.08276382  0.67506003]], Reward: [1.1390941],Reward_sum: 320.5431213378906, Done: [False]
==========
t: 144, State: [[ 1.42109469  0.07603552  1.56771005 -0.05543577 -0.98307328 -0.82160601
  -0.27102772  0.0238434  -0.70417756  0.27755747 -0.12237259  7.14404362
  10.         -6.96173522  0.08778643 10.         -0.46526593 -6.81856504]], Action: [[ 1. -1. -1.  1.  1. -1.]], Reward: [1.1528137],Reward_sum: 321.6959228515625, Done: [False]
==========
t: 145, State: [[ 1.42246649  0.07733906  1.57792231 -0.0416924  -1.01095677 -0.81570004
  -0.24753613  0.02047813 -0.70613662  0.08004324  0.44523876 -4.57286211
  -6.97046503 -0.05246203  1.4156878  -4.35039179 -0.3762661   6.33960502]], Action: [[-1.          1.          0.06027038 -1.         -0.10251334  0.7049025 ]], Reward: [1.1679643],Reward_sum: 322.8638916015625, Done: [False]
==========
t: 146, State: [[  1.42403665   0.0780388    1.58833954  -0.02857537  -1.03706929
   -0.80861291  -0.223096     0.01789937  -0.72789417   0.29568833
   -0.26622085   7.16537991  10.          -6.46116642   0.46012505
   10.          -0.27308815 -10.        ]], Action: [[ 1.         -0.91880655 -1.          1.          1.         -1.        ]], Reward: [1.1904256],Reward_sum: 324.0543212890625, Done: [False]
==========
t: 147, State: [[ 1.42546831  0.07808461  1.59788602 -0.01816047 -1.06283835 -0.78520019
  -0.19982184  0.01573888 -0.75384557  0.07731844  0.27299521 -4.76707421
  -7.60358702  0.01120246  5.39113898 -4.63939388 -0.26191052  5.39554222]], Action: [[-1.          1.          0.22902854 -1.         -0.14469615  0.9090953 ]], Reward: [1.1750584],Reward_sum: 325.2294006347656, Done: [False]
==========
t: 148, State: [[ 1.42737147e+00  7.73612275e-02  1.60650850e+00 -9.71009992e-03
  -1.08004628e+00 -8.05269751e-01 -1.77542029e-01  1.40856075e-02
  -7.88164677e-01  3.26469003e-01 -4.58750051e-01  6.85820986e+00
   9.35175608e+00 -4.75170297e+00 -4.29545027e+00  1.00000000e+01
  -3.01792956e-01 -1.00000000e+01]], Action: [[ 1.         -0.58071256 -1.          1.          1.         -1.        ]], Reward: [1.2325569],Reward_sum: 326.46197509765625, Done: [False]
==========
t: 149, State: [[ 1.42916091e+00  7.59056093e-02  1.61373217e+00 -4.41122010e-03
  -1.09446916e+00 -8.27396421e-01 -1.57510293e-01  1.21053911e-02
  -8.12886739e-01  1.35534130e-01  9.09262113e-02 -5.03472344e+00
  -7.99063998e+00  1.16187028e+00 -1.53423026e+00 -5.09486395e+00
  -2.00870926e-01  6.46374962e+00]], Action: [[-1.          0.76879036 -0.2409467  -1.          0.02405462  0.98087454]], Reward: [1.2200689],Reward_sum: 327.6820068359375, Done: [False]
==========
t: 150, State: [[ 1.43008105e+00  7.36811478e-02  1.62005290e+00 -3.36296588e-04
  -1.11241804e+00 -8.35238388e-01 -1.41750392e-01  1.01695515e-02
  -7.84608379e-01  1.23310000e-01 -6.31333966e-01  6.68373705e+00
   9.11745541e+00 -5.60353123e+00 -5.38484735e-01  9.27237825e+00
  -2.29964658e-01 -2.35891570e+00]], Action: [[ 1. -1. -1.  1.  1. -1.]], Reward: [1.1090177],Reward_sum: 328.7910461425781, Done: [False]
==========
t: 151, State: [[ 1.43080431e+00  7.09830783e-02  1.62684684e+00  5.25262108e-03
  -1.13347234e+00 -8.36560584e-01 -1.25522965e-01  9.05195296e-03
  -7.58326435e-01  6.63898329e-02 -4.48602552e-02 -4.95455241e+00
  -7.66459531e+00  3.18817977e-01  1.23374087e-01 -5.16251514e+00
  -6.66628413e-02  8.89430635e+00]], Action: [[-1.          0.72739625 -0.7092022  -1.         -0.0907822   0.5298967 ]], Reward: [1.087086],Reward_sum: 329.87811279296875, Done: [False]
==========
t: 152, State: [[ 1.43176204e+00  6.82779211e-02  1.63070527e+00  7.76786400e-03
  -1.15490430e+00 -8.35021123e-01 -1.10967295e-01  8.87535098e-03
  -7.63018782e-01  1.74828064e-01 -4.84262671e-01  3.73574281e+00
   5.19395320e+00 -4.66121962e+00  2.56026187e-01  6.23883253e+00
   5.53785369e-02 -9.70318081e+00]], Action: [[ 1. -1. -1.  1.  1. -1.]], Reward: [1.1137166],Reward_sum: 330.9918212890625, Done: [False]
==========
t: 153, State: [[ 1.43250876e+00  6.63963862e-02  1.61171147e+00 -2.39871101e-02
  -1.16772046e+00 -8.02166338e-01 -1.23486078e-01  9.04502449e-03
  -7.62007009e-01 -7.29272678e-03  1.16154984e-02 -8.45471046e+00
  -1.00000000e+01  1.50900393e+00  7.88277743e+00 -9.33384187e+00
  -5.14001866e-03  9.90374647e+00]], Action: [[-1.          1.          0.36513734 -1.         -0.10206893  1.        ]], Reward: [1.0891955],Reward_sum: 332.0810546875, Done: [False]
==========
t: 154, State: [[ 1.43364831e+00  6.33097404e-02  1.58949138e+00 -6.48704871e-02
  -1.16705072e+00 -7.91302903e-01 -1.40590737e-01  9.24970284e-03
  -7.61645281e-01  3.08244634e-01 -7.82042121e-01  2.86449870e+00
   2.81656969e+00 -1.45626238e+00 -4.24592059e+00  5.01216591e+00
   4.90160207e-02 -9.72830532e+00]], Action: [[ 1.          0.02271047 -1.          1.          1.         -1.        ]], Reward: [1.137443],Reward_sum: 333.2184753417969, Done: [False]
==========
t: 155, State: [[ 1.43441986e+00  5.98496966e-02  1.56909797e+00 -1.01670877e-01
  -1.17204583e+00 -7.68000801e-01 -1.55128083e-01  9.19175958e-03
  -7.59940450e-01 -1.33064308e-01 -8.53509499e-02 -7.92821185e+00
  -1.00000000e+01  2.73473253e-01  9.92993647e+00 -8.60592820e+00
  -5.00694654e-02  1.00000000e+01]], Action: [[-1.         -0.50211346  0.59800124 -1.         -0.04853031  1.        ]], Reward: [1.0928327],Reward_sum: 334.3113098144531, Done: [False]
==========
t: 156, State: [[ 1.43514268e+00  5.60633466e-02  1.55091589e+00 -1.31625409e-01
  -1.18016105e+00 -7.75110528e-01 -1.66500514e-01  9.13946352e-03
  -7.59356409e-01  3.28984874e-01 -8.58798092e-01  3.34613216e+00
   4.45722661e+00 -2.31384136e+00 -1.00000000e+01  5.71812341e+00
   2.71943465e-02 -9.87397986e+00]], Action: [[ 1.          0.01121297 -1.          1.          1.         -1.        ]], Reward: [1.0853525],Reward_sum: 335.39666748046875, Done: [False]
==========
t: 157, State: [[ 1.43665593  0.050584    1.55958209 -0.11976272 -1.19889555 -0.82987652
  -0.145924    0.00852557 -0.80155776  0.0927276  -0.39476668 -0.19493514
   0.23708531 -3.13929806 -2.11424513  0.85386942 -0.39985509 -2.85938147]], Action: [[ 0.05705217 -0.16577888  0.44796926 -1.          0.6044321   0.85171306]], Reward: [1.1868341],Reward_sum: 336.58349609375, Done: [False]
==========
t: 158, State: [[ 1.43695406  0.05120419  1.5460125  -0.12941463 -1.22379222 -0.84063636
  -0.15376008  0.00682943 -0.81786577 -0.0188985   0.54599131 -3.29872751
  -2.79830294 -3.01369693 -0.72670425 -2.86696122 -0.04514455 -1.35026074]], Action: [[-0.70914745  0.51957726 -1.         -1.          1.         -1.        ]], Reward: [1.0324924],Reward_sum: 337.615966796875, Done: [False]
==========
t: 159, State: [[ 1.43749804e+00  5.18167732e-02  1.56059541e+00 -9.87517854e-02
  -1.25993626e+00 -8.43536536e-01 -1.27924599e-01 -2.44554141e-03
  -8.25745961e-01  1.37327070e-01 -3.91237478e-01  6.92770949e+00
   1.00000000e+01 -5.98966940e+00 -7.68670596e-02  9.29405243e+00
  -2.19411786e+00 -6.83785843e-01]], Action: [[ 1.          0.29179695 -1.          1.          1.         -1.        ]], Reward: [1.0629132],Reward_sum: 338.6788635253906, Done: [False]
==========
t: 160, State: [[ 1.43744677e+00  5.04319036e-02  1.56624200e+00 -8.79482202e-02
  -1.28257661e+00 -8.41783338e-01 -1.25035576e-01 -2.67886070e-04
  -8.23244982e-01 -1.38495055e-01  6.97478962e-02 -5.23014119e+00
  -7.24270335e+00  1.00459590e-01  4.39339887e-01 -8.06961575e+00
   2.49478441e+00  1.29222301e+00]], Action: [[-1.          0.709638   -0.6749423  -1.          0.19617221  1.        ]], Reward: [0.98959255],Reward_sum: 339.66845703125, Done: [False]
==========
t: 161, State: [[ 1.43667228  0.04792245  1.56822571 -0.08458462 -1.30178795 -0.838275
  -0.13565598  0.01265554 -0.81659724 -0.04506047 -0.49597211  4.56261366
   6.8423868  -4.78960016  0.4256647   4.20806858  0.74216155  0.44073875]], Action: [[ 1.        -0.4404553 -1.         1.         1.        -1.       ]], Reward: [0.89799505],Reward_sum: 340.56646728515625, Done: [False]
==========
t: 162, State: [[ 1.43624671  0.04807994  1.58004962 -0.06071312 -1.33001428 -0.83503301
  -0.12688172  0.01688504 -0.81435723 -0.06526159  0.53675358 -1.48855717
  -0.67598524 -2.38653784  0.38094195 -1.88920719  0.35086336  0.1503573 ]], Action: [[-1.          1.         -1.         -1.          0.37497577 -0.9877885 ]], Reward: [0.94168776],Reward_sum: 341.50811767578125, Done: [False]
==========
t: 163, State: [[ 1.43631661  0.05293553  1.58438355 -0.0393984  -1.35800639 -0.83242335
  -0.11861016  0.01508838 -0.81494533  0.06806873  0.58245749  3.09463247
   6.54636793 -4.63383359  0.27708522  4.49210769 -0.83825776 -0.24087481]], Action: [[ 1.          0.44255725 -1.          1.          1.         -1.        ]], Reward: [1.0035414],Reward_sum: 342.51165771484375, Done: [False]
==========
t: 164, State: [[  1.43695973   0.05989679   1.56239645  -0.0544289   -1.37005477
   -0.83030019  -0.13995195   0.01224458  -0.81488415   0.07543265
    1.16012695  -8.53889498 -10.           1.58272434   0.2501005
   -9.70505086   0.02250369   0.19846228]], Action: [[-1.         1.        -1.        -1.         1.        -0.3580283]], Reward: [1.0752616],Reward_sum: 343.5869140625, Done: [False]
==========
t: 165, State: [[ 1.43781674  0.06549818  1.53615364 -0.08074199 -1.37060234 -0.82861861
  -0.1679444   0.01031963 -0.81471332  0.16330794  0.24057996  1.94183657
   3.58233016 -1.70578187  0.17506468  2.62831368 -0.42411643 -0.10433071]], Action: [[ 1.          0.19294986 -1.          1.          1.         -1.        ]], Reward: [1.1020888],Reward_sum: 344.68902587890625, Done: [False]
==========
t: 166, State: [[ 1.43893013e+00  6.94055625e-02  1.51052258e+00 -1.11484660e-01
  -1.36173588e+00 -8.27309742e-01 -1.97127329e-01  9.91109897e-03
  -8.15416687e-01  9.34374239e-02  7.36662792e-01 -8.30451979e+00
  -1.00000000e+01  3.91771490e+00  1.50111551e-01 -9.82337907e+00
   2.34981576e-01 -7.25651541e-02]], Action: [[-0.7637502  1.        -1.        -1.         1.        -1.       ]], Reward: [1.1335909],Reward_sum: 345.8226013183594, Done: [False]
==========
t: 167, State: [[ 1.44047732  0.07126225  1.48352944 -0.15225233 -1.33730902 -0.82644866
  -0.23012104  0.01061811 -0.81654276  0.31585099 -0.27110761  1.51841476
   0.95144453  2.18984664  0.07360269  1.50982876 -0.02494215 -0.18902484]], Action: [[ 1.          0.83490145 -1.          1.          1.         -1.        ]], Reward: [1.1877016],Reward_sum: 347.01031494140625, Done: [False]
==========
t: 168, State: [[ 1.4430061   0.06890917  1.49647209 -0.14154871 -1.3220569  -0.82591775
  -0.21804669  0.01145903 -0.81780209  0.31660553 -0.31605376  1.7223684
   1.73466711  1.61738615  0.05928272  1.53231992  0.2025743  -0.12872858]], Action: [[ 1.          0.19977236 -1.         -1.          0.9511155  -1.        ]], Reward: [1.3111534],Reward_sum: 348.32147216796875, Done: [False]
==========
t: 169, State: [[ 1.4456533   0.0659829   1.5095362  -0.12855873 -1.3072567  -0.82556481
  -0.20764248  0.01360087 -0.8186436   0.34556154 -0.41490015  1.54842775
   1.51890269  2.08134287  0.03144713  1.0857614   0.31155801 -0.08417845]], Action: [[ 1.         0.6202186 -1.        -1.         1.        -1.       ]], Reward: [1.3255157],Reward_sum: 349.6470031738281, Done: [False]
==========
t: 170, State: [[ 1.44855123  0.06225117  1.52112756 -0.117653   -1.28827836 -0.82539119
  -0.20072715  0.01620623 -0.81918509  0.37903193 -0.51778286  1.35244561
   1.20941404  2.66451811  0.01369086  0.65243445  0.32895911 -0.0532234 ]], Action: [[ 1.          0.66723394 -1.         -1.          1.         -1.        ]], Reward: [1.3567948],Reward_sum: 351.0037841796875, Done: [False]
==========
t: 171, State: [[ 1.45170424  0.05772775  1.53139717 -0.10871524 -1.26509217 -0.82531651
  -0.19683416  0.01873805 -0.81952361  0.4030093  -0.60289509  1.29180845
   1.1566962   3.06217575  0.00661582  0.43082275  0.29582238 -0.03285651]], Action: [[ 1.          0.61865234 -1.         -1.          1.         -1.        ]], Reward: [1.3887442],Reward_sum: 352.3925476074219, Done: [False]
==========
t: 172, State: [[ 1.45454268  0.0533369   1.54720494 -0.08983074 -1.24412018 -0.82523374
  -0.18622831  0.02069801 -0.81973179  0.31423584 -0.50991092  2.54231729
   3.35692118  2.29598233  0.01168987  2.05320651  0.20548718 -0.02026676]], Action: [[ 1.          0.65779936 -1.         -1.          1.         -1.        ]], Reward: [1.349372],Reward_sum: 353.7419128417969, Done: [False]
==========
t: 173, State: [[ 1.45681634e+00  4.94481019e-02  1.56968741e+00 -6.00788046e-02
  -1.22408588e+00 -8.25191499e-01 -1.66945828e-01  2.17864673e-02
  -8.19844701e-01  2.55584602e-01 -4.51708357e-01  2.90048686e+00
   3.84243862e+00  2.78374954e+00 -3.86475021e-04  2.55263899e+00
   8.30950552e-02 -8.71433268e-03]], Action: [[ 0.95383835  1.         -1.         -1.          0.67642665 -1.        ]], Reward: [1.2788408],Reward_sum: 355.020751953125, Done: [False]
==========
t: 174, State: [[ 1.45853442  0.04736048  1.58499419 -0.03790483 -1.19884365 -0.82522437
  -0.15459972  0.02209016 -0.81985167  0.19455445 -0.12347238  0.95071602
   1.60719614  3.68457509 -0.00915093  0.4957067   0.00926436  0.00401653]], Action: [[ 0.9767792  1.        -1.        -1.         0.5515518 -1.       ]], Reward: [1.2095019],Reward_sum: 356.2302551269531, Done: [False]
==========
t: 175, State: [[ 1.46011945e+00  4.68311860e-02  1.58565260e+00 -3.49531376e-02
  -1.16365043e+00 -8.23030239e-01 -1.59135706e-01  2.25958768e-02
  -8.19821153e-01  1.85023090e-01 -3.28279254e-03 -3.72385636e-01
  -2.54243656e-01  4.88882775e+00  4.85366829e-01 -1.10122336e+00
   9.03242956e-02  2.73681706e-03]], Action: [[ 1.          1.          0.01984753 -1.          1.         -1.        ]], Reward: [1.1931278],Reward_sum: 357.42340087890625, Done: [False]
==========
t: 176, State: [[ 1.46124963e+00  4.71606871e-02  1.58283766e+00 -3.54792889e-02
  -1.12912254e+00 -7.91984256e-01 -1.67530075e-01  2.32877335e-02
  -8.19803746e-01  1.02734733e-01  6.97024757e-02 -3.22293690e-01
   9.81416025e-02  3.81269397e+00  7.19853116e+00 -1.00479718e+00
   8.34432488e-02  1.50445709e-03]], Action: [[ 1.          0.29612717  0.41858858 -0.86543185  1.         -1.        ]], Reward: [1.1372603],Reward_sum: 358.5606384277344, Done: [False]
==========
t: 177, State: [[ 1.4620462   0.04797601  1.58057411 -0.03198323 -1.0972968  -0.7562131
  -0.17513378  0.02396087 -0.81982534  0.09875845  0.12626493 -0.23858057
   0.76320724  4.15055243  1.77869057 -0.89840381  0.08367282 -0.00585991]], Action: [[ 1.          0.52478516 -0.18207432 -1.          1.         -1.        ]], Reward: [1.0952626],Reward_sum: 359.6558837890625, Done: [False]
==========
t: 178, State: [[ 1.46252685e+00  4.87854121e-02  1.57864482e+00 -2.68407548e-02
  -1.06715820e+00 -7.01166734e-01 -1.82924241e-01  2.46908155e-02
  -8.19819657e-01  2.22948550e-02  7.92712786e-02 -2.66381816e-01
   4.88711344e-01  3.45146769e+00  1.00000000e+01 -1.07148716e+00
   9.51121489e-02  5.71460512e-03]], Action: [[ 1.          0.3134685   0.62335825 -1.          1.         -1.        ]], Reward: [1.0555954],Reward_sum: 360.71148681640625, Done: [False]
==========
t: 179, State: [[ 1.4632315   0.04927648  1.57332655 -0.02686732 -1.02866373 -0.66146897
  -0.19575892  0.02544722 -0.81985899  0.13516024  0.06577248 -0.80541466
  -0.08304527  5.92855085 -1.73460619 -1.7895529   0.08128923 -0.01275046]], Action: [[ 1.          1.         -0.59853035 -1.          1.         -1.        ]], Reward: [1.0827222],Reward_sum: 361.7942199707031, Done: [False]
==========
t: 180, State: [[ 1.46397678e+00  4.96998143e-02  1.56903842e+00 -2.74381740e-02
  -9.84067960e-01 -6.10498831e-01 -2.07665616e-01  2.59141598e-02
  -8.19919915e-01  5.67224907e-02  4.03314914e-02 -2.87092277e-01
  -1.03239270e-01  5.35347994e+00  1.00000000e+01 -1.21312952e+00
   3.95439756e-02 -4.33328006e-03]], Action: [[ 1.          0.49210718  1.         -0.87971044  1.         -1.        ]], Reward: [1.0881443],Reward_sum: 362.88238525390625, Done: [False]
==========
t: 181, State: [[ 1.4645073   0.05005309  1.56903271 -0.02137678 -0.94181141 -0.5342381
  -0.21471424  0.02616327 -0.8199843   0.0770731   0.04558587  0.26394477
   1.59224128  5.14934896  4.94187777 -0.57958674  0.02490481 -0.01061522]], Action: [[ 1.          0.17754401 -0.41278654 -1.          1.         -1.        ]], Reward: [1.062113],Reward_sum: 363.9444885253906, Done: [False]
==========
t: 182, State: [[ 1.46487306e+00  5.12831601e-02  1.56381612e+00 -1.89598774e-02
  -8.97102042e-01 -4.76928785e-01 -2.27710996e-01  2.64667346e-02
  -8.19996988e-01  1.43795286e-02  2.49818759e-01 -1.72249563e+00
  -1.25246887e+00  6.18143768e+00  9.31461186e+00 -2.87589265e+00
   5.31604849e-02  6.59605283e-03]], Action: [[ 0.45881644  0.36005157  0.34481788 -1.          1.         -1.        ]], Reward: [1.0422608],Reward_sum: 364.98675537109375, Done: [False]
==========
t: 183, State: [[ 1.46483506e+00  5.25272533e-02  1.55613786e+00 -2.29819597e-02
  -8.46569148e-01 -3.80422576e-01 -2.44056890e-01  2.66252379e-02
  -8.19988455e-01 -2.48479139e-02  6.20401386e-02 -2.28187028e-01
   1.95099211e-01  6.53564377e+00  1.00000000e+01 -1.25376843e+00
  -4.54195685e-03 -2.63999857e-03]], Action: [[ 1.          0.4752746   0.4814617  -0.72804844  1.         -1.        ]], Reward: [0.99126226],Reward_sum: 365.97802734375, Done: [False]
==========
t: 184, State: [[ 1.46455486e+00  5.30278795e-02  1.55633915e+00 -1.41519471e-02
  -7.98755495e-01 -2.86667597e-01 -2.51890293e-01  2.66128388e-02
  -8.19651092e-01 -4.34486274e-02  6.15665129e-02  2.72108994e-01
   1.91823261e+00  5.50311731e+00  8.92835501e+00 -7.13312354e-01
   1.31386868e-03  7.52773776e-02]], Action: [[ 1.         -0.06440249 -0.22923796 -1.          1.         -0.83946455]], Reward: [0.9612133],Reward_sum: 366.939208984375, Done: [False]
==========
t: 185, State: [[ 1.46441626e+00  5.40347712e-02  1.54824097e+00 -1.63554121e-02
  -7.39819097e-01 -2.32501560e-01 -2.69950339e-01  2.68423938e-02
  -8.19277378e-01 -8.06576472e-03  2.32263034e-01 -1.67823350e+00
  -1.40038177e+00  8.69258362e+00  4.56287165e+00 -2.97578470e+00
   2.34222669e-02  2.10959627e-02]], Action: [[ 0.46245602  0.7469219  -0.18403225 -1.          1.         -1.        ]], Reward: [0.97886956],Reward_sum: 367.9180908203125, Done: [False]
==========
t: 186, State: [[ 1.46394748e+00  5.47509952e-02  1.54672218e+00 -1.54878171e-02
  -6.71154552e-01 -1.45654444e-01 -2.80257455e-01  2.66203832e-02
  -8.19232296e-01 -1.13401886e-01 -5.33973771e-02  1.28586532e+00
   1.63968236e+00  8.53646170e+00  1.00000000e+01  3.74904289e-01
  -6.55202289e-02 -5.52800928e-03]], Action: [[ 1.          0.04077247  1.         -0.47739586  1.         -1.        ]], Reward: [0.9371733],Reward_sum: 368.85528564453125, Done: [False]
==========
t: 187, State: [[ 1.46248379  0.05594452  1.53987293 -0.02584284 -0.59395273  0.01600985
  -0.29683831  0.02596468 -0.8181984  -0.22947378  0.39754686 -2.66822104
  -3.53893858 10.         10.         -4.03869732 -0.11759627  0.21964069]], Action: [[ 0.04703158 -0.30187848  0.61840284 -1.          0.48334327 -0.55788606]], Reward: [0.81501764],Reward_sum: 369.6702880859375, Done: [False]
==========
t: 188, State: [[ 1.46038472e+00  5.75556748e-02  1.53662043e+00 -3.18766571e-02
  -5.09662071e-01  2.33903234e-01 -3.08389588e-01  2.47787235e-02
  -8.17226822e-01 -2.91238950e-01  6.62555214e-03  1.84709255e+00
   2.05053731e+00  1.00000000e+01  1.00000000e+01  1.13683738e+00
  -1.68736446e-01  4.31799181e-02]], Action: [[ 1.         -0.06202945  0.8621627  -0.19269703  1.         -1.        ]], Reward: [0.7338318],Reward_sum: 370.40411376953125, Done: [False]
==========
t: 189, State: [[ 1.45704276  0.05919266  1.53087985 -0.04186722 -0.41110504  0.51067561
  -0.32303004  0.02298542 -0.81621771 -0.58901889  0.39694881 -3.31128806
  -4.39345988 10.         10.         -4.86173065 -0.25530857  0.19366582]], Action: [[-0.04379198 -0.1674673   0.83479965 -1.         -0.23659334 -0.67061436]], Reward: [0.5800233],Reward_sum: 370.984130859375, Done: [False]
==========
t: 190, State: [[ 1.45114211  0.06001452  1.52836407 -0.03989773 -0.36511444  0.70116979
  -0.33511251  0.02108492 -0.81540607 -0.86702059 -0.18821741  2.6782933
   4.88603803  0.50400152 10.          1.84323721 -0.22051041  0.02600252]], Action: [[ 1.          0.00426933  0.943071    0.16932012  1.         -1.        ]], Reward: [0.25850067],Reward_sum: 371.24261474609375, Done: [False]
==========
t: 191, State: [[ 1.44383421  0.06024033  1.51571486 -0.06109547 -0.33082262  0.80407375
  -0.36129492  0.02075786 -0.81415357 -0.8573784   0.39249129 -4.78933052
  -8.25060432  7.41058152  8.77131966 -6.83489185  0.02914234  0.22466371]], Action: [[-0.52707016  1.         -0.7110077  -1.          0.8885826  -0.40835965]], Reward: [0.08277228],Reward_sum: 371.325439453125, Done: [False]
==========
t: 192, State: [[ 1.43842153  0.06077072  1.50951531 -0.08417023 -0.2920231   0.85359421
  -0.37794106  0.01996751 -0.81372208 -0.4991642  -0.26365752  3.1969319
   2.44497177  2.33531339  4.03724374  2.59513893 -0.19259189 -0.07614635]], Action: [[ 1.         -0.06898072  0.0022617   0.48888215  1.         -1.        ]], Reward: [0.3201712],Reward_sum: 371.6455993652344, Done: [False]
==========
t: 193, State: [[ 1.43491696  0.06130189  1.51663641 -0.09629319 -0.24943927  0.87318614
  -0.376758    0.01829938 -0.81460682 -0.46634843  0.28018922 -2.18323004
  -6.97538261  9.30201541  1.1871499  -3.43090449 -0.16829846 -0.11480209]], Action: [[-0.22758457  0.9558493   0.98691213 -1.          0.00204694 -1.        ]], Reward: [0.5579895],Reward_sum: 372.2035827636719, Done: [False]
==========
t: 194, State: [[ 1.43194333  0.06263585  1.5213233  -0.10724411 -0.22044015  0.87849038
  -0.37762689  0.01701609 -0.81580703 -0.27097585  0.0549225   3.33899713
   4.23123039 -2.05794443  0.24545505  3.19748595 -0.15123517 -0.17443799]], Action: [[ 1.        -1.         0.9109973 -0.1563236  1.        -1.       ]], Reward: [0.62344223],Reward_sum: 372.8270263671875, Done: [False]
==========
t: 195, State: [[  1.42859192   0.06480268   1.51017812  -0.13900166  -0.19133592
    0.87369516  -0.39960197   0.01557926  -0.76744974  -0.59444684
    0.48502636  -6.08507929 -10.           9.3248839   -1.37378332
   -8.64187144  -0.19539984  10.        ]], Action: [[-0.6547266   0.8684232  -0.2670992  -1.         -0.14773855  0.6508636 ]], Reward: [0.5783739],Reward_sum: 373.4053955078125, Done: [False]
==========
t: 196, State: [[ 1.42553198  0.06669974  1.48883327 -0.19656615 -0.13605386  0.85233702
  -0.43328192  0.015042   -0.74124003 -0.13767244 -0.00677173  0.71290868
  -2.25396294  4.34357728 -6.57825417  0.1932701   0.03087173 -5.53831134]], Action: [[ 1.         -0.061268   -1.          0.22024098  1.         -1.        ]], Reward: [0.61345476],Reward_sum: 374.01885986328125, Done: [False]
==========
t: 197, State: [[  1.42518903   0.06700426   1.49790964  -0.19955926  -0.12371088
    0.78455221  -0.4253931    0.01635612  -0.82804055  -0.01823334
    0.06136988   1.46773239   1.31421093  -1.11198835 -10.
    1.3585578    0.17517252  -9.91165297]], Action: [[ 1.         -0.27242693 -0.3117476  -1.          1.         -1.        ]], Reward: [0.9529598],Reward_sum: 374.9718017578125, Done: [False]
==========
t: 198, State: [[ 1.42405908  0.06709204  1.50939809 -0.1869242  -0.13254456  0.7625536
  -0.41727179  0.01748133 -0.87881182 -0.25676943 -0.03748016  1.40872995
   1.85256037 -1.12769167  4.46120905  0.70702491  0.12034522 -3.4714546 ]], Action: [[ 1.          0.48635063  1.         -1.          0.76958394 -0.2759834 ]], Reward: [0.85485154],Reward_sum: 375.82666015625, Done: [False]
==========
t: 199, State: [[ 1.42216803  0.0657282   1.52063525 -0.1831162  -0.11973854  0.75667403
  -0.41368797  0.01848924 -0.89205909 -0.21396334 -0.30213161  1.41225675
  -0.88111009  4.32124063 -5.94730467  0.22591088  0.13288647 -0.22919087]], Action: [[ 0.8092967  1.        -0.7657418 -0.675754   1.        -0.225724 ]], Reward: [0.7598698],Reward_sum: 376.5865173339844, Done: [False]
==========
Walker2d - Steps: 200, Return: 376.5865173339844, State: [[ 1.42216803  0.0657282   1.52063525 -0.1831162  -0.11973854  0.75667403
  -0.41368797  0.01848924 -0.89205909 -0.21396334 -0.30213161  1.41225675
  -0.88111009  4.32124063 -5.94730467  0.22591088  0.13288647 -0.22919087]]
