[CudaDevice(id=0)]
Using AIRL:  True
Using GAIL:  True
Using RGCL:  False
Experiment State @  2025-05-15 15:43:02.281771-05:00
Experiment Saved @  results/experiment_129
Experiment Settings Saved @  results/experiment_129
129
Using cuda device
Wrapping the env with a `Monitor` wrapper
Wrapping the env in a DummyVecEnv.
Wrapping the env with a `Monitor` wrapper
Wrapping the env in a DummyVecEnv.
t: 0, State: [[-6.89819728e-04  1.24552478e+00  4.36305206e-03  6.56013321e-03
  -5.94827727e-03  6.38502925e-02  2.86929582e-03  1.49372882e-03
   5.87055146e-02  1.00502226e-01 -4.49316074e-01  3.48961654e-02
   5.82806805e-01 -2.05730093e+00  1.00000000e+01 -1.89586472e-01
   4.12799866e-01  1.00000000e+01]], Action: [[ 1.        -0.3421794  1.         1.         1.         1.       ]], Reward: [1.05326],Reward_sum: 1.0532599687576294, Done: [False]
==========
t: 1, State: [[ 7.55444641e-04  1.24307172e+00  8.06471044e-03  4.44145561e-03
   3.00439189e-03  1.16783836e-01  4.31133268e-03  5.73742559e-03
   1.11856269e-01  2.38605661e-01 -1.66522239e-01  7.88317432e-01
  -1.04895305e+00  3.86134837e+00 -1.60178138e+00  4.48054503e-01
   6.01667616e-01 -3.64580337e-01]], Action: [[ 1.          1.         -1.          0.89896435  1.         -1.        ]], Reward: [1.1748499],Reward_sum: 2.228109836578369, Done: [False]
==========
t: 2, State: [[ 1.38047601e-03  1.24021989e+00  8.07060110e-03 -2.98043290e-03
   1.91999557e-02  1.64265283e-01  8.23002902e-03 -6.51407159e-03
   1.57970953e-01 -8.24242448e-02 -5.44377408e-01 -7.94375689e-01
  -8.24618373e-01  2.61250190e-01  1.00000000e+01  5.09935825e-01
  -3.61198030e+00  1.00000000e+01]], Action: [[ 1.          0.2949641   1.         -0.2375388  -1.          0.73555934]], Reward: [1.0744444],Reward_sum: 3.302554130554199, Done: [False]
==========
t: 3, State: [[ 2.25624106e-03  1.23575019e+00  1.10557035e-02  1.25948530e-03
   2.04705638e-02  2.21539947e-01  1.22984088e-02 -1.32605078e-02
   2.74758310e-01  2.90077195e-01 -5.72695827e-01  1.43505773e+00
   1.71559997e+00  8.71483626e-02  9.13665596e-01  4.45949299e-01
   1.89370963e+00  1.00000000e+01]], Action: [[ 0.82372856  0.83833766 -1.          1.          1.          0.68195677]], Reward: [1.1046243],Reward_sum: 4.4071784019470215, Done: [False]
==========
t: 4, State: [[ 3.47208374e-03  1.23102695e+00  1.68545349e-02  1.04468790e-02
   1.97606779e-02  2.18186524e-01  1.48293207e-02 -8.96800975e-03
   4.22024888e-01  2.63238048e-02 -6.06382759e-01  9.54447969e-02
   6.60692521e-01 -2.30067007e-01 -1.76853633e+00  2.25588212e-01
  -7.31573383e-01  1.00000000e+01]], Action: [[ 1.          0.35475123 -0.21736704 -0.59927946 -1.          0.1100937 ]], Reward: [1.149436],Reward_sum: 5.556614398956299, Done: [False]
==========
t: 5, State: [[ 4.11030533e-03  1.22640779e+00  1.79306484e-02  1.53022446e-02
   1.78892977e-02  1.70196639e-01  9.15301717e-03  3.56855472e-03
   5.63383644e-01  8.48145319e-02 -5.45545427e-01  1.17698689e-01
   5.55146642e-01 -2.34609873e-01 -1.00000000e+01 -1.15399093e+00
   2.70759860e+00  1.00000000e+01]], Action: [[ 1.          0.04401353 -0.651753    0.40933985  0.7769747  -0.10717873]], Reward: [1.0775683],Reward_sum: 6.634182929992676, Done: [False]
==========
t: 6, State: [[ 4.02923985e-03  1.22213563e+00  1.58290545e-02  1.76228829e-02
   1.59186394e-02  9.23294578e-02  4.85764663e-04  1.46313070e-02
   6.64380407e-01 -9.98140946e-02 -5.24452150e-01 -5.92312820e-01
   7.80856954e-02 -2.52263104e-01 -9.22467022e+00 -9.42764540e-01
  -4.23288119e-02  8.82835896e+00]], Action: [[ 1.        0.729257  0.119422 -1.       -1.       -0.578599]], Reward: [0.98598593],Reward_sum: 7.620168685913086, Done: [False]
==========
t: 7, State: [[ 2.43377600e-03  1.21788563e+00  7.29490902e-03  1.73642492e-02
   8.34083485e-03  4.98399167e-02 -9.02008643e-03  4.61803070e-03
   6.82210697e-01 -2.97676411e-01 -5.40362810e-01 -1.52315986e+00
  -1.16485955e-01 -1.67508948e+00 -1.39465109e+00 -1.40195236e+00
  -2.49470468e+00 -4.36267280e+00]], Action: [[ 1.          0.3836321   0.61471605 -0.9792599  -1.         -1.        ]], Reward: [0.79608303],Reward_sum: 8.416252136230469, Done: [False]
==========
t: 8, State: [[ 1.49720768e-03  1.21207016e+00 -2.74704953e-04  1.76426556e-02
  -2.23651629e-04  9.15052331e-02 -2.00596321e-02 -2.65189554e-03
   6.80623787e-01  8.15690354e-02 -9.13300886e-01 -3.75971771e-01
   1.42170500e-01 -3.93000854e-01  1.00000000e+01 -1.60876212e+00
   1.17321452e+00  3.85975231e+00]], Action: [[0.9380233  1.         1.         0.7894579  1.         0.57512033]], Reward: [0.8780951],Reward_sum: 9.294346809387207, Done: [False]
==========
t: 9, State: [[ 2.44813015e-03  1.20625177e+00 -1.41007848e-04  1.90734441e-02
   3.83920901e-03  1.40614802e-01 -3.21952832e-02  1.45435339e-02
   6.62445811e-01  1.18017202e-02 -4.79136812e-01  3.60708066e-02
   2.66186711e-01  6.01973552e-01  5.96232885e-01 -8.55385857e-01
   1.69025108e+00 -7.12413573e+00]], Action: [[ 1.         1.        -0.6532187  0.2737454  1.        -1.       ]], Reward: [1.1143637],Reward_sum: 10.408710479736328, Done: [False]
==========
t: 10, State: [[ 2.60237387e-03  1.20378724e+00  2.74299368e-03  2.17430778e-02
   7.47149206e-03  1.75563189e-01 -2.45574662e-02  4.86797556e-03
   6.47214194e-01  2.30047670e-02 -1.67990028e-01  6.50157776e-01
   3.79556593e-01  3.36760725e-01  8.34108210e+00  2.71608203e+00
  -4.13567879e+00  3.29248367e+00]], Action: [[ 0.9586259   1.          1.          0.7653723  -0.16761306  0.8649535 ]], Reward: [1.0149995],Reward_sum: 11.423709869384766, Done: [False]
==========
t: 11, State: [[ 3.67849179e-03  1.20321511e+00  7.27924493e-03  2.06136140e-02
   9.86700858e-03  2.77968187e-01 -6.46685328e-03 -2.63836841e-02
   7.06260786e-01  2.46471715e-01  6.69119942e-03  4.82931816e-01
  -6.46174276e-01  2.66750337e-01  1.00000000e+01  1.79810212e+00
  -3.69232466e+00  1.00000000e+01]], Action: [[-0.83304167  0.9927386   1.          1.          1.          1.        ]], Reward: [1.1288352],Reward_sum: 12.552545547485352, Done: [False]
==========
t: 12, State: [[ 5.81945442e-03  1.20399096e+00  1.27513642e-02  1.84977594e-02
   1.26676051e-02  3.70660919e-01  6.79664514e-03 -5.17102439e-02
   8.16546715e-01  2.97525431e-01  2.11250335e-01  8.26426890e-01
   2.66692416e-02  4.03977348e-01  5.91690214e+00  9.90530586e-01
  -1.57248889e+00  1.00000000e+01]], Action: [[ 1.          0.72951925 -1.          0.8782007   1.          0.8701308 ]], Reward: [1.2625598],Reward_sum: 13.815105438232422, Done: [False]
==========
t: 13, State: [[ 8.54132950e-03  1.20667357e+00  1.96457267e-02  1.97875775e-02
   1.62664916e-02  3.73456987e-01  3.80686339e-03 -4.07920674e-02
   8.81206950e-01  3.75818622e-01  4.49956457e-01  8.54487250e-01
   2.63679637e-01  4.77417242e-01 -5.11293095e+00 -1.70470361e+00
   4.13331721e+00  4.49530101e+00]], Action: [[ 1.          1.         -1.          0.5540148   1.         -0.14712422]], Reward: [1.3359058],Reward_sum: 15.15101146697998, Done: [False]
==========
t: 14, State: [[ 1.10013806e-02  1.20988023e+00  2.61043844e-02  2.23478447e-02
   1.88770782e-02  3.69343006e-01 -2.58353710e-03 -2.17170074e-02
   9.02195372e-01  2.37609661e-01  3.51626830e-01  7.99787413e-01
   3.79129953e-01  2.06413045e-01  3.93124421e+00  3.51820889e-01
   5.16958749e-02  1.10618880e+00]], Action: [[ 1.          1.          0.78125507  0.6084151  -0.5243596   1.        ]], Reward: [1.3032509],Reward_sum: 16.454261779785156, Done: [False]
==========
t: 15, State: [[ 1.38101836e-02  1.21172877e+00  3.32753336e-02  2.56937524e-02
   2.00979441e-02  4.52929111e-01 -7.63914860e-03 -2.12407797e-03
   9.03291267e-01  4.56867791e-01  1.08233432e-01  9.54340684e-01
   4.42468072e-01  1.14810491e-01  1.00000000e+01 -1.63611861e+00
   4.82507119e+00 -6.09961603e-01]], Action: [[1.         0.94662285 1.         1.         1.         1.        ]], Reward: [1.3452042],Reward_sum: 17.79946517944336, Done: [False]
==========
t: 16, State: [[ 0.01646554  1.21191974  0.03806784  0.02872128  0.02066187  0.64019499
  -0.01338965  0.01365016  0.89428155  0.19488137 -0.04961688  0.19502207
   0.32784905  0.04835826 10.          0.16156704 -0.88502444 -1.49541759]], Action: [[ 1.          1.          1.          0.24488248 -0.69956636  0.5882664 ]], Reward: [1.3280241],Reward_sum: 19.12748908996582, Done: [False]
==========
t: 17, State: [[ 1.77693767e-02  1.21127630e+00  3.77512931e-02  3.11293006e-02
   2.13598218e-02  9.00963075e-01 -1.47335770e-02  8.96888081e-03
   8.81830043e-01  1.50411014e-01 -2.14041696e-02  3.95673945e-02
   2.51961612e-01  1.34585737e-01  1.00000000e+01 -9.50238088e-02
  -3.52628080e-01 -1.58161514e+00]], Action: [[0.97778165 1.         1.         0.54664433 1.         1.        ]], Reward: [1.1577247],Reward_sum: 20.285213470458984, Done: [False]
==========
t: 18, State: [[ 1.91355770e-02  1.21148373e+00  4.03976467e-02  3.27176854e-02
   2.23725244e-02  1.03389514e+00 -1.26305973e-02  6.90863219e-03
   8.69602475e-01  1.94926269e-01  4.77993948e-02  6.01503060e-01
   1.52411909e-01  1.05052590e-01  9.26608248e+00  5.96022281e-01
  -1.76173840e-01 -1.44792801e+00]], Action: [[1.        1.        1.        0.546003  0.6156814 1.       ]], Reward: [1.1660979],Reward_sum: 21.451311111450195, Done: [False]
==========
t: 19, State: [[ 0.02086676  1.21179704  0.04665741  0.03336023  0.0230376   1.0704454
  -0.00611537  0.00632767  0.8589097   0.23536816  0.02189016  0.94031395
   0.02567518  0.06266016  0.86529029  1.01597547  0.00919776 -1.21864261]], Action: [[0.7307311  1.         1.         0.5901883  0.94288325 1.        ]], Reward: [1.2116264],Reward_sum: 22.66293716430664, Done: [False]
==========
t: 20, State: [[ 0.02281822  1.21175263  0.0549908   0.03365566  0.02248768  1.05971861
   0.0032008   0.00686105  0.85012028  0.24071629 -0.03573264  1.01321405
  -0.0394503  -0.19288795 -2.99186326  1.11793844  0.14160729 -0.98622204]], Action: [[1.         0.23794666 1.         0.61489606 0.9742601  1.        ]], Reward: [1.2395483],Reward_sum: 23.902484893798828, Done: [False]
==========
t: 21, State: [[ 2.43040167e-02  1.21124363e+00  6.06408822e-02  3.11999431e-02
   2.01744818e-02  1.02908966e+00  1.14155649e-02  2.68426931e-03
   8.43054698e-01  1.33546882e-01 -9.33935652e-02  4.12727640e-01
  -5.55058619e-01 -3.57913597e-01 -4.37928035e+00  9.36087236e-01
  -1.15877068e+00 -7.83721454e-01]], Action: [[ 0.5023178   0.27469406  1.          1.         -0.46223155  1.        ]], Reward: [1.1821836],Reward_sum: 25.08466911315918, Done: [False]
==========
t: 22, State: [[ 2.55146947e-02  1.21016061e+00  6.39465409e-02  2.69851858e-02
   1.56844316e-02  9.92830796e-01  1.66013509e-02 -8.73836689e-04
   8.37543284e-01  1.87542949e-01 -1.80891667e-01  4.98989523e-01
  -4.73542511e-01 -6.28523875e-01 -4.54531276e+00  3.85399951e-01
   4.37586028e-01 -5.99201794e-01]], Action: [[ 0.12482208 -0.213218    1.          1.          0.46866035  1.        ]], Reward: [1.1480541],Reward_sum: 26.232723236083984, Done: [False]
==========
t: 23, State: [[ 2.66615089e-02  1.20850263e+00  6.67517866e-02  2.32014531e-02
   1.03426299e-02  9.58088377e-01  2.03991630e-02 -2.93438094e-03
   8.33306918e-01  7.74402553e-02 -1.88574295e-01  1.32880218e-01
  -4.48782421e-01 -5.90319167e-01 -4.04447721e+00  5.31759383e-01
  -1.01631738e+00 -4.71594807e-01]], Action: [[ 1.          0.29789576  1.          1.         -0.5355154   1.        ]], Reward: [1.1389762],Reward_sum: 27.371702194213867, Done: [False]
==========
t: 24, State: [[ 0.02737404  1.20745606  0.06828794  0.02145979  0.00760216  0.92861884
   0.02254787 -0.00532398  0.82978746  0.10417052 -0.08263528  0.25151676
  -0.02651011 -0.15338328 -3.33993378  0.05021776  0.2779108  -0.40690537]], Action: [[0.8012104  0.25862697 1.         1.         0.59000933 1.        ]], Reward: [1.0850092],Reward_sum: 28.456710815429688, Done: [False]
==========
t: 25, State: [[ 0.02761315  1.20708958  0.06823012  0.02019471  0.00696034  0.90422622
   0.02450694 -0.00981576  0.82732743 -0.03174386 -0.01607648 -0.23129272
  -0.28091491 -0.03789262 -2.76662305  0.40225045 -1.26775574 -0.22510341]], Action: [[ 1.         0.9020183  1.         1.        -0.8520905  0.9896362]], Reward: [1.0243702],Reward_sum: 29.481081008911133, Done: [False]
==========
t: 26, State: [[ 0.02750418  1.20706979  0.0665497   0.01809105  0.00726577  0.88434711
   0.02660943 -0.01751036  0.82566726  0.00517675  0.00787472 -0.18035874
  -0.23993557  0.09394529 -2.21471388  0.14723037 -0.69114951 -0.18893173]], Action: [[0.4610789  0.769436   1.         1.         0.11067779 1.        ]], Reward: [0.98256195],Reward_sum: 30.463642120361328, Done: [False]
==========
t: 27, State: [[ 0.02793786  1.20716466  0.06650134  0.01752983  0.00809893  0.86862493
   0.02674385 -0.01852255  0.82418623  0.09840829  0.01427022  0.14821182
   0.07406912  0.11405049 -1.72902366 -0.093688    0.35719807 -0.17652438]], Action: [[1.         0.5372975  1.         1.         0.40348706 1.        ]], Reward: [1.0497587],Reward_sum: 31.51340103149414, Done: [False]
==========
t: 28, State: [[ 0.02894611  1.20728403  0.06842051  0.01891136  0.00878198  0.8564787
   0.02542924 -0.01335095  0.82290885  0.15059889  0.014726    0.31899963
   0.2525273   0.06471886 -1.3215466  -0.22150281  0.88578836 -0.1418914 ]], Action: [[1.        0.2862596 1.        1.        0.3645436 1.       ]], Reward: [1.121816],Reward_sum: 32.635215759277344, Done: [False]
==========
t: 29, State: [[ 0.03033036  1.20738926  0.07152413  0.02136403  0.00932228  0.84726659
   0.02332671 -0.00474626  0.82190629  0.19226492  0.01125149  0.44489461
   0.34816626  0.07138042 -0.99384879 -0.29407382  1.22512656 -0.10866568]], Action: [[1.         0.35676572 1.         1.         0.3957935  1.        ]], Reward: [1.1687473],Reward_sum: 33.80396270751953, Done: [False]
==========
t: 30, State: [[ 0.03183992  1.20746977  0.07488884  0.02399333  0.00973209  0.84037102
   0.02124887  0.00407846  0.8212458   0.17122569  0.00963511  0.34651713
   0.27049981  0.01952036 -0.74324128 -0.18465185  0.81339452 -0.05128194]], Action: [[1.         0.3072177  1.         1.         0.28762394 1.        ]], Reward: [1.1845182],Reward_sum: 34.98847961425781, Done: [False]
==========
t: 31, State: [[ 0.03308593  1.20754044  0.07711163  0.02577138  0.00955446  0.8352306
   0.02019508  0.00874543  0.82099441  0.14353432  0.00776134  0.22010566
   0.17870527 -0.05427131 -0.55072813 -0.08854667  0.39302763 -0.01646372]], Action: [[1.         0.16123143 1.         1.         0.549697   1.        ]], Reward: [1.1514229],Reward_sum: 36.13990783691406, Done: [False]
==========
t: 32, State: [[ 0.03416161  1.20759266  0.07849643  0.02695686  0.00881911  0.83144293
   0.01968697  0.01081732  0.8209255   0.12788603  0.00514172  0.13485731
   0.12025377 -0.11917046 -0.40356048 -0.04311988  0.14984416 -0.00315225]], Action: [[1.         0.00907847 1.         1.         0.52298903 1.        ]], Reward: [1.1301862],Reward_sum: 37.27009582519531, Done: [False]
==========
t: 33, State: [[ 3.51496714e-02  1.20762256e+00  7.93335969e-02  2.77487887e-02
   7.66536996e-03  8.28676906e-01  1.94431940e-02  1.13814777e-02
   8.20919617e-01  1.21029225e-01  2.26701182e-03  8.12820844e-02
   7.95149154e-02 -1.60515487e-01 -2.93693552e-01 -2.01932826e-02
   7.78350772e-03  5.32226570e-04]], Action: [[ 1.         -0.08652642  1.          1.          0.46705428  1.        ]], Reward: [1.1192819],Reward_sum: 38.38937759399414, Done: [False]
==========
t: 34, State: [[ 3.61040549e-02  1.20763041e+00  7.98226391e-02  2.82980722e-02
   6.17440348e-03  8.26675394e-01  1.93034748e-02  1.11100897e-02
   8.20921756e-01  1.18697872e-01 -2.83725442e-04  4.51565528e-02
   5.93220968e-02 -2.07484445e-01 -2.11056760e-01 -1.61247369e-02
  -6.57864074e-02 -4.50622929e-04]], Action: [[ 1.         -0.12737846  1.          1.          0.45037842  1.        ]], Reward: [1.1150788],Reward_sum: 39.50445556640625, Done: [False]
==========
t: 35, State: [[ 0.03705954  1.207619    0.08009707  0.02871904  0.00438304  0.82524089
   0.01917174  0.01042236  0.82090955  0.12100961 -0.00252542  0.02657745
   0.04680539 -0.23631315 -0.15084832 -0.01730671 -0.09999667 -0.00270103]], Action: [[ 1.         -0.12960896  1.          1.          0.4292101   1.        ]], Reward: [1.115234],Reward_sum: 40.61968994140625, Done: [False]
==========
t: 36, State: [[ 0.03805476  1.20759046  0.08030144  0.02904426  0.00249461  0.82421418
   0.01903519  0.00957846  0.82087948  0.12828837 -0.00454854  0.02641665
   0.03529868 -0.23377683 -0.10810521 -0.01702665 -0.10758212 -0.00474049]], Action: [[ 1.         -0.12249479  1.          1.          0.4217291   1.        ]], Reward: [1.12021],Reward_sum: 41.739898681640625, Done: [False]
==========
t: 37, State: [[ 3.91154736e-02  1.20754748e+00  8.05339773e-02  2.93063126e-02
   6.28910610e-04  8.23482409e-01  1.88872201e-02  8.74759565e-03
   8.20834702e-01  1.37221798e-01 -6.14428003e-03  3.29796025e-02
   3.03679902e-02 -2.30564206e-01 -7.66051346e-02 -1.96675018e-02
  -9.88696772e-02 -6.29893333e-03]], Action: [[ 1.         -0.12909532  1.          1.          0.4328928   1.        ]], Reward: [1.1283853],Reward_sum: 42.868282318115234, Done: [False]
==========
t: 38, State: [[ 4.02516988e-02  1.20749314e+00  8.08354843e-02  2.95430637e-02
  -1.20456797e-03  8.22966749e-01  1.87155017e-02  8.01501869e-03
   8.20780427e-01  1.47065754e-01 -7.40588936e-03  4.32510466e-02
   2.86276512e-02 -2.25830359e-01 -5.36607836e-02 -2.27630188e-02
  -8.40806970e-02 -7.11489475e-03]], Action: [[ 1.         -0.13496965  1.          1.          0.4413045   1.        ]], Reward: [1.1378152],Reward_sum: 44.00609588623047, Done: [False]
==========
t: 39, State: [[ 0.04146846  1.2074297   0.0812265   0.02977364 -0.00299862  0.82260809
   0.01851954  0.00740829  0.82072228  0.1572985  -0.00843688  0.05511068
   0.02861085 -0.22078144 -0.03703778 -0.02564203 -0.06796251 -0.00729577]], Action: [[ 1.         -0.14117733  1.          1.          0.44993144  1.        ]], Reward: [1.1478733],Reward_sum: 45.153968811035156, Done: [False]
==========
t: 40, State: [[ 0.04276786  1.20735859  0.08171525  0.03000735 -0.00475119  0.82236277
   0.01830268  0.00692802  0.82066458  0.16768813 -0.00933921  0.06752839
   0.029301   -0.21555524 -0.02508613 -0.02796655 -0.05273864 -0.0070332 ]], Action: [[ 1.         -0.1472449   1.          1.          0.45904556  1.        ]], Reward: [1.1581922],Reward_sum: 46.31216049194336, Done: [False]
==========
t: 41, State: [[ 0.04415061  1.20728049  0.08230366  0.03024763 -0.00646191  0.82219867
   0.01806955  0.00656313  0.82061011  0.17811463 -0.01019042  0.07993306
   0.03019319 -0.21040309 -0.01654707 -0.02971223 -0.03925252 -0.00651863]], Action: [[ 1.         -0.15325281  1.          1.          0.46909752  1.        ]], Reward: [1.1685997],Reward_sum: 47.48075866699219, Done: [False]
==========
t: 42, State: [[ 0.04561678  1.20719561  0.08299045  0.03049489 -0.00813186  0.82209242
   0.01782459  0.00629858  0.82056023  0.18853307 -0.01104308  0.092062
   0.0310216  -0.20544235 -0.01048573 -0.03093915 -0.02771263 -0.00590021]], Action: [[ 1.         -0.15915841  1.          1.          0.48010594  1.        ]], Reward: [1.1790164],Reward_sum: 48.65977478027344, Done: [False]
==========
t: 43, State: [[ 0.04716628  1.20710378  0.08377293  0.03074808 -0.00976291  0.82202712
   0.01757156  0.00611904  0.82051536  0.19893697 -0.01192852  0.10381832
   0.03167264 -0.20074815 -0.00621091 -0.03174138 -0.01802755 -0.00527827]], Action: [[ 1.         -0.16496116  1.          1.          0.49203533  1.        ]], Reward: [1.1894181],Reward_sum: 49.84919357299805, Done: [False]
==========
t: 44, State: [[ 0.04879903  1.20700468  0.08464806  0.03100563 -0.01135735  0.82199059
   0.01731351  0.00601046  0.82047527  0.20934094 -0.01286307  0.11519979
   0.03211431 -0.19635324 -0.00321639 -0.0322131  -0.0099837  -0.00471197]], Action: [[ 1.         -0.17066014  1.          1.          0.5048134   1.        ]], Reward: [1.1998098],Reward_sum: 51.04900360107422, Done: [False]
==========
t: 45, State: [[ 5.05151300e-02  1.20689787e+00  8.56130041e-02  3.12658866e-02
  -1.29176183e-02  8.21974153e-01  1.70527178e-02  5.96068389e-03
   8.20439370e-01  2.19770520e-01 -1.38539053e-02  1.26255764e-01
   3.23568848e-02 -1.92257358e-01 -1.13411403e-03 -3.24372730e-02
  -3.32979723e-03 -4.22990889e-03]], Action: [[ 1.         -0.17625815  1.          1.          0.51837677  1.        ]], Reward: [1.2102123],Reward_sum: 52.25921630859375, Done: [False]
==========
t: 46, State: [[ 5.23148990e-02  1.20678290e+00  8.66654538e-02  3.15273591e-02
  -1.44460147e-02  8.21971626e-01  1.67908914e-02  5.95960387e-03
   8.20406952e-01  2.30256346e-01 -1.49035404e-02  1.37062243e-01
   3.24298846e-02 -1.88433975e-01  3.01797681e-04 -3.24824910e-02
   2.18385619e-03 -3.84026088e-03]], Action: [[ 1.         -0.18176022  1.          1.          0.5326878   1.        ]], Reward: [1.2206544],Reward_sum: 53.4798698425293, Done: [False]
==========
t: 47, State: [[ 0.05419892  1.20665929  0.08780376  0.03178884 -0.01594455  0.82197865
   0.01652923  0.00599904  0.82037729  0.24083099 -0.01601289  0.14770768
   0.03236913 -0.18483562  0.00128223 -0.0324034   0.00678909 -0.00353892]], Action: [[ 1.         -0.18717277  1.          1.          0.5477422   1.        ]], Reward: [1.2311674],Reward_sum: 54.71104049682617, Done: [False]
==========
t: 48, State: [[ 0.05616803  1.20652656  0.089027    0.0320494  -0.01741479  0.82199214
   0.01626855  0.00607258  0.8203497   0.25152732 -0.017183    0.15828519
   0.03220931 -0.18139716  0.00194335 -0.03224197  0.01069398 -0.00331534]], Action: [[ 1.         -0.19250199  1.          1.          0.5635688   1.        ]], Reward: [1.2417845],Reward_sum: 55.952823638916016, Done: [False]
==========
t: 49, State: [[ 0.05822334  1.20638422  0.09033501  0.03230839 -0.01885769  0.82200998
   0.01600937  0.00617539  0.82032363  0.26237756 -0.0184159   0.16888805
   0.03198086 -0.17804017  0.00238182 -0.03202971  0.0140827  -0.00315647]], Action: [[ 1.         -0.19775435  1.          1.          0.5802305   1.        ]], Reward: [1.2525381],Reward_sum: 57.205360412597656, Done: [False]
==========
t: 50, State: [[ 0.06036621  1.20623175  0.09172838  0.03256535 -0.02027355  0.82203065
   0.015752    0.00630403  0.8202986   0.27341308 -0.01971484  0.17960786
   0.03170811 -0.17467448  0.0026657  -0.03178908  0.01711745 -0.00304907]], Action: [[ 1.         -0.20293489  1.          1.          0.59782195  1.        ]], Reward: [1.26346],Reward_sum: 58.46881866455078, Done: [False]
==========
t: 51, State: [[ 0.06259824  1.2060686   0.0932084   0.03282    -0.02166189  0.82205313
   0.01549659  0.00645628  0.82027426  0.28466425 -0.0210842   0.19053378
   0.03140904 -0.17120013  0.00284263 -0.03153501  0.01994135 -0.002981  ]], Action: [[ 1.         -0.20804712  1.          1.          0.6164684   1.        ]], Reward: [1.274581],Reward_sum: 59.74340057373047, Done: [False]
==========
t: 52, State: [[ 0.06492129  1.2058942   0.09477709  0.03307221 -0.0230214   0.8220767
   0.01524322  0.00663102  0.82025032  0.29616051 -0.02252935  0.20175218
   0.03109565 -0.16750935  0.00294568 -0.03127632  0.02268171 -0.00294177]], Action: [[ 1.         -0.21309298  1.          1.          0.63632524  1.        ]], Reward: [1.2859306],Reward_sum: 61.02933120727539, Done: [False]
==========
t: 53, State: [[ 0.06733743  1.20570791  0.09643715  0.03332188 -0.02434987  0.82210087
   0.01499188  0.00682809  0.82022659  0.30793047 -0.02405636  0.21334682
   0.03077416 -0.16348713  0.0029975  -0.03101628  0.02545226 -0.00292252]], Action: [[ 1.         -0.21807152  1.          1.          0.6575731   1.        ]], Reward: [1.2975378],Reward_sum: 62.32686996459961, Done: [False]
==========
t: 54, State: [[ 0.06984898  1.20550905  0.09819194  0.03356895 -0.02564411  0.82212529
   0.01474259  0.00704819  0.82020295  0.32000199 -0.02567183  0.2253992
   0.03044528 -0.15901138  0.00301334 -0.03075315  0.02835564 -0.00291585]], Action: [[ 1.         -0.2229782   1.          1.          0.68041754  1.        ]], Reward: [1.3094305],Reward_sum: 63.63629913330078, Done: [False]
==========
t: 55, State: [[ 0.07245845  1.20529688  0.10004543  0.03381336 -0.0269      0.82214971
   0.01449541  0.00729284  0.82017932  0.3323981  -0.02738295  0.23797669
   0.03010318 -0.15396962  0.00300383 -0.03047717  0.03148954 -0.0029111 ]], Action: [[ 1.         -0.22780463  1.          1.          0.70508695  1.        ]], Reward: [1.3216345],Reward_sum: 64.95793151855469, Done: [False]
==========
t: 56, State: [[ 0.07516849  1.20507061  0.102002    0.03405493 -0.02811263  0.82217396
   0.0142505   0.00756428  0.82015574  0.34513033 -0.02919724  0.25111197
   0.02973278 -0.14828715  0.0029769  -0.03016699  0.03494063 -0.00289337]], Action: [[ 1.         -0.23253444  1.          1.          0.73179334  1.        ]], Reward: [1.3341662],Reward_sum: 66.29209899902344, Done: [False]
==========
t: 57, State: [[ 0.07798185  1.20482938  0.10406623  0.03429335 -0.02927656  0.82219792
   0.01400825  0.00786531  0.82013235  0.35820776 -0.03112187  0.26482677
   0.02931323 -0.14189707  0.00293691 -0.02979865  0.0387554  -0.0028568 ]], Action: [[ 1.         -0.23714194  1.          1.          0.76067233  1.        ]], Reward: [1.3470346],Reward_sum: 67.6391372680664, Done: [False]
==========
t: 58, State: [[ 0.08090132  1.20457229  0.10624283  0.03452813 -0.03038584  0.82222149
   0.01376922  0.00819894  0.82010931  0.37163843 -0.03316392  0.27913692
   0.02882232 -0.13474031  0.00288608 -0.02934891  0.0429525  -0.00280051]], Action: [[ 1.         -0.24159983  1.          1.          0.79184055  1.        ]], Reward: [1.360248],Reward_sum: 68.99938201904297, Done: [False]
==========
t: 59, State: [[ 0.08392975  1.20429835  0.10853664  0.03475861 -0.03143408  0.82224459
   0.01353415  0.00856826  0.82008677  0.3854286  -0.03533063  0.29405091
   0.02823843 -0.12677149  0.00282545 -0.02879599  0.04752998 -0.00272512]], Action: [[ 1.         -0.24587962  1.          1.          0.8253867   1.        ]], Reward: [1.3738128],Reward_sum: 70.3731918334961, Done: [False]
==========
t: 60, State: [[ 0.08707005  1.20400656  0.1109525   0.03498394 -0.03241463  0.82226714
   0.01330397  0.00897624  0.82006488  0.39958194 -0.03762948  0.30956738
   0.02754095 -0.11796355  0.00275551 -0.02811916  0.05246464 -0.00263118]], Action: [[ 1.         -0.24995074  1.          1.          0.8613477   1.        ]], Reward: [1.3877332],Reward_sum: 71.76092529296875, Done: [False]
==========
t: 61, State: [[ 0.09032513  1.2036958   0.11349517  0.03520313 -0.03332072  0.82228906
   0.01307974  0.00942556  0.82004379  0.41409835 -0.04006826  0.3256711
   0.02671152 -0.10831678  0.00267668 -0.02729953  0.05770888 -0.0025188 ]], Action: [[ 1.         -0.25378332  1.          1.          0.8996904   1.        ]], Reward: [1.4020107],Reward_sum: 73.16293334960938, Done: [False]
==========
t: 62, State: [[ 0.09369787  1.20336495  0.11616924  0.03541506 -0.03414577  0.82231029
   0.01286269  0.00991836  0.82002364  0.42897234 -0.04265494  0.34232757
   0.02573581 -0.09787124  0.00258981 -0.02632157  0.06318548 -0.00238766]], Action: [[ 1.         -0.25735143  1.          1.          0.9402894   1.        ]], Reward: [1.4166417],Reward_sum: 74.57957458496094, Done: [False]
==========
t: 63, State: [[ 0.09719107  1.20301277  0.11897888  0.0356185  -0.03488374  0.82233076
   0.01265415  0.010456    0.82000461  0.44419104 -0.04539751  0.35947572
   0.02460668 -0.08672495  0.00249672 -0.02517604  0.06878129 -0.00223733]], Action: [[ 1.        -0.2606388  1.         1.         0.9829031  1.       ]], Reward: [1.4316164],Reward_sum: 76.01119995117188, Done: [False]
==========
t: 64, State: [[ 0.10080379  1.2026383   0.12191493  0.03581003 -0.0355468   0.82235085
   0.01245936  0.01100881  0.81998803  0.45891128 -0.04823247  0.37412545
   0.02288068 -0.07905587  0.0024844  -0.02309642  0.06777415 -0.00183686]], Action: [[ 1.         -0.26364323  1.          1.          1.          1.        ]], Reward: [1.446521],Reward_sum: 77.45771789550781, Done: [False]
==========
t: 65, State: [[ 0.10453043  1.20224093  0.12495151  0.03598769 -0.03617801  0.82237162
   0.01228269  0.01152049  0.81997538  0.47277278 -0.05113507  0.38495332
   0.02123596 -0.07835746  0.0026298  -0.02085097  0.05953029 -0.00132319]], Action: [[ 1.         -0.26761803  1.          1.          1.          1.        ]], Reward: [1.4607583],Reward_sum: 78.9184799194336, Done: [False]
==========
t: 66, State: [[ 1.08365768e-01  1.20181994e+00  1.28063587e-01  3.61554368e-02
  -3.68300195e-02  8.22393982e-01  1.21204674e-02  1.19530680e-02
   8.19966279e-01  4.86164600e-01 -5.41417373e-02  3.93272745e-01
   2.03998510e-02 -8.37966756e-02  2.85515441e-03 -1.95291701e-02
   4.85600467e-02 -9.73842863e-04]], Action: [[ 1.        -0.2724661  1.         1.         1.         1.       ]], Reward: [1.4743426],Reward_sum: 80.392822265625, Done: [False]
==========
t: 67, State: [[ 1.12307861e-01  1.20137435e+00  1.31237379e-01  3.63191512e-02
  -3.75403289e-02  8.22417954e-01  1.19650818e-02  1.22958472e-02
   8.19959109e-01  4.99514401e-01 -5.72904483e-02  4.00564228e-01
   2.02129802e-02 -9.26004192e-02  3.02250203e-03 -1.91309341e-02
   3.73614644e-02 -8.38056290e-04]], Action: [[ 1.         -0.27711722  1.          1.          1.          1.        ]], Reward: [1.4876848],Reward_sum: 81.88050842285156, Done: [False]
==========
t: 68, State: [[ 1.16357857e-01  1.20090289e+00  1.34469855e-01  3.64824468e-02
  -3.83242500e-02  8.22442688e-01  1.18106059e-02  1.25527569e-02
   8.19952332e-01  5.13167123e-01 -6.06151743e-02  4.08041926e-01
   2.02937814e-02 -1.02037367e-01  3.05448285e-03 -1.92797235e-02
   2.72126946e-02 -8.65492508e-04]], Action: [[ 1.       -0.281149  1.        1.        1.        1.      ]], Reward: [1.5011704],Reward_sum: 83.38167572021484, Done: [False]
==========
t: 69, State: [[ 1.20519139e-01  1.20040403e+00  1.37765931e-01  3.66461412e-02
  -3.91787196e-02  8.22467046e-01  1.16542730e-02  1.27347315e-02
   8.19944945e-01  5.27344210e-01 -6.41426901e-02  4.16496586e-01
   2.03276156e-02 -1.10216740e-01  2.94644802e-03 -1.95820975e-02
   1.86567684e-02 -9.79638253e-04]], Action: [[ 1.         -0.28451654  1.          1.          1.          1.        ]], Reward: [1.5150794],Reward_sum: 84.8967514038086, Done: [False]
==========
t: 70, State: [[ 1.24796369e-01  1.19987606e+00  1.41135111e-01  3.68091598e-02
  -4.00896386e-02  8.22490069e-01  1.14959802e-02  1.28551572e-02
   8.19936536e-01  5.42148341e-01 -6.78918697e-02  4.26301998e-01
   2.01479442e-02 -1.16223482e-01  2.73906532e-03 -1.97667690e-02
   1.18096961e-02 -1.11004538e-03]], Action: [[ 1.       -0.287356  1.        1.        1.        1.      ]], Reward: [1.529571],Reward_sum: 86.42632293701172, Done: [False]
==========
t: 71, State: [[ 1.29194528e-01  1.19931727e+00  1.44588181e-01  3.69694739e-02
  -4.10390529e-02  8.22511110e-01  1.13374460e-02  1.29275614e-02
   8.19927435e-01  5.57556816e-01 -7.18438348e-02  4.37403684e-01
   1.96719844e-02 -1.19986325e-01  2.46190815e-03 -1.96421026e-02
   6.62093933e-03 -1.13739919e-03]], Action: [[ 1.        -0.2898207  1.         1.         1.         1.       ]], Reward: [1.544686],Reward_sum: 87.97100830078125, Done: [False]
==========
t: 72, State: [[ 1.33718296e-01  1.19872600e+00  1.48134960e-01  3.71247953e-02
  -4.20101435e-02  8.22529802e-01  1.11812904e-02  1.29642718e-02
   8.19918462e-01  5.73542017e-01 -7.60182231e-02  4.49695915e-01
   1.89319950e-02 -1.21766021e-01  2.16588593e-03 -1.91976176e-02
   2.82590138e-03 -1.09131786e-03]], Action: [[ 1.         -0.29202613  1.          1.          1.          1.        ]], Reward: [1.5603857],Reward_sum: 89.5313949584961, Done: [False]
==========
t: 73, State: [[ 1.38372283e-01  1.19810051e+00  1.51784645e-01  3.72733423e-02
  -4.29896899e-02  8.22546036e-01  1.10297796e-02  1.29751822e-02
   8.19909939e-01  5.90104516e-01 -8.03936514e-02  4.63091376e-01
   1.80108675e-02 -1.22294288e-01  1.85348700e-03 -1.85090694e-02
   1.17743314e-04 -1.03094518e-03]], Action: [[ 1.         -0.29399082  1.          1.          1.          1.        ]], Reward: [1.576662],Reward_sum: 91.1080551147461, Done: [False]
==========
t: 74, State: [[ 0.143161    1.19743919  0.15554569  0.03741365 -0.0439689   0.82255973
   0.01088491  0.01296822  0.81989494  0.60721604 -0.08498813  0.4774994
   0.01689715 -0.12175747  0.00154538 -0.01756182 -0.00169232 -0.00248777]], Action: [[ 1.         -0.29562423  1.          1.          1.          0.99678993]], Reward: [1.5935092],Reward_sum: 92.7015609741211, Done: [False]
==========
t: 75, State: [[ 0.14808831  1.19674019  0.15942539  0.0375432  -0.04493738  0.8225708
   0.01074985  0.012951    0.819822    0.62475008 -0.08982661  0.49271699
   0.01537292 -0.11977811  0.00121825 -0.01611252 -0.00255172 -0.01402302]], Action: [[ 1.         -0.29649994  1.          1.          1.          0.9734973 ]], Reward: [1.6108776],Reward_sum: 94.31243896484375, Done: [False]
==========
t: 76, State: [[ 1.53159156e-01  1.19600107e+00  1.63435296e-01  3.76545380e-02
  -4.58660803e-02  8.22578413e-01  1.06318914e-02  1.29311386e-02
   8.19632233e-01  6.43073228e-01 -9.50215166e-02  5.09927729e-01
   1.24949825e-02 -1.12352244e-01  7.22752896e-04 -1.34040832e-02
  -2.44756900e-03 -3.06512769e-02]], Action: [[ 1.         -0.29451945  1.          1.          1.          0.94646776]], Reward: [1.6288732],Reward_sum: 95.94131469726562, Done: [False]
==========
t: 77, State: [[ 1.58379385e-01  1.19521893e+00  1.67589266e-01  3.77394032e-02
  -4.67204009e-02  8.22581907e-01  1.05390999e-02  1.29147214e-02
   8.19301801e-01  6.62071285e-01 -1.00581222e-01  5.28626621e-01
   8.87105257e-03 -1.01602162e-01  2.13281322e-04 -9.92001389e-03
  -1.75499405e-03 -4.85622086e-02]], Action: [[ 1.        -0.2921897  1.         1.         1.         0.9178407]], Reward: [1.6476009],Reward_sum: 97.58891296386719, Done: [False]
==========
t: 78, State: [[ 1.63753651e-01  1.19439089e+00  1.71896107e-01  3.77949862e-02
  -4.74855057e-02  8.22581743e-01  1.04749011e-02  1.29048261e-02
   8.18834442e-01  6.81567071e-01 -1.06495499e-01  5.48081332e-01
   5.23082991e-03 -9.02659507e-02 -1.89570482e-04 -6.31424120e-03
  -8.48365621e-04 -6.46694089e-02]], Action: [[ 1.        -0.2902654  1.         1.         1.         0.8901776]], Reward: [1.6669065],Reward_sum: 99.25582122802734, Done: [False]
==========
t: 79, State: [[ 1.69285356e-01  1.19351414e+00  1.76359430e-01  3.78234187e-02
  -4.81654376e-02  8.22578997e-01  1.04380570e-02  1.29019880e-02
   8.18254472e-01  7.01424789e-01 -1.12759304e-01  5.67722261e-01
   2.09085858e-03 -8.03563786e-02 -4.44069176e-04 -3.09989591e-03
   5.45583542e-06 -7.68544552e-02]], Action: [[ 1.        -0.288941   1.         1.         1.         0.8653748]], Reward: [1.6866308],Reward_sum: 100.94245910644531, Done: [False]
==========
t: 80, State: [[ 1.74977128e-01  1.19258587e+00  1.80979509e-01  3.78296948e-02
  -4.87756482e-02  8.22574778e-01  1.04242787e-02  1.29051957e-02
   8.17598313e-01  7.21581743e-01 -1.19379407e-01  5.87270351e-01
  -3.28882494e-04 -7.27840428e-02 -5.73418226e-04 -5.38356862e-04
   6.76513749e-04 -8.41041504e-02]], Action: [[ 1.         -0.28808817  1.          1.          1.          0.8443972 ]], Reward: [1.7066754],Reward_sum: 102.64913177490234, Done: [False]
==========
t: 81, State: [[ 1.80831376e-01  1.19160314e+00  1.85755554e-01  3.78194615e-02
  -4.93346304e-02  8.22569848e-01  1.04282203e-02  1.29129124e-02
   8.16906153e-01  7.42043170e-01 -1.26373270e-01  6.06721590e-01
  -2.06406204e-03 -6.74729298e-02 -6.34865247e-04  1.35212166e-03
   1.15284090e-03 -8.63768631e-02]], Action: [[ 1.         -0.2874255   1.          1.          1.          0.82744884]], Reward: [1.7270137],Reward_sum: 104.37614440917969, Done: [False]
==========
t: 82, State: [[ 1.86850736e-01  1.19056287e+00  1.90687503e-01  3.77974145e-02
  -4.98576304e-02  8.22564482e-01  1.04450936e-02  1.29238268e-02
   8.16215513e-01  7.62856704e-01 -1.33764610e-01  6.26249356e-01
  -3.30200761e-03 -6.37405764e-02 -6.89058833e-04  2.71625088e-03
   1.49491044e-03 -8.42860801e-02]], Action: [[ 1.        -0.2866682  1.         1.         1.         0.8142984]], Reward: [1.7476747],Reward_sum: 106.12381744384766, Done: [False]
==========
t: 83, State: [[ 1.93038288e-01  1.18946179e+00  1.95776988e-01  3.77665284e-02
  -5.03534802e-02  8.22558530e-01  1.04715798e-02  1.29372349e-02
   8.15557506e-01  7.84084695e-01 -1.41579142e-01  6.46095409e-01
  -4.27859241e-03 -6.06925380e-02 -7.81007502e-04  3.76850484e-03
   1.78971672e-03 -7.87597947e-02]], Action: [[ 1.        -0.2856026  1.         1.         1.         0.804548 ]], Reward: [1.7687151],Reward_sum: 107.89253234863281, Done: [False]
==========
t: 84, State: [[ 1.99397597e-01  1.18829639e+00  2.01027547e-01  3.77279600e-02
  -5.08240449e-02  8.22551573e-01  1.05060937e-02  1.29531165e-02
   8.14955475e-01  8.05785199e-01 -1.49842147e-01  6.66492736e-01
  -5.21085495e-03 -5.74878466e-02 -9.34594624e-04  4.72404173e-03
   2.11975703e-03 -7.07804453e-02]], Action: [[ 1.        -0.2840918  1.         1.         1.         0.7977835]], Reward: [1.7901964],Reward_sum: 109.68273162841797, Done: [False]
==========
t: 85, State: [[ 2.05932635e-01  1.18706299e+00  2.06444388e-01  3.76813340e-02
  -5.12652011e-02  8.22543080e-01  1.05486252e-02  1.29720335e-02
   8.14425244e-01  8.28002706e-01 -1.58577722e-01  6.87626200e-01
  -6.26618479e-03 -5.34654947e-02 -1.15576728e-03  5.76090112e-03
   2.54815211e-03 -6.12331346e-02]], Action: [[ 1.         -0.28205547  1.          1.          1.          0.7936306 ]], Reward: [1.8121704],Reward_sum: 111.49490356445312, Done: [False]
==========
t: 86, State: [[ 0.21264766  1.18575771  0.21203393  0.03762519 -0.05166848  0.82253253
   0.01060037  0.01299495  0.81397619  0.85076457 -0.16780875  0.70961667
  -0.0075527  -0.04818916 -0.00143834  0.00700354  0.00311387 -0.0508451 ]], Action: [[ 1.         -0.27945575  1.          1.          1.          0.79175794]], Reward: [1.834673],Reward_sum: 113.32957458496094, Done: [False]
==========
t: 87, State: [[ 0.21954707  1.18437652  0.21780328  0.03755744 -0.05202293  0.82251947
   0.01066327  0.01302305  0.8136125   0.87407958 -0.17755688  0.73251518
  -0.00911832 -0.04145886 -0.00176905  0.00851736  0.00383153 -0.04019061]], Action: [[ 1.         -0.27629486  1.          1.          1.          0.791844  ]], Reward: [1.8577226],Reward_sum: 115.18730163574219, Done: [False]
==========
t: 88, State: [[ 0.22663524  1.18291518  0.22375961  0.03747589 -0.05231701  0.8225036
   0.01073953  0.01305751  0.8133342   0.89793713 -0.18784216  0.75630057
  -0.01095281 -0.03331198 -0.00213095  0.0103084   0.00469275 -0.02973584]], Action: [[ 1.         -0.27261862  1.          1.          1.          0.79352236]], Reward: [1.8813181],Reward_sum: 117.06861877441406, Done: [False]
==========
t: 89, State: [[ 0.2339164   1.18136934  0.22990966  0.03737865 -0.05254047  0.82248475
   0.0108312   0.01309938  0.81313773  0.92230743 -0.19868267  0.78088167
  -0.01299375 -0.02400896 -0.00250593  0.01232794  0.00566888 -0.01990374]], Action: [[ 1.         -0.26851532  1.          1.          1.          0.7963134 ]], Reward: [1.905439],Reward_sum: 118.97406005859375, Done: [False]
==========
t: 90, State: [[ 0.24139446  1.17973449  0.23625916  0.03726449 -0.05268591  0.82246289
   0.01093971  0.01314941  0.81301603  0.94714425 -0.21009442  0.80610857
  -0.01513936 -0.0139894  -0.00287715  0.01448396  0.0067158  -0.01113542]], Action: [[ 1.         -0.2641028   1.          1.          1.          0.79956734]], Reward: [1.9300478],Reward_sum: 120.90410614013672, Done: [False]
==========
t: 91, State: [[ 0.2490729   1.17800601  0.24281249  0.0371331  -0.05274991  0.8224381
   0.01106568  0.01320795  0.81295821  0.97239109 -0.22209192  0.83179599
  -0.01726938 -0.00378984 -0.00323174  0.01666065  0.00778153 -0.00392724]], Action: [[ 1.        -0.2595035  1.         1.         1.         0.8024403]], Reward: [1.9550934],Reward_sum: 122.85919952392578, Done: [False]
==========
t: 92, State: [[ 0.25695475  1.17617916  0.24957253  0.03698509 -0.05273331  0.82241057
   0.01120879  0.01327495  0.81294914  0.99788062 -0.23539364  0.85732902
  -0.0188177  -0.00479332 -0.00496636  0.01827714  0.0087668   0.0014555 ]], Action: [[ 1.         -0.25481412  1.          1.          1.          0.8039274 ]], Reward: [1.9805201],Reward_sum: 124.8397216796875, Done: [False]
==========
t: 93, State: [[ 0.26503788  1.17418402  0.2565151   0.03685208 -0.05366331  0.82226935
   0.01133438  0.01334753  0.81299685  1.02323047 -0.262485    0.87844632
  -0.01445155 -0.2273195  -0.02721035  0.01323837  0.00910205  0.00941546]], Action: [[ 1.         -0.24574307  1.          1.          1.          0.8051981 ]], Reward: [2.005683],Reward_sum: 126.84540557861328, Done: [False]
==========
t: 94, State: [[ 0.27338701  1.17197543  0.26386617  0.03655021 -0.05512667  0.8220179
   0.01159737  0.01348892  0.81313988  1.06317995 -0.28864186  0.95547818
  -0.05655683 -0.15460164 -0.03392109  0.04967769  0.02501365  0.02434817]], Action: [[ 1.         -0.14725927  1.          1.          1.          0.8245151 ]], Reward: [2.0389397],Reward_sum: 128.88433837890625, Done: [False]
==========
t: 95, State: [[ 0.28203179  1.16958096  0.27172561  0.0360253  -0.05647663  0.82174548
   0.01207048  0.01372197  0.81338947  1.097487   -0.30925444  1.00673193
  -0.07219847 -0.19281049 -0.03339239  0.06660171  0.03238726  0.03603398]], Action: [[ 1.         -0.15695018  1.          1.          1.          0.8374958 ]], Reward: [2.075871],Reward_sum: 130.96022033691406, Done: [False]
==========
t: 96, State: [[ 0.29095723  1.16703213  0.28001314  0.03535922 -0.05793671  0.82149364
   0.01269387  0.0140201   0.81364536  1.13315099 -0.32738839  1.06189989
  -0.09126842 -0.18444639 -0.02923793  0.08676379  0.04104299  0.02843185]], Action: [[ 1.         -0.12426525  1.          1.          1.          0.8143486 ]], Reward: [2.111002],Reward_sum: 133.07122802734375, Done: [False]
==========
t: 97, State: [[ 0.3001622   1.164348    0.28871508  0.0345631  -0.05934644  0.82128126
   0.0134604   0.01437999  0.81376257  1.16738405 -0.34326981  1.11045038
  -0.10493704 -0.17958183 -0.02379417  0.1024113   0.04777678  0.00397217]], Action: [[ 1.         -0.10444155  1.          1.          1.          0.7732166 ]], Reward: [2.146012],Reward_sum: 135.2172393798828, Done: [False]
==========
t: 98, State: [[ 0.30964002  1.16154131  0.29780131  0.03365698 -0.0606098   0.82111387
   0.01435105  0.01479302  0.81362283  1.201292   -0.35816103  1.15778513
  -0.11854098 -0.14868612 -0.01811479  0.11759969  0.05420601 -0.03331671]], Action: [[ 1.         -0.07582596  1.          1.          1.          0.7156851 ]], Reward: [2.18021],Reward_sum: 137.39744567871094, Done: [False]
==========
t: 99, State: [[ 0.31938523  1.15861746  0.30725292  0.03265046 -0.06156288  0.82099077
   0.01535431  0.01525302  0.81316512  1.23420795 -0.3726741   1.20177958
  -0.13000664 -0.10211293 -0.01278707  0.13050819  0.05948962 -0.07406113]], Action: [[ 1.         -0.0493798   1.          1.          1.          0.65505874]], Reward: [2.2137198],Reward_sum: 139.6111602783203, Done: [False]
==========
t: 100, State: [[ 0.32938993  1.15557669  0.3170452   0.03155952 -0.0620717   0.820908
   0.01645234  0.01575086  0.81239617  1.26614263 -0.38746439  1.24294833
  -0.13961794 -0.03769688 -0.00805553  0.14126914  0.06367395 -0.1106737 ]], Action: [[ 1.         -0.02218935  1.          1.          1.          0.59737706]], Reward: [2.24623],Reward_sum: 141.85739135742188, Done: [False]
==========
t: 101, State: [[ 0.33964579  1.15241483  0.32715504  0.03040055 -0.06200037  0.82086039
   0.01762652  0.01627723  0.81137658  1.29699187 -0.40299528  1.28120469
  -0.1470467   0.04305728 -0.00400659  0.14958254  0.06667418 -0.13722507]], Action: [[1.        0.0044373 1.        1.        1.        0.5487384]], Reward: [2.2776818],Reward_sum: 144.13507080078125, Done: [False]
==========
t: 102, State: [[ 3.50148627e-01  1.14912303e+00  3.37545438e-01  2.90912478e-02
  -6.10623814e-02  8.20840796e-01  1.88389132e-02  1.68168992e-02
   8.10202637e-01  1.32785481e+00 -4.19966224e-01  1.31410853e+00
  -1.74336295e-01  1.75693338e-01 -9.54043379e-04  1.51896060e-01
   6.73713044e-02 -1.50509751e-01]], Action: [[0.92411757 0.03063723 1.         1.         1.         0.512532  ]], Reward: [2.3087366],Reward_sum: 146.4438018798828, Done: [False]
==========
t: 103, State: [[ 3.60890141e-01  1.14569170e+00  3.48136638e-01  2.75063085e-02
  -5.90589126e-02  8.20840943e-01  2.00135527e-02  1.73390545e-02
   8.08993869e-01  1.35682147e+00 -4.37936575e-01  1.33324938e+00
  -2.13410819e-01  3.08436854e-01  1.01783183e-03  1.41871414e-01
   6.29474967e-02 -1.47946912e-01]], Action: [[0.7987416  0.03675166 1.         1.         1.         0.495071  ]], Reward: [2.3388047],Reward_sum: 148.78260803222656, Done: [False]
==========
t: 104, State: [[ 0.37184834  1.14211509  0.35882644  0.02567881 -0.0562698   0.82085395
   0.02106695  0.017807    0.80785666  1.3823096  -0.4563702   1.33991499
  -0.23581803  0.37603806  0.00225867  0.12248508  0.05425642 -0.13435721]], Action: [[0.70875835 0.02759233 1.         1.         1.         0.487293  ]], Reward: [2.366034],Reward_sum: 151.1486358642578, Done: [False]
==========
t: 105, State: [[ 0.382998    1.1383891   0.36955025  0.02379955 -0.05325261  0.82087536
   0.02195715  0.0182004   0.80683623  1.40493449 -0.47535115  1.34187633
  -0.22933506  0.37128109  0.00307211  0.10095812  0.04437486 -0.11935737]], Action: [[0.67668784 0.01808909 1.         1.         1.         0.47543466]], Reward: [2.390023],Reward_sum: 153.53866577148438, Done: [False]
==========
t: 106, State: [[ 0.39432548  1.13450668  0.38030568  0.02205469 -0.05038836  0.82090221
   0.02269353  0.0185226   0.80589825  1.42686821 -0.4955121   1.34737109
  -0.20469443  0.34148645  0.00359005  0.08346659  0.03627069 -0.11290839]], Action: [[0.67412424 0.01934233 1.         1.         1.         0.44745564]], Reward: [2.4122808],Reward_sum: 155.95094299316406, Done: [False]
==========
t: 107, State: [[ 0.4058388   1.13045336  0.39115881  0.02048239 -0.04752142  0.82093253
   0.02333242  0.01879931  0.8049581   1.45124911 -0.5180332   1.36551444
  -0.18620804  0.37033673  0.00397533  0.07591537  0.03268849 -0.118317  ]], Action: [[0.66027737 0.04114541 1.         1.         1.         0.40331757]], Reward: [2.4355643],Reward_sum: 158.38650512695312, Done: [False]
==========
t: 108, State: [[ 0.41757309  1.12620232  0.40225984  0.01891941 -0.04375488  0.82096663
   0.02398324  0.01907851  0.80399237  1.48162151 -0.54473654  1.40799861
  -0.19928227  0.55783741  0.00461451  0.08558039  0.03651489 -0.119637  ]], Action: [[0.60666203 0.09352157 1.         1.         1.         0.37599254]], Reward: [2.463268],Reward_sum: 160.8497772216797, Done: [False]
==========
t: 109, State: [[ 0.4296037   1.12170474  0.4139335   0.01699589 -0.03706466  0.82101089
   0.02488359  0.01944521  0.80314629  1.52411101 -0.57913336  1.50482073
  -0.2699974   1.08150465  0.0065691   0.13552224  0.05399952 -0.09222534]], Action: [[0.5270201  0.21734768 1.         1.         0.9880065  0.39958888]], Reward: [2.5003653],Reward_sum: 163.3501434326172, Done: [False]
==========
t: 110, State: [[ 0.44195519  1.11693907  0.42640424  0.01429965 -0.02486829  0.82108741
   0.02651349  0.01939249  0.80246093  1.56311189 -0.61250567  1.60115277
  -0.41779746  1.96714055  0.01167097  0.25140836 -0.05225211 -0.07862315]], Action: [[0.6947286  0.4325028  1.         0.9516682  0.35142368 0.35352457]], Reward: [2.5411122],Reward_sum: 165.89125061035156, Done: [False]
==========
t: 111, State: [[ 0.45416838  1.1121316   0.4376611   0.01200482 -0.01406238  0.82121512
   0.02751215  0.01796898  0.80160149  1.49706256 -0.59294126  1.2407897
  -0.17000626  0.81536874  0.01816196  0.01111327 -0.27828912 -0.12894997]], Action: [[ 1.          0.04702058  1.          0.28186375 -0.29255107  0.22126947]], Reward: [2.5244331],Reward_sum: 168.41567993164062, Done: [False]
==========
t: 112, State: [[ 0.46640793  1.1071722   0.44860787  0.01089963 -0.00487805  0.82133607
   0.02800362  0.01667453  0.8007607   1.55936159 -0.64537953  1.47712916
  -0.11376627  1.45749015  0.01271606  0.10333889 -0.06615463 -0.08322749]], Action: [[0.8434672  0.31074008 1.         1.         0.9000099  0.36408758]], Reward: [2.5261936],Reward_sum: 170.94187927246094, Done: [False]
==========
t: 113, State: [[ 0.47883486  1.10197012  0.45976856  0.00981622  0.0068782   0.82144736
   0.02838471  0.0155293   0.80002327  1.5334603  -0.64784272  1.26285851
  -0.05351189  1.07287246  0.0140731  -0.04795397 -0.22144788 -0.10117176]], Action: [[ 0.9525851   0.56818616  1.          0.36650756 -0.18133262  0.23953508]], Reward: [2.5509112],Reward_sum: 173.4927978515625, Done: [False]
==========
t: 114, State: [[ 0.49107763  1.09672438  0.46950451  0.01026834  0.01284176  0.82153307
   0.02756537  0.01380741  0.79923842  1.53050412 -0.66553481  1.18086636
   0.14503045  0.47943398  0.00718126 -0.14965332 -0.20883717 -0.09406798]], Action: [[0.97564316 0.58349764 1.         0.67272294 0.29596645 0.28105658]], Reward: [2.5274343],Reward_sum: 176.02023315429688, Done: [False]
==========
t: 115, State: [[ 5.03391211e-01  1.09128093e+00  4.78780367e-01  1.19077710e-02
   1.50974626e-02  8.21564797e-01  2.56163845e-02  1.30098995e-02
   7.98206802e-01  1.54931609e+00 -6.96281077e-01  1.14607779e+00
   2.52132730e-01  1.26191601e-01  7.32472047e-04 -3.16615179e-01
  -1.66296752e-02 -1.52480166e-01]], Action: [[1.         0.4089685  1.         0.36803243 1.         0.14698438]], Reward: [2.5358734],Reward_sum: 178.5561065673828, Done: [False]
==========
t: 116, State: [[ 0.51579534  1.08587038  0.48739344  0.01390542  0.01521015  0.82152612
   0.0225898   0.01358477  0.78476109  1.55273786 -0.65577639  1.01392022
   0.24335627 -0.0718883  -0.00943524 -0.4178064   0.13780691 -3.17666772]], Action: [[ 1.          0.36729777  1.          0.04250466  1.         -0.34586823]], Reward: [2.5472593],Reward_sum: 181.10336303710938, Done: [False]
==========
t: 117, State: [[ 0.52838845  1.08112113  0.49480174  0.01458292  0.01434465  0.82109581
   0.01920039  0.01452029  0.73653003  1.61056091 -0.53245215  0.89095664
  -0.07403039 -0.1576601  -0.10255733 -0.38301433  0.11002505 -8.86504093]], Action: [[ 1.          1.          1.         -0.6810055   0.07243523 -0.6633582 ]], Reward: [2.5702302],Reward_sum: 183.67359924316406, Done: [False]
==========
t: 118, State: [[ 0.54165145  1.0763396   0.50291901  0.01361002  0.01313219  0.82026317
   0.01644287  0.01529207  0.68186389  1.70138304 -0.66541935  1.13774763
  -0.14772305 -0.13583696 -0.09576273 -0.31337217  0.0795771  -4.84217146]], Action: [[ 1.          1.          1.         -0.34214196  0.7506747   0.38210416]], Reward: [2.6540475],Reward_sum: 186.32765197753906, Done: [False]
==========
t: 119, State: [[ 0.55543647  1.0713097   0.51186659  0.01207497  0.01207895  0.81958343
   0.01410522  0.01624094  0.62494274  1.73238316 -0.58930855  1.06906094
  -0.20914227 -0.10918144 -0.05775006 -0.27412995  0.14483852 -9.3316233 ]], Action: [[ 1.          1.          1.         -0.7320748   0.47723466 -0.5201964 ]], Reward: [2.719094],Reward_sum: 189.04673767089844, Done: [False]
==========
t: 120, State: [[ 0.56930433  1.06623402  0.52047183  0.01076037  0.01161026  0.81946133
   0.01191443  0.01697592  0.56059219  1.73625145 -0.68089103  1.08881448
  -0.11598024 -0.01487887  0.01723306 -0.27870759  0.04329339 -6.80365027]], Action: [[ 1.          1.          1.         -0.53192705  0.5851892   0.20549767]], Reward: [2.729814],Reward_sum: 191.77655029296875, Done: [False]
==========
t: 121, State: [[ 0.58319263  1.06089687  0.52870537  0.00995489  0.01161961  0.81969212
   0.0094623   0.01758986  0.49634057  1.73620757 -0.65419605  0.96787202
  -0.08686793  0.01364076  0.03738169 -0.34796962  0.09885504 -8.84327025]], Action: [[ 1.          1.          1.         -0.7419476   0.6746632  -0.29599953]], Reward: [2.731945],Reward_sum: 194.5084991455078, Done: [False]
==========
t: 122, State: [[ 0.59724491  1.05526224  0.53684146  0.00938669  0.01170675  0.8199049
   0.00580382  0.0179991   0.45122119  1.80291561 -0.75989247  1.16417321
  -0.07148549 -0.02153803 -0.01590748 -0.46293257  0.01607373 -3.02512813]], Action: [[ 1.          1.          1.         -0.6075501   0.60929215  0.03828312]], Reward: [2.7527921],Reward_sum: 197.26129150390625, Done: [False]
==========
t: 123, State: [[ 6.11993888e-01  1.04953966e+00  5.46570152e-01  8.59755607e-03
   1.12639748e-02  8.19520518e-01  1.66786682e-03  1.81361146e-02
   4.34538862e-01  1.87609876e+00 -6.69892494e-01  1.24736160e+00
  -1.12622506e-01 -7.07640397e-02 -6.08072684e-02 -5.73343569e-01
   1.85906063e-02 -1.36580737e+00]], Action: [[ 1.          1.          1.         -0.88854635  0.14345679 -1.        ]], Reward: [2.8388128],Reward_sum: 200.10009765625, Done: [False]
==========
t: 124, State: [[ 6.27046835e-01  1.04455381e+00  5.56284495e-01  8.19755817e-03
   1.05970950e-02  8.19274427e-01 -3.85951473e-03  1.88825926e-02
   4.26536723e-01  1.88572332e+00 -5.75296539e-01  1.17123392e+00
  -2.19193735e-04 -9.06626286e-02 -7.06290531e-03 -8.00453436e-01
   1.49633940e-01 -7.64002183e-01]], Action: [[ 1.          0.6207965   1.         -0.60268044  0.79842657 -1.        ]], Reward: [2.8772323],Reward_sum: 202.97732543945312, Done: [False]
==========
t: 125, State: [[ 0.64222263  1.04029519  0.56587243  0.00899328  0.00967477  0.81930164
  -0.010257    0.02029882  0.42068801  1.90682508 -0.48824683  1.20749132
   0.17400492 -0.13072796  0.01123506 -0.80912021  0.19489723 -0.76927429]], Action: [[ 1.          0.30463046  1.         -0.20346145  1.         -1.        ]], Reward: [2.8928404],Reward_sum: 205.8701629638672, Done: [False]
==========
t: 126, State: [[ 0.65753451  1.03676007  0.57532456  0.0106409   0.00859932  0.8194262
  -0.01699918  0.02190889  0.41337509  1.92063336 -0.39496821  1.14681072
   0.22585762 -0.13376098  0.0185017  -0.87945828  0.20213258 -1.09714851]], Action: [[ 1.          0.3091791   1.         -0.23446353  1.         -1.        ]], Reward: [2.9098346],Reward_sum: 208.77999877929688, Done: [False]
==========
t: 127, State: [[ 0.67294666  1.03398352  0.58410439  0.01246227  0.00756365  0.81958236
  -0.02437587  0.02347526  0.4026949   1.93238314 -0.29894624  1.04419151
   0.2238135  -0.12295878  0.01985614 -0.96496275  0.18686541 -1.59144928]], Action: [[ 1.          0.29696184  1.         -0.23998566  1.         -1.        ]], Reward: [2.9223726],Reward_sum: 211.70237731933594, Done: [False]
==========
t: 128, State: [[ 0.68845139  1.03198106  0.59195557  0.01413044  0.00667225  0.81973827
  -0.03247884  0.02488633  0.38771413  1.9440257  -0.20163659  0.91760519
   0.19193612 -0.09991973  0.0187932  -1.05892959  0.16460761 -2.16092198]], Action: [[ 1.          0.32175577  1.         -0.2618325   1.         -1.        ]], Reward: [2.9339197],Reward_sum: 214.63629150390625, Done: [False]
==========
t: 129, State: [[ 0.7040509   1.03076018  0.59872479  0.01547286  0.00599766  0.81988254
  -0.04136243  0.02612086  0.36805857  1.95619715 -0.10366964  0.77563662
   0.14536094 -0.07041963  0.0170909  -1.15837364  0.14312876 -2.75392335]], Action: [[ 1.          0.36711964  1.         -0.29804564  1.         -1.        ]], Reward: [2.9457145],Reward_sum: 217.58200073242188, Done: [False]
==========
t: 130, State: [[ 0.71974892  1.03032615  0.60431767  0.01645453  0.00545714  0.82001196
  -0.05103713  0.02718343  0.34366076  1.96884535 -0.00510737  0.62502859
   0.1023     -0.06388248  0.0151495  -1.25551624  0.12209654 -3.34339769]], Action: [[ 1.         0.3186223  1.        -0.3193873  1.        -1.       ]], Reward: [2.9580493],Reward_sum: 220.54005432128906, Done: [False]
==========
t: 131, State: [[ 0.73553735  1.03069134  0.60855929  0.01704301  0.00482302  0.82013064
  -0.06162672  0.02811974  0.3146025   1.97913386  0.09582716  0.4414953
   0.04938522 -0.08944639  0.0142822  -1.38255909  0.11069057 -3.91765966]], Action: [[ 1.         0.2079939  1.        -0.3944406  1.        -1.       ]], Reward: [2.969355],Reward_sum: 223.50941467285156, Done: [False]
==========
t: 132, State: [[ 7.51219364e-01  1.03202020e+00  6.10003731e-01  1.72993053e-02
   5.89451509e-04  8.20258852e-01 -7.45589009e-02  2.90028813e-02
   2.80952856e-01  1.94171851e+00  2.36060344e-01 -7.76297190e-02
   1.78533273e-02 -9.69152705e-01  1.69543157e-02 -1.84394234e+00
   1.07897439e-01 -4.49054153e+00]], Action: [[ 1.          0.04513314  1.         -0.49441117  1.         -1.        ]], Reward: [2.956005],Reward_sum: 226.46542358398438, Done: [False]
==========
t: 133, State: [[ 0.76666397  1.03443497  0.60797625  0.01805629 -0.0114415   0.82035527
  -0.09015058  0.02952827  0.24279044  1.91940022  0.36714339 -0.44057174
   0.15080398 -2.02480189  0.00770116 -2.07119022  0.03217352 -5.04643071]], Action: [[ 1.         -0.16509789  1.         -0.01746497  1.         -1.        ]], Reward: [2.9265487],Reward_sum: 229.3919677734375, Done: [False]
==========
t: 134, State: [[ 0.78260501  1.03737694  0.6073336   0.01916817 -0.01988026  0.81897938
  -0.10327879  0.02955854  0.20038202  2.06639209  0.36817406  0.27826973
   0.12647365 -0.0854543  -0.30538777 -1.21543044 -0.01788407 -5.55566706]], Action: [[ 1.          0.34405312  0.38992286  0.0914207   1.         -1.        ]], Reward: [2.9893503],Reward_sum: 232.38131713867188, Done: [False]
==========
t: 135, State: [[ 0.79882215  1.04097254  0.6059511   0.01929832 -0.02573647  0.81749444
  -0.11666952  0.02988879  0.15386229  1.98836364  0.53019993 -0.6065282
  -0.06854088 -1.3897448  -0.08957189 -2.10013428  0.08594329 -6.07168794]], Action: [[ 1.          0.0784193   1.         -0.83221895  1.         -1.        ]], Reward: [3.0224442],Reward_sum: 235.4037628173828, Done: [False]
==========
t: 136, State: [[ 0.81489451  1.04554058  0.60127284  0.01920563 -0.03675167  0.81653418
  -0.13260084  0.03029799  0.10318811  2.02996025  0.61165099 -0.57051986
   0.03193865 -1.35499041 -0.14065646 -1.89412495  0.02365415 -6.59902608]], Action: [[ 1.          0.05839583  0.7126318  -0.07648662  1.         -1.        ]], Reward: [3.0055285],Reward_sum: 238.40928649902344, Done: [False]
==========
t: 137, State: [[ 8.31294903e-01  1.05075704e+00  5.96656158e-01  1.95974519e-02
  -4.72948231e-02  8.15766031e-01 -1.47203941e-01  3.03793063e-02
   4.82640933e-02  2.07056794e+00  6.92423141e-01 -5.85593086e-01
   6.05499518e-02 -1.27569178e+00 -5.96506931e-02 -1.75869197e+00
  -7.23604804e-05 -7.13574001e+00]], Action: [[ 1.          0.07328185  0.893922   -0.11499385  1.         -1.        ]], Reward: [3.046231],Reward_sum: 241.4555206298828, Done: [False]
==========
t: 138, State: [[ 8.48039105e-01  1.05660981e+00  5.91930766e-01  2.00578807e-02
  -5.68068819e-02  8.15509451e-01 -1.60718337e-01  3.03548229e-02
  -1.10429427e-02  2.11591188e+00  7.70779853e-01 -5.95182605e-01
   5.36525145e-02 -1.10005116e+00 -1.02366366e-02 -1.61726529e+00
  -4.92232818e-03 -7.69636242e+00]], Action: [[ 1.          0.09823775  0.906937   -0.14617054  1.         -1.        ]], Reward: [3.0891716],Reward_sum: 244.54469299316406, Done: [False]
==========
t: 139, State: [[ 8.65172193e-01  1.06306910e+00  5.87208740e-01  2.02642191e-02
  -6.41040814e-02  8.15545813e-01 -1.73028899e-01  3.03825170e-02
  -7.49373890e-02  2.16778497e+00  8.44098110e-01 -5.81090612e-01
   3.69236475e-03 -7.26325805e-01  1.57649441e-02 -1.45115741e+00
   1.01882470e-02 -8.28451401e+00]], Action: [[ 1.          0.1746284   0.9092299  -0.25802568  1.         -1.        ]], Reward: [3.1377122],Reward_sum: 247.68240356445312, Done: [False]
==========
t: 140, State: [[ 0.88272928  1.07008905  0.58259127  0.0197383  -0.06719483  0.81579109
  -0.18407324  0.03067628 -0.14360968  2.22188381  0.91089374 -0.56224075
  -0.11738142 -0.05622865  0.04139941 -1.28891273  0.05660228 -8.89263214]], Action: [[ 1.          0.33936766  0.9314146  -0.5482104   1.         -1.        ]], Reward: [3.1903532],Reward_sum: 250.8727569580078, Done: [False]
==========
t: 141, State: [[ 0.90051436  1.07776651  0.57693533  0.01841498 -0.06790249  0.81633772
  -0.19492977  0.03133689 -0.21730107  2.22454248  1.00834827 -0.84219136
  -0.19832408 -0.12882946  0.08737586 -1.40578441  0.10095518 -9.54082185]], Action: [[ 1.          0.2861282   1.         -0.75650406  1.         -1.        ]], Reward: [3.21848],Reward_sum: 254.0912322998047, Done: [False]
==========
t: 142, State: [[  0.91848129   1.08612941   0.57026933   0.01682485  -0.06713239
    0.81684934  -0.20517666   0.03213119  -0.29653101   2.2671635
    1.08241385  -0.82188163  -0.19447678   0.3177308    0.04446435
   -1.1482523    0.09620433 -10.        ]], Action: [[ 1.          0.34414622  0.8964319  -0.6327174   1.         -1.        ]], Reward: [3.2415438],Reward_sum: 257.332763671875, Done: [False]
==========
t: 143, State: [[  0.93665868   1.09515878   0.56297654   0.01529823  -0.06466761
    0.8173423   -0.21410095   0.03291624  -0.38201702   2.27682717
    1.17500747  -0.99934652  -0.18349659   0.29583294   0.07328697
   -1.07351593   0.09802637 -10.        ]], Action: [[ 1.          0.29331425  1.         -0.7229483   1.         -1.        ]], Reward: [3.267565],Reward_sum: 260.600341796875, Done: [False]
==========
t: 144, State: [[  0.95502966   1.1048515    0.55510549   0.01390493  -0.06040791
    0.81794981  -0.22137131   0.03365564  -0.47466303   2.31532181
    1.24835628  -0.96806183  -0.16278676   0.76637864   0.07610879
   -0.73636104   0.08684902 -10.        ]], Action: [[ 1.          0.37288162  1.         -0.6823904   1.         -1.        ]], Reward: [3.2917676],Reward_sum: 263.8921203613281, Done: [False]
==========
t: 145, State: [[  0.97376245   1.11507729   0.54791323   0.01255227  -0.05087497
    0.81853547  -0.2253839    0.03435265  -0.57569398   2.36673691
    1.30817574  -0.82836336  -0.16955695   1.61045954   0.06912444
   -0.25428627   0.0864383  -10.        ]], Action: [[ 1.          0.47275397  1.         -0.7549797   1.         -1.        ]], Reward: [3.3368053],Reward_sum: 267.22894287109375, Done: [False]
==========
t: 146, State: [[  0.99318135   1.12555698   0.54376758   0.01047136  -0.02798865
    0.81796993  -0.22300664   0.03513494  -0.70344729   2.47959368
    1.31187975  -0.18074102  -0.28625651   4.06600602  -0.17663138
    0.99596942   0.11160394 -10.        ]], Action: [[ 1.          0.8229927   0.52513796 -0.87875724  1.         -1.        ]], Reward: [3.422637],Reward_sum: 270.65155029296875, Done: [False]
==========
t: 147, State: [[ 1.01308990e+00  1.13563718e+00  5.41135760e-01  1.67441898e-03
   1.78732238e-02  8.17227048e-01 -2.16025377e-01  3.56644894e-02
  -8.76944689e-01  2.43050673e+00  1.17392953e+00 -6.88955594e-01
  -1.37689686e+00  5.61057954e+00 -4.33977465e-03  1.99378822e-01
  -8.66434711e-02 -1.00000000e+01]], Action: [[ 1.  1.  1. -1.  1. -1.]], Reward: [3.4825695],Reward_sum: 274.1341552734375, Done: [False]
==========
t: 148, State: [[ 1.03197756e+00  1.14458129e+00  5.35059452e-01 -2.05685619e-03
   4.69117883e-02  8.17698479e-01 -2.17291021e-01  3.41170857e-02
  -9.55662014e-01  2.31999627e+00  1.05976946e+00 -6.60193958e-01
   4.73845119e-01  2.02001565e+00  1.03462488e-01 -3.07421213e-01
  -2.56088938e-01 -5.37338348e+00]], Action: [[ 1.          0.38441154  1.         -1.          1.         -1.        ]], Reward: [3.3558097],Reward_sum: 277.48992919921875, Done: [False]
==========
t: 149, State: [[ 1.05016169  1.15273482  0.52820413  0.00417696  0.05514531  0.81864968
  -0.22324075  0.03204839 -0.97597874  2.20437633  0.99381137 -1.3696565
   0.6149818   0.25746249  0.1249697  -1.51444409 -0.23991857 -0.31294062]], Action: [[ 1.         0.5451362  1.        -0.940539   1.        -1.       ]], Reward: [3.267835],Reward_sum: 280.7577819824219, Done: [False]
==========
t: 150, State: [[ 1.06721556  1.16070118  0.51384653  0.00999685  0.04547262  0.81951407
  -0.2386723   0.02947904 -0.96818537  2.0565945   0.99942084 -2.24819867
   0.7973978  -2.65468734  0.09184229 -2.37060899 -0.37081246  1.93385792]], Action: [[ 1.         -0.79135513  1.          0.6060007   1.         -1.        ]], Reward: [3.1267405],Reward_sum: 283.884521484375, Done: [False]
==========
t: 151, State: [[ 1.08419212  1.16819072  0.49927089  0.01632387  0.02968092  0.80234866
  -0.25350267  0.02621287 -0.94893698  2.180545    0.88150498 -1.45213601
   0.77322073 -1.40363431 -4.35373037 -1.39363459 -0.42518859  2.70936919]], Action: [[ 1.          0.70243716 -0.2647717   1.          1.         -1.        ]], Reward: [3.117506],Reward_sum: 287.00201416015625, Done: [False]
==========
t: 152, State: [[ 1.10164276  1.17469304  0.48712187  0.02104982  0.02103614  0.781118
  -0.265774    0.02346549 -0.92658598  2.17807865  0.73998836 -1.59778171
   0.43967469 -0.81028196 -0.30734946 -1.68009258 -0.27048133  2.79414651]], Action: [[ 1.          0.58772385  0.44414997  0.10655584  1.         -1.        ]], Reward: [3.1777754],Reward_sum: 290.1798095703125, Done: [False]
==========
t: 153, State: [[  1.11927549   1.18065609   0.47551997   0.02405717   0.01498216
    0.73717311  -0.2774761    0.02149688  -0.90528455   2.23058075
    0.75304328  -1.29847875   0.31849885  -0.67482738 -10.
   -1.23728322  -0.22151652   2.49931474]], Action: [[ 1.         -0.22632578 -0.7300629   0.35081676  1.         -1.        ]], Reward: [3.2003846],Reward_sum: 293.38018798828125, Done: [False]
==========
t: 154, State: [[ 1.13690061  1.18586875  0.46321856  0.0254203   0.01088756  0.69845183
  -0.29031035  0.02038802 -0.88665264  2.17756355  0.54782266 -1.75134425
   0.05218417 -0.37749325  0.89632129 -1.93484615 -0.07162148  2.1447183 ]], Action: [[ 1.          0.5860312   0.82947505 -0.25537091  0.9709282  -1.        ]], Reward: [3.1991],Reward_sum: 296.57928466796875, Done: [False]
==========
t: 155, State: [[ 1.15452055  1.19025456  0.45071243  0.02613621  0.00830844  0.67232266
  -0.30345332  0.01967073 -0.87128215  2.22580031  0.55036135 -1.39035888
   0.11701565 -0.27133999 -7.39530491 -1.37029098 -0.10156631  1.70520788]], Action: [[ 1.         -0.134963   -0.58797276  0.38243526  1.         -1.        ]], Reward: [3.1989827],Reward_sum: 299.77825927734375, Done: [False]
==========
t: 156, State: [[ 1.17207709e+00  1.19369880e+00  4.37471073e-01  2.60095810e-02
   7.02014962e-03  6.68388480e-01 -3.17707259e-01  1.92957263e-02
  -8.58944830e-01  2.16409706e+00  3.10408897e-01 -1.90241706e+00
  -1.16771519e-01 -7.29446462e-02  6.38025535e+00 -2.16675928e+00
  -4.19778799e-03  1.38152295e+00]], Action: [[ 1.          0.9138696   1.         -0.44798055  0.83799815 -1.        ]], Reward: [3.1898289],Reward_sum: 302.96807861328125, Done: [False]
==========
t: 157, State: [[ 1.18962195  1.19584323  0.42421708  0.02639504  0.00724275  0.71688602
  -0.332028    0.01879811 -0.849366    2.2185503   0.22752955 -1.45100374
   0.17511571  0.10595625  5.74702397 -1.46610367 -0.10512577  1.02818184]], Action: [[ 1.          0.58135617 -0.00474022  0.8232025   1.         -1.        ]], Reward: [3.189092],Reward_sum: 306.15716552734375, Done: [False]
==========
t: 158, State: [[ 1.20743445e+00  1.19721427e+00  4.13073300e-01  2.83101113e-02
   8.01233304e-03  7.76422865e-01 -3.42749094e-01  1.78487716e-02
  -8.42240742e-01  2.23259125e+00  1.17172344e-01 -1.35630382e+00
   2.84185719e-01  8.83423593e-02  9.13907154e+00 -1.24050275e+00
  -1.26450734e-01  7.64330500e-01]], Action: [[ 1.          0.26674357  0.2829119   0.77108884  1.         -1.        ]], Reward: [3.222817],Reward_sum: 309.3800048828125, Done: [False]
==========
t: 159, State: [[ 1.22549018  1.19805316  0.40356935  0.03076617  0.00897518  0.82870682
  -0.35039447  0.01673593 -0.83703806  2.28068586  0.09014891 -1.03042403
   0.31716663  0.14054889  4.05742065 -0.68930005 -0.14510308  0.54833091]], Action: [[ 1.          0.44458035  0.1909367   0.84757996  1.         -1.        ]], Reward: [3.2530131],Reward_sum: 312.63299560546875, Done: [False]
==========
t: 160, State: [[ 1.24380613  1.19859693  0.39566535  0.0330039   0.0095243   0.84912084
  -0.35507587  0.01572232 -0.83327351  2.29848394  0.0422334  -0.94606739
   0.24398111  0.01062413  1.33878766 -0.48466643 -0.1091431   0.4006978 ]], Action: [[ 1.         -0.00241753  0.61495364  0.6501971   1.         -1.        ]], Reward: [3.2856941],Reward_sum: 315.918701171875, Done: [False]
==========
t: 161, State: [[ 1.26122058  1.19914202  0.38220564  0.03462883 -0.00538462  0.85464727
  -0.3649228   0.01523171 -0.83047594  2.0533541   0.08979333 -2.42189386
   0.16748987 -3.74720014  0.17773209 -1.97746551 -0.02281717  0.30325995]], Action: [[ 1.         -0.80753267  1.          0.18418999  1.         -1.        ]], Reward: [3.1721196],Reward_sum: 319.0908203125, Done: [False]
==========
t: 162, State: [[ 1.27995732e+00  1.19904063e+00  3.76534233e-01  3.50367049e-02
  -4.18599402e-03  8.09144714e-01 -3.65643074e-01  1.47260810e-02
  -8.28496624e-01  2.63234500e+00 -1.12744959e-01  1.01750151e+00
  -3.94830817e-02  4.04379934e+00 -1.00000000e+01  1.80811299e+00
  -9.32619805e-02  1.98359179e-01]], Action: [[ 1.        1.       -0.748542  1.        1.       -1.      ]], Reward: [3.3365319],Reward_sum: 322.4273681640625, Done: [False]
==========
t: 163, State: [[ 1.30005977  1.19776045  0.37859745  0.03314402  0.0210429   0.75318316
  -0.35731807  0.01162159 -0.82636338  2.38265413 -0.20295542 -0.54771342
  -0.37520507  2.01736447 -2.26417622  0.23155696 -0.68401198  0.31271503]], Action: [[ 1.          0.62051606  0.63096595 -1.         -0.6535468  -0.81926286]], Reward: [3.508925],Reward_sum: 325.936279296875, Done: [False]
==========
t: 164, State: [[ 1.31783064e+00  1.19576006e+00  3.66105648e-01  3.13567319e-02
   1.81862471e-02  7.93197880e-01 -3.65341493e-01  8.47206706e-03
  -8.24388755e-01  2.06300084e+00 -2.87347080e-01 -2.54525315e+00
  -1.04562051e-01 -2.62275782e+00  1.00000000e+01 -2.16616302e+00
  -1.63836207e-01  1.89923414e-01]], Action: [[ 1.         -0.77015805  1.          0.01499682  1.         -1.        ]], Reward: [3.216766],Reward_sum: 329.1530456542969, Done: [False]
==========
t: 165, State: [[ 1.33512842e+00  1.19316974e+00  3.50943679e-01  3.14372293e-02
   4.57255120e-03  8.54559439e-01 -3.76570245e-01  7.62004675e-03
  -8.23402333e-01  2.24747563e+00 -3.60386904e-01 -1.34337754e+00
   1.05876123e-01 -9.55824349e-01  4.74612273e+00 -7.45425157e-01
  -5.85760037e-02  7.09930919e-02]], Action: [[ 1.         1.         0.7082408  1.         1.        -1.       ]], Reward: [3.1567209],Reward_sum: 332.30975341796875, Done: [False]
==========
t: 166, State: [[ 1.35351279e+00  1.19001001e+00  3.42728900e-01  3.26101648e-02
  -8.35735073e-05  8.77912300e-01 -3.79403404e-01  7.50272386e-03
  -8.23067931e-01  2.35122856e+00 -4.34397687e-01 -7.04527706e-01
   1.71008904e-01 -1.31380486e-01  1.45128437e+00  4.17889561e-02
   2.03183384e-02  1.95323573e-02]], Action: [[ 1.          0.29515097  1.          0.8444133   1.         -1.        ]], Reward: [3.293246],Reward_sum: 335.60302734375, Done: [False]
==========
t: 167, State: [[ 1.37150726  1.18662959  0.33232355  0.03379541 -0.01387274  0.88225606
  -0.38395732  0.00819064 -0.82294863  2.14543989 -0.41434573 -1.90426236
   0.12788745 -3.32332279 -0.16590426 -1.18186946  0.13498031  0.01205126]], Action: [[ 1.         -0.7002616   1.          0.20470558  1.         -1.        ]], Reward: [3.2447762],Reward_sum: 338.8477783203125, Done: [False]
==========
t: 168, State: [[ 1.39107904e+00  1.18275207e+00  3.31436558e-01  3.40119371e-02
  -9.06145795e-03  8.20163467e-01 -3.77495300e-01  8.93328615e-03
  -8.23018907e-01  2.74828259e+00 -5.53582006e-01  1.69562248e+00
  -5.08451134e-02  4.54972048e+00 -1.00000000e+01  2.80974151e+00
   5.77831953e-02 -2.51289333e-02]], Action: [[ 1.  1. -1.  1.  1. -1.]], Reward: [3.4404724],Reward_sum: 342.28826904296875, Done: [False]
==========
t: 169, State: [[ 1.41176949e+00  1.17836104e+00  3.38693352e-01  3.21703655e-02
   1.92244033e-02  7.16373358e-01 -3.56518563e-01 -1.84906587e-03
  -8.22382325e-01  2.41140577e+00 -5.37317122e-01  6.71306038e-02
  -3.53634116e-01  2.25914702e+00 -1.00000000e+01  2.39322459e+00
  -2.76086298e+00  1.57297907e-01]], Action: [[ 0.93270195  0.15628698  0.28300184 -1.         -1.         -0.8828223 ]], Reward: [3.582553],Reward_sum: 345.8708190917969, Done: [False]
==========
t: 170, State: [[ 1.43100315e+00  1.17340375e+00  3.36501431e-01  2.94969958e-02
   3.01735493e-02  6.41935527e-01 -3.44411621e-01 -2.66843426e-02
  -8.21876011e-01  2.40828013e+00 -7.08547026e-01 -5.47230225e-01
  -3.19249487e-01  6.50996295e-01 -8.02492258e+00  6.82082175e-01
  -3.36912517e+00 -3.69947278e-04]], Action: [[ 1.          0.01116064  0.11648346 -0.25956297  0.6569449  -0.19526835]], Reward: [3.402656],Reward_sum: 349.2734680175781, Done: [False]
==========
t: 171, State: [[ 1.45076619  1.16636134  0.33116827  0.02782797  0.03173396  0.63420833
  -0.34735998 -0.04803196 -0.82356605  2.53834215 -1.05535184 -0.76342223
  -0.12291411 -0.15991088  6.04295341 -1.45179542 -1.76291052 -0.3477704 ]], Action: [[ 1.         -0.05723345  1.          0.36863965  1.         -1.        ]], Reward: [3.4662414],Reward_sum: 352.7397155761719, Done: [False]
==========
t: 172, State: [[ 1.47169889  1.15709789  0.324831    0.02757227  0.02419569  0.72666779
  -0.36564745 -0.05544678 -0.82672011  2.71121916 -1.11195606 -0.81089291
   0.04896704 -3.07149137 10.         -2.89318999 -0.28996603 -0.43941839]], Action: [[ 1.          0.23358527  1.          0.54531825  1.         -1.        ]], Reward: [3.612235],Reward_sum: 356.3519287109375, Done: [False]
==========
t: 173, State: [[ 1.49511642e+00  1.14860028e+00  3.24840971e-01  2.84120627e-02
  -3.24993914e-03  8.35314802e-01 -3.83706139e-01 -5.67447921e-02
  -8.30111951e-01  3.16540145e+00 -1.01622951e+00  1.07105254e+00
   1.23994313e-01 -2.55383251e+00  1.00000000e+01 -1.30944526e+00
  -4.76759929e-02 -3.95686918e-01]], Action: [[ 1.         0.7012876  1.         1.         1.        -1.       ]], Reward: [3.921699],Reward_sum: 360.27362060546875, Done: [False]
==========
t: 174, State: [[ 1.52180525  1.14076446  0.33851674  0.02892995 -0.01748991  0.88898206
  -0.39408544 -0.04850571 -0.83292502  3.5092569  -0.96961351  2.3459464
   0.01522993 -0.924206    3.76516953 -1.47516613  2.69110325 -0.25191409]], Action: [[ 1.          0.35796008  0.68199253  0.44730023  1.         -1.        ]], Reward: [4.332311],Reward_sum: 364.60595703125, Done: [False]
==========
t: 175, State: [[ 1.55067619  1.13295556  0.35899151  0.0287415  -0.02334932  0.9034415
  -0.41330026 -0.00813764 -0.83422671  3.70021623 -0.99903239  2.76441906
  -0.05072374 -0.52672548  0.26830517 -3.34062257  7.39580202 -0.09106653]], Action: [[ 1.          0.01654175  0.26261288  0.18338442  1.         -1.        ]], Reward: [4.6057644],Reward_sum: 369.21173095703125, Done: [False]
==========
t: 176, State: [[ 1.57986805  1.1252316   0.38434145  0.02952613 -0.02197234  0.89818682
  -0.41953007  0.01916964 -0.83139389  3.60441401 -0.93095519  3.54612513
   0.20711504  0.9046754  -1.34928804  1.72209891 -0.51445517  0.76915173]], Action: [[ 1.          0.02058348  0.384566    0.8670574  -0.8808559  -0.23960067]], Reward: [4.646249],Reward_sum: 373.85797119140625, Done: [False]
==========
t: 177, State: [[ 1.60669791  1.11868775  0.40078844  0.03019394 -0.03851286  0.88651264
  -0.41817659  0.01536536 -0.82667609  3.10559382 -0.70378928  0.57798962
  -0.01301569 -5.06650231 -1.51100973 -1.37390809 -0.43492755  0.43902869]], Action: [[ 1.         -1.          0.91611004 -0.8824018  -0.2708861  -1.        ]], Reward: [4.349041],Reward_sum: 378.20703125, Done: [False]
==========
t: 178, State: [[  1.63190064   1.11390923   0.40792308   0.03122964  -0.07611419
    0.82870797  -0.42507571   0.01247996  -0.82324946   3.18761793
   -0.52209788   1.16084744   0.23383207  -4.60853702 -10.
   -0.42367221  -0.2890801    0.41672248]], Action: [[ 1.         -0.57424843 -1.          1.          1.         -0.49799335]], Reward: [4.1457634],Reward_sum: 382.352783203125, Done: [False]
==========
t: 179, State: [[  1.65671254   1.11048555   0.41351515   0.03339219  -0.12523315
    0.66420577  -0.43114672   0.01033646  -0.82105729   3.01578557
   -0.32721535   0.22896585   0.29272076  -7.42795126 -10.
   -1.1000742   -0.24669247   0.15762031]], Action: [[ 1.         -1.         -1.          0.56164515  0.51473296 -0.9666605 ]], Reward: [4.0969734],Reward_sum: 386.44976806640625, Done: [False]
==========
t: 180, State: [[ 1.68115059e+00  1.10840417e+00  4.17192063e-01  3.55819300e-02
  -1.76595944e-01  3.98400110e-01 -4.36962949e-01  8.92337323e-03
  -8.19813652e-01  3.09933730e+00 -1.89488871e-01  7.40434626e-01
   2.48481157e-01 -5.23646328e+00 -1.00000000e+01 -2.87255217e-01
  -1.19980847e-01  1.49807842e-01]], Action: [[ 1.         -0.43922332 -1.          0.8344925   1.         -0.6807387 ]], Reward: [4.0504026],Reward_sum: 390.50018310546875, Done: [False]
==========
t: 181, State: [[ 1.70545735e+00  1.10759140e+00  4.20780548e-01  3.71028140e-02
  -2.20746293e-01  2.23265689e-01 -4.40764118e-01  8.39248094e-03
  -8.19312993e-01  2.97438228e+00 -1.93802117e-02  1.36969290e-01
   1.42484255e-01 -5.94317323e+00 -1.00000000e+01 -6.85836429e-01
  -2.26339822e-02 -3.99252946e-03]], Action: [[ 1.         -0.83094954 -1.          0.35388008  0.8411515  -1.        ]], Reward: [4.0338225],Reward_sum: 394.53399658203125, Done: [False]
==========
t: 182, State: [[ 1.72887033  1.10801683  0.42004119  0.03807397 -0.27125826  0.15307658
  -0.44724064  0.00854945 -0.81966432  2.87659496  0.12523743 -0.33940905
   0.10400862 -6.71754429 -5.11657415 -0.94897239  0.0519021  -0.07278283]], Action: [[ 1.         -0.77231276 -1.          0.46759644  1.         -1.        ]], Reward: [3.9218066],Reward_sum: 398.455810546875, Done: [False]
==========
t: 183, State: [[ 1.75243693  1.10938631  0.42063187  0.03906851 -0.31817636  0.1245371
  -0.44992425  0.00877929 -0.82043901  3.01290611  0.21899933  0.46257054
   0.13876324 -5.02162009 -2.62315132  0.2490119   0.01027694 -0.11319687]], Action: [[ 1.         -0.32676885 -1.          1.          1.         -1.        ]], Reward: [3.9407187],Reward_sum: 402.39654541015625, Done: [False]
==========
t: 184, State: [[ 1.77596203  1.11174214  0.42101237  0.03966897 -0.36252994  0.10683398
  -0.45056555  0.00898164 -0.82126817  2.8681583   0.36863    -0.36421064
   0.02481326 -6.05204788 -2.1062412  -0.40452529  0.03638615 -0.09353554]], Action: [[ 0.9358072  -0.75621545 -1.          0.30605623  0.81790143 -1.        ]], Reward: [3.936427],Reward_sum: 406.33294677734375, Done: [False]
==========
t: 185, State: [[ 1.79968872  1.11503732  0.42210122  0.03967629 -0.40085106  0.08496719
  -0.44847498  0.00923431 -0.82204061  3.06206995  0.45682948  0.62280724
  -0.01586585 -3.55324044 -3.46922021  0.91290463  0.02709343 -0.09681833]], Action: [[ 1.          0.03670061 -1.          0.76276916  1.         -1.        ]], Reward: [3.961253],Reward_sum: 410.294189453125, Done: [False]
==========
t: 186, State: [[ 1.82347152  1.11927816  0.42277336  0.03894423 -0.43451262  0.05302022
  -0.4453826   0.00996472 -0.82263114  2.88380007  0.60263992 -0.44525839
  -0.14706144 -4.8803906  -4.55082472 -0.12076885  0.13859904 -0.05386565]], Action: [[ 1.         -0.6013659  -1.         -0.12145904  1.         -1.        ]], Reward: [3.9684737],Reward_sum: 414.2626953125, Done: [False]
==========
t: 187, State: [[ 1.84691755  1.12452465  0.4206047   0.0372114  -0.46679702  0.00940894
  -0.4443166   0.01113701 -0.82300845  2.97722382  0.7100906  -0.0970721
  -0.26366176 -3.23271861 -6.34940599  0.39088406  0.14909537 -0.04094269]], Action: [[ 1.          0.16929132 -1.          0.03265371  1.         -1.        ]], Reward: [3.9267242],Reward_sum: 418.18939208984375, Done: [False]
==========
t: 188, State: [[ 1.87114396  1.13065     0.42125478  0.03469921 -0.48615837 -0.04841355
  -0.43923757  0.01238996 -0.82327801  3.07928401  0.82197164  0.26164317
  -0.34446903 -1.64057574 -8.09033164  0.88460129  0.15866281 -0.0273585 ]], Action: [[ 1.          0.3055988  -1.         -0.13946407  1.         -1.        ]], Reward: [4.024189],Reward_sum: 422.213623046875, Done: [False]
==========
t: 189, State: [[ 1.89568596e+00  1.13773534e+00  4.22096128e-01  3.16004875e-02
  -4.97870362e-01 -1.19433528e-01 -4.33319752e-01  1.38512860e-02
  -8.23393473e-01  3.05665595e+00  9.49830961e-01 -4.36746556e-02
  -4.10774709e-01 -1.29993950e+00 -9.66069491e+00  6.08941306e-01
   1.96765846e-01 -4.03698217e-03]], Action: [[ 1.          0.12684834 -1.         -0.5257487   1.         -1.        ]], Reward: [4.0634575],Reward_sum: 426.27703857421875, Done: [False]
==========
t: 190, State: [[ 1.92020730e+00  1.14584534e+00  4.21330162e-01  2.82649155e-02
  -5.05647911e-01 -2.03127791e-01 -4.28626752e-01  1.54229576e-02
  -8.23382765e-01  3.07377928e+00  1.07830158e+00 -1.45762644e-01
  -4.11532160e-01 -6.52139366e-01 -1.00000000e+01  5.69355538e-01
   1.91584035e-01  5.40954720e-03]], Action: [[ 1.          0.25285774 -1.         -0.52653486  1.         -1.        ]], Reward: [4.0608253],Reward_sum: 430.337890625, Done: [False]
==========
t: 191, State: [[ 1.94499777e+00  1.15499735e+00  4.20253187e-01  2.49146673e-02
  -5.06715846e-01 -3.04851458e-01 -4.23787843e-01  1.69262341e-02
  -8.23319778e-01  3.12285577e+00  1.20975470e+00 -1.26512648e-01
  -4.13596359e-01  6.10806687e-01 -1.00000000e+01  6.38993487e-01
   1.80788557e-01  9.72648516e-03]], Action: [[ 1.          0.4250063  -1.         -0.63250124  1.         -1.        ]], Reward: [4.0942287],Reward_sum: 434.43206787109375, Done: [False]
==========
t: 192, State: [[  1.97027531   1.16491442   0.41914082   0.01970056  -0.49530034
   -0.44772612  -0.41928138   0.01853775  -0.82316188   3.19660146
    1.2698914   -0.15060684  -0.89023742   2.2981769  -10.
    0.49352836   0.21274849   0.02723597]], Action: [[ 1.         0.7941942 -0.6140721 -1.         1.        -1.       ]], Reward: [4.1546836],Reward_sum: 438.5867919921875, Done: [False]
==========
t: 193, State: [[ 1.99616520e+00  1.17564482e+00  4.18550303e-01  1.29296542e-02
  -4.70375609e-01 -6.22174364e-01 -4.14683460e-01  2.01623724e-02
  -8.22964096e-01  3.27687824e+00  1.41610224e+00  4.73934986e-03
  -7.91082063e-01  3.87001918e+00 -1.00000000e+01  6.61404637e-01
   1.90339237e-01  2.15417942e-02]], Action: [[ 1.          0.69341123 -1.         -1.          1.         -1.        ]], Reward: [4.2307563],Reward_sum: 442.8175048828125, Done: [False]
==========
t: 194, State: [[ 2.02269232e+00  1.18728932e+00  4.18651051e-01  4.35548457e-03
  -4.27265158e-01 -8.47469756e-01 -4.09644801e-01  2.16244045e-02
  -8.22763034e-01  3.32620097e+00  1.37813793e+00 -1.20565666e-01
  -1.66426952e+00  6.35617721e+00 -1.00000000e+01  3.40784745e-01
   1.94327236e-01  4.95252293e-02]], Action: [[ 1.          0.76574874 -1.         -1.          1.         -1.        ]], Reward: [4.3103027],Reward_sum: 447.1278076171875, Done: [False]
==========
t: 195, State: [[ 2.04907022e+00  1.19714745e+00  4.16774675e-01 -9.71322753e-03
  -3.85686293e-01 -9.89724572e-01 -4.09211508e-01  2.32139519e-02
  -8.22180916e-01  3.27451237e+00  1.11339601e+00 -3.14296811e-01
  -1.75755030e+00  4.13876825e+00 -1.00000000e+01 -1.67442888e-01
   1.92797864e-01  8.42008537e-02]], Action: [[ 1.         0.5059842 -1.        -1.         1.        -1.       ]], Reward: [4.2919817],Reward_sum: 451.4197998046875, Done: [False]
==========
t: 196, State: [[ 2.07502653  1.20538996  0.41462783 -0.01991821 -0.36333548 -1.03463479
  -0.41074514  0.02459909 -0.82151781  3.21753218  0.95806238 -0.21100047
  -0.78260929  1.5936855  -1.84970724 -0.19460467  0.15222626  0.07795437]], Action: [[ 1.          0.29185236 -1.         -1.          1.         -1.        ]], Reward: [4.2394543],Reward_sum: 455.65924072265625, Done: [False]
==========
t: 197, State: [[ 2.10104991e+00  1.21184992e+00  4.22380478e-01 -7.10067690e-03
  -3.77772025e-01 -9.63947572e-01 -4.01880160e-01  2.53478881e-02
  -8.20931641e-01  3.28663499e+00  6.49723921e-01  2.13300155e+00
   3.91201541e+00 -5.02911661e+00  1.00000000e+01  2.38111959e+00
   4.76852092e-02  6.86334548e-02]], Action: [[ 1.         0.0222185  1.        -0.5603038  1.        -1.       ]], Reward: [4.2486076],Reward_sum: 459.9078369140625, Done: [False]
==========
t: 198, State: [[ 2.1276432   1.21698181  0.43715054  0.015074   -0.39821145 -0.85272748
  -0.3863431   0.02582927 -0.82055627  3.36176377  0.6314558   1.57588759
   1.70152921 -0.31866959  9.55006702  1.52315768  0.06818438  0.02979505]], Action: [[ 1.        1.       -0.798649 -1.        1.       -1.      ]], Reward: [4.318524],Reward_sum: 464.22637939453125, Done: [False]
==========
t: 199, State: [[ 2.15450385  1.22147478  0.44736552  0.02314827 -0.39671143 -0.7561399
  -0.37792135  0.0264441  -0.82031458  3.36002624  0.48813014  1.07449599
   0.45100216  0.68137983 10.          0.69416047  0.08040843  0.03001326]], Action: [[ 1.          0.742224    0.38538635 -1.          1.         -1.        ]], Reward: [4.352882],Reward_sum: 468.57928466796875, Done: [False]
==========
Walker2d - Steps: 200, Return: 468.57928466796875, State: [[ 2.15450385  1.22147478  0.44736552  0.02314827 -0.39671143 -0.7561399
  -0.37792135  0.0264441  -0.82031458  3.36002624  0.48813014  1.07449599
   0.45100216  0.68137983 10.          0.69416047  0.08040843  0.03001326]]
