[CudaDevice(id=0)]
Using AIRL:  False
Using GAIL:  False
Using RGCL:  False
Experiment State @  2025-05-13 22:21:53.697238-05:00
Experiment Saved @  results/experiment_130
Experiment Settings Saved @  results/experiment_130
130
Using cuda device
Wrapping the env with a `Monitor` wrapper
Wrapping the env in a DummyVecEnv.
Wrapping the env with a `Monitor` wrapper
Wrapping the env in a DummyVecEnv.
t: 0, State: [[ 3.85590309e-04  1.24398101e+00  6.09436418e-03  1.39913549e-02
  -1.27387173e-02  6.20945117e-02  3.85342973e-03  8.82332952e-04
   5.64686625e-02  1.46723819e-01 -4.48951214e-01  7.45882793e-01
   1.69390767e+00 -2.62792821e+00  1.00000000e+01  6.12433559e-01
   4.61240125e-01  1.00000000e+01]], Action: [[ 1.         -0.33513996  1.          1.          1.          1.        ]], Reward: [1.101486],Reward_sum: 1.1014859676361084, Done: [False]
==========
t: 1, State: [[ 2.75428615e-03  1.24044650e+00  1.27385059e-02  1.10493256e-02
   3.09958782e-03  1.17807079e-01  8.45473861e-03  4.47798464e-03
   1.87123670e-01  4.17079513e-01 -4.37587175e-01  8.70091447e-01
  -2.18707485e+00  5.94344820e+00 -1.01635291e+00  5.39938117e-01
   4.32013449e-01  1.00000000e+01]], Action: [[ 0.28571042  1.         -1.          1.          1.          0.48048735]], Reward: [1.2917745],Reward_sum: 2.3932604789733887, Done: [False]
==========
t: 2, State: [[ 5.38762198e-03  1.23603001e+00  1.73569422e-02 -7.33767209e-04
   3.43917140e-02  1.67136599e-01  1.14269889e-02  6.62426781e-03
   3.36974020e-01  2.58478914e-01 -6.62245269e-01  3.35756956e-01
  -8.51261875e-01  2.24034927e+00  1.00000000e+01  2.29437814e-01
   1.34666842e-01  1.00000000e+01]], Action: [[ 1.          0.34898123  1.         -0.49865344 -0.44703713 -0.09779732]], Reward: [1.3265871],Reward_sum: 3.7198476791381836, Done: [False]
==========
t: 3, State: [[ 6.79576507e-03  1.23191363e+00  2.11160941e-02 -1.43808579e-03
   4.52016198e-02  2.18839857e-01  1.36659744e-02  8.99847181e-03
   4.25865432e-01  1.06296910e-01 -3.71099100e-01  6.11221014e-01
   5.64718753e-01  6.35474441e-01 -2.82808265e-01  3.06458755e-01
   4.08056447e-01  3.86419746e+00]], Action: [[ 1.          0.8522502  -1.          0.02643355  1.         -1.        ]], Reward: [1.1712909],Reward_sum: 4.891138553619385, Done: [False]
==========
t: 4, State: [[ 7.73243239e-03  1.22754271e+00  2.54011433e-02  4.79481511e-03
   4.60039605e-02  2.72363958e-01  1.62113633e-02  1.10777931e-02
   4.91788577e-01  1.16507573e-01 -7.18651085e-01  3.26130232e-01
   7.49624315e-01 -2.73640633e-01  1.00000000e+01  2.31153989e-01
   1.15507565e-01  1.00000000e+01]], Action: [[1.         0.6596231  1.         0.78770447 0.32694626 0.60697377]], Reward: [1.1135526],Reward_sum: 6.004691123962402, Done: [False]
==========
t: 5, State: [[ 0.00825752  1.22248024  0.02732977  0.01020003  0.04339302  0.32682108
   0.01728885  0.01227226  0.56947592  0.02173219 -0.55009325  0.18476642
   0.59996691 -0.3640713   0.07061063  0.0579288   0.16963678  6.77178087]], Action: [[ 1.         1.        -1.         0.6073688  1.        -0.3741156]], Reward: [1.0611268],Reward_sum: 7.065817832946777, Done: [False]
==========
t: 6, State: [[ 8.01912887e-03  1.21845666e+00  2.76981155e-02  1.41489010e-02
   3.94026522e-02  2.75697498e-01  1.71912444e-02  1.27283100e-02
   6.23314402e-01 -7.94164399e-02 -4.55643403e-01 -7.54726494e-02
   4.05699758e-01 -5.86382895e-01 -1.00000000e+01 -7.08207095e-02
  -3.29405509e-02  6.68776627e+00]], Action: [[ 0.9845798   0.19804898 -1.          0.27764395  0.21935019  0.05638607]], Reward: [0.9680643],Reward_sum: 8.033882141113281, Done: [False]
==========
t: 7, State: [[ 6.65942969e-03  1.21458484e+00  2.35396647e-02  1.57240262e-02
   3.26275201e-02  2.03895809e-01  1.59208631e-02  1.89773364e-03
   6.43117522e-01 -2.59358310e-01 -5.14369149e-01 -9.43057978e-01
   3.06143905e-02 -1.18392573e+00 -5.11433944e+00 -2.19207131e-01
  -2.69219114e+00 -1.74201500e+00]], Action: [[ 1.          0.5020311   0.60575426 -0.8959451  -1.         -0.66441524]], Reward: [0.82617444],Reward_sum: 8.86005687713623, Done: [False]
==========
t: 8, State: [[ 5.71944180e-03  1.20888863e+00  1.89811145e-02  1.73671301e-02
   2.44521247e-02  2.17036086e-01  1.37645227e-02 -8.13882694e-03
   6.84051106e-01  3.48795957e-02 -7.43847081e-01 -1.88889676e-01
   3.22368805e-01 -9.78205466e-01  7.21123452e+00 -3.03327016e-01
  -2.49822902e-01  1.00000000e+01]], Action: [[1.        0.3018679 1.        1.        1.        1.       ]], Reward: [0.8774104],Reward_sum: 9.737466812133789, Done: [False]
==========
t: 9, State: [[ 6.22386153e-03  1.20490089e+00  1.87172299e-02  2.09676473e-02
   2.01602719e-02  2.22987328e-01  6.32576033e-03  2.61917897e-03
   7.37021706e-01  3.87391559e-02 -2.97381118e-01  1.11514740e-02
   5.57328342e-01 -1.81005077e-01 -5.40136085e+00 -1.21559054e+00
   2.14617044e+00  3.33343815e+00]], Action: [[ 1.          1.         -1.          1.          1.         -0.34431213]], Reward: [1.0579339],Reward_sum: 10.795400619506836, Done: [False]
==========
t: 10, State: [[ 5.75495070e-03  1.20356686e+00  1.60088550e-02  2.33487855e-02
   1.57738822e-02  1.92515471e-01  3.01706670e-04  7.53805753e-03
   7.58386728e-01 -1.56124407e-01 -6.08028955e-02 -6.94108545e-01
   8.02973887e-02 -1.00146838e+00 -2.03836717e+00 -3.53961455e-01
  -7.82895229e-01  2.09631655e+00]], Action: [[ 1.          0.44734478  0.47021115 -0.23580937 -1.         -0.22919102]], Reward: [0.9388568],Reward_sum: 11.734257698059082, Done: [False]
==========
t: 11, State: [[ 5.07720171e-03  1.20357241e+00  1.27137712e-02  2.47695328e-02
   1.12962320e-02  1.60936829e-01 -9.87643417e-04  3.87957503e-04
   8.03318199e-01 -4.40433045e-02  4.97083154e-02 -2.03145620e-01
   2.64324263e-01 -2.03582961e-01 -5.73838438e+00 -6.29002300e-02
  -7.49270209e-01  6.36403743e+00]], Action: [[ 0.7953868   1.         -0.27624023  1.          1.          1.        ]], Reward: [0.9105724],Reward_sum: 12.644829750061035, Done: [False]
==========
t: 12, State: [[ 4.46787515e-03  1.20420559e+00  9.95511957e-03  2.59593939e-02
   6.81587744e-03  1.39447948e-01 -3.76814789e-04 -8.86450566e-03
   8.37410285e-01 -1.08579999e-01  1.00471572e-01 -4.72357847e-01
   5.68783153e-02 -9.31458861e-01  4.06095499e-01  2.72152725e-01
  -1.64335370e+00  2.55008004e+00]], Action: [[ 1.          0.32968163  0.6175169  -0.18998145 -0.50440705  0.29049462]], Reward: [0.92196923],Reward_sum: 13.56679916381836, Done: [False]
==========
t: 13, State: [[ 0.00445575  1.20507767  0.00773531  0.02531229  0.0030673   0.14269628
  -0.00326636 -0.00964529  0.84978814  0.0988969   0.11351946 -0.09723421
  -0.17995834 -0.10091176  0.49097654 -0.97147779  1.35617746  0.73950701]], Action: [[-0.3301187   1.          0.03634302  1.          1.          1.        ]], Reward: [0.99437386],Reward_sum: 14.561173439025879, Done: [False]
==========
t: 14, State: [[ 6.10133811e-03  1.20596657e+00  9.01549087e-03  2.54873142e-02
  -2.25246682e-03  1.90961856e-01 -1.28850955e-02  8.05518329e-03
   8.51770889e-01  2.54555369e-01  1.06407724e-01  3.51899869e-01
   1.97005724e-01 -1.20636009e+00  1.00000000e+01 -8.83896975e-01
   1.98166630e+00 -9.77063201e-02]], Action: [[ 1.         -0.00934109  1.          1.          0.9773536   1.        ]], Reward: [1.2007434],Reward_sum: 15.761917114257812, Done: [False]
==========
t: 15, State: [[ 9.53681394e-03  1.20697612e+00  1.99380103e-02  2.69396518e-02
   1.67484347e-03  3.05008649e-01 -8.28790403e-03  1.88551737e-02
   8.33427785e-01  5.91242130e-01  1.46044358e-01  2.29355360e+00
   1.76243576e-01  2.00465264e+00  1.00000000e+01  1.89193072e+00
   8.34524654e-01 -4.51070379e+00]], Action: [[ 1.          1.          0.85825384  0.8530824   0.6761031  -0.4959756 ]], Reward: [1.425267],Reward_sum: 17.187183380126953, Done: [False]
==========
t: 16, State: [[ 1.34835369e-02  1.20799131e+00  2.79082514e-02  1.69626395e-02
   1.30691318e-02  4.80008167e-01 -3.95403894e-03  2.30465969e-02
   8.08494619e-01  3.98441000e-01  1.17597799e-01 -3.06728122e-01
  -2.71270205e+00  9.48820384e-01  1.00000000e+01 -8.48682029e-01
   2.76313016e-01 -1.97487816e+00]], Action: [[-0.09282091  1.          1.         -0.38114262  0.475348    1.        ]], Reward: [1.4899606],Reward_sum: 18.677143096923828, Done: [False]
==========
t: 17, State: [[ 1.66303042e-02  1.20911007e+00  3.02451741e-02  3.28272892e-03
   1.38679536e-02  7.24358941e-01  3.18912978e-03  9.54204067e-03
   7.98949901e-01  3.70648365e-01  1.71126543e-01  5.08567741e-01
  -9.93649804e-01 -1.01682938e+00  1.00000000e+01  1.79244987e+00
  -2.91133510e+00 -5.86598652e-01]], Action: [[ 0.87033427  0.2558354   1.          0.43413898 -0.3987184   1.        ]], Reward: [1.3901756],Reward_sum: 20.067317962646484, Done: [False]
==========
t: 18, State: [[ 2.04767151e-02  1.21107812e+00  3.73037327e-02 -4.57380011e-03
   8.62802194e-03  9.52112859e-01  1.44805320e-02 -1.00830440e-03
   7.96908351e-01  6.53727054e-01  2.92375896e-01  1.68032734e+00
  -6.11018547e-01 -3.42379869e-01  1.00000000e+01  1.04320649e+00
   1.37098750e+00  6.25400706e-03]], Action: [[0.59755915 1.         1.         1.         1.         1.        ]], Reward: [1.4754443],Reward_sum: 21.542762756347656, Done: [False]
==========
t: 19, State: [[ 2.51967894e-02  1.21355332e+00  4.64016815e-02 -1.73442375e-02
   7.26063683e-03  1.04290339e+00  2.00685749e-02  4.68874996e-03
   7.98417803e-01  5.29685351e-01  3.10444091e-01  6.41070333e-01
  -2.46251953e+00 -4.26860018e-02  5.63464424e+00  4.16987545e-01
   3.48017713e-02  3.27542594e-01]], Action: [[ 0.04471466  0.7479545   0.9289683   0.37227434 -0.32781592  1.        ]], Reward: [1.5873388],Reward_sum: 23.130102157592773, Done: [False]
==========
t: 20, State: [[ 2.86985573e-02  1.21597326e+00  5.25157328e-02 -2.43634107e-02
  -1.96821566e-02  1.05963020e+00  2.42454738e-02  6.19213127e-03
   8.00399932e-01  3.38316449e-01  2.86704219e-01  8.41038251e-01
   7.07898837e-01 -6.71545493e+00 -6.73237939e-01  5.93317923e-01
   3.03072769e-01  1.82428828e-01]], Action: [[ 1.        -0.4479483  1.         1.         1.         0.5243838]], Reward: [1.4332453],Reward_sum: 24.56334686279297, Done: [False]
==========
t: 21, State: [[ 3.24828442e-02  1.21819118e+00  5.95012546e-02 -3.41344253e-02
  -4.49358234e-02  9.94576389e-01  2.76659217e-02  8.82434476e-03
   8.02640305e-01  6.09727654e-01  2.74977735e-01  9.25726487e-01
  -3.11655418e+00  4.50831906e-01 -1.00000000e+01  2.90524155e-01
   3.40217495e-01  3.47121968e-01]], Action: [[ 0.3924274  1.        -1.         1.         1.         1.       ]], Reward: [1.4678819],Reward_sum: 26.03122901916504, Done: [False]
==========
t: 22, State: [[ 3.65519491e-02  1.22022585e+00  6.56067604e-02 -5.22192390e-02
  -5.69895910e-02  8.68343506e-01  3.01304738e-02  8.55719938e-03
   8.05612832e-01  4.07867024e-01  2.35630711e-01  5.94142847e-01
  -1.42015606e+00 -3.41876020e+00 -1.00000000e+01  3.13995765e-01
  -4.01491830e-01  3.81307371e-01]], Action: [[ 0.55189395 -0.32478628 -0.10648118  1.         -0.3613129   1.        ]], Reward: [1.5060861],Reward_sum: 27.537315368652344, Done: [False]
==========
t: 23, State: [[ 3.90097926e-02  1.22197727e+00  7.11814042e-02 -4.93466008e-02
  -1.09703279e-01  7.35148546e-01  3.31439498e-02  7.11410821e-03
   8.08367124e-01  2.01169818e-01  1.98468694e-01  7.63084123e-01
   2.08557554e+00 -9.68681250e+00 -1.00000000e+01  4.18450643e-01
  -4.96442257e-03  3.08906351e-01]], Action: [[ 1.         -0.4888067  -0.17100984  1.          0.68647957  0.93588924]], Reward: [1.3036151],Reward_sum: 28.840930938720703, Done: [False]
==========
t: 24, State: [[ 4.16824474e-02  1.22427832e+00  8.00954606e-02 -4.00830641e-02
  -1.62898465e-01  5.40021240e-01  3.59153429e-02  8.36521508e-03
   7.68118121e-01  4.63918372e-01  3.91243683e-01  1.44920281e+00
   2.41828076e-01 -3.46265369e+00 -1.00000000e+01  2.86119717e-01
   2.78692442e-01 -1.00000000e+01]], Action: [[ 1.         1.        -1.         1.         1.        -0.6901612]], Reward: [1.3286055],Reward_sum: 30.169536590576172, Done: [False]
==========
t: 25, State: [[  0.0449917    1.2259715    0.07958601  -0.06065789  -0.16752817
    0.34233189   0.02529624   0.01074824   0.74348063   0.36250075
    0.02051737  -1.56525262  -5.35608949   2.02431541 -10.
   -2.93209039   0.3040387    4.18942944]], Action: [[-0.13431957  0.5926974   1.         -0.31142977  1.          1.        ]], Reward: [1.4101908],Reward_sum: 31.579727172851562, Done: [False]
==========
t: 26, State: [[  0.04723478   1.22658927   0.07545029  -0.07613488  -0.18333308
    0.18692288   0.01116724   0.01194029   0.7187562    0.18375995
    0.13749498   0.34457681   1.22616541  -5.80063148 -10.
   -0.82736372   0.03643836 -10.        ]], Action: [[ 1.         -0.72237015 -0.26580596  1.         -0.13066831 -1.        ]], Reward: [1.2767744],Reward_sum: 32.856502532958984, Done: [False]
==========
t: 27, State: [[ 4.91156424e-02  1.22640815e+00  7.95084113e-02 -6.85176823e-02
  -2.21391617e-01  7.13234616e-02  6.14406640e-03  1.26651622e-02
   6.56806847e-01  2.85768967e-01 -1.84115717e-01  6.47533668e-01
   6.39854686e-01 -3.82113881e+00 -7.83663193e+00 -4.60508863e-01
   1.29665621e-01 -5.18664887e+00]], Action: [[ 0.29926714  0.5868487   1.         -0.13525642  1.          0.314431  ]], Reward: [1.232557],Reward_sum: 34.08905792236328, Done: [False]
==========
t: 28, State: [[ 5.18742255e-02  1.22324843e+00  8.74006703e-02 -6.14858946e-02
  -2.50792361e-01  6.27854524e-02  6.10519151e-03  1.39657521e-02
   6.68072007e-01  3.95825511e-01 -6.03983513e-01  1.23426058e+00
   9.93787120e-01 -3.51812005e+00  5.66359477e+00  3.47168582e-01
   1.88572206e-01  7.97521684e+00]], Action: [[1.         0.74961716 1.         1.         1.         0.9380435 ]], Reward: [1.339381],Reward_sum: 35.42844009399414, Done: [False]
==========
t: 29, State: [[ 5.61192989e-02  1.21832114e+00  9.61444693e-02 -6.97103287e-02
  -2.46318234e-01  9.86742741e-02  8.58502857e-03  1.46280050e-02
   7.84027698e-01  6.60199041e-01 -6.20779666e-01  9.29357414e-01
  -3.03288956e+00  4.38319365e+00  3.34719024e+00  2.77862746e-01
   7.34054352e-03  1.00000000e+01]], Action: [[-0.16089001  0.7611391  -1.          1.          0.627354    1.        ]], Reward: [1.5266354],Reward_sum: 36.955074310302734, Done: [False]
==========
t: 30, State: [[ 0.06144971  1.21440087  0.1063518  -0.0886634  -0.21039738  0.11713695
   0.01164093  0.01433166  0.8899211   0.68025691 -0.36789221  1.63013965
  -1.70436455  4.50090971  1.35049372  0.44784841 -0.07803973  5.46589587]], Action: [[ 1.          0.1312795  -1.          0.44280344 -0.03715029 -1.        ]], Reward: [1.6630869],Reward_sum: 38.618160247802734, Done: [False]
==========
t: 31, State: [[ 6.62261252e-02  1.21069543e+00  1.17463086e-01 -1.01104035e-01
  -1.80184915e-01  1.79221536e-01  1.46494826e-02  6.92319622e-03
   9.11927510e-01  5.11412676e-01 -5.60110437e-01  1.13219178e+00
  -1.41458290e+00  3.09679780e+00  1.00000000e+01  3.14018056e-01
  -1.80113964e+00  4.39286071e-01]], Action: [[ 1.          0.47456706  1.         -0.27907357 -0.78946614 -0.30451754]], Reward: [1.5940326],Reward_sum: 40.212196350097656, Done: [False]
==========
t: 32, State: [[ 7.13891054e-02  1.20551277e+00  1.28793067e-01 -1.17529029e-01
  -1.38297618e-01  3.08586318e-01  1.43656921e-02  6.60584467e-04
   9.07202133e-01  7.98846734e-01 -7.49025950e-01  1.62684667e+00
  -2.86081867e+00  7.55101397e+00  1.00000000e+01 -7.96646345e-01
   9.57718623e-01 -1.36791963e+00]], Action: [[ 0.8303406   1.          0.42406785 -0.45510086  1.          0.34026515]], Reward: [1.6421803],Reward_sum: 41.85437774658203, Done: [False]
==========
t: 33, State: [[ 7.68437966e-02  1.19910807e+00  1.39263321e-01 -1.35281335e-01
  -9.02300323e-02  4.75898361e-01  6.22528035e-03  6.09081583e-03
   8.92550558e-01  5.40017992e-01 -7.96438972e-01  1.00078251e+00
  -1.46406644e+00  4.40150620e+00  1.00000000e+01 -1.02619096e+00
   4.94799800e-01 -2.07670660e+00]], Action: [[ 0.74820966 -0.11126259  0.4076774  -1.         -0.1624209   0.07513843]], Reward: [1.680066],Reward_sum: 43.53444290161133, Done: [False]
==========
t: 34, State: [[ 8.07586464e-02  1.19339483e+00  1.46575252e-01 -1.49580614e-01
  -4.12972202e-02  7.09269489e-01  1.43104405e-03  9.17918601e-03
   8.77635319e-01  4.56580513e-01 -6.32242896e-01  8.37230544e-01
  -2.14140621e+00  8.12155357e+00  1.00000000e+01 -2.69019538e-01
   2.72966965e-01 -1.68904856e+00]], Action: [[ 0.9503945   1.          1.         -0.4405     -0.4359168   0.76742303]], Reward: [1.48548],Reward_sum: 45.01992416381836, Done: [False]
==========
t: 35, State: [[ 8.39363900e-02  1.18950460e+00  1.51754816e-01 -1.65322945e-01
   2.31403223e-02  9.62352397e-01 -2.75643733e-04  1.10402356e-02
   8.65272929e-01  3.34588693e-01 -3.16436005e-01  6.14614319e-01
  -1.25845915e+00  6.27107223e+00  1.00000000e+01  5.38570853e-03
   1.72384726e-01 -1.42627812e+00]], Action: [[ 0.82762194  0.31833792  1.         -0.9455601   0.09767184  0.884621  ]], Reward: [1.3937454],Reward_sum: 46.41366958618164, Done: [False]
==========
t: 36, State: [[ 8.64028188e-02  1.18783952e+00  1.59313430e-01 -1.66063744e-01
   5.61351372e-02  1.06786425e+00  3.94878174e-03  1.23637954e-02
   8.55036771e-01  2.48874902e-01 -1.18298252e-01  8.37052491e-01
   4.21994675e-01  2.37928266e+00  6.68879159e+00  5.23073575e-01
   1.75789533e-01 -1.13289927e+00]], Action: [[ 1.          1.          1.         -0.38171276  0.42227674  1.        ]], Reward: [1.3039795],Reward_sum: 47.717647552490234, Done: [False]
==========
t: 37, State: [[ 0.08818607  1.18731915  0.16639231 -0.15878813  0.06612797  1.08865639
   0.00881484  0.01434746  0.84698597  0.19809325 -0.02222079  0.90368152
   1.29998814  0.35292837 -0.59283751  0.65842216  0.29858075 -0.88545735]], Action: [[1.        1.        1.        0.4784613 1.        1.       ]], Reward: [1.2176775],Reward_sum: 48.935325622558594, Done: [False]
==========
t: 38, State: [[ 0.08872498  1.1875639   0.16818164 -0.15210092  0.06475332  1.06910046
   0.01250195  0.00969213  0.84105715 -0.05932031  0.07776221 -0.4304098
   0.37141275 -0.57048253 -3.80464576  0.29741801 -1.47874713 -0.61243078]], Action: [[ 0.7384365   1.          1.         -0.62535095 -1.          1.        ]], Reward: [1.0624278],Reward_sum: 49.99775314331055, Done: [False]
==========
t: 39, State: [[ 8.86560312e-02  1.18817328e+00  1.67958944e-01 -1.44072584e-01
   5.81072996e-02  1.03357483e+00  1.61038000e-02  2.25018567e-03
   8.36499080e-01  3.10020153e-02  7.37331301e-02  2.92289351e-01
   1.52523180e+00 -1.01065720e+00 -4.82423397e+00  5.62857822e-01
  -4.82319642e-01 -5.19682898e-01]], Action: [[1.         0.78159213 1.         1.         0.59406173 1.        ]], Reward: [0.9864173],Reward_sum: 50.984169006347656, Done: [False]
==========
t: 40, State: [[ 8.88328654e-02  1.18878204e+00  1.70331044e-01 -1.30937845e-01
   4.98720994e-02  9.94735666e-01  2.08375153e-02 -1.78645475e-03
   8.32883422e-01  1.29322621e-02  7.66496000e-02  2.88046458e-01
   1.73584455e+00 -1.01975898e+00 -4.76534460e+00  5.99756747e-01
  -5.18220371e-01 -3.89544079e-01]], Action: [[ 0.7879065   1.          1.          1.         -0.42740205  1.        ]], Reward: [1.0173008],Reward_sum: 52.001468658447266, Done: [False]
==========
t: 41, State: [[ 0.08857183  1.18943725  0.17086027 -0.11826075  0.04211764  0.9585781
   0.02542477 -0.0088047   0.83029498 -0.07819788  0.08599392 -0.15967985
   1.42513696 -0.90814884 -4.22642634  0.53969509 -1.23041478 -0.26517862]], Action: [[ 0.6492876  0.9635922  1.         1.        -0.5714067  1.       ]], Reward: [0.9626935],Reward_sum: 52.96416091918945, Done: [False]
==========
t: 42, State: [[ 0.08866085  1.18992821  0.17289878 -0.10322997  0.03543297  0.92751983
   0.02869098 -0.01057164  0.82809272  0.10111505  0.03658198  0.67986247
   2.34379394 -0.76081819 -3.52851222  0.29816596  0.76291499 -0.27719344]], Action: [[0.5655831  0.91021967 1.         1.         0.26657328 1.        ]], Reward: [1.0069088],Reward_sum: 53.9710693359375, Done: [False]
==========
t: 43, State: [[ 0.08867773  1.19035261  0.17433334 -0.08775102  0.029851    0.90213688
   0.03060735 -0.01131033  0.82656512 -0.09594535  0.06914823 -0.31217216
   1.53433065 -0.63334151 -2.82684874  0.18866935 -0.93314239 -0.11914872]], Action: [[ 0.9243343   1.          1.          0.19349839 -1.          1.        ]], Reward: [0.9972177],Reward_sum: 54.96828842163086, Done: [False]
==========
t: 44, State: [[ 0.08885945  1.1906502   0.17678013 -0.07000895  0.02539106  0.88206181
   0.03185389 -0.00892054  0.82532504  0.14114161  0.00531393  0.92257284
   2.90062305 -0.48638877 -2.2080423   0.12724174  1.50878345 -0.1801021 ]], Action: [[0.7656232  1.         1.         1.         0.31507823 1.        ]], Reward: [1.0180293],Reward_sum: 55.9863166809082, Done: [False]
==========
t: 45, State: [[ 0.08919795  1.19081957  0.17955365 -0.05078925  0.02187391  0.86654898
   0.03096651 -0.002346    0.82446968 -0.05340862  0.03706944 -0.18753461
   1.95231984 -0.39425346 -1.68823099 -0.29134432  0.12459649 -0.0467382 ]], Action: [[ 1.  1.  1. -1. -1.  1.]], Reward: [1.0363133],Reward_sum: 57.02262878417969, Done: [False]
==========
t: 46, State: [[ 8.87751571e-02  1.19105758e+00  1.78991891e-01 -3.32365234e-02
   1.90434598e-02  8.54776170e-01  2.99942558e-02 -1.71855976e-03
   8.24174005e-01 -5.34898215e-02  2.28922643e-02  2.34643802e-02
   2.40688358e+00 -3.14155089e-01 -1.27175196e+00  1.13805688e-02
   4.81548937e-02 -2.90578703e-02]], Action: [[ 1.         1.         1.         0.6629446 -0.5257704  1.       ]], Reward: [0.9424346],Reward_sum: 57.965065002441406, Done: [False]
==========
t: 47, State: [[ 0.08762103  1.19135926  0.17541919 -0.01717605  0.01691716  0.84593243
   0.02961514 -0.00750378  0.8242292  -0.23434068  0.05196597 -0.90593392
   1.6220687  -0.22267033 -0.95252652 -0.09144402 -1.49423029  0.03494219]], Action: [[ 0.8236276   1.          1.         -0.13997357 -0.9305022   1.        ]], Reward: [0.8511709],Reward_sum: 58.81623840332031, Done: [False]
==========
t: 48, State: [[ 0.08694989  1.19184432  0.17172443 -0.00401395  0.01440829  0.83831583
   0.02890638 -0.01347504  0.82406157  0.09620421  0.07821731 -0.00207686
   1.47406652 -0.35832997 -0.97137909 -0.09366057 -0.00859231 -0.06584229]], Action: [[0.41796857 1.         1.         1.         0.20639506 1.        ]], Reward: [0.91188973],Reward_sum: 59.728126525878906, Done: [False]
==========
t: 49, State: [[ 0.08888302  1.19245318  0.1751702   0.00780071  0.01145083  0.83119607
   0.02824635 -0.00804654  0.8233612   0.33065263  0.06845507  0.57897507
   1.19443082 -0.24779302 -0.7802248  -0.140338    0.95634774 -0.08951433]], Action: [[1.         1.         1.         1.         0.18313631 1.        ]], Reward: [1.2366081],Reward_sum: 60.9647331237793, Done: [False]
==========
t: 50, State: [[ 9.18343339e-02  1.19287638e+00  1.79866960e-01  1.51594764e-02
   1.02149332e-02  8.25967618e-01  2.71357382e-02 -9.65164076e-04
   8.22763034e-01  3.99570298e-01  3.39450927e-02  5.91266034e-01
   6.91321671e-01 -7.11960505e-02 -5.29093415e-01 -1.32879511e-01
   8.15894625e-01 -6.04995424e-02]], Action: [[ 1.          0.920406    1.          1.         -0.00800011  1.        ]], Reward: [1.3640665],Reward_sum: 62.328800201416016, Done: [False]
==========
t: 51, State: [[ 0.095226    1.19297905  0.18471057  0.01974787  0.00974075  0.82265631
   0.02582782  0.00591326  0.82232842  0.42619264 -0.00236035  0.55042952
   0.42706435 -0.06315822 -0.31238266 -0.12832813  0.66073972 -0.03693499]], Action: [[1.         0.45327765 1.         1.         0.63479996 1.        ]], Reward: [1.4193503],Reward_sum: 63.74814987182617, Done: [False]
==========
t: 52, State: [[ 0.09863537  1.19286898  0.18871445  0.02244731  0.00894332  0.82082306
   0.02491181  0.01009528  0.822098    0.42724296 -0.02386892  0.45899374
   0.26094045 -0.12349165 -0.15710391 -0.10140637  0.40408038 -0.02295276]], Action: [[1.         0.12449899 1.         1.         0.87856364 1.        ]], Reward: [1.4213836],Reward_sum: 65.1695327758789, Done: [False]
==========
t: 53, State: [[ 0.10207244  1.19261405  0.19214649  0.02415669  0.00774088  0.81999691
   0.02412879  0.01272225  0.82192836  0.43309945 -0.03919591  0.40528105
   0.1723344  -0.16663364 -0.05838827 -0.09303137  0.26220355 -0.02002408]], Action: [[ 1.         -0.03895298  1.          1.          0.98289895  1.        ]], Reward: [1.4246665],Reward_sum: 66.59420013427734, Done: [False]
==========
t: 54, State: [[ 0.10553629  1.19225964  0.19512663  0.0254178   0.00588262  0.81980181
   0.02332165  0.01438325  0.82176425  0.43437275 -0.04925987  0.34629129
   0.14378515 -0.28323428  0.00255095 -0.10629639  0.15991407 -0.02099629]], Action: [[ 1.         -0.13203976  1.          1.          0.9958868   1.        ]], Reward: [1.4279721],Reward_sum: 68.02217102050781, Done: [False]
==========
t: 55, State: [[ 0.10900896  1.19183477  0.19765371  0.02650713  0.00311901  0.81996314
   0.02243776  0.0152123   0.82159773  0.4355481  -0.05706017  0.29224386
   0.12869717 -0.39416561  0.03316241 -0.11351876  0.05678865 -0.02084232]], Action: [[ 1.         -0.15888396  1.          1.          0.86528087  1.        ]], Reward: [1.4293089],Reward_sum: 69.45148468017578, Done: [False]
==========
t: 56, State: [[ 1.12522582e-01  1.19134668e+00  1.99871076e-01  2.74375629e-02
  -2.07947366e-04  8.20272448e-01  2.15673546e-02  1.52892922e-02
   8.21437911e-01  4.44292233e-01 -6.50587198e-02  2.67467328e-01
   1.05156202e-01 -4.29834696e-01  4.19186709e-02 -1.04405698e-01
  -2.77324907e-02 -1.94293866e-02]], Action: [[ 1.         -0.14170286  1.          1.          0.7433287   1.        ]], Reward: [1.4346305],Reward_sum: 70.88611602783203, Done: [False]
==========
t: 57, State: [[ 0.11613671  1.19079295  0.2020039   0.0281956  -0.00363906  0.82060694
   0.02077535  0.01487228  0.82128603  0.46020784 -0.0733887   0.26929123
   0.08532351 -0.42333017  0.04070131 -0.09375085 -0.07029027 -0.01860803]], Action: [[ 1.         -0.13735443  1.          1.          0.7253642   1.        ]], Reward: [1.4472203],Reward_sum: 72.33333587646484, Done: [False]
==========
t: 58, State: [[ 0.1198942   1.19017358  0.20420995  0.02884437 -0.00700415  0.82091868
   0.02003929  0.01426822  0.82113721  0.47983737 -0.08142311  0.28456546
   0.07671549 -0.41349444  0.03665249 -0.08958196 -0.07830221 -0.01841833]], Action: [[ 1.         -0.15214366  1.          1.          0.7600519   1.        ]], Reward: [1.4650862],Reward_sum: 73.79842376708984, Done: [False]
==========
t: 59, State: [[ 0.12381994  1.18949137  0.20657658  0.02944875 -0.01026869  0.82119288
   0.01932502  0.01368247  0.82099065  0.50204694 -0.08908763  0.30856682
   0.07359217 -0.39859048  0.03157002 -0.08787093 -0.06805698 -0.01795312]], Action: [[ 1.         -0.16564086  1.          1.          0.7994121   1.        ]], Reward: [1.4860508],Reward_sum: 75.28447723388672, Done: [False]
==========
t: 60, State: [[ 0.12793109  1.18874898  0.20915968  0.03004029 -0.01339512  0.82142603
   0.01862003  0.01322331  0.8208495   0.52601651 -0.09647928  0.33803516
   0.07311999 -0.37940967  0.02652609 -0.08700637 -0.04822162 -0.01703964]], Action: [[ 1.         -0.17900786  1.          1.          0.8470417   1.        ]], Reward: [1.5091437],Reward_sum: 76.79361724853516, Done: [False]
==========
t: 61, State: [[ 0.13223978  1.18794781  0.21199545  0.03063134 -0.01634686  0.82162043
   0.01792261  0.01294554  0.82071726  0.55128788 -0.10379604  0.37120271
   0.07328511 -0.35550297  0.02195413 -0.08585945 -0.02380298 -0.01572334]], Action: [[ 1.         -0.1913124   1.          1.          0.90234804  1.        ]], Reward: [1.5337359],Reward_sum: 78.32735443115234, Done: [False]
==========
t: 62, State: [[ 0.13675531  1.18708764  0.2151093   0.03122197 -0.01908456  0.82178056
   0.01723757  0.01287471  0.82059659  0.57759432 -0.1112402   0.40709287
   0.07295604 -0.32660083  0.01801008 -0.08386305  0.00267434 -0.01414986]], Action: [[ 1.         -0.202351    1.          1.          0.96622634  1.        ]], Reward: [1.5594671],Reward_sum: 79.8868179321289, Done: [False]
==========
t: 63, State: [[ 0.14147927  1.1861682   0.21850047  0.03180188 -0.02159378  0.82191188
   0.01657944  0.01298018  0.82044233  0.60340622 -0.11864641  0.44052252
   0.07079027 -0.2987932   0.01476733 -0.07946111  0.02079443 -0.0227086 ]], Action: [[ 1.         -0.21178001  1.          1.          1.          0.97771204]], Reward: [1.5854934],Reward_sum: 81.47232055664062, Done: [False]
==========
t: 64, State: [[ 0.14640629  1.18518958  0.22214335  0.03234879 -0.02387942  0.82201864
   0.01597312  0.01317251  0.82019522  0.62843567 -0.12607249  0.47024884
   0.06517186 -0.27123193  0.01191443 -0.07149848  0.02581983 -0.03644456]], Action: [[ 1.         -0.21635467  1.          1.          1.          0.9515493 ]], Reward: [1.6109254],Reward_sum: 83.08324432373047, Done: [False]
==========
t: 65, State: [[ 0.15153208  1.18415083  0.22601498  0.03284257 -0.0259467   0.82210418
   0.0154372   0.01337684  0.8198172   0.65314198 -0.13370355  0.49783877
   0.05782923 -0.24462078  0.00948528 -0.06221298  0.02457511 -0.05448769]], Action: [[ 1.         -0.21982703  1.          1.          1.          0.91854393]], Reward: [1.6358325],Reward_sum: 84.71907806396484, Done: [False]
==========
t: 66, State: [[ 0.15685534  1.18304978  0.23010245  0.03327457 -0.0278062   0.8221719
   0.01497653  0.01355921  0.81928822  0.67781953 -0.14165887  0.52426897
   0.04993929 -0.21959049  0.00747158 -0.05288808  0.02074241 -0.07357936]], Action: [[ 1.         -0.22254348  1.          1.          1.          0.88360155]], Reward: [1.6605761],Reward_sum: 86.37965393066406, Done: [False]
==========
t: 67, State: [[ 0.16237653  1.18188372  0.23439842  0.03364435 -0.02947694  0.82222498
   0.0145877   0.01370705  0.81861654  0.70263904 -0.14995831  0.54999139
   0.04240055 -0.19768466  0.00582135 -0.04435442  0.01616014 -0.0900523 ]], Action: [[ 1.         -0.22501245  1.          1.          1.          0.85100436]], Reward: [1.685375],Reward_sum: 88.06502532958984, Done: [False]
==========
t: 68, State: [[ 0.16809746  1.18064964  0.23889923  0.03395636 -0.03098429  0.82226612
   0.01426305  0.01381854  0.81783658  0.72774732 -0.15867565  0.57548793
   0.03556537 -0.17879475  0.00448859 -0.03688311  0.0117703  -0.10100938]], Action: [[ 1.         -0.22706768  1.          1.          1.          0.8237784 ]], Reward: [1.710386],Reward_sum: 89.7754135131836, Done: [False]
==========
t: 69, State: [[ 0.17402102  1.17934375  0.24360537  0.0342161  -0.0323469   0.82229757
   0.01399448  0.01389746  0.8169989   0.75327874 -0.16791145  0.60129212
   0.0293913  -0.16163617  0.0033967  -0.03035581  0.00806612 -0.10516532]], Action: [[ 1.         -0.22835895  1.          1.          1.          0.802971  ]], Reward: [1.7357476],Reward_sum: 91.51116180419922, Done: [False]
==========
t: 70, State: [[ 0.18015116  1.17796158  0.24852161  0.03442778 -0.03357179  0.82232081
   0.01377579  0.01395048  0.81615784  0.77936473 -0.17774056  0.62793779
   0.02361447 -0.14461163  0.00244343 -0.02444119  0.00529984 -0.10268619]], Action: [[ 1.         -0.22848305  1.          1.          1.          0.78845847]], Reward: [1.7615935],Reward_sum: 93.27275848388672, Done: [False]
==========
t: 71, State: [[ 0.18649276  1.17649816  0.25365655  0.03459325 -0.03465379  0.8223366
   0.01360362  0.01398559  0.81536257  0.80610689 -0.18821378  0.6558539
   0.01792851 -0.12628152  0.00155029 -0.01876588  0.00356907 -0.09457671]], Action: [[ 1.         -0.22719315  1.          1.          1.          0.7797345 ]], Reward: [1.7880411],Reward_sum: 95.060791015625, Done: [False]
==========
t: 72, State: [[ 1.93051263e-01  1.17494823e+00  2.59021243e-01  3.47124632e-02
  -3.55791202e-02  8.22345272e-01  1.34771714e-02  1.40110209e-02
   8.14652595e-01  8.33543216e-01 -1.99357827e-01  6.85233787e-01
   1.21489854e-02 -1.05890065e-01  6.85162202e-04 -1.30727127e-02
   2.84148507e-03 -8.21734550e-02]], Action: [[ 1.         -0.2245315   1.          1.          1.          0.77620274]], Reward: [1.8151594],Reward_sum: 96.8759536743164, Done: [False]
==========
t: 73, State: [[ 1.99832033e-01  1.17330640e+00  2.64626959e-01  3.47847501e-02
  -3.63320843e-02  8.22347112e-01  1.33968201e-02  1.40342454e-02
   8.14056162e-01  8.61629650e-01 -2.11176852e-01  7.15964087e-01
   6.29593541e-03 -8.36406247e-02 -1.39872267e-04 -7.30777427e-03
   2.97210127e-03 -6.69065493e-02]], Action: [[ 1.         -0.2208161   1.          1.          1.          0.77711594]], Reward: [1.8429437],Reward_sum: 98.7188949584961, Done: [False]
==========
t: 74, State: [[ 2.06839735e-01  1.17156734e+00  2.70482713e-01  3.48105620e-02
  -3.69029248e-02  8.22342636e-01  1.33624292e-02  1.40611779e-02
   8.13589530e-01  8.90237656e-01 -2.23654728e-01  7.47616437e-01
   6.05588659e-04 -6.07286749e-02 -8.83035348e-04 -1.64073412e-03
   3.72567830e-03 -5.02967929e-02]], Action: [[ 1.         -0.21658742  1.          1.          1.          0.7813306 ]], Reward: [1.8713053],Reward_sum: 100.59020233154297, Done: [False]
==========
t: 75, State: [[ 0.21407773  1.16972593  0.2765931   0.03479286 -0.03729444  0.82233273
   0.0133718   0.01409564  0.81325592  0.91917861 -0.23676187  0.77953875
  -0.00454614 -0.03902603 -0.00149683  0.0035978   0.00481808 -0.03402256]], Action: [[ 1.        -0.2124469  1.         1.         1.         0.7871359]], Reward: [1.9000851],Reward_sum: 102.49028778076172, Done: [False]
==========
t: 76, State: [[ 0.22154787  1.16777727  0.28295747  0.03473749 -0.03752425  0.82231856
   0.01342006  0.01413924  0.81304445  0.94826347 -0.2504705   0.81107474
  -0.00881635 -0.02034567 -0.00195916  0.00807117  0.00598513 -0.01986922]], Action: [[ 1.         -0.20877606  1.          1.          1.          0.7923729 ]], Reward: [1.929096],Reward_sum: 104.41938018798828, Done: [False]
==========
t: 77, State: [[ 0.22925077  1.16571659  0.2895709   0.03465214 -0.03762083  0.82230125
   0.01350032  0.01419186  0.81293035  0.97737113 -0.2647727   0.84181371
  -0.01207236 -0.00564604 -0.00229388  0.01160728  0.00705184 -0.00949773]], Action: [[ 1.         -0.20555076  1.          1.          1.          0.79483104]], Reward: [1.9581878],Reward_sum: 106.37757110595703, Done: [False]
==========
t: 78, State: [[ 0.23718646  1.16353908  0.29642664  0.03454447 -0.0376157   0.82228158
   0.01360524  0.01425243  0.8128773   1.00647418 -0.27968736  0.87168438
  -0.01442635  0.00519701 -0.00255995  0.01425323  0.00795171 -0.00415156]], Action: [[ 1.         -0.20247358  1.          1.          1.          0.79266584]], Reward: [1.987292],Reward_sum: 108.36486053466797, Done: [False]
==========
t: 79, State: [[ 0.24535505  1.16123969  0.30351837  0.03442073 -0.03753656  0.8222598
   0.01372845  0.01431965  0.81284164  1.03561042 -0.29525206  0.900849
  -0.01611543  0.01295358 -0.00281826  0.01618936  0.00868877 -0.00446949]], Action: [[ 1.        -0.1992718  1.         1.         1.         0.7846124]], Reward: [2.0164185],Reward_sum: 110.38128662109375, Done: [False]
==========
t: 80, State: [[ 0.25375706  1.15881306  0.31084145  0.03428521 -0.03740433  0.82223581
   0.01386512  0.01439232  0.81277748  1.06484421 -0.3115125   0.92956015
  -0.01737722  0.01853576 -0.00310915  0.01762268  0.00929251 -0.01045191]], Action: [[ 1.         -0.19580957  1.          1.          1.          0.7700181 ]], Reward: [2.04562],Reward_sum: 112.42691040039062, Done: [False]
==========
t: 81, State: [[ 0.26239358  1.1562534   0.31839344  0.03414045 -0.03723258  0.82220924
   0.01401206  0.01446957  0.81264148  1.09425194 -0.32851983  0.9581087
  -0.01841995  0.02285341 -0.00345382  0.01875149  0.00980283 -0.02153472]], Action: [[ 1.         -0.19198626  1.          1.          1.          0.748796  ]], Reward: [2.0749679],Reward_sum: 114.50187683105469, Done: [False]
==========
t: 82, State: [[ 0.27126179  1.15353723  0.32616555  0.03399619 -0.03723102  0.82215318
   0.0141587   0.01455063  0.81240461  1.12192013 -0.35406425  0.9828461
  -0.01547487 -0.06708449 -0.01531042  0.0157328   0.01011521 -0.03336082]], Action: [[ 1.         -0.18758842  1.          1.          1.          0.721309  ]], Reward: [2.1039698],Reward_sum: 116.60585021972656, Done: [False]
==========
t: 83, State: [[ 0.28037022  1.15057961  0.33421896  0.03380563 -0.0378893   0.82198134
   0.0143386   0.01466144  0.81204644  1.15513421 -0.38451686  1.02914552
  -0.0303407  -0.10377131 -0.02581359  0.02804863  0.01675845 -0.05230917]], Action: [[ 1.        -0.1432592  1.         1.         1.         0.6777533]], Reward: [2.134075],Reward_sum: 118.73992156982422, Done: [False]
==========
t: 84, State: [[ 0.28976039  1.1473918   0.34268984  0.03346318 -0.03855081  0.82176298
   0.01465301  0.01483651  0.81147254  1.192048   -0.41175587  1.08624707
  -0.05253075 -0.0716225  -0.02779762  0.04854248  0.02588934 -0.08481238]], Action: [[ 1.         -0.10878733  1.          1.          1.          0.61233157]], Reward: [2.1693842],Reward_sum: 120.90930938720703, Done: [False]
==========
t: 85, State: [[ 0.2994494   1.14399796  0.35161803  0.03295213 -0.03888101  0.82154816
   0.01512984  0.01508109  0.81064167  1.22972134 -0.4361971   1.14316408
  -0.07238209 -0.02176616 -0.02545237  0.06838099  0.03409218 -0.11591123]], Action: [[ 1.         -0.08523098  1.          1.          1.          0.5559525 ]], Reward: [2.2068098],Reward_sum: 123.11611938476562, Done: [False]
==========
t: 86, State: [[ 0.30944774  1.14041336  0.361027    0.03226636 -0.03859106  0.82136166
   0.01578148  0.01539629  0.809589    1.26913342 -0.45953321  1.20570512
  -0.09556278  0.08072068 -0.02100548  0.09170364  0.04338587 -0.14037809]], Action: [[ 1.         -0.04860699  1.          1.          1.          0.5045183 ]], Reward: [2.2455359],Reward_sum: 125.36165618896484, Done: [False]
==========
t: 87, State: [[ 0.3197717   1.13664052  0.37097962  0.03136486 -0.03714558  0.82121526
   0.0166477   0.01579612  0.80841929  1.31076974 -0.48325189  1.27793788
  -0.12528741  0.26292114 -0.01558803  0.12125366  0.05503537 -0.1470396 ]], Action: [[1.         0.00157663 1.         1.         1.         0.47756863]], Reward: [2.2862668],Reward_sum: 127.64790344238281, Done: [False]
==========
t: 88, State: [[ 0.33045892  1.13266381  0.38155519  0.02988173 -0.03321323  0.82110995
   0.01775868  0.01629662  0.80730207  1.35926716 -0.51034696  1.3620938
  -0.23087094  0.68491462 -0.01055203  0.15428857  0.06892061 -0.13036058]], Action: [[0.7884543  0.07951134 1.         1.         1.         0.4792266 ]], Reward: [2.3320441],Reward_sum: 129.97994995117188, Done: [False]
==========
t: 89, State: [[ 0.34156405  1.12845239  0.39292534  0.02728999 -0.02466592  0.8210481
   0.01926409  0.01685117  0.8063898   1.41434034 -0.54167963  1.47496872
  -0.3935796   1.39647564 -0.00469288  0.21768917  0.07118725 -0.09834093]], Action: [[0.5675322  0.20840922 1.         1.         0.9038774  0.48885816]], Reward: [2.3847203],Reward_sum: 132.3646697998047, Done: [False]
==========
t: 90, State: [[ 0.3529289   1.12407321  0.40472313  0.02435306 -0.01322842  0.82104635
   0.02129886  0.01671141  0.80549447  1.4272749  -0.55370021  1.47256691
  -0.33959879  1.4546162   0.00349174  0.27719047 -0.08485551 -0.12035155]], Action: [[0.9257103  0.17837864 1.         1.         0.22727317 0.37452275]], Reward: [2.4175253],Reward_sum: 134.78219604492188, Done: [False]
==========
t: 91, State: [[ 3.64386896e-01  1.11959581e+00  4.16330088e-01  2.16799832e-02
  -1.14030577e-03  8.21102869e-01  2.34413566e-02  1.56445926e-02
   8.04449635e-01  1.43841278e+00 -5.65822505e-01  1.43104574e+00
  -3.20853935e-01  1.52464032e+00  6.50914590e-03  2.52692314e-01
  -1.68401628e-01 -1.36355355e-01]], Action: [[0.9390167  0.24673441 1.         0.79616547 0.06244931 0.3317293 ]], Reward: [2.429559],Reward_sum: 137.21176147460938, Done: [False]
==========
t: 92, State: [[ 0.37589383  1.11508264  0.42717267  0.01963074  0.00732539  0.82101741
   0.02490654  0.01398343  0.80331437  1.4399184  -0.56495234  1.29124371
  -0.19603726  0.65902749 -0.01991003  0.11963414 -0.23592884 -0.1437483 ]], Action: [[ 0.9627873   0.28746262  1.          0.71135956 -0.01339856  0.31991476]], Reward: [2.435748],Reward_sum: 139.6475067138672, Done: [False]
==========
t: 93, State: [[ 0.38753798  1.11047109  0.43744359  0.01844693  0.0107362   0.82089488
   0.0252306   0.0129017   0.8024427   1.47137547 -0.58854148  1.28222674
  -0.10677162  0.23981792 -0.00959507 -0.02195401 -0.05540031 -0.07949148]], Action: [[0.54648584 0.22784212 1.         1.         1.         0.46913856]], Reward: [2.451948],Reward_sum: 142.09945678710938, Done: [False]
==========
t: 94, State: [[ 3.99428475e-01  1.10566232e+00  4.47799188e-01  1.80067386e-02
   1.15088125e-02  8.20858266e-01  2.48244759e-02  1.28893217e-02
   8.01306316e-01  1.50158232e+00 -6.14744486e-01  1.30835202e+00
  -1.38986802e-02 -1.48353234e-02 -2.95752987e-04 -7.23054976e-02
   3.93238474e-02 -1.86610611e-01]], Action: [[0.7088818  0.07958415 1.         0.99225056 1.         0.16023646]], Reward: [2.4827933],Reward_sum: 144.58224487304688, Done: [False]
==========
t: 95, State: [[ 0.41149781  1.10073418  0.45798442  0.01778466  0.01081252  0.82083726
   0.02387079  0.01363567  0.79407098  1.51665191 -0.61722944  1.24547023
  -0.04009549 -0.1414889  -0.00463266 -0.14981504  0.1334509  -1.60308931]], Action: [[ 0.7079364   0.13895258  1.          0.56839204  1.         -0.16608064]], Reward: [2.5057962],Reward_sum: 147.08804321289062, Done: [False]
==========
t: 96, State: [[ 0.42362452  1.09615785  0.46682916  0.01655204  0.00964824  0.82071335
   0.02177559  0.01505512  0.76345129  1.50986333 -0.52602914  0.97046072
  -0.23048438 -0.13694227 -0.0142693  -0.3442602   0.20616705 -5.99468225]], Action: [[ 1.          0.73917246  1.         -0.88394165  0.51074153 -0.5288913 ]], Reward: [2.51197],Reward_sum: 149.60000610351562, Done: [False]
==========
t: 97, State: [[ 0.43569762  1.09196942  0.47422624  0.0147341   0.00911726  0.82070868
   0.01894299  0.01662745  0.71241091  1.50883488 -0.52095039  0.88343146
  -0.21477461 -0.00933854  0.00980588 -0.35766355  0.18237068 -6.78445125]], Action: [[ 1.          1.          1.         -0.51263607  0.7018745  -0.1558171 ]], Reward: [2.5053577],Reward_sum: 152.10536193847656, Done: [False]
==========
t: 98, State: [[ 0.44781713  1.08763999  0.48126978  0.01331068  0.00938282  0.82084765
   0.01607406  0.01780606  0.66224525  1.52198153 -0.56196799  0.88168935
  -0.13741588  0.06777141  0.02242491 -0.35953308  0.11293704 -5.78606149]], Action: [[ 1.          1.          1.         -0.4429571   0.76084197  0.05322815]], Reward: [2.5111604],Reward_sum: 154.61651611328125, Done: [False]
==========
t: 99, State: [[ 0.46005015  1.08319715  0.48817465  0.01239732  0.00999711  0.82097041
   0.01324847  0.01879218  0.6097032   1.55402058 -0.55064059  0.88939513
  -0.12624188  0.05050542 -0.01757442 -0.31625905  0.13827594 -7.3759081 ]], Action: [[ 1.          1.          1.         -0.5419969   0.83337766 -0.20811655]], Reward: [2.5250962],Reward_sum: 157.14161682128906, Done: [False]
==========
t: 100, State: [[ 0.47283077  1.07847083  0.49613284  0.01116784  0.01011159  0.82058551
   0.01114099  0.01965375  0.55810979  1.63729966 -0.63262767  1.09513505
  -0.16795045 -0.00833005 -0.06418012 -0.21859278  0.08037349 -5.53042546]], Action: [[ 1.          1.          1.         -0.50370985  0.764488    0.15465482]], Reward: [2.593716],Reward_sum: 159.73533630371094, Done: [False]
==========
t: 101, State: [[ 4.86075584e-01  1.07361665e+00  5.04796841e-01  9.71299038e-03
   9.97924930e-03  8.20113614e-01  9.58929318e-03  2.04784723e-02
   4.99662328e-01  1.65970698e+00 -5.77035100e-01  1.03251600e+00
  -1.67981313e-01 -1.12215237e-03 -3.41540900e-02 -1.83386547e-01
   1.13663753e-01 -9.03736821e+00]], Action: [[ 1.          1.          1.         -0.73987794  0.6652537  -0.4031129 ]], Reward: [2.651449],Reward_sum: 162.38677978515625, Done: [False]
==========
t: 102, State: [[ 0.49940174  1.06850251  0.51323303  0.00879272  0.01024435  0.82010351
   0.00752709  0.02074871  0.44928373  1.67030919 -0.70750227  1.07100518
  -0.06940654  0.06025141  0.0249254  -0.36638111 -0.03130475 -3.38942934]], Action: [[ 1.          1.          1.         -0.5748404   0.67949146  0.30218083]], Reward: [2.6618862],Reward_sum: 165.0486602783203, Done: [False]
==========
t: 103, State: [[ 0.51296703  1.06312931  0.52194082  0.00818313  0.01046155  0.82004184
   0.00398891  0.02041145  0.43121638  1.73289419 -0.63834391  1.15416639
  -0.08544742 -0.01079455 -0.0455956  -0.4622595  -0.04792449 -1.39011842]], Action: [[ 1.          1.          1.         -0.81798995  0.20083809 -0.8468436 ]], Reward: [2.6912348],Reward_sum: 167.7399139404297, Done: [False]
==========
t: 104, State: [[ 5.26956731e-01  1.05839699e+00  5.31222822e-01  7.90978574e-03
   1.00589422e-02  8.19738480e-01 -3.68321734e-04  2.06492067e-02
   4.23011498e-01  1.75186950e+00 -5.41959635e-01  1.11795909e+00
   1.21204329e-02 -6.72565550e-02 -1.78668453e-02 -6.54277660e-01
   8.92914592e-02 -7.69106207e-01]], Action: [[ 1.         0.6101527  1.        -0.6058656  0.780457  -1.       ]], Reward: [2.7443638],Reward_sum: 170.48428344726562, Done: [False]
==========
t: 105, State: [[ 5.41048869e-01  1.05440562e+00  5.40422085e-01  8.84403749e-03
   9.26597303e-03  8.19677285e-01 -5.56291513e-03  2.16049913e-02
   4.17428646e-01  1.76971871e+00 -4.54838883e-01  1.16280299e+00
   1.94699133e-01 -1.20452417e-01  2.38821867e-04 -6.56374910e-01
   1.40751093e-01 -6.97566904e-01]], Action: [[ 1.          0.26450855  1.         -0.16569068  1.         -0.9869673 ]], Reward: [2.7574456],Reward_sum: 173.24172973632812, Done: [False]
==========
t: 106, State: [[ 0.55524845  1.05109219  0.54957861  0.01068362  0.00823575  0.81972279
  -0.01103556  0.0227734   0.41136984  1.77961577 -0.37299082  1.11687871
   0.2518029  -0.13175449  0.00968999 -0.71672567  0.14733811 -0.86246173]], Action: [[ 1.          0.25587493  1.         -0.17925473  1.         -0.9275877 ]], Reward: [2.77099],Reward_sum: 176.01272583007812, Done: [False]
==========
t: 107, State: [[ 0.56953011  1.04844386  0.5583008   0.01282041  0.00717739  0.81980904
  -0.01692335  0.02387954  0.40303127  1.79060851 -0.28881716  1.05686354
   0.27267511 -0.12932502  0.01134893 -0.76024323  0.12853563 -1.24464978]], Action: [[ 1.          0.19782637  1.         -0.10876027  1.         -0.9392538 ]], Reward: [2.7812738],Reward_sum: 178.79400634765625, Done: [False]
==========
t: 108, State: [[ 0.58389664  1.04650291  0.56636897  0.01492478  0.00616823  0.81989602
  -0.02330077  0.02485288  0.39097497  1.80120693 -0.19638806  0.95788126
   0.24949274 -0.12064953  0.01026391 -0.83451424  0.11388533 -1.77586079]], Action: [[ 1.          0.17462213  1.         -0.12291885  1.         -0.9757421 ]], Reward: [2.7918189],Reward_sum: 181.58583068847656, Done: [False]
==========
t: 109, State: [[ 0.59834708  1.04532446  0.57350988  0.01669991  0.00529794  0.81997377
  -0.03039575  0.02574058  0.37440751  1.81176707 -0.09831943  0.8283997
   0.19550278 -0.09717769  0.00911453 -0.9355483   0.10637888 -2.36467421]], Action: [[ 1.          0.21973285  1.         -0.17774802  1.         -1.        ]], Reward: [2.8022249],Reward_sum: 184.3880615234375, Done: [False]
==========
t: 110, State: [[ 6.12887526e-01  1.04493010e+00  5.79600135e-01  1.80319560e-02
   4.64586101e-03  8.20043666e-01 -3.82736643e-02  2.65567740e-02
   3.53174669e-01  1.82373594e+00 -4.04254551e-04  6.96021179e-01
   1.40343565e-01 -6.76555545e-02  8.29798321e-03 -1.02960331e+00
   9.65257158e-02 -2.94063467e+00]], Action: [[ 1.          0.26437747  1.         -0.20745473  1.         -1.        ]], Reward: [2.813443],Reward_sum: 187.20150756835938, Done: [False]
==========
t: 111, State: [[ 0.62751273  1.04532987  0.5844904   0.01887717  0.0041027   0.82011269
  -0.04703633  0.02732389  0.32740216  1.83325524  0.09996232  0.53181863
   0.07634301 -0.06669825  0.00872508 -1.15244959  0.09337671 -3.49894557]], Action: [[ 1.         0.2173914  1.        -0.2874169  1.        -1.       ]], Reward: [2.8240201],Reward_sum: 190.02549743652344, Done: [False]
==========
t: 112, State: [[ 6.42089596e-01  1.04663018e+00  5.87161837e-01  1.91828134e-02
   1.60302368e-03  8.20200505e-01 -5.77091974e-02  2.81269091e-02
   2.97196606e-01  1.81142060e+00  2.24868064e-01  1.41513031e-01
   8.01030620e-03 -5.61557702e-01  1.24847653e-02 -1.50529423e+00
   1.03637899e-01 -4.04874497e+00]], Action: [[ 1.          0.09489098  1.         -0.44319686  1.         -1.        ]], Reward: [2.8179033],Reward_sum: 192.84339904785156, Done: [False]
==========
t: 113, State: [[ 0.65639979  1.04900912  0.58626338  0.01948061 -0.007515    0.82029576
  -0.07144003  0.0288146   0.26262057  1.7662159   0.36939353 -0.36992416
   0.05846721 -1.71133737  0.01097026 -1.93177791  0.07074735 -4.59126144]], Action: [[ 1.         -0.10147688  1.         -0.24078761  1.         -1.        ]], Reward: [2.7847056],Reward_sum: 195.6280975341797, Done: [False]
==========
t: 114, State: [[ 6.70963600e-01  1.05208076e+00  5.85423084e-01  2.02011774e-02
  -1.60932717e-02  8.20292851e-01 -8.41871293e-02  2.90506879e-02
   2.23943191e-01  1.87539071e+00  3.98585007e-01  1.54624486e-01
   1.11783697e-01 -4.26898159e-01 -8.91881968e-03 -1.26558593e+00
  -2.59610461e-03 -5.07950577e+00]], Action: [[ 1.          0.20488372  0.9925641   0.15315296  1.         -1.        ]], Reward: [2.816426],Reward_sum: 198.44451904296875, Done: [False]
==========
t: 115, State: [[ 0.68564764  1.05592987  0.58327312  0.02049248 -0.02513005  0.82030061
  -0.09768228  0.02936111  0.18122378  1.79577447  0.56292585 -0.68076069
  -0.02221884 -1.83888219  0.00837369 -2.08613706  0.06993039 -5.5962263 ]], Action: [[ 1.         -0.01861343  1.         -0.6282811   1.         -1.        ]], Reward: [2.83111],Reward_sum: 201.275634765625, Done: [False]
==========
t: 116, State: [[ 7.00567321e-01  1.06047957e+00  5.80631305e-01  2.05245473e-02
  -3.28233551e-02  8.19823460e-01 -1.10891905e-01  2.96192805e-02
   1.34504699e-01  1.93478183e+00  5.74689356e-01  1.61905444e-02
   2.36913366e-02 -8.11286275e-02 -1.10203943e-01 -1.22462646e+00
   2.87216426e-03 -6.08735872e+00]], Action: [[ 1.          0.32142404  0.786165    0.07350793  1.         -1.        ]], Reward: [2.8612332],Reward_sum: 204.13687133789062, Done: [False]
==========
t: 117, State: [[ 0.71581462  1.06564651  0.5779354   0.01996949 -0.0370191   0.81932577
  -0.1234565   0.03005397  0.08381814  1.8773393   0.71656299 -0.67485292
  -0.13901837 -0.97890555 -0.02397063 -1.88764013  0.0928119  -6.58407446]], Action: [[ 1.          0.1515601   1.         -0.81957763  1.         -1.        ]], Reward: [2.9012172],Reward_sum: 207.0380859375, Done: [False]
==========
t: 118, State: [[ 0.73104956  1.07167404  0.57316077  0.01939665 -0.04375372  0.81897763
  -0.13716056  0.03050379  0.02902328  1.93157767  0.79039314 -0.52719065
  -0.01861368 -0.69610789 -0.05754822 -1.55078316  0.0272702  -7.11932826]], Action: [[ 1.          0.11182407  0.88016236 -0.08998505  1.         -1.        ]], Reward: [2.9005728],Reward_sum: 209.93865966796875, Done: [False]
==========
t: 119, State: [[ 7.46671086e-01  1.07830534e+00  5.68962233e-01  1.91036682e-02
  -4.77879496e-02  8.18760655e-01 -1.49008037e-01  3.07542012e-02
  -3.00772611e-02  1.97415462e+00  8.67441118e-01 -5.18862568e-01
  -4.97034727e-02 -3.14740589e-01 -3.18278062e-03 -1.40323452e+00
   3.40064748e-02 -7.66126399e+00]], Action: [[ 1.          0.22637352  1.         -0.36913684  1.         -1.        ]], Reward: [2.948503],Reward_sum: 212.88717651367188, Done: [False]
==========
t: 120, State: [[ 0.76264823  1.08552639  0.56485972  0.01827223 -0.04764185  0.81886669
  -0.15969116  0.03118529 -0.09356075  2.02042629  0.93773614 -0.49758814
  -0.14303302  0.3421224   0.02555962 -1.24998605  0.06822428 -8.21625923]], Action: [[ 1.          0.37170318  1.         -0.61670065  1.         -1.        ]], Reward: [2.9926243],Reward_sum: 215.8798065185547, Done: [False]
==========
t: 121, State: [[ 0.77886468  1.0933879   0.56019776  0.01686257 -0.04418849  0.81913793
  -0.16978544  0.03186856 -0.16162293  2.03368603  1.02752956 -0.66092888
  -0.19743751  0.51357204  0.03951918 -1.25811028  0.09704345 -8.80757922]], Action: [[ 1.          0.34156546  1.         -0.75913024  1.         -1.        ]], Reward: [3.0223637],Reward_sum: 218.9021759033203, Done: [False]
==========
t: 122, State: [[ 0.79526344  1.10191802  0.55486853  0.0152823  -0.03840727  0.81945916
  -0.17908517  0.03264147 -0.234647    2.06583016  1.10497861 -0.66924731
  -0.19294581  0.92713002  0.03964895 -1.05910213  0.09457259 -9.45956631]], Action: [[ 1.          0.37352017  1.         -0.703987    1.         -1.        ]], Reward: [3.0452096],Reward_sum: 221.9473876953125, Done: [False]
==========
t: 123, State: [[  0.81193014   1.11105341   0.54960432   0.01377985  -0.02903274
    0.81976068  -0.18654551   0.03337889  -0.31315879   2.10052977
    1.17886613  -0.64597993  -0.17938371   1.41163574   0.03521134
   -0.80002325   0.08875163 -10.        ]], Action: [[ 1.         0.3995804  1.        -0.7257553  1.        -1.       ]], Reward: [3.078651],Reward_sum: 225.02603149414062, Done: [False]
==========
t: 124, State: [[  0.82906595   1.12063634   0.54578644   0.01226604  -0.01228907
    0.81994695  -0.19057889   0.03406979  -0.39772174   2.18280894
    1.21656269  -0.30697549  -0.19209813   2.76359863   0.01323244
   -0.20128496   0.08313454 -10.        ]], Action: [[ 1.          0.5792198   0.97302914 -0.75441706  1.         -1.        ]], Reward: [3.1371255],Reward_sum: 228.1631622314453, Done: [False]
==========
t: 125, State: [[ 8.46557342e-01  1.13067432e+00  5.42342744e-01  9.31669738e-03
   1.26406639e-02  8.19418506e-01 -1.92333210e-01  3.48581547e-02
  -4.88888892e-01  2.14090118e+00  1.32966962e+00 -7.88670890e-01
  -3.24165269e-01  2.40325844e+00 -1.20291293e-01 -4.41891485e-01
   1.06396638e-01 -1.00000000e+01]], Action: [[ 1.         0.7476114  0.7008948 -1.         1.        -1.       ]], Reward: [3.1813736],Reward_sum: 231.34454345703125, Done: [False]
==========
t: 126, State: [[ 8.63358479e-01  1.14192383e+00  5.33691669e-01  7.75858513e-03
   2.55784827e-02  8.17843419e-01 -1.96705820e-01  3.55729481e-02
  -5.88553393e-01  2.06467511e+00  1.47750970e+00 -1.34451817e+00
  -9.64394908e-02  9.75531567e-01 -2.51371228e-01 -6.17221705e-01
   7.56181209e-02 -1.00000000e+01]], Action: [[ 1.          0.95836306  0.5308287  -0.74310386  1.         -1.        ]], Reward: [3.0953896],Reward_sum: 234.43992614746094, Done: [False]
==========
t: 127, State: [[ 8.79671271e-01  1.15423608e+00  5.21402940e-01  7.58175853e-03
   3.00227084e-02  8.16417520e-01 -2.01408703e-01  3.60469489e-02
  -6.99202958e-01  2.01367687e+00  1.59767208e+00 -1.71267664e+00
   3.31439873e-02  2.19914423e-01 -1.18371203e-01 -5.13471043e-01
   4.84976804e-02 -1.00000000e+01]], Action: [[ 1.          0.91520774  0.8770176  -0.6306387   1.         -1.        ]], Reward: [3.0340946],Reward_sum: 237.4739990234375, Done: [False]
==========
t: 128, State: [[ 8.95460875e-01  1.16713436e+00  5.06579883e-01  8.14454613e-03
   3.00690932e-02  8.16115659e-01 -2.04240655e-01  3.60372179e-02
  -8.57354299e-01  1.93797933e+00  1.53299859e+00 -1.95741914e+00
   7.71162824e-02 -1.53400978e-01  3.99706370e-02 -5.75911336e-01
  -1.54539366e-01 -1.00000000e+01]], Action: [[ 1.         0.825559   1.        -0.5628184  1.        -1.       ]], Reward: [2.968702],Reward_sum: 240.4427032470703, Done: [False]
==========
t: 129, State: [[ 0.91085067  1.1785419   0.49048512  0.00873823  0.0281832   0.81678419
  -0.21195995  0.03389845 -0.9429604   1.91460493  1.33143946 -2.0595326
   0.07055933 -0.29459372  0.11240762 -1.31709993 -0.33238429 -6.06586057]], Action: [[ 1.          0.848413    0.99510205 -0.52529395  1.         -1.        ]], Reward: [2.9187381],Reward_sum: 243.36143493652344, Done: [False]
==========
t: 130, State: [[ 0.92624611  1.18855442  0.47477337  0.01010585  0.02555095  0.81771548
  -0.22298403  0.0308611  -0.96788679  1.93341309  1.17872296 -1.88684695
   0.24509844 -0.34744369  0.11555285 -1.43570237 -0.39782025 -0.78887873]], Action: [[ 1.          0.560063    1.          0.07052543  1.         -1.        ]], Reward: [2.920112],Reward_sum: 246.2815399169922, Done: [False]
==========
t: 131, State: [[ 0.94192185  1.19746917  0.46155957  0.01366949  0.02213921  0.8185058
  -0.23231743  0.02727806 -0.96319084  1.98331195  1.05425592 -1.45417145
   0.58933897 -0.4757584   0.08297608 -0.93225826 -0.47031283  1.62370633]], Action: [[ 1.         -0.34874097  1.          1.          1.         -1.        ]], Reward: [2.9543455],Reward_sum: 249.2358856201172, Done: [False]
==========
t: 132, State: [[ 0.95786834  1.20550678  0.45032182  0.01828659  0.01826047  0.81738035
  -0.23947864  0.02386505 -0.94584874  2.00270516  0.95662475 -1.36163123
   0.55459509 -0.48058618 -0.30902464 -0.85479261 -0.38032389  2.53243266]], Action: [[ 1.         -0.20797512  0.23191608  0.57810646  1.         -1.        ]], Reward: [2.9898806],Reward_sum: 252.22576904296875, Done: [False]
==========
t: 133, State: [[ 0.97403916  1.21307897  0.44012257  0.02198121  0.01470282  0.78308773
  -0.24553996  0.0213188  -0.92473264  2.03954148  0.93891541 -1.18481009
   0.38080281 -0.40613984 -8.2299283  -0.64618784 -0.26225746  2.65914771]], Action: [[ 1.         -0.0646185  -0.5560111   0.28029355  1.         -1.        ]], Reward: [3.01796],Reward_sum: 255.2437286376953, Done: [False]
==========
t: 134, State: [[ 0.99004289  1.21972464  0.4280042   0.02374495  0.01225584  0.77352115
  -0.25456668  0.01993974 -0.90402185  1.96261182  0.72207714 -1.82238021
   0.09254566 -0.22274163  5.7963994  -1.57367122 -0.09906728  2.47469684]], Action: [[ 1.          0.76978886  1.         -0.33096686  0.87984204 -1.        ]], Reward: [2.9959908],Reward_sum: 258.2397155761719, Done: [False]
==========
t: 135, State: [[ 1.00600066  1.22535086  0.415409    0.02508539  0.01142265  0.79576078
  -0.26427046  0.0189813  -0.885826    2.02464858  0.68532994 -1.34919289
   0.22208464 -0.01068001 -0.22882345 -0.88138169 -0.13255708  2.06800332]], Action: [[ 1.          0.6724937  -0.39834148  0.62220275  1.         -1.        ]], Reward: [2.990723],Reward_sum: 261.23046875, Done: [False]
==========
t: 136, State: [[ 1.02145401e+00  1.23089868e+00  4.00238854e-01  2.70628045e-02
  -5.81224082e-04  7.94107425e-01 -2.75571322e-01  1.81461005e-02
  -8.70858092e-01  1.83737127e+00  6.99436060e-01 -2.45021117e+00
   2.60650861e-01 -2.98306609e+00 -1.85228017e-01 -1.95044854e+00
  -8.01622857e-02  1.67679311e+00]], Action: [[ 1.         -0.67369556  0.08620037  0.25931603  1.         -1.        ]], Reward: [2.9281406],Reward_sum: 264.1585998535156, Done: [False]
==========
t: 137, State: [[ 1.03828456e+00  1.23557057e+00  3.93457251e-01  2.85389248e-02
   4.74009665e-03  7.56044573e-01 -2.77009438e-01  1.71862307e-02
  -8.59022588e-01  2.27104242e+00  5.19218928e-01  1.90092495e-01
   1.97693892e-01  2.72405174e+00 -9.13861789e+00  1.02134389e+00
  -1.49595579e-01  1.29206438e+00]], Action: [[ 1.         1.        -0.5601096  1.         1.        -1.       ]], Reward: [3.0985038],Reward_sum: 267.2571105957031, Done: [False]
==========
t: 138, State: [[ 1.05555164  1.23907037  0.3884921   0.02834704  0.0196952   0.74109207
  -0.27700338  0.01647109 -0.84874998  2.05945594  0.35017231 -1.33216301
  -0.2011287   1.16620041  5.34949052 -0.90726269 -0.04123885  1.24805383]], Action: [[ 1.          0.90662014  1.         -0.9447121   0.41007024 -0.62501013]], Reward: [3.1541126],Reward_sum: 270.4112243652344, Done: [False]
==========
t: 139, State: [[ 1.07180065  1.24171329  0.37671379  0.02721744  0.02505445  0.78039955
  -0.28531595  0.01640067 -0.84043315  2.00826089  0.3071112  -1.58375841
  -0.09624197  0.27231497  4.46402171 -1.14110535  0.01620922  0.85624422]], Action: [[ 1.          0.18570915 -0.06258057  0.03687074  1.         -1.        ]], Reward: [3.0280857],Reward_sum: 273.4393310546875, Done: [False]
==========
t: 140, State: [[ 1.08794337  1.24394697  0.36506373  0.02761444  0.02562729  0.8095805
  -0.29251176  0.01622325 -0.83481035  2.03006635  0.25484601 -1.3240415
   0.15811379 -0.08270784  2.32463984 -0.65755706 -0.05179004  0.56818899]], Action: [[ 1.          0.24165085  0.10387005  0.7471751   1.         -1.        ]], Reward: [3.0142136],Reward_sum: 276.4535217285156, Done: [False]
==========
t: 141, State: [[ 1.10422851  1.24575409  0.35496448  0.0292606   0.02371759  0.82186275
  -0.29663697  0.0157305  -0.83106904  2.04233571  0.19440983 -1.20291288
   0.23613397 -0.35335985  0.894631   -0.3819276  -0.06738253  0.38009916]], Action: [[ 1.         -0.20057783  0.60856223  0.68468237  1.         -1.        ]], Reward: [3.0317621],Reward_sum: 279.48529052734375, Done: [False]
==========
t: 142, State: [[ 1.1200162   1.24731237  0.34240017  0.03175584  0.01054891  0.82661952
  -0.30197137  0.01511101 -0.82858389  1.90287454  0.19286852 -1.95620678
   0.3628097  -2.92797817  0.35050953 -0.97612696 -0.08301097  0.25044428]], Action: [[ 1.         -0.8083601   1.          0.80476964  1.         -1.        ]], Reward: [2.9681604],Reward_sum: 282.45343017578125, Done: [False]
==========
t: 143, State: [[ 1.13634952e+00  1.24845399e+00  3.33403622e-01  3.40637105e-02
   8.49834673e-04  7.96116766e-01 -3.02033691e-01  1.43045709e-02
  -8.26999143e-01  2.24530427e+00  6.84914779e-02  6.85839519e-02
   1.82753879e-01  1.49142493e+00 -8.03123413e+00  1.32019406e+00
  -1.11781307e-01  1.53667251e-01]], Action: [[ 1.         1.        -0.5285213  1.         1.        -1.       ]], Reward: [3.0363853],Reward_sum: 285.48980712890625, Done: [False]
==========
t: 144, State: [[ 1.15371581  1.24834345  0.32932801  0.03381763  0.00927082  0.77761966
  -0.29731067  0.01360658 -0.82490456  2.10193617 -0.11247939 -1.05382803
  -0.19713993  0.68462929  4.68077471 -0.11200136 -0.06407291  0.34087495]], Action: [[ 1.          0.63190323  1.         -0.59675837  0.29874745 -0.6454154 ]], Reward: [3.1675253],Reward_sum: 288.6573486328125, Done: [False]
==========
t: 145, State: [[ 1.17043674  1.2472139   0.32049952  0.03257076  0.01250013  0.81179457
  -0.29853941  0.01346817 -0.82294298  2.08448788 -0.16179774 -1.10581054
  -0.12419714  0.18008904  2.83532831 -0.13258742  0.01721857  0.16493293]], Action: [[ 1.         -0.02358505  0.28430462  0.22681905  1.         -1.        ]], Reward: [3.0869844],Reward_sum: 291.74432373046875, Done: [False]
==========
t: 146, State: [[ 1.18676647  1.24583788  0.30999805  0.03214474  0.00736306  0.82721125
  -0.300921    0.0136871  -0.82206318  1.99606382 -0.18443544 -1.53670938
   0.00290556 -1.46555459  1.18621738 -0.48268662  0.03491559  0.06586442]], Action: [[ 1.         -0.46067163  0.8209406   0.36096558  1.         -1.        ]], Reward: [3.037199],Reward_sum: 294.7815246582031, Done: [False]
==========
t: 147, State: [[ 1.20321200e+00  1.24404927e+00  3.00974408e-01  3.29086493e-02
  -4.47250067e-04  8.23936637e-01 -3.00427463e-01  1.36173415e-02
  -8.21841648e-01  2.11398572e+00 -2.61933418e-01 -7.38187730e-01
   1.63995048e-01 -4.81928035e-01 -1.99302197e+00  5.78812730e-01
  -4.19123988e-02 -2.46705862e-03]], Action: [[ 1.         0.0664278 -0.1781634  1.         1.        -1.       ]], Reward: [3.0516555],Reward_sum: 297.83319091796875, Done: [False]
==========
t: 148, State: [[ 1.21979130e+00  1.24166605e+00  2.92721884e-01  3.32934232e-02
  -7.70121463e-03  8.13134950e-01 -2.98627548e-01  1.37943226e-02
  -8.21851570e-01  2.03202033e+00 -3.33188088e-01 -1.30362876e+00
  -4.20349282e-02 -1.34185517e+00 -8.26382778e-01 -9.55846150e-02
   7.03299755e-02 -9.23083005e-05]], Action: [[ 1.         -0.14706221  1.         -0.08540691  1.         -1.        ]], Reward: [3.0683835],Reward_sum: 300.90155029296875, Done: [False]
==========
t: 149, State: [[ 1.23676941  1.23856371  0.28426328  0.03367749 -0.01775671  0.80850381
  -0.29704552  0.0028721  -0.82391743  2.21709511 -0.44530674 -0.81788388
   0.11401354 -1.15466241 -0.37522045  0.37509434 -2.53361298 -0.43418726]], Action: [[ 1.         -0.32934752  0.7122499   0.98572993  1.         -1.        ]], Reward: [3.1176763],Reward_sum: 304.01922607421875, Done: [False]
==========
t: 150, State: [[ 1.25477146  1.23443375  0.27551301  0.03410036 -0.03375187  0.80735708
  -0.3024702  -0.01437252 -0.8279718   2.28241981 -0.59063326 -1.35853076
   0.00529113 -2.84657736  0.03779781 -1.77205807 -1.54191236 -0.53103848]], Action: [[ 1.         -0.44366565  1.          0.27548495  1.         -1.        ]], Reward: [3.245983],Reward_sum: 307.2652282714844, Done: [False]
==========
t: 151, State: [[ 1.275533    1.22891152  0.2768234   0.03330018 -0.02942007  0.7677825
  -0.30774154 -0.02465043 -0.83183726  2.90826379 -0.79109715  1.70124494
  -0.17817012  3.9253043  -9.91195808  0.44122072 -0.90113228 -0.42386494]], Action: [[ 1.          0.91582644 -0.6666075   0.7434776   1.         -1.        ]], Reward: [3.5903568],Reward_sum: 310.8555603027344, Done: [False]
==========
t: 152, State: [[ 1.29895385e+00  1.22115469e+00  2.86029611e-01  3.03051188e-02
  -1.98569840e-03  7.48310535e-01 -3.20278565e-01 -1.67788935e-02
  -8.34465756e-01  2.94565103e+00 -1.14942716e+00  6.30495184e-01
  -5.14475663e-01  2.89031453e+00  5.03411645e+00 -3.54794321e+00
   2.92433604e+00 -2.42296882e-01]], Action: [[ 1.          0.285924    1.         -1.          0.42099744 -1.        ]], Reward: [3.923348],Reward_sum: 314.7789306640625, Done: [False]
==========
t: 153, State: [[ 1.32236088  1.21148089  0.28905561  0.02623185  0.0161732   0.7853543
  -0.35520173  0.01206749 -0.83551684  2.84437299 -1.22556106  0.07794103
  -0.43599178  1.52420499  4.1115588  -4.45184323  3.01913012  0.04507926]], Action: [[ 1.          1.         -0.1077805  -0.5948373   0.41861835 -1.        ]], Reward: [3.922338],Reward_sum: 318.70123291015625, Done: [False]
==========
t: 154, State: [[ 1.3446109   1.20169796  0.2891702   0.02395265  0.02458042  0.80612911
  -0.38685238  0.02804049 -0.83428013  2.72939381 -1.22574115 -0.03632654
  -0.16873917  0.66291666  1.11528697 -3.54993345  1.16556343  0.2298557 ]], Action: [[ 1.          1.         -0.21113907 -0.03827701  0.39596853 -1.        ]], Reward: [3.7780497],Reward_sum: 322.47930908203125, Done: [False]
==========
t: 155, State: [[ 1.36625173  1.1917226   0.28923676  0.02391083  0.0273979   0.81282603
  -0.41212541  0.03301366 -0.83227481  2.68602065 -1.27173495  0.04612437
   0.11673917  0.10603991  0.60443787 -2.83748089  0.18992866  0.25782734]], Action: [[ 1.          0.44605282  0.9068817   0.50191164  0.60799646 -1.        ]], Reward: [3.7014606],Reward_sum: 326.1807556152344, Done: [False]
==========
t: 156, State: [[ 1.3875283   1.18129742  0.28892374  0.02484453  0.02645765  0.81661804
  -0.43460285  0.03302475 -0.83025919  2.63787144 -1.33712332 -0.10669976
   0.11109292 -0.28694927  0.36290087 -2.78741743 -0.14339283  0.24040637]], Action: [[ 1.          0.06592396  1.          0.1276656   0.9261149  -1.        ]], Reward: [3.6556926],Reward_sum: 329.83642578125, Done: [False]
==========
t: 157, State: [[ 1.40849603  1.1704072   0.28751098  0.02551543  0.02268903  0.81881108
  -0.45709358  0.03136739 -0.82849276  2.60703255 -1.27150508 -0.30514411
   0.07665782 -1.41729834  0.12432841 -2.82147651 -0.26974617  0.17882407]], Action: [[ 1.          0.15003362  1.          0.02685028  1.         -1.        ]], Reward: [3.616943],Reward_sum: 333.453369140625, Done: [False]
==========
t: 158, State: [[ 1.42990021  1.1620166   0.28689704  0.0264464   0.00315593  0.81838718
  -0.47573999  0.02862602 -0.82753312  2.74846332 -0.87224821  0.19597552
   0.13486038 -3.03425814 -0.15465159 -1.8406147  -0.3842197   0.07948954]], Action: [[ 1.          0.36193976  1.          0.43250492  1.         -1.        ]], Reward: [3.671205],Reward_sum: 337.12457275390625, Done: [False]
==========
t: 159, State: [[ 1.4526853   1.1557976   0.29242683  0.02823387 -0.01996645  0.81571076
  -0.48472487  0.02523567 -0.82708536  2.94945472 -0.71379414  1.19414131
   0.28064387 -2.54197176 -0.45048765 -0.43359026 -0.43951381  0.04153974]], Action: [[ 1.          0.14955612  0.3986088   1.          1.         -1.        ]], Reward: [3.8439543],Reward_sum: 340.96856689453125, Done: [False]
==========
t: 160, State: [[ 1.47545506  1.15067798  0.29760948  0.03122593 -0.05209372  0.81300012
  -0.49164058  0.02193951 -0.82675643  2.74328284 -0.58659223  0.09638505
   0.43352158 -5.38868727 -0.24172337 -1.32171346 -0.37782032  0.0433979 ]], Action: [[ 1.        -1.         0.6276388  0.8012527  1.        -1.       ]], Reward: [3.8411841],Reward_sum: 344.80975341796875, Done: [False]
==========
t: 161, State: [[  1.49865675   1.14645512   0.30606744   0.03396289  -0.07555359
    0.761226    -0.4928216    0.01896173  -0.82484368   3.05701413
   -0.46770263   2.01606998   0.26498159  -0.48019466 -10.
    1.02544938  -0.35880621   0.38271166]], Action: [[ 1.          0.20193909 -1.          1.          1.         -0.25145155]], Reward: [3.8961072],Reward_sum: 348.70587158203125, Done: [False]
==========
t: 162, State: [[ 1.52189422  1.14238104  0.31440641  0.03562182 -0.0967666   0.69693105
  -0.49343344  0.01704024 -0.8213416   2.75371087 -0.5571346   0.08594281
   0.15674577 -4.79990156 -3.40443725 -1.15371379 -0.14207479  0.47147795]], Action: [[ 1.         -0.75023186  0.70276976  0.11321121  1.         -0.44041204]], Reward: [3.9014204],Reward_sum: 352.6072692871094, Done: [False]
==========
t: 163, State: [[  1.54433274   1.13885019   0.31802623   0.03714132  -0.12817456
    0.62203663  -0.49759602   0.01564757  -0.81899969   2.85436859
   -0.32277434   0.79774029   0.21231345  -3.02331993 -10.
    0.08441425  -0.19532809   0.14863986]], Action: [[ 1.         -0.38558844 -1.          1.          1.         -0.92329824]], Reward: [3.7998137],Reward_sum: 356.4071044921875, Done: [False]
==========
t: 164, State: [[  1.56708058   1.13698694   0.32428441   0.03907081  -0.15201438
    0.46298154  -0.49549187   0.01412181  -0.81864743   2.83340189
   -0.1651574    0.77347285   0.25399131  -2.92428362 -10.
    0.42604663  -0.17968701  -0.0334194 ]], Action: [[ 1.        -0.6734915 -0.7626427  0.9696781  1.        -1.       ]], Reward: [3.8385043],Reward_sum: 360.24560546875, Done: [False]
==========
t: 165, State: [[  1.58952587   1.1360017    0.32957627   0.04103127  -0.17865192
    0.29977188  -0.49193483   0.01286387  -0.81922334   2.78046436
   -0.0864158    0.56973783   0.23004673  -3.85559349 -10.
    0.4810446   -0.13586361  -0.09889786]], Action: [[ 1.         -0.7395681  -0.53156626  0.9039879   1.         -1.        ]], Reward: [3.801015],Reward_sum: 364.0466003417969, Done: [False]
==========
t: 166, State: [[ 1.61192795  1.13585537  0.33558694  0.04252385 -0.20793018  0.23236919
  -0.48521359  0.01187336 -0.82015885  2.81899684  0.04864423  0.92463492
   0.14981719 -3.43797178 -4.95922482  1.18864891 -0.11149952 -0.12778944]], Action: [[ 1.        -0.5365722 -1.         0.8876279  1.        -1.       ]], Reward: [3.795184],Reward_sum: 367.841796875, Done: [False]
==========
t: 167, State: [[ 1.63370218  1.13692935  0.33888888  0.0425994  -0.24204     0.21024455
  -0.47902767  0.0113208  -0.8211257   2.62541304  0.21821583 -0.08410741
  -0.09807542 -5.07051556 -1.17565226  0.37762872 -0.034828   -0.11219898]], Action: [[ 0.4535143  -0.95979524 -1.          0.4979279   1.         -1.        ]], Reward: [3.7174037],Reward_sum: 371.5592041015625, Done: [False]
==========
t: 168, State: [[ 1.65498609  1.1391398   0.34024807  0.04179647 -0.2782591   0.20353458
  -0.47276885  0.01111974 -0.82197911  2.69429716  0.33481644  0.41417162
  -0.0987382  -3.97896327 -0.7980066   1.17726381 -0.01703457 -0.1000079 ]], Action: [[ 1.         -0.2849563  -1.          0.62956566  1.         -1.        ]], Reward: [3.6560123],Reward_sum: 375.2152099609375, Done: [False]
==========
t: 169, State: [[ 1.67616563  1.14238422  0.34168319  0.04027727 -0.31139496  0.19575967
  -0.46435223  0.01113096 -0.82268285  2.60105239  0.47540079 -0.04491651
  -0.25496501 -4.30936343 -1.28402105  0.94039576  0.01550465 -0.07652442]], Action: [[ 0.40538198 -0.6386442  -1.          0.4820585   1.         -1.        ]], Reward: [3.6436372],Reward_sum: 378.8588562011719, Done: [False]
==========
t: 170, State: [[ 1.69703664  1.14667207  0.34223513  0.03879004 -0.34353384  0.18059905
  -0.45477672  0.01126344 -0.82323435  2.61503305  0.59657369  0.16681372
  -0.12783952 -3.72357104 -2.55489128  1.43529667  0.01724797 -0.06158439]], Action: [[ 1.         -0.38327143 -1.          0.54943806  1.         -1.        ]], Reward: [3.6044273],Reward_sum: 382.4632873535156, Done: [False]
==========
t: 171, State: [[ 1.71783226  1.15193325  0.34310713  0.0376451  -0.37216796  0.15483599
  -0.44307121  0.01160761 -0.82362925  2.58324446  0.71860069  0.0487622
  -0.15087734 -3.4434765  -3.89498674  1.49166842  0.06193898 -0.03872899]], Action: [[ 1.         -0.2980086  -1.          0.19976155  1.         -1.        ]], Reward: [3.595324],Reward_sum: 386.0586242675781, Done: [False]
==========
t: 172, State: [[ 1.73874749  1.15812488  0.34488466  0.036213   -0.39465584  0.11763201
  -0.42898568  0.01218086 -0.82388674  2.64510446  0.82944957  0.39419439
  -0.19571384 -2.19649824 -5.39288631  2.03004561  0.07748812 -0.02647975]], Action: [[ 1.          0.01660433 -0.9944404   0.17527933  1.         -1.        ]], Reward: [3.6103833],Reward_sum: 389.66900634765625, Done: [False]
==========
t: 173, State: [[ 1.75929196e+00  1.16527299e+00  3.44703703e-01  3.42694609e-02
  -4.15780872e-01  7.01684117e-02 -4.16008617e-01  1.31379845e-02
  -8.23971104e-01  2.49137095e+00  9.57181863e-01 -4.30783998e-01
  -2.73307507e-01 -3.08606937e+00 -6.46957122e+00  1.23006834e+00
   1.49284377e-01  2.24184028e-03]], Action: [[ 1.         -0.33371922 -1.         -0.37347403  1.         -1.        ]], Reward: [3.563808],Reward_sum: 393.2328186035156, Done: [False]
==========
t: 174, State: [[ 1.78049819  1.17313399  0.34789955  0.03212394 -0.42607517  0.01245853
  -0.39840406  0.0139841  -0.82402256  2.80951908  1.00790182  1.22262558
  -0.2573429   0.48123504 -7.93627625  3.15867195  0.06991702 -0.01338138]], Action: [[ 1.         0.7389382 -0.7757771  0.3624824  1.        -1.       ]], Reward: [3.6464996],Reward_sum: 396.87933349609375, Done: [False]
==========
t: 175, State: [[ 1.80217441  1.18170224  0.35298158  0.02926489 -0.42735894 -0.05477437
  -0.378485    0.01514803 -0.82320992  2.61140919  1.13551835  0.06887105
  -0.42573808 -0.8054641  -8.87700128  1.85716135  0.20033553  0.18753083]], Action: [[ 1.         -0.12500998 -1.         -1.          1.         -0.6692474 ]], Reward: [3.7050645],Reward_sum: 400.5843505859375, Done: [False]
==========
t: 176, State: [[  1.82302184   1.19128264   0.35295958   0.02578056  -0.43220696
   -0.13068398  -0.36408054   0.01675684  -0.82217667   2.60091024
    1.2599215   -0.07021583  -0.43268691  -0.4132406  -10.
    1.75022496   0.19680434   0.0814962 ]], Action: [[ 1.          0.26141205 -1.         -0.68168366  1.         -1.        ]], Reward: [3.6013956],Reward_sum: 404.185791015625, Done: [False]
==========
t: 177, State: [[  1.84388246   1.20186327   0.35234842   0.02253537  -0.43261522
   -0.22626385  -0.34989297   0.01820341  -0.82178681   2.61485306
    1.3860288   -0.08145623  -0.37556929   0.25575178 -10.
    1.79748402   0.16418304   0.02231655]], Action: [[ 1.          0.29670832 -1.         -0.6129975   1.         -1.        ]], Reward: [3.603114],Reward_sum: 407.78887939453125, Done: [False]
==========
t: 178, State: [[  1.86505828   1.21280458   0.35288991   0.01957699  -0.42662313
   -0.33164331  -0.33454473   0.01947091  -0.82164883   2.67989181
    1.34754253   0.22890122  -0.3575269    1.38037758 -10.
    2.05322696   0.15041518   0.01330938]], Action: [[ 1.          0.5216346  -0.23571222 -0.63127005  1.         -1.        ]], Reward: [3.6432512],Reward_sum: 411.43212890625, Done: [False]
==========
t: 179, State: [[  1.8865561    1.2236216    0.35465248   0.01669659  -0.41398182
   -0.44698764  -0.31855721   0.02069966  -0.82155861   2.69578154
    1.35323668   0.23176567  -0.35511152   2.00765939 -10.
    1.96630515   0.15266625   0.01017449]], Action: [[ 1.          0.47021857 -0.40463972 -0.85333914  1.         -1.        ]], Reward: [3.6831145],Reward_sum: 415.115234375, Done: [False]
==========
t: 180, State: [[ 1.90844258e+00  1.23462083e+00  3.55822098e-01  1.00945816e-02
  -3.91119893e-01 -5.75952063e-01 -3.04288869e-01  2.19694335e-02
  -8.21500020e-01  2.77642607e+00  1.39670536e+00  5.94679034e-02
  -1.30513875e+00  3.76417669e+00 -1.00000000e+01  1.60072810e+00
   1.59961374e-01  5.33675992e-03]], Action: [[ 1.          0.8661984  -0.44827574 -1.          1.         -1.        ]], Reward: [3.7308588],Reward_sum: 418.84613037109375, Done: [False]
==========
t: 181, State: [[ 1.93103729e+00  1.24641327e+00  3.56312961e-01 -2.69149242e-03
  -3.50752459e-01 -7.34213985e-01 -2.91767000e-01  2.31311518e-02
  -8.21540313e-01  2.87498769e+00  1.55989732e+00  6.39692849e-02
  -1.86269137e+00  6.06178965e+00 -1.00000000e+01  1.53343761e+00
   1.29764501e-01 -1.41102886e-02]], Action: [[ 1.         0.7716042 -1.        -1.         1.        -1.       ]], Reward: [3.818743],Reward_sum: 422.66485595703125, Done: [False]
==========
t: 182, State: [[  1.95421111   1.25856697   0.35591015  -0.02135708  -0.29698686
   -0.89444293  -0.28139756   0.02408217  -0.82150847   2.8988111
    1.40447225  -0.22515835  -2.79693135   6.50034719 -10.
    0.94872525   0.11790214   0.03100367]], Action: [[ 1.          0.78816295 -1.         -1.          0.90051854 -1.        ]], Reward: [3.8912952],Reward_sum: 426.55615234375, Done: [False]
==========
t: 183, State: [[ 1.97720757  1.26905979  0.35167655 -0.04706452 -0.24830954 -0.96276793
  -0.27755411  0.02507995 -0.82116329  2.85328836  1.22974227 -0.82191807
  -3.62667486  5.8165547  -4.46297655  0.03382883  0.12555002  0.04960625]], Action: [[ 0.9152918   0.59909964 -1.         -1.          1.         -1.        ]], Reward: [3.869361],Reward_sum: 430.42547607421875, Done: [False]
==========
t: 184, State: [[ 1.999688    1.27848338  0.35400206 -0.05021697 -0.23324463 -0.97742999
  -0.26627275  0.02558091 -0.82086158  2.76847072  1.13280273  1.39787311
   2.81604947 -1.93837206  0.21751145  2.77701752  0.01191646  0.02570875]], Action: [[ 1.         -0.5985466  -1.         -0.75917333  1.         -1.        ]], Reward: [3.80512],Reward_sum: 434.2305908203125, Done: [False]
==========
t: 185, State: [[  2.01947944   1.28712623   0.32572347  -0.09209701  -0.22037796
   -0.91144916  -0.29143232   0.02660203  -0.82039896   2.17053309
    0.99761103  -8.43111247 -10.           5.27718085  10.
   -9.01005921   0.21346857   0.08296548]], Action: [[-0.7056618  1.         1.        -1.         1.        -1.       ]], Reward: [3.468432],Reward_sum: 437.69903564453125, Done: [False]
==========
t: 186, State: [[ 2.03930388  1.2943168   0.28284546 -0.17202458 -0.16913657 -0.82079752
  -0.33511371  0.02683649 -0.8201699   2.79125636  0.81548747 -2.31821427
  -6.73091307  7.35778653  7.52979576 -1.97241131 -0.11127806 -0.01297393]], Action: [[ 1.         0.8024459 -0.8725252  0.255025   1.        -1.       ]], Reward: [3.473584],Reward_sum: 441.172607421875, Done: [False]
==========
t: 187, State: [[ 2.06398     1.30045276  0.30381417 -0.15872389 -0.15474962 -0.73896785
  -0.30366897  0.0246395  -0.82059485  3.3718194   0.70423405  7.53774176
  10.         -3.7463074  10.          9.78812588 -0.3947628  -0.08608524]], Action: [[ 1.         -0.735996    0.09826024  0.73412013  1.         -1.        ]], Reward: [4.080425],Reward_sum: 445.2530517578125, Done: [False]
==========
t: 188, State: [[  2.08818267   1.30463225   0.31616879  -0.16026745  -0.13382256
   -0.63364508  -0.28688732   0.02161042  -0.74554586   2.67833311
    0.34057717  -4.40541714 -10.           9.0192566   10.
   -5.51327485  -0.3529255   10.        ]], Action: [[-1.          1.          0.2779858  -1.          0.04427734  0.9706602 ]], Reward: [4.0213127],Reward_sum: 449.27435302734375, Done: [False]
==========
t: 189, State: [[ 2.11146896  1.30769837  0.30321864 -0.21462771 -0.06177561 -0.56083778
  -0.30194581  0.02009764 -0.66612559  3.14854529  0.43794851  1.13349204
  -3.27114517  8.94338317  5.04547395  1.68724192 -0.06323407  1.41276743]], Action: [[ 1.          0.47799325 -0.31529355  0.01178148  1.         -1.        ]], Reward: [3.9074588],Reward_sum: 453.18182373046875, Done: [False]
==========
t: 190, State: [[  2.13576453   1.31200657   0.31890282  -0.21159312  -0.03257343
   -0.48628781  -0.27685129   0.02074207  -0.71691903   2.92341877
    0.64365663   2.79635773   4.05538582  -1.64396635  10.
    4.63674592   0.19022175 -10.        ]], Action: [[ 1.         -0.7748655   0.31770414 -1.          1.         -1.        ]], Reward: [4.0322437],Reward_sum: 457.21405029296875, Done: [False]
==========
t: 191, State: [[ 2.15709780e+00  1.31591652e+00  3.08766781e-01 -2.36090178e-01
  -8.87467876e-03 -3.50504621e-01 -2.79195163e-01  2.26696283e-02
  -8.21174706e-01  2.40812934e+00  2.92522956e-01 -5.35931608e+00
  -1.00000000e+01  7.73174795e+00  1.00000000e+01 -5.38109926e+00
   2.42738680e-01 -9.57346792e+00]], Action: [[-0.68229246  1.          0.74026304 -0.70132697  0.9990188  -0.15790142]], Reward: [3.6631315],Reward_sum: 460.877197265625, Done: [False]
==========
t: 192, State: [[ 2.17797414  1.31781836  0.2954709  -0.26432607  0.01448703 -0.16755683
  -0.28776719  0.0226909  -0.87263096  2.81723268  0.20433725  2.00616771
   3.15882921 -1.82610209 10.          3.20130728 -0.17373287 -3.88190577]], Action: [[ 1.         -0.6578542   0.16194691  0.2692133   1.         -1.        ]], Reward: [3.6060097],Reward_sum: 464.48321533203125, Done: [False]
==========
t: 193, State: [[ 2.20073812e+00  1.31855252e+00  3.13456786e-01 -2.37881038e-01
   4.62339910e-03  5.42233406e-02 -2.61543065e-01  2.16344117e-02
  -8.90156602e-01  2.86978160e+00 -1.12493181e-02  2.52496615e+00
   3.59263866e+00 -7.45097999e-01  1.00000000e+01  3.42832680e+00
  -9.42127597e-02 -8.47759162e-01]], Action: [[ 0.57725275  1.          0.4211058  -0.43400797  1.         -1.        ]], Reward: [3.8417985],Reward_sum: 468.32501220703125, Done: [False]
==========
t: 194, State: [[ 2.22093604e+00  1.31826143e+00  3.06570308e-01 -2.39547090e-01
   2.11414910e-03  3.14980577e-01 -2.66022561e-01  2.18388515e-02
  -8.90180827e-01  2.17764753e+00 -5.29518933e-02 -4.20076748e+00
  -3.86010002e+00  2.89616241e-02  1.00000000e+01 -4.45812407e+00
   1.17092426e-01  6.41350518e-01]], Action: [[-0.38817528  1.          0.44830936 -1.          1.         -1.        ]], Reward: [3.520389],Reward_sum: 471.84539794921875, Done: [False]
==========
t: 195, State: [[ 2.24214770e+00  1.31749709e+00  3.12073791e-01 -2.23310309e-01
   2.81299950e-03  5.70203516e-01 -2.56187040e-01  2.11308342e-02
  -8.82895347e-01  3.12372453e+00 -1.46504890e-01  5.54431864e+00
   7.83946312e+00  1.24650085e-01  1.00000000e+01  6.85466761e+00
  -2.41894045e-01  1.09402972e+00]], Action: [[ 1.          1.         -0.5049979   0.96604264  1.         -1.        ]], Reward: [3.6462693],Reward_sum: 475.4916687011719, Done: [False]
==========
t: 196, State: [[ 2.26329679e+00  1.31654736e+00  3.17084210e-01 -2.04710358e-01
   5.64852242e-03  8.09828257e-01 -2.47455947e-01  1.94745427e-02
  -8.52699756e-01  2.17252969e+00 -6.76543291e-02 -4.27057379e+00
  -3.17954362e+00  5.26256540e-01  1.00000000e+01 -4.63162198e+00
  -1.75994088e-01  6.33589275e+00]], Action: [[-1.          1.          0.2051465  -1.          0.10782877  0.18683313]], Reward: [3.640547],Reward_sum: 479.1322021484375, Done: [False]
==========
t: 197, State: [[ 2.28401396e+00  1.31620562e+00  3.15276331e-01 -1.94255306e-01
   8.76780603e-03  9.68224190e-01 -2.46416958e-01  1.78235804e-02
  -8.17291357e-01  2.99771871e+00 -5.44385035e-02  3.77612239e+00
   5.73110231e+00  2.60665524e-01  1.00000000e+01  4.79971424e+00
  -2.25224864e-01  2.86893008e+00]], Action: [[ 1.         1.        -1.         0.6213748  1.        -1.       ]], Reward: [3.584261],Reward_sum: 482.7164611816406, Done: [False]
==========
t: 198, State: [[ 2.30440926  1.31655184  0.30612186 -0.19671556  0.01181498  1.00694288
  -0.25317551  0.01762805 -0.80141675  2.09927596  0.13164124 -6.04186286
  -6.31492322  0.46115811 -1.65050845 -6.44845307  0.1273398   1.26283583]], Action: [[-1.          1.         -0.82789975 -1.          0.80282795 -0.73706746]], Reward: [3.5445395],Reward_sum: 486.260986328125, Done: [False]
==========
t: 199, State: [[ 2.32487994e+00  1.31739256e+00  2.98899130e-01 -1.94574395e-01
  -6.81284621e-04  9.40373748e-01 -2.56285369e-01  1.72341737e-02
  -7.96320922e-01  3.02010160e+00  8.29212798e-02  4.20023027e+00
   6.78614010e+00 -3.48480385e+00 -1.00000000e+01  5.59854821e+00
  -1.84763085e-01  1.42326082e-01]], Action: [[ 1.          0.19608834 -1.          1.          1.         -1.        ]], Reward: [3.5537958],Reward_sum: 489.8148193359375, Done: [False]
==========
Walker2d - Steps: 200, Return: 489.8148193359375, State: [[ 2.32487994e+00  1.31739256e+00  2.98899130e-01 -1.94574395e-01
  -6.81284621e-04  9.40373748e-01 -2.56285369e-01  1.72341737e-02
  -7.96320922e-01  3.02010160e+00  8.29212798e-02  4.20023027e+00
   6.78614010e+00 -3.48480385e+00 -1.00000000e+01  5.59854821e+00
  -1.84763085e-01  1.42326082e-01]]
