[CudaDevice(id=0)]
Using AIRL:  True
Using GAIL:  True
Using RGCL:  False
Experiment State @  2025-05-15 07:41:47.729329-05:00
Experiment Saved @  results/experiment_123
Experiment Settings Saved @  results/experiment_123
123
Using cuda device
Wrapping the env with a `Monitor` wrapper
Wrapping the env in a DummyVecEnv.
Wrapping the env with a `Monitor` wrapper
Wrapping the env in a DummyVecEnv.
t: 0, State: [[ 2.43287921e-03  1.24374263e+00  9.18627106e-04  9.19286683e-03
  -2.29847643e-02  6.78097604e-02  4.45510982e-03  5.51255647e-03
   5.52918340e-02  9.72293262e-02 -4.48728131e-01  2.81540835e-01
   1.59859856e+00 -3.40580860e+00  1.00000000e+01 -1.26365837e-01
   8.43569882e-01  1.00000000e+01]], Action: [[ 1.        -0.3297654  1.         1.         1.         1.       ]], Reward: [1.0710614],Reward_sum: 1.071061372756958, Done: [False]
==========
t: 1, State: [[ 0.00383762  1.24108974  0.00602095  0.01449936 -0.02476193  0.12573433
   0.00630887  0.01169824  0.12408654  0.25181837 -0.21600034  0.93960406
  -0.33505312  2.90431003 -0.9149837   0.50045434  0.70031559  3.71879059]], Action: [[ 1.          1.         -1.          1.          1.         -0.68170947]], Reward: [1.1701274],Reward_sum: 2.2411887645721436, Done: [False]
==========
t: 2, State: [[ 5.43205691e-03  1.23805718e+00  8.54272854e-03  4.63015088e-03
   3.13914934e-03  1.69824663e-01  9.91601230e-03  3.67763057e-03
   1.83691679e-01  1.38458662e-01 -5.41469197e-01 -3.10459837e-01
  -2.03182701e+00  3.92411883e+00  1.00000000e+01  4.05839451e-01
  -2.67927463e+00  1.00000000e+01]], Action: [[ 1.          0.96415293  1.         -0.33637315 -1.          0.38790995]], Reward: [1.1951119],Reward_sum: 3.436300754547119, Done: [False]
==========
t: 3, State: [[ 7.16830547e-03  1.23482134e+00  1.38646376e-02  2.18325875e-03
   2.43458925e-02  2.12586112e-01  1.19834861e-02  4.84617240e-03
   2.06909332e-01  2.73272897e-01 -2.68121916e-01  1.50210346e+00
   1.14639140e+00  1.61282367e+00 -1.30172977e+00  2.08581727e-01
   2.38917110e+00 -5.02659180e+00]], Action: [[ 1.          0.07306072 -1.          0.73009825  1.         -1.        ]], Reward: [1.2124927],Reward_sum: 4.6487932205200195, Done: [False]
==========
t: 4, State: [[ 8.37659781e-03  1.23138983e+00  1.97111854e-02  8.19943109e-03
   3.18224134e-02  2.57953794e-01  1.31483312e-02  8.86896646e-03
   1.99139150e-01  4.01502157e-02 -5.88001385e-01  2.10363476e-02
   3.90480334e-01  3.89675236e-01  1.00000000e+01  1.05281804e-01
  -1.30759007e+00  3.03913068e+00]], Action: [[ 0.98767805  1.          1.         -0.7064613  -1.          0.44062114]], Reward: [1.1463678],Reward_sum: 5.795161247253418, Done: [False]
==========
t: 5, State: [[ 8.95413099e-03  1.22573768e+00  2.00731313e-02  1.24086430e-02
   3.33092444e-02  3.99910335e-01  1.29242737e-02  2.01698999e-03
   2.32879425e-01  9.33790582e-02 -8.20649888e-01  2.34564915e-02
   6.32182912e-01  3.75475699e-02  1.00000000e+01 -1.59144037e-01
  -4.93686691e-01  5.41403772e+00]], Action: [[1.         1.         0.78457034 0.8538861  1.         0.1618845 ]], Reward: [1.0678208],Reward_sum: 6.862981796264648, Done: [False]
==========
t: 6, State: [[ 9.31234750e-03  1.22032609e+00  2.06681898e-02  1.76059476e-02
   3.33998877e-02  5.25615946e-01  1.17338509e-02  5.90755378e-04
   2.19206675e-01  2.05554732e-03 -5.36809932e-01  1.37039474e-01
   6.27473751e-01 -2.43540381e-02  8.52248358e+00 -1.20486788e-01
   1.15216316e-01 -8.77157956e+00]], Action: [[ 1.          1.         -1.          0.94256634  1.         -1.        ]], Reward: [1.0388886],Reward_sum: 7.901870250701904, Done: [False]
==========
t: 7, State: [[ 9.50708058e-03  1.21446256e+00  2.04756087e-02  2.25867911e-02
   3.18709990e-02  6.49577885e-01  9.67071514e-03  1.59470623e-03
   2.01293075e-01  3.99243154e-02 -9.22409517e-01 -2.19414237e-01
   6.08203753e-01 -3.04872197e-01  1.00000000e+01 -4.33313552e-01
   1.25347619e-01  4.23798916e+00]], Action: [[1.         0.3403525  1.         0.82726073 1.         0.93754065]], Reward: [1.0196625],Reward_sum: 8.92153263092041, Done: [False]
==========
t: 8, State: [[ 9.50914171e-03  1.20794331e+00  1.88265795e-02  2.70033974e-02
   2.99269042e-02  8.05459211e-01  6.96880991e-03  3.44742662e-03
   1.81346827e-01 -5.47073953e-02 -6.26903401e-01 -2.25561912e-01
   4.04914641e-01 -2.27340819e-01  1.00000000e+01 -1.56495410e-01
   3.64599938e-01 -8.96998897e+00]], Action: [[ 1.          1.         -0.31633288  0.7733655   1.         -1.        ]], Reward: [0.99555945],Reward_sum: 9.917092323303223, Done: [False]
==========
t: 9, State: [[ 9.33256300e-03  1.20459184e+00  1.77031377e-02  2.97361101e-02
   2.77012756e-02  8.85997465e-01  5.67565864e-03  5.39662712e-03
   1.44294094e-01  1.16129389e-02 -2.49280729e-01 -7.22511679e-02
   2.96824521e-01 -3.05435095e-01  6.11253449e+00 -2.20485529e-01
   1.38280015e-01 -2.00180142e-01]], Action: [[1.         0.21187356 0.76323855 0.6291441  1.         0.99449277]], Reward: [0.9739154],Reward_sum: 10.891007423400879, Done: [False]
==========
t: 10, State: [[ 9.51806411e-03  1.20347616e+00  1.71545167e-02  3.13374948e-02
   2.58877463e-02  9.14842204e-01  5.27850840e-03  4.67212440e-04
   1.83165961e-01  3.63417442e-02 -5.13150241e-02 -7.38464895e-02
   1.17642651e-01 -1.64767231e-01  1.60418385e+00  8.48610339e-02
  -1.33491275e+00  9.91043451e+00]], Action: [[1.        1.        1.        1.        0.4644458 1.       ]], Reward: [1.0179719],Reward_sum: 11.908979415893555, Done: [False]
==========
t: 11, State: [[ 9.84433154e-03  1.20396565e+00  1.70976101e-02  3.29927772e-02
   2.53998430e-02  8.94888368e-01  9.00019564e-04  4.11724139e-03
   2.21049001e-01 -1.55919019e-02  1.75815776e-01 -2.35709327e-02
   2.77494210e-01  1.55253709e-02 -6.62275090e+00 -6.04175517e-01
   9.85380465e-01  2.60144088e-01]], Action: [[ 1.          0.7710651  -0.82151055  1.          1.         -0.6130105 ]], Reward: [1.0361382],Reward_sum: 12.945117950439453, Done: [False]
==========
t: 12, State: [[ 8.76445054e-03  1.20519674e+00  1.36745651e-02  3.28285042e-02
   2.37210506e-02  8.54518804e-01  3.66371374e-03 -1.13594820e-02
   2.65733908e-01 -2.46577037e-01  1.34299176e-01 -9.42901189e-01
  -4.37871249e-01 -4.63791420e-01 -3.71599138e+00  8.68478149e-01
  -4.30639822e+00  1.00000000e+01]], Action: [[ 1.          0.565727    1.          1.         -1.          0.67694575]], Reward: [0.8602366],Reward_sum: 13.805354118347168, Done: [False]
==========
t: 13, State: [[ 7.24984075e-03  1.20613232e+00  6.89150796e-03  2.98949403e-02
   2.00947624e-02  8.22762489e-01  9.00471962e-03 -4.44144236e-02
   3.81949013e-01 -1.32529227e-01  1.01189952e-01 -7.49547653e-01
  -2.97234577e-01 -4.32847159e-01 -4.23074127e+00  4.92827938e-01
  -4.00044305e+00  1.00000000e+01]], Action: [[ 0.7176064   0.03989694 -0.08221643  1.          0.6987306   0.87171626]], Reward: [0.80790234],Reward_sum: 14.613256454467773, Done: [False]
==========
t: 14, State: [[ 6.62566337e-03  1.20684074e+00  1.54732496e-03  2.78345999e-02
   1.67445287e-02  7.88948667e-01  1.21203395e-02 -7.69112168e-02
   5.60312673e-01 -2.30862400e-02  7.75344950e-02 -5.84224374e-01
  -2.19629287e-01 -3.98132558e-01 -4.22973122e+00  2.99897872e-01
  -4.13529437e+00  1.00000000e+01]], Action: [[ 0.73631346  0.0226143  -0.01163338  1.          0.6102141   0.92691565]], Reward: [0.91920346],Reward_sum: 15.53246021270752, Done: [False]
==========
t: 15, State: [[ 6.85758317e-03  1.20739589e+00 -2.54790362e-03  2.62917764e-02
   1.37563259e-02  7.54626943e-01  1.40432031e-02 -1.11022186e-01
   7.97376398e-01  8.33680852e-02  7.60138433e-02 -4.17252657e-01
  -1.54814646e-01 -3.43458893e-01 -4.43393984e+00  1.30540886e-01
  -4.14814136e+00  1.00000000e+01]], Action: [[ 0.7302933   0.00349429 -0.02252059  1.          0.5852457   0.9274912 ]], Reward: [1.0262533],Reward_sum: 16.558713912963867, Done: [False]
==========
t: 16, State: [[ 7.94628016e-03  1.20877002e+00 -3.77801916e-03  2.62522835e-02
   1.14940268e-02  7.14983502e-01  1.16173620e-02 -1.33077417e-01
   9.69299893e-01  1.77388740e-01  2.30394462e-01  5.48730962e-02
   1.14485311e-01 -2.23735433e-01 -5.24956720e+00 -6.01023632e-01
  -2.00380303e+00  1.00000000e+01]], Action: [[ 0.7194901  -0.0136866   0.00700699  1.          0.5304898   0.9482534 ]], Reward: [1.1333886],Reward_sum: 17.692102432250977, Done: [False]
==========
t: 17, State: [[ 9.72094839e-03  1.21065765e+00 -2.53056784e-03  2.74963573e-02
   9.82160940e-03  6.78994375e-01  3.18349871e-03 -1.42781035e-01
   1.02823395e+00  2.63733961e-01  2.28344394e-01  2.44563651e-01
   1.84080170e-01 -1.92239180e-01 -3.70326029e+00 -1.46046535e+00
  -4.60795639e-01  2.79397203e+00]], Action: [[ 1.         -0.00141641  0.15089448  0.58649206  0.43118188 -0.05545802]], Reward: [1.2202778],Reward_sum: 18.91238021850586, Done: [False]
==========
t: 18, State: [[ 1.21173169e-02  1.21188775e+00  5.77582603e-05  2.95898518e-02
   9.45935301e-03  6.91285504e-01 -8.91846901e-03 -1.45139789e-01
   1.02897291e+00  3.29900796e-01  7.48307670e-02  3.67211203e-01
   3.17652588e-01  7.08269536e-02  6.78396404e+00 -1.57534493e+00
  -1.22654804e-01 -1.97835022e+00]], Action: [[1.         0.86273897 0.81300044 0.9397379  0.43109298 0.24798284]], Reward: [1.2960104],Reward_sum: 20.208391189575195, Done: [False]
==========
t: 19, State: [[ 1.46984183e-02  1.21171430e+00  2.31651776e-03  3.25065291e-02
   1.03044728e-02  7.98126658e-01 -2.05693047e-02 -1.49229023e-01
   1.00578059e+00  3.06369958e-01 -1.02457963e-01  1.83596966e-01
   3.95070952e-01  1.41857738e-01  1.00000000e+01 -1.32683699e+00
  -9.02897892e-01 -3.53919504e+00]], Action: [[1.         0.59601057 1.         1.         0.307934   1.        ]], Reward: [1.3181876],Reward_sum: 21.526578903198242, Done: [False]
==========
t: 20, State: [[ 1.67974306e-02  1.21107238e+00  5.46866960e-03  3.55798647e-02
   1.21802326e-02  9.00238028e-01 -2.30670586e-02 -1.67885270e-01
   9.75507006e-01  2.20644346e-01 -7.48549505e-02  5.76267866e-01
   3.66882402e-01  2.92441745e-01  7.85747436e+00  6.60043348e-01
  -3.73690111e+00 -3.88188282e+00]], Action: [[1.         0.9721142  1.         0.9658606  0.04756281 1.        ]], Reward: [1.2574964],Reward_sum: 22.784074783325195, Done: [False]
==========
t: 21, State: [[ 0.0191596   1.21044951  0.01142973  0.03809857  0.01348146  0.93746981
  -0.02260644 -0.18199507  0.94528279  0.37165276 -0.08757614  0.90862824
   0.26745497  0.05691796  2.09116128 -0.54815917  0.19728752 -3.60890121]], Action: [[ 1.         -0.04135153  1.          1.          0.9300767   1.        ]], Reward: [1.290405],Reward_sum: 24.074480056762695, Done: [False]
==========
t: 22, State: [[ 0.02249856  1.20954904  0.01908659  0.03935881  0.01376363  0.94151859
  -0.03067215 -0.17033617  0.91836017  0.45616267 -0.13510169  0.98718445
   0.07483438  0.02603138 -0.7086888  -1.47622406  2.70293804 -3.10171115]], Action: [[1.         0.42966115 1.         0.55623645 0.559209   1.        ]], Reward: [1.413563],Reward_sum: 25.4880428314209, Done: [False]
==========
t: 23, State: [[ 0.02418286  1.20873729  0.02529118  0.04099654  0.01524307  0.93084243
  -0.02429857 -0.18868888  0.89485019 -0.03079475 -0.07316905  0.54742817
   0.29681924  0.29352437 -1.79546049  3.02057368 -7.23186318 -2.74786967]], Action: [[ 1.          1.          1.          1.         -0.86367345  0.575287  ]], Reward: [1.2054605],Reward_sum: 26.693504333496094, Done: [False]
==========
t: 24, State: [[ 0.02349278  1.20837781  0.02592014  0.04026047  0.0174052   0.91490979
  -0.00670514 -0.23851599  0.87556681 -0.12715671 -0.02209099 -0.29080537
  -0.39402922  0.2341976  -2.10535542  1.48992656 -5.2447838  -2.09336797]], Action: [[-1.         0.4124611  1.         1.         0.6457021  1.       ]], Reward: [0.9091526],Reward_sum: 27.602657318115234, Done: [False]
==========
t: 25, State: [[ 2.25177406e-02  1.20831498e+00  2.26392638e-02  3.63548358e-02
   1.91517892e-02  8.98108095e-01  5.26510792e-04 -2.70185392e-01
   8.61030525e-01 -1.10649984e-01  3.52211828e-03 -4.91438260e-01
  -5.51627505e-01  1.95692101e-01 -2.05203996e+00  3.65123218e-01
  -2.69339015e+00 -1.56115990e+00]], Action: [[-0.54946303  0.65222526  1.          1.          0.74453735  1.        ]], Reward: [0.8738384],Reward_sum: 28.47649574279785, Done: [False]
==========
t: 26, State: [[ 0.02176324  1.20838176  0.01966894  0.03344501  0.02010974  0.88250376
   0.00282374 -0.28617586  0.85024608 -0.07882177  0.01191765 -0.26398953
  -0.20591419  0.05970142 -1.82968907  0.21269339 -1.34488288 -1.15263294]], Action: [[0.8009159 0.5124086 1.        1.        0.5007031 1.       ]], Reward: [0.9015329],Reward_sum: 29.378028869628906, Done: [False]
==========
t: 27, State: [[ 0.02123808  1.20848895  0.01826892  0.032661    0.02042267  0.86899586
   0.00419459 -0.2928456   0.84231945 -0.05413262  0.01421396 -0.09766907
  -0.00843535  0.02398366 -1.54166361  0.13146858 -0.35293965 -0.84346303]], Action: [[0.89329517 0.6731163  1.         1.         0.43738702 1.        ]], Reward: [0.9299122],Reward_sum: 30.307941436767578, Done: [False]
==========
t: 28, State: [[ 0.0208497   1.208601    0.01790315  0.03309596  0.02047626  0.85784481
   0.00511726 -0.29287269  0.83653463 -0.04417521  0.01348412 -0.00247136
   0.10401472 -0.00551573 -1.24837123  0.09768417  0.3288903  -0.61395583]], Action: [[1.         0.6548536  1.         1.         0.37341833 1.        ]], Reward: [0.94688445],Reward_sum: 31.254825592041016, Done: [False]
==========
t: 29, State: [[ 0.02043758  1.20870137  0.01782654  0.03400704  0.02019209  0.84894548
   0.0059437  -0.28913932  0.83232523 -0.05835728  0.01146352 -0.01739315
   0.11801867 -0.05800269 -0.98265317  0.10543727  0.60765195 -0.44669536]], Action: [[1.        0.5376704 1.        1.        0.2735949 1.       ]], Reward: [0.9441211],Reward_sum: 32.19894790649414, Done: [False]
==========
t: 30, State: [[ 0.01987934  1.20878279  0.01745739  0.03483926  0.01951516  0.84201144
   0.00687011 -0.28383271  0.82926441 -0.08001295  0.00882243 -0.07185353
   0.08863942 -0.10399217 -0.75809793  0.12251168  0.73055351 -0.32465486]], Action: [[1.         0.46147823 1.         1.         0.2190176  1.        ]], Reward: [0.92595863],Reward_sum: 33.124908447265625, Done: [False]
==========
t: 31, State: [[ 0.01911241  1.20884222  0.01649093  0.03531083  0.01842225  0.83670072
   0.00799794 -0.27828323  0.82703623 -0.10958887  0.00604018 -0.16281021
   0.03078965 -0.16022011 -0.57669502  0.15466407  0.67846525 -0.23679597]], Action: [[1.        0.3342725 1.        1.        0.1456008 1.       ]], Reward: [0.9000011],Reward_sum: 34.02490234375, Done: [False]
==========
t: 32, State: [[ 0.01811159  1.20888018  0.01479017  0.03531819  0.01687621  0.83268272
   0.00935178 -0.27326723  0.82540968 -0.13816498  0.00348871 -0.25385371
  -0.02644295 -0.21610427 -0.43415043  0.17956717  0.59936597 -0.1730601 ]], Action: [[1.         0.19228335 1.         1.         0.1060389  1.        ]], Reward: [0.8708499],Reward_sum: 34.895751953125, Done: [False]
==========
t: 33, State: [[ 0.01692364  1.20889916  0.01250973  0.03494812  0.01499746  0.82966926
   0.01080634 -0.26841279  0.82422275 -0.15689003  0.00130591 -0.30916145
  -0.06374849 -0.24531548 -0.32438699  0.18167685  0.6319918  -0.12610873]], Action: [[1.         0.11009768 1.         1.         0.10729751 1.        ]], Reward: [0.8474819],Reward_sum: 35.74323272705078, Done: [False]
==========
t: 34, State: [[ 1.56360461e-02  1.20890236e+00  9.97941908e-03  3.43886895e-02
   1.30238227e-02  8.27425858e-01  1.21715902e-02 -2.62629656e-01
   8.23361285e-01 -1.63951051e-01 -4.54714827e-04 -3.19179506e-01
  -7.47367332e-02 -2.42849109e-01 -2.40487988e-01  1.59409939e-01
   8.21963518e-01 -9.11575103e-02]], Action: [[1.         0.07097542 1.         1.         0.1332252  1.        ]], Reward: [0.8350281],Reward_sum: 36.57826232910156, Done: [False]
==========
t: 35, State: [[ 0.0143301   1.20889318  0.00752554  0.03384076  0.01116651  0.82577131
   0.01328005 -0.25474229  0.82274222 -0.1623131  -0.00180433 -0.29294371
  -0.06221127 -0.2186642  -0.17627076  0.11937658  1.14883644 -0.06511543]], Action: [[1.         0.04413372 1.         1.         0.16891608 1.        ]], Reward: [0.8327268],Reward_sum: 37.410987854003906, Done: [False]
==========
t: 36, State: [[ 0.01307135  1.20887474  0.00542913  0.03348661  0.00959493  0.82456825
   0.01399711 -0.24362139  0.82230461 -0.15308998 -0.00278961 -0.23309654
  -0.02783445 -0.17412784 -0.12686784  0.06352458  1.6202198  -0.04554271]], Action: [[1.         0.04755038 1.         1.         0.22193632 1.        ]], Reward: [0.83860385],Reward_sum: 38.24959182739258, Done: [False]
==========
t: 37, State: [[ 0.01187587  1.20884907  0.00379067  0.03340272  0.00836651  0.82371073
   0.01431189 -0.22880307  0.82199842 -0.14663686 -0.00361265 -0.17920816
   0.00486206 -0.13339629 -0.08941241  0.01857006  2.07205293 -0.03192959]], Action: [[1.         0.03038061 1.         1.         0.23787767 1.        ]], Reward: [0.84650743],Reward_sum: 39.096099853515625, Done: [False]
==========
t: 38, State: [[ 0.01065258  1.20881645  0.00228539  0.03341225  0.0072754   0.82310745
   0.01449136 -0.21169231  0.82177456 -0.1586279  -0.0044809  -0.19540157
  -0.00271119 -0.1359973  -0.06311608  0.0256137   2.20942668 -0.02442542]], Action: [[ 1.         -0.0747281   1.          1.          0.15992996  1.        ]], Reward: [0.8430575],Reward_sum: 39.93915557861328, Done: [False]
==========
t: 39, State: [[ 9.32403846e-03  1.20877784e+00  6.03062413e-04  3.33098889e-02
   6.17729379e-03  8.22676711e-01  1.47725424e-02 -1.93799257e-01
   8.21599626e-01 -1.72685081e-01 -5.12211882e-03 -2.22543649e-01
  -2.19541503e-02 -1.35825709e-01 -4.57191076e-02  4.29083832e-02
   2.27154131e+00 -1.95139758e-02]], Action: [[ 1.         -0.10035455  1.          1.          0.12958992  1.        ]], Reward: [0.8299059],Reward_sum: 40.769065856933594, Done: [False]
==========
t: 40, State: [[ 7.88972340e-03  1.20873490e+00 -1.28356843e-03  3.30474999e-02
   5.11131384e-03  8.22359794e-01  1.51891219e-02 -1.75465480e-01
   8.21457943e-01 -1.85080891e-01 -5.58109881e-03 -2.46447215e-01
  -4.21550798e-02 -1.28989617e-01 -3.42294179e-02  5.92516359e-02
   2.32012168e+00 -1.60306255e-02]], Action: [[ 1.         -0.10781246  1.          1.          0.11230704  1.        ]], Reward: [0.8166864],Reward_sum: 41.585750579833984, Done: [False]
==========
t: 41, State: [[ 0.00636146  1.20868865 -0.00335386  0.03262252  0.00411138  0.82211791
   0.01573586 -0.15682553  0.82133974 -0.19633547 -0.00596377 -0.26901041
  -0.0619812  -0.12142916 -0.02659118  0.07506595  2.3478478  -0.01357302]], Action: [[ 1.         -0.11113128  1.          1.          0.09199739  1.        ]], Reward: [0.8049457],Reward_sum: 42.39069747924805, Done: [False]
==========
t: 42, State: [[ 0.00472883  1.20863924 -0.0056641   0.03207737  0.00299695  0.82193511
   0.01638089 -0.13809573  0.82123961 -0.2118762  -0.00639645 -0.30899579
  -0.07203345 -0.16220892 -0.01929396  0.08378983  2.33786042 -0.01145918]], Action: [[ 1.         -0.11099169  1.          1.          0.07631186  1.        ]], Reward: [0.791904],Reward_sum: 43.18260192871094, Done: [False]
==========
t: 43, State: [[ 3.02393093e-03  1.20858682e+00 -8.10537953e-03  3.15230660e-02
   1.74465201e-03  8.21796739e-01  1.69967741e-02 -1.18780664e-01
   8.21156808e-01 -2.14416042e-01 -6.72945719e-03 -3.01597419e-01
  -6.57872870e-02 -1.52776544e-01 -1.53162975e-02  7.02537602e-02
   2.48950761e+00 -9.32489304e-03]], Action: [[ 1.         -0.1053136   1.          1.          0.11041173  1.        ]], Reward: [0.7828641],Reward_sum: 43.9654655456543, Done: [False]
==========
t: 44, State: [[ 1.20463924e-03  1.20852964e+00 -1.08424113e-02  3.09788982e-02
   3.51578488e-05  8.21703158e-01  1.76049769e-02 -9.93810557e-02
   8.21088407e-01 -2.41430353e-01 -7.22365348e-03 -3.93806477e-01
  -7.25092159e-02 -2.92952379e-01 -7.82873434e-03  8.39340241e-02
   2.25867110e+00 -1.69259146e-02]], Action: [[ 1.         -0.1108169   1.          1.          0.04729292  1.        ]], Reward: [0.768574],Reward_sum: 44.734039306640625, Done: [False]
==========
t: 45, State: [[-5.92875773e-04  1.20850150e+00 -1.40583739e-02  3.02812041e-02
  -2.47894554e-03  8.21653970e-01  1.83055230e-02 -8.73546373e-02
   8.20361709e-01 -2.06363527e-01 -1.03794714e-03 -3.93139845e-01
  -9.22179796e-02 -3.18816349e-01 -5.31067747e-03  8.29019407e-02
   9.13771051e-01 -1.32514672e-01]], Action: [[ 1.         -0.06888711  1.          1.          0.24652706  1.        ]], Reward: [0.7712451],Reward_sum: 45.50528335571289, Done: [False]
==========
t: 46, State: [[-0.0018123   1.2085095  -0.01600027  0.02937523 -0.00285302  0.8215191
   0.01895747 -0.08136515  0.81925665 -0.09755283  0.00258803 -0.08098707
  -0.12443564  0.22927399 -0.0257368   0.07566622  0.68660808 -0.13149863]], Action: [[1.         0.10977337 1.         1.         0.273513   1.        ]], Reward: [0.8434846],Reward_sum: 46.3487663269043, Done: [False]
==========
t: 47, State: [[-2.09543527e-03  1.20854073e+00 -1.50540757e-02  2.84909286e-02
   1.35335188e-03  8.21281666e-01  1.93640890e-02 -7.46297231e-02
   8.18339725e-01 -3.37943782e-05  4.12104198e-03  2.29797665e-01
  -6.04828004e-02  6.08906532e-01 -2.01016737e-02  9.04251677e-03
   9.23953480e-01 -9.14882224e-02]], Action: [[1.         0.11502975 1.         1.         0.33710915 1.        ]], Reward: [0.96048176],Reward_sum: 47.30924987792969, Done: [False]
==========
t: 48, State: [[-0.00194572  1.20858478 -0.01274871  0.02900339  0.00502866  0.82128913
   0.01854725 -0.06565391  0.8177348   0.03496638  0.00646107  0.33919404
   0.1682024   0.33834829  0.0171282  -0.19389168  1.29048249 -0.05831419]], Action: [[1.        0.0017252 1.        1.        0.5956398 1.       ]], Reward: [1.014359],Reward_sum: 48.3236083984375, Done: [False]
==========
t: 49, State: [[-1.77798816e-03  1.20861441e+00 -1.04437480e-02  3.04328048e-02
   6.91134921e-03  8.21398956e-01  1.70896961e-02 -5.67787333e-02
   8.17521704e-01  8.15061904e-03  1.25425137e-03  2.41169132e-01
   1.82834445e-01  1.50688298e-01  9.94857356e-03 -1.70120748e-01
   9.49786720e-01 -2.18179683e-06]], Action: [[1.         0.00254554 0.96524656 1.         0.2780896  1.        ]], Reward: [1.016958],Reward_sum: 49.3405647277832, Done: [False]
==========
t: 50, State: [[-0.00173671  1.20861296 -0.00861937  0.03196305  0.00780896  0.82152735
   0.01569486 -0.04955971  0.81763397  0.00186045 -0.00138786  0.21420281
   0.19527857  0.08082424  0.0201559  -0.17541643  0.8547895   0.0254565 ]], Action: [[1.         0.08779922 1.         1.         0.3577183  1.        ]], Reward: [1.0010246],Reward_sum: 50.341590881347656, Done: [False]
==========
t: 51, State: [[-0.00175347  1.20859562 -0.0070307   0.03349328  0.00830082  0.82169821
   0.01433264 -0.04313506  0.81789522 -0.00626518 -0.00276283  0.18240233
   0.18489584  0.04565594  0.02168849 -0.16342824  0.75098372  0.03796486]], Action: [[1.         0.10056466 1.         1.         0.35325587 1.        ]], Reward: [0.99376965],Reward_sum: 51.33536148071289, Done: [False]
==========
t: 52, State: [[-0.00184095  1.20857104 -0.00571261  0.03489166  0.00857581  0.82186521
   0.01310271 -0.037564    0.81821759 -0.01567324 -0.00327083  0.1469828
   0.16350616  0.02511537  0.01970165 -0.14323375  0.64184059  0.04141062]], Action: [[1.         0.09668362 1.         1.         0.35169306 1.        ]], Reward: [0.9849321],Reward_sum: 52.32029342651367, Done: [False]
==========
t: 53, State: [[-0.00201023  1.20854451 -0.00469836  0.03609097  0.00870531  0.82201029
   0.01205789 -0.03291033  0.81854544 -0.02650571 -0.0033021   0.1071298
   0.13594905  0.0089141   0.01642758 -0.11790675  0.52327339  0.03979211]], Action: [[1.         0.0808084  1.         1.         0.34601724 1.        ]], Reward: [0.9747134],Reward_sum: 53.295005798339844, Done: [False]
==========
t: 54, State: [[-0.00227288  1.20851869 -0.0040248   0.03705217  0.00870286  0.82212732
   0.01123272 -0.02925828  0.81885049 -0.03876488 -0.00312691  0.06264606
   0.10461411 -0.00767662  0.01277367 -0.08901594  0.39371893  0.03594415]], Action: [[1.         0.05549678 1.         1.         0.33467084 1.        ]], Reward: [0.96305424],Reward_sum: 54.258060455322266, Done: [False]
==========
t: 55, State: [[-0.00263814  1.2084945  -0.00372196  0.03775378  0.0085607   0.82221489
   0.0106477  -0.02667785  0.81912157 -0.05192432 -0.00291199  0.01525037
   0.07156315 -0.02562856  0.00910209 -0.05845364  0.25761335  0.0314011 ]], Action: [[1.        0.0243465 1.        1.        0.3194167 1.       ]], Reward: [0.9502397],Reward_sum: 55.20830535888672, Done: [False]
==========
t: 56, State: [[-0.00310626  1.20847192 -0.00378914  0.03819699  0.00828001  0.82227387
   0.01029936 -0.02515311  0.8193543  -0.06435817 -0.00273501 -0.0294254
   0.04032907 -0.0421798   0.0056556  -0.03010481  0.13087984  0.02647704]], Action: [[ 1.         -0.00463158  1.          1.          0.30687326  1.        ]], Reward: [0.93739116],Reward_sum: 56.145694732666016, Done: [False]
==========
t: 57, State: [[-0.00366101  1.2084506  -0.00416807  0.03841672  0.00789452  0.82230718
   0.0101472  -0.0245061   0.81954395 -0.07366627 -0.00260562 -0.06293819
   0.01570964 -0.05226544  0.00273196 -0.0091721   0.03720161  0.02086332]], Action: [[ 1.         -0.02160421  1.          1.          0.30461985  1.        ]], Reward: [0.9265623],Reward_sum: 57.07225799560547, Done: [False]
==========
t: 58, State: [[-4.27205941e-03  1.20843018e+00 -4.75020351e-03  3.84773655e-02
   7.46651473e-03  8.22320093e-01  1.01218260e-02 -2.44221616e-02
   8.19685874e-01 -7.86544838e-02 -2.50795736e-03 -8.09661626e-02
   3.27502824e-04 -5.36080821e-02  5.93694948e-04  2.12159491e-03
  -1.22294227e-02  1.48073575e-02]], Action: [[ 1.         -0.02603185  1.          1.          0.31150925  1.        ]], Reward: [0.9195212],Reward_sum: 57.99177932739258, Done: [False]
==========
t: 59, State: [[-4.90856763e-03  1.20841044e+00 -5.42408409e-03  3.84477555e-02
   7.05472150e-03  8.22319269e-01  1.01560513e-02 -2.45884506e-02
   8.19781007e-01 -8.02407582e-02 -2.43513378e-03 -8.65977891e-02
  -7.15532130e-03 -4.88620329e-02 -6.99859754e-04  6.17104772e-03
  -2.74385864e-02  9.30196144e-03]], Action: [[ 1.         -0.0263066   1.          1.          0.31958303  1.        ]], Reward: [0.9163337],Reward_sum: 58.908111572265625, Done: [False]
==========
t: 60, State: [[-0.00554983  1.20839117 -0.00611324  0.03837927  0.00669202  0.82231097
   0.01020693 -0.02479846  0.8198373  -0.07997464 -0.0023875  -0.08526508
  -0.00963981 -0.04168264 -0.00129921  0.00651215 -0.02438077  0.00509399]], Action: [[ 1.         -0.02710178  1.          1.          0.32475877  1.        ]], Reward: [0.9157364],Reward_sum: 59.823848724365234, Done: [False]
==========
t: 61, State: [[-0.00618553  1.20837219 -0.00677814  0.03830229  0.00638866  0.82229986
   0.0102544  -0.0249513   0.81986578 -0.07892373 -0.00236284 -0.08081572
  -0.00944762 -0.03418876 -0.00143196  0.00540582 -0.01374712  0.00228416]], Action: [[ 1.         -0.02836543  1.          1.          0.32743716  1.        ]], Reward: [0.91642946],Reward_sum: 60.74027633666992, Done: [False]
==========
t: 62, State: [[-6.81174536e-03  1.20835333e+00 -7.40264989e-03  3.82323233e-02
   6.14336334e-03  8.22288848e-01  1.02913265e-02 -2.50089946e-02
   8.19876627e-01 -7.76437083e-02 -2.35603637e-03 -7.53243739e-02
  -7.99310486e-03 -2.72425304e-02 -1.29773748e-03  3.89840817e-03
  -8.81704666e-04  6.08901006e-04]], Action: [[ 1.         -0.02939704  1.          1.          0.32879227  1.        ]], Reward: [0.91761374],Reward_sum: 61.65789031982422, Done: [False]
==========
t: 63, State: [[-7.42778686e-03  1.20833447e+00 -7.98284017e-03  3.81761235e-02
   5.95046972e-03  8.22279474e-01  1.03162554e-02 -2.49639829e-02
   8.19877500e-01 -7.64009898e-02 -2.36165451e-03 -6.98264987e-02
  -6.06767404e-03 -2.11276979e-02 -1.03734322e-03  2.40913043e-03
   1.17947710e-02 -2.72171090e-04]], Action: [[ 1.         -0.02994245  1.          1.          0.32954293  1.        ]], Reward: [0.9188853],Reward_sum: 62.57677459716797, Done: [False]
==========
t: 64, State: [[-8.03449058e-03  1.20831552e+00 -8.52084914e-03  3.81356261e-02
   5.80300528e-03  8.22272370e-01  1.03299854e-02 -2.48223256e-02
   8.19873523e-01 -7.53203502e-02 -2.37554453e-03 -6.48264930e-02
  -4.10123089e-03 -1.59045944e-02 -7.39067284e-04  1.09428270e-03
   2.32205728e-02 -6.49301810e-04]], Action: [[ 1.         -0.0300236   1.          1.          0.33002037  1.        ]], Reward: [0.92005223],Reward_sum: 63.496826171875, Done: [False]
==========
t: 65, State: [[-8.63340191e-03  1.20829644e+00 -9.02170072e-03  3.81101801e-02
   5.69387796e-03  8.22267620e-01  1.03341412e-02 -2.45959799e-02
   8.19867826e-01 -7.44573663e-02 -2.39511040e-03 -6.05572654e-02
  -2.32026505e-03 -1.15494996e-02 -4.53564241e-04  9.09881646e-06
   3.29531140e-02 -7.32937595e-04]], Action: [[ 1.         -0.02975354  1.          1.          0.33035713  1.        ]], Reward: [0.92102605],Reward_sum: 64.41785430908203, Done: [False]
==========
t: 66, State: [[-9.22635942e-03  1.20827719e+00 -9.49166452e-03  3.80978132e-02
   5.61633372e-03  8.22265005e-01  1.03306306e-02 -2.42991925e-02
   8.19862157e-01 -7.38318730e-02 -2.41902832e-03 -5.71062404e-02
  -8.35161216e-04 -8.00497241e-03 -2.06926058e-04 -8.30198010e-04
   4.08478072e-02 -6.62184868e-04]], Action: [[ 1.         -0.02925763  1.          1.          0.3305983   1.        ]], Reward: [0.92177016],Reward_sum: 65.3396224975586, Done: [False]
==========
t: 67, State: [[-9.81527540e-03  1.20825773e+00 -9.93735651e-03  3.80959567e-02
   5.56415276e-03  8.22264165e-01  1.03214231e-02 -2.39467038e-02
   8.19857378e-01 -7.34438264e-02 -2.44685380e-03 -5.44784411e-02
   3.11204395e-04 -5.19739229e-03 -1.01244932e-05 -1.42440863e-03
   4.69173866e-02 -5.22816864e-04]], Action: [[ 1.         -0.02864236  1.          1.          0.330753    1.        ]], Reward: [0.9222753],Reward_sum: 66.26189422607422, Done: [False]
==========
t: 68, State: [[-1.04020090e-02  1.20823803e+00 -1.03652153e-02  3.81018745e-02
   5.53175077e-03  8.22264689e-01  1.03084377e-02 -2.35527385e-02
   8.19853823e-01 -7.32810111e-02 -2.47858869e-03 -5.26288210e-02
   1.11705571e-03 -3.04377418e-03  1.34870742e-04 -1.78542707e-03
   5.12712848e-02 -3.64535135e-04]], Action: [[ 1.         -0.02798763  1.          1.          0.33082086  1.        ]], Reward: [0.92254806],Reward_sum: 67.18444061279297, Done: [False]
==========
t: 69, State: [[-1.09882878e-02  1.20821806e+00 -1.07811831e-02  3.81129243e-02
   5.51423780e-03  8.22266175e-01  1.02934622e-02 -2.31303729e-02
   8.19851522e-01 -7.33235928e-02 -2.51436868e-03 -5.14816705e-02
   1.60570653e-03 -1.45568825e-03  2.31206684e-04 -1.93376222e-03
   5.40814767e-02 -2.13999839e-04]], Action: [[ 1.         -0.02734593  1.          1.          0.3308007   1.        ]], Reward: [0.922605],Reward_sum: 68.10704803466797, Done: [False]
==========
t: 70, State: [[-1.15756589e-02  1.20819779e+00 -1.11905111e-02  3.81267181e-02
   5.50744886e-03  8.22268254e-01  1.02780885e-02 -2.26911174e-02
   8.19850356e-01 -7.35469546e-02 -2.55427475e-03 -5.09426819e-02
   1.81591940e-03 -3.42297917e-04  2.84780831e-04 -1.89732025e-03
   5.55619309e-02 -8.39646422e-05]], Action: [[ 1.         -0.02674499  1.          1.          0.33069557  1.        ]], Reward: [0.92246854],Reward_sum: 69.0295181274414, Done: [False]
==========
t: 71, State: [[-1.21654603e-02  1.20817718e+00 -1.15976514e-02  3.81412158e-02
   5.50794826e-03  8.22270614e-01  1.02636624e-02 -2.22446607e-02
   8.19850138e-01 -7.39240766e-02 -2.59825490e-03 -5.09085321e-02
   1.79490511e-03  3.86194880e-04  3.02769518e-04 -1.70916276e-03
   5.59495274e-02  2.09347388e-05]], Action: [[ 1.         -0.02619299  1.          1.          0.33051205  1.        ]], Reward: [0.9221649],Reward_sum: 69.95169067382812, Done: [False]
==========
t: 72, State: [[-1.27588105e-02  1.20815621e+00 -1.20062173e-02  3.81547716e-02
   5.51300562e-03  8.22273000e-01  1.02512519e-02 -2.17987566e-02
   8.19850663e-01 -7.44275093e-02 -2.64611679e-03 -5.12745131e-02
   1.59321492e-03  8.15067428e-04  2.92716023e-04 -1.40501027e-03
   5.54873511e-02  1.00587034e-04]], Action: [[ 1.         -0.02568454  1.          1.          0.33025962  1.        ]], Reward: [0.9217215],Reward_sum: 70.8734130859375, Done: [False]
==========
t: 73, State: [[-1.33566123e-02  1.20813483e+00 -1.24190002e-02  3.81661433e-02
   5.52054586e-03  8.22275218e-01  1.02416385e-02 -2.13592411e-02
   8.19851736e-01 -7.50310898e-02 -2.69756294e-03 -5.19409431e-02
   1.26057991e-03  1.02202309e-03  2.61923451e-04 -1.02040703e-03
   5.44091090e-02  1.57311091e-04]], Action: [[ 1.         -0.02520567  1.          1.          0.32994866  1.        ]], Reward: [0.9211653],Reward_sum: 71.7945785522461, Done: [False]
==========
t: 74, State: [[-1.39595695e-02  1.20811304e+00 -1.28380329e-02  3.81744709e-02
   5.52907657e-03  8.22277127e-01  1.02353299e-02 -2.09301672e-02
   8.19853187e-01 -7.57113882e-02 -2.75224503e-03 -5.28184479e-02
   8.42546325e-04  1.07464099e-03  2.17044389e-04 -5.87979205e-04
   5.29254413e-02  1.94674460e-04]], Action: [[ 1.         -0.02473888  1.          1.          0.3295884   1.        ]], Reward: [0.9205211],Reward_sum: 72.71510314941406, Done: [False]
==========
t: 75, State: [[-1.45682126e-02  1.20809079e+00 -1.32646858e-02  3.81792351e-02
   5.53759926e-03  8.22278640e-01  1.02325902e-02 -2.05140245e-02
   8.19854875e-01 -7.64485616e-02 -2.80981291e-03 -5.38310590e-02
   3.78565537e-04  1.02880484e-03  1.63852920e-04 -1.35898778e-04
   5.12161000e-02  2.16680077e-04]], Action: [[ 1.         -0.02426741  1.          1.          0.3291871   1.        ]], Reward: [0.91981065],Reward_sum: 73.6349105834961, Done: [False]
==========
t: 76, State: [[-1.51829302e-02  1.20806807e+00 -1.36997843e-02  3.81802013e-02
   5.54551328e-03  8.22279710e-01  1.02334825e-02 -2.01120152e-02
   8.19856695e-01 -7.72269456e-02 -2.86995954e-03 -5.49183152e-02
  -9.96469186e-05  9.28349848e-04  1.07067505e-04  3.13666265e-04
   4.94236380e-02  2.27392923e-04]], Action: [[ 1.         -0.02377626  1.          1.          0.32875     1.        ]], Reward: [0.91905165],Reward_sum: 74.55396270751953, Done: [False]
==========
t: 77, State: [[-1.58040024e-02  1.20804486e+00 -1.41437331e-02  3.81773571e-02
   5.55252079e-03  8.22280322e-01  1.02379170e-02 -1.97243512e-02
   8.19858571e-01 -7.80350053e-02 -2.93244512e-03 -5.60350659e-02
  -5.68163130e-04  8.05580343e-04  5.03362454e-05  7.44496527e-04
   4.76539817e-02  2.30542147e-04]], Action: [[ 1.         -0.02325431  1.          1.          0.32828104  1.        ]], Reward: [0.91825765],Reward_sum: 75.47222137451172, Done: [False]
==========
t: 78, State: [[-1.64316335e-02  1.20802114e+00 -1.45966347e-02  3.81708504e-02
   5.55853931e-03  8.22280488e-01  1.02456981e-02 -1.93505410e-02
   8.19860455e-01 -7.88650813e-02 -2.99711111e-03 -5.71505119e-02
  -1.01060741e-03  6.82544489e-04 -3.73380466e-06  1.14615962e-03
   4.59783869e-02  2.29359434e-04]], Action: [[ 1.         -0.02269396  1.          1.          0.3277821   1.        ]], Reward: [0.91743815],Reward_sum: 76.38965606689453, Done: [False]
==========
t: 79, State: [[-1.70659796e-02  1.20799690e+00 -1.50583960e-02  3.81609334e-02
   5.56362732e-03  8.22280238e-01  1.02565668e-02 -1.89896441e-02
   8.19862323e-01 -7.97127730e-02 -3.06387879e-03 -5.82459435e-02
  -1.41709764e-03  5.72935969e-04 -5.34641881e-05  1.51303397e-03
   4.44391041e-02  2.26418421e-04]], Action: [[ 1.         -0.02209055  1.          1.          0.3272543   1.        ]], Reward: [0.91659915],Reward_sum: 77.3062515258789, Done: [False]
==========
t: 80, State: [[-1.77071732e-02  1.20797211e+00 -1.55288154e-02  3.81479147e-02
   5.56792499e-03  8.22279609e-01  1.02702360e-02 -1.86404813e-02
   8.19864169e-01 -8.05763222e-02 -3.13274267e-03 -5.93124573e-02
  -1.78313617e-03  4.83934083e-04 -9.79616500e-05  1.84342261e-03
   4.30548509e-02  2.23633811e-04]], Action: [[ 1.         -0.02144185  1.          1.          0.3266979   1.        ]], Reward: [0.9157436],Reward_sum: 78.22199249267578, Done: [False]
==========
t: 81, State: [[-1.83553408e-02  1.20794676e+00 -1.60076508e-02  3.81321225e-02
   5.57160932e-03  8.22278644e-01  1.02864163e-02 -1.83017962e-02
   8.19866001e-01 -8.14559155e-02 -3.20375749e-03 -6.03483864e-02
  -2.10820518e-03  4.17952652e-04 -1.36940091e-04  2.13837609e-03
   4.18273127e-02  2.22269590e-04]], Action: [[ 1.         -0.02074775  1.          1.          0.32611302  1.        ]], Reward: [0.9148723],Reward_sum: 79.1368637084961, Done: [False]
==========
t: 82, State: [[-1.90106158e-02  1.20792084e+00 -1.64946671e-02  3.81138776e-02
   5.57486361e-03  8.22277389e-01  1.03048337e-02 -1.79723645e-02
   8.19867832e-01 -8.23529841e-02 -3.27702167e-03 -6.13567225e-02
  -2.39438697e-03  3.74431884e-04 -1.70548947e-04  2.40054934e-03
   4.07475792e-02  2.22986296e-04]], Action: [[ 1.         -0.02000895  1.          1.          0.32550028  1.        ]], Reward: [0.9139843],Reward_sum: 80.05084991455078, Done: [False]
==========
t: 83, State: [[-1.96731468e-02  1.20789432e+00 -1.69896668e-02  3.80934762e-02
   5.57785860e-03  8.22275883e-01  1.03252412e-02 -1.76510664e-02
   8.19869681e-01 -8.32698270e-02 -3.35266832e-03 -6.23436790e-02
  -2.64566592e-03  3.50995114e-04 -1.99245818e-04  2.63384637e-03
   3.97991362e-02  2.26054454e-04]], Action: [[ 1.         -0.01922649  1.          1.          0.32485953  1.        ]], Reward: [0.9130777],Reward_sum: 80.96392822265625, Done: [False]
==========
t: 84, State: [[-2.03431022e-02  1.20786719e+00 -1.74925082e-02  3.80711797e-02
   5.58074186e-03  8.22274165e-01  1.03474235e-02 -1.73369248e-02
   8.19871565e-01 -8.42090742e-02 -3.43084935e-03 -6.33167248e-02
  -2.86664745e-03  3.44364389e-04 -2.23632382e-04  2.84229944e-03
   3.89632638e-02  2.31363034e-04]], Action: [[ 1.         -0.01840231  1.          1.          0.3241917   1.        ]], Reward: [0.91215014],Reward_sum: 81.8760757446289, Done: [False]
==========
t: 85, State: [[-2.10206723e-02  1.20783942e+00 -1.80031111e-02  3.80472115e-02
   5.58363400e-03  8.22272266e-01  1.03711976e-02 -1.70291153e-02
   8.19873502e-01 -8.51734505e-02 -3.51172817e-03 -6.42836793e-02
  -3.06215688e-03  3.51152051e-04 -2.44379072e-04  3.02991306e-03
   3.82207775e-02  2.38599571e-04]], Action: [[ 1.         -0.01753774  1.          1.          0.32349747  1.        ]], Reward: [0.9111988],Reward_sum: 82.78727722167969, Done: [False]
==========
t: 86, State: [[-2.17060689e-02  1.20781099e+00 -1.85214580e-02  3.80217559e-02
   5.58662897e-03  8.22270212e-01  1.03964126e-02 -1.67269668e-02
   8.19875505e-01 -8.61656739e-02 -3.59547620e-03 -6.52523047e-02
  -3.23700203e-03  3.68115261e-04 -2.62163032e-04  3.20061465e-03
   3.75527584e-02  2.47391129e-04]], Action: [[ 1.         -0.01663408  1.          1.          0.32277715  1.        ]], Reward: [0.910221],Reward_sum: 83.69749450683594, Done: [False]
==========
t: 87, State: [[-2.23995251e-02  1.20778188e+00 -1.90475908e-02  3.79949609e-02
   5.58979665e-03  8.22268024e-01  1.04229471e-02 -1.64299515e-02
   8.19877585e-01 -8.71882655e-02 -3.68226634e-03 -6.62296084e-02
  -3.39552820e-03  3.92487967e-04 -2.77611159e-04  3.35786398e-03
   3.69424531e-02  2.57315314e-04]], Action: [[ 1.         -0.0156922   1.          1.          0.32203138  1.        ]], Reward: [0.909214],Reward_sum: 84.60671997070312, Done: [False]
==========
t: 88, State: [[-2.31012923e-02  1.20775206e+00 -1.95816014e-02  3.79669433e-02
   5.59318747e-03  8.22265719e-01  1.04507035e-02 -1.61376583e-02
   8.19879750e-01 -8.82433616e-02 -3.77226578e-03 -6.72211663e-02
  -3.54111049e-03  4.22154032e-04 -2.91243224e-04  3.50417225e-03
   3.63773217e-02  2.67877962e-04]], Action: [[ 1.         -0.01471296  1.          1.          0.32126182  1.        ]], Reward: [0.90817565],Reward_sum: 85.514892578125, Done: [False]
==========
t: 89, State: [[-2.38116392e-02  1.20772151e+00 -2.01236257e-02  3.79377934e-02
   5.59683646e-03  8.22263310e-01  1.04796050e-02 -1.58497764e-02
   8.19882003e-01 -8.93330496e-02 -3.86564686e-03 -6.82322774e-02
  -3.67702645e-03  4.55368022e-04 -3.03526833e-04  3.64219042e-03
   3.58449617e-02  2.78786615e-04]], Action: [[ 1.         -0.01369658  1.          1.          0.320468    1.        ]], Reward: [0.9071038],Reward_sum: 86.4219970703125, Done: [False]
==========
t: 90, State: [[-2.45308494e-02  1.20769019e+00 -2.06738361e-02  3.79075789e-02
   5.60076695e-03  8.22260806e-01  1.05095924e-02 -1.55660781e-02
   8.19884345e-01 -9.04590620e-02 -3.96257657e-03 -6.92669070e-02
  -3.80562180e-03  4.90929970e-04 -3.14816705e-04  3.77368947e-03
   3.53368844e-02  2.89713579e-04]], Action: [[ 1.         -0.01264346  1.          1.          0.31965125  1.        ]], Reward: [0.9059964],Reward_sum: 87.32799530029297, Done: [False]
==========
t: 91, State: [[-2.52592198e-02  1.20765809e+00 -2.12324344e-02  3.78763502e-02
   5.60499473e-03  8.22258214e-01  1.05406200e-02 -1.52863980e-02
   8.19886776e-01 -9.16229699e-02 -4.06322284e-03 -7.03283574e-02
  -3.92886819e-03  5.28115781e-04 -3.25401299e-04  3.90022965e-03
   3.48460757e-02  3.00448450e-04]], Action: [[ 1.         -0.01155308  1.          1.          0.31881177  1.        ]], Reward: [0.9048519],Reward_sum: 88.23284912109375, Done: [False]
==========
t: 92, State: [[-2.59970592e-02  1.20762517e+00 -2.17996454e-02  3.78441446e-02
   5.60953087e-03  8.22255539e-01  1.05726524e-02 -1.50106175e-02
   8.19889292e-01 -9.28261502e-02 -4.16775303e-03 -7.14191605e-02
  -4.04815899e-03  5.66459941e-04 -3.35484738e-04  4.02289653e-03
   3.43677046e-02  3.10821869e-04]], Action: [[ 1.         -0.01042542  1.          1.          0.3179503   1.        ]], Reward: [0.9036689],Reward_sum: 89.13652038574219, Done: [False]
==========
t: 93, State: [[-2.67446870e-02  1.20759139e+00 -2.23757129e-02  3.78109887e-02
   5.61438328e-03  8.22252783e-01  1.06056626e-02 -1.47386539e-02
   8.19891892e-01 -9.40699149e-02 -4.27633864e-03 -7.25415364e-02
  -4.16465102e-03  6.05628653e-04 -3.45221169e-04  4.14266986e-03
   3.38976406e-02  3.20763252e-04]], Action: [[ 1.        -0.0092603  1.         1.         0.3170669  1.       ]], Reward: [0.9024459],Reward_sum: 90.0389633178711, Done: [False]
==========
t: 94, State: [[-2.75024327e-02  1.20755673e+00 -2.29608964e-02  3.77769013e-02
   5.61955908e-03  8.22249949e-01  1.06396306e-02 -1.44704527e-02
   8.19894572e-01 -9.53554500e-02 -4.38915359e-03 -7.36971894e-02
  -4.27924322e-03  6.45712826e-04 -3.54731607e-04  4.26032405e-03
   3.34330051e-02  3.30237011e-04]], Action: [[ 1.         -0.00805628  1.          1.          0.3161618   1.        ]], Reward: [0.90118176],Reward_sum: 90.94014739990234, Done: [False]
==========
t: 95, State: [[-2.82706350e-02  1.20752115e+00 -2.35554681e-02  3.77418948e-02
   5.62506585e-03  8.22247039e-01  1.06745419e-02 -1.42059790e-02
   8.19897327e-01 -9.66838952e-02 -4.50637669e-03 -7.48875903e-02
  -4.39256995e-03  6.86738422e-04 -3.64089651e-04  4.37643713e-03
   3.29716861e-02  3.39240586e-04]], Action: [[ 1.         -0.00681302  1.          1.          0.3152352   1.        ]], Reward: [0.8998753],Reward_sum: 91.84001159667969, Done: [False]
==========
t: 96, State: [[-2.90496414e-02  1.20748461e+00 -2.41597107e-02  3.77059777e-02
   5.63091191e-03  8.22244054e-01  1.07103858e-02 -1.39452114e-02
   8.19900154e-01 -9.80563267e-02 -4.62819139e-03 -7.61139198e-02
  -4.50505548e-03  7.28860302e-04 -3.73342570e-04  4.49140617e-03
   3.25124102e-02  3.47783087e-04]], Action: [[ 1.         -0.00552955  1.          1.          0.3142873   1.        ]], Reward: [0.8985254],Reward_sum: 92.73854064941406, Done: [False]
==========
t: 97, State: [[-2.98398080e-02  1.20744708e+00 -2.47739155e-02  3.76691556e-02
   5.63710693e-03  8.22240994e-01  1.07471542e-02 -1.36881366e-02
   8.19903049e-01 -9.94737939e-02 -4.75478717e-03 -7.73771987e-02
  -4.61696827e-03  7.72245015e-04 -3.82515285e-04  4.60550262e-03
   3.20544234e-02  3.55887491e-04]], Action: [[ 1.         -0.00420508  1.          1.          0.3133183   1.        ]], Reward: [0.89713097],Reward_sum: 93.63567352294922, Done: [False]
==========
t: 98, State: [[-3.06414992e-02  1.20740851e+00 -2.53983820e-02  3.76314318e-02
   5.64366221e-03  8.22237860e-01  1.07848413e-02 -1.34347468e-02
   8.19906009e-01 -1.00937348e-01 -4.88636108e-03 -7.86783909e-02
  -4.72854508e-03  8.17131482e-04 -3.91626847e-04  4.71899046e-03
   3.15970948e-02  3.63598973e-04]], Action: [[ 1.         -0.00283834  1.          1.          0.3123282   1.        ]], Reward: [0.89569104],Reward_sum: 94.53136444091797, Done: [False]
==========
t: 99, State: [[-3.14550881e-02  1.20736887e+00 -2.60334176e-02  3.75928081e-02
   5.65059070e-03  8.22234652e-01  1.08234435e-02 -1.31850401e-02
   8.19909031e-01 -1.02448084e-01 -5.02311966e-03 -8.00185544e-02
  -4.84004834e-03  8.63685492e-04 -4.00692368e-04  4.83218345e-03
   3.11395585e-02  3.70985797e-04]], Action: [[ 1.         -0.00142831  1.          1.          0.3113167   1.        ]], Reward: [0.89420444],Reward_sum: 95.42556762695312, Done: [False]
==========
t: 100, State: [[-3.22809561e-02  1.20732812e+00 -2.66793367e-02  3.75532852e-02
   5.65790713e-03  8.22231371e-01  1.08629582e-02 -1.29390159e-02
   8.19912113e-01 -1.04007002e-01 -5.16527358e-03 -8.13983490e-02
  -4.95142690e-03  9.12179221e-04 -4.09703464e-04  4.94503081e-03
   3.06823527e-02  3.78043599e-04]], Action: [[1.0000000e+00 2.6196241e-05 1.0000000e+00 1.0000000e+00 3.1028450e-01
  1.0000000e+00]], Reward: [0.8926702],Reward_sum: 96.3182373046875, Done: [False]
==========
t: 101, State: [[-3.31194931e-02  1.20728621e+00 -2.73364600e-02  3.75128632e-02
   5.66562821e-03  8.22228017e-01  1.09033839e-02 -1.26966740e-02
   8.19915251e-01 -1.05615217e-01 -5.31304645e-03 -8.28187696e-02
  -5.06287741e-03  9.62831161e-04 -4.18668914e-04  5.05779083e-03
   3.02248735e-02  3.84844974e-04]], Action: [[1.         0.00152668 1.         1.         0.30923098 1.        ]], Reward: [0.89108723],Reward_sum: 97.2093276977539, Done: [False]
==========
t: 102, State: [[-3.39710978e-02  1.20724309e+00 -2.80051162e-02  3.74715412e-02
   5.67377207e-03  8.22224591e-01  1.09447202e-02 -1.24580168e-02
   8.19918445e-01 -1.07273832e-01 -5.46667021e-03 -8.42807162e-02
  -5.17445418e-03  1.01578321e-03 -4.27583772e-04  5.17054975e-03
   2.97670459e-02  3.91420675e-04]], Action: [[1.         0.00307417 1.         1.         0.30815634 1.        ]], Reward: [0.8894544],Reward_sum: 98.09878540039062, Done: [False]
==========
t: 103, State: [[-3.48361779e-02  1.20719872e+00 -2.86856410e-02  3.74293179e-02
   5.68235790e-03  8.22221092e-01  1.09869674e-02 -1.22230471e-02
   8.19921693e-01 -1.08983978e-01 -5.62638694e-03 -8.57851102e-02
  -5.28619907e-03  1.07115557e-03 -4.36443295e-04  5.28337831e-03
   2.93088221e-02  3.97797702e-04]], Action: [[1.         0.00466987 1.         1.         0.30706054 1.        ]], Reward: [0.88777065],Reward_sum: 98.98654174804688, Done: [False]
==========
t: 104, State: [[-3.57151501e-02  1.20715304e+00 -2.93783774e-02  3.73861919e-02
   5.69140624e-03  8.22217522e-01  1.10301265e-02 -1.19917680e-02
   8.19924992e-01 -1.10746800e-01 -5.79244904e-03 -8.73328584e-02
  -5.39816758e-03  1.12915633e-03 -4.45248244e-04  5.39635249e-03
   2.88502035e-02  4.03998948e-04]], Action: [[1.         0.0063155  1.         1.         0.30594352 1.        ]], Reward: [0.88603485],Reward_sum: 99.87257385253906, Done: [False]
==========
t: 105, State: [[-3.66084405e-02  1.20710601e+00 -3.00836756e-02  3.73421611e-02
   5.70093939e-03  8.22213880e-01  1.10741987e-02 -1.17641816e-02
   8.19928342e-01 -1.12563453e-01 -5.96511913e-03 -8.89248257e-02
  -5.51036625e-03  1.19000993e-03 -4.53995156e-04  5.50949035e-03
   2.83914130e-02  4.10033193e-04]], Action: [[1.         0.00801265 1.         1.         0.30480534 1.        ]], Reward: [0.88424575],Reward_sum: 100.75682067871094, Done: [False]
==========
t: 106, State: [[-3.75164845e-02  1.20705757e+00 -3.08018937e-02  3.72972232e-02
   5.71098063e-03  8.22210168e-01  1.11191859e-02 -1.15402909e-02
   8.19931741e-01 -1.14435178e-01 -6.14467402e-03 -9.05621146e-02
  -5.62288914e-03  1.25374898e-03 -4.62681471e-04  5.62292394e-03
   2.79320906e-02  4.15935975e-04]], Action: [[1.         0.00976244 1.         1.         0.30364567 1.        ]], Reward: [0.8824022],Reward_sum: 101.63922119140625, Done: [False]
==========
t: 107, State: [[-3.84397274e-02  1.20700767e+00 -3.15333969e-02  3.72513762e-02
   5.72155463e-03  8.22206385e-01  1.11650899e-02 -1.13200961e-02
   8.19935188e-01 -1.16363133e-01 -6.33139777e-03 -9.22454523e-02
  -5.73561248e-03  1.32066237e-03 -4.71297419e-04  5.73650533e-03
   2.74730962e-02  4.21673172e-04]], Action: [[1.         0.01156691 1.         1.         0.30246505 1.        ]], Reward: [0.880503],Reward_sum: 102.51972198486328, Done: [False]
==========
t: 108, State: [[-3.93786241e-02  1.20695624e+00 -3.22785580e-02  3.72046179e-02
   5.73268741e-03  8.22202532e-01  1.12119126e-02 -1.11035960e-02
   8.19938683e-01 -1.18348614e-01 -6.52559179e-03 -9.39759705e-02
  -5.84863201e-03  1.39082158e-03 -4.79841865e-04  5.85037068e-03
   2.70140953e-02  4.27282075e-04]], Action: [[1.         0.01342744 1.         1.         0.30126292 1.        ]], Reward: [0.87854695],Reward_sum: 103.39826965332031, Done: [False]
==========
t: 109, State: [[-4.03336398e-02  1.20690323e+00 -3.30377580e-02  3.71569462e-02
   5.74440586e-03  8.22198610e-01  1.12596560e-02 -1.08907889e-02
   8.19942223e-01 -1.20392887e-01 -6.72756828e-03 -9.57546219e-02
  -5.96189236e-03  1.46435417e-03 -4.88305163e-04  5.96446182e-03
   2.65554823e-02  4.32749345e-04]], Action: [[1.         0.01534563 1.         1.         0.30003956 1.        ]], Reward: [0.8765328],Reward_sum: 104.2748031616211, Done: [False]
==========
t: 110, State: [[-4.13052501e-02  1.20684857e+00 -3.38113866e-02  3.71083584e-02
   5.75673802e-03  8.22194620e-01  1.13083225e-02 -1.06816727e-02
   8.19945809e-01 -1.22497299e-01 -6.93765582e-03 -9.75825580e-02
  -6.07550733e-03  1.54142162e-03 -4.96693011e-04  6.07891459e-03
   2.60969847e-02  4.38100483e-04]], Action: [[1.         0.01732358 1.         1.         0.29879457 1.        ]], Reward: [0.87445915],Reward_sum: 105.14926147460938, Done: [False]
==========
t: 111, State: [[-4.22939414e-02  1.20679219e+00 -3.45998414e-02  3.70588524e-02
   5.76971309e-03  8.22190561e-01  1.13579144e-02 -1.04762433e-02
   8.19949438e-01 -1.24663159e-01 -7.15619414e-03 -9.94607064e-02
  -6.18934955e-03  1.62214817e-03 -5.04989227e-04  6.19358393e-03
   2.56393040e-02  4.43300030e-04]], Action: [[1.         0.01936272 1.         1.         0.29752842 1.        ]], Reward: [0.8723247],Reward_sum: 106.02159118652344, Done: [False]
==========
t: 112, State: [[-4.33002107e-02  1.20673404e+00 -3.54035287e-02  3.70084258e-02
   5.78336144e-03  8.22186436e-01  1.14084340e-02 -1.02744947e-02
   8.19953110e-01 -1.26891869e-01 -7.38354130e-03 -1.01390235e-01
  -6.30349763e-03  1.70669564e-03 -5.13196037e-04  6.30856867e-03
   2.51823087e-02  4.48367109e-04]], Action: [[1.         0.02146524 1.         1.         0.29624066 1.        ]], Reward: [0.8701281],Reward_sum: 106.89171600341797, Done: [False]
==========
t: 113, State: [[-4.43245664e-02  1.20667402e+00 -3.62228633e-02  3.69570765e-02
   5.79771468e-03  8.22182243e-01  1.14598833e-02 -1.00764185e-02
   8.19956823e-01 -1.29184807e-01 -7.62006847e-03 -1.03372135e-01
  -6.41784127e-03  1.79521434e-03 -5.21298892e-04  6.42374509e-03
   2.47266552e-02  4.53271412e-04]], Action: [[1.         0.02363285 1.         1.         0.29493168 1.        ]], Reward: [0.867868],Reward_sum: 107.75958251953125, Done: [False]
==========
t: 114, State: [[-4.53675278e-02  1.20661208e+00 -3.70582685e-02  3.69048028e-02
   5.81280607e-03  8.22177986e-01  1.15122642e-02 -9.88200334e-03
   8.19960577e-01 -1.31543422e-01 -7.86616563e-03 -1.05407558e-01
  -6.53243400e-03  1.88794352e-03 -5.29299185e-04  6.53917947e-03
   2.42724064e-02  4.58023449e-04]], Action: [[1.         0.02586809 1.         1.         0.29360116 1.        ]], Reward: [0.86554295],Reward_sum: 108.6251220703125, Done: [False]
==========
t: 115, State: [[-4.64296263e-02  1.20654813e+00 -3.79101769e-02  3.68516028e-02
   5.82866995e-03  8.22173663e-01  1.15655784e-02 -9.69123643e-03
   8.19964370e-01 -1.33969195e-01 -8.12223986e-03 -1.07497664e-01
  -6.64720989e-03  1.98493847e-03 -5.37180880e-04  6.65481020e-03
   2.38199222e-02  4.62609088e-04]], Action: [[1.         0.02817237 1.         1.         0.29224926 1.        ]], Reward: [0.8631515],Reward_sum: 109.48827362060547, Done: [False]
==========
t: 116, State: [[-4.75114052e-02  1.20648208e+00 -3.87790304e-02  3.67974750e-02
   5.84534158e-03  8.22169276e-01  1.16198276e-02 -9.50410186e-03
   8.19968200e-01 -1.36463635e-01 -8.38871646e-03 -1.09643614e-01
  -6.76213207e-03  2.08635898e-03 -5.44935692e-04  6.77060072e-03
   2.33695654e-02  4.67017345e-04]], Action: [[1.         0.03054804 1.         1.         0.290876   1.        ]], Reward: [0.8606921],Reward_sum: 110.34896850585938, Done: [False]
==========
t: 117, State: [[-4.86134200e-02  1.20641387e+00 -3.96652813e-02  3.67424177e-02
   5.86285761e-03  8.22164826e-01  1.16750138e-02 -9.32058438e-03
   8.19972066e-01 -1.39028353e-01 -8.66604367e-03 -1.11846823e-01
  -6.87736403e-03  2.19237741e-03 -5.52571760e-04  6.88674121e-03
   2.29208912e-02  4.71279783e-04]], Action: [[1.         0.03299764 1.         1.         0.28948087 1.        ]], Reward: [0.85816324],Reward_sum: 111.2071304321289, Done: [False]
==========
t: 118, State: [[-4.97362390e-02  1.20634339e+00 -4.05693911e-02  3.66864291e-02
   5.88125610e-03  8.22160315e-01  1.17311386e-02 -9.14066482e-03
   8.19975968e-01 -1.41664862e-01 -8.95468276e-03 -1.14108269e-01
  -6.99266406e-03  2.30318435e-03 -5.60063187e-04  7.00294700e-03
   2.24751780e-02  4.75325339e-04]], Action: [[1.         0.03552306 1.         1.         0.28806475 1.        ]], Reward: [0.8555634],Reward_sum: 112.06269073486328, Done: [False]
==========
t: 119, State: [[-5.08804431e-02  1.20627055e+00 -4.14918312e-02  3.66295085e-02
   5.90057653e-03  8.22155742e-01  1.17882030e-02 -8.96431957e-03
   8.19979902e-01 -1.44374825e-01 -9.25512195e-03 -1.16429331e-01
  -7.10809201e-03  2.41892906e-03 -5.67406701e-04  7.11930559e-03
   2.20323569e-02  4.79173849e-04]], Action: [[1.         0.03812683 1.         1.         0.28662705 1.        ]], Reward: [0.8528909],Reward_sum: 112.91559600830078, Done: [False]
==========
t: 120, State: [[-5.20466265e-02  1.20619526e+00 -4.24330834e-02  3.65716546e-02
   5.92085983e-03  8.22151110e-01  1.18462084e-02 -8.79152426e-03
   8.19983868e-01 -1.47159917e-01 -9.56787051e-03 -1.18811335e-01
  -7.22365931e-03  2.53982465e-03 -5.74597237e-04  7.23583060e-03
   2.15926693e-02  4.82819411e-04]], Action: [[1.         0.04081157 1.         1.         0.28516787 1.        ]], Reward: [0.8501441],Reward_sum: 113.76573944091797, Done: [False]
==========
t: 121, State: [[-5.32353969e-02  1.20611742e+00 -4.33936401e-02  3.65128667e-02
   5.94214838e-03  8.22146420e-01  1.19051556e-02 -8.62225117e-03
   8.19987864e-01 -1.50021840e-01 -9.89346001e-03 -1.21255573e-01
  -7.33928258e-03  2.66601586e-03 -5.81618472e-04  7.35243314e-03
   2.11566717e-02  4.86237194e-04]], Action: [[1.         0.04357949 1.         1.         0.2836874  1.        ]], Reward: [0.84732133],Reward_sum: 114.6130599975586, Done: [False]
==========
t: 122, State: [[-5.44473762e-02  1.20603692e+00 -4.43740055e-02  3.64531435e-02
   5.96448578e-03  8.22141672e-01  1.19650463e-02 -8.45647229e-03
   8.19991888e-01 -1.52962411e-01 -1.02324510e-02 -1.23763635e-01
  -7.45511218e-03  2.79766021e-03 -5.88474402e-04  7.46929221e-03
   2.07239681e-02  4.89456300e-04]], Action: [[1.         0.04643348 1.         1.         0.28218514 1.        ]], Reward: [0.8444208],Reward_sum: 115.45748138427734, Done: [False]
==========
t: 123, State: [[-5.56832005e-02  1.20595365e+00 -4.53746950e-02  3.63924837e-02
   5.98791685e-03  8.22136869e-01  1.20258819e-02 -8.29415795e-03
   8.19995939e-01 -1.55983408e-01 -1.05854252e-02 -1.26336860e-01
  -7.57103605e-03  2.93490358e-03 -5.95146863e-04  7.58627373e-03
   2.02952694e-02  4.92434143e-04]], Action: [[1.         0.04937583 1.         1.         0.28066158 1.        ]], Reward: [0.84144074],Reward_sum: 116.29891967773438, Done: [False]
==========
t: 124, State: [[-5.69435207e-02  1.20586750e+00 -4.63962359e-02  3.63308863e-02
   6.01248794e-03  8.22132012e-01  1.20876636e-02 -8.13527537e-03
   8.20000013e-01 -1.59086698e-01 -1.09529935e-02 -1.28976760e-01
  -7.68710063e-03  3.07796950e-03 -6.01633055e-04  7.70343167e-03
   1.98706943e-02  4.95171312e-04]], Action: [[1.         0.05240968 1.         1.         0.27911645 1.        ]], Reward: [0.8383793],Reward_sum: 117.13729858398438, Done: [False]
==========
t: 125, State: [[-5.82290024e-02  1.20577835e+00 -4.74391671e-02  3.62683502e-02
   6.03824680e-03  8.22127102e-01  1.21503928e-02 -7.97978943e-03
   8.20004110e-01 -1.62274175e-01 -1.13357944e-02 -1.31684834e-01
  -7.80325410e-03  3.22699002e-03 -6.07917649e-04  7.82071180e-03
   1.94506735e-02  4.97646727e-04]], Action: [[1.         0.05553746 1.         1.         0.27754992 1.        ]], Reward: [0.83523464],Reward_sum: 117.9725341796875, Done: [False]
==========
t: 126, State: [[-5.95403273e-02  1.20568607e+00 -4.85040411e-02  3.62048738e-02
   6.06524244e-03  8.22122140e-01  1.22140715e-02 -7.82766619e-03
   8.20008228e-01 -1.65547866e-01 -1.17345013e-02 -1.34462905e-01
  -7.91971357e-03  3.38213638e-03 -6.14009584e-04  7.93836342e-03
   1.90345761e-02  4.99897723e-04]], Action: [[1.         0.05876252 1.         1.         0.27596134 1.        ]], Reward: [0.8320048],Reward_sum: 118.8045425415039, Done: [False]
==========
t: 127, State: [[-6.08781927e-02  1.20559054e+00 -4.95914232e-02  3.61404549e-02
   6.09352594e-03  8.22117129e-01  1.22787022e-02 -7.67887018e-03
   8.20012364e-01 -1.68909714e-01 -1.21498112e-02 -1.37312386e-01
  -8.03637949e-03  3.54373394e-03 -6.19895769e-04  8.05624743e-03
   1.86232954e-02  5.01868814e-04]], Action: [[1.         0.0620881  1.         1.         0.27435136 1.        ]], Reward: [0.8286877],Reward_sum: 119.63323211669922, Done: [False]
==========
t: 128, State: [[-6.22433123e-02  1.20549161e+00 -5.07018921e-02  3.60750912e-02
   6.12314928e-03  8.22112070e-01  1.23442874e-02 -7.53336443e-03
   8.20016516e-01 -1.72361852e-01 -1.25824618e-02 -1.40235200e-01
  -8.15335328e-03  3.71172248e-03 -6.25564557e-04  8.17450296e-03
   1.82164083e-02  5.03582080e-04]], Action: [[1.         0.06551635 1.         1.         0.27271938 1.        ]], Reward: [0.8252814],Reward_sum: 120.45851135253906, Done: [False]
==========
t: 129, State: [[-6.36364166e-02  1.20538916e+00 -5.18360410e-02  3.60087800e-02
   6.15416564e-03  8.22106965e-01  1.24108304e-02 -7.39111270e-03
   8.20020683e-01 -1.75906383e-01 -1.30332211e-02 -1.43233050e-01
  -8.27070019e-03  3.88641240e-03 -6.31017851e-04  8.29318010e-03
   1.78141142e-02  5.05020914e-04]], Action: [[1.         0.06905136 1.         1.         0.2710655  1.        ]], Reward: [0.8217837],Reward_sum: 121.2802963256836, Done: [False]
==========
t: 130, State: [[-6.50582537e-02  1.20528302e+00 -5.29944780e-02  3.59415172e-02
   6.18662988e-03  8.22101815e-01  1.24783356e-02 -7.25208035e-03
   8.20024861e-01 -1.79545540e-01 -1.35028982e-02 -1.46307942e-01
  -8.38861035e-03  4.06793004e-03 -6.36258254e-04  8.41249132e-03
   1.74158751e-02  5.06206472e-04]], Action: [[1.         0.07269618 1.         1.         0.2693892  1.        ]], Reward: [0.8181925],Reward_sum: 122.0984878540039, Done: [False]
==========
t: 131, State: [[-6.65095893e-02  1.20517304e+00 -5.41778257e-02  3.58732984e-02
   6.22059828e-03  8.22096622e-01  1.25468077e-02 -7.11623196e-03
   8.20029049e-01 -1.83281513e-01 -1.39923337e-02 -1.49461586e-01
  -8.50702030e-03  4.25649611e-03 -6.41271034e-04  8.53234183e-03
   1.70223357e-02  5.07089441e-04]], Action: [[1.         0.07645416 1.         1.         0.26769096 1.        ]], Reward: [0.8145056],Reward_sum: 122.91299438476562, Done: [False]
==========
t: 132, State: [[-6.79912072e-02  1.20505907e+00 -5.53867233e-02  3.58041182e-02
   6.25612838e-03  8.22091387e-01  1.26162529e-02 -6.98353471e-03
   8.20033245e-01 -1.87116697e-01 -1.45024185e-02 -1.52696268e-01
  -8.62625757e-03  4.45219832e-03 -6.46068336e-04  8.65310690e-03
   1.66323423e-02  5.07725176e-04]], Action: [[1.         0.08032888 1.         1.         0.26596963 1.        ]], Reward: [0.81072056],Reward_sum: 123.72371673583984, Done: [False]
==========
t: 133, State: [[-6.95039107e-02  1.20494093e+00 -5.66218272e-02  3.57339690e-02
   6.29327856e-03  8.22086114e-01  1.26866791e-02 -6.85396162e-03
   8.20037447e-01 -1.91053484e-01 -1.50340818e-02 -1.56014113e-01
  -8.74648240e-03  4.65516316e-03 -6.50651464e-04  8.77493909e-03
   1.62455434e-02  5.08104794e-04]], Action: [[1.         0.08432382 1.         1.         0.26422527 1.        ]], Reward: [0.8068351],Reward_sum: 124.53054809570312, Done: [False]
==========
t: 134, State: [[-7.10485223e-02  1.20481845e+00 -5.78838110e-02  3.56628423e-02
   6.33210836e-03  8.22080802e-01  1.27580956e-02 -6.72748781e-03
   8.20041652e-01 -1.95094309e-01 -1.55882963e-02 -1.59417247e-01
  -8.86782012e-03  4.86554202e-03 -6.55019399e-04  8.89795197e-03
   1.58617538e-02  5.08211783e-04]], Action: [[1.         0.08844265 1.         1.         0.26245767 1.        ]], Reward: [0.80284685],Reward_sum: 125.3333969116211, Done: [False]
==========
t: 135, State: [[-7.26258842e-02  1.20469144e+00 -5.91733661e-02  3.55907277e-02
   6.37267856e-03  8.22075454e-01  1.28305131e-02 -6.60409253e-03
   8.20045858e-01 -1.99241717e-01 -1.61660843e-02 -1.62908017e-01
  -8.99054147e-03  5.08349000e-03 -6.59182490e-04  9.02242886e-03
   1.54801822e-02  5.08064608e-04]], Action: [[1.         0.09268937 1.         1.         0.26066613 1.        ]], Reward: [0.7987532],Reward_sum: 126.13214111328125, Done: [False]
==========
t: 136, State: [[-7.42368596e-02  1.20455971e+00 -6.04912032e-02  3.55176127e-02
   6.41505124e-03  8.22070071e-01  1.29039450e-02 -6.48376172e-03
   8.20050064e-01 -2.03498320e-01 -1.67685183e-02 -1.66488847e-01
  -9.11493958e-03  5.30916820e-03 -6.63152547e-04  9.14866830e-03
   1.50999744e-02  5.07676671e-04]], Action: [[1.         0.09706801 1.         1.         0.25885013 1.        ]], Reward: [0.7945517],Reward_sum: 126.92669677734375, Done: [False]
==========
t: 137, State: [[-7.58823328e-02  1.20442306e+00 -6.18380531e-02  3.54434821e-02
   6.45928905e-03  8.22064655e-01  1.29784071e-02 -6.36649025e-03
   8.20054268e-01 -2.07866844e-01 -1.73967260e-02 -1.70162407e-01
  -9.24138187e-03  5.54256905e-03 -6.66941805e-04  9.27705799e-03
   1.47197918e-02  5.07077052e-04]], Action: [[1.         0.1015822  1.         1.         0.25700885 1.        ]], Reward: [0.79023945],Reward_sum: 127.71693420410156, Done: [False]
==========
t: 138, State: [[-7.75632101e-02  1.20428128e+00 -6.32146679e-02  3.53683180e-02
   6.50545523e-03  8.22059207e-01  1.30539181e-02 -6.25228171e-03
   8.20058468e-01 -2.12350035e-01 -1.80518863e-02 -1.73931262e-01
  -9.37016505e-03  5.78383250e-03 -6.70563721e-04  9.40787920e-03
   1.43387860e-02  5.06260277e-04]], Action: [[1.         0.10623631 1.         1.         0.25514185 1.        ]], Reward: [0.7858139],Reward_sum: 128.50274658203125, Done: [False]
==========
t: 139, State: [[-7.92804205e-02  1.20413414e+00 -6.46218219e-02  3.52920992e-02
   6.55361327e-03  8.22053728e-01  1.31305001e-02 -6.14115157e-03
   8.20062662e-01 -2.16950813e-01 -1.87352438e-02 -1.77798417e-01
  -9.50181175e-03  6.03289857e-03 -6.74042863e-04  9.54168721e-03
   1.39549381e-02  5.05279544e-04]], Action: [[1.         0.11103421 1.         1.         0.2532478  1.        ]], Reward: [0.78127223],Reward_sum: 129.28402709960938, Done: [False]
==========
t: 140, State: [[-8.10349163e-02  1.20398142e+00 -6.60603129e-02  3.52148003e-02
   6.60382733e-03  8.22048220e-01  1.32081794e-02 -6.03312981e-03
   8.20066850e-01 -2.21672114e-01 -1.94481001e-02 -1.81766771e-01
  -9.63682398e-03  6.28995222e-03 -6.77412368e-04  9.67897178e-03
   1.35666434e-02  5.04152080e-04]], Action: [[1.         0.11598098 1.         1.         0.25132585 1.        ]], Reward: [0.7766114],Reward_sum: 130.06063842773438, Done: [False]
==========
t: 141, State: [[-8.28276738e-02  1.20382287e+00 -6.75309630e-02  3.51363918e-02
   6.65616210e-03  8.22042682e-01  1.32869864e-02 -5.92826059e-03
   8.20071030e-01 -2.26516985e-01 -2.01918233e-02 -1.85839431e-01
  -9.77571691e-03  6.55497329e-03 -6.80696843e-04  9.82025286e-03
   1.31720007e-02  5.02903246e-04]], Action: [[1.         0.12108064 1.         1.         0.24937485 1.        ]], Reward: [0.7718285],Reward_sum: 130.83245849609375, Done: [False]
==========
t: 142, State: [[-8.46596945e-02  1.20365824e+00 -6.90346205e-02  3.50568391e-02
   6.71068206e-03  8.22037115e-01  1.33669569e-02 -5.82660786e-03
   8.20075203e-01 -2.31488628e-01 -2.09678558e-02 -1.90019868e-01
  -9.91924972e-03  6.82791314e-03 -6.83941971e-04  9.96631884e-03
   1.27680844e-02  5.01603855e-04]], Action: [[1.         0.12633795 1.         1.         0.24739301 1.        ]], Reward: [0.76692027],Reward_sum: 131.59938049316406, Done: [False]
==========
t: 143, State: [[-8.65320055e-02  1.20348728e+00 -7.05721619e-02  3.49761015e-02
   6.76745123e-03  8.22031519e-01  1.34481326e-02 -5.72825828e-03
   8.20079367e-01 -2.36590304e-01 -2.17777105e-02 -1.94311588e-01
  -1.00681429e-02  7.10871298e-03 -6.87191465e-04  1.01178886e-02
   1.23521639e-02  5.00292799e-04]], Action: [[1.         0.13175756 1.         1.         0.24537893 1.        ]], Reward: [0.76188356],Reward_sum: 132.36126708984375, Done: [False]
==========
t: 144, State: [[-8.84456608e-02  1.20330969e+00 -7.21444927e-02  3.48941322e-02
   6.82653276e-03  8.22025895e-01  1.35305618e-02 -5.63332307e-03
   8.20083523e-01 -2.41825403e-01 -2.26229796e-02 -1.98718363e-01
  -1.02232338e-02  7.39721716e-03 -6.90496416e-04  1.02758108e-02
   1.19209232e-02  4.99028742e-04]], Action: [[1.         0.13734409 1.         1.         0.24333066 1.        ]], Reward: [0.756715],Reward_sum: 133.11798095703125, Done: [False]
==========
t: 145, State: [[-9.04017417e-02  1.20312519e+00 -7.37525498e-02  3.48108768e-02
   6.88798844e-03  8.22020241e-01  1.36143001e-02 -5.54194300e-03
   8.20087672e-01 -2.47197449e-01 -2.35053394e-02 -2.03244242e-01
  -1.03855188e-02  7.69324070e-03 -6.93922215e-04  1.04410982e-02
   1.14703816e-02  4.97889490e-04]], Action: [[1.         0.1431025  1.         1.         0.24124593 1.        ]], Reward: [0.7514112],Reward_sum: 133.86940002441406, Done: [False]
==========
t: 146, State: [[-9.24013587e-02  1.20293348e+00 -7.53973040e-02  3.47262719e-02
   6.95187858e-03  8.22014555e-01  1.36994125e-02 -5.45429469e-03
   8.20091816e-01 -2.52710107e-01 -2.44265569e-02 -2.07893600e-01
  -1.05562098e-02  7.99659494e-03 -6.97553553e-04  1.06149840e-02
   1.09957001e-02  4.96977583e-04]], Action: [[1.         0.1490381  1.         1.         0.23912199 1.        ]], Reward: [0.74596846],Reward_sum: 134.61537170410156, Done: [False]
==========
t: 147, State: [[-9.44456519e-02  1.20273424e+00 -7.70797622e-02  3.46402441e-02
   7.01826174e-03  8.22008836e-01  1.37859741e-02 -5.37059559e-03
   8.20095957e-01 -2.58367167e-01 -2.53884913e-02 -2.12671048e-01
  -1.07366171e-02  8.30702942e-03 -7.01482245e-04  1.07987886e-02
   1.04916038e-02  4.96391319e-04]], Action: [[1.         0.15515617 1.         1.         0.23695599 1.        ]], Reward: [0.74038315],Reward_sum: 135.3557586669922, Done: [False]
==========
t: 148, State: [[-9.65357924e-02  1.20252713e+00 -7.88009692e-02  3.45527091e-02
   7.08719360e-03  8.22003081e-01  1.38740711e-02 -5.29110758e-03
   8.20100098e-01 -2.64172547e-01 -2.63931008e-02 -2.17581467e-01
  -1.09281144e-02  8.62410227e-03 -7.05800751e-04  1.09938932e-02
   9.95236449e-03  4.96227327e-04]], Action: [[1.         0.16146144 1.         1.         0.23474479 1.        ]], Reward: [0.73465127],Reward_sum: 136.0904083251953, Done: [False]
==========
t: 149, State: [[-9.86729834e-02  1.20231181e+00 -8.05620111e-02  3.44635701e-02
   7.15872644e-03  8.21997285e-01  1.39638022e-02 -5.21614433e-03
   8.20104243e-01 -2.70130348e-01 -2.74424527e-02 -2.22630185e-01
  -1.11324001e-02  8.94739684e-03 -7.10633188e-04  1.12020210e-02
   9.37096331e-03  4.96630097e-04]], Action: [[1.         0.16795972 1.         1.         0.23248434 1.        ]], Reward: [0.7287689],Reward_sum: 136.81918334960938, Done: [False]
==========
t: 150, State: [[-1.00858462e-01  1.20208791e+00 -8.23640186e-02  3.43727156e-02
   7.23290859e-03  8.21991445e-01  1.40552812e-02 -5.14608105e-03
   8.20108399e-01 -2.76244861e-01 -2.85387302e-02 -2.27823001e-01
  -1.13514278e-02  9.27635089e-03 -7.16122173e-04  1.14251554e-02
   8.73921401e-03  4.97769141e-04]], Action: [[1.         0.17465648 1.         1.         0.23017013 1.        ]], Reward: [0.7227317],Reward_sum: 137.54190063476562, Done: [False]
==========
t: 151, State: [[-1.03093499e-01  1.20185504e+00 -8.42081710e-02  3.42800170e-02
   7.30978315e-03  8.21985554e-01  1.41486392e-02 -5.08136482e-03
   8.20112572e-01 -2.82520581e-01 -2.96842416e-02 -2.33166247e-01
  -1.15874508e-02  9.61023993e-03 -7.22433883e-04  1.16655855e-02
   8.04756504e-03  4.99843145e-04]], Action: [[1.         0.18155727 1.         1.         0.22779694 1.        ]], Reward: [0.71653545],Reward_sum: 138.25843811035156, Done: [False]
==========
t: 152, State: [[-1.05379405e-01  1.20161280e+00 -8.60957001e-02  3.41853268e-02
   7.38938720e-03  8.21979605e-01  1.42440265e-02 -5.02252292e-03
   8.20116771e-01 -2.88962154e-01 -3.08814216e-02 -2.38666601e-01
  -1.18429089e-02  9.94829062e-03 -7.29753375e-04  1.19257615e-02
   7.28570544e-03  5.03044613e-04]], Action: [[1.         0.18866792 1.         1.         0.22535923 1.        ]], Reward: [0.71017545],Reward_sum: 138.96861267089844, Done: [False]
==========
t: 153, State: [[-1.07717525e-01  1.20136077e+00 -8.80278947e-02  3.40884759e-02
   7.47175032e-03  8.21973588e-01  1.43416153e-02 -4.97017558e-03
   8.20121007e-01 -2.95574519e-01 -3.21328531e-02 -2.44331570e-01
  -1.21207218e-02  1.02894307e-02 -7.38299746e-04  1.22086549e-02
   6.44103982e-03  5.07641255e-04]], Action: [[1.         0.19599399 1.         1.         0.22285    1.        ]], Reward: [0.70364684],Reward_sum: 139.67225646972656, Done: [False]
==========
t: 154, State: [[-1.10109248e-01  1.20109850e+00 -9.00061062e-02  3.39892698e-02
   7.55689355e-03  8.21967492e-01  1.44416035e-02 -4.92505081e-03
   8.20125293e-01 -3.02362819e-01 -3.34412685e-02 -2.50169202e-01
  -1.24241906e-02  1.06325997e-02 -7.48331691e-04  1.25175956e-02
   5.49950219e-03  5.13917493e-04]], Action: [[1.         0.20354196 1.         1.         0.22026165 1.        ]], Reward: [0.69694465],Reward_sum: 140.36920166015625, Done: [False]
==========
t: 155, State: [[-1.12556004e-01  1.20082552e+00 -9.20317540e-02  3.38874858e-02
   7.64482776e-03  8.21961304e-01  1.45442178e-02 -4.88799936e-03
   8.20129644e-01 -3.09332489e-01 -3.48095671e-02 -2.56188383e-01
  -1.27570559e-02  1.09763598e-02 -7.60136792e-04  1.28563716e-02
   4.44484903e-03  5.22205427e-04]], Action: [[1.         0.21131745 1.         1.         0.2175854  1.        ]], Reward: [0.69006354],Reward_sum: 141.05926513671875, Done: [False]
==========
t: 156, State: [[-1.15059267e-01  1.20054135e+00 -9.41063333e-02  3.37828680e-02
   7.73555151e-03  8.21955009e-01  1.46497184e-02 -4.86001509e-03
   8.20134078e-01 -3.16489293e-01 -3.62408310e-02 -2.62398988e-01
  -1.31237210e-02  1.13190914e-02 -7.74061242e-04  1.32294498e-02
   3.25798648e-03  5.32911952e-04]], Action: [[1.         0.21932688 1.         1.         0.21481088 1.        ]], Reward: [0.6829979],Reward_sum: 141.7422637939453, Done: [False]
==========
t: 157, State: [[-1.17620560e-01  1.20024547e+00 -9.62314208e-02  3.36751233e-02
   7.82904819e-03  8.21948587e-01  1.47584034e-02 -4.84225291e-03
   8.20138618e-01 -3.23838866e-01 -3.77370183e-02 -2.68810042e-01
  -1.35295922e-02  1.16579447e-02 -7.91862195e-04  1.36419736e-02
   1.92003316e-03  5.46309671e-04]], Action: [[1.         0.22757587 1.         1.         0.21192697 1.        ]], Reward: [0.67574173],Reward_sum: 142.41799926757812, Done: [False]
==========
t: 158, State: [[-1.20241447e-01  1.19993734e+00 -9.84086579e-02  3.35639072e-02
   7.92527234e-03  8.21941996e-01  1.48706185e-02 -4.83601820e-03
   8.20143288e-01 -3.31385507e-01 -3.92950002e-02 -2.75424558e-01
  -1.39830448e-02  1.19870231e-02 -8.19674710e-04  1.41011573e-02
   4.18307435e-04  5.62477494e-04]], Action: [[1.         0.2360706  1.         1.         0.20891981 1.        ]], Reward: [0.66828966],Reward_sum: 143.0863037109375, Done: [False]
==========
t: 159, State: [[-1.22923527e-01  1.19961649e+00 -1.00639695e-01  3.34488125e-02
   8.02413048e-03  8.21935157e-01  1.49867648e-02 -4.84268549e-03
   8.20148115e-01 -3.39134442e-01 -4.09159562e-02 -2.82248351e-01
  -1.44889808e-02  1.23038526e-02 -8.55883861e-04  1.46123066e-02
  -1.26040770e-03  5.82442037e-04]], Action: [[1.         0.24481139 1.         1.         0.20577693 1.        ]], Reward: [0.6606377],Reward_sum: 143.74693298339844, Done: [False]
==========
t: 160, State: [[-1.25668441e-01  1.19928240e+00 -1.02926234e-01  3.33293921e-02
   8.12551200e-03  8.21928004e-01  1.51072871e-02 -4.86374784e-03
   8.20153135e-01 -3.47092328e-01 -4.26056040e-02 -2.89292732e-01
  -1.50512489e-02  1.26079967e-02 -8.95984994e-04  1.51804004e-02
  -3.13786278e-03  6.07553337e-04]], Action: [[1.         0.25380215 1.         1.         0.20248288 1.        ]], Reward: [0.65278035],Reward_sum: 144.39971923828125, Done: [False]
==========
t: 161, State: [[-1.28477897e-01  1.19893448e+00 -1.05270128e-01  3.32051724e-02
   8.22931313e-03  8.21920524e-01  1.52326708e-02 -4.90097408e-03
   8.20158394e-01 -3.55268092e-01 -4.43739708e-02 -2.96578276e-01
  -1.56746467e-02  1.28987158e-02 -9.36126995e-04  1.58114392e-02
  -5.25348436e-03  6.38917322e-04]], Action: [[1.         0.26304758 1.         1.         0.19901875 1.        ]], Reward: [0.64470917],Reward_sum: 145.04441833496094, Done: [False]
==========
t: 162, State: [[-1.31353680e-01  1.19857207e+00 -1.07673408e-01  3.30756231e-02
   8.33541461e-03  8.21912717e-01  1.53634650e-02 -4.95650220e-03
   8.20163949e-01 -3.63671478e-01 -4.62294512e-02 -3.04128435e-01
  -1.63681604e-02  1.31730303e-02 -9.76506247e-04  1.65149359e-02
  -7.65832497e-03  6.77416561e-04]], Action: [[1.         0.2725561  1.         1.         0.19536003 1.        ]], Reward: [0.63641465],Reward_sum: 145.6808319091797, Done: [False]
==========
t: 163, State: [[-1.34297657e-01  1.19819443e+00 -1.10138308e-01  3.29401274e-02
   8.44366477e-03  8.21904574e-01  1.55003080e-02 -5.03292640e-03
   8.20169864e-01 -3.72313123e-01 -4.81793174e-02 -3.11969664e-01
  -1.71439668e-02  1.34260691e-02 -1.01895531e-03  1.73032818e-02
  -1.04139051e-02  7.23974742e-04]], Action: [[1.         0.28233463 1.         1.         0.1914786  1.        ]], Reward: [0.6278866],Reward_sum: 146.3087158203125, Done: [False]
==========
t: 164, State: [[-1.37311781e-01  1.19780079e+00 -1.12667282e-01  3.27979595e-02
   8.55386859e-03  8.21896070e-01  1.56439487e-02 -5.13337574e-03
   8.20176209e-01 -3.81204479e-01 -5.02303052e-02 -3.20131184e-01
  -1.80168347e-02  1.36520086e-02 -1.06578891e-03  1.81912769e-02
  -1.35909083e-02  7.79650695e-04]], Action: [[1.         0.2923914  1.         1.         0.18734251 1.        ]], Reward: [0.61911386],Reward_sum: 146.92782592773438, Done: [False]
==========
t: 165, State: [[-1.40398105e-01  1.19739031e+00 -1.15263040e-01  3.26482629e-02
   8.66577810e-03  8.21887159e-01  1.57952675e-02 -5.26159840e-03
   8.20183066e-01 -3.90358068e-01 -5.23891042e-02 -3.28645967e-01
  -1.90042878e-02  1.38436253e-02 -1.11935356e-03  1.91964994e-02
  -1.72716184e-02  8.45818995e-04]], Action: [[1.         0.30273348 1.         1.         0.18291402 1.        ]], Reward: [0.6100844],Reward_sum: 147.53790283203125, Done: [False]
==========
t: 166, State: [[-1.43558785e-01  1.19696209e+00 -1.17928569e-01  3.24900288e-02
   8.77908165e-03  8.21877777e-01  1.59552973e-02 -5.42205329e-03
   8.20190531e-01 -3.99787451e-01 -5.46626898e-02 -3.37550729e-01
  -2.01264019e-02  1.39924137e-02 -1.18190284e-03  2.03390709e-02
  -2.15495148e-02  9.24112645e-04]], Action: [[1.         0.3133677  1.         1.         0.17815024 1.        ]], Reward: [0.600785],Reward_sum: 148.13870239257812, Done: [False]
==========
t: 167, State: [[-1.46796093e-01  1.19651520e+00 -1.20667175e-01  3.23220732e-02
   8.89339249e-03  8.21867843e-01  1.61252482e-02 -5.62001566e-03
   8.20198711e-01 -4.09507521e-01 -5.70586257e-02 -3.46887097e-01
  -2.14064919e-02  1.40883238e-02 -1.25564927e-03  2.16424609e-02
  -2.65328603e-02  1.01656447e-03]], Action: [[1.         0.32430056 1.         1.         0.17300047 1.        ]], Reward: [0.5912014],Reward_sum: 148.7299041748047, Done: [False]
==========
t: 168, State: [[-1.50112425e-01  1.19604860e+00 -1.23482519e-01  3.21430097e-02
   9.00823410e-03  8.21857257e-01  1.63065346e-02 -5.86170210e-03
   8.20207736e-01 -4.19534660e-01 -5.95852753e-02 -3.56702251e-01
  -2.28712787e-02  1.41192605e-02 -1.34282993e-03  2.31336283e-02
  -3.23461057e-02  1.12556911e-03]], Action: [[1.         0.33553657 1.         1.         0.16740641 1.        ]], Reward: [0.58131784],Reward_sum: 149.31121826171875, Done: [False]
==========
t: 169, State: [[-0.15351032  1.19556123 -0.12637867  0.03195122  0.00912302  0.8218459
   0.01650081 -0.00615441  0.82021775 -0.429887   -0.06225201 -0.36705001
  -0.02455152  0.01407073 -0.00144582  0.02484368 -0.03913304  0.00125395]], Action: [[1.         0.3470784  1.         1.         0.16130024 1.        ]], Reward: [0.57111686],Reward_sum: 149.88232421875, Done: [False]
==========
t: 170, State: [[-0.15699246  1.19505192 -0.12936017  0.03174482  0.00923705  0.82183364
   0.01670998 -0.0065067   0.82022894 -0.44058455 -0.06506935 -0.37799141
  -0.02648235  0.01392578 -0.00156722  0.02680814 -0.04705836  0.0014049 ]], Action: [[1.         0.35892725 1.         1.         0.15460424 1.        ]], Reward: [0.5605793],Reward_sum: 150.44290161132812, Done: [False]
==========
t: 171, State: [[-0.16056172  1.1945194  -0.13243207  0.03152162  0.00934944  0.82182031
   0.01693629 -0.00692854  0.8202415  -0.45164938 -0.06804915 -0.38959544
  -0.02870339  0.01366411 -0.0017099   0.02906706 -0.05630913  0.001582  ]], Action: [[1.         0.37107885 1.         1.         0.1472302  1.        ]], Reward: [0.54968387],Reward_sum: 150.99258422851562, Done: [False]
==========
t: 172, State: [[-0.16422113  1.19396233 -0.13560001  0.0312791   0.00945917  0.82180574
   0.01718229 -0.00743148  0.82025566 -0.46310526 -0.07120464 -0.401938
  -0.031258    0.01326258 -0.00187703  0.03166403 -0.06709122  0.00178892]], Action: [[1.         0.38352558 1.         1.         0.1390812  1.        ]], Reward: [0.53840744],Reward_sum: 151.531005859375, Done: [False]
==========
t: 173, State: [[-0.16797393  1.19337925 -0.13887028  0.03101438  0.00956499  0.8217897
   0.01745091 -0.00802879  0.82027169 -0.47497708 -0.07455044 -0.41509996
  -0.03419148  0.01269512 -0.00207196  0.03464426 -0.07962238  0.00202912]], Action: [[1.         0.39625198 1.         1.         0.13005432 1.        ]], Reward: [0.52672565],Reward_sum: 152.05772399902344, Done: [False]
==========
t: 174, State: [[-0.17182356  1.19276856 -0.14224977  0.03072423  0.00966545  0.82177196
   0.01774543 -0.00873544  0.82028987 -0.48728895 -0.07810134 -0.42916001
  -0.0375472   0.0119339  -0.00229846  0.03805008 -0.09411147  0.0023051 ]], Action: [[1.         0.40923417 1.         1.         0.12004885 1.        ]], Reward: [0.51461387],Reward_sum: 152.57232666015625, Done: [False]
==========
t: 175, State: [[-0.17577357  1.19212885 -0.14574563  0.03040501  0.00975872  0.821752
   0.01806944 -0.00956738  0.82031049 -0.50004401 -0.08181094 -0.44410154
  -0.04137628  0.01092566 -0.00260728  0.04192021 -0.11059943  0.00261612]], Action: [[1.         0.4224354  1.         1.         0.10898131 1.        ]], Reward: [0.50205904],Reward_sum: 153.0744171142578, Done: [False]
==========
t: 176, State: [[-0.17982749  1.19145873 -0.14936489  0.03005309  0.00984289  0.82172932
   0.01842649 -0.01054023  0.8203338  -0.51323983 -0.08570321 -0.45990764
  -0.04563882  0.0096814  -0.00296589  0.04621096 -0.12896718  0.00295463]], Action: [[1.         0.43579382 1.         1.         0.09691052 1.        ]], Reward: [0.48906028],Reward_sum: 153.5634765625, Done: [False]
==========
t: 177, State: [[-0.1839888   1.19075664 -0.15311422  0.02966532  0.0099161   0.82170365
   0.01881961 -0.01166793  0.82035996 -0.52686073 -0.08980189 -0.4765158
  -0.05025755  0.00821581 -0.00335124  0.05083986 -0.14894621  0.00330768]], Action: [[1.         0.4492248  1.         1.         0.08390018 1.        ]], Reward: [0.47562772],Reward_sum: 154.03909301757812, Done: [False]
==========
t: 178, State: [[-0.18826074  1.19002086 -0.15699947  0.0292394   0.00997668  0.82167481
   0.01925092 -0.01296125  0.82038899 -0.54086919 -0.09412051 -0.49378375
  -0.05510344  0.00655682 -0.00374973  0.05566857 -0.17002651  0.00365446]], Action: [[1.         0.46263146 1.         1.         0.07011029 1.        ]], Reward: [0.46178892],Reward_sum: 154.50088500976562, Done: [False]
==========
t: 179, State: [[-0.19264612  1.18924962 -0.16102485  0.02877437  0.01002332  0.82164278
   0.01972108 -0.01442542  0.82042071 -0.55519872 -0.09866271 -0.51146324
  -0.05997482  0.00476049 -0.00414663  0.06048268 -0.19137229  0.0039651 ]], Action: [[1.         0.47590485 1.         1.         0.05582744 1.        ]], Reward: [0.44759727],Reward_sum: 154.948486328125, Done: [False]
==========
t: 180, State: [[-0.19714711  1.18844117 -0.16519213  0.02827121  0.01005526  0.82160766
   0.02022869 -0.01605747  0.82045464 -0.56975243 -0.10342246 -0.52919386
  -0.06459212  0.00291552 -0.00452143  0.06498947 -0.21180703  0.00420277]], Action: [[1.         0.48892197 1.         1.         0.04145402 1.        ]], Reward: [0.4331361],Reward_sum: 155.38162231445312, Done: [False]
==========
t: 181, State: [[-2.01764965e-01  1.18759381e+00 -1.69499796e-01  2.77334425e-02
   1.00726059e-02  8.21569725e-01  2.07697646e-02 -1.78438786e-02
   8.20490004e-01 -5.84410945e-01 -1.08385256e-01 -5.46530513e-01
  -6.86186817e-02  1.13796708e-03 -4.84755240e-03  6.88437427e-02
  -2.29909426e-01  4.33001481e-03]], Action: [[1.         0.5015559  1.         1.         0.02745599 1.        ]], Reward: [0.41851524],Reward_sum: 155.80014038085938, Done: [False]
==========
t: 182, State: [[-2.06499997e-01  1.18670602e+00 -1.73942668e-01  2.71672882e-02
   1.00764183e-02  8.21529501e-01  2.13375343e-02 -1.97595831e-02
   8.20525760e-01 -5.99051038e-01 -1.13531424e-01 -5.63009824e-01
  -7.17105697e-02 -4.44950821e-04 -5.09550095e-03  7.17036616e-02
  -2.44232352e-01  4.31840065e-03]], Action: [[1.         0.5136908  1.         1.         0.01427409 1.        ]], Reward: [0.403857],Reward_sum: 156.20399475097656, Done: [False]
==========
t: 183, State: [[-0.21135159  1.18577641 -0.17851215  0.0265815   0.01006875  0.82148773
   0.02192281 -0.02176899  0.82056072 -0.61357036 -0.11884124 -0.57823948
  -0.07358336 -0.00171726 -0.00523826  0.07330136 -0.25358844  0.00415785]], Action: [[1.         0.5252416  1.         1.         0.00223297 1.        ]], Reward: [0.38927445],Reward_sum: 156.59327697753906, Done: [False]
==========
t: 184, State: [[-0.21631851  1.18480375 -0.18319713  0.02598662  0.01005246  0.82144533
   0.02251483 -0.02382915  0.82059372 -0.62790933 -0.12430039 -0.59197894
  -0.07407222 -0.00259447 -0.00525687  0.07350189 -0.25729815  0.00386086]], Action: [[ 1.          0.53617173  1.          1.         -0.00851208  1.        ]], Reward: [0.37484777],Reward_sum: 156.96812438964844, Done: [False]
==========
t: 185, State: [[-0.22139926  1.18378685 -0.1879854   0.02539383  0.0100309   0.82140334
   0.02310244 -0.02589438  0.8206238  -0.64206253 -0.12990412 -0.60418342
  -0.07316363 -0.0030358  -0.00514428  0.07232863 -0.25531126  0.00345964]], Action: [[ 1.          0.546499    1.          1.         -0.01797399  1.        ]], Reward: [0.36060798],Reward_sum: 157.3287353515625, Done: [False]
==========
t: 186, State: [[-0.22659251  1.18272455 -0.19286522  0.02481383  0.01000757  0.82136279
   0.02367528 -0.02792115  0.8206503  -0.65607666 -0.13565898 -0.61499934
  -0.0709895  -0.00304603 -0.00490612  0.06994847 -0.24817009  0.00299731]], Action: [[ 1.          0.55628645  1.          1.         -0.02628812  1.        ]], Reward: [0.34653252],Reward_sum: 157.67526245117188, Done: [False]
==========
t: 187, State: [[-0.23189752  1.18161557 -0.19782666  0.02425576  0.00998575  0.82132461
   0.02422482 -0.02987222  0.82067293 -0.67003831 -0.14158221 -0.62472255
  -0.06779271 -0.00266903 -0.00455898  0.06662951 -0.23685796  0.00251775]], Action: [[ 1.          0.5656254   1.          1.         -0.03365526  1.        ]], Reward: [0.33255297],Reward_sum: 158.0078125, Done: [False]
==========
t: 188, State: [[-0.23731431  1.18045846 -0.20286255  0.02372655  0.00996827  0.82128959
   0.02474486 -0.0317193   0.82069173 -0.68405694 -0.14769951 -0.63373758
  -0.06387819 -0.00197736 -0.0041268   0.06268779 -0.2225961   0.00205723]], Action: [[ 1.          0.57461286  1.          1.         -0.04029086  1.        ]], Reward: [0.31856978],Reward_sum: 158.32638549804688, Done: [False]
==========
t: 189, State: [[-2.42843769e-01  1.17925105e+00 -2.07969134e-01  2.32305741e-02
   9.95736463e-03  8.21258637e-01  2.52318165e-02 -3.34445961e-02
   8.20706976e-01 -6.98193656e-01 -1.54641969e-01 -6.42688450e-01
  -5.95876731e-02 -9.62494371e-04 -3.20017695e-03  5.85012562e-02
  -2.07238661e-01  1.64560083e-03]], Action: [[ 1.          0.58333576  1.          1.         -0.04639328  1.        ]], Reward: [0.3044752],Reward_sum: 158.630859375, Done: [False]
==========
t: 190, State: [[-2.48488977e-01  1.17797796e+00 -2.13158641e-01  2.27693845e-02
   9.95686120e-03  8.21241821e-01  2.56866279e-02 -3.50669041e-02
   8.20719147e-01 -7.13132608e-01 -1.63422387e-01 -6.54472691e-01
  -5.52226977e-02  4.79899904e-04 -1.22515908e-03  5.46225551e-02
  -1.96693461e-01  1.25038819e-03]], Action: [[ 1.          0.5913708   1.          1.         -0.05291948  1.        ]], Reward: [0.2899964],Reward_sum: 158.92086791992188, Done: [False]
==========
t: 191, State: [[-2.54260898e-01  1.17663703e+00 -2.18460397e-01  2.23387468e-02
   9.96500431e-03  8.21237170e-01  2.61162312e-02 -3.66423908e-02
   8.20729409e-01 -7.29851581e-01 -1.71657552e-01 -6.70716878e-01
  -5.19289589e-02  1.25505544e-03 -7.81000807e-05  5.21123767e-02
  -1.95289573e-01  1.15081671e-03]], Action: [[ 1.          0.5984428   1.          1.         -0.06235361  1.        ]], Reward: [0.27414787],Reward_sum: 159.19500732421875, Done: [False]
==========
t: 192, State: [[-2.60173162e-01  1.17523129e+00 -2.23908771e-01  2.19305456e-02
   9.97913169e-03  8.21239696e-01  2.65297926e-02 -3.82382253e-02
   8.20739703e-01 -7.48204083e-01 -1.79679526e-01 -6.91106282e-01
  -4.95769278e-02  1.96270521e-03  6.15430166e-04  5.05491684e-02
  -2.01622778e-01  1.24481964e-03]], Action: [[ 1.          0.6068386   1.          1.         -0.07177413  1.        ]], Reward: [0.25659367],Reward_sum: 159.45159912109375, Done: [False]
==========
t: 193, State: [[-2.66238587e-01  1.17376114e+00 -2.29536751e-01  2.15377934e-02
   9.99885282e-03  8.21246720e-01  2.69339048e-02 -3.99141437e-02
   8.20751347e-01 -7.68129037e-01 -1.87802472e-01 -7.15596892e-01
  -4.80276907e-02  2.63598042e-03  1.07188343e-03  4.96992130e-02
  -2.15180286e-01  1.47533958e-03]], Action: [[ 1.          0.61564744  1.          1.         -0.08137938  1.        ]], Reward: [0.23743613],Reward_sum: 159.68902587890625, Done: [False]
==========
t: 194, State: [[-0.27246953  1.17222466 -0.23537697  0.02115476  0.01002351  0.82125686
   0.02733343 -0.04172614  0.82076521 -0.78957069 -0.19630054 -0.74414482
  -0.04711294  0.00319211  0.00140768  0.04936269 -0.23553513  0.00178922]], Action: [[ 1.          0.6244557   1.          1.         -0.09111336  1.        ]], Reward: [0.21673402],Reward_sum: 159.90576171875, Done: [False]
==========
t: 195, State: [[-0.27887784  1.17061791 -0.24146149  0.02077714  0.01005182  0.82126941
   0.02773164 -0.04372646  0.82078175 -0.81246131 -0.20540317 -0.77664973
  -0.04665048  0.00355721  0.00167966  0.0493497  -0.26218698  0.00213618]], Action: [[ 1.          0.63302565  1.          1.         -0.10085264  1.        ]], Reward: [0.19454971],Reward_sum: 160.10031127929688, Done: [False]
==========
t: 196, State: [[-0.28547479  1.16893528 -0.24782129  0.02040208  0.01008209  0.82128396
   0.02813038 -0.04596301  0.82080102 -0.83671923 -0.2152965  -0.81295082
  -0.04646156  0.00370069  0.00191118  0.04948422 -0.29455677  0.00247284]], Action: [[ 1.          0.64122725  1.          1.         -0.11045811  1.        ]], Reward: [0.17095847],Reward_sum: 160.27127075195312, Done: [False]
==========
t: 197, State: [[-0.2922709   1.16716985 -0.25448578  0.02002812  0.01011263  0.82130022
   0.02853009 -0.04847862  0.8208228  -0.86224525 -0.22612561 -0.85281644
  -0.04637414  0.00364561  0.00210757  0.04959989 -0.33195927  0.00276263]], Action: [[ 1.          0.6490308   1.          1.         -0.11976281  1.        ]], Reward: [0.14605124],Reward_sum: 160.41732788085938, Done: [False]
==========
t: 198, State: [[-0.29927578  1.16531371 -0.26148207  0.01965524  0.01014217  0.82131789
   0.02892983 -0.05130973  0.82084653 -0.88891204 -0.23799414 -0.89590804
  -0.04620912  0.00347267  0.00226434  0.04951966 -0.37350388  0.00297155]], Action: [[ 1.          0.65650785  1.          1.         -0.12852922  1.        ]], Reward: [0.11994184],Reward_sum: 160.53726196289062, Done: [False]
==========
t: 199, State: [[-0.30649788  1.16335828 -0.26883394  0.01928493  0.01017037  0.8213366
   0.02932709 -0.05448434  0.82087141 -0.916552   -0.25096236 -0.9417376
  -0.04576432  0.00331752  0.00237127  0.04903663 -0.41798853  0.00306479]], Action: [[ 1.          0.66382384  1.          1.         -0.13642892  1.        ]], Reward: [0.09277838],Reward_sum: 160.63003540039062, Done: [False]
==========
Walker2d - Steps: 200, Return: 160.63003540039062, State: [[-0.30649788  1.16335828 -0.26883394  0.01928493  0.01017037  0.8213366
   0.02932709 -0.05448434  0.82087141 -0.916552   -0.25096236 -0.9417376
  -0.04576432  0.00331752  0.00237127  0.04903663 -0.41798853  0.00306479]]
