[CudaDevice(id=0)]
Using AIRL:  False
Using GAIL:  False
Using RGCL:  False
Experiment State @  2025-05-14 02:01:22.525121-05:00
Experiment Saved @  results/experiment_132
Experiment Settings Saved @  results/experiment_132
132
Using cuda device
Wrapping the env with a `Monitor` wrapper
Wrapping the env in a DummyVecEnv.
Wrapping the env with a `Monitor` wrapper
Wrapping the env in a DummyVecEnv.
t: 0, State: [[-3.24233281e-03  1.25130029e+00  2.64520256e-03  6.48463243e-03
  -5.50985408e-03  6.19854441e-02  3.83186405e-04  4.33453653e-03
   6.04853732e-02  8.14154920e-02 -4.40661133e-01  7.92532471e-03
   5.85402984e-01 -2.07974445e+00  1.00000000e+01 -1.25112668e-02
  -1.43504679e-02  1.00000000e+01]], Action: [[ 1.       -0.340386  1.        1.        1.        1.      ]], Reward: [1.0363408],Reward_sum: 1.0363408327102661, Done: [False]
==========
t: 1, State: [[-1.85371642e-03  1.24891508e+00  6.81501186e-03  5.15084254e-03
   3.20185661e-03  1.14852564e-01  3.57776892e-03  6.08294405e-03
   1.14626287e-01  2.35853358e-01 -1.58119097e-01  8.49811724e-01
  -9.58856847e-01  3.84500424e+00 -1.61482016e+00  6.20528481e-01
   3.88432831e-01 -2.79281644e-01]], Action: [[ 1.         1.        -1.         0.9633946  1.        -1.       ]], Reward: [1.1676489],Reward_sum: 2.2039897441864014, Done: [False]
==========
t: 2, State: [[-1.24866835e-03  1.24618745e+00  7.11755378e-03 -1.83110680e-03
   1.93260761e-02  1.61975818e-01  8.15820095e-03 -6.80643335e-03
   1.56703171e-01 -8.42160599e-02 -5.21825636e-01 -7.70749600e-01
  -7.89295685e-01  2.54110547e-01  1.00000000e+01  5.22074827e-01
  -3.57648271e+00  1.00000000e+01]], Action: [[ 1.          0.29509413  1.         -0.43303123 -1.          0.6533848 ]], Reward: [1.0719295],Reward_sum: 3.275919198989868, Done: [False]
==========
t: 3, State: [[-4.27587145e-04  1.24190030e+00  1.00047398e-02  2.32885307e-03
   2.05930948e-02  2.18624579e-01  1.22000008e-02 -1.37721586e-02
   2.64955419e-01  2.37822902e-01 -5.48198545e-01  1.11424704e+00
   1.31508456e+00  1.28658643e-01  8.20160003e-01  3.53624558e-01
   1.37364158e+00  1.00000000e+01]], Action: [[ 0.8493229   0.84226537 -1.          1.          1.          0.6798118 ]], Reward: [1.0977422],Reward_sum: 4.373661518096924, Done: [False]
==========
t: 4, State: [[ 3.70171072e-04  1.23770042e+00  1.40729776e-02  9.31242832e-03
   2.02352351e-02  1.98778065e-01  1.44900947e-02 -1.29523489e-02
   3.94139566e-01 -2.83063667e-02 -5.01356547e-01 -3.56825056e-02
   4.91607464e-01 -1.83478145e-01 -5.78622385e+00  2.42144524e-01
  -1.11494505e+00  1.00000000e+01]], Action: [[ 1.          0.38519862 -0.5067427  -0.44442773 -1.         -0.07735164]], Reward: [1.0971111],Reward_sum: 5.470772743225098, Done: [False]
==========
t: 5, State: [[-5.70257853e-05  1.23287469e+00  1.16927882e-02  1.17628784e-02
   1.80779849e-02  1.65857068e-01  1.55218763e-02 -2.39220630e-02
   5.51487689e-01 -7.29827443e-02 -7.01756324e-01 -5.18896947e-01
   1.52991846e-01 -3.32405958e-01 -2.48263590e+00  4.22581372e-02
  -1.51196338e+00  1.00000000e+01]], Action: [[ 1.          0.42523715  0.21071307 -0.35518447 -0.35672787  0.6072826 ]], Reward: [0.944753],Reward_sum: 6.415525913238525, Done: [False]
==========
t: 6, State: [[ 6.79117314e-05  1.22740687e+00  9.81687642e-03  1.43939384e-02
   1.56221184e-02  1.28380594e-01  1.01580026e-02 -1.59463302e-02
   7.21485604e-01  9.98248806e-02 -6.66743458e-01  6.19481088e-03
   4.57718675e-01 -2.77670277e-01 -6.86318729e+00 -1.43226382e+00
   3.48109085e+00  1.00000000e+01]], Action: [[ 1.         -0.08868638 -0.32353854  0.8607305   0.92823935 -0.28733724]], Reward: [1.0128196],Reward_sum: 7.428345680236816, Done: [False]
==========
t: 7, State: [[-1.59624923e-04  1.22252891e+00  6.96186568e-03  1.62716195e-02
   1.40198360e-02  3.76671317e-02  1.47070870e-03 -1.89546053e-03
   8.57269670e-01 -1.53310753e-01 -5.24861690e-01 -6.94353620e-01
   6.50692698e-02 -1.32044799e-01 -1.00000000e+01 -8.89733092e-01
   9.78585428e-02  1.00000000e+01]], Action: [[ 1.          0.8159019  -0.6477893  -1.         -1.          0.04646476]], Reward: [0.9674704],Reward_sum: 8.395814895629883, Done: [False]
==========
t: 8, State: [[-2.18264884e-03  1.21818015e+00 -2.22376636e-03  1.60381160e-02
   7.82203844e-03 -5.78820058e-02 -6.72108973e-03 -1.39891230e-02
   8.97843855e-01 -3.51413144e-01 -5.66769347e-01 -1.58880842e+00
  -1.00860278e-01 -1.48330170e+00 -7.88087074e+00 -1.12926922e+00
  -3.18532905e+00 -1.82384774e+00]], Action: [[ 1.          0.3931277   0.6233221  -0.96717453 -1.         -0.9762584 ]], Reward: [0.74269044],Reward_sum: 9.138504981994629, Done: [False]
==========
t: 9, State: [[-3.33379146e-03  1.21254212e+00 -9.72168730e-03  1.68278581e-02
  -2.27825781e-04 -6.81551719e-02 -1.84271864e-02 -2.07925087e-02
   8.83392923e-01  5.95184598e-02 -8.40890036e-01 -3.29413100e-01
   2.50610217e-01 -5.46365004e-01  5.31204208e+00 -1.84695528e+00
   1.48435062e+00 -1.75063439e+00]], Action: [[1.         0.5221653  1.         1.         1.         0.95046866]], Reward: [0.8509311],Reward_sum: 9.989436149597168, Done: [False]
==========
t: 10, State: [[-2.49040765e-03  1.20592261e+00 -8.51097312e-03  1.98535574e-02
  -1.57112368e-03  1.64232023e-02 -2.21540058e-02 -2.15488671e-02
   8.68679077e-01  1.35874808e-01 -6.06800116e-01  5.64208357e-01
   4.73841777e-01 -2.14866086e-01  1.00000000e+01  8.07413838e-01
  -1.28846698e+00 -1.86155082e+00]], Action: [[ 1.          0.36214557  1.          1.         -0.09418759  0.18938158]], Reward: [1.1022471],Reward_sum: 11.091683387756348, Done: [False]
==========
t: 11, State: [[ 6.49533051e-04  1.20287784e+00  1.04178360e-03  2.17393679e-02
   2.24952021e-03  1.54836432e-01 -2.02755781e-02 -1.36392918e-02
   8.54833222e-01  5.99681159e-01 -1.96260297e-01  1.59470284e+00
   8.07246216e-02  6.39292902e-01  1.00000000e+01 -5.34242448e-01
   3.14166810e+00 -1.59144959e+00]], Action: [[0.46226287 1.         1.         0.5207887  1.         0.846465  ]], Reward: [1.3882911],Reward_sum: 12.479974746704102, Done: [False]
==========
t: 12, State: [[ 5.46210132e-03  1.20224150e+00  1.47503198e-02  2.22154333e-02
   5.63801127e-03  3.51227793e-01 -1.79102736e-02  1.79118137e-03
   8.44467216e-01  6.05171535e-01  1.30359706e-02  1.83456999e+00
   4.13794125e-02  2.51281728e-01  1.00000000e+01  1.11724517e+00
   7.20236518e-01 -1.03620294e+00]], Action: [[ 0.8110093   0.6725806   1.          0.16330399 -0.4103203   1.        ]], Reward: [1.5982659],Reward_sum: 14.078240394592285, Done: [False]
==========
t: 13, State: [[ 1.07423945e-02  1.20279827e+00  3.01170984e-02  2.16470742e-02
   7.01145514e-03  6.04436885e-01 -8.00319286e-03  6.78487856e-03
   8.37508445e-01  7.17077186e-01  1.19409190e-01  2.02120813e+00
  -1.55600003e-01  1.09005597e-01  1.00000000e+01  1.36182027e+00
   5.34115864e-01 -7.24240372e-01]], Action: [[ 0.6972811   1.          0.98593724 -0.17321093  0.90468466  1.        ]], Reward: [1.6557299],Reward_sum: 15.733970642089844, Done: [False]
==========
t: 14, State: [[ 1.66054834e-02  1.20450041e+00  4.66004029e-02  2.02158945e-02
   7.97403546e-03  8.83685185e-01  3.82101595e-03  9.74828953e-03
   8.32514600e-01  6.52428108e-01  3.86812929e-01  1.85151890e+00
  -2.36683125e-01  2.49478282e-01  1.00000000e+01  1.34295890e+00
   2.53012899e-01 -5.54761202e-01]], Action: [[0.4747332  0.7604275  1.         0.13946427 0.48709092 1.        ]], Reward: [1.7298257],Reward_sum: 17.463796615600586, Done: [False]
==========
t: 15, State: [[ 0.02101041  1.20879606  0.0591233   0.01788986  0.01072104  1.02535853
   0.01225608  0.01167993  0.82858475  0.46509374  0.65123851  1.32042507
  -0.32420528  0.38276946 10.          0.80149563  0.22736747 -0.42426732]], Action: [[0.61955357 0.9611702  1.         0.30321056 0.7916741  1.        ]], Reward: [1.5465896],Reward_sum: 19.010385513305664, Done: [False]
==========
t: 16, State: [[ 0.02470788  1.21399375  0.06967013  0.01472137  0.01292173  1.06785284
   0.01783505  0.01382006  0.82575685  0.46409475  0.63307044  1.32812053
  -0.44444613  0.17596673  1.40985283  0.60526726  0.29445316 -0.28866889]], Action: [[0.9802747  1.         1.         0.42205045 1.         1.        ]], Reward: [1.4570447],Reward_sum: 20.467430114746094, Done: [False]
==========
t: 17, State: [[ 0.02793326  1.21891384  0.0787424   0.0131318   0.00402075  1.0602628
   0.02150923  0.01572611  0.82340403  0.34607551  0.59264466  0.94040378
   0.01078391 -2.27077778 -2.7337947   0.3172375   0.18382791 -0.28942884]], Action: [[ 1.         -0.39379796  1.          1.          1.          0.7606392 ]], Reward: [1.3984381],Reward_sum: 21.865867614746094, Done: [False]
==========
t: 18, State: [[ 3.13069182e-02  1.22327653e+00  8.79194731e-02  9.45037572e-03
  -1.02207799e-03  1.03047813e+00  2.46404071e-02  1.73768250e-02
   8.21681228e-01  5.07980523e-01  4.93793779e-01  1.33811728e+00
  -1.10751130e+00  1.38797361e+00 -4.39423408e+00  4.35608932e-01
   2.20132159e-01 -1.52744321e-01]], Action: [[1.         0.94832325 0.76573527 1.         1.         1.        ]], Reward: [1.4162222],Reward_sum: 23.282089233398438, Done: [False]
==========
t: 19, State: [[ 3.38737136e-02  1.22716175e+00  9.28563429e-02  1.10988675e-03
  -2.54639508e-03  9.94179236e-01  2.83003597e-02  4.15286701e-03
   8.20842744e-01  1.33283726e-01  4.76830533e-01 -1.13769172e-01
  -9.85169029e-01 -1.75931760e+00 -4.54069134e+00  4.63500485e-01
  -3.51721344e+00 -6.65261687e-02]], Action: [[ 0.7030841  -0.11183563  1.          0.72854245 -1.          1.        ]], Reward: [1.3168118],Reward_sum: 24.598901748657227, Done: [False]
==========
t: 20, State: [[ 3.69375990e-02  1.23028304e+00  1.00043674e-01 -4.79195440e-03
  -1.84829829e-03  9.59260832e-01  3.04662165e-02 -2.46417808e-03
   8.20425202e-01  6.76910594e-01  2.93848909e-01  2.16435493e+00
  -2.20321537e-01  1.91372871e+00 -4.12831097e+00  9.11881042e-02
   2.47791400e+00 -4.13477410e-02]], Action: [[0.6477796  0.73773795 1.         1.         1.         1.        ]], Reward: [1.3780218],Reward_sum: 25.9769229888916, Done: [False]
==========
t: 21, State: [[ 4.07488174e-02  1.23258484e+00  1.12513669e-01 -9.46911486e-04
  -7.18238795e-03  9.28836617e-01  3.13927060e-02  4.79162196e-03
   8.19155440e-01  2.76180724e-01  2.83598152e-01  9.47854005e-01
   1.17161357e+00 -3.23462547e+00 -3.46545510e+00  1.31765379e-01
  -6.56236213e-01 -2.44783159e-01]], Action: [[ 1.         -0.24378774  1.          0.08868629 -1.          0.5270805 ]], Reward: [1.4730572],Reward_sum: 27.449979782104492, Done: [False]
==========
t: 22, State: [[ 4.38286851e-02  1.23448792e+00  1.22777270e-01  4.61059237e-03
  -1.81364203e-02  8.87290639e-01  3.27770877e-02  2.56669447e-03
   8.16043665e-01  4.87219826e-01  1.93371859e-01  1.57684256e+00
   1.75789702e-01  4.99618768e-01 -6.90275606e+00  2.04635153e-01
   1.97675837e-02 -4.90318476e-01]], Action: [[ 1.          0.8848473  -0.26232243  0.98913157  1.          0.16613881]], Reward: [1.3811257],Reward_sum: 28.831106185913086, Done: [False]
==========
t: 23, State: [[ 0.04615052  1.23588176  0.12899306  0.00593821 -0.02558376  0.84633718
   0.0345898  -0.01355537  0.81354653  0.09454515  0.1564755  -0.01899037
   0.15080352 -2.37145741 -3.63373113  0.24076581 -4.02928726 -0.17019906]], Action: [[ 1.         -0.12153926  1.          0.7797545  -1.          0.8995323 ]], Reward: [1.285798],Reward_sum: 30.116905212402344, Done: [False]
==========
t: 24, State: [[ 0.04954151  1.23618126  0.13885389  0.00707953 -0.02114983  0.82528721
   0.0347288  -0.01945989  0.81303833  0.75350132 -0.08319802  2.503086
   0.13838985  3.49651898 -1.80342425 -0.15831565  2.49766678  0.02113054]], Action: [[1. 1. 1. 1. 1. 1.]], Reward: [1.4178727],Reward_sum: 31.534778594970703, Done: [False]
==========
t: 25, State: [[ 5.44467663e-02  1.23533137e+00  1.54339117e-01  7.50658538e-03
   4.52519476e-04  8.15497697e-01  3.40454722e-02 -1.31278366e-02
   8.13107843e-01  4.74116092e-01 -1.25004882e-01  1.37320322e+00
  -1.74093774e-02  1.87892470e+00 -7.50121890e-01 -2.34678621e-02
  -8.80687545e-01 -1.95800099e-03]], Action: [[ 1.          0.19400817  1.          0.2717102  -1.          0.7561174 ]], Reward: [1.6094744],Reward_sum: 33.14425277709961, Done: [False]
==========
t: 26, State: [[ 0.05785292  1.23404487  0.16394243  0.00840969  0.01041112  0.81189598
   0.03349951 -0.02247492  0.81361737  0.38334332 -0.19683572  1.04509014
   0.20624552  0.72853387 -0.21048607 -0.10104022 -1.45170198  0.11235548]], Action: [[ 1.         -0.06146353  1.          0.97027314 -0.13757348  1.        ]], Reward: [1.4218053],Reward_sum: 34.56605911254883, Done: [False]
==========
t: 27, State: [[ 0.06107667  1.23208742  0.17084038  0.01182276  0.00576369  0.81138287
   0.02326674 -0.01519718  0.81467785  0.42054021 -0.29345947  0.64324319
   0.58550789 -1.85260809  0.04901087 -2.50326366  3.27688832  0.14488582]], Action: [[ 1.         -0.7926749   1.          0.83180094  1.          1.        ]], Reward: [1.3976487],Reward_sum: 35.963706970214844, Done: [False]
==========
t: 28, State: [[ 6.42069275e-02  1.22948356e+00  1.76763277e-01  1.66562096e-02
  -7.42959698e-03  8.11983170e-01  9.23519127e-03  6.17402873e-04
   8.11603263e-01  3.60264152e-01 -3.55175111e-01  7.86957475e-01
   5.91365793e-01 -1.50426960e+00  9.42340912e-02 -1.12956080e+00
   8.10108134e-01 -9.38276024e-01]], Action: [[ 1.         -0.16260651  0.9000863   1.         -0.09069964 -0.12075971]], Reward: [1.3884224],Reward_sum: 37.35213088989258, Done: [False]
==========
t: 29, State: [[ 0.06769831  1.22611815  0.18623629  0.01980577 -0.00769447  0.81305142
   0.0043548   0.00486145  0.80608348  0.50601327 -0.48467077  1.53684945
   0.21393086  1.30391195  0.16266088 -0.17720792  0.31369448 -0.48564059]], Action: [[ 1.          0.54505396  1.          1.         -0.08053768  0.4982561 ]], Reward: [1.4328712],Reward_sum: 38.785003662109375, Done: [False]
==========
t: 30, State: [[ 0.071927    1.22181383  0.19945707  0.02066321  0.00759688  0.81446809
   0.00442884  0.00559604  0.8039451   0.49554164 -0.57496623  1.54455153
   0.11208787  1.6783521   0.18436015  0.09380277 -0.32479342 -0.09021637]], Action: [[ 1.          0.51047623  1.          0.53218436 -0.09465215  0.7845865 ]], Reward: [1.5254178],Reward_sum: 40.310420989990234, Done: [False]
==========
t: 31, State: [[ 0.07519026  1.21706606  0.20925199  0.02130307  0.01642786  0.81594012
   0.00650663 -0.00600189  0.80429168  0.33018901 -0.61439007  0.93211572
   0.03440657  0.63221039  0.18013291  0.39310018 -2.46369144  0.14262503]], Action: [[ 1.          0.30874982  1.          0.87690544 -0.4391344   0.87557054]], Reward: [1.4040841],Reward_sum: 41.714500427246094, Done: [False]
==========
t: 32, State: [[ 7.73955691e-02  1.21192871e+00  2.11521407e-01  2.18803111e-02
   5.49038604e-03  8.17327395e-01 -3.24954555e-03 -8.55745087e-03
   8.06045321e-01  2.20531871e-01 -6.70874382e-01 -3.71301468e-01
   9.96524276e-02 -3.36089546e+00  1.63241062e-01 -2.84101301e+00
   1.82501005e+00  2.73411571e-01]], Action: [[ 0.4835089 -0.9261087  1.         0.3976328  0.7493692  1.       ]], Reward: [1.271852],Reward_sum: 42.986351013183594, Done: [False]
==========
t: 33, State: [[ 8.07144964e-02  1.20650059e+00  2.16659894e-01  2.32898493e-02
  -6.01850407e-03  7.98146243e-01 -2.15407727e-02  1.21126911e-02
   7.53266699e-01  5.81923988e-01 -6.74156978e-01  1.71816908e+00
   2.36179364e-01  7.95105134e-01 -5.01704033e+00 -1.05911924e+00
   2.09775399e+00 -1.00000000e+01]], Action: [[ 1.          0.458968   -0.27019775  1.          0.717173   -1.        ]], Reward: [1.411068],Reward_sum: 44.39741897583008, Done: [False]
==========
t: 34, State: [[  0.08542205   1.20038045   0.23135911   0.02369882   0.01009707
    0.78849199  -0.02511722   0.02026367   0.65597762   0.5017284
   -0.83398891   1.46290419  -0.03133093   1.81938877   3.32580954
   -0.32953143  -0.06712421 -10.        ]], Action: [[ 1.          1.          1.         -0.5349536  -0.5732807   0.09718336]], Reward: [1.5848202],Reward_sum: 45.98223876953125, Done: [False]
==========
t: 35, State: [[ 0.08915105  1.1929198   0.24312958  0.02465387  0.02081405  0.80843829
  -0.02413417  0.01731884  0.62283365  0.43270441 -1.03434072  1.47406635
   0.22943784  0.94029508  1.79677721  0.56060079 -0.70311044  2.76221034]], Action: [[1.        1.        1.        0.6805865 0.4421088 1.       ]], Reward: [1.4614662],Reward_sum: 47.44370651245117, Done: [False]
==========
t: 36, State: [[ 0.09240083  1.18413753  0.25391481  0.02652201  0.02449177  0.81891991
  -0.02016437  0.0129586   0.66951105  0.38377128 -1.16233115  1.24753194
   0.22805578  0.07380075  0.90605318  0.47567389 -0.40968126  8.92694849]], Action: [[ 0.9190438  -0.33381847  1.          0.4686676   0.7112973   0.4578817 ]], Reward: [1.4033316],Reward_sum: 48.84703826904297, Done: [False]
==========
t: 37, State: [[ 9.41287547e-02  1.17674481e+00  2.60433041e-01  2.72754487e-02
   2.38477562e-02  7.88620596e-01 -5.49560543e-03 -1.98782753e-02
   7.51382196e-01  2.74584711e-02 -5.58323256e-01  2.11808266e-01
   1.67713562e-02 -1.47368803e-01 -6.97030736e+00  3.08128158e+00
  -7.94869278e+00  1.00000000e+01]], Action: [[ 0.6125046  -0.10970753 -0.9526262  -0.28866655 -1.          0.25087786]], Reward: [1.2135491],Reward_sum: 50.06058883666992, Done: [False]
==========
t: 38, State: [[ 9.45951625e-02  1.17382707e+00  2.47421463e-01  9.62032987e-03
   2.33511549e-02  7.54316207e-01 -1.41012038e-02 -4.84096000e-02
   8.39995092e-01  9.12893399e-02 -2.07830108e-01 -3.50746740e+00
  -4.50435232e+00  6.41791756e-04 -1.86673291e+00 -5.58420415e+00
   1.19904544e+00  7.78162690e+00]], Action: [[-0.33179632  1.          0.28828418 -0.20157526  0.9919642   1.        ]], Reward: [1.0550832],Reward_sum: 51.11567306518555, Done: [False]
==========
t: 39, State: [[ 9.75235809e-02  1.17314738e+00  2.43292004e-01  6.00255870e-03
   1.67505610e-02  7.03875479e-01 -3.70572160e-02 -2.80988882e-02
   8.41585263e-01  5.90362266e-01  4.80816868e-02  1.68977241e+00
   2.50841844e+00 -1.35153089e+00 -1.00000000e+01 -1.19270036e+00
   4.14443861e+00 -7.37521499e+00]], Action: [[ 1.         -0.21167561 -1.          1.          1.         -1.        ]], Reward: [1.3610075],Reward_sum: 52.476680755615234, Done: [False]
==========
t: 40, State: [[ 1.02840618e-01  1.17319975e+00  2.55255591e-01  2.05509105e-02
   9.14087006e-03  6.54200643e-01 -5.16116830e-02  9.88577703e-03
   7.71061689e-01  7.03323736e-01 -3.10707831e-02  1.36009548e+00
   1.26227971e+00 -6.28758622e-01 -1.56083294e+00 -1.83136348e+00
   4.21706927e+00 -1.00000000e+01]], Action: [[ 1.          1.          1.          0.19068213  0.20354703 -0.19860448]], Reward: [1.6615124],Reward_sum: 54.13819122314453, Done: [False]
==========
t: 41, State: [[ 1.08554005e-01  1.17315967e+00  2.65572945e-01  2.79263412e-02
   6.00143601e-03  6.72390874e-01 -6.35911275e-02  3.29729357e-02
   6.39500770e-01  7.31144259e-01  2.57818888e-02  1.25060662e+00
   6.39245749e-01 -2.02641594e-01  6.08700909e+00 -1.18248404e+00
   1.80737030e+00 -1.00000000e+01]], Action: [[ 1.          1.          0.85072315  0.3019103   0.7704067  -1.        ]], Reward: [1.709765],Reward_sum: 55.847957611083984, Done: [False]
==========
t: 42, State: [[ 1.14680910e-01  1.17252894e+00  2.77032700e-01  3.18161116e-02
   5.40193920e-03  7.57167955e-01 -6.63767898e-02  4.12285127e-02
   5.07830961e-01  8.09677470e-01 -1.86424737e-01  1.62802563e+00
   3.54742471e-01  2.50495269e-02  1.00000000e+01  3.75874525e-01
   4.06171330e-01 -1.00000000e+01]], Action: [[0.72533166 0.9571198  0.992874   0.9121973  1.         0.84943604]], Reward: [1.7608815],Reward_sum: 57.60884094238281, Done: [False]
==========
t: 43, State: [[ 1.20925770e-01  1.17118857e+00  2.89625196e-01  3.41769286e-02
   6.67733016e-03  8.53461920e-01 -6.08716104e-02  4.14700496e-02
   4.60569001e-01  7.41551901e-01 -1.11623830e-01  1.47224212e+00
   2.52129248e-01  2.87142639e-01  7.80432873e+00  9.12746890e-01
  -2.64092536e-01 -1.67790761e+00]], Action: [[1.         0.6558498  0.14388715 0.5450899  1.         0.7070736 ]], Reward: [1.7773596],Reward_sum: 59.386199951171875, Done: [False]
==========
t: 44, State: [[ 1.26656894e-01  1.16994293e+00  3.01021434e-01  3.55233688e-02
   9.26093628e-03  8.93706602e-01 -5.17745405e-02  3.78879360e-02
   4.98290619e-01  7.05272707e-01 -2.45638533e-01  1.45521520e+00
   8.74858359e-02  3.13684127e-01  2.75300951e+00  1.41621922e+00
  -5.71834444e-01  1.00000000e+01]], Action: [[0.85314834 0.7575586  1.         0.533268   0.8904116  1.        ]], Reward: [1.7120116],Reward_sum: 61.09821319580078, Done: [False]
==========
t: 45, State: [[ 0.13236666  1.16821579  0.31303802  0.035341    0.01099082  0.87535021
  -0.03972346  0.03256951  0.57156065  0.72625646 -0.18815806  1.57194256
  -0.10818779  0.13668014 -7.3001419   1.59497119 -0.72227102  7.03286153]], Action: [[ 1.          0.43804392 -0.6918348   0.0392864   0.0113534  -0.28466305]], Reward: [1.7119676],Reward_sum: 62.8101806640625, Done: [False]
==========
t: 46, State: [[ 1.36808701e-01  1.16620953e+00  3.22603229e-01  3.35432104e-02
   1.14211979e-02  8.31825150e-01 -1.57875642e-02 -8.82791999e-04
   6.87375482e-01  3.89740199e-01 -3.14216509e-01  8.65969744e-01
  -3.11855080e-01 -1.25260719e-02 -3.88933028e+00  4.42237345e+00
  -7.54034450e+00  1.00000000e+01]], Action: [[ 0.9066411   0.4962118   0.47954726 -0.55415046 -1.          1.        ]], Reward: [1.5516498],Reward_sum: 64.36183166503906, Done: [False]
==========
t: 47, State: [[ 1.38625052e-01  1.16358732e+00  3.05177763e-01  1.82117811e-03
   1.15979761e-02  8.08923868e-01 -2.08157692e-02 -3.27820296e-02
   8.74490049e-01  1.00122925e-01 -2.81129488e-01 -5.25435740e+00
  -7.69006616e+00  4.69554565e-02 -2.02368424e+00 -6.25557154e+00
   1.35737337e-01  1.00000000e+01]], Action: [[-0.5607616   0.23533279  0.36306405 -0.482845    0.46792957  1.        ]], Reward: [1.22509],Reward_sum: 65.5869140625, Done: [False]
==========
t: 48, State: [[  0.14189304   1.16150716   0.30543755   0.01028999  -0.03675746
    0.74217268  -0.0230211   -0.02879698   0.95657776   0.61411577
   -0.2222032    3.14099414   6.28201348 -10.         -10.
    2.73341713   1.65458879   2.99968818]], Action: [[ 1. -1. -1.  1.  1. -1.]], Reward: [1.4024985],Reward_sum: 66.98941040039062, Done: [False]
==========
t: 49, State: [[ 1.47826325e-01  1.15973768e+00  3.08140670e-01  4.08177246e-03
  -5.79388477e-02  5.59059138e-01 -4.36824978e-02  1.41498163e-02
   9.62904560e-01  8.12655681e-01 -1.96096765e-01 -2.09755585e+00
  -7.11971328e+00  4.54640226e+00 -1.00000000e+01 -6.35338763e+00
   6.74998998e+00 -9.12787958e-01]], Action: [[-0.9690268   0.9455788  -1.          0.3750756   0.76823854  0.41594952]], Reward: [1.7379237],Reward_sum: 68.72733306884766, Done: [False]
==========
t: 50, State: [[  0.15621858   1.15859928   0.33317093   0.01504027  -0.0563404
    0.26807427  -0.03759909   0.04946729   0.89968896   1.14097079
   -0.04271894   5.60306078   5.36856209  -1.27649529 -10.
    4.39980589   2.57827798 -10.        ]], Action: [[ 1.         -0.8551296  -1.          1.          0.91643965 -1.        ]], Reward: [2.0434613],Reward_sum: 70.77079772949219, Done: [False]
==========
t: 51, State: [[  0.16397293   1.15754664   0.36343256   0.03711002  -0.05482477
    0.05345833  -0.01441348   0.06014523   0.8095762    0.80375909
   -0.22291027   1.9244272    0.14299874   1.32203832 -10.
    1.21548688   0.3514756   -7.80172359]], Action: [[ 0.32398784  0.5947021   1.         -1.         -0.7037499   0.4612447 ]], Reward: [1.9661272],Reward_sum: 72.73692321777344, Done: [False]
==========
t: 52, State: [[ 1.69319012e-01  1.15529659e+00  3.72139762e-01  3.60889583e-02
  -5.47215307e-02 -4.71908540e-03 -1.05987700e-02  5.74571936e-02
   7.34817321e-01  5.34698516e-01 -3.37441759e-01  2.79270882e-01
  -3.30824860e-01 -1.47274899e+00  5.01069756e-02 -2.32102155e-01
  -9.91926475e-01 -1.00000000e+01]], Action: [[ 1.          0.18469909  1.         -1.         -0.76767707 -0.2660889 ]], Reward: [1.6645656],Reward_sum: 74.4014892578125, Done: [False]
==========
t: 53, State: [[ 1.74107548e-01  1.15069241e+00  3.77611280e-01  3.22940916e-02
  -5.81974198e-02  4.73098238e-02 -7.96074765e-03  4.98215980e-02
   7.05850559e-01  6.65055189e-01 -8.17036260e-01  1.12270004e+00
  -5.74448272e-01  6.37363025e-01  1.00000000e+01  9.08268346e-01
  -9.05896582e-01  3.54487075e+00]], Action: [[ 0.8454963  1.         1.        -0.3586773  1.         1.       ]], Reward: [1.5937235],Reward_sum: 75.9952163696289, Done: [False]
==========
t: 54, State: [[ 1.80317406e-01  1.14487820e+00  3.90974855e-01  2.79032894e-02
  -4.41274420e-02  1.29163916e-01  2.25274904e-03  4.31303340e-02
   6.79822087e-01  8.60836925e-01 -6.27589955e-01  2.00127191e+00
  -6.55653333e-01  2.73081266e+00  7.79318017e+00  1.38233432e+00
  -7.37731075e-01 -1.00000000e+01]], Action: [[ 0.5187629   0.05989271 -1.          0.23837437  1.         -0.9344015 ]], Reward: [1.7730296],Reward_sum: 77.76824951171875, Done: [False]
==========
t: 55, State: [[ 0.18742077  1.13903383  0.40511447  0.01436989 -0.00923513  0.19457529
   0.01081781  0.03787515  0.62302173  0.91728586 -0.83940807  1.57941918
  -2.66951896  5.98995002  8.53352743  0.80511438 -0.58294479 -4.16158762]], Action: [[0.35186157 0.61815816 0.1391065  0.595806   1.         0.41990042]], Reward: [1.8858641],Reward_sum: 79.65411376953125, Done: [False]
==========
t: 56, State: [[ 1.93280919e-01  1.13169298e+00  4.12592005e-01  2.33847774e-04
   1.24780642e-02  3.24279198e-01  1.30527205e-02  3.30297286e-02
   6.08269338e-01  5.47407271e-01 -9.86227568e-01  2.04727431e-01
  -1.02289558e+00 -3.30169286e-01  1.00000000e+01 -3.61493662e-01
  -6.08587404e-01  4.31668245e-01]], Action: [[ 0.19317946 -0.80757034  1.         -0.04548667  0.5676905   0.29117554]], Reward: [1.7304198],Reward_sum: 81.38453674316406, Done: [False]
==========
t: 57, State: [[ 1.97775236e-01  1.12318270e+00  4.16372410e-01 -3.33034720e-03
   1.05009764e-02  5.49656872e-01  1.10319834e-02  2.94236835e-02
   5.98623833e-01  5.69173061e-01 -1.13040380e+00  7.12374747e-01
   1.76436743e-01 -1.68982929e-01  1.00000000e+01 -1.56984717e-01
  -3.17788962e-01 -2.86510477e+00]], Action: [[ 1.          1.          0.6857343  -0.4159698   1.         -0.23965281]], Reward: [1.5580889],Reward_sum: 82.942626953125, Done: [False]
==========
t: 58, State: [[ 2.02407702e-01  1.11357514e+00  4.22922012e-01  3.04411044e-03
   9.85092516e-03  8.60172335e-01  1.05838044e-02  2.61936153e-02
   6.24763878e-01  6.39606030e-01 -1.14697105e+00  8.80480471e-01
   1.07234880e+00  5.44626124e-02  1.00000000e+01 -9.04319966e-02
  -5.84661217e-01  8.43424857e+00]], Action: [[0.8967197  1.         1.         0.09661712 0.418024   1.        ]], Reward: [1.5750701],Reward_sum: 84.5177001953125, Done: [False]
==========
t: 59, State: [[ 2.08021679e-01  1.10667513e+00  4.30024269e-01  9.36098304e-03
   1.08779039e-02  1.05251972e+00  1.07571701e-02  2.35541001e-02
   6.50064693e-01  7.50827194e-01 -6.02262162e-01  8.61413538e-01
   5.46448977e-01  1.68655105e-01  1.00000000e+01  1.18413806e-01
  -1.21170258e-01 -1.97749592e+00]], Action: [[ 1.         1.        -1.         0.2757086  1.        -1.       ]], Reward: [1.696671],Reward_sum: 86.21437072753906, Done: [False]
==========
t: 60, State: [[ 0.21480681  1.10276481  0.43738397  0.01276801  0.01258952  1.1113502
   0.01110835  0.02216785  0.66488397  0.93917811 -0.39769658  0.98129368
   0.35097234  0.24785836  2.48018433 -0.04161229 -0.22079623  5.65855666]], Action: [[1.         1.         1.         0.05103394 1.         0.89981544]], Reward: [1.8433298],Reward_sum: 88.05770111083984, Done: [False]
==========
t: 61, State: [[ 0.2224577   1.10044442  0.44489306  0.01526759  0.01456038  1.10203632
   0.01093351  0.02021275  0.68988899  0.97205483 -0.18671419  0.89055192
   0.27938419  0.239248   -4.48302533 -0.00986515 -0.25756841  0.64763628]], Action: [[ 1.          1.         -0.63725287  0.3430914   0.28085503 -0.41038567]], Reward: [1.9535896],Reward_sum: 90.01129150390625, Done: [False]
==========
t: 62, State: [[ 2.29518547e-01  1.09950999e+00  4.47812800e-01  1.55435649e-02
   1.22846495e-02  1.06094029e+00  1.25971893e-02  4.53989332e-03
   7.14773334e-01  7.88487933e-01 -5.29234924e-02 -1.89147161e-01
  -2.13936087e-01 -8.61727109e-01 -5.52119658e+00  3.71057949e-01
  -3.62141908e+00  5.53646603e+00]], Action: [[ 1.          0.2856671   1.          0.24071266 -1.          0.36621797]], Reward: [1.8793323],Reward_sum: 91.890625, Done: [False]
==========
t: 63, State: [[ 2.36153444e-01  1.09894494e+00  4.46335885e-01  1.44165911e-02
   3.61940815e-03  1.01555203e+00  1.40690462e-02 -2.25377308e-02
   7.86614696e-01  8.70453554e-01 -9.26080006e-02 -1.65565083e-01
  -6.78364982e-02 -1.27899358e+00 -5.66414969e+00 -2.57152483e-02
  -2.95859334e+00  1.00000000e+01]], Action: [[ 1.          0.03981015  0.44202757 -0.09995697  0.21511373  0.71184635]], Reward: [1.8276021],Reward_sum: 93.71821594238281, Done: [False]
==========
t: 64, State: [[ 0.24339551  1.09809678  0.44609309  0.01476622 -0.00626854  0.96849871
   0.0131083  -0.04404537  0.85238079  0.93600648 -0.12279337  0.08535061
   0.12797613 -1.18167407 -6.07516609 -0.18790582 -2.49001266  5.17361371]], Action: [[ 1.         -0.00234017 -0.01599599  0.15986662  0.05272791  0.78588015]], Reward: [1.9036119],Reward_sum: 95.621826171875, Done: [False]
==========
t: 65, State: [[ 0.25062155  1.09710885  0.44527108  0.01568214 -0.01874844  0.92492969
   0.01136383 -0.06908762  0.87601129  0.86740712 -0.12870586 -0.2960841
   0.09924307 -1.94619001 -4.83620114 -0.23277223 -3.78163368  1.18370616]], Action: [[ 1.          0.07347836  0.16284241 -0.29877755 -0.35472956  0.01162462]], Reward: [1.902008],Reward_sum: 97.52383422851562, Done: [False]
==========
t: 66, State: [[ 0.25949533  1.09511465  0.45052626  0.01720656 -0.02312521  0.89153525
   0.00776098 -0.07945061  0.86037778  1.35021933 -0.36966374  1.59665929
   0.25593689  0.87339401 -3.56935748 -0.68039286  1.1953447  -5.05297918]], Action: [[ 1.          0.48581067  0.7254432   0.92035425  1.         -0.4432832 ]], Reward: [2.1054165],Reward_sum: 99.6292495727539, Done: [False]
==========
t: 67, State: [[ 2.70689050e-01  1.09208892e+00  4.63525838e-01  1.52696035e-02
  -9.11771347e-03  8.67612365e-01  4.05397221e-03 -7.84350173e-02
   7.87119198e-01  1.44811274e+00 -3.85743913e-01  1.63214517e+00
  -7.75418073e-01  2.65325141e+00 -2.47675594e+00 -2.86612395e-01
  -8.52444652e-01 -1.00000000e+01]], Action: [[ 1.          1.          1.         -0.71013993 -0.79673195 -0.56742185]], Reward: [2.3947537],Reward_sum: 102.02400207519531, Done: [False]
==========
t: 68, State: [[ 2.83407104e-01  1.08770651e+00  4.76505921e-01  6.04357524e-03
   1.39274042e-02  8.51481332e-01 -1.37971291e-02 -5.02328943e-02
   7.30004733e-01  1.68167729e+00 -6.80083620e-01  1.66094439e+00
  -8.69038058e-01  2.11239915e+00 -1.57392001e+00 -3.93417027e+00
   7.58665117e+00 -1.22185086e+00]], Action: [[ 1.          1.          1.         -0.639869    0.94942665  1.        ]], Reward: [2.584446],Reward_sum: 104.60844421386719, Done: [False]
==========
t: 69, State: [[ 2.96133032e-01  1.08300697e+00  4.90466430e-01  2.87701931e-03
   2.55497995e-02  8.22494387e-01 -3.28512147e-02 -1.64600390e-02
   6.76712838e-01  1.50704831e+00 -4.87763250e-01  1.78884778e+00
  -2.76165626e-02  9.15278612e-01 -5.69886158e+00 -9.15545830e-01
   9.86248285e-01 -1.00000000e+01]], Action: [[ 1.          1.         -0.26183987 -0.04250707 -1.         -0.84688246]], Reward: [2.5869534],Reward_sum: 107.19539642333984, Done: [False]
==========
t: 70, State: [[ 3.08028451e-01  1.07868456e+00  5.02561851e-01  2.68455812e-03
   2.96239216e-02  7.91986372e-01 -4.64460418e-02 -1.31282042e-03
   5.78705714e-01  1.47296938e+00 -5.94631125e-01  1.27713573e+00
  -2.50746939e-02  1.85350026e-01 -2.28080348e+00 -2.43530018e+00
   2.79198838e+00 -1.00000000e+01]], Action: [[ 1.          1.          1.         -1.         -0.23649648 -0.00801842]], Reward: [2.4828715],Reward_sum: 109.67826843261719, Done: [False]
==========
t: 71, State: [[ 3.19774163e-01  1.07418116e+00  5.12700334e-01  3.86920055e-03
   2.98345884e-02  7.87648792e-01 -6.46910678e-02  1.74480735e-02
   4.27466234e-01  1.45279190e+00 -5.15855439e-01  1.23143702e+00
   2.81371422e-01 -9.49448073e-02  9.58567195e-01 -1.95323844e+00
   1.63282593e+00 -1.00000000e+01]], Action: [[ 1.          1.          1.         -0.10989586  0.84423876 -1.        ]], Reward: [2.463489],Reward_sum: 112.14176177978516, Done: [False]
==========
t: 72, State: [[ 3.31145009e-01  1.07021742e+00  5.22922878e-01  7.07382545e-03
   2.87278418e-02  7.94300218e-01 -7.53238903e-02  2.60215871e-02
   2.52444665e-01  1.38531786e+00 -4.77900922e-01  1.29750215e+00
   4.82992505e-01 -1.66959979e-01  7.15338049e-01 -7.83650430e-01
   6.22826412e-01 -1.00000000e+01]], Action: [[ 1.          1.          0.7705718   0.19313176  0.4440993  -0.4021201 ]], Reward: [2.4183657],Reward_sum: 114.56012725830078, Done: [False]
==========
t: 73, State: [[ 3.41926194e-01  1.06613171e+00  5.32580293e-01  1.05634280e-02
   2.71863979e-02  7.99848927e-01 -8.02759679e-02  2.82669855e-02
   1.77272923e-01  1.31856812e+00 -5.48271601e-01  1.12721798e+00
   3.86283721e-01 -2.08034414e-01  6.61019925e-01 -5.30489988e-01
   3.90382535e-03 -4.90224130e+00]], Action: [[ 1.          1.          1.         -0.17173855  0.2602737   0.09732448]], Reward: [2.3445413],Reward_sum: 116.90467071533203, Done: [False]
==========
t: 74, State: [[ 0.3522862   1.06166997  0.54009926  0.0126207   0.02530026  0.80477402
  -0.0861133   0.02808945  0.15868292  1.275491   -0.5689985   0.77771262
   0.15048137 -0.25252741  0.56657828 -0.91257354 -0.0438436  -0.29812901]], Action: [[ 1.          1.          1.         -0.6519513   0.83716094 -0.23713304]], Reward: [2.290818],Reward_sum: 119.19548797607422, Done: [False]
==========
t: 75, State: [[ 0.36281689  1.05737952  0.5481809   0.01562643  0.02274181  0.80867046
  -0.09075765  0.0272305   0.16101508  1.35624014 -0.50327086  1.20174336
   0.53928314 -0.36222207  0.41447628 -0.31097304 -0.15391393  0.6606904 ]], Action: [[ 1.         -0.03760281  1.          1.          1.         -1.        ]], Reward: [2.3113353],Reward_sum: 121.50682067871094, Done: [False]
==========
t: 76, State: [[ 0.37380928  1.05347469  0.55759486  0.01916902  0.01993395  0.81156121
  -0.093368    0.02584495  0.16868564  1.3934576  -0.47406564  1.1638932
   0.35788311 -0.33468386  0.31221108 -0.33092946 -0.18414902  1.11683818]], Action: [[ 0.35483083  0.16410795  1.          0.7159251   1.         -0.6905746 ]], Reward: [2.3709064],Reward_sum: 123.87772369384766, Done: [False]
==========
t: 77, State: [[ 0.38513713  1.04961678  0.56729143  0.02166729  0.01733947  0.81372509
  -0.0954729   0.02408613  0.17858254  1.43939276 -0.49134996  1.26503581
   0.26956469 -0.30900349  0.2321665  -0.19506445 -0.24207541  1.27024989]], Action: [[ 0.20348296 -0.03575107  1.          1.          1.         -0.47264647]], Reward: [2.4127157],Reward_sum: 126.29043579101562, Done: [False]
==========
t: 78, State: [[ 0.39681771  1.04571017  0.57737077  0.0230805   0.01488606  0.81532077
  -0.09706595  0.02225143  0.18738991  1.48234552 -0.48667166  1.27146851
   0.10058254 -0.29844942  0.16972983 -0.18518038 -0.21445481  0.90343688]], Action: [[-0.02543616 -0.13771537  1.          0.9048275   1.         -0.58952194]], Reward: [2.456886],Reward_sum: 128.747314453125, Done: [False]
==========
t: 79, State: [[ 0.40888783  1.04179803  0.5880401   0.02374602  0.01240428  0.81647711
  -0.09795067  0.02060655  0.19282428  1.5359824  -0.49235532  1.40113258
   0.06736332 -0.31225368  0.12177921 -0.03222926 -0.1941601   0.44743022]], Action: [[ 0.05721167 -0.36185327  1.          1.          1.         -0.57782274]], Reward: [2.5052972],Reward_sum: 131.2526397705078, Done: [False]
==========
t: 80, State: [[ 0.4214375   1.03792633  0.59986931  0.02419201  0.01008562  0.8172847
  -0.09748558  0.01926176  0.19354905  1.6016618  -0.47614687  1.55779109
   0.04541582 -0.26597021  0.08257066  0.14979533 -0.14443824 -0.24877149]], Action: [[ 0.05660513 -0.28090832  1.          1.          1.         -0.7473971 ]], Reward: [2.5650685],Reward_sum: 133.8177032470703, Done: [False]
==========
t: 81, State: [[ 0.43449121  1.03424046  0.61268454  0.02437943  0.00813003  0.81784515
  -0.09594578  0.0184581   0.18868414  1.66193624 -0.44570517  1.64974347
   0.00599983 -0.2224222   0.05878381  0.24260313 -0.06455884 -0.94582745]], Action: [[ 0.2178506  -0.20274445  1.          0.7450022   1.         -0.8233546 ]], Reward: [2.6283915],Reward_sum: 136.4460906982422, Done: [False]
==========
t: 82, State: [[ 0.4478246   1.03091264  0.62463118  0.02349466  0.00541092  0.81831005
  -0.09560293  0.01856979  0.17882309  1.67200438 -0.38622278  1.35534849
  -0.19704129 -0.47303202  0.05633029 -0.12395227  0.07370039 -1.50586732]], Action: [[ 0.29665306 -0.0573304   1.          0.01798972  1.         -0.810965  ]], Reward: [2.6639254],Reward_sum: 139.11001586914062, Done: [False]
==========
t: 83, State: [[ 0.46137893  1.02808971  0.635442    0.02204144  0.00228255  0.81874128
  -0.09674248  0.01973172  0.16374493  1.71612308 -0.31891266  1.34733036
  -0.16527058 -0.30866486  0.05083003 -0.14924622  0.19695107 -2.23685917]], Action: [[ 1.          0.19601995  1.         -0.3452814   1.         -1.        ]], Reward: [2.6901326],Reward_sum: 141.80015563964844, Done: [False]
==========
t: 84, State: [[ 4.75158958e-01  1.02588193e+00  6.45073580e-01  1.99607946e-02
   7.43566496e-04  8.19171085e-01 -9.93332079e-02  2.18833408e-02
   1.43450218e-01  1.72886383e+00 -2.32320919e-01  1.07509268e+00
  -3.25914830e-01 -9.84953857e-02  5.49518684e-02 -4.66056235e-01
   3.18017847e-01 -2.82250834e+00]], Action: [[ 1.         0.6278235  1.        -0.9842165  1.        -1.       ]], Reward: [2.717141],Reward_sum: 144.51730346679688, Done: [False]
==========
t: 85, State: [[ 4.89063600e-01  1.02436538e+00  6.52983820e-01  1.72221580e-02
   6.61948441e-04  8.19596321e-01 -1.03618651e-01  2.45246016e-02
   1.18748418e-01  1.74691486e+00 -1.45972036e-01  9.05045972e-01
  -3.46154667e-01  5.90985643e-02  5.07510261e-02 -5.94218150e-01
   3.31974704e-01 -3.34576333e+00]], Action: [[ 1.         0.7174033  1.        -0.9324419  1.        -1.       ]], Reward: [2.732696],Reward_sum: 147.25, Done: [False]
==========
t: 86, State: [[ 5.03115413e-01  1.02355431e+00  6.59673806e-01  1.46725987e-02
   1.32716088e-03  8.19970446e-01 -1.08576540e-01  2.70337629e-02
   8.99821563e-02  1.76570871e+00 -5.61015944e-02  7.64274363e-01
  -2.89731480e-01  9.65056232e-02  4.27549140e-02 -6.45537360e-01
   2.92537519e-01 -3.84242815e+00]], Action: [[ 1.          0.6773814   1.         -0.85228634  1.         -1.        ]], Reward: [2.7512913],Reward_sum: 150.0012969970703, Done: [False]
==========
t: 87, State: [[ 5.17319762e-01  1.02347334e+00  6.65242139e-01  1.26667490e-02
   2.01973167e-03  8.20276816e-01 -1.13853327e-01  2.91497745e-02
   5.72927034e-02  1.78547228e+00  3.60901137e-02  6.25205895e-01
  -2.14949553e-01  7.70496673e-02  3.40471868e-02 -6.75714182e-01
   2.37118734e-01 -4.32861992e+00]], Action: [[ 1.          0.56553876  1.         -0.7993058   1.         -1.        ]], Reward: [2.770585],Reward_sum: 152.77186584472656, Done: [False]
==========
t: 88, State: [[ 5.31683601e-01  1.02413912e+00  6.69645477e-01  1.12452938e-02
   2.38644997e-03  8.20516150e-01 -1.19390087e-01  3.08206888e-02
   2.07194335e-02  1.80582718e+00  1.30301572e-01  4.74119318e-01
  -1.45187185e-01  2.09123334e-02  2.60680448e-02 -7.10184800e-01
   1.82621359e-01 -4.81481264e+00]], Action: [[ 1.          0.39598313  1.         -0.76161206  1.         -1.        ]], Reward: [2.7907429],Reward_sum: 155.56260681152344, Done: [False]
==========
t: 89, State: [[ 5.46076888e-01  1.02568553e+00  6.71793195e-01  1.03178111e-02
  -1.28972250e-04  8.20711302e-01 -1.26279099e-01  3.21292058e-02
  -1.98060262e-02  1.79261404e+00  2.56363738e-01  6.06185130e-02
  -9.08841183e-02 -6.46357849e-01  2.25028699e-02 -1.01336760e+00
   1.45465280e-01 -5.31768669e+00]], Action: [[ 1.          0.22124979  1.         -0.80709124  1.         -1.        ]], Reward: [2.7944605],Reward_sum: 158.35707092285156, Done: [False]
==========
t: 90, State: [[ 0.56001819  1.02857068  0.66818054  0.01018808 -0.01519466  0.82088665
  -0.13795814  0.03308638 -0.06456992  1.69183278  0.46388645 -0.97328911
   0.04111813 -3.10755186  0.02024473 -1.9182029   0.0975582  -5.87012543]], Action: [[ 1.         -0.16645277  1.         -0.6838248   1.         -1.        ]], Reward: [2.7381675],Reward_sum: 161.09524536132812, Done: [False]
==========
t: 91, State: [[  0.5753905    1.03205282   0.6708006    0.01083304  -0.0189819
    0.76031937  -0.1412269    0.03310406  -0.1165429    2.15329522
    0.40914636   1.62149255   0.1086946    2.22027283 -10.
    1.08389716  -0.07088816  -7.14700434]], Action: [[ 1.          0.820464   -1.          0.27920213  1.         -1.        ]], Reward: [2.9167867],Reward_sum: 164.0120391845703, Done: [False]
==========
t: 92, State: [[ 5.92283293e-01  1.03525038e+00  6.81094157e-01  1.09611990e-02
   6.27726062e-05  6.94237004e-01 -1.35154655e-01  3.20789963e-02
  -1.72492322e-01  2.06538270e+00  3.92186749e-01  9.29409571e-01
  -5.10009421e-02  2.36976904e+00 -1.48358927e+00  4.05764364e-01
  -1.69002770e-01 -6.85226144e+00]], Action: [[ 1.          0.56901324  1.         -1.          0.13163033 -1.        ]], Reward: [3.1072586],Reward_sum: 167.11929321289062, Done: [False]
==========
t: 93, State: [[ 0.60820829  1.03856617  0.6838195   0.01044898  0.01323811  0.73698622
  -0.13718592  0.03160516 -0.2271157   1.92118872  0.43649144 -0.21590679
  -0.07541539  1.04823415 10.         -0.86520121  0.02631697 -6.81119889]], Action: [[ 1.         0.8295562  1.        -1.         1.        -1.       ]], Reward: [2.984937],Reward_sum: 170.10423278808594, Done: [False]
==========
t: 94, State: [[ 0.62355062  1.04218776  0.68157223  0.01101971  0.01856905  0.83230999
  -0.14396498  0.0311826  -0.28122733  1.93748656  0.48690126 -0.25174648
   0.17373263  0.36378669  8.70187496 -0.71439938 -0.11383762 -6.90591193]], Action: [[ 1.          0.39309552  0.24914254 -0.01855937  1.         -0.35881817]], Reward: [2.9154446],Reward_sum: 173.01968383789062, Done: [False]
==========
t: 95, State: [[ 0.63927708  1.04636565  0.67993295  0.01275108  0.02000956  0.87589036
  -0.14852438  0.03014207 -0.33889518  1.99105822  0.55011296 -0.17183218
   0.24315876  0.03231089  2.8271357  -0.44912977 -0.1383662  -7.49269251]], Action: [[ 1.          0.5057243  -0.07772784 -0.05007265  1.         -0.501929  ]], Reward: [2.9632924],Reward_sum: 175.9829559326172, Done: [False]
==========
t: 96, State: [[ 0.65540132  1.05128636  0.67786732  0.01438953  0.01910349  0.88551493
  -0.15205108  0.02953713 -0.40390847  2.03950849  0.6762143  -0.33978567
   0.16975076 -0.22363896 -0.06899387 -0.42323535 -0.0252709  -8.72327041]], Action: [[ 1.          0.24869052  0.04127397 -0.3417192   1.         -1.        ]], Reward: [3.0123496],Reward_sum: 178.99530029296875, Done: [False]
==========
t: 97, State: [[ 0.67170056  1.05723114  0.67305089  0.01487112  0.01553931  0.8812124
  -0.15708685  0.02988784 -0.47772116  2.03413477  0.80937177 -0.85470449
  -0.02443749 -0.68321078 -0.88430631 -0.81043002  0.09635022 -9.72510906]], Action: [[ 1.          0.25020036  1.         -0.84950566  1.         -1.        ]], Reward: [3.0326197],Reward_sum: 182.02792358398438, Done: [False]
==========
t: 98, State: [[  0.68811219   1.06407344   0.66560292   0.01429581   0.01112003
    0.87278344  -0.16332001   0.03083249  -0.55957509   2.06750201
    0.90153533  -1.00571547  -0.10580202  -0.439558    -1.15877817
   -0.73514578   0.13275114 -10.        ]], Action: [[ 1.         0.5006937  1.        -0.7609479  1.        -1.       ]], Reward: [3.0466251],Reward_sum: 185.07455444335938, Done: [False]
==========
t: 99, State: [[ 7.04756545e-01  1.07166410e+00  6.56943934e-01  1.33306735e-02
   8.23796569e-03  8.63399162e-01 -1.68693852e-01  3.19351859e-02
  -6.50129849e-01  2.09222034e+00  9.96501783e-01 -1.15903327e+00
  -1.28565249e-01 -2.91222198e-01 -1.15670527e+00 -5.97069972e-01
   1.39585324e-01 -1.00000000e+01]], Action: [[ 1.          0.4695954   1.         -0.76520896  1.         -1.        ]], Reward: [3.0757377],Reward_sum: 188.15029907226562, Done: [False]
==========
t: 100, State: [[ 7.21543737e-01  1.08002679e+00  6.47048214e-01  1.23299648e-02
   6.34188550e-03  8.54600832e-01 -1.72473077e-01  3.30445744e-02
  -7.56653306e-01  2.09404172e+00  1.09651137e+00 -1.32209317e+00
  -1.15701047e-01 -1.89807606e-01 -1.03024377e+00 -2.45518518e-01
   1.43195430e-01 -1.00000000e+01]], Action: [[ 1.          0.47995445  1.         -0.75993896  1.         -1.        ]], Reward: [3.0935912],Reward_sum: 191.243896484375, Done: [False]
==========
t: 101, State: [[ 7.38092617e-01  1.08834198e+00  6.35981585e-01  1.13214575e-02
   5.24731352e-03  8.47158041e-01 -1.75289600e-01  3.32421491e-02
  -8.86507429e-01  2.04775581e+00  9.34738965e-01 -1.42390867e+00
  -1.42125820e-01 -9.14410724e-02 -8.25905626e-01 -6.99445137e-01
  -1.22459111e-01 -1.00000000e+01]], Action: [[ 1.        0.572682  1.       -0.774476  1.       -1.      ]], Reward: [3.0636823],Reward_sum: 194.3075714111328, Done: [False]
==========
t: 102, State: [[ 0.75439598  1.09512266  0.62438791  0.01024324  0.00471789  0.84128147
  -0.18334124  0.03172525 -0.93966835  2.02989172  0.76971035 -1.47679784
  -0.12428387 -0.04569711 -0.64910045 -1.2861229  -0.22542003 -3.38156588]], Action: [[ 1.         0.5259155  1.        -0.722105   1.        -1.       ]], Reward: [3.0331223],Reward_sum: 197.3406982421875, Done: [False]
==========
t: 103, State: [[ 0.77062548  1.10078202  0.61304526  0.0104244   0.0028053   0.83662912
  -0.19393619  0.02952906 -0.95044284  2.02636391  0.65042405 -1.38303952
   0.13583499 -0.41588353 -0.51709948 -1.3738419  -0.29894951  0.23906754]], Action: [[ 1.         -0.04379746  1.         -0.00455574  1.         -1.        ]], Reward: [3.024685],Reward_sum: 200.3653564453125, Done: [False]
==========
t: 104, State: [[ 0.7862059   1.10612677  0.5985288   0.01371038 -0.01554097  0.832926
  -0.2079472   0.02669476 -0.94131981  1.86480016  0.68647909 -2.29325532
   0.61229737 -4.13079921 -0.41188876 -2.18117868 -0.38400996  1.80203498]], Action: [[ 1.         -0.9955945   1.          0.83298075  1.         -1.        ]], Reward: [2.941868],Reward_sum: 203.30722045898438, Done: [False]
==========
t: 105, State: [[  0.80332522   1.11027606   0.59421634   0.01776066  -0.01712989
    0.77702829  -0.21028633   0.02350306  -0.9244889    2.41687968
    0.35533506   1.22015777   0.41364169   3.74913948 -10.
    1.6046512   -0.3998147    2.28415279]], Action: [[ 1.         1.        -0.8603866  1.         1.        -1.       ]], Reward: [3.1341743],Reward_sum: 206.44139099121094, Done: [False]
==========
t: 106, State: [[  0.82243033   1.11268417   0.60093626   0.01644691   0.01792616
    0.68019633  -0.20194886   0.0206338   -0.90497037   2.29684331
    0.29988694   0.2004297   -0.29445712   3.40939065 -10.
    0.26574215  -0.3232346    2.49881364]], Action: [[ 1.          0.8625202   0.17584313 -1.          0.0780988  -0.65055645]], Reward: [3.3849354],Reward_sum: 209.82632446289062, Done: [False]
==========
t: 107, State: [[ 0.84011545  1.11508642  0.59791641  0.01429099  0.03581502  0.60966074
  -0.20586737  0.01940562 -0.88635102  2.13612798  0.29195339 -0.87310493
  -0.25348901  1.28037256 -7.19983089 -1.14333491 -0.01921288  2.142858  ]], Action: [[ 1.          0.88873327  0.17347915 -1.          1.         -1.        ]], Reward: [3.2058194],Reward_sum: 213.0321502685547, Done: [False]
==========
t: 108, State: [[ 0.8565902   1.11691246  0.58732201  0.01239996  0.0406483   0.59587959
  -0.21979793  0.01965158 -0.87070597  1.99036656  0.1574111  -1.72041608
  -0.22410894  0.06900182  3.69524561 -2.27808924  0.06858467  1.76707457]], Action: [[ 1.          0.61987203  0.7605093  -0.9536399   0.7664697  -1.        ]], Reward: [3.0548851],Reward_sum: 216.0870361328125, Done: [False]
==========
t: 109, State: [[ 0.87243418  1.11786538  0.57375632  0.01210782  0.03878223  0.63002223
  -0.2374419   0.01996075 -0.85823611  1.97216582  0.07905423 -1.67906326
   0.10574714 -0.45911916  4.82324143 -2.14950865  0.01515597  1.36298639]], Action: [[ 1.          0.20399764  0.08606853  0.07694145  1.         -1.        ]], Reward: [2.977442],Reward_sum: 219.06448364257812, Done: [False]
==========
t: 110, State: [[ 0.88820814  1.11792023  0.56108514  0.0143939   0.03445472  0.69202852
  -0.25320736  0.01965646 -0.84873392  1.96942677 -0.06276162 -1.52531847
   0.41787104 -0.58758152 10.         -1.84044088 -0.07782523  1.02556598]], Action: [[ 1.          0.26392475  0.45895696  0.6716519   1.         -1.        ]], Reward: [2.968013],Reward_sum: 222.03250122070312, Done: [False]
==========
t: 111, State: [[ 0.90412141  1.11701987  0.55026644  0.01862698  0.03063272  0.78273048
  -0.26556271  0.01865769 -0.84170135  2.00598884 -0.1594072  -1.21766367
   0.60373012 -0.3803077  10.         -1.29817998 -0.15798007  0.74605272]], Action: [[ 1.         0.8434334  0.1434756  0.9875899  1.        -1.       ]], Reward: [2.9844525],Reward_sum: 225.0169677734375, Done: [False]
==========
t: 112, State: [[ 0.9204207   1.11566887  0.54201446  0.02349762  0.0279557   0.85141712
  -0.27343959  0.01727466 -0.83665001  2.06859899 -0.18209844 -0.85213379
   0.59758272 -0.2946359   5.30143131 -0.68706874 -0.17962833  0.52958198]], Action: [[ 1.          0.61176276  0.42758048  0.9252004   1.         -1.        ]], Reward: [3.0329976],Reward_sum: 228.0499725341797, Done: [False]
==========
t: 113, State: [[ 0.93707983  1.1140468   0.53561023  0.02779667  0.02507568  0.87780181
  -0.27797896  0.01599366 -0.8330246   2.09577351 -0.22804865 -0.75006563
   0.47802872 -0.40352193  1.68645762 -0.45309399 -0.14078819  0.38494683]], Action: [[ 1.          0.01652607  0.9295753   0.73210526  1.         -1.        ]], Reward: [3.0779912],Reward_sum: 231.12796020507812, Done: [False]
==========
t: 114, State: [[ 0.9536234   1.11215223  0.5277551   0.0307415   0.01775019  0.88318497
  -0.28346376  0.01525537 -0.83033566  2.03875898 -0.24747881 -1.21274711
   0.27606565 -1.44488323 -0.11903194 -0.91312096 -0.05275017  0.29150589]], Action: [[ 1.         -0.3513135   0.91212463  0.30518302  1.         -1.        ]], Reward: [3.0638976],Reward_sum: 234.19186401367188, Done: [False]
==========
t: 115, State: [[ 0.97026258  1.10974999  0.52011419  0.03295026  0.0093568   0.87670495
  -0.28796385  0.01470326 -0.82836823  2.11607445 -0.35115983 -0.73280339
   0.27302677 -0.72043902 -1.3199157  -0.25257722 -0.07970573  0.20536485]], Action: [[ 1.          0.06597582  0.12053908  0.88789254  1.         -1.        ]], Reward: [3.0760906],Reward_sum: 237.26795959472656, Done: [False]
==========
t: 116, State: [[ 9.86914744e-01  1.10678796e+00  5.12075969e-01  3.41770645e-02
  -5.31528849e-05  8.66249270e-01 -2.92428867e-01  1.45030752e-02
  -8.26888421e-01  2.04722632e+00 -3.90071501e-01 -1.26255324e+00
   5.82556802e-02 -1.64552105e+00 -1.26651687e+00 -8.41007387e-01
   1.73436475e-02  1.65387468e-01]], Action: [[ 1.         -0.2381179   1.          0.09504112  1.         -1.        ]], Reward: [3.0774546],Reward_sum: 240.3454132080078, Done: [False]
==========
t: 117, State: [[ 1.00393939  1.1030072   0.50604619  0.03460359 -0.00431362  0.85408068
  -0.29441509  0.01445286 -0.82578214  2.20917268 -0.55461569 -0.24628352
   0.04828667  0.57769489 -1.76002859  0.33988461 -0.02431709  0.1141359 ]], Action: [[ 1.          0.11690393  0.00903489  0.7595835   1.         -1.        ]], Reward: [3.1244895],Reward_sum: 243.46990966796875, Done: [False]
==========
t: 118, State: [[ 1.02135567  1.09811007  0.50039904  0.03388113 -0.00692504  0.84276051
  -0.29935489  0.01402755 -0.82665416  2.16123499 -0.69101113 -1.12422865
  -0.20238085 -1.23806508 -1.11526858 -1.68898032 -0.10886374 -0.35148304]], Action: [[ 1.         -0.23980096  1.         -0.33762005  1.         -1.        ]], Reward: [3.172864],Reward_sum: 246.6427764892578, Done: [False]
==========
t: 119, State: [[ 1.03970986  1.091346    0.49641973  0.03233055 -0.00630894  0.83486176
  -0.31123299  0.0126255  -0.8300694   2.42071386 -0.99185943  0.1238799
  -0.17882672  1.38507478 -0.86734303 -1.22902363 -0.20006402 -0.4351715 ]], Action: [[ 1.          0.29693213  0.7296101   0.51123726  1.         -1.        ]], Reward: [3.2903914],Reward_sum: 249.93313598632812, Done: [False]
==========
t: 120, State: [[ 1.0587662   1.08309733  0.49447636  0.03076703 -0.00305549  0.82942642
  -0.32663259  0.0116357  -0.83280854  2.3385534  -1.0272249  -0.72295147
  -0.18749882 -1.41623342 -0.57722729 -2.67998898 -0.05658884 -0.24990041]], Action: [[ 1.         -0.25254932  1.         -0.21510424  1.         -1.        ]], Reward: [3.3779333],Reward_sum: 253.31106567382812, Done: [False]
==========
t: 121, State: [[ 1.07885531  1.07444892  0.49388652  0.02928645 -0.01681013  0.82448475
  -0.3440763   0.01121201 -0.83432538  2.68379301 -1.14316496  0.63406702
  -0.18309628 -1.5947247  -0.60481389 -1.59697794 -0.04282407 -0.12502626]], Action: [[ 1.         0.860366   1.         0.3664889  1.        -1.       ]], Reward: [3.506264],Reward_sum: 256.81732177734375, Done: [False]
==========
t: 122, State: [[ 1.09964804  1.06591069  0.49465396  0.02958115 -0.04585735  0.81787278
  -0.36052808  0.01096407 -0.83445633  2.50844819 -1.00540073 -0.46086699
   0.20252442 -5.47359073 -0.88577118 -2.53525508 -0.01543874  0.07640518]], Action: [[ 1.         -0.9815725  -0.04398678  0.68327796  1.         -1.        ]], Reward: [3.5946584],Reward_sum: 260.4119873046875, Done: [False]
==========
t: 123, State: [[  1.12120946   1.05829297   0.49903255   0.0311938   -0.072178
    0.76072973  -0.37081919   0.01059403  -0.83266792   2.88121016
   -0.89761247   1.54321555   0.19696314  -1.05298091 -10.
   -0.05178433  -0.0682702    0.33067784]], Action: [[ 1.          0.23146507 -1.          1.          1.         -0.5759528 ]], Reward: [3.6907926],Reward_sum: 264.102783203125, Done: [False]
==========
t: 124, State: [[  1.14346248   1.05111758   0.50624098   0.03228678  -0.09129029
    0.66475483  -0.37693192   0.01076713  -0.83024433   2.68200877
   -0.89907002   0.27255652   0.08656191  -3.68990497 -10.
   -1.45244536   0.09055803   0.27583955]], Action: [[ 1.0000000e+00 -5.3495276e-01  1.6970198e-01 -3.5903673e-04
   1.0000000e+00 -1.0000000e+00]], Reward: [3.7783124],Reward_sum: 267.881103515625, Done: [False]
==========
t: 125, State: [[ 1.16435722e+00  1.04554167e+00  5.05122305e-01  3.36682982e-02
  -1.29386938e-01  5.55997343e-01 -3.86172233e-01  3.40183933e-03
  -8.28021664e-01  2.53990011e+00 -5.47058311e-01 -4.87376176e-01
   2.21465992e-01 -5.87150860e+00 -1.00000000e+01 -8.77492896e-01
  -1.81890070e+00  2.77892058e-01]], Action: [[ 1.         -0.9230428  -1.          0.5452375   0.08786687 -0.8601396 ]], Reward: [3.6079454],Reward_sum: 271.4890441894531, Done: [False]
==========
t: 126, State: [[ 1.18493985e+00  1.04136925e+00  5.01718493e-01  3.54989030e-02
  -1.79156875e-01  5.03040733e-01 -3.96049168e-01 -2.27728702e-03
  -8.26405636e-01  2.61233424e+00 -5.07010405e-01 -3.72466718e-01
   2.25990928e-01 -6.51426271e+00 -3.36237628e+00 -1.76945984e+00
   7.13823266e-01  1.31727618e-01]], Action: [[ 1.         -0.7260046  -1.          0.81880444  1.         -0.91344607]], Reward: [3.5677972],Reward_sum: 275.0568542480469, Done: [False]
==========
t: 127, State: [[ 1.20675276  1.03731765  0.50365143  0.03710661 -0.22289207  0.48699558
  -0.40549364  0.00651147 -0.8250405   2.82313594 -0.48189701  0.82644494
   0.18684452 -4.40545532 -1.21144661 -0.28510871  0.84706744  0.21266756]], Action: [[ 1.         -0.17099836 -1.          1.          1.         -0.69301057]], Reward: [3.7221038],Reward_sum: 278.7789306640625, Done: [False]
==========
t: 128, State: [[ 1.22901654  1.03418444  0.50863253  0.03911546 -0.26262398  0.48130803
  -0.40690409  0.01117937 -0.82389156  2.74256383 -0.30319894  0.39993305
   0.2943833  -5.4988763  -0.46522148 -0.11562495  0.36765954  0.08644991]], Action: [[ 1.       -1.       -1.        0.984684  1.       -1.      ]], Reward: [3.7770033],Reward_sum: 282.55596923828125, Done: [False]
==========
t: 129, State: [[ 1.25171386  1.03199147  0.51583047  0.04088259 -0.29720847  0.47362939
  -0.40181844  0.01296628 -0.82352858  2.9318423  -0.24506718  1.39468552
   0.16019414 -3.16192983 -1.55412841  1.36745174  0.10703155  0.01193407]], Action: [[ 0.95113015 -0.16095671 -1.          1.          1.         -1.        ]], Reward: [3.8322349],Reward_sum: 286.38818359375, Done: [False]
==========
t: 130, State: [[ 1.27390826  1.03097104  0.51851099  0.03998032 -0.33495041  0.46075817
  -0.39931079  0.01391349 -0.82341159  2.61944962 -0.01375608 -0.68070968
  -0.31996402 -6.31326546 -1.69879295 -0.68988064  0.12412615  0.01692704]], Action: [[ 0.18827274 -1.         -1.         -0.23405246  0.93740094 -1.        ]], Reward: [3.7703304],Reward_sum: 290.15850830078125, Done: [False]
==========
t: 131, State: [[ 1.29505137e+00  1.03128349e+00  5.14363875e-01  3.88462687e-02
  -3.84015226e-01  4.41869652e-01 -4.01757527e-01  1.42099755e-02
  -8.23026580e-01  2.66382752e+00  9.23711656e-02 -3.91647694e-01
  -1.02611677e-03 -5.95188688e+00 -3.03329552e+00  2.78302989e-02
  -3.00127101e-02  7.03949348e-02]], Action: [[ 1.         -0.64374113 -1.          1.          1.         -0.8133162 ]], Reward: [3.637813],Reward_sum: 293.79632568359375, Done: [False]
==========
t: 132, State: [[ 1.31651039e+00  1.03244647e+00  5.11771575e-01  3.92998889e-02
  -4.29774867e-01  4.12222873e-01 -3.99644129e-01  1.37531819e-02
  -8.22792835e-01  2.69909123e+00  1.98331941e-01 -2.76435335e-01
   1.00472452e-01 -5.50581149e+00 -4.35819962e+00  4.73047528e-01
  -7.63781735e-02 -3.09482808e-03]], Action: [[ 1.        -0.5564302 -1.         0.8661288  1.        -1.       ]], Reward: [3.6773174],Reward_sum: 297.4736328125, Done: [False]
==========
t: 133, State: [[ 1.33768896  1.03457505  0.50667906  0.03995762 -0.47839483  0.37370768
  -0.3980741   0.01332615 -0.82290288  2.59444452  0.33186414 -0.99842776
   0.06648673 -6.65943254 -5.26443531 -0.08186819 -0.03423871 -0.02119941]], Action: [[ 1.        -0.7364104 -1.         0.4587368  1.        -1.       ]], Reward: [3.6425695],Reward_sum: 301.1162109375, Done: [False]
==========
t: 134, State: [[ 1.3590974   1.03748881  0.50145666  0.04013436 -0.5227501   0.32570179
  -0.39488368  0.01300527 -0.82316744  2.75622186  0.39803717 -0.32029468
  -0.0107849  -4.50044189 -6.71869551  0.86414727 -0.04369992 -0.04160913]], Action: [[ 1.          0.00877401 -1.          0.6768087   1.         -1.        ]], Reward: [3.6715963],Reward_sum: 304.7878112792969, Done: [False]
==========
t: 135, State: [[  1.38128755   1.04107657   0.49838583   0.03941163  -0.5564987
    0.24633759  -0.38810136   0.01296039  -0.82345485   2.79509227
    0.49556264  -0.39673428  -0.15250216  -3.8245916  -10.
    0.89153072   0.02337511  -0.03037464]], Action: [[ 1.         -0.06433532 -1.          0.16595973  1.         -1.        ]], Reward: [3.7697375],Reward_sum: 308.55755615234375, Done: [False]
==========
t: 136, State: [[ 1.40394047e+00  1.04512902e+00  4.96034353e-01  3.85066831e-02
  -5.84129604e-01  1.67467477e-01 -3.78974319e-01  6.12652488e-03
  -8.25311753e-01  2.87111154e+00  4.90016583e-01 -2.09655694e-01
  -8.56535053e-02 -3.17133179e+00 -9.53289912e+00  1.32717703e+00
  -2.25325077e+00 -5.24157177e-01]], Action: [[ 1.         -0.2323477  -1.          0.60441184  1.         -1.        ]], Reward: [3.8271952],Reward_sum: 312.3847351074219, Done: [False]
==========
t: 137, State: [[ 1.42741732e+00  1.04890150e+00  4.95416393e-01  3.79907148e-02
  -6.06871587e-01  7.89366050e-02 -3.69957181e-01 -8.63866038e-03
  -8.29025098e-01  3.01197941e+00  4.51799655e-01  8.23351357e-02
  -5.17427423e-02 -2.46947583e+00 -1.00000000e+01  6.95679021e-01
  -5.50069570e-01 -3.24822136e-01]], Action: [[ 0.73869944 -0.31336322 -0.8639271   0.91497576  1.         -1.        ]], Reward: [3.9303792],Reward_sum: 316.31512451171875, Done: [False]
==========
t: 138, State: [[ 1.45183828e+00  1.05236748e+00  4.94614691e-01  3.73374421e-02
  -6.28266811e-01 -2.63196154e-02 -3.74483563e-01  4.26981250e-03
  -8.30861303e-01  3.06037315e+00  4.53969091e-01 -3.21162630e-01
  -8.26938764e-02 -2.82266226e+00 -1.00000000e+01 -1.27890675e+00
   2.66701366e+00 -1.19428884e-01]], Action: [[ 1.         -0.36069617 -1.          0.30440482  1.         -1.        ]], Reward: [4.0483966],Reward_sum: 320.363525390625, Done: [False]
==========
t: 139, State: [[  1.47568244   1.05672399   0.48788445   0.03563939  -0.6533171
   -0.16156104  -0.38602439   0.01982603  -0.83081871   2.90360608
    0.63226371  -1.35745815  -0.30655563  -3.40899998 -10.
   -1.66330254   1.34436888   0.0972591 ]], Action: [[ 1.         -0.10884321 -1.         -0.61341405  1.         -1.        ]], Reward: [3.976132],Reward_sum: 324.33966064453125, Done: [False]
==========
t: 140, State: [[  1.49951123   1.06173112   0.47989742   0.03304001  -0.66908507
   -0.33535645  -0.39434341   0.02698038  -0.82972994   3.05647706
    0.61684599  -0.62854961  -0.33285784  -0.49586533 -10.
   -0.44777891   0.52773684   0.16037784]], Action: [[ 1.          0.55068874 -0.31801057  0.00434299  1.         -1.        ]], Reward: [3.975195],Reward_sum: 328.3148193359375, Done: [False]
==========
t: 141, State: [[  1.52414663   1.06694471   0.47443002   0.02921244  -0.66104106
   -0.5864716   -0.39807024   0.02985001  -0.82832411   3.10705708
    0.67878757  -0.67990772  -0.60998972   2.75990686 -10.
   -0.4376891    0.22054469   0.18324316]], Action: [[ 1.          0.71181023 -0.7146303  -1.          1.         -1.        ]], Reward: [4.0744066],Reward_sum: 332.38922119140625, Done: [False]
==========
t: 142, State: [[  1.5489479    1.07213371   0.46861641   0.02233944  -0.62612919
   -0.93415965  -0.40223554   0.03096177  -0.82679811   3.06383668
    0.48166062  -0.88228312  -1.52261204   4.4416841  -10.
   -0.8531264    0.09745246   0.21598979]], Action: [[ 1.         0.4579339 -1.        -1.         1.        -1.       ]], Reward: [4.0949497],Reward_sum: 336.48419189453125, Done: [False]
==========
t: 143, State: [[  1.57266959   1.07468903   0.46071126   0.01301197  -0.61085224
   -1.11137177  -0.4108089    0.03145762  -0.82501256   2.86296238
    0.19564271  -1.21424807  -0.85169114  -0.4925086  -10.
   -1.40112319   0.02953902   0.21738273]], Action: [[ 1.         -0.17263842 -1.         -1.          1.         -1.        ]], Reward: [3.960181],Reward_sum: 340.4443664550781, Done: [False]
==========
t: 144, State: [[ 1.59572826e+00  1.07557991e+00  4.49258172e-01  4.38703075e-04
  -6.14352360e-01 -1.15636027e+00 -4.25121225e-01  3.15379556e-02
  -8.23485640e-01  2.90493505e+00  3.86728861e-02 -1.63085273e+00
  -2.24944205e+00 -2.11795709e-01 -5.08807997e-01 -2.14783761e+00
  -7.57107378e-03  1.63702081e-01]], Action: [[ 1.          0.9720211  -0.09438841 -1.          1.         -1.        ]], Reward: [3.8773801],Reward_sum: 344.3217468261719, Done: [False]
==========
t: 145, State: [[ 1.62070283  1.07485083  0.45701401  0.00959131 -0.62708209 -1.13424638
  -0.41769866  0.03004325 -0.8225911   3.20253318 -0.16780894  1.67483355
   1.76440551 -1.80139549  5.66077015  1.81169611 -0.29216207  0.06960645]], Action: [[ 1.         -0.08113679  0.25412023  0.86066014  1.         -1.        ]], Reward: [4.1180096],Reward_sum: 348.43975830078125, Done: [False]
==========
t: 146, State: [[ 1.64563247e+00  1.07329812e+00  4.58986879e-01  5.79999089e-03
  -6.35173360e-01 -1.06443577e+00 -4.17472831e-01  2.85165872e-02
  -8.22043832e-01  3.02996894e+00 -2.21288944e-01 -1.17365396e+00
  -2.71565874e+00 -1.81541674e-01  1.00000000e+01 -1.73734104e+00
  -1.08463986e-01  6.66083389e-02]], Action: [[ 0.4137024   0.66376317  0.38031584 -0.91292894  1.         -1.        ]], Reward: [4.1126146],Reward_sum: 352.5523681640625, Done: [False]
==========
t: 147, State: [[ 1.67163378e+00  1.07091032e+00  4.63333587e-01 -3.61717018e-03
  -6.27318118e-01 -9.86619795e-01 -4.16150824e-01  2.72629383e-02
  -8.21735676e-01  3.48927420e+00 -3.86270442e-01  2.52805197e+00
   7.56558126e-01  1.94361167e+00  7.97183631e+00  2.36518993e+00
  -1.93920800e-01  1.57097320e-02]], Action: [[ 1.          1.         -0.7464142  -0.09853768  1.         -1.        ]], Reward: [4.2455974],Reward_sum: 356.7979736328125, Done: [False]
==========
t: 148, State: [[ 1.69789243e+00  1.06746466e+00  4.65323620e-01 -2.21199088e-02
  -6.11693068e-01 -8.68504599e-01 -4.19271120e-01  2.66016303e-02
  -8.21430249e-01  3.07454369e+00 -4.79492726e-01 -2.01973985e+00
  -5.41570508e+00  2.13139633e+00  1.00000000e+01 -3.12402524e+00
   5.31302336e-03  5.57850536e-02]], Action: [[ 0.12470481  0.20003808  0.7023983  -1.          1.         -1.        ]], Reward: [4.278782],Reward_sum: 361.0767517089844, Done: [False]
==========
t: 149, State: [[ 1.72425201e+00  1.06297093e+00  4.71590031e-01 -3.37877983e-02
  -5.99686732e-01 -7.36651798e-01 -4.18142992e-01  2.58034540e-02
  -8.21228402e-01  3.51505431e+00 -6.41501901e-01  3.57424266e+00
   2.52280050e+00  7.35298118e-01  1.00000000e+01  3.38210464e+00
  -1.78823677e-01 -1.80697993e-04]], Action: [[ 1.          0.10554883 -0.39695966  0.05857594  1.         -1.        ]], Reward: [4.291776],Reward_sum: 365.3685302734375, Done: [False]
==========
t: 150, State: [[ 1.75143942  1.05749552  0.4834658  -0.04262811 -0.57766864 -0.60982986
  -0.41189767  0.02531101 -0.82054086  3.28217274 -0.72916194 -0.59553829
  -4.75840129  4.91989594 10.         -1.79964287  0.03097825  0.15132761]], Action: [[ 0.29760978  0.93341696  0.55362505 -1.          1.         -0.7538272 ]], Reward: [4.3945913],Reward_sum: 369.7630920410156, Done: [False]
==========
t: 151, State: [[ 1.77741349e+00  1.05130144e+00  4.84532918e-01 -6.44815775e-02
  -5.52773161e-01 -4.66341326e-01 -4.19458502e-01  2.54504099e-02
  -8.19687992e-01  3.21246993e+00 -8.14105301e-01  8.61376272e-01
  -6.71616656e-01  1.19757619e+00  1.00000000e+01 -8.94076602e-02
   5.78342007e-03  6.90805273e-02]], Action: [[ 1.         -0.40357128 -0.13746236 -0.8589201   1.         -1.        ]], Reward: [4.2428384],Reward_sum: 374.0059509277344, Done: [False]
==========
t: 152, State: [[ 1.80321289  1.04439478  0.49078576 -0.07262876 -0.53688195 -0.33589012
  -0.42181477  0.02569473 -0.81933527  3.23705583 -0.9130622   0.70376124
  -1.36557268  2.79017922 10.         -0.49466068  0.04881248  0.02414835]], Action: [[ 1.          0.70004714  0.10117723 -1.          1.         -1.        ]], Reward: [4.220425],Reward_sum: 378.22637939453125, Done: [False]
==========
t: 153, State: [[ 1.82941574  1.03727803  0.4963048  -0.08402938 -0.50822536 -0.25176889
  -0.42629113  0.02606419 -0.81934094  3.31588236 -0.85484319  0.67871143
  -1.25591135  3.12652364  4.78268086 -0.61111865  0.04093291 -0.02183711]], Action: [[ 1.         0.6857066 -0.6494301 -1.         1.        -1.       ]], Reward: [4.2704644],Reward_sum: 382.4968566894531, Done: [False]
==========
t: 154, State: [[ 1.85539988e+00  1.02971069e+00  5.03072167e-01 -8.36406210e-02
  -5.13993492e-01 -2.04459190e-01 -4.30167787e-01  2.64315253e-02
  -8.19400525e-01  3.17894582e+00 -1.04380719e+00  1.00556370e+00
   1.20804939e+00 -4.03005841e+00  8.17185320e+00 -3.72533483e-01
   5.01538513e-02  4.97751928e-03]], Action: [[ 1.          0.00893721  0.86780596 -1.          1.         -1.        ]], Reward: [4.243264],Reward_sum: 386.7401123046875, Done: [False]
==========
t: 155, State: [[ 1.88367713  1.02098015  0.53494872 -0.04799948 -0.53747362 -0.20111532
  -0.40552207  0.0257355  -0.81975787  3.88275074 -1.15182463  6.95949117
   7.71021851 -1.85159055 -7.28829374  6.5141322  -0.19096294 -0.08287817]], Action: [[ 1.          1.         -0.961125    0.26502177  1.         -1.        ]], Reward: [4.529662],Reward_sum: 391.269775390625, Done: [False]
==========
t: 156, State: [[ 1.91361756  1.01117585  0.57299083 -0.01719689 -0.53617279 -0.22968365
  -0.37526648  0.02313624 -0.80492627  3.61037724 -1.28146946  2.56013456
   0.19780728  1.3215391  -1.84171904  1.05087296 -0.42065     3.71149931]], Action: [[ 0.27722248  0.99966097  0.6896221  -1.         -0.6201316   0.12968652]], Reward: [4.7396016],Reward_sum: 396.0093688964844, Done: [False]
==========
t: 157, State: [[ 1.94187363e+00  1.00068187e+00  5.96863216e-01 -1.72351052e-04
  -5.48104379e-01 -2.46897288e-01 -3.62579137e-01  2.05350874e-02
  -7.85985201e-01  3.45155280e+00 -1.34658447e+00  3.39773681e+00
   4.00512802e+00 -4.16391720e+00 -2.21260324e+00  2.10080235e+00
  -2.47314971e-01  1.27601151e+00]], Action: [[ 1.         -0.5072614   0.04987825 -0.99114954  0.4275213  -1.        ]], Reward: [4.5285835],Reward_sum: 400.5379638671875, Done: [False]
==========
t: 158, State: [[ 1.96620009e+00  9.92042865e-01  5.86839328e-01 -8.79593432e-03
  -5.78982529e-01 -3.16619042e-01 -3.87139380e-01  2.02456601e-02
  -7.93727001e-01  2.61357617e+00 -8.45511110e-01 -5.90085063e+00
  -6.15407312e+00 -3.48028517e+00 -1.00000000e+01 -8.32465992e+00
   9.78713880e-02 -1.10207508e+00]], Action: [[-1.        -0.9397732 -1.        -1.         1.        -1.       ]], Reward: [4.034925],Reward_sum: 404.5728759765625, Done: [False]
==========
t: 159, State: [[ 1.99021810e+00  9.84119116e-01  5.83037455e-01  6.21667433e-03
  -6.25360383e-01 -5.11953708e-01 -4.01788432e-01  1.83628764e-02
  -8.01619437e-01  3.34907064e+00 -1.12098384e+00  4.27076115e+00
   8.79925841e+00 -7.26464059e+00 -1.00000000e+01  3.82669864e+00
  -4.73990553e-01 -8.73119509e-01]], Action: [[ 1.         -0.42887118 -1.          1.          1.         -1.        ]], Reward: [3.9970667],Reward_sum: 408.5699462890625, Done: [False]
==========
t: 160, State: [[  2.01469872   0.97594613   0.57957892   0.01668559  -0.64659641
   -0.78802556  -0.41587297   0.01626005  -0.80579776   2.7651384
   -0.93246651  -5.10642937  -6.13236963   1.67242395 -10.
   -7.29222834  -0.0931078   -0.23991284]], Action: [[-1.          0.68415487  0.00654344 -0.71882325  0.5394634  -0.2712645 ]], Reward: [4.057729],Reward_sum: 412.627685546875, Done: [False]
==========
t: 161, State: [[ 2.03716430e+00  9.66469135e-01  5.56705906e-01 -3.79092622e-03
  -6.60765710e-01 -9.72194886e-01 -4.53764677e-01  1.54777098e-02
  -8.07969254e-01  2.96239139e+00 -1.44921041e+00  7.47383180e-01
   3.08654099e+00 -5.96689423e+00 -1.00000000e+01 -6.09945828e-01
  -1.23633706e-01 -2.93777705e-01]], Action: [[ 1.         -1.         -1.          0.55215144  1.         -1.        ]], Reward: [3.8028922],Reward_sum: 416.43060302734375, Done: [False]
==========
t: 162, State: [[ 2.06110207  0.95389368  0.56712161  0.02493611 -0.71450443 -1.03734092
  -0.45349675  0.01433119 -0.81028684  2.95498373 -1.64521608  0.8546168
   2.67389395 -6.80407754 -3.49130528 -0.45863995 -0.14376059 -0.28213234]], Action: [[ 1.         -0.32293472 -1.          0.7737043   0.74543357 -0.9391786 ]], Reward: [3.98808],Reward_sum: 420.41864013671875, Done: [False]
==========
t: 163, State: [[ 2.08377235  0.94060446  0.56117965  0.02724429 -0.76401187 -1.04258448
  -0.4726614   0.01426411 -0.81230153  2.71328632 -1.67182879 -2.31477105
  -2.0416254  -5.52323884  1.52265157 -4.27971852  0.09407386 -0.22348515]], Action: [[-0.21305445  0.1991841  -1.         -0.3824782   1.         -0.93185276]], Reward: [3.8306863],Reward_sum: 424.24932861328125, Done: [False]
==========
t: 164, State: [[ 2.1065729   0.9264619   0.55120559  0.01709557 -0.80430185 -1.0208086
  -0.49676068  0.01443719 -0.81423388  2.98083571 -1.85524046 -0.29284804
  -0.64436706 -4.46353389  3.57290586 -1.88108831 -0.03344867 -0.25046225]], Action: [[ 1.          0.17327887 -1.          1.          1.         -1.        ]], Reward: [3.8450377],Reward_sum: 428.0943603515625, Done: [False]
==========
t: 165, State: [[ 2.13086201  0.9110914   0.55281877  0.01498629 -0.83920035 -0.98930706
  -0.50677699  0.01394764 -0.81617275  3.08766503 -1.98406167  0.63616403
   0.03525947 -4.21081252  4.12289201 -0.69421126 -0.08048708 -0.23084303]], Action: [[ 0.751417 -0.298076 -1.        1.        1.       -1.      ]], Reward: [4.031485],Reward_sum: 432.1258544921875, Done: [False]
==========
t: 166, State: [[ 2.15611315  0.89473072  0.56132915  0.01647582 -0.86922575 -0.95687819
  -0.50804971  0.01324154 -0.81790564  3.22275559 -2.10471783  1.45941205
   0.29829085 -3.27847551  3.90535446  0.33840738 -0.09187918 -0.20082121]], Action: [[ 0.67914873 -0.11397806 -1.          1.          1.         -1.        ]], Reward: [4.1519184],Reward_sum: 436.27777099609375, Done: [False]
==========
t: 167, State: [[ 2.18140624  0.87757215  0.57177952  0.0195326  -0.90063064 -0.92740112
  -0.50607239  0.01263818 -0.8192917   3.09990849 -2.18425355  1.14012699
   0.43708521 -4.5467534   3.428471    0.14182221 -0.06074324 -0.14799673]], Action: [[ 0.67853546 -0.9736086  -1.          0.8426492   1.         -1.        ]], Reward: [4.156519],Reward_sum: 440.43426513671875, Done: [False]
==========
t: 168, State: [[ 2.20600988  0.85954571  0.58048448  0.0225347  -0.93812517 -0.90243107
  -0.50572389  0.01057826 -0.82119772  3.0402921  -2.36508415  1.03095236
   0.31462423 -4.91508557  2.81716768 -0.20889479 -0.74966545 -0.47975773]], Action: [[ 0.6705544  -0.4517595  -1.          0.57176286  1.         -1.        ]], Reward: [4.071474],Reward_sum: 444.5057373046875, Done: [False]
==========
t: 169, State: [[ 2.23021340e+00  8.39550739e-01  5.88917180e-01  2.44277795e-02
  -9.77959225e-01 -8.82278202e-01 -5.10432049e-01  3.55026461e-03
  -8.26055031e-01  3.01384930e+00 -2.63512961e+00  1.09375577e+00
   1.70097655e-01 -5.03790537e+00  2.23170889e+00 -1.01847422e+00
  -7.78556980e-01 -6.63559337e-01]], Action: [[ 0.5815135  -0.30184415 -1.          0.56948936  1.         -1.        ]], Reward: [4.021686],Reward_sum: 448.5274658203125, Done: [False]
==========
t: 170, State: [[ 2.25408525e+00  8.17459690e-01  5.97803944e-01  2.59384832e-02
  -1.02035919e+00 -8.66482579e-01 -5.22133718e-01 -4.21632654e-04
  -8.30985764e-01  2.95487713e+00 -2.88918285e+00  1.13030182e+00
   1.97682680e-01 -5.54909190e+00  1.73112154e+00 -1.94985383e+00
  -7.44380143e-02 -5.54094579e-01]], Action: [[ 0.90892947 -0.4674962  -1.          0.5322076   1.         -1.        ]], Reward: [3.9796534],Reward_sum: 452.507080078125, Done: [False]
==========
t: 171, State: [[ 2.27731231e+00  7.93443013e-01  6.06526788e-01  2.77114455e-02
  -1.06793698e+00 -8.54323163e-01 -5.41353335e-01  2.02737338e-03
  -8.34584270e-01  2.84664156e+00 -3.08982747e+00  1.04396888e+00
   2.40358976e-01 -6.30374244e+00  1.32070771e+00 -2.60749226e+00
   3.26819861e-01 -3.11317577e-01]], Action: [[ 1.         -0.62961304 -1.          0.52079046  1.         -1.        ]], Reward: [3.898715],Reward_sum: 456.40582275390625, Done: [False]
==========
t: 172, State: [[ 2.29967754e+00  7.68100948e-01  6.14702845e-01  2.96198110e-02
  -1.12042023e+00 -8.45148585e-01 -5.62978776e-01  4.29186748e-03
  -8.36114389e-01  2.74529616e+00 -3.24352472e+00  1.00481039e+00
   2.31335936e-01 -6.80042083e+00  9.86415901e-01 -2.78142825e+00
   2.47036864e-01 -8.57856225e-02]], Action: [[ 1.         -0.57502663 -1.          0.5158658   1.         -1.        ]], Reward: [3.7910566],Reward_sum: 460.19683837890625, Done: [False]
==========
t: 173, State: [[ 2.32133001e+00  7.41571323e-01  6.22945124e-01  3.12957963e-02
  -1.17578686e+00 -8.38361315e-01 -5.85318459e-01  6.08473867e-03
  -8.36145943e-01  2.67109084e+00 -3.38187562e+00  1.06396514e+00
   1.87860852e-01 -7.01793286e+00  7.22076072e-01 -2.75861850e+00
   2.12629031e-01  8.73341556e-02]], Action: [[ 1.         -0.47968742 -1.          0.49864608  1.         -1.        ]], Reward: [3.7020798],Reward_sum: 463.89892578125, Done: [False]
==========
t: 174, State: [[ 2.34246961  0.71404727  0.63189897  0.03261747 -1.23230764 -0.83342547
  -0.60661628  0.00773656 -0.83487184  2.61483135 -3.49901249  1.18131989
   0.14338973 -7.10550558  0.52200674 -2.55580392  0.19727099  0.21067632]], Action: [[ 1.         -0.45856258 -1.          0.4954618   1.         -1.        ]], Reward: [3.6379945],Reward_sum: 467.53692626953125, Done: [False]
==========
t: 175, State: [[ 2.36318512  0.68558537  0.64199779  0.03365204 -1.28942436 -0.8298618
  -0.62598876  0.00919192 -0.83301659  2.56500726 -3.61652352  1.34948708
   0.11487788 -7.16680911  0.3763603  -2.28001037  0.16607276  0.2427964 ]], Action: [[ 1.         -0.47869268 -1.          0.52692246  1.         -1.        ]], Reward: [3.5849319],Reward_sum: 471.12188720703125, Done: [False]
==========
t: 176, State: [[ 2.3835483   0.65617152  0.65376102  0.03456709 -1.34685457 -0.82728801
  -0.64272442  0.01034582 -0.83111144  2.52658176 -3.7371351   1.59551237
   0.1106681  -7.1833532   0.27231108 -1.90027048  0.12421903  0.22905415]], Action: [[ 1.         -0.50934374 -1.          0.608822    1.         -1.        ]], Reward: [3.5407667],Reward_sum: 474.66265869140625, Done: [False]
==========
t: 177, State: [[ 2.40366343  0.62577048  0.66787842  0.03555706 -1.40419081 -0.82541396
  -0.65591287  0.01113302 -0.82941078  2.50275895 -3.86348154  1.93579135
   0.1302023  -7.14254978  0.19960174 -1.39693406  0.0763629   0.19502503]], Action: [[ 1.        -0.5513258 -1.         0.7344813  1.        -1.       ]], Reward: [3.5095487],Reward_sum: 478.1722412109375, Done: [False]
==========
t: 178, State: [[ 2.42356444  0.59435184  0.68475299  0.0366823  -1.46143057 -0.82402389
  -0.6650161   0.01158196 -0.8279988   2.47082112 -3.99538977  2.28595913
   0.14444621 -7.16607419  0.15015133 -0.89649238  0.03259516  0.1408566 ]], Action: [[ 1.         -0.64229596 -1.          0.7953079   1.         -1.        ]], Reward: [3.4825807],Reward_sum: 481.65478515625, Done: [False]
==========
t: 179, State: [[ 2.44285205  0.56154664  0.70402077  0.03768886 -1.52018859 -0.82295643
  -0.67247183  0.01135097 -0.82819938  2.35183884 -4.20410153  2.54343805
   0.10805945 -7.50779728  0.11688717 -0.94474137 -0.07067484 -0.13826515]], Action: [[ 1.         -0.7186061  -1.          0.68624794  1.         -1.        ]], Reward: [3.4059644],Reward_sum: 485.060791015625, Done: [False]
==========
t: 180, State: [[ 2.46303609e+00  5.30817563e-01  7.30675111e-01  3.85414268e-02
  -1.56780252e+00 -8.21850529e-01 -6.64598762e-01 -1.61762247e-03
  -8.30509791e-01  2.77143722e+00 -3.31233842e+00  4.29977353e+00
   1.13202844e-01 -3.85186331e+00  1.65102030e-01  3.50276317e+00
  -3.64812902e+00 -4.44044206e-01]], Action: [[ 1.        -0.6773592 -1.         0.6734326  1.        -1.       ]], Reward: [3.5180922],Reward_sum: 488.578857421875, Done: [False]
==========
t: 181, State: [[ 2.48484401  0.50877138  0.74865182  0.01378341 -1.58384488 -0.8205291
  -0.65889571 -0.01772965 -0.83443248  2.66270279 -2.29548446 -0.11648318
  -6.60667767 -0.33343688  0.15315089 -3.07589201  1.01438579 -0.38537287]], Action: [[-0.30227777 -0.844682   -1.         -1.          1.         -1.        ]], Reward: [3.7211847],Reward_sum: 492.300048828125, Done: [False]
==========
t: 182, State: [[ 2.50885701e+00  4.89287090e-01  7.78675385e-01 -5.15573403e-03
  -1.58794484e+00 -8.19421604e-01 -6.48440832e-01 -7.86735887e-03
  -8.35970876e-01  3.38141131e+00 -2.69766497e+00  8.62753254e+00
   3.19425252e+00 -1.10612137e+00  1.19427333e-01  6.77001970e+00
   1.41805255e+00 -2.88678026e-02]], Action: [[ 1. -1. -1.  1.  1. -1.]], Reward: [3.995626],Reward_sum: 496.29571533203125, Done: [False]
==========
t: 183, State: [[ 2.53491973  0.46865002  0.84231409  0.01380049 -1.59448476 -0.81883044
  -0.5928846  -0.01017299 -0.83456672  3.11818334 -2.48308339  7.19052493
   1.47675702 -0.62287842  0.03502786  6.9184789  -1.86039119  0.32901303]], Action: [[ 0.62449193 -0.43152574 -1.         -1.         -1.         -0.87615025]], Reward: [4.253495],Reward_sum: 500.54913330078125, Done: [False]
==========
t: 184, State: [[ 2.55847161e+00  4.49539869e-01  8.87598950e-01  1.09271721e-02
  -1.59800274e+00 -8.18689676e-01 -5.54981739e-01 -1.73374704e-02
  -8.30709332e-01  2.76823737e+00 -2.30243802e+00  4.10017932e+00
  -2.21407161e+00 -2.97828861e-01  1.87911548e-03  2.47020133e+00
   1.41545324e-01  5.89148525e-01]], Action: [[ 0.24679619 -0.7293737  -1.         -1.         -0.16342679 -0.3757947 ]], Reward: [3.941224],Reward_sum: 504.4903564453125, Done: [False]
==========
t: 185, State: [[ 2.57983118e+00  4.30744488e-01  9.23259946e-01 -1.98917616e-03
  -1.60465230e+00 -8.18681738e-01 -5.35595165e-01 -1.11728816e-02
  -8.27828758e-01  2.58249093e+00 -2.40952663e+00  4.77304375e+00
  -1.09896130e+00 -1.32794056e+00 -1.64207634e-03  2.10316446e+00
   2.00511239e+00  2.53539175e-01]], Action: [[ 1.         -1.         -1.         -1.          0.08944699 -1.        ]], Reward: [3.6649387],Reward_sum: 508.15533447265625, Done: [False]
==========
t: 186, State: [[ 2.59967363e+00  4.11224819e-01  9.65378620e-01 -4.01693454e-03
  -1.62046317e+00 -8.18725654e-01 -5.13734481e-01  2.84115643e-03
  -8.26225480e-01  2.38216688e+00 -2.46203001e+00  5.77024674e+00
   6.19159791e-01 -2.62845623e+00 -9.70796156e-03  3.45286394e+00
   1.41070597e+00  1.84235960e-01]], Action: [[ 1.         -1.         -1.         -1.         -0.36348227 -1.        ]], Reward: [3.4751737],Reward_sum: 511.6304931640625, Done: [False]
==========
t: 187, State: [[ 2.61776086e+00  3.92205450e-01  1.00776409e+00 -1.62940530e-03
  -1.64339054e+00 -8.18972686e-01 -4.84048903e-01  1.96022123e-03
  -8.24511436e-01  2.14340347e+00 -2.28967478e+00  4.82718960e+00
  -2.08604554e-02 -3.10813730e+00 -4.64480907e-02  3.96943683e+00
  -1.62731481e+00  2.31778069e-01]], Action: [[ 0.6084149 -0.5428828 -1.        -1.        -1.        -1.       ]], Reward: [3.2562392],Reward_sum: 514.88671875, Done: [False]
==========
t: 188, State: [[ 2.63326626e+00  3.74752951e-01  1.03040676e+00 -2.06454865e-02
  -1.66787121e+00 -8.19320251e-01 -4.74065080e-01 -3.93586193e-03
  -8.23098715e-01  1.74430308e+00 -2.06772902e+00  8.42342916e-01
  -4.74815655e+00 -2.96831140e+00 -4.03399528e-02 -1.51180822e+00
   2.55980833e-01  1.26354804e-01]], Action: [[ 0.10055488 -0.783407   -1.         -1.         -0.27066246 -1.        ]], Reward: [2.9344776],Reward_sum: 517.8211669921875, Done: [False]
==========
t: 189, State: [[ 2.64912989e+00  3.55197948e-01  1.07974471e+00 -4.90469436e-03
  -1.70385515e+00 -8.19599478e-01 -4.37142751e-01 -1.80515729e-03
  -8.22518021e-01  2.19759850e+00 -2.81794035e+00  1.00000000e+01
   8.97402162e+00 -6.24021539e+00 -4.54996368e-02  1.00000000e+01
   1.76616295e-01  2.83723017e-02]], Action: [[ 1. -1. -1.  1.  1. -1.]], Reward: [2.9769535],Reward_sum: 520.7981567382812, Done: [False]
==========
t: 190, State: [[ 2.66461540e+00  3.33789195e-01  1.14984477e+00  3.85730252e-02
  -1.75031670e+00 -8.19887593e-01 -3.78838226e-01  6.09111934e-03
  -8.21090919e-01  1.70716100e+00 -2.48894737e+00  6.12114493e+00
   2.13900364e+00 -5.44489701e+00 -2.98998811e-02  4.35098103e+00
   8.55064229e-01  3.13585857e-01]], Action: [[-0.15713432 -0.65667534 -1.         -1.         -0.04013282 -0.47952747]], Reward: [2.933002],Reward_sum: 523.7311401367188, Done: [False]
==========
t: 191, State: [[ 2.67635259e+00  3.16125648e-01  1.16890901e+00  1.69999090e-02
  -1.78776569e+00 -8.20021850e-01 -3.76764430e-01  1.04274830e-02
  -8.19136064e-01  1.23276522e+00 -1.92768364e+00 -1.35100236e+00
  -7.54859804e+00 -3.88462539e+00 -7.23383087e-03 -3.86360417e+00
   2.89075128e-01  1.84331684e-01]], Action: [[-0.5833224  -0.6626085  -1.         -1.         -0.74265957 -0.991529  ]], Reward: [2.4628344],Reward_sum: 526.1939697265625, Done: [False]
==========
t: 192, State: [[ 2.68725875e+00  2.98587485e-01  1.18981540e+00 -1.37143854e-03
  -1.82996491e+00 -8.20228274e-01 -3.69595392e-01  1.10559885e-02
  -8.18492458e-01  1.54724364e+00 -2.53670009e+00  7.89759787e+00
   4.79921459e+00 -7.13967027e+00 -5.06196007e-02  7.20866253e+00
  -1.94643269e-01 -5.75630179e-03]], Action: [[ 1. -1. -1.  1.  1. -1.]], Reward: [2.3572698],Reward_sum: 528.55126953125, Done: [False]
==========
t: 193, State: [[ 2.69739250e+00  2.81067523e-01  1.21359341e+00 -1.57952579e-02
  -1.87712748e+00 -8.20377572e-01 -3.57180142e-01  9.95043731e-03
  -8.18449408e-01  9.97828429e-01 -1.84053550e+00 -1.93609542e+00
  -8.40436838e+00 -4.61673929e+00  4.92037169e-03 -4.08508537e+00
  -9.11857163e-02  1.47527710e-02]], Action: [[-1.         -0.6825168  -1.         -1.         -0.42692748 -1.        ]], Reward: [2.2620716],Reward_sum: 530.8133544921875, Done: [False]
==========
t: 194, State: [[ 2.70695443e+00  2.63486595e-01  1.24308626e+00 -2.27080252e-02
  -1.92963520e+00 -8.20603982e-01 -3.35741869e-01  6.25426847e-03
  -8.18807653e-01  1.37736578e+00 -2.55599989e+00  9.30165011e+00
   6.66983127e+00 -8.53291016e+00 -5.23164393e-02  9.45808044e+00
  -8.60957039e-01 -9.03206722e-02]], Action: [[ 1. -1. -1.  1.  1. -1.]], Reward: [2.189241],Reward_sum: 533.0025634765625, Done: [False]
==========
t: 195, State: [[ 2.71586986e+00  2.45864738e-01  1.27775218e+00 -2.34645556e-02
  -1.98757781e+00 -8.20728278e-01 -3.06865995e-01  1.95638459e-03
  -8.19229597e-01  8.73651141e-01 -1.84273367e+00 -6.13531176e-01
  -6.85361246e+00 -5.92445640e+00  1.16296536e-02 -2.18636873e+00
  -2.75403871e-01 -1.98216104e-02]], Action: [[-1.         -0.7697158  -1.         -1.         -0.34361318 -1.        ]], Reward: [2.109718],Reward_sum: 535.1123046875, Done: [False]
==========
t: 196, State: [[ 2.72422814e+00  2.28255745e-01  1.31839513e+00 -1.74174767e-02
  -2.05059575e+00 -8.20912621e-01 -2.68843362e-01 -4.27450915e-03
  -8.19752278e-01  1.18911221e+00 -2.56242439e+00  1.00000000e+01
   8.36666424e+00 -9.85233162e+00 -4.85301565e-02  1.00000000e+01
  -1.31501108e+00 -1.00465807e-01]], Action: [[ 1. -1. -1.  1.  1. -1.]], Reward: [2.0387847],Reward_sum: 537.1510620117188, Done: [False]
==========
t: 197, State: [[ 2.73178523e+00  2.10331768e-01  1.36288012e+00 -9.38729755e-03
  -2.11742167e+00 -8.20981052e-01 -2.29801815e-01 -2.32030978e-03
  -8.20111157e-01  7.10558600e-01 -1.91118137e+00  3.94964396e-01
  -6.33236108e+00 -6.86821206e+00  2.10947458e-02 -1.73193527e+00
   1.31235664e+00 -7.17750771e-02]], Action: [[-1.         -0.8236731  -1.         -0.99339426 -0.40427068 -0.7558054 ]], Reward: [1.940237],Reward_sum: 539.09130859375, Done: [False]
==========
t: 198, State: [[ 2.73832938e+00  1.92173631e-01  1.41249939e+00  1.78243849e-03
  -2.18830585e+00 -8.21128575e-01 -1.83953314e-01 -5.47354982e-03
  -8.21624852e-01  8.86805607e-01 -2.60198615e+00  1.00000000e+01
   8.17526184e+00 -1.00000000e+01 -4.09154480e-02  1.00000000e+01
  -1.76745038e+00 -2.48675540e-01]], Action: [[ 1. -1. -1.  1.  1. -1.]], Reward: [1.8120178],Reward_sum: 540.9033203125, Done: [False]
==========
t: 199, State: [[ 2.74387403e+00  1.74024770e-01  1.46209701e+00  7.21565064e-03
  -2.26068276e+00 -8.21162283e-01 -1.39215948e-01 -9.69707517e-03
  -8.22500546e-01  5.35429059e-01 -1.93339935e+00  1.04660595e+00
  -6.85116049e+00 -7.43325652e+00  2.18017796e-02 -1.09968381e+00
   7.63524649e-01  6.01341965e-03]], Action: [[-1.         -0.8455461  -1.         -0.96197104 -0.39157543 -0.56694436]], Reward: [1.6889662],Reward_sum: 542.59228515625, Done: [False]
==========
Walker2d - Steps: 200, Return: 542.59228515625, State: [[ 2.74387403e+00  1.74024770e-01  1.46209701e+00  7.21565064e-03
  -2.26068276e+00 -8.21162283e-01 -1.39215948e-01 -9.69707517e-03
  -8.22500546e-01  5.35429059e-01 -1.93339935e+00  1.04660595e+00
  -6.85116049e+00 -7.43325652e+00  2.18017796e-02 -1.09968381e+00
   7.63524649e-01  6.01341965e-03]]
