[CudaDevice(id=0)]
Using AIRL:  False
Using GAIL:  False
Using RGCL:  False
Experiment State @  2025-05-21 15:41:38.093179-05:00
Experiment Saved @  results/experiment_127
Experiment Settings Saved @  results/experiment_127
127
Using cuda device
Wrapping the env with a `Monitor` wrapper
Wrapping the env in a DummyVecEnv.
Wrapping the env with a `Monitor` wrapper
Wrapping the env in a DummyVecEnv.
t: 0, State: [[-4.41015417e-03  1.24669655e+00 -5.08137640e-03  1.32270505e-04
  -1.60858003e-03  6.61050275e-03 -1.32988314e-02 -1.03276435e-01
  -7.65503819e-01 -9.86292723e-01  5.22801865e-02  1.44022159e+00]], Action: [[-0.6573535   0.03180113  1.        ]], Reward: [0.9942144],Reward_sum: 0.9942144155502319, Done: [False]
==========
t: 1, State: [[-3.92981900e-03  1.24540297e+00 -5.55881847e-03 -2.34697502e-03
   7.13674594e-04  2.36242154e-02  1.22602602e-01 -2.18787219e-01
   6.09722538e-01  3.98272903e-01  3.93254934e-01  2.81863863e+00]], Action: [[1.        0.5211195 1.       ]], Reward: [1.0577704],Reward_sum: 2.0519847869873047, Done: [False]
==========
t: 2, State: [[-3.20163516e-03  1.24325966e+00 -2.45676453e-03  7.38779645e-04
  -1.38441229e-04  5.20437023e-02  5.67522280e-02 -3.16834663e-01
   1.19042248e-01  3.15351081e-01 -6.00156872e-01  4.28486929e+00]], Action: [[-0.04565762 -0.6938255   1.        ]], Reward: [1.0895395],Reward_sum: 3.141524314880371, Done: [False]
==========
t: 3, State: [[-2.67300829e-03  1.24029291e+00 -2.11510056e-03  2.28514629e-03
  -4.77260711e-03  9.19277437e-02  7.54428553e-02 -4.24794938e-01
  -3.00108556e-02  7.69582996e-02 -5.58378964e-01  5.68422249e+00]], Action: [[-0.14152683  0.06579784  1.        ]], Reward: [1.0650539],Reward_sum: 4.206578254699707, Done: [False]
==========
t: 4, State: [[-1.94524067e-03  1.23646056e+00 -2.32668037e-03  2.59237294e-03
  -8.84211876e-03  1.42939812e-01  1.06571078e-01 -5.33167943e-01
  -1.76708808e-02  7.99815049e-03 -4.59101213e-01  7.06686646e+00]], Action: [[0.17487337 0.11678889 1.        ]], Reward: [1.0899267],Reward_sum: 5.296504974365234, Done: [False]
==========
t: 5, State: [[-9.61492209e-04  1.23192492e+00 -3.89751393e-03  1.36653174e-04
  -1.14876356e-02  2.04632382e-01  1.75158483e-01 -5.00483235e-01
  -3.50811834e-01 -6.49238489e-01 -3.13328035e-01  8.15325946e+00]], Action: [[-0.39511454  0.23254839  1.        ]], Reward: [1.1217583],Reward_sum: 6.4182634353637695, Done: [False]
==========
t: 6, State: [[ 1.74877370e-03  1.22939541e+00 -4.66059244e-04 -2.74497939e-04
  -1.34506663e-02  2.71205763e-01  4.98840343e-01 -1.36323035e-01
   1.21685044e+00  5.75658790e-01 -1.66351120e-01  8.50393539e+00]], Action: [[1.         0.62453574 0.99257374]], Reward: [1.336408],Reward_sum: 7.754671573638916, Done: [False]
==========
t: 7, State: [[ 5.84397244e-03  1.22951419e+00  4.19539636e-03 -1.79445195e-03
  -1.59781234e-02  3.37953050e-01  5.20117072e-01  1.55616684e-01
  -5.63591947e-02 -9.49534103e-01 -4.49865640e-01  8.20843282e+00]], Action: [[-1.         -0.06442603  0.29222292]], Reward: [1.5108103],Reward_sum: 9.265481948852539, Done: [False]
==========
t: 8, State: [[ 1.11607302e-02  1.23182632e+00  1.02409266e-02 -4.26594782e-03
  -1.72478871e-02  4.03729761e-01  8.07821889e-01  4.15434877e-01
   1.56750593e+00  3.31102917e-01  1.37050283e-01  8.24823052e+00]], Action: [[1.        0.8131379 0.6037019]], Reward: [1.662569],Reward_sum: 10.928050994873047, Done: [False]
==========
t: 9, State: [[ 0.01769899  1.23583914  0.01898327 -0.00779372 -0.01286591  0.46219821
   0.82252714  0.57334452  0.61917131 -1.20788422  0.97146768  6.3994686 ]], Action: [[-1.          0.57117474 -1.        ]], Reward: [1.8149561],Reward_sum: 12.743006706237793, Done: [False]
==========
t: 10, State: [[ 0.02459653  1.24094366  0.02578876 -0.01438399 -0.00769414  0.51565527
   0.90096438  0.69685234  1.08390053 -0.44009758  0.32644357  6.97455669]], Action: [[ 0.5297542  -0.26298997  0.6936332 ]], Reward: [1.8613617],Reward_sum: 14.604368209838867, Done: [False]
==========
t: 11, State: [[ 3.16366441e-02  1.24673710e+00  3.02188672e-02 -2.38474718e-02
  -2.53929685e-03  5.64978851e-01  8.55779458e-01  7.39770781e-01
   2.52835824e-02 -1.92168535e+00  9.71256125e-01  5.37911328e+00]], Action: [[-1.          0.34803256 -1.        ]], Reward: [1.8778931],Reward_sum: 16.482261657714844, Done: [False]
==========
t: 12, State: [[ 3.88709787e-02  1.25280295e+00  3.44615198e-02 -3.33288546e-02
   1.99847280e-03  6.12556189e-01  9.53527747e-01  7.74779081e-01
   1.03755708e+00 -4.51286194e-01  1.63082867e-01  6.51491081e+00]], Action: [[ 1.         -0.35358253  1.        ]], Reward: [1.9021668],Reward_sum: 18.384428024291992, Done: [False]
==========
t: 13, State: [[ 4.59585332e-02  1.25895605e+00  3.72666670e-02 -4.25260699e-02
   2.89269741e-03  6.58975891e-01  8.18035171e-01  7.58511131e-01
  -3.30735604e-01 -1.84641528e+00  6.99940110e-02  5.09907378e+00]], Action: [[-1.         0.5093852 -1.       ]], Reward: [1.8836849],Reward_sum: 20.268112182617188, Done: [False]
==========
t: 14, State: [[ 5.29646764e-02  1.26489518e+00  3.92801245e-02 -5.15096935e-02
   1.77386588e-03  7.04614361e-01  9.35816930e-01  7.26916089e-01
   8.37882610e-01 -4.03342760e-01 -3.55031426e-01  6.30251197e+00]], Action: [[ 1.         -0.09511995  1.        ]], Reward: [1.8737588],Reward_sum: 22.141870498657227, Done: [False]
==========
t: 15, State: [[ 6.00606530e-02  1.27055105e+00  4.12046709e-02 -6.04866162e-02
   2.45933504e-05  7.49342159e-01  8.36840380e-01  6.87163566e-01
  -3.61192194e-01 -1.83767736e+00 -9.58076502e-02  4.88326201e+00]], Action: [[-1.          0.8985572  -0.99560714]], Reward: [1.8841984],Reward_sum: 24.026071548461914, Done: [False]
==========
t: 16, State: [[ 6.71402301e-02  1.27576127e+00  4.29469226e-02 -6.93465794e-02
  -2.31366831e-03  7.92563369e-01  9.14134707e-01  6.34194011e-01
   7.94059302e-01 -3.64636803e-01 -4.22292299e-01  4.98394101e+00]], Action: [[ 1.         -0.11136201  1.        ]], Reward: [1.8829347],Reward_sum: 25.909006118774414, Done: [False]
==========
t: 17, State: [[ 7.41511149e-02  1.28081559e+00  4.55501167e-02 -7.81458349e-02
  -1.57449810e-03  8.18760774e-01  8.43347607e-01  6.21698062e-01
  -1.44376401e-01 -1.83685469e+00  5.87816302e-01  1.88920213e+00]], Action: [[-1.          0.5018958  -0.42753989]], Reward: [1.8749259],Reward_sum: 27.783931732177734, Done: [False]
==========
t: 18, State: [[ 0.08090886  1.28569123  0.04857752 -0.08668871  0.00183184  0.82706863
   0.8503675   0.5921478   0.90379303 -0.30437687  0.25328831  0.36252769]], Action: [[ 1.         -0.22763824  1.        ]], Reward: [1.8426661],Reward_sum: 29.626598358154297, Done: [False]
==========
t: 19, State: [[ 8.69790946e-02  1.29020592e+00  4.91536399e-02 -9.44991006e-02
  -9.98316424e-04  8.26679865e-01  6.68189578e-01  5.34478195e-01
  -7.60463096e-01 -1.64718512e+00 -9.63531138e-01 -3.62285442e-01]], Action: [[-1. -1.  1.]], Reward: [1.7557795],Reward_sum: 31.38237762451172, Done: [False]
==========
t: 20, State: [[ 0.09292299  1.29410352  0.048258   -0.10424484 -0.00349038  0.82240853
   0.81813096  0.43957165  0.53397513 -0.79047865  0.3370437  -0.65286237]], Action: [[0.65434885 1.         1.        ]], Reward: [1.7405592],Reward_sum: 33.1229362487793, Done: [False]
==========
t: 21, State: [[ 9.91501454e-02  1.29726866e+00  4.76242194e-02 -1.16356833e-01
  -8.85211614e-04  8.16853768e-01  7.38867952e-01  3.50677667e-01
  -6.91612085e-01 -2.23583774e+00  3.13074408e-01 -7.09897274e-01]], Action: [[-1.         -0.10152993  1.        ]], Reward: [1.7763838],Reward_sum: 34.89931869506836, Done: [False]
==========
t: 22, State: [[ 1.05316989e-01  1.29976616e+00  4.67998385e-02 -1.28301065e-01
   9.76026497e-04  8.11332009e-01  8.02732918e-01  2.74219097e-01
   4.82764170e-01 -7.51910752e-01  1.49193290e-01 -6.59023708e-01]], Action: [[ 1.         -0.02364543  1.        ]], Reward: [1.768855],Reward_sum: 36.668174743652344, Done: [False]
==========
t: 23, State: [[ 1.11237123e-01  1.30162357e+00  4.48634193e-02 -1.39909236e-01
  -3.05624607e-04  8.06429627e-01  6.77348205e-01  1.89339297e-01
  -9.65361206e-01 -2.14843343e+00 -4.69205629e-01 -5.63097588e-01]], Action: [[-1.        -0.5355395  1.       ]], Reward: [1.7377299],Reward_sum: 38.405906677246094, Done: [False]
==========
t: 24, State: [[ 1.17343339e-01  1.30275656e+00  4.38377664e-02 -1.51611897e-01
   6.58937916e-04  8.02327777e-01  8.29061633e-01  9.82511952e-02
   6.13655452e-01 -7.57578596e-01  4.57295084e-01 -4.61670169e-01]], Action: [[1. 1. 1.]], Reward: [1.760277],Reward_sum: 40.16618347167969, Done: [False]
==========
t: 25, State: [[ 1.23292831e-01  1.30323864e+00  4.23940433e-02 -1.62568152e-01
  -7.32350799e-04  7.99041760e-01  6.58366099e-01  2.16826598e-02
  -9.72891387e-01 -1.98003055e+00 -8.03742701e-01 -3.62181086e-01]], Action: [[-0.9177105 -1.         1.       ]], Reward: [1.7408442],Reward_sum: 41.90702819824219, Done: [False]
==========
t: 26, State: [[ 0.1292639   1.30303669  0.04131968 -0.17305902 -0.00216916  0.7964714
   0.83429581 -0.07151505  0.70262855 -0.64425512  0.44337    -0.28247229]], Action: [[0.9816272 1.        1.       ]], Reward: [1.7434196],Reward_sum: 43.650447845458984, Done: [False]
==========
t: 27, State: [[ 0.13522933  1.30214848  0.04019784 -0.18359203 -0.00362961  0.79450668
   0.65710395 -0.15112962 -0.98124495 -1.98738058 -0.8071118  -0.21162367]], Action: [[-1. -1.  1.]], Reward: [1.742679],Reward_sum: 45.39312744140625, Done: [False]
==========
t: 28, State: [[ 0.14119415  1.30057647  0.03911247 -0.19408022 -0.0050927   0.79302275
   0.83401076 -0.24120622  0.7081811  -0.63626232  0.44016382 -0.16113687]], Action: [[0.9922044 1.        1.       ]], Reward: [1.7426184],Reward_sum: 47.135746002197266, Done: [False]
==========
t: 29, State: [[ 0.14715366  1.29832252  0.03803614 -0.20454714 -0.00657506  0.7919208
   0.6559031  -0.32287525 -0.97542221 -1.97884819 -0.80940959 -0.11662567]], Action: [[-1. -1.  1.]], Reward: [1.7419381],Reward_sum: 48.877685546875, Done: [False]
==========
t: 30, State: [[ 0.15310227  1.29538592  0.03686526 -0.21513759 -0.00803867  0.79110549
   0.83117507 -0.41062908  0.68098874 -0.67031803  0.44229713 -0.08825706]], Action: [[0.96330196 1.         1.        ]], Reward: [1.7406486],Reward_sum: 50.61833572387695, Done: [False]
==========
t: 31, State: [[ 0.15903541  1.29176759  0.03557263 -0.22587345 -0.00950183  0.79051224
   0.65213964 -0.49458004 -1.00231368 -2.01202121 -0.80677376 -0.0616393 ]], Action: [[-1. -1.  1.]], Reward: [1.7386428],Reward_sum: 52.356971740722656, Done: [False]
==========
t: 32, State: [[ 0.16495432  1.28746768  0.03416426 -0.23676295 -0.01093859  0.79007852
   0.82753174 -0.57974045  0.64849386 -0.71191039  0.446348   -0.04725001]], Action: [[0.9576217 1.        1.       ]], Reward: [1.7369468],Reward_sum: 54.09391784667969, Done: [False]
==========
t: 33, State: [[ 0.17086861  1.28249124  0.03284672 -0.24753734 -0.01239118  0.78976823
   0.65106591 -0.66496828 -0.97612152 -1.98014924 -0.80818327 -0.03141265]], Action: [[-0.9503872 -1.         1.       ]], Reward: [1.7363827],Reward_sum: 55.830299377441406, Done: [False]
==========
t: 34, State: [[ 0.17672928  1.27682108  0.03078917 -0.25924092 -0.0137533   0.78954262
   0.81405102 -0.75197546  0.46026206 -0.94696973  0.4663506  -0.02507213]], Action: [[0.7753441 1.        1.       ]], Reward: [1.7299823],Reward_sum: 57.560279846191406, Done: [False]
==========
t: 35, State: [[ 0.18328838  1.27056351  0.03698694 -0.2627239  -0.01212371  0.78937685
   0.82578253 -0.8123028   1.08831132  0.07489716 -0.05824756 -0.01690636]], Action: [[ 0.6687644  -0.32685062  1.        ]], Reward: [1.8183334],Reward_sum: 59.37861251831055, Done: [False]
==========
t: 36, State: [[ 0.1891707   1.26371902  0.03893809 -0.26751559 -0.01757431  0.78927237
   0.64481234 -0.89927836 -0.59859838 -1.27118627 -1.30308692 -0.00982148]], Action: [[-1. -1.  1.]], Reward: [1.7322903],Reward_sum: 61.11090087890625, Done: [False]
==========
t: 37, State: [[ 0.19455608  1.25602356  0.03293517 -0.28218104 -0.02220452  0.7891943
   0.70138204 -1.02485946 -0.9015105  -2.39358605  0.14382023 -0.00947745]], Action: [[-0.69709575  1.          1.        ]], Reward: [1.6706871],Reward_sum: 62.78158950805664, Done: [False]
==========
t: 38, State: [[ 0.2006854   1.24754982  0.03159005 -0.29565336 -0.01862397  0.78912575
   0.83095348 -1.09308536  0.56360408 -0.97626652  0.75079862 -0.00766598]], Action: [[1.        0.5322645 1.       ]], Reward: [1.7638819],Reward_sum: 64.54547119140625, Done: [False]
==========
t: 39, State: [[ 0.20699111  1.23859433  0.03560695 -0.30108765 -0.01823208  0.78908517
   0.74566198 -1.14543622  0.44053066 -0.38320858 -0.65117373 -0.00297127]], Action: [[ 0.32248086 -1.          1.        ]], Reward: [1.7861091],Reward_sum: 66.33158874511719, Done: [False]
==========
t: 40, State: [[ 0.21308686  1.22888837  0.03646221 -0.31044112 -0.01752274  0.78905569
   0.77799827 -1.28169049 -0.22558863 -1.95296174  0.826699   -0.00414435]], Action: [[-1.  1.  1.]], Reward: [1.7589693],Reward_sum: 68.09056091308594, Done: [False]
==========
t: 41, State: [[ 2.19191784e-01  1.21850647e+00  3.74763183e-02 -3.19722270e-01
  -1.66024302e-02  7.89037414e-01  7.48495934e-01 -1.31314038e+00
   4.77961595e-01 -3.69528388e-01 -5.94866842e-01 -8.08955501e-04]], Action: [[ 1.        -0.9567745  1.       ]], Reward: [1.7601995],Reward_sum: 69.85076141357422, Done: [False]
==========
t: 42, State: [[ 0.22530467  1.207448    0.03863257 -0.32896342 -0.01544367  0.78902244
   0.77942661 -1.45212938 -0.1877562  -1.93855297  0.88274632 -0.00264072]], Action: [[-1.  1.  1.]], Reward: [1.7611109],Reward_sum: 71.61186981201172, Done: [False]
==========
t: 43, State: [[ 2.31407120e-01  1.19571785e+00  3.98586814e-02 -3.38112617e-01
  -1.43119376e-02  7.89014686e-01  7.46473793e-01 -1.47975721e+00
   4.93132230e-01 -3.50969121e-01 -5.97993330e-01  3.31989079e-04]], Action: [[ 1. -1.  1.]], Reward: [1.7598062],Reward_sum: 73.37167358398438, Done: [False]
==========
t: 44, State: [[ 0.23762398  1.18356694  0.0410261  -0.3472793  -0.01333508  0.78899462
   0.84591811 -1.48460462 -0.23082208 -1.96226725  0.7906832  -0.00849018]], Action: [[-1.  1.  1.]], Reward: [1.7741072],Reward_sum: 75.14578247070312, Done: [False]
==========
t: 45, State: [[ 0.24470487  1.1726906   0.04118006 -0.35685991 -0.01332086  0.78892216
   0.92375533 -1.24080926  0.27494659 -0.43509187 -0.78695882 -0.00924266]], Action: [[ 1. -1.  1.]], Reward: [1.8821118],Reward_sum: 77.02789306640625, Done: [False]
==========
t: 46, State: [[ 0.25282136  1.16313889  0.04050076 -0.3670207  -0.01460852  0.78881392
   1.10524707 -1.15300828 -0.43699968 -2.10352261  0.46012724 -0.01655148]], Action: [[-1.  1.  1.]], Reward: [2.0115607],Reward_sum: 79.0394515991211, Done: [False]
==========
t: 47, State: [[ 0.26203585  1.1546244   0.03964576 -0.37782353 -0.01649365  0.78870734
   1.19539654 -0.98109162  0.22378026 -0.59723281 -0.9250493  -0.01019726]], Action: [[ 1.        -0.8412578  1.       ]], Reward: [2.149104],Reward_sum: 81.18855285644531, Done: [False]
==========
t: 48, State: [[ 0.27223189  1.14687225  0.03873105 -0.38922886 -0.01881243  0.78861486
   1.3521635  -0.96220413 -0.44748821 -2.25134075  0.34395402 -0.01223062]], Action: [[-1.  1.  1.]], Reward: [2.2715044],Reward_sum: 83.4600601196289, Done: [False]
==========
t: 49, State: [[ 0.28337407  1.13963641  0.03813348 -0.40120649 -0.02100767  0.78855097
   1.43013984 -0.85119074  0.29725449 -0.74278282 -0.88545744 -0.00417326]], Action: [[ 1.        -0.7443286  1.       ]], Reward: [2.3902187],Reward_sum: 85.85028076171875, Done: [False]
==========
t: 50, State: [[ 0.29532255  1.13268664  0.03789668 -0.41369319 -0.02284513  0.78838651
   1.55556526 -0.89070236 -0.35229732 -2.37609256  0.42474272 -0.03253241]], Action: [[-1.         1.         0.4375553]], Reward: [2.4913683],Reward_sum: 88.3416519165039, Done: [False]
==========
t: 51, State: [[ 0.30794547  1.12583877  0.03795615 -0.42655601 -0.02464369  0.78823927
   1.59713218 -0.82449444  0.36558336 -0.83941808 -0.86686332 -0.00680234]], Action: [[ 1.        -0.8210077  1.       ]], Reward: [2.575192],Reward_sum: 90.9168472290039, Done: [False]
==========
t: 52, State: [[ 0.321101    1.11891729  0.03831737 -0.43972731 -0.02613325  0.78761125
   1.69052848 -0.90937219 -0.27158862 -2.45071863  0.49295463 -0.14871128]], Action: [[-1.          1.          0.05498395]], Reward: [2.6424372],Reward_sum: 93.55928802490234, Done: [False]
==========
t: 53, State: [[ 0.33472804  1.11177965  0.03906875 -0.45313636 -0.02731448  0.7868957
   1.71379604 -0.87675995  0.45745759 -0.90172652 -0.78119766 -0.04168204]], Action: [[ 1.        -0.8244587  1.       ]], Reward: [2.7007003],Reward_sum: 96.2599868774414, Done: [False]
==========
t: 54, State: [[ 0.3487077   1.10431246  0.04019693 -0.46673031 -0.02793997  0.78530632
   1.78014787 -0.99272231 -0.17216073 -2.49423478  0.62295292 -0.35475508]], Action: [[-1.          1.         -0.10264377]], Reward: [2.7454479],Reward_sum: 99.00543212890625, Done: [False]
==========
t: 55, State: [[ 0.36311078  1.09638944  0.04187814 -0.48054131 -0.02825806  0.78595028
   1.81529309 -0.98547654  0.58825386 -0.956273   -0.6822378   0.331639  ]], Action: [[ 1.         -0.8099333   0.67945355]], Reward: [2.7982676],Reward_sum: 101.80369567871094, Done: [False]
==========
t: 56, State: [[ 0.3773162   1.088072    0.04188334 -0.49399154 -0.03302475  0.78757483
   1.73415208 -1.09669977 -0.58465251 -2.40320211 -0.50782301  0.08067823]], Action: [[-1.          0.03217015 -0.16489217]], Reward: [2.774649],Reward_sum: 104.5783462524414, Done: [False]
==========
t: 57, State: [[ 0.39198043  1.07913166  0.04297368 -0.50857291 -0.03419543  0.78796671
   1.93426458 -1.13788755  0.85840924 -1.24547345  0.20923163  0.02333721]], Action: [[0.867815   0.67970943 0.5404615 ]], Reward: [2.831521],Reward_sum: 107.40986633300781, Done: [False]
==========
t: 58, State: [[ 0.40666456  1.06967487  0.04296983 -0.52382969 -0.03746718  0.7879868
   1.7365566  -1.22734719 -0.85690629 -2.56700623 -1.02639586 -0.01352258]], Action: [[-1.         -1.          0.19979244]], Reward: [2.8334773],Reward_sum: 110.24334716796875, Done: [False]
==========
t: 59, State: [[ 0.42113381  1.05953786  0.04010279 -0.54259197 -0.04032989  0.78483831
   1.88314127 -1.30708916  0.14445612 -2.12620514  0.30311464 -0.77904471]], Action: [[ 0.374237   1.        -0.4742939]], Reward: [2.8072908],Reward_sum: 113.0506362915039, Done: [False]
==========
t: 60, State: [[ 0.43617843  1.04914147  0.04422765 -0.55332965 -0.04294426  0.77551242
   1.87847156 -1.29170865  0.88555668 -0.56049885 -0.95539289 -1.55171632]], Action: [[ 1.         -0.8644967  -0.57567674]], Reward: [2.878498],Reward_sum: 115.92913818359375, Done: [False]
==========
t: 61, State: [[ 0.45042254  1.0384561   0.04474799 -0.56315432 -0.0549176   0.7592915
   1.68150157 -1.38227451 -0.75109698 -1.89350988 -2.03710619 -2.50294472]], Action: [[-1.         -0.9134147  -0.70571136]], Reward: [2.7781823],Reward_sum: 118.70732116699219, Done: [False]
==========
t: 62, State: [[ 0.46398523  1.026885    0.03727704 -0.58319099 -0.06511472  0.73338266
   1.70908286 -1.510362   -1.11691593 -3.11390046 -0.51387998 -3.97234538]], Action: [[-0.77753603  1.         -1.        ]], Reward: [2.692731],Reward_sum: 121.40005493164062, Done: [False]
==========
t: 63, State: [[ 0.47825466  1.01456691  0.03318843 -0.6049241  -0.06437346  0.69756246
   1.85843921 -1.56860367  0.09322528 -2.32044708  0.69794943 -4.98129793]], Action: [[ 0.6027668  0.9088268 -0.6889628]], Reward: [2.7820148],Reward_sum: 124.18205261230469, Done: [False]
==========
t: 64, State: [[ 0.49368539  1.00241834  0.03948035 -0.61780674 -0.05725817  0.65374938
   2.02894753 -1.3442343   1.5459233  -0.92492777  1.211828   -5.47598249]], Action: [[ 1.          0.24476781 -1.        ]], Reward: [2.9267814],Reward_sum: 127.10883331298828, Done: [False]
==========
t: 65, State: [[ 0.51018468  0.99293822  0.04944706 -0.63153935 -0.04175707  0.61146866
   2.0932375  -1.03926394  0.94613561 -2.5041852   2.65040125 -5.13727138]], Action: [[-1.        0.590925 -1.      ]], Reward: [3.0600622],Reward_sum: 130.1688995361328, Done: [False]
==========
t: 66, State: [[ 0.52729017  0.98649354  0.060579   -0.64553472 -0.0243546   0.57195267
   2.18324412 -0.57821935  1.83037612 -0.99581254  1.69544497 -4.7710059 ]], Action: [[ 1. -1. -1.]], Reward: [3.135186],Reward_sum: 133.30409240722656, Done: [False]
==========
t: 67, State: [[ 0.54473153  0.98281499  0.0715363  -0.65952028 -0.00801539  0.5339006
   2.17466084 -0.35060559  0.90498695 -2.49655803  2.38046894 -4.77744636]], Action: [[-1.        0.094897 -1.      ]], Reward: [3.1781619],Reward_sum: 136.4822540283203, Done: [False]
==========
t: 68, State: [[ 0.56242013  0.98156981  0.08186882 -0.67335406  0.006485    0.49583912
   2.24343113  0.03934928  1.64513551 -0.95809594  1.18574055 -4.75198616]], Action: [[ 1. -1. -1.]], Reward: [3.2080748],Reward_sum: 139.69032287597656, Done: [False]
==========
t: 69, State: [[ 0.57983576  0.98292127  0.08849562 -0.68644867  0.01266644  0.45739444
   2.11548401  0.29019534  0.03990408 -2.31962738  0.43811836 -4.88927212]], Action: [[-1.          0.66427636 -1.        ]], Reward: [3.1745129],Reward_sum: 142.86483764648438, Done: [False]
==========
t: 70, State: [[ 0.59714557  0.9864104   0.09160818 -0.70050434  0.01446538  0.41712357
   2.21503231  0.57539957  0.75234673 -1.19929634  0.05609383 -5.20228153]], Action: [[ 0.7527799  0.8767983 -1.       ]], Reward: [3.16139],Reward_sum: 146.02622985839844, Done: [False]
==========
t: 71, State: [[ 0.61447857  0.99171306  0.09192624 -0.71569926  0.01413255  0.37387474
   2.1185926   0.74537321 -0.6674822  -2.59853292 -0.11557877 -5.62838627]], Action: [[-1.         0.8715608 -1.       ]], Reward: [3.163865],Reward_sum: 149.19009399414062, Done: [False]
==========
t: 72, State: [[ 0.63200952  0.99864382  0.09098696 -0.73066438  0.01288591  0.3267415
   2.26496688  0.98416737  0.4332976  -1.14557714 -0.18314811 -6.16868399]], Action: [[ 1.  1. -1.]], Reward: [3.1883686],Reward_sum: 152.3784637451172, Done: [False]
==========
t: 73, State: [[ 0.64978397  1.0070569   0.08924277 -0.74494897  0.01133539  0.27506462
   2.1777412   1.1165911  -0.8714178  -2.42327271 -0.19749684 -6.76067872]], Action: [[-0.9125314  0.747763  -1.       ]], Reward: [3.2194147],Reward_sum: 155.59788513183594, Done: [False]
==========
t: 74, State: [[ 0.66777038  1.01683411  0.08637828 -0.75879002  0.0098191   0.2183494
   2.3188457   1.32643786  0.15163909 -1.03875657 -0.17907165 -7.42535385]], Action: [[ 0.9538545  1.        -1.       ]], Reward: [3.2453916],Reward_sum: 158.84327697753906, Done: [False]
==========
t: 75, State: [[ 0.68651964  1.02812011  0.08800146 -0.76567073  0.00850785  0.15619342
   2.36769701  1.4940101   0.24966028 -0.68103972 -0.14847288 -8.11881293]], Action: [[ 0.23600252  1.         -1.        ]], Reward: [3.341602],Reward_sum: 162.18487548828125, Done: [False]
==========
t: 76, State: [[ 7.05373692e-01  1.04062053e+00  8.76824322e-02 -7.72637512e-01
   7.45145619e-03  8.83992500e-02  2.34464690e+00  1.63006236e+00
  -3.33655766e-01 -1.05907922e+00 -1.16385164e-01 -8.83412532e+00]], Action: [[-0.28505427  1.         -1.        ]], Reward: [3.354675],Reward_sum: 165.53955078125, Done: [False]
==========
t: 77, State: [[ 7.24553755e-01  1.05439185e+00  8.78683331e-02 -7.76635053e-01
   6.61165738e-03  1.47217631e-02  2.44964673e+00  1.81164168e+00
   3.76805127e-01  5.88948682e-02 -9.38111582e-02 -9.58930158e+00]], Action: [[ 0.7645171  1.        -1.       ]], Reward: [3.3949234],Reward_sum: 168.93447875976562, Done: [False]
==========
t: 78, State: [[ 7.43660616e-01  1.06923083e+00  8.48751611e-02 -7.81734426e-01
   5.97745643e-03 -6.49925024e-02  2.32545668e+00  1.89656608e+00
  -1.12789356e+00 -1.33066820e+00 -6.62953263e-02 -1.00000000e+01]], Action: [[-1.  1. -1.]], Reward: [3.3853576],Reward_sum: 172.31983947753906, Done: [False]
==========
t: 79, State: [[ 7.62727106e-01  1.08510582e+00  7.94603753e-02 -7.86863787e-01
   5.49238281e-03 -1.50972627e-01  2.44015496e+00  2.07051011e+00
  -2.27787360e-01  4.70944600e-02 -5.49440450e-02 -1.00000000e+01]], Action: [[ 0.93980056  1.         -1.        ]], Reward: [3.380428],Reward_sum: 175.7002410888672, Done: [False]
==========
t: 80, State: [[ 7.82158887e-01  1.10211563e+00  7.61358091e-02 -7.86743521e-01
   5.11643962e-03 -2.43535646e-01  2.41572895e+00  2.17954486e+00
  -6.05856598e-01 -1.54766076e-02 -3.98367612e-02 -1.00000000e+01]], Action: [[-0.07325118  1.         -1.        ]], Reward: [3.4269674],Reward_sum: 179.12721252441406, Done: [False]
==========
t: 81, State: [[ 8.01762567e-01  1.12010549e+00  7.37907804e-02 -7.82478501e-01
   4.82803411e-03 -3.42975605e-01  2.48305408e+00  2.31492497e+00
   1.81088355e-02  1.08170761e+00 -3.23735829e-02 -1.00000000e+01]], Action: [[ 0.7388704  1.        -1.       ]], Reward: [3.4479141],Reward_sum: 182.57513427734375, Done: [False]
==========
t: 82, State: [[ 8.20994201e-01  1.13876885e+00  6.77839598e-02 -7.79331713e-01
   4.62961464e-03 -4.49464755e-01  2.32391591e+00  2.34842943e+00
  -1.51771350e+00 -2.92840583e-01 -1.85143306e-02 -1.00000000e+01]], Action: [[-1.  1. -1.]], Reward: [3.4009542],Reward_sum: 185.97608947753906, Done: [False]
==========
t: 83, State: [[ 8.39911355e-01  1.15793069e+00  5.94022619e-02 -7.76050726e-01
   4.47065808e-03 -5.63622299e-01  2.40544499e+00  2.41034900e+00
  -5.35290224e-01  1.10662051e+00 -2.25055796e-02 -1.00000000e+01]], Action: [[ 0.95240384  1.         -1.        ]], Reward: [3.361737],Reward_sum: 189.33782958984375, Done: [False]
==========
t: 84, State: [[ 8.58491176e-01  1.17673680e+00  4.97293719e-02 -7.72766076e-01
   4.30920461e-03 -6.88115223e-01  2.23827229e+00  2.28940231e+00
  -1.88267156e+00 -2.82727476e-01 -1.79044305e-02 -1.00000000e+01]], Action: [[-1.         0.9716476 -1.       ]], Reward: [3.3195336],Reward_sum: 192.65736389160156, Done: [False]
==========
t: 85, State: [[ 8.76756338e-01  1.19487611e+00  3.94635923e-02 -7.69224384e-01
   4.13899221e-03 -8.18622575e-01  2.36215700e+00  2.17562940e+00
  -5.26013211e-01  1.12817627e+00 -3.06428136e-02 -1.00000000e+01]], Action: [[ 1.  1. -1.]], Reward: [3.2801452],Reward_sum: 195.93751525878906, Done: [False]
==========
t: 86, State: [[ 8.95567561e-01  1.21078192e+00  3.23288471e-02 -7.66385668e-01
   3.86920325e-03 -8.89344065e-01  2.33438477e+00  1.82561500e+00
  -1.30139486e+00 -4.07935496e-01 -3.32673990e-02 -5.04070452e+00]], Action: [[-1.  1. -1.]], Reward: [3.348403],Reward_sum: 199.28591918945312, Done: [False]
==========
t: 87, State: [[ 0.91417932  1.22444986  0.01985393 -0.77356353  0.00363147 -0.91018598
   2.31255556  1.60353597 -1.84463454 -1.37849316 -0.0250929  -0.67977636]], Action: [[-0.64281857  1.         -1.        ]], Reward: [3.3240564],Reward_sum: 202.60995483398438, Done: [False]
==========
t: 88, State: [[ 0.93330943  1.23697885  0.0106448  -0.77900783  0.00344152 -0.90616266
   2.46597774  1.53596479 -0.4750956   0.0197538  -0.02144382  1.39661723]], Action: [[ 1.          1.         -0.05576514]], Reward: [3.3892612],Reward_sum: 205.9992218017578, Done: [False]
==========
t: 89, State: [[ 0.95341222  1.24898548  0.01030111 -0.77518094  0.00297577 -0.8892663
   2.5593985   1.46551139  0.3880711   0.93605568 -0.09457533  2.82564367]], Action: [[0.65519935 0.06405845 1.        ]], Reward: [3.5114145],Reward_sum: 209.51063537597656, Done: [False]
==========
t: 90, State: [[ 9.74121265e-01  1.26032604e+00  1.53280585e-02 -7.66001253e-01
   2.34232665e-03 -8.60978734e-01  2.61729797e+00  1.36932787e+00
   8.66926126e-01  1.35882498e+00 -6.55280083e-02  4.24446623e+00]], Action: [[0.31731853 0.36036995 1.        ]], Reward: [3.5874004],Reward_sum: 213.09803771972656, Done: [False]
==========
t: 91, State: [[ 9.95091187e-01  1.27086757e+00  2.26698467e-02 -7.54578458e-01
   9.37827581e-04 -8.21309137e-01  2.62482262e+00  1.26575824e+00
   9.67979252e-01  1.49696434e+00 -2.84975318e-01  5.67092824e+00]], Action: [[ 0.1015147 -0.0994719  1.       ]], Reward: [3.62022],Reward_sum: 216.71826171875, Done: [False]
==========
t: 92, State: [[ 1.01594643e+00  1.28056155e+00  2.95409125e-02 -7.42964092e-01
  -3.14553280e-03 -7.70206995e-01  2.58865069e+00  1.15751074e+00
   7.49583512e-01  1.40697871e+00 -7.34930636e-01  7.10248673e+00]], Action: [[-0.07464198 -0.29066953  1.        ]], Reward: [3.6058154],Reward_sum: 220.32408142089844, Done: [False]
==========
t: 93, State: [[ 1.03652858  1.28927749  0.03416639 -0.73356554 -0.00915244 -0.70778259
   2.55650523  1.02133659  0.40642872  0.94354329 -0.76622508  8.50146117]], Action: [[-0.31249613 -0.00433823  1.        ]], Reward: [3.5716705],Reward_sum: 223.895751953125, Done: [False]
==========
t: 94, State: [[ 1.05683234  1.29674347  0.03458851 -0.73117384 -0.01214635 -0.63693944
   2.51921028  0.84521731 -0.30089334 -0.34373806  0.01721515  9.20815841]], Action: [[-0.8491857  0.5264636  0.5554205]], Reward: [3.5366642],Reward_sum: 227.4324188232422, Done: [False]
==========
t: 95, State: [[ 1.07738689  1.30334968  0.03687324 -0.72814271 -0.012833   -0.56052565
   2.6189014   0.80598144  0.86980883  1.10013656 -0.18798128  9.89428573]], Action: [[ 1.         -0.04191831  0.5288734 ]], Reward: [3.5680363],Reward_sum: 231.00042724609375, Done: [False]
==========
t: 96, State: [[ 1.0977936   1.30926864  0.0386632  -0.72501099 -0.01443534 -0.48255789
   2.4832784   0.67424151 -0.4207157  -0.31579627 -0.21297863  9.59797708]], Action: [[-1.         -0.130115   -0.16411597]], Reward: [3.5497952],Reward_sum: 234.5502166748047, Done: [False]
==========
t: 97, State: [[ 1.11819572  1.31446247  0.04066536 -0.72190333 -0.01518827 -0.40353827
   2.61666883  0.6239511   0.91856353  1.09145034  0.02526521 10.        ]], Action: [[1.         0.28029534 0.45907402]], Reward: [3.5489762],Reward_sum: 238.0991973876953, Done: [False]
==========
t: 98, State: [[ 1.13862593  1.31894942  0.043      -0.71888165 -0.01456093 -0.32462069
   2.49148969  0.49834084 -0.333017   -0.33469998  0.13087947  9.5740613 ]], Action: [[-1.         -0.04197034 -0.3552975 ]], Reward: [3.5526483],Reward_sum: 241.65184020996094, Done: [False]
==========
t: 99, State: [[ 1.15910902  1.32276407  0.04577095 -0.71593908 -0.01217065 -0.24717807
   2.62879985  0.45505777  1.02327086  1.06900272  0.4669553   9.78638377]], Action: [[1.         0.33921257 0.22094017]], Reward: [3.5592227],Reward_sum: 245.2110595703125, Done: [False]
==========
t: 100, State: [[ 1.17978977e+00  1.32592055e+00  4.98338512e-02 -7.12821001e-01
  -6.55436479e-03 -1.72733869e-01  2.54192214e+00  3.34547471e-01
  -5.45955366e-03 -2.88215958e-01  9.35926337e-01  8.82613873e+00]], Action: [[-0.9296583   0.22462061 -0.60652643]], Reward: [3.583811],Reward_sum: 248.7948760986328, Done: [False]
==========
t: 101, State: [[ 1.20046506e+00  1.32838967e+00  5.41996863e-02 -7.09283331e-01
  -6.01571664e-04 -9.66202531e-02  2.62633974e+00  2.82552821e-01
   1.09355599e+00  1.17133895e+00  5.53749774e-01  1.00000000e+01]], Action: [[ 1.         -0.15113518  1.        ]], Reward: [3.5823877],Reward_sum: 252.37725830078125, Done: [False]
==========
t: 102, State: [[ 1.22088763e+00  1.33028472e+00  5.73645444e-02 -7.05520084e-01
   3.04590910e-03 -1.98546182e-02  2.47539297e+00  1.93822834e-01
  -3.23897957e-01 -2.24221841e-01  2.95539151e-01  8.99620482e+00]], Action: [[-1.         0.1761379 -0.8019562]], Reward: [3.5511467],Reward_sum: 255.92840576171875, Done: [False]
==========
t: 103, State: [[ 1.24105782e+00  1.33174786e+00  5.92479210e-02 -7.01491200e-01
   4.48532497e-03  5.29072259e-02  2.56864720e+00  1.71091333e-01
   8.01865751e-01  1.22789918e+00  8.72238066e-02  9.19293062e+00]], Action: [[1.         0.28976622 0.18438137]], Reward: [3.5201564],Reward_sum: 259.4486083984375, Done: [False]
==========
t: 104, State: [[ 1.26106866e+00  1.33269728e+00  6.02973812e-02 -6.97331434e-01
   4.67006773e-03  1.23522248e-01  2.43582124e+00  6.59981986e-02
  -5.30861580e-01 -1.87969895e-01 -2.65795711e-02  8.46112879e+00]], Action: [[-1.         -0.15233794 -0.47291005]], Reward: [3.5001087],Reward_sum: 262.94873046875, Done: [False]
==========
t: 105, State: [[ 1.28098769e+00  1.33308477e+00  6.08645003e-02 -6.93086726e-01
   4.31332615e-03  1.93040803e-01  2.54397887e+00  3.07229249e-02
   6.72259234e-01  1.24722414e+00 -5.73174318e-02  8.91772535e+00]], Action: [[1.         0.4467267  0.36826628]], Reward: [3.4885428],Reward_sum: 266.4372863769531, Done: [False]
==========
t: 106, State: [[ 1.30084462e+00  1.33290968e+00  6.10638644e-02 -6.88817765e-01
   3.75385213e-03  2.61160579e-01  2.42117202e+00 -7.45737721e-02
  -6.17706207e-01 -1.79084311e-01 -7.79925514e-02  8.11309550e+00]], Action: [[-1.         -0.05545107 -0.52231425]], Reward: [3.4808407],Reward_sum: 269.9181213378906, Done: [False]
==========
t: 107, State: [[ 1.32066147e+00  1.33214589e+00  6.10137359e-02 -6.84519660e-01
   3.16443093e-03  3.28814634e-01  2.53273389e+00 -1.16243011e-01
   6.02685019e-01  1.25210366e+00 -6.86235989e-02  8.79955799e+00]], Action: [[1.         0.38846502 0.5278474 ]], Reward: [3.475676],Reward_sum: 273.393798828125, Done: [False]
==========
t: 108, State: [[ 1.34044862e+00  1.33080049e+00  6.07315124e-02 -6.80231478e-01
   2.64946051e-03  3.95710557e-01  2.41460892e+00 -2.20165622e-01
  -6.70057556e-01 -1.78777356e-01 -5.96455860e-02  7.92556252e+00]], Action: [[-1.          0.11018899 -0.57072735]], Reward: [3.4720566],Reward_sum: 276.8658447265625, Done: [False]
==========
t: 109, State: [[ 1.36021130e+00  1.32887022e+00  6.02443430e-02 -6.75928593e-01
   2.19473404e-03  4.62194182e-01  2.52579869e+00 -2.62175651e-01
   5.45726226e-01  1.25296479e+00 -5.33363110e-02  8.69439418e+00]], Action: [[1.         0.23729369 0.5837819 ]], Reward: [3.4689379],Reward_sum: 280.33477783203125, Done: [False]
==========
t: 110, State: [[ 1.37995535e+00  1.32636262e+00  5.95494935e-02 -6.71645231e-01
   1.84589439e-03  5.28002465e-01  2.41057496e+00 -3.64844081e-01
  -7.16879114e-01 -1.80656852e-01 -3.51704703e-02  7.75894678e+00]], Action: [[-1.          0.22844437 -0.6142442 ]], Reward: [3.4665766],Reward_sum: 283.8013610839844, Done: [False]
==========
t: 111, State: [[ 1.39965259e+00  1.32328569e+00  5.85030916e-02 -6.67320070e-01
   1.14813968e-03  5.93566923e-01  2.51353177e+00 -4.04082823e-01
   4.52806328e-01  1.26035312e+00 -1.38519180e-01  8.63109076e+00]], Action: [[1.         0.02714226 0.65144366]], Reward: [3.46073],Reward_sum: 287.2620849609375, Done: [False]
==========
t: 112, State: [[ 1.41933162e+00  1.31965593e+00  5.72289878e-02 -6.63012594e-01
   4.75580542e-04  6.57787587e-01  2.40608055e+00 -5.03496334e-01
  -7.70786293e-01 -1.81495100e-01 -3.67401265e-02  7.42590023e+00]], Action: [[-1.          0.48610082 -0.8014756 ]], Reward: [3.458],Reward_sum: 290.7200927734375, Done: [False]
==========
t: 113, State: [[ 1.43891747e+00  1.31548423e+00  5.53476173e-02 -6.58610913e-01
  -1.26040137e-03  7.21639841e-01  2.49023794e+00 -5.39060846e-01
   2.98109050e-01  1.28023839e+00 -3.96239612e-01  8.53576906e+00]], Action: [[ 1.         -0.15451947  0.8087046 ]], Reward: [3.4465537],Reward_sum: 294.1666564941406, Done: [False]
==========
t: 114, State: [[ 1.45894520e+00  1.31072390e+00  5.64661841e-02 -6.52653170e-01
   1.10580430e-03  7.83756518e-01  2.49254880e+00 -6.42331475e-01
  -1.39859392e-01  2.37041242e-01  6.64472907e-01  7.00840741e+00]], Action: [[-0.66553646  0.9665961  -1.        ]], Reward: [3.5010886],Reward_sum: 297.6677551269531, Done: [False]
==========
t: 115, State: [[ 1.47899541e+00  1.30597397e+00  5.87930189e-02 -6.44670477e-01
   2.71824838e-03  8.22989164e-01  2.51940156e+00 -5.50661491e-01
   7.21038890e-01  1.75689799e+00 -2.67915929e-01  2.97554887e+00]], Action: [[ 1.         -0.7130314   0.57348835]], Reward: [3.5044382],Reward_sum: 301.17218017578125, Done: [False]
==========
t: 116, State: [[ 1.49894072e+00  1.30148514e+00  6.33188924e-02 -6.31258017e-01
  -9.37917357e-04  8.36440444e-01  2.46685531e+00 -5.77304169e-01
   4.07160305e-01  1.59647911e+00 -6.55942326e-01  6.51167061e-01]], Action: [[-0.13094018 -0.3623729  -0.8758429 ]], Reward: [3.492249],Reward_sum: 304.6644287109375, Done: [False]
==========
t: 117, State: [[ 1.51874877e+00  1.29640453e+00  6.53283132e-02 -6.22561272e-01
  -1.25198820e-03  8.35691564e-01  2.48531116e+00 -6.92650749e-01
   9.54750894e-02  5.78933056e-01  5.75584125e-01 -8.31000399e-01]], Action: [[-0.6344931   0.80525935 -1.        ]], Reward: [3.4739556],Reward_sum: 308.1383972167969, Done: [False]
==========
t: 118, State: [[ 1.53864053e+00  1.29064300e+00  6.68930937e-02 -6.16328590e-01
   2.09727019e-03  8.28364037e-01  2.48757571e+00 -7.48653241e-01
   2.94678784e-01  9.78773391e-01  2.60357725e-01 -9.59595056e-01]], Action: [[ 0.2627735 -0.1812627  1.       ]], Reward: [3.4853683],Reward_sum: 311.623779296875, Done: [False]
==========
t: 119, State: [[ 1.55822516  1.28423998  0.06606591 -0.61179645  0.00334885  0.82066031
   2.41038108 -0.85305734 -0.49289452  0.15340559  0.07320134 -0.94309203]], Action: [[-0.58159965 -0.12009647  0.37968925]], Reward: [3.4475808],Reward_sum: 315.0712890625, Done: [False]
==========
t: 120, State: [[ 1.57790823  1.27728627  0.06692308 -0.60480564  0.00368236  0.81365452
   2.51053843 -0.88603918  0.70823687  1.5921697   0.0165875  -0.80369989]], Action: [[1.         0.79644644 1.        ]], Reward: [3.45775],Reward_sum: 318.529052734375, Done: [False]
==========
t: 121, State: [[ 1.59743513e+00  1.26971696e+00  6.69965475e-02 -5.97717551e-01
   2.08268994e-03  8.07692082e-01  2.37151599e+00 -1.00610875e+00
  -6.88413894e-01  1.81399890e-01 -4.16252035e-01 -6.83180786e-01]], Action: [[-1.         -0.39725867  0.37274885]], Reward: [3.4395654],Reward_sum: 321.9686279296875, Done: [False]
==========
t: 122, State: [[ 1.61685599e+00  1.26146635e+00  6.61842380e-02 -5.91388226e-01
  -5.53857803e-05  8.02860971e-01  2.48539760e+00 -1.05731062e+00
   4.93925729e-01  1.39742847e+00 -9.26267486e-02 -5.29127167e-01]], Action: [[0.86638397 1.         0.93297195]], Reward: [3.4249873],Reward_sum: 325.39361572265625, Done: [False]
==========
t: 123, State: [[ 1.63662750e+00  1.25260716e+00  6.84000514e-02 -5.82827566e-01
   2.99823766e-04  7.96925131e-01  2.45187448e+00 -1.15524205e+00
   3.15649522e-02  7.49778518e-01  1.04956850e-01 -9.51219749e-01]], Action: [[-0.43416366  0.17422941 -0.29436064]], Reward: [3.4711325],Reward_sum: 328.86474609375, Done: [False]
==========
t: 124, State: [[ 1.65601760e+00  1.24294957e+00  6.60911692e-02 -5.79785042e-01
   1.03596322e-03  7.89305787e-01  2.39539231e+00 -1.25896837e+00
  -6.10058609e-01  1.21314538e-02  7.39315737e-02 -9.53385713e-01]], Action: [[-0.51193225  0.5998516  -0.0087124 ]], Reward: [3.4231412],Reward_sum: 332.2878723144531, Done: [False]
==========
t: 125, State: [[ 1.67559269e+00  1.23268598e+00  6.60794500e-02 -5.73936358e-01
   1.55465299e-03  7.84449036e-01  2.49856775e+00 -1.30993373e+00
   6.05702542e-01  1.44794033e+00  5.61431064e-02 -1.39691506e-01]], Action: [[1.         1.         0.90182215]], Reward: [3.4440718],Reward_sum: 335.73193359375, Done: [False]
==========
t: 126, State: [[ 1.69539913e+00  1.22191927e+00  6.91152678e-02 -5.64384378e-01
   1.83651903e-03  7.78854028e-01  2.45347741e+00 -1.38167258e+00
   1.55307261e-01  9.40276436e-01  1.83991907e-02 -1.25785976e+00]], Action: [[-0.35163257  0.30786464 -0.7871367 ]], Reward: [3.4749675],Reward_sum: 339.2069091796875, Done: [False]
==========
t: 127, State: [[ 1.71466005e+00  1.21047309e+00  6.62340692e-02 -5.61626840e-01
   1.84074082e-03  7.65328357e-01  2.36224701e+00 -1.47990004e+00
  -8.73087782e-01 -2.49832910e-01 -1.31702617e-02 -2.12266998e+00]], Action: [[-0.827684   -0.00370827 -0.616807  ]], Reward: [3.4065497],Reward_sum: 342.61346435546875, Done: [False]
==========
t: 128, State: [[ 1.73397012e+00  1.19848453e+00  6.41962295e-02 -5.57869060e-01
   1.84640793e-03  7.48789214e-01  2.46477484e+00 -1.51730867e+00
   3.61104717e-01  1.18788278e+00  1.13217271e-02 -2.01216227e+00]], Action: [[1.         1.         0.07189519]], Reward: [3.4117534],Reward_sum: 346.02520751953125, Done: [False]
==========
t: 129, State: [[ 1.75325876e+00  1.18590467e+00  6.21175509e-02 -5.54136410e-01
   1.82737808e-03  7.30017402e-01  2.35786930e+00 -1.62755029e+00
  -8.78411854e-01 -2.53301625e-01 -1.28153074e-02 -2.68008337e+00]], Action: [[-1.          0.06079234 -0.48308665]], Reward: [3.409843],Reward_sum: 349.43505859375, Done: [False]
==========
t: 130, State: [[ 1.77250963e+00  1.17285087e+00  6.00355744e-02 -5.50383961e-01
   1.84339431e-03  7.03963976e-01  2.45430729e+00 -1.63584432e+00
   3.54851740e-01  1.19008108e+00  1.33078513e-02 -3.83182588e+00]], Action: [[ 1.         1.        -0.8160238]], Reward: [3.403693],Reward_sum: 352.8387451171875, Done: [False]
==========
t: 131, State: [[ 1.79171839e+00  1.15939188e+00  5.79583081e-02 -5.46636650e-01
   2.03474772e-03  6.67728633e-01  2.34783391e+00 -1.72842230e+00
  -8.74929149e-01 -2.51217559e-01  3.14894674e-02 -5.22518257e+00]], Action: [[-1.  1. -1.]], Reward: [3.3980947],Reward_sum: 356.23681640625, Done: [False]
==========
t: 132, State: [[ 1.81069048e+00  1.14548374e+00  5.36168890e-02 -5.45439898e-01
   2.28507912e-03  6.20407666e-01  2.39493554e+00 -1.74830899e+00
  -2.12466468e-01  5.49645321e-01  3.04251579e-02 -6.60347314e+00]], Action: [[ 0.5500196  1.        -0.9899084]], Reward: [3.3692296],Reward_sum: 359.6060791015625, Done: [False]
==========
t: 133, State: [[ 1.82941036e+00  1.13114249e+00  4.68934122e-02 -5.46776902e-01
   2.44352790e-03  5.62085729e-01  2.28512638e+00 -1.83696812e+00
  -1.46805591e+00 -8.82065196e-01  1.12310252e-02 -7.97550321e+00]], Action: [[-1.          0.52723396 -1.        ]], Reward: [3.3377063],Reward_sum: 362.94378662109375, Done: [False]
==========
t: 134, State: [[ 1.84790587e+00  1.11620230e+00  3.78008071e-02 -5.50610718e-01
   2.45117491e-03  4.99961620e-01  2.33889122e+00 -1.89811447e+00
  -8.04298975e-01 -7.76411768e-02 -6.93618589e-03 -7.55615288e+00]], Action: [[0.5533733  0.5274631  0.25730816]], Reward: [3.3112886],Reward_sum: 366.25506591796875, Done: [False]
==========
t: 135, State: [[ 1.86667312e+00  1.10089465e+00  3.24292395e-02 -5.49824915e-01
   2.43553518e-03  4.34001068e-01  2.35252274e+00 -1.92853666e+00
  -5.40955288e-01  2.74052756e-01  1.92881711e-03 -8.93248284e+00]], Action: [[ 0.23716964  0.8036547  -1.        ]], Reward: [3.3442037],Reward_sum: 369.5992431640625, Done: [False]
==========
t: 136, State: [[ 1.88623407e+00  1.08697056e+00  3.25088673e-02 -5.46712899e-01
   2.45473516e-03  3.64446637e-01  2.57115802e+00 -1.44048238e+00
   7.09986203e-01  4.71531519e-01  6.12647295e-03 -7.98376282e+00]], Action: [[ 0.27147198  0.5613481  -1.        ]], Reward: [3.4437304],Reward_sum: 373.04296875, Done: [False]
==========
t: 137, State: [[ 1.90709529e+00  1.07774417e+00  3.63258119e-02 -5.49358124e-01
   2.62654663e-03  3.06140809e-01  2.63216521e+00 -8.71991246e-01
   1.78444918e-01 -1.11722993e+00  3.31716928e-02 -6.64898536e+00]], Action: [[-1.        0.886598 -1.      ]], Reward: [3.6048663],Reward_sum: 376.6478576660156, Done: [False]
==========
t: 138, State: [[ 1.92869892e+00  1.07305353e+00  4.05090189e-02 -5.57583789e-01
   2.92112734e-03  2.56970206e-01  2.76211002e+00 -3.13565900e-01
   8.28586557e-01 -9.31922123e-01  3.85627641e-02 -5.70958379e+00]], Action: [[ 0.18723615  0.9237282  -1.        ]], Reward: [3.6985652],Reward_sum: 380.346435546875, Done: [False]
==========
t: 139, State: [[ 1.95070247e+00  1.07230497e+00  4.31417756e-02 -5.70984512e-01
   3.25984322e-03  2.13827239e-01  2.73375997e+00  1.12018511e-01
  -1.95504678e-01 -2.41115630e+00  4.38580530e-02 -5.13951384e+00]], Action: [[-1.  1. -1.]], Reward: [3.7474437],Reward_sum: 384.0938720703125, Done: [False]
==========
t: 140, State: [[ 1.97293857e+00  1.07485045e+00  4.37232087e-02 -5.88406248e-01
   3.49895027e-03  1.73684035e-01  2.82246566e+00  5.10791581e-01
   3.24869313e-01 -1.94213981e+00  1.80322196e-02 -4.95274150e+00]], Action: [[ 0.33595443  0.652805   -1.        ]], Reward: [3.7779737],Reward_sum: 387.871826171875, Done: [False]
==========
t: 141, State: [[ 1.99523151e+00  1.08004027e+00  4.13935188e-02 -6.09669127e-01
   3.57820554e-03  1.33867776e-01  2.74727941e+00  7.74480744e-01
  -9.19857124e-01 -3.36873238e+00  3.09458685e-03 -5.04752188e+00]], Action: [[-1.          0.53619945 -1.        ]], Reward: [3.7843301],Reward_sum: 391.65618896484375, Done: [False]
==========
t: 142, State: [[ 2.01750337e+00  1.08733117e+00  3.62051867e-02 -6.33897002e-01
   3.62789096e-03  9.21324124e-02  2.81843616e+00  1.03936819e+00
  -3.88591175e-01 -2.68718138e+00  8.13940532e-03 -5.42283787e+00]], Action: [[ 0.4603386  0.9796511 -1.       ]], Reward: [3.7818103],Reward_sum: 395.43798828125, Done: [False]
==========
t: 143, State: [[ 2.03962311e+00  1.09625732e+00  2.76624118e-02 -6.60980594e-01
   3.72949720e-03  4.67138524e-02  2.70795835e+00  1.18408147e+00
  -1.75745126e+00 -4.07897067e+00  1.57273778e-02 -5.95858333e+00]], Action: [[-1.  1. -1.]], Reward: [3.7619684],Reward_sum: 399.199951171875, Done: [False]
==========
t: 144, State: [[ 2.06156543e+00  1.10651573e+00  1.64132965e-02 -6.89494848e-01
   3.82831158e-03 -3.71215445e-03  2.77608674e+00  1.37607366e+00
  -1.06303978e+00 -3.04971752e+00  9.33686361e-03 -6.66775819e+00]], Action: [[ 0.6840357  1.        -1.       ]], Reward: [3.7403214],Reward_sum: 402.9402770996094, Done: [False]
==========
t: 145, State: [[ 2.08391326e+00  1.11816708e+00  9.44602087e-03 -7.10999120e-01
   3.88878858e-03 -6.02118649e-02  2.80916614e+00  1.53346847e+00
  -6.86169815e-01 -2.32578543e+00  5.96404661e-03 -7.47020991e+00]], Action: [[ 0.4691065  1.        -1.       ]], Reward: [3.7912593],Reward_sum: 406.7315368652344, Done: [False]
==========
t: 146, State: [[ 2.10626360e+00  1.13089856e+00  2.98133357e-03 -7.29369779e-01
   3.93575333e-03 -1.23365059e-01  2.77758241e+00  1.64668087e+00
  -9.32405644e-01 -2.26634433e+00  5.57599256e-03 -8.32654386e+00]], Action: [[-2.1626707e-05  1.0000000e+00 -1.0000000e+00]], Reward: [3.7917914],Reward_sum: 410.5233154296875, Done: [False]
==========
t: 147, State: [[ 2.12877990e+00  1.14469287e+00 -9.23882940e-04 -7.42026476e-01
   3.95821046e-03 -1.93628961e-01  2.85104079e+00  1.80020985e+00
  -4.66049446e-02 -8.99244809e-01  5.63414142e-04 -9.24540572e+00]], Action: [[ 0.91846985  1.         -1.        ]], Reward: [3.8116944],Reward_sum: 414.33502197265625, Done: [False]
==========
t: 148, State: [[ 2.15166132e+00  1.15957230e+00  4.76847767e-05 -7.46207981e-01
   3.95998500e-03 -2.71332881e-01  2.86808022e+00  1.91775624e+00
   2.86308337e-01 -1.45986518e-01 -5.45828518e-05 -1.00000000e+01]], Action: [[ 0.49044734  1.         -1.        ]], Reward: [3.8579369],Reward_sum: 418.1929626464844, Done: [False]
==========
t: 149, State: [[ 2.17397835e+00  1.17503216e+00 -3.41612998e-03 -7.52390678e-01
   3.98626541e-03 -3.56455235e-01  2.71066175e+00  1.94665539e+00
  -1.15220558e+00 -1.39768964e+00  5.77640326e-03 -1.00000000e+01]], Action: [[-0.92052156  1.         -1.        ]], Reward: [3.7867813],Reward_sum: 421.979736328125, Done: [False]
==========
t: 150, State: [[ 2.19594186e+00  1.19114017e+00 -8.80726856e-03 -7.57615907e-01
   4.00366228e-03 -4.49114235e-01  2.78008184e+00  2.07896781e+00
  -1.95106575e-01  8.93337261e-02 -7.10668652e-04 -1.00000000e+01]], Action: [[ 1.  1. -1.]], Reward: [3.742439],Reward_sum: 425.72216796875, Done: [False]
==========
t: 151, State: [[ 2.21783652e+00  1.20796883e+00 -1.29608175e-02 -7.58332423e-01
   4.00932066e-03 -5.49514736e-01  2.69310612e+00  2.12621141e+00
  -8.41672349e-01 -2.67797972e-01  1.69967684e-03 -1.00000000e+01]], Action: [[-0.29088312  1.         -1.        ]], Reward: [3.7347472],Reward_sum: 429.4569396972656, Done: [False]
==========
t: 152, State: [[ 2.23967688e+00  1.22522022e+00 -1.55183595e-02 -7.54628411e-01
   3.98629148e-03 -6.58539059e-01  2.77002523e+00  2.16356553e+00
   2.35187483e-01  1.18756378e+00 -7.76750573e-03 -1.00000000e+01]], Action: [[ 0.9945351  1.        -1.       ]], Reward: [3.727057],Reward_sum: 433.1839904785156, Done: [False]
==========
t: 153, State: [[ 2.26119854e+00  1.24201826e+00 -1.90387230e-02 -7.50706653e-01
   3.93976920e-03 -7.78292870e-01  2.60932962e+00  2.03451325e+00
  -1.11468000e+00 -2.04495917e-01 -4.16010186e-03 -1.00000000e+01]], Action: [[-1.  1. -1.]], Reward: [3.6872065],Reward_sum: 436.8711853027344, Done: [False]
==========
t: 154, State: [[ 2.28299471e+00  1.25729726e+00 -2.10394461e-02 -7.47093949e-01
   3.78562665e-03 -8.65836771e-01  2.83962931e+00  1.79921847e+00
   5.99295089e-01  1.10686228e+00 -2.94140726e-02 -6.65706156e+00]], Action: [[ 1.  1. -1.]], Reward: [3.7215223],Reward_sum: 440.59271240234375, Done: [False]
==========
t: 155, State: [[ 2.30555325  1.27060579 -0.01999175 -0.74427137  0.00355501 -0.89678989
   2.79299769  1.54174059 -0.36576655 -0.39234455 -0.02637917 -1.6442848 ]], Action: [[-1.          0.90390193 -1.        ]], Reward: [3.8169994],Reward_sum: 444.4096984863281, Done: [False]
==========
t: 156, State: [[ 2.32810731  1.28238722 -0.021893   -0.74716111  0.00337667 -0.89852491
   2.84059655  1.41102496 -0.12800415 -0.32539693 -0.01784584  0.88100053]], Action: [[0.07162709 1.         1.        ]], Reward: [3.8172524],Reward_sum: 448.2269592285156, Done: [False]
==========
t: 157, State: [[ 2.35095420e+00  1.29334697e+00 -2.15731321e-02 -7.47927296e-01
   1.90618787e-03 -8.85590046e-01  2.87091698e+00  1.32894849e+00
   2.07307662e-01  1.33437329e-01 -3.48779785e-01  2.34353713e+00]], Action: [[ 0.31465617 -0.15865609  1.        ]], Reward: [3.854738],Reward_sum: 452.0816955566406, Done: [False]
==========
t: 158, State: [[ 2.37422139e+00  1.30358991e+00 -1.77078695e-02 -7.45230865e-01
  -8.91906521e-05 -8.61184389e-01  2.94475465e+00  1.23172204e+00
   7.54353806e-01  5.41264541e-01 -1.59187192e-01  3.75659711e+00]], Action: [[0.31390283 0.24029687 1.        ]], Reward: [3.907242],Reward_sum: 455.98895263671875, Done: [False]
==========
t: 159, State: [[ 2.39796409e+00  1.31291353e+00 -1.10915214e-02 -7.41706290e-01
   4.66760975e-04 -8.25546446e-01  2.97628537e+00  1.10336654e+00
   8.30880344e-01  3.55539054e-01  1.34045198e-01  5.16074409e+00]], Action: [[-0.09645642  0.4910082   1.        ]], Reward: [3.9665875],Reward_sum: 459.95556640625, Done: [False]
==========
t: 160, State: [[ 2.42168594e+00  1.32121955e+00 -5.58981838e-03 -7.40420158e-01
   1.25728329e-03 -7.78583079e-01  2.95408705e+00  9.72811786e-01
   5.45957005e-01 -3.35529639e-02  6.75187415e-02  6.57782844e+00]], Action: [[-0.26507363  0.4355096   1.        ]], Reward: [3.9639707],Reward_sum: 463.91949462890625, Done: [False]
==========
t: 161, State: [[ 2.44503926e+00  1.32841242e+00 -4.22544838e-03 -7.44352556e-01
   1.70615898e-03 -7.21753906e-01  2.88400141e+00  8.25152656e-01
  -2.03896509e-01 -9.48227434e-01  4.60725225e-02  7.62773048e+00]], Action: [[-0.63883096  0.77287626  0.75150657]], Reward: [3.917595],Reward_sum: 467.83709716796875, Done: [False]
==========
t: 162, State: [[ 2.46841666e+00  1.33494179e+00 -1.64139311e-03 -7.46040241e-01
   8.58674940e-05 -6.58919873e-01  2.96021780e+00  8.07030582e-01
   8.48220459e-01  5.24575267e-01 -4.50251038e-01  8.08017572e+00]], Action: [[ 1.         -0.26490328  0.34614682]], Reward: [3.9209855],Reward_sum: 471.75811767578125, Done: [False]
==========
t: 163, State: [[ 2.49174526e+00  1.34079182e+00  8.88074627e-04 -7.47691208e-01
  -1.53528997e-03 -5.95688331e-01  2.87246462e+00  6.55594630e-01
  -2.12483335e-01 -9.36015447e-01  4.90077102e-02  7.72785348e+00]], Action: [[-1.         0.2654164 -0.1933111]], Reward: [3.914967],Reward_sum: 475.673095703125, Done: [False]
==========
t: 164, State: [[ 2.51508100e+00  1.34594404e+00  3.64256574e-03 -7.49334226e-01
  -2.53718407e-03 -5.31962609e-01  2.96129480e+00  6.32296988e-01
   8.99240644e-01  5.23590831e-01 -2.98693502e-01  8.20295649e+00]], Action: [[ 1.         -0.15411589  0.36798513]], Reward: [3.9158082],Reward_sum: 479.5888671875, Done: [False]
==========
t: 165, State: [[ 2.53833652e+00  1.35047177e+00  6.16720900e-03 -7.50905644e-01
  -3.72797458e-03 -4.69455582e-01  2.85293867e+00  5.00006028e-01
  -2.66258970e-01 -9.14927487e-01  1.83377477e-04  7.42486563e+00]], Action: [[-1.          0.09689566 -0.49541807]], Reward: [3.9056854],Reward_sum: 483.49456787109375, Done: [False]
==========
t: 166, State: [[ 2.56156583e+00  1.35434844e+00  8.72260484e-03 -7.52432281e-01
  -4.60648372e-03 -4.07541403e-01  2.95412964e+00  4.68984979e-01
   9.03029584e-01  5.31687158e-01 -2.19065829e-01  8.05284634e+00]], Action: [[ 1.         -0.05364212  0.4770192 ]], Reward: [3.9024332],Reward_sum: 487.39697265625, Done: [False]
==========
t: 167, State: [[ 2.58473593e+00  1.35760179e+00  1.11131891e-02 -7.53907863e-01
  -5.52345587e-03 -3.46694001e-01  2.83879969e+00  3.44694436e-01
  -3.03336694e-01 -8.99124610e-01 -1.09789752e-02  7.16024034e+00]], Action: [[-1.          0.02652624 -0.5792574 ]], Reward: [3.894926],Reward_sum: 491.29193115234375, Done: [False]
==========
t: 168, State: [[ 2.60789709e+00  1.36022264e+00  1.35824348e-02 -7.55355408e-01
  -5.93624065e-03 -2.87006849e-01  2.95122285e+00  3.10370098e-01
   9.18463518e-01  5.35686372e-01 -9.16042440e-02  7.76078075e+00]], Action: [[1.         0.04732999 0.46126413]], Reward: [3.893931],Reward_sum: 495.18585205078125, Done: [False]
==========
t: 169, State: [[ 2.63102756e+00  1.36222818e+00  1.59896814e-02 -7.56780218e-01
  -6.10638247e-03 -2.28672691e-01  2.83180268e+00  1.91308414e-01
  -3.14445793e-01 -8.90449956e-01  4.82966456e-02  6.82405111e+00]], Action: [[-1.         -0.02358481 -0.614189  ]], Reward: [3.8899298],Reward_sum: 499.07574462890625, Done: [False]
==========
t: 170, State: [[ 2.65411034e+00  1.36363586e+00  1.82408804e-02 -7.58132535e-01
  -6.31623264e-03 -1.71794404e-01  2.93867798e+00  1.60512788e-01
   8.75140803e-01  5.50765472e-01 -1.00113575e-01  7.39479933e+00]], Action: [[ 1.         -0.00495568  0.43563032]], Reward: [3.8841584],Reward_sum: 502.95989990234375, Done: [False]
==========
t: 171, State: [[ 2.67714638  1.36445338  0.02030867 -0.75944244 -0.00656706 -0.11653747
   2.82071002  0.04407855 -0.35592241 -0.87677979  0.0366266   6.42076561]], Action: [[-1.         -0.02542838 -0.6424434 ]], Reward: [3.8780909],Reward_sum: 506.8380126953125, Done: [False]
==========
t: 172, State: [[ 2.70015401e+00  1.36467807e+00  2.22820413e-02 -7.60698950e-01
  -6.72077269e-03 -6.28075023e-02  2.93099025e+00  1.20316163e-02
   8.47139717e-01  5.61044318e-01 -7.44489158e-02  7.01098999e+00]], Action: [[1.         0.02252951 0.4478401 ]], Reward: [3.874753],Reward_sum: 510.7127685546875, Done: [False]
==========
t: 173, State: [[ 2.72313731  1.36431837  0.02415147 -0.76193542 -0.00673015 -0.01088705
   2.81518352 -0.10181834 -0.37745158 -0.86867792  0.07130406  5.97052866]], Action: [[-1.         -0.01904163 -0.69074225]], Reward: [3.8714354],Reward_sum: 514.5841674804688, Done: [False]
==========
t: 174, State: [[ 2.74602213  1.36338528  0.02554829 -0.76304131 -0.00765716  0.04019513
   2.90584443 -0.13146204  0.72459234  0.59054049 -0.30214581  6.79892313]], Action: [[ 1.         -0.16420385  0.6022728 ]], Reward: [3.859213],Reward_sum: 518.4434204101562, Done: [False]
==========
t: 175, State: [[ 2.76887789  1.36187856  0.02679038 -0.76412126 -0.00859239  0.08943431
   2.8083971  -0.24517082 -0.41174534 -0.85898128  0.06726418  5.51262014]], Action: [[-1.          0.13882533 -0.8563295 ]], Reward: [3.8552167],Reward_sum: 522.2986450195312, Done: [False]
==========
t: 176, State: [[ 2.79164237  1.35979558  0.02757756 -0.76507815 -0.01044804  0.13807094
   2.88254727 -0.2755461   0.60648099  0.61806626 -0.52996534  6.64500661]], Action: [[ 1.         -0.32010666  0.80488473]], Reward: [3.8438106],Reward_sum: 526.1424560546875, Done: [False]
==========
t: 177, State: [[ 2.81438411  1.35710036  0.02824633 -0.76601825 -0.01235354  0.18638643
   2.8031195  -0.39824226 -0.43721883 -0.85144896  0.05236269  5.4355226 ]], Action: [[-1.          0.29907408 -0.79687846]], Reward: [3.8409932],Reward_sum: 529.9834594726562, Done: [False]
==========
t: 178, State: [[ 2.83703429  1.35379332  0.02846465 -0.76683703 -0.01527347  0.23556709
   2.85923857 -0.42846588  0.48973524  0.64504144 -0.78080985  6.85769115]], Action: [[ 1.        -0.4858729  1.       ]], Reward: [3.8290358],Reward_sum: 533.8125, Done: [False]
==========
t: 179, State: [[ 2.85973479  1.34985107  0.0289222  -0.76771883 -0.01733721  0.28433474
   2.81608204 -0.55708827 -0.37340014 -0.86376193  0.26310744  5.3363523 ]], Action: [[-1.         0.6293775 -1.       ]], Reward: [3.8351662],Reward_sum: 537.647705078125, Done: [False]
==========
t: 180, State: [[ 2.88227033  1.3453607   0.02852303 -0.76839635 -0.02137021  0.33284718
   2.81763577 -0.56563643  0.27222491  0.69252032 -1.26918303  6.78964418]], Action: [[ 1. -1.  1.]], Reward: [3.8139434],Reward_sum: 541.4616088867188, Done: [False]
==========
t: 181, State: [[ 2.90497364  1.34036116  0.02991975 -0.76682488 -0.02549712  0.38099142
   2.85839712 -0.68402675  0.0777546  -0.29854069  0.23533246  5.24869668]], Action: [[-0.60764414  1.         -1.        ]], Reward: [3.8355439],Reward_sum: 545.297119140625, Done: [False]
==========
t: 182, State: [[ 2.92757427  1.33458712  0.02956852 -0.76812075 -0.02785344  0.42872658
   2.7917477  -0.75940995 -0.16602323 -0.02574601 -0.82288744  6.68307645]], Action: [[ 0.12857224 -0.72585785  1.        ]], Reward: [3.823536],Reward_sum: 549.1207275390625, Done: [False]
==========
t: 183, State: [[ 2.95046932  1.32821914  0.03173276 -0.7671188  -0.02892734  0.47818928
   2.93190115 -0.83263072  0.70624003  0.27597356  0.55281486  5.68412084]], Action: [[ 0.2910611  1.        -0.6243743]], Reward: [3.8604064],Reward_sum: 552.9810791015625, Done: [False]
==========
t: 184, State: [[ 2.9730472   1.32110071  0.03045195 -0.77018648 -0.02958247  0.52593693
   2.71274265 -0.94719186 -1.02432042 -1.0414089  -0.71547303  6.25181235]], Action: [[-1.         -1.          0.38749427]], Reward: [3.8200843],Reward_sum: 556.8011474609375, Done: [False]
==========
t: 185, State: [[ 2.99541277  1.31331106  0.02810847 -0.77298847 -0.03296312  0.57927738
   2.8786587  -0.99952633  0.43558483  0.3392683  -0.12972446  7.0824777 ]], Action: [[1.        0.5326694 0.6328229]], Reward: [3.7940118],Reward_sum: 560.59521484375, Done: [False]
==========
t: 186, State: [[ 3.01769682  1.30491702  0.0252915  -0.77569004 -0.0373394   0.63370397
   2.69235663 -1.09972193 -1.13695279 -1.01306514 -0.96400051  6.52462036]], Action: [[-1.         -0.7162632  -0.38048124]], Reward: [3.7838483],Reward_sum: 564.3790283203125, Done: [False]
==========
t: 187, State: [[ 3.03998854  1.29592394  0.02244148 -0.77835884 -0.04160265  0.68787088
   2.88067753 -1.14772925  0.42162758  0.3441768  -0.10230465  7.01677821]], Action: [[1.         0.7231747  0.40335822]], Reward: [3.7847798],Reward_sum: 568.163818359375, Done: [False]
==========
t: 188, State: [[ 3.0622908   1.28636596  0.01991316 -0.78013864 -0.04661014  0.74282324
   2.69482582 -1.24251557 -1.05104343 -0.78776129 -1.14883087  6.72141252]], Action: [[-0.8572708  -0.85102427 -0.20127523]], Reward: [3.7862828],Reward_sum: 571.9500732421875, Done: [False]
==========
t: 189, State: [[ 3.08473074  1.27623854  0.01832632 -0.78114627 -0.05077811  0.79716819
   2.91768137 -1.26783101  0.6623194   0.53196564  0.14019484  5.92189032]], Action: [[1.         1.         0.33864832]], Reward: [3.8028774],Reward_sum: 575.7529907226562, Done: [False]
==========
t: 190, State: [[ 3.1072344   1.26601445  0.01695297 -0.7822141  -0.05406281  0.82818625
   2.70711046 -1.29776583 -1.00623848 -0.79642458 -0.97500371  2.22104008]], Action: [[-1.         -1.         -0.08881354]], Reward: [3.8109503],Reward_sum: 579.56396484375, Done: [False]
==========
t: 191, State: [[ 3.12979619  1.25563351  0.01586408 -0.78331577 -0.05653467  0.83763792
   2.93272334 -1.30192691  0.72942143  0.51995875  0.34778077  0.35782108]], Action: [[1.         1.         0.82321537]], Reward: [3.817546],Reward_sum: 583.3814697265625, Done: [False]
==========
t: 192, State: [[ 3.15276299  1.24490126  0.01775311 -0.78240159 -0.05625102  0.83630516
   2.80882709 -1.38371097 -0.25769307 -0.29021876 -0.2807773  -0.56427158]], Action: [[-0.6052373  -0.53437376 -0.18454623]], Reward: [3.8701644],Reward_sum: 587.2515869140625, Done: [False]
==========
t: 193, State: [[ 3.1761204   1.23368861  0.02254992 -0.77945069 -0.05342508  0.83007905
   3.02989567 -1.42125949  1.45438938  1.02682054  0.98413247 -0.94195972]], Action: [[ 1.          1.         -0.17617226]], Reward: [3.9176445],Reward_sum: 591.1692504882812, Done: [False]
==========
t: 194, State: [[ 3.19956866  1.22197548  0.02827978 -0.77541097 -0.05058635  0.82018145
   2.83267898 -1.50625164 -0.02047678 -0.01596529 -0.27307023 -1.53166884]], Action: [[-0.803292  -1.        -0.4522035]], Reward: [3.9291835],Reward_sum: 595.098388671875, Done: [False]
==========
t: 195, State: [[ 3.22285714  1.20974104  0.03295637 -0.771856   -0.04910227  0.8058226
   2.98912233 -1.55281761  1.18824766  0.9038195   0.64308793 -2.05745516]], Action: [[ 0.7006065   0.71488863 -0.35152918]], Reward: [3.909934],Reward_sum: 599.0083618164062, Done: [False]
==========
t: 196, State: [[ 3.24596936  1.19701708  0.03635847 -0.76906731 -0.04889454  0.78525416
   2.78929917 -1.62760289 -0.33663814 -0.20549634 -0.58965257 -3.08341583]], Action: [[-0.8491259 -1.        -0.7636858]], Reward: [3.8867235],Reward_sum: 602.8950805664062, Done: [False]
==========
t: 197, State: [[ 3.26863827  1.18359124  0.03489804 -0.77228884 -0.04787627  0.756138
   2.87779241 -1.72883226 -0.02884    -0.59923209  0.84255725 -4.19432203]], Action: [[-0.19389041  1.         -0.7562342 ]], Reward: [3.8320038],Reward_sum: 606.72705078125, Done: [False]
==========
t: 198, State: [[ 3.2921358   1.16983273  0.03949203 -0.77135094 -0.04126968  0.71699288
   2.99643534 -1.71097557  1.17506192  0.8321216   0.80951806 -5.59039582]], Action: [[ 1.          0.02504387 -1.        ]], Reward: [3.935191],Reward_sum: 610.6622314453125, Done: [False]
==========
t: 199, State: [[ 3.31582656  1.15565315  0.0449387  -0.77063083 -0.03209114  0.66661756
   2.92619432 -1.833525    0.18705495 -0.65012485  1.48452685 -7.00183878]], Action: [[-1.          0.37346795 -1.        ]], Reward: [3.9592052],Reward_sum: 614.6214599609375, Done: [False]
==========
Hopper - Steps: 200, Return: 614.6214599609375, State: [[ 3.31582656  1.15565315  0.0449387  -0.77063083 -0.03209114  0.66661756
   2.92619432 -1.833525    0.18705495 -0.65012485  1.48452685 -7.00183878]]
