[CudaDevice(id=0)]
Using AIRL:  True
Using GAIL:  False
Using RGCL:  False
Experiment State @  2025-05-13 07:40:43.028255-05:00
Experiment Saved @  results/experiment_125
Experiment Settings Saved @  results/experiment_125
125
Using cuda device
Wrapping the env with a `Monitor` wrapper
Wrapping the env in a DummyVecEnv.
Wrapping the env with a `Monitor` wrapper
Wrapping the env in a DummyVecEnv.
t: 0, State: [[ 0.00347024  1.24953796 -0.00414392 -0.00714417 -0.00377852  0.00860035
  -0.01467543 -0.10353127 -0.75876128 -0.97999737  0.0523747   1.4453506 ]], Action: [[-0.65340346  0.03440502  1.        ]], Reward: [0.99266475],Reward_sum: 0.9926647543907166, Done: [False]
==========
t: 1, State: [[ 3.95250119e-03  1.24824364e+00 -4.40018893e-03 -9.40924032e-03
  -1.39325907e-03  2.56496974e-02  1.34961413e-01 -2.20024552e-01
   6.92566946e-01  4.12226996e-01  5.43864144e-01  2.81533183e+00]], Action: [[1.         0.51005244 1.        ]], Reward: [1.0580227],Reward_sum: 2.050687551498413, Done: [False]
==========
t: 2, State: [[ 4.66600842e-03  1.24609678e+00 -2.01385772e-03 -7.61441355e-03
  -1.45050422e-03  5.40872041e-02  4.34485845e-02 -3.16522844e-01
  -9.55061766e-02  3.69170971e-02 -5.56767948e-01  4.29200846e+00]], Action: [[-0.3095023  -0.79151404  1.        ]], Reward: [1.0874661],Reward_sum: 3.138153553009033, Done: [False]
==========
t: 3, State: [[ 5.27905230e-03  1.24312955e+00  7.46518567e-04 -2.78363889e-03
  -6.89097835e-03  9.40066958e-02  1.09549118e-01 -4.25477253e-01
   7.83729814e-01  1.16957867e+00 -8.02427346e-01  5.68602372e+00]], Action: [[ 0.7792519  -0.06511411  1.        ]], Reward: [1.075019],Reward_sum: 4.213172435760498, Done: [False]
==========
t: 4, State: [[ 6.10341190e-03  1.23929445e+00  3.60678540e-03  1.82269837e-03
  -1.22128799e-02  1.45061917e-01  9.63198638e-02 -5.32919512e-01
  -6.86578351e-02 -1.62611199e-02 -5.27864882e-01  7.07589832e+00]], Action: [[-0.7811859   0.17819956  1.        ]], Reward: [1.101403],Reward_sum: 5.3145751953125, Done: [False]
==========
t: 5, State: [[ 6.97998405e-03  1.23459779e+00  2.28437516e-03  1.29843653e-04
  -1.53820071e-02  2.07146907e-01  1.30656013e-01 -6.20207959e-01
  -2.56414795e-01 -4.12517333e-01 -2.88558712e-01  8.40077532e+00]], Action: [[-0.24109302  0.2170308   1.        ]], Reward: [1.1084663],Reward_sum: 6.423041343688965, Done: [False]
==========
t: 6, State: [[ 9.36666104e-03  1.23116832e+00  6.06705725e-03  1.01548545e-03
  -1.74902855e-02  2.75565080e-01  4.45316616e-01 -2.41981690e-01
   9.55569222e-01  3.60895153e-01 -1.94656498e-01  8.72726764e+00]], Action: [[1.         0.58573973 1.        ]], Reward: [1.2959915],Reward_sum: 7.7190327644348145, Done: [False]
==========
t: 7, State: [[ 1.31352642e-02  1.23053449e+00  8.75344069e-03 -2.29087266e-03
  -2.03997073e-02  3.45133373e-01  4.91594562e-01  7.39199362e-02
  -2.90790563e-01 -1.18104231e+00 -5.16373912e-01  8.68922288e+00]], Action: [[-1.         -0.04638621  0.5212512 ]], Reward: [1.4698015],Reward_sum: 9.188835144042969, Done: [False]
==========
t: 8, State: [[ 1.82018630e-02  1.23227331e+00  1.26525468e-02 -6.56777028e-03
  -2.29992398e-02  4.14902753e-01  7.73244027e-01  3.53634446e-01
   1.26418720e+00  1.11636373e-01 -1.27242077e-01  8.76745049e+00]], Action: [[1.         0.6829525  0.65041995]], Reward: [1.6314354],Reward_sum: 10.820270538330078, Done: [False]
==========
t: 9, State: [[ 0.02450003  1.23587037  0.01900217 -0.01187121 -0.02071721  0.47738071
   0.79676861  0.53076707  0.32399599 -1.43214969  0.71148162  6.88373021]], Action: [[-1.         0.5865166 -1.       ]], Reward: [1.7849271],Reward_sum: 12.60519790649414, Done: [False]
==========
t: 10, State: [[ 0.03152296  1.24072479  0.02628161 -0.01768378 -0.01675386  0.53509382
   0.95847458  0.6770711   1.4976304  -0.02252844  0.28295476  7.55253743]], Action: [[ 1.         -0.01481619  0.83019376]], Reward: [1.876176],Reward_sum: 14.48137378692627, Done: [False]
==========
t: 11, State: [[ 0.03915493  1.24644014  0.03443445 -0.02394252 -0.01107396  0.58878611
   0.94599676  0.73962588  0.54223445 -1.53780291  1.14649446  5.89427861]], Action: [[-1.         0.5326961 -1.       ]], Reward: [1.9517136],Reward_sum: 16.433086395263672, Done: [False]
==========
t: 12, State: [[ 4.70411433e-02  1.25255526e+00  4.24276406e-02 -3.02842109e-02
  -6.05034261e-03  6.40472156e-01  1.02577388e+00  7.86064234e-01
   1.45793792e+00 -4.98543284e-02  1.11066848e-01  7.02932569e+00]], Action: [[ 1.         -0.52005816  1.        ]], Reward: [1.9835057],Reward_sum: 18.41659164428711, Done: [False]
==========
t: 13, State: [[ 5.51625355e-02  1.25880447e+00  5.04590414e-02 -3.67425482e-02
  -1.20312307e-03  6.90524172e-01  1.00201573e+00  7.67476635e-01
   5.51460078e-01 -1.56119123e+00  1.10609553e+00  5.49962339e+00]], Action: [[-1.         0.5890769 -1.       ]], Reward: [2.012827],Reward_sum: 20.429418563842773, Done: [False]
==========
t: 14, State: [[ 6.34059245e-02  1.26486689e+00  5.84441173e-02 -4.32029214e-02
   3.27947583e-03  7.39497526e-01  1.05962956e+00  7.47172141e-01
   1.44633877e+00 -5.65765537e-02  1.42272537e-02  6.74129067e+00]], Action: [[ 1.        -0.5922761  1.       ]], Reward: [2.0280728],Reward_sum: 22.457490921020508, Done: [False]
==========
t: 15, State: [[ 7.13805913e-02  1.27072348e+00  6.47329321e-02 -4.92966667e-02
   3.30602930e-03  7.87792595e-01  9.31218148e-01  7.20664680e-01
   1.24565801e-01 -1.46262427e+00 -4.67453978e-03  5.21133532e+00]], Action: [[-1.         0.5561266 -1.       ]], Reward: [1.9945241],Reward_sum: 24.452014923095703, Done: [False]
==========
t: 16, State: [[ 0.07878501  1.27652593  0.07018928 -0.05482614  0.00311081  0.81581851
   0.92712958  0.72196782  1.2466277   0.07208129 -0.03977595  2.11322438]], Action: [[1.         0.07610205 0.98271334]], Reward: [1.9235805],Reward_sum: 26.375595092773438, Done: [False]
==========
t: 17, State: [[ 0.08564238  1.28225886  0.07478175 -0.05984075  0.00272892  0.82551539
   0.79173329  0.70649253 -0.09147755 -1.32788383 -0.0532349   0.49360167]], Action: [[-1.         -0.09767178  1.        ]], Reward: [1.8551623],Reward_sum: 28.230756759643555, Done: [False]
==========
t: 18, State: [[ 0.0920745   1.28768296  0.07735971 -0.06610992  0.00194225  0.82591811
   0.82070982  0.64383335  0.74274691 -0.24485724 -0.15783701 -0.29064683]], Action: [[ 0.7217714  -0.05218187  1.        ]], Reward: [1.8024912],Reward_sum: 30.033248901367188, Done: [False]
==========
t: 19, State: [[ 0.09792665  1.29261016  0.07660566 -0.07345627 -0.00423602  0.82209772
   0.64288057  0.58621074 -0.93094554 -1.59046271 -1.38771202 -0.60952746]], Action: [[-1. -1.  1.]], Reward: [1.7285185],Reward_sum: 31.761768341064453, Done: [False]
==========
t: 20, State: [[ 0.10367149  1.29688804  0.07425968 -0.08283639 -0.01014183  0.81678251
   0.79350911  0.48365613  0.34253404 -0.7556541  -0.09123125 -0.69089082]], Action: [[0.64064795 1.         1.        ]], Reward: [1.7156943],Reward_sum: 33.47746276855469, Done: [False]
==========
t: 21, State: [[ 0.10979329  1.30040054  0.07248567 -0.09476608 -0.00989137  0.81136829
   0.73699738  0.39352659 -0.78496228 -2.22497013  0.15290192 -0.65016811]], Action: [[-1.          0.09643039  1.        ]], Reward: [1.7632164],Reward_sum: 35.24068069458008, Done: [False]
==========
t: 22, State: [[ 0.1159669   1.30321971  0.07100879 -0.1066468  -0.00905246  0.80650387
   0.80646604  0.31188574  0.41424509 -0.74708936  0.05691852 -0.56159715]], Action: [[1.         0.01810786 1.        ]], Reward: [1.7697009],Reward_sum: 37.010379791259766, Done: [False]
==========
t: 23, State: [[ 0.12192274  1.30539388  0.06854413 -0.1182223  -0.01101747  0.80242096
   0.68249793  0.23084694 -1.02881244 -2.14507365 -0.54764249 -0.45922297]], Action: [[-1.        -0.5257983  1.       ]], Reward: [1.7422036],Reward_sum: 38.752586364746094, Done: [False]
==========
t: 24, State: [[ 0.12808901  1.30684007  0.06710539 -0.12991995 -0.01042448  0.79912224
   0.85894923  0.13126053  0.66742404 -0.78092307  0.69468135 -0.36679935]], Action: [[1. 1. 1.]], Reward: [1.7677832],Reward_sum: 40.52037048339844, Done: [False]
==========
t: 25, State: [[ 0.13431331  1.30759742  0.0663401  -0.14095595 -0.0095626   0.79654161
   0.69720105  0.05774541 -0.85708452 -1.97666762 -0.47790352 -0.28119244]], Action: [[-0.8943055 -0.9323089  1.       ]], Reward: [1.7753692],Reward_sum: 42.295738220214844, Done: [False]
==========
t: 26, State: [[ 0.14059737  1.30766901  0.06627597 -0.15131136 -0.00840857  0.79455936
   0.87366621 -0.03948993  0.83933213 -0.61375889  0.76523416 -0.21639981]], Action: [[1. 1. 1.]], Reward: [1.7825071],Reward_sum: 44.0782470703125, Done: [False]
==========
t: 27, State: [[ 0.14688112  1.30705977  0.06629387 -0.16154289 -0.00730397  0.79306667
   0.69736387 -0.11307982 -0.83302873 -1.94255857 -0.48771121 -0.15940972]], Action: [[-0.99001247 -1.          1.        ]], Reward: [1.7824885],Reward_sum: 45.86073684692383, Done: [False]
==========
t: 28, State: [[ 0.15316673  1.30577165  0.06642631 -0.17162666 -0.00622321  0.79195131
   0.87390105 -0.20862355  0.8643892  -0.5799629   0.75670522 -0.12084626]], Action: [[1. 1. 1.]], Reward: [1.7827017],Reward_sum: 47.64344024658203, Done: [False]
==========
t: 29, State: [[ 0.1594628   1.30380916  0.06686665 -0.18131209 -0.00520509  0.7911314
   0.70021876 -0.28219679 -0.75255315 -1.83992117 -0.50082108 -0.08604972]], Action: [[-0.94304866 -1.          1.        ]], Reward: [1.7841194],Reward_sum: 49.42755889892578, Done: [False]
==========
t: 30, State: [[ 0.16577189  1.30117426  0.06764438 -0.19057832 -0.00422487  0.79052854
   0.87691483 -0.37629068  0.94520547 -0.47821616  0.74465202 -0.06539878]], Action: [[1. 1. 1.]], Reward: [1.7856358],Reward_sum: 51.21319580078125, Done: [False]
==========
t: 31, State: [[ 0.17213835  1.29787959  0.06954865 -0.19843525 -0.00338046  0.79009328
   0.71483554 -0.44735014 -0.46763188 -1.48487576 -0.53216628 -0.04472877]], Action: [[-0.7695319 -1.         1.       ]], Reward: [1.7932159],Reward_sum: 53.006404876708984, Done: [False]
==========
t: 32, State: [[ 0.17845335  1.29390225  0.07071984 -0.20720315 -0.00246447  0.78977633
   0.86375778 -0.54697092  0.75920721 -0.70793792  0.75980745 -0.03477345]], Action: [[0.60193783 1.         1.        ]], Reward: [1.7870125],Reward_sum: 54.793418884277344, Done: [False]
==========
t: 33, State: [[ 1.84681840e-01  1.28923389e+00  7.06170109e-02 -2.17539504e-01
  -1.44831133e-03  7.89551643e-01  6.93458022e-01 -6.20365241e-01
  -7.83280846e-01 -1.87478903e+00 -5.04443911e-01 -2.23188844e-02]], Action: [[-0.8804883 -1.         1.       ]], Reward: [1.7757858],Reward_sum: 56.56920623779297, Done: [False]
==========
t: 34, State: [[ 1.90938930e-01  1.28390080e+00  7.11553518e-02 -2.27085209e-01
  -4.92451999e-04  7.89387824e-01  8.70699392e-01 -7.12654803e-01
   9.16063617e-01 -5.13230475e-01  7.42158944e-01 -1.85794387e-02]], Action: [[1. 1. 1.]], Reward: [1.7791363],Reward_sum: 58.34834289550781, Done: [False]
==========
t: 35, State: [[ 1.97239527e-01  1.27791001e+00  7.26113257e-02 -2.35484660e-01
   3.53333609e-04  7.89273781e-01  7.04572989e-01 -7.85089618e-01
  -5.50515232e-01 -1.58540394e+00 -5.29371297e-01 -1.06202757e-02]], Action: [[-0.8149401 -1.         1.       ]], Reward: [1.7849104],Reward_sum: 60.13325500488281, Done: [False]
==========
t: 36, State: [[ 2.03366683e-01  1.27122461e+00  7.18699600e-02 -2.46319293e-01
   8.62231995e-04  7.89191329e-01  8.09017823e-01 -8.81559336e-01
   2.78188571e-01 -1.10429767e+00  4.24459190e-01 -9.34093430e-03]], Action: [[0.3781033 1.        1.       ]], Reward: [1.7637516],Reward_sum: 61.89700698852539, Done: [False]
==========
t: 37, State: [[ 0.21006669  1.26393212  0.07858001 -0.24920737  0.00307811  0.78912946
   0.86814289 -0.94219831  1.40818512  0.37809384  0.15759289 -0.00637316]], Action: [[1.         0.05306679 1.        ]], Reward: [1.8354974],Reward_sum: 63.732505798339844, Done: [False]
==========
t: 38, State: [[ 2.16292346e-01  1.25609498e+00  8.30805967e-02 -2.51585331e-01
  -6.50715146e-04  7.89096862e-01  6.88378148e-01 -1.01709785e+00
  -2.81127310e-01 -9.71003096e-01 -1.08849250e+00 -2.22951199e-03]], Action: [[-1. -1.  1.]], Reward: [1.7752075],Reward_sum: 65.5077133178711, Done: [False]
==========
t: 39, State: [[ 0.22193112  1.2474244   0.07817578 -0.26563106 -0.00343283  0.78907057
   0.72106576 -1.15121195 -0.94399497 -2.53824032  0.39115525 -0.00401632]], Action: [[-1.  1.  1.]], Reward: [1.7018467],Reward_sum: 67.20954895019531, Done: [False]
==========
t: 40, State: [[ 2.27987764e-01  1.23796258e+00  7.54115675e-02 -2.80010236e-01
  -7.70166965e-04  7.89043522e-01  7.93253333e-01 -1.21343713e+00
   2.51489457e-01 -1.05850331e+00  2.74817946e-01 -2.80960312e-03]], Action: [[1.         0.00128874 1.        ]], Reward: [1.7550806],Reward_sum: 68.96463012695312, Done: [False]
==========
t: 41, State: [[ 2.34474244e-01  1.22805593e+00  8.14555998e-02 -2.82435925e-01
  -9.57923533e-04  7.89027822e-01  8.28418485e-01 -1.26322018e+00
   1.25816139e+00  4.50149113e-01 -3.20951101e-01 -1.26839609e-03]], Action: [[ 1.        -0.3526791  1.       ]], Reward: [1.8086857],Reward_sum: 70.7733154296875, Done: [False]
==========
t: 42, State: [[ 2.40376233e-01  1.21763944e+00  8.47566214e-02 -2.84236276e-01
  -8.50307571e-03  7.89028666e-01  6.47068913e-01 -1.34131104e+00
  -4.30941496e-01 -8.98598527e-01 -1.56402210e+00  1.14124892e-03]], Action: [[-1. -1.  1.]], Reward: [1.7347486],Reward_sum: 72.50806427001953, Done: [False]
==========
t: 43, State: [[ 2.45702120e-01  1.20636771e+00  7.90604455e-02 -2.97205403e-01
  -1.51129850e-02  7.89024491e-01  6.84255776e-01 -1.47689699e+00
  -9.92202470e-01 -2.34169281e+00 -9.02272689e-02 -1.77659265e-03]], Action: [[-0.9152009  1.         1.       ]], Reward: [1.6628982],Reward_sum: 74.17095947265625, Done: [False]
==========
t: 44, State: [[ 0.25177181  1.19423905  0.07734353 -0.310345   -0.01245677  0.78900618
   0.83317631 -1.55477624  0.56129461 -0.94493265  0.75349364 -0.00261894]], Action: [[1.         0.70499134 1.        ]], Reward: [1.7562147],Reward_sum: 75.92717742919922, Done: [False]
==========
t: 45, State: [[ 2.57975045e-01  1.18156802e+00  7.93450229e-02 -3.17997368e-01
  -1.18504993e-02  7.89000373e-01  7.21733671e-01 -1.59967289e+00
  -7.12931294e-02 -9.69632359e-01 -6.01005375e-01  4.10940716e-04]], Action: [[-0.09971093 -1.          1.        ]], Reward: [1.773394],Reward_sum: 77.70056915283203, Done: [False]
==========
t: 46, State: [[ 0.26468229  1.16946529  0.077919   -0.3296596  -0.01181886  0.78893637
   0.95791008 -1.43274794 -0.27199727 -1.9480407   0.59588623 -0.01469492]], Action: [[-0.52846056  1.          1.        ]], Reward: [1.8361261],Reward_sum: 79.53669738769531, Done: [False]
==========
t: 47, State: [[ 0.2727139   1.15894108  0.07788299 -0.33914415 -0.01345756  0.78883054
   1.04777522 -1.20494437  0.26608055 -0.4241003  -1.00180845 -0.01157652]], Action: [[ 1. -1.  1.]], Reward: [2.000951],Reward_sum: 81.53764343261719, Done: [False]
==========
t: 48, State: [[ 0.28183341  1.14961352  0.07721449 -0.34921489 -0.01648107  0.78871541
   1.23103387 -1.13301523 -0.42675065 -2.09138695  0.24290812 -0.01616216]], Action: [[-1.  1.  1.]], Reward: [2.1369398],Reward_sum: 83.6745834350586, Done: [False]
==========
t: 49, State: [[ 0.29196792  1.14119405  0.07616551 -0.35981469 -0.02083542  0.78862211
   1.29866446 -0.97778525  0.1641651  -0.55807665 -1.32334378 -0.007518  ]], Action: [[ 1.        -0.9887446  1.       ]], Reward: [2.2638352],Reward_sum: 85.93841552734375, Done: [False]
==========
t: 50, State: [[ 0.30295948  1.13339603  0.07480954 -0.37088032 -0.02627421  0.78846256
   1.44762889 -0.97690507 -0.49845024 -2.20559408 -0.03780826 -0.02887746]], Action: [[-1.         1.         0.5926769]], Reward: [2.3715942],Reward_sum: 88.31001281738281, Done: [False]
==========
t: 51, State: [[ 0.31489093  1.12594466  0.07404503 -0.38251313 -0.03103448  0.78831973
   1.53194865 -0.89021504  0.30646457 -0.7023998  -1.1452966  -0.0086367 ]], Action: [[ 1.       -0.657742  1.      ]], Reward: [2.4889991],Reward_sum: 90.79901123046875, Done: [False]
==========
t: 52, State: [[ 0.32754957  1.11863747  0.07386685 -0.39459811 -0.03467481  0.78609035
   1.63034862 -0.94137957 -0.34766461 -2.31546194  0.23554333 -0.54384164]], Action: [[-1.         1.        -0.2181656]], Reward: [2.5802817],Reward_sum: 93.3792953491211, Done: [False]
==========
t: 53, State: [[ 0.34099877  1.11123261  0.07462928 -0.40718239 -0.03708704  0.78559049
   1.73390238 -0.91168571  0.53975449 -0.83419555 -0.8438576   0.48012159]], Action: [[ 1.         -0.5775411   0.99082565]], Reward: [2.678835],Reward_sum: 96.0581283569336, Done: [False]
==========
t: 54, State: [[ 0.35492209  1.10364897  0.07522788 -0.4199921  -0.04091775  0.78789994
   1.74411442 -0.98819374 -0.38824076 -2.36448222 -0.11122652  0.10364077]], Action: [[-1.          0.48773614 -0.17621216]], Reward: [2.739146],Reward_sum: 98.79727172851562, Done: [False]
==========
t: 55, State: [[ 0.36901581  1.09581047  0.07540655 -0.43275821 -0.04601031  0.78852071
   1.77747739 -0.97339806  0.43163079 -0.82776937 -1.15735085  0.056047  ]], Action: [[ 1.        -0.6694535  1.       ]], Reward: [2.759267],Reward_sum: 101.55654907226562, Done: [False]
==========
t: 56, State: [[ 0.38333892  1.0875878   0.07624899 -0.44563868 -0.04915636  0.78367322
   1.80101436 -1.08576206 -0.21848599 -2.38896779  0.3711087  -1.26273717]], Action: [[-1.         1.        -0.8756755]], Reward: [2.7876222],Reward_sum: 104.34416961669922, Done: [False]
==========
t: 57, State: [[ 0.39793427  1.07882272  0.07806484 -0.45866073 -0.05007884  0.7758918
   1.84846632 -1.10523655  0.67207882 -0.86898736 -0.60139193 -0.68414981]], Action: [[ 1.         -0.57973146  0.42052907]], Reward: [2.8229048],Reward_sum: 107.16707611083984, Done: [False]
==========
t: 58, State: [[ 0.41216875  1.06963454  0.07779588 -0.47117662 -0.05670823  0.7672442
   1.70973068 -1.19330015 -0.7364644  -2.25810638 -1.05595859 -1.47729207]], Action: [[-1.         -0.44946942 -0.5760273 ]], Reward: [2.777777],Reward_sum: 109.94485473632812, Done: [False]
==========
t: 59, State: [[ 0.42615926  1.05965309  0.07287021 -0.49111802 -0.05940773  0.75151174
   1.78774044 -1.30210366 -0.4951658  -2.72647713  0.37945111 -2.45448023]], Action: [[-0.25806957  1.         -0.6511779 ]], Reward: [2.747323],Reward_sum: 112.69217681884766, Done: [False]
==========
t: 60, State: [[ 0.44077794  1.04910686  0.07366569 -0.50700958 -0.05692745  0.72975162
   1.86730647 -1.33375631  0.69217276 -1.24848994  0.24091743 -2.9848016 ]], Action: [[ 1.         -0.03098187 -0.38157403]], Reward: [2.8261878],Reward_sum: 115.51836395263672, Done: [False]
==========
t: 61, State: [[ 0.45570416  1.03792298  0.076412   -0.52314991 -0.04947655  0.70003921
   1.86348076 -1.46318233 -0.00472542 -2.78411386  1.62036245 -4.44171638]], Action: [[-1.          0.88735664 -1.        ]], Reward: [2.8629904],Reward_sum: 118.38135528564453, Done: [False]
==========
t: 62, State: [[ 0.47086469  1.02619358  0.08083493 -0.53942691 -0.03777217  0.65893675
   1.92714112 -1.46827537  1.10767336 -1.28720303  1.30657322 -5.83219464]], Action: [[ 1.         -0.18064114 -1.        ]], Reward: [2.8930345],Reward_sum: 121.2743911743164, Done: [False]
==========
t: 63, State: [[ 0.4865472   1.01508822  0.08806221 -0.55568938 -0.02041526  0.611233
   2.00894472 -1.23991417  0.75475324 -2.78713991  3.10854605 -5.80603344]], Action: [[-0.93756056  0.91543806 -1.        ]], Reward: [2.9575965],Reward_sum: 124.23198699951172, Done: [False]
==========
t: 64, State: [[ 5.02941559e-01  1.00716234e+00  9.79193455e-02 -5.71860593e-01
   8.85120135e-04  5.66936663e-01  2.08683027e+00 -7.45517187e-01
   1.68591445e+00 -1.25358165e+00  2.17385021e+00 -5.29327198e+00]], Action: [[ 1. -1. -1.]], Reward: [3.0462945],Reward_sum: 127.27828216552734, Done: [False]
==========
t: 65, State: [[ 0.5189509   1.00288341  0.104187   -0.58708767  0.01257708  0.52638431
   1.92547053 -0.33672103 -0.0688512  -2.56275594  0.88144913 -4.88794604]], Action: [[-1.         -0.08535644 -1.        ]], Reward: [2.9991605],Reward_sum: 130.27743530273438, Done: [False]
==========
t: 66, State: [[ 0.53473948  1.00187352  0.10745956 -0.60151633  0.0167101   0.48796796
   2.02731592  0.0730224   0.91322497 -1.05301999  0.22479539 -4.75443229]], Action: [[ 1.         0.5737331 -1.       ]], Reward: [2.9712434],Reward_sum: 133.24867248535156, Done: [False]
==========
t: 67, State: [[ 0.55058365  1.00358     0.10915859 -0.61551644  0.01718547  0.44982731
   1.93537262  0.34483396 -0.47696303 -2.44777074 -0.06892056 -4.81268149]], Action: [[-1.  1. -1.]], Reward: [2.977521],Reward_sum: 136.2261962890625, Done: [False]
==========
t: 68, State: [[ 0.56660986  1.00757586  0.10993714 -0.62922665  0.01601222  0.41040184
   2.07257673  0.64730437  0.67605622 -0.9835689  -0.20306533 -5.07035693]], Action: [[ 1.  1. -1.]], Reward: [3.000276],Reward_sum: 139.22647094726562, Done: [False]
==========
t: 69, State: [[ 0.58285548  1.01352695  0.11000609 -0.64274675  0.01422417  0.36842326
   1.9881581   0.83535476 -0.65951446 -2.39444842 -0.23411871 -5.44476892]], Action: [[-1.  1. -1.]], Reward: [3.0277028],Reward_sum: 142.25418090820312, Done: [False]
==========
t: 70, State: [[ 0.59921066  1.02115299  0.10812712 -0.65747865  0.01234251  0.32290307
   2.10067372  1.06761543  0.18713018 -1.29019915 -0.23071505 -5.95138202]], Action: [[ 0.7534176  1.        -1.       ]], Reward: [3.0418296],Reward_sum: 145.29600524902344, Done: [False]
==========
t: 71, State: [[ 0.6160507   1.03041487  0.10850506 -0.66847136  0.01060905  0.27303086
   2.10849783  1.24535156 -0.09710284 -1.45702331 -0.20095588 -6.5281803 ]], Action: [[-0.13258497  1.         -1.        ]], Reward: [3.102987],Reward_sum: 148.3990020751953, Done: [False]
==========
t: 72, State: [[ 0.63311907  1.0411107   0.10848212 -0.67851623  0.00913273  0.21827041
   2.15786574  1.42684572  0.08655731 -1.05400634 -0.16770991 -7.17039675]], Action: [[ 0.2631588  1.        -1.       ]], Reward: [3.1314776],Reward_sum: 151.53048706054688, Done: [False]
==========
t: 73, State: [[ 0.65058431  1.0532276   0.11002659 -0.68508672  0.00792385  0.15818626
   2.20760971  1.60107807  0.29466848 -0.58834593 -0.13489013 -7.85680789]], Action: [[ 0.30598474  1.         -1.        ]], Reward: [3.1810615],Reward_sum: 154.7115478515625, Done: [False]
==========
t: 74, State: [[ 6.67937745e-01  1.06653967e+00  1.08044528e-01 -6.93676080e-01
   6.98516189e-03  9.25475189e-02  2.12916386e+00  1.72569639e+00
  -7.95377416e-01 -1.55633455e+00 -1.01134001e-01 -8.55763304e+00]], Action: [[-0.7034541  1.        -1.       ]], Reward: [3.1666844],Reward_sum: 157.87823486328125, Done: [False]
==========
t: 75, State: [[ 6.85345152e-01  1.08106984e+00  1.04613424e-01 -7.01588017e-01
   6.25603924e-03  2.10751591e-02  2.22192356e+00  1.90579988e+00
  -6.63451487e-02 -4.22524025e-01 -8.13817042e-02 -9.31498137e+00]], Action: [[ 0.76498145  1.         -1.        ]], Reward: [3.1733406],Reward_sum: 161.05157470703125, Done: [False]
==========
t: 76, State: [[ 7.03288735e-01  1.09694770e+00  1.05031555e-01 -7.02589774e-01
   5.68484063e-03 -5.65282209e-02  2.26312234e+00  2.06223557e+00
   1.68655337e-01  1.71968330e-01 -6.21272179e-02 -1.00000000e+01]], Action: [[ 0.3886299  1.        -1.       ]], Reward: [3.2407968],Reward_sum: 164.29237365722656, Done: [False]
==========
t: 77, State: [[ 7.20866275e-01  1.11379596e+00  1.00345281e-01 -7.06751498e-01
   5.27850906e-03 -1.40310260e-01  2.12945269e+00  2.14787949e+00
  -1.34295115e+00 -1.20928178e+00 -4.09269523e-02 -1.00000000e+01]], Action: [[-1.  1. -1.]], Reward: [3.1941924],Reward_sum: 167.486572265625, Done: [False]
==========
t: 78, State: [[ 7.38277513e-01  1.13162868e+00  9.32060254e-02 -7.10832295e-01
   4.97217243e-03 -2.30550754e-01  2.22212193e+00  2.30814908e+00
  -4.43482668e-01  1.87866146e-01 -3.54537944e-02 -1.00000000e+01]], Action: [[ 0.94134736  1.         -1.        ]], Reward: [3.1735187],Reward_sum: 170.66009521484375, Done: [False]
==========
t: 79, State: [[ 7.55970398e-01  1.15052540e+00  8.89026094e-02 -7.08674486e-01
   4.72982420e-03 -3.27643473e-01  2.19885984e+00  2.41301920e+00
  -6.34504092e-01  3.52853108e-01 -2.56760769e-02 -1.00000000e+01]], Action: [[ 0.07793314  1.         -1.        ]], Reward: [3.2096045],Reward_sum: 173.8696746826172, Done: [False]
==========
t: 80, State: [[ 7.73441544e-01  1.17019464e+00  8.31811073e-02 -7.05006440e-01
   4.55317549e-03 -4.31819850e-01  2.16785457e+00  2.50190366e+00
  -7.94757768e-01  5.64317011e-01 -1.88930984e-02 -1.00000000e+01]], Action: [[ 0.10676879  1.         -1.        ]], Reward: [3.181882],Reward_sum: 177.0515594482422, Done: [False]
==========
t: 81, State: [[ 7.90545593e-01  1.19047760e+00  7.52302533e-02 -7.00771011e-01
   4.42573279e-03 -5.43308031e-01  2.10713195e+00  2.56570610e+00
  -1.19063507e+00  4.94906752e-01 -1.34108804e-02 -1.00000000e+01]], Action: [[-0.09078019  1.         -1.        ]], Reward: [3.1359978],Reward_sum: 180.18756103515625, Done: [False]
==========
t: 82, State: [[ 8.07539134e-01  1.21105633e+00  6.83991863e-02 -6.92766897e-01
   4.29963446e-03 -6.63409180e-01  2.14226558e+00  2.55853297e+00
  -4.90386263e-01  1.50103987e+00 -1.83973980e-02 -1.00000000e+01]], Action: [[ 0.6778342  1.        -1.       ]], Reward: [3.1217332],Reward_sum: 183.30929565429688, Done: [False]
==========
t: 83, State: [[ 8.24013472e-01  1.23102416e+00  5.90933612e-02 -6.86342488e-01
   4.17716927e-03 -7.94214629e-01  1.98315910e+00  2.41629784e+00
  -1.80252377e+00  9.89103340e-02 -1.42972930e-02 -1.00000000e+01]], Action: [[-1.  1. -1.]], Reward: [3.0562923],Reward_sum: 186.36558532714844, Done: [False]
==========
t: 84, State: [[ 8.40842170e-01  1.24912404e+00  5.18979020e-02 -6.80411008e-01
   3.94138857e-03 -8.81743269e-01  2.21680459e+00  2.13851820e+00
  -4.40591574e-02  1.39218257e+00 -3.80940352e-02 -6.51623879e+00]], Action: [[ 1.  1. -1.]], Reward: [3.1005871],Reward_sum: 189.46617126464844, Done: [False]
==========
t: 85, State: [[ 0.85842294  1.2651572   0.04783329 -0.67536085  0.00367286 -0.910962
   2.17146208  1.88443306 -1.00212034 -0.11984956 -0.02791556 -1.37438629]], Action: [[-1.  1. -1.]], Reward: [3.1945965],Reward_sum: 192.6607666015625, Done: [False]
==========
t: 86, State: [[ 0.87640546  1.27984482  0.04518248 -0.67107815  0.00346153 -0.91038064
   2.31896023  1.79521478  0.31952733  1.19422501 -0.02381001  1.17882058]], Action: [[0.94890743 1.         1.        ]], Reward: [3.2449138],Reward_sum: 195.9056854248047, Done: [False]
==========
t: 87, State: [[ 0.8952902   1.29386752  0.05083248 -0.65837905  0.00319695 -0.89514763
   2.40190354  1.71011633  1.09237534  1.97976581 -0.03935807  2.61713342]], Action: [[0.57044977 0.47960058 1.        ]], Reward: [3.3590374],Reward_sum: 199.26470947265625, Done: [False]
==========
t: 88, State: [[ 9.14636810e-01  1.30715673e+00  6.08969238e-02 -6.41053253e-01
   2.19049402e-03 -8.68473595e-01  2.43439245e+00  1.61173997e+00
   1.42297956e+00  2.35146064e+00 -2.11760444e-01  4.04943499e+00]], Action: [[ 0.2728157  -0.04647258  1.        ]], Reward: [3.41725],Reward_sum: 202.6819610595703, Done: [False]
==========
t: 89, State: [[ 9.34024774e-01  1.31963750e+00  7.19003672e-02 -6.22042267e-01
  -1.34710225e-03 -8.30295776e-01  2.41233999e+00  1.50822659e+00
   1.32762268e+00  2.40137987e+00 -6.71769625e-01  5.49299251e+00]], Action: [[ 0.02963581 -0.28650925  1.        ]], Reward: [3.4224126],Reward_sum: 206.1043701171875, Done: [False]
==========
t: 90, State: [[ 0.95316264  1.33123845  0.08124653 -0.60381353 -0.00826318 -0.78061756
   2.37187849  1.39188504  1.00881835  2.15626569 -1.05639479  6.92446019]], Action: [[-0.1727526  -0.25287625  1.        ]], Reward: [3.39114],Reward_sum: 209.49551391601562, Done: [False]
==========
t: 91, State: [[ 0.97214114  1.34179826  0.08847924 -0.58856307 -0.01552153 -0.71968866
   2.37243374  1.24807303  0.79864832  1.6572356  -0.75796722  8.30569702]], Action: [[-0.30866343  0.24141589  1.        ]], Reward: [3.3711584],Reward_sum: 212.86666870117188, Done: [False]
==========
t: 92, State: [[ 0.99095091  1.35126492  0.0930927  -0.57739394 -0.02198166 -0.6483609
   2.32972463  1.11853661  0.35432321  1.13594147 -0.85642444  9.52428444]], Action: [[-0.35541627 -0.06782934  0.8791853 ]], Reward: [3.3503168],Reward_sum: 216.21697998046875, Done: [False]
==========
t: 93, State: [[ 1.00949239  1.35954656  0.09289706 -0.57407093 -0.02482109 -0.5707573
   2.30557201  0.95212021 -0.4032158  -0.30319979  0.1457103   9.87599798]], Action: [[-0.93742746  0.66619277  0.32252526]], Reward: [3.3162584],Reward_sum: 219.53323364257812, Done: [False]
==========
t: 94, State: [[ 1.02833057  1.36693462  0.09452789 -0.57072006 -0.0239499  -0.48930436
   2.40342496  0.89458036  0.80845081  1.1395495   0.07292417 10.        ]], Action: [[1.         0.05365101 0.4876032 ]], Reward: [3.353532],Reward_sum: 222.8867645263672, Done: [False]
==========
t: 95, State: [[ 1.04717267  1.37359934  0.09685405 -0.56642837 -0.02300562 -0.40549122
   2.30745022  0.77210907 -0.22595428 -0.06531966  0.16285853 10.        ]], Action: [[-0.8369561  -0.01990023  0.03696858]], Reward: [3.3545609],Reward_sum: 226.24134826660156, Done: [False]
==========
t: 96, State: [[ 1.06602472  1.37952621  0.09990481 -0.56118243 -0.02192539 -0.31866036
   2.40492147  0.70925455  0.98572268  1.37553572  0.10817993 10.        ]], Action: [[1.         0.06950882 0.6044526 ]], Reward: [3.3551352],Reward_sum: 229.5964813232422, Done: [False]
==========
t: 97, State: [[ 1.08481316  1.38474754  0.10306822 -0.55540958 -0.02100537 -0.22990131
   2.29278253  0.59678989 -0.19330135  0.06891325  0.12137186 10.        ]], Action: [[-0.9135765  -0.09515807 -0.14927298]], Reward: [3.3476894],Reward_sum: 232.9441680908203, Done: [False]
==========
t: 98, State: [[ 1.10343992  1.38920571  0.10448528 -0.55194692 -0.01877878 -0.14114304
   2.36359639  0.51781214  0.5456228   0.79614871  0.4355331  10.        ]], Action: [[0.5209599  0.27970365 0.27770934]], Reward: [3.327918],Reward_sum: 236.27207946777344, Done: [False]
==========
t: 99, State: [[ 1.12202863  1.39286982  0.10489006 -0.55056013 -0.01413785 -0.05178704
   2.28391454  0.39862189 -0.44338725 -0.44807812  0.7241134  10.        ]], Action: [[-0.8539207   0.12300947 -0.03267062]], Reward: [3.3228438],Reward_sum: 239.5949249267578, Done: [False]
==========
t: 100, State: [[ 1.14061606e+00  1.39586920e+00  1.05804713e-01 -5.48275994e-01
  -9.26317502e-03  3.93274058e-02  2.36265974e+00  3.51379202e-01
   6.69405652e-01  1.01756455e+00  4.95581235e-01  1.00000000e+01]], Action: [[ 1.        -0.0712758  0.4638974]], Reward: [3.3222086],Reward_sum: 242.91712951660156, Done: [False]
==========
t: 101, State: [[ 1.15913241e+00  1.39823026e+00  1.06403208e-01 -5.45953198e-01
  -4.19523095e-03  1.30989757e-01  2.26695224e+00  2.39325419e-01
  -5.17864573e-01 -4.35413421e-01  7.70511966e-01  1.00000000e+01]], Action: [[-1.          0.08970335 -0.24198776]], Reward: [3.3134763],Reward_sum: 246.23060607910156, Done: [False]
==========
t: 102, State: [[ 1.17756507e+00  1.39996679e+00  1.06585252e-01 -5.43543794e-01
   7.74173207e-04  2.23681034e-01  2.33944326e+00  1.95794361e-01
   5.52708731e-01  1.03790766e+00  4.52663149e-01  1.00000000e+01]], Action: [[ 1.         -0.11682636  0.54315525]], Reward: [3.302774],Reward_sum: 249.53338623046875, Done: [False]
==========
t: 103, State: [[ 1.19573055e+00  1.40119206e+00  1.05346492e-01 -5.40868004e-01
   3.20721001e-03  3.16826853e-01  2.20477162e+00  1.09761984e-01
  -8.48413054e-01 -3.70180630e-01  1.83137789e-01  1.00000000e+01]], Action: [[-1.          0.13568619 -0.3602541 ]], Reward: [3.2695367],Reward_sum: 252.8029327392578, Done: [False]
==========
t: 104, State: [[ 1.21371790e+00  1.40186347e+00  1.03095253e-01 -5.37993725e-01
   4.05031425e-03  4.11446659e-01  2.29298803e+00  5.82924934e-02
   2.88157142e-01  1.08596665e+00  4.34433292e-02  1.00000000e+01]], Action: [[1.         0.3856776  0.72628045]], Reward: [3.2467434],Reward_sum: 256.0496826171875, Done: [False]
==========
t: 105, State: [[ 1.23160032e+00  1.40198873e+00  1.00140474e-01 -5.35026801e-01
   4.19655276e-03  5.06678337e-01  2.17866842e+00 -2.73581406e-02
  -1.02119394e+00 -3.43509587e-01 -1.45981215e-03  1.00000000e+01]], Action: [[-1.          0.65997887 -0.49951422]], Reward: [3.2336175],Reward_sum: 259.2832946777344, Done: [False]
==========
t: 106, State: [[ 1.24941394e+00  1.40157694e+00  9.66356731e-02 -5.31974017e-01
   3.98424024e-03  6.02364779e-01  2.27509104e+00 -7.48752202e-02
   1.44181249e-01  1.10460613e+00 -4.50810235e-02  1.00000000e+01]], Action: [[1.        0.3586773 0.6977827]], Reward: [3.2250867],Reward_sum: 262.5083923339844, Done: [False]
==========
t: 107, State: [[ 1.26718753e+00  1.40065833e+00  9.26819626e-02 -5.28892244e-01
   3.72037082e-03  6.97351587e-01  2.16869026e+00 -1.55311531e-01
  -1.12934344e+00 -3.32784867e-01 -2.30064992e-02  1.00000000e+01]], Action: [[-1.          0.94615614 -0.6963558 ]], Reward: [3.219318],Reward_sum: 265.72772216796875, Done: [False]
==========
t: 108, State: [[ 1.28493114e+00  1.39924898e+00  8.83186130e-02 -5.25760781e-01
   3.38961801e-03  7.91409461e-01  2.26579462e+00 -1.86495675e-01
   3.91716173e-02  1.11536919e+00 -5.35329092e-02  1.00000000e+01]], Action: [[1.         0.20086601 0.6519176 ]], Reward: [3.2164862],Reward_sum: 268.9442138671875, Done: [False]
==========
t: 109, State: [[ 1.30258347e+00  1.39800497e+00  8.43924534e-02 -5.21791425e-01
   3.16366394e-03  8.53772645e-01  2.14988916e+00 -1.43816762e-01
  -1.01609723e+00 -1.24876186e-01 -9.58029158e-03  4.59747294e+00]], Action: [[-0.87608707  1.         -0.8508675 ]], Reward: [3.20405],Reward_sum: 272.14825439453125, Done: [False]
==========
t: 110, State: [[ 1.32008884  1.39704007  0.08117992 -0.51693602  0.00295648  0.8744395
   2.22815808 -0.1068813   0.21242488  1.33495502 -0.03847297  0.98069812]], Action: [[1.         0.15845826 1.        ]], Reward: [3.1861463],Reward_sum: 275.33441162109375, Done: [False]
==========
t: 111, State: [[ 1.3377018   1.39594541  0.08078817 -0.50880071  0.00275904  0.87419346
   2.17607733 -0.17150251 -0.31206311  0.6988294  -0.01393681 -0.8045545 ]], Action: [[-0.43949118  0.82726943 -0.11830997]], Reward: [3.2007282],Reward_sum: 278.53509521484375, Done: [False]
==========
t: 112, State: [[ 1.35530649  1.39439988  0.08105333 -0.49997776  0.00267335  0.86457981
   2.22540799 -0.21759257  0.37662122  1.50556465 -0.00818657 -1.47776623]], Action: [[0.5608643 0.7902677 0.7449291]], Reward: [3.1990924],Reward_sum: 281.73419189453125, Done: [False]
==========
t: 113, State: [[ 1.37269844  1.39218833  0.07909689 -0.49373066  0.00247671  0.85193341
   2.12351971 -0.33640798 -0.86313013  0.05722031 -0.03666149 -1.62278617]], Action: [[-1.         -0.03181329  0.67254263]], Reward: [3.172541],Reward_sum: 284.90673828125, Done: [False]
==========
t: 114, State: [[ 1.39007654  1.38931683  0.07713803 -0.48750999  0.00231736  0.83935765
   2.22056971 -0.38215779  0.37067228  1.49648803 -0.00667037 -1.4963419 ]], Action: [[1. 1. 1.]], Reward: [3.1692617],Reward_sum: 288.07598876953125, Done: [False]
==========
t: 115, State: [[ 1.40744351  1.38575799  0.0751304  -0.48134616  0.00214594  0.82814776
   2.12183836 -0.50762828 -0.86980031  0.04573319 -0.03224684 -1.29569139]], Action: [[-1.         -0.04421297  0.60093564]], Reward: [3.169509],Reward_sum: 291.2454833984375, Done: [False]
==========
t: 116, State: [[ 1.42480800e+00  1.38150097e+00  7.31198306e-02 -4.75218341e-01
   2.02972729e-03  8.18789497e-01  2.21869850e+00 -5.56737889e-01
   3.64417559e-01  1.48490611e+00 -6.12792072e-04 -1.04604453e+00]], Action: [[1. 1. 1.]], Reward: [3.1675608],Reward_sum: 294.4130554199219, Done: [False]
==========
t: 117, State: [[ 1.44216429e+00  1.37654665e+00  7.10574663e-02 -4.69148898e-01
   1.89472700e-03  8.11251401e-01  2.12086017e+00 -6.81619729e-01
  -8.77673353e-01  3.38969105e-02 -3.05446364e-02 -8.40786963e-01]], Action: [[-1.         -0.09672317  0.56257105]], Reward: [3.1682098],Reward_sum: 297.5812683105469, Done: [False]
==========
t: 118, State: [[ 1.45951725e+00  1.37089814e+00  6.89897238e-02 -4.63113504e-01
   1.80331279e-03  8.05372094e-01  2.21673963e+00 -7.30479502e-01
   3.57839447e-01  1.47369346e+00  3.49485335e-03 -6.36672762e-01]], Action: [[1. 1. 1.]], Reward: [3.1661203],Reward_sum: 300.74737548828125, Done: [False]
==========
t: 119, State: [[ 1.47689268e+00  1.36457251e+00  6.72666700e-02 -4.56692353e-01
   1.73773522e-03  8.00857279e-01  2.12760117e+00 -8.50667264e-01
  -7.86228309e-01  1.32886922e-01 -1.69558356e-02 -4.95795049e-01]], Action: [[-0.922931    0.05564418  0.57430506]], Reward: [3.1707437],Reward_sum: 303.91815185546875, Done: [False]
==========
t: 120, State: [[ 1.49429195e+00  1.35757497e+00  6.59195237e-02 -4.49862099e-01
   1.72922017e-03  7.97467501e-01  2.22160307e+00 -8.98783553e-01
   4.46706019e-01  1.57338584e+00  1.11441128e-02 -3.58633109e-01]], Action: [[1. 1. 1.]], Reward: [3.1719096],Reward_sum: 307.0900573730469, Done: [False]
==========
t: 121, State: [[ 1.51179861e+00  1.34994619e+00  6.60850297e-02 -4.41267344e-01
   1.74947392e-03  7.94900007e-01  2.15543969e+00 -1.00811811e+00
  -4.03638025e-01  5.76251859e-01 -4.12245272e-03 -2.84576689e-01]], Action: [[-0.68394405  0.26751128  0.44013572]], Reward: [3.1875987],Reward_sum: 310.27764892578125, Done: [False]
==========
t: 122, State: [[ 1.52913249e+00  1.34159917e+00  6.41279008e-02 -4.35212931e-01
   1.82366849e-03  7.92043357e-01  2.17770643e+00 -1.07862911e+00
  -8.72463290e-02  9.37215843e-01  1.93145067e-02 -4.29290891e-01]], Action: [[ 0.25302276  1.         -0.10037445]], Reward: [3.1656609],Reward_sum: 313.44329833984375, Done: [False]
==========
t: 123, State: [[ 1.54635490e+00  1.33254440e+00  6.07554903e-02 -4.30891950e-01
   2.00361932e-03  7.89400640e-01  2.12784254e+00 -1.18463818e+00
  -7.55532792e-01  1.44135913e-01  2.44247214e-02 -2.46849518e-01]], Action: [[-0.5439039   0.86957645  0.30555815]], Reward: [3.151656],Reward_sum: 316.5949401855469, Done: [False]
==========
t: 124, State: [[ 1.56373926e+00  1.32287067e+00  5.96055596e-02 -4.23957313e-01
   2.20045473e-03  7.88050856e-01  2.21782619e+00 -1.23380244e+00
   4.66487165e-01  1.58801104e+00  2.41974340e-02 -1.04958728e-01]], Action: [[1. 1. 1.]], Reward: [3.170046],Reward_sum: 319.7649841308594, Done: [False]
==========
t: 125, State: [[ 1.58128986  1.31266943  0.06117127 -0.41376636  0.00230345  0.78431323
   2.17014873 -1.31633911 -0.07352991  0.96022599  0.00390119 -0.82864075]], Action: [[-0.43105787  0.4667835  -0.5105712 ]], Reward: [3.1931598],Reward_sum: 322.9581298828125, Done: [False]
==========
t: 126, State: [[ 1.59837438  1.30167969  0.05676537 -0.41062609  0.00237954  0.77864409
   2.1010381  -1.43103461 -1.02747208 -0.17369579  0.01357804 -0.5888375 ]], Action: [[-0.7786421   0.89132655  0.16043705]], Reward: [3.134139],Reward_sum: 326.0922546386719, Done: [False]
==========
t: 127, State: [[ 1.6155753   1.28992296  0.0534268  -0.40625063  0.00248737  0.77962343
   2.19895844 -1.5081428   0.19118769  1.26592245  0.01310107  0.83195011]], Action: [[1. 1. 1.]], Reward: [3.147115],Reward_sum: 329.23944091796875, Done: [False]
==========
t: 128, State: [[ 1.63304704  1.27762217  0.05400987 -0.39721695  0.00255441  0.78055084
   2.16909355 -1.56710623 -0.04463081  0.99271974  0.00456228 -0.59841566]], Action: [[-0.18945576  0.66478837 -1.        ]], Reward: [3.182489],Reward_sum: 332.42193603515625, Done: [False]
==========
t: 129, State: [[ 1.65025758  1.26480858  0.05221263 -0.390997    0.00262902  0.77126881
   2.13349798 -1.63618684 -0.40484531  0.56288702  0.01275385 -1.72068122]], Action: [[-0.29686207  0.94205713 -0.79123473]], Reward: [3.1497157],Reward_sum: 335.5716552734375, Done: [False]
==========
t: 130, State: [[ 1.6669837   1.25128827  0.04439654 -0.39192366  0.00276101  0.75632105
   2.04805272 -1.74412671 -1.54850195 -0.79278234  0.01897418 -2.01584387]], Action: [[-0.9358064   1.         -0.22059673]], Reward: [3.0888412],Reward_sum: 338.6604919433594, Done: [False]
==========
t: 131, State: [[ 1.68374954  1.23702466  0.0368567  -0.39247099  0.00277622  0.74592903
   2.14361104 -1.82160215 -0.33612432  0.65384931 -0.01120657 -0.58404175]], Action: [[1.        0.5285704 1.       ]], Reward: [3.09345],Reward_sum: 341.7539367675781, Done: [False]
==========
t: 132, State: [[ 1.70078565  1.2222151   0.03324836 -0.38835619  0.00276478  0.73556486
   2.11525656 -1.88071995 -0.56667405  0.37538427  0.00608664 -2.00520731]], Action: [[-0.1947415  1.        -1.       ]], Reward: [3.1274762],Reward_sum: 344.88140869140625, Done: [False]
==========
t: 133, State: [[ 1.71771648  1.20690862  0.02918601 -0.3847998   0.00283697  0.71695872
   2.11734408 -1.94585734 -0.44952512  0.51364201  0.01106264 -2.64553573]], Action: [[ 0.09446952  1.         -0.4579252 ]], Reward: [3.1151352],Reward_sum: 347.9965515136719, Done: [False]
==========
t: 134, State: [[ 1.73434698e+00  1.19103183e+00  2.19579052e-02 -3.84970231e-01
   2.95073013e-03  6.90183541e-01  2.04022842e+00 -2.02332910e+00
  -1.35753959e+00 -5.54783544e-01  1.63069802e-02 -4.04653580e+00]], Action: [[-0.74250054  1.         -1.        ]], Reward: [3.0762603],Reward_sum: 351.07281494140625, Done: [False]
==========
t: 135, State: [[ 1.75101428e+00  1.17463058e+00  1.59534299e-02 -3.83594318e-01
   2.95335591e-03  6.59325162e-01  2.12675327e+00 -2.07703699e+00
  -1.43237677e-01  8.96669127e-01 -1.19095872e-02 -3.66872170e+00]], Action: [[1.         0.56198734 0.2510367 ]], Reward: [3.082034],Reward_sum: 354.1548156738281, Done: [False]
==========
t: 136, State: [[ 1.76888550e+00  1.15784697e+00  1.27856961e-02 -3.83318511e-01
   2.84032481e-03  6.21425083e-01  2.39477409e+00 -2.10782564e+00
  -5.27258595e-01 -8.72968806e-01 -1.94176054e-02 -5.92751962e+00]], Action: [[-1.  1. -1.]], Reward: [3.2309022],Reward_sum: 357.3857116699219, Done: [False]
==========
t: 137, State: [[ 1.78958526e+00  1.14120610e+00  1.61387783e-02 -3.85536184e-01
   2.03719020e-03  5.65446196e-01  2.75798458e+00 -2.05692139e+00
   1.32229241e+00  3.36199882e-01 -1.27514139e-01 -8.00429652e+00]], Action: [[ 1.          0.39270142 -1.        ]], Reward: [3.5853164],Reward_sum: 360.9710388183594, Done: [False]
==========
t: 138, State: [[ 1.81189468e+00  1.12453083e+00  2.32959441e-02 -3.89182125e-01
   1.39847092e-03  4.94527944e-01  2.80083863e+00 -2.11680564e+00
   4.27194897e-01 -1.22931639e+00 -3.99973014e-02 -9.68249850e+00]], Action: [[-1.         0.9122776 -1.       ]], Reward: [3.785845],Reward_sum: 364.7568664550781, Done: [False]
==========
t: 139, State: [[ 1.83429313e+00  1.10850866e+00  2.55325446e-02 -4.01658431e-01
   1.33731939e-03  4.15329772e-01  2.76689327e+00 -1.65031082e+00
   1.48497318e-01 -1.86227777e+00  3.02065554e-02 -9.18592119e+00]], Action: [[-0.43727034  0.89745843 -1.        ]], Reward: [3.79781],Reward_sum: 368.5546875, Done: [False]
==========
t: 140, State: [[ 1.85658393e+00  1.09879326e+00  3.23281347e-02 -4.10909057e-01
   1.64963825e-03  3.49319714e-01  2.80810245e+00 -8.01485344e-01
   1.53458404e+00 -4.52552253e-01  4.38189833e-02 -7.40892872e+00]], Action: [[ 0.9422974   0.46181038 -1.        ]], Reward: [3.7842486],Reward_sum: 372.33892822265625, Done: [False]
==========
t: 141, State: [[ 1.87850188e+00  1.09506304e+00  4.01488187e-02 -4.20112756e-01
   2.14515046e-03  2.95529983e-01  2.67229080e+00 -1.53035474e-01
   4.07906231e-01 -1.84620069e+00  7.33654300e-02 -6.12471833e+00]], Action: [[-1.  1. -1.]], Reward: [3.7367435],Reward_sum: 376.07568359375, Done: [False]
==========
t: 142, State: [[ 1.89957373e+00  1.09607024e+00  4.15196950e-02 -4.37167856e-01
   2.73635452e-03  2.49952773e-01  2.59681931e+00  3.84503412e-01
  -7.41758705e-02 -2.41753808e+00  7.16339233e-02 -5.34705839e+00]], Action: [[-0.43476272  1.         -1.        ]], Reward: [3.6317928],Reward_sum: 379.70745849609375, Done: [False]
==========
t: 143, State: [[ 1.92017687e+00  1.10095277e+00  4.02977489e-02 -4.57080674e-01
   3.20557589e-03  2.08807726e-01  2.55488339e+00  8.18768269e-01
  -2.38100964e-01 -2.56127427e+00  4.65381963e-02 -5.00494234e+00]], Action: [[-0.13820963  0.75211346 -1.        ]], Reward: [3.5738072],Reward_sum: 383.28131103515625, Done: [False]
==========
t: 144, State: [[ 1.94015626e+00  1.10881081e+00  3.37575404e-02 -4.82575140e-01
   3.54671630e-03  1.69001478e-01  2.43938996e+00  1.13091661e+00
  -1.40436144e+00 -3.81045837e+00  3.80615131e-02 -4.99891726e+00]], Action: [[-0.90681     0.92271423 -1.        ]], Reward: [3.4947505],Reward_sum: 386.77606201171875, Done: [False]
==========
t: 145, State: [[ 1.95987721e+00  1.11908577e+00  2.61252704e-02 -5.08417331e-01
   3.79159322e-03  1.27901005e-01  2.49112431e+00  1.42759306e+00
  -5.10504923e-01 -2.65193901e+00  2.36965862e-02 -5.31799579e+00]], Action: [[ 0.76523894  1.         -1.        ]], Reward: [3.4625332],Reward_sum: 390.23858642578125, Done: [False]
==========
t: 146, State: [[ 1.97931011e+00  1.13123583e+00  1.69700865e-02 -5.34726466e-01
   3.97013925e-03  8.35218660e-02  2.36534188e+00  1.60079228e+00
  -1.78584321e+00 -3.92226604e+00  2.04717577e-02 -5.80614777e+00]], Action: [[-0.9258066  1.        -1.       ]], Reward: [3.4262547],Reward_sum: 393.66485595703125, Done: [False]
==========
t: 147, State: [[ 1.99840110e+00  1.14486489e+00  5.83196381e-03 -5.61576943e-01
   4.08096406e-03  3.44173589e-02  2.40696577e+00  1.80133049e+00
  -1.00507918e+00 -2.79151840e+00  8.24379509e-03 -6.49218625e+00]], Action: [[ 0.7413909  1.        -1.       ]], Reward: [3.3838239],Reward_sum: 397.04864501953125, Done: [False]
==========
t: 148, State: [[ 2.01763854e+00  1.15991261e+00 -1.22563112e-03 -5.81687910e-01
   4.12397329e-03 -2.05983397e-02  2.40127407e+00  1.95670425e+00
  -7.65751322e-01 -2.23590559e+00  2.95750187e-03 -7.27607177e+00]], Action: [[ 0.34220284  1.         -1.        ]], Reward: [3.4025629],Reward_sum: 400.45123291015625, Done: [False]
==========
t: 149, State: [[ 2.03662819e+00  1.17604071e+00 -8.51520757e-03 -5.99605597e-01
   4.14272205e-03 -8.21400301e-02  2.34456840e+00  2.07216608e+00
  -1.06264835e+00 -2.24210355e+00  1.79393310e-03 -8.11849112e+00]], Action: [[-0.05349099  1.         -1.        ]], Reward: [3.3717031],Reward_sum: 403.82293701171875, Done: [False]
==========
t: 150, State: [[ 2.05554490e+00  1.19321601e+00 -1.35917086e-02 -6.12202429e-01
   4.13398323e-03 -1.50726613e-01  2.38390393e+00  2.21977820e+00
  -2.10554062e-01 -9.08208091e-01 -3.31466907e-03 -9.03444808e+00]], Action: [[ 0.88191104  1.         -1.        ]], Reward: [3.361811],Reward_sum: 407.18475341796875, Done: [False]
==========
t: 151, State: [[ 2.07471004e+00  1.21150432e+00 -1.25444639e-02 -6.14866744e-01
   4.10000880e-03 -2.26750996e-01  2.40678476e+00  2.35052229e+00
   4.70014287e-01  2.41241774e-01 -4.89188875e-03 -9.97542547e+00]], Action: [[ 0.7579735  1.        -1.       ]], Reward: [3.3930688],Reward_sum: 410.57781982421875, Done: [False]
==========
t: 152, State: [[ 2.09326679e+00  1.23043612e+00 -1.49207132e-02 -6.18397740e-01
   4.09563854e-03 -3.10139432e-01  2.23046814e+00  2.38017703e+00
  -1.06724856e+00 -1.12054685e+00  2.84015201e-03 -1.00000000e+01]], Action: [[-1.  1. -1.]], Reward: [3.3165941],Reward_sum: 413.8944091796875, Done: [False]
==========
t: 153, State: [[ 2.11125217e+00  1.24996005e+00 -1.96352458e-02 -6.21320923e-01
   4.09195507e-03 -4.01079728e-01  2.26500736e+00  2.49845706e+00
  -1.12683402e-01  3.88382508e-01 -3.02575573e-03 -1.00000000e+01]], Action: [[ 1.  1. -1.]], Reward: [3.2451718],Reward_sum: 417.13958740234375, Done: [False]
==========
t: 154, State: [[ 2.12876068e+00  1.27005277e+00 -2.51984109e-02 -6.21890894e-01
   4.09174319e-03 -4.99702154e-01  2.11143843e+00  2.52327812e+00
  -1.27759209e+00 -5.29237030e-01  2.26343676e-03 -1.00000000e+01]], Action: [[-0.69360286  1.         -1.        ]], Reward: [3.1860824],Reward_sum: 420.32568359375, Done: [False]
==========
t: 155, State: [[ 2.14576519e+00  1.29063905e+00 -3.15818513e-02 -6.20087102e-01
   4.08341227e-03 -6.06071965e-01  2.13939239e+00  2.62066822e+00
  -3.16578606e-01  9.78194203e-01 -3.66081208e-03 -1.00000000e+01]], Action: [[ 1.  1. -1.]], Reward: [3.1225636],Reward_sum: 423.4482421875, Done: [False]
==========
t: 156, State: [[ 2.16218902e+00  1.31142400e+00 -3.97405516e-02 -6.17396140e-01
   4.03525123e-03 -7.20764554e-01  1.97727598e+00  2.54651754e+00
  -1.67430644e+00 -3.14222787e-01 -9.87735401e-03 -1.00000000e+01]], Action: [[-0.93905336  0.81967914 -1.        ]], Reward: [3.0504258],Reward_sum: 426.4986572265625, Done: [False]
==========
t: 157, State: [[ 2.17842936e+00  1.33149654e+00 -4.80223341e-02 -6.14178445e-01
   3.90991634e-03 -8.35243067e-01  2.13419596e+00  2.40866035e+00
  -2.38882112e-01  1.07040419e+00 -2.71118166e-02 -1.00000000e+01]], Action: [[ 1.  1. -1.]], Reward: [3.0270422],Reward_sum: 429.52569580078125, Done: [False]
==========
t: 158, State: [[ 2.19559099  1.34951564 -0.05328647 -0.61183145  0.00367802 -0.88964824
   2.14585197  2.11476976 -1.11225831 -0.47213163 -0.02797977 -3.67137221]], Action: [[-1.        0.965822 -1.      ]], Reward: [3.142271],Reward_sum: 432.66796875, Done: [False]
==========
t: 159, State: [[ 2.21316113  1.36584782 -0.05993085 -0.61427296  0.00346933 -0.90300028
   2.23934947  1.97771073 -0.57170007 -0.13208948 -0.02297405 -0.09699727]], Action: [[ 0.27564824  1.         -0.39720568]], Reward: [3.1950338],Reward_sum: 435.86297607421875, Done: [False]
==========
t: 160, State: [[ 2.23140061  1.38129817 -0.06192318 -0.61298266  0.00331495 -0.89599214
   2.31696931  1.88868894  0.06263431  0.4570723  -0.01557304  1.65993315]], Action: [[0.4316862 1.        1.       ]], Reward: [3.277749],Reward_sum: 439.1407470703125, Done: [False]
==========
t: 161, State: [[ 2.25014027e+00  1.39621025e+00 -5.82670392e-02 -6.04683717e-01
   6.54578400e-04 -8.76881356e-01  2.36763391e+00  1.83874219e+00
   8.50343168e-01  1.61645384e+00 -6.48476969e-01  3.11583354e+00]], Action: [[ 0.78785306 -0.3416011   1.        ]], Reward: [3.3407192],Reward_sum: 442.4814453125, Done: [False]
==========
t: 162, State: [[ 2.26943945e+00  1.41051626e+00 -4.90143353e-02 -5.90226514e-01
  -2.99436726e-03 -8.46372063e-01  2.45677348e+00  1.73717018e+00
   1.46164355e+00  1.99769703e+00 -2.63856146e-01  4.50961723e+00]], Action: [[0.31397814 0.37157682 1.        ]], Reward: [3.4111614],Reward_sum: 445.89263916015625, Done: [False]
==========
t: 163, State: [[ 2.28916244e+00  1.42392196e+00 -3.74730895e-02 -5.75021297e-01
  -4.75696660e-03 -8.04647360e-01  2.47367594e+00  1.61402224e+00
   1.42318536e+00  1.80406112e+00 -1.76526280e-01  5.91957402e+00]], Action: [[-0.10633061  0.11037329  1.        ]], Reward: [3.4643507],Reward_sum: 449.35699462890625, Done: [False]
==========
t: 164, State: [[ 2.30891208e+00  1.43630653e+00 -2.72393700e-02 -5.62297128e-01
  -6.16485502e-03 -7.51654617e-01  2.46343336e+00  1.48201882e+00
   1.13491375e+00  1.37772808e+00 -1.75021297e-01  7.32653771e+00]], Action: [[-0.2764601   0.02903894  1.        ]], Reward: [3.4676273],Reward_sum: 452.8245849609375, Done: [False]
==========
t: 165, State: [[ 2.32854837e+00  1.44762249e+00 -1.95790532e-02 -5.53239214e-01
  -7.59250951e-03 -6.87449757e-01  2.44527393e+00  1.34681318e+00
   7.79689886e-01  8.87655101e-01 -1.81366724e-01  8.72251528e+00]], Action: [[-0.32492742  0.01658335  1.        ]], Reward: [3.453431],Reward_sum: 456.27801513671875, Done: [False]
==========
t: 166, State: [[ 2.34802402e+00  1.45774930e+00 -1.58330838e-02 -5.50164395e-01
  -7.54103689e-03 -6.12190597e-01  2.42314087e+00  1.18465806e+00
   1.56306394e-01 -1.17247061e-01  1.94440095e-01  1.00000000e+01]], Action: [[-0.66392267  0.26854792  1.        ]], Reward: [3.432943],Reward_sum: 459.71099853515625, Done: [False]
==========
t: 167, State: [[ 2.36764281e+00  1.46684494e+00 -1.21720214e-02 -5.48676181e-01
  -5.62824400e-03 -5.26896080e-01  2.48092167e+00  1.08878405e+00
   7.56701881e-01  4.89110642e-01  2.84557546e-01  1.00000000e+01]], Action: [[0.4322431  0.14553729 0.85644364]], Reward: [3.4514072],Reward_sum: 463.162353515625, Done: [False]
==========
t: 168, State: [[ 2.38753128e+00  1.47488796e+00 -8.26103925e-03 -5.49734445e-01
   1.19895017e-03 -4.35447414e-01  2.48268580e+00  9.23852460e-01
   1.82750950e-01 -7.43185833e-01  1.32819094e+00  1.00000000e+01]], Action: [[-0.79527026  0.7845087   0.37298903]], Reward: [3.484672],Reward_sum: 466.64703369140625, Done: [False]
==========
t: 169, State: [[ 2.40749191e+00  1.48209399e+00 -3.27351915e-03 -5.49589932e-01
   8.18579645e-03 -3.37586609e-01  2.51428344e+00  8.75689238e-01
   1.09510371e+00  7.70185779e-01  5.04728175e-01  1.00000000e+01]], Action: [[ 1.         -0.17090306  0.8709996 ]], Reward: [3.4932907],Reward_sum: 470.14031982421875, Done: [False]
==========
t: 170, State: [[ 2.42696385e+00  1.48868473e+00 -4.73988882e-04 -5.48954621e-01
   1.04891112e-02 -2.38014752e-01  2.35829202e+00  7.71866642e-01
  -3.74456871e-01 -6.14324286e-01  1.15133749e-01  1.00000000e+01]], Action: [[-1.          0.35321417 -0.48219967]], Reward: [3.4326344],Reward_sum: 473.572998046875, Done: [False]
==========
t: 171, State: [[ 2.44612408e+00  1.49471580e+00  1.00511300e-03 -5.47990641e-01
   1.05382700e-02 -1.40169683e-01  2.43358682e+00  7.35425009e-01
   7.51688258e-01  8.51521558e-01 -7.74209296e-02  1.00000000e+01]], Action: [[1.         0.46138695 0.29453784]], Reward: [3.3937292],Reward_sum: 476.96673583984375, Done: [False]
==========
t: 172, State: [[ 2.46510961e+00  1.50010942e+00  1.71502977e-03 -5.46869386e-01
   9.57244687e-03 -4.17352877e-02  2.31433855e+00  6.13147191e-01
  -5.67086979e-01 -5.70938332e-01 -1.51086292e-01  1.00000000e+01]], Action: [[-1.          0.3636246  -0.06749474]], Reward: [3.3720548],Reward_sum: 480.3387451171875, Done: [False]
==========
t: 173, State: [[ 2.48399348e+00  1.50483862e+00  1.96832708e-03 -5.45636298e-01
   8.30087931e-03  5.82830006e-02  2.40671331e+00  5.69376261e-01
   6.29293897e-01  8.77296415e-01 -1.61210748e-01  1.00000000e+01]], Action: [[1.         0.7098224  0.47295713]], Reward: [3.3587563],Reward_sum: 483.697509765625, Done: [False]
==========
t: 174, State: [[ 2.50280339e+00  1.50891962e+00  1.83977040e-03 -5.44348210e-01
   7.06252011e-03  1.59623968e-01  2.29645315e+00  4.51241601e-01
  -6.58438628e-01 -5.54077078e-01 -1.46289782e-01  1.00000000e+01]], Action: [[-1.          0.5497334  -0.10631593]], Reward: [3.3499253],Reward_sum: 487.04742431640625, Done: [False]
==========
t: 175, State: [[ 2.52155872e+00  1.51235286e+00  1.37802006e-03 -5.42992501e-01
   5.96072366e-03  2.63017611e-01  2.39214280e+00  4.07679498e-01
   5.39795314e-01  8.91470820e-01 -1.27904144e-01  1.00000000e+01]], Action: [[1.        0.6619164 0.600042 ]], Reward: [3.342618],Reward_sum: 490.39007568359375, Done: [False]
==========
t: 176, State: [[ 2.54026235e+00  1.51518965e+00  5.44114762e-04 -5.41599557e-01
   5.08070017e-03  3.67301615e-01  2.28427167e+00  3.01787759e-01
  -7.45942671e-01 -5.41853006e-01 -9.37648935e-02  1.00000000e+01]], Action: [[-1.          0.71303713 -0.3046688 ]], Reward: [3.3363528],Reward_sum: 493.7264404296875, Done: [False]
==========
t: 177, State: [[ 2.55892323e+00  1.51743864e+00 -6.74544839e-04 -5.40144873e-01
   4.35378583e-03  4.73190670e-01  2.38083028e+00  2.61386303e-01
   4.37985163e-01  9.03904689e-01 -8.64746728e-02  1.00000000e+01]], Action: [[1.        0.5259143 0.7215004]], Reward: [3.3308127],Reward_sum: 497.0572509765625, Done: [False]
==========
t: 178, State: [[ 2.57754787e+00  1.51914918e+00 -2.30327368e-03 -5.38662449e-01
   3.83444016e-03  5.79628529e-01  2.27572244e+00  1.66224837e-01
  -8.42794822e-01 -5.31833030e-01 -4.69482423e-02  1.00000000e+01]], Action: [[-1.          0.89834833 -0.48528683]], Reward: [3.3260376],Reward_sum: 500.38330078125, Done: [False]
==========
t: 179, State: [[ 2.59614240e+00  1.52033865e+00 -4.36700987e-03 -5.37124972e-01
   3.39343800e-03  6.87061117e-01  2.37309892e+00  1.32323257e-01
   3.24424297e-01  9.14288907e-01 -6.00574384e-02  1.00000000e+01]], Action: [[1.         0.32557595 0.7944583 ]], Reward: [3.3225784],Reward_sum: 503.70587158203125, Done: [False]
==========
t: 180, State: [[ 2.61471803e+00  1.52105287e+00 -6.85609486e-03 -5.35572439e-01
   3.09675579e-03  7.94356302e-01  2.26871206e+00  5.41813130e-02
  -9.42715008e-01 -5.23014320e-01 -1.79334725e-02  1.00000000e+01]], Action: [[-1.         1.        -0.6795521]], Reward: [3.3194919],Reward_sum: 507.0253601074219, Done: [False]
==========
t: 181, State: [[ 2.63303743e+00  1.52212681e+00 -9.52404561e-03 -5.33823471e-01
   2.86639918e-03  8.60938374e-01  2.31592111e+00  1.94126300e-01
   2.81085655e-01  9.54467429e-01 -3.78443344e-02  4.94057155e+00]], Action: [[1.         0.11625347 0.8172336 ]], Reward: [3.2882445],Reward_sum: 510.3135986328125, Done: [False]
==========
t: 182, State: [[ 2.65134297  1.5236553  -0.00871498 -0.52797669  0.00271056  0.88289399
   2.2629208   0.17829332 -0.08075688  0.50622745 -0.005726    0.99867668]], Action: [[-0.3161802   0.9291074   0.49891835]], Reward: [3.2869794],Reward_sum: 513.6005859375, Done: [False]
==========
t: 183, State: [[ 2.66972664e+00  1.52514345e+00 -4.63633537e-03 -5.18093528e-01
   2.11747868e-03  8.82471653e-01  2.33349246e+00  1.88251648e-01
   1.09420739e+00  1.96276091e+00 -1.51694855e-01 -8.56713348e-01]], Action: [[ 1.         -0.07634756  1.        ]], Reward: [3.295953],Reward_sum: 516.896484375, Done: [False]
==========
t: 184, State: [[ 2.68796454e+00  1.52620344e+00 -9.11807927e-04 -5.08175103e-01
   6.09836641e-04  8.72009925e-01  2.22675476e+00  7.48156675e-02
  -1.64452976e-01  5.18289116e-01 -2.30377618e-01 -1.62252166e+00]], Action: [[-1.         -0.16331768  0.46937597]], Reward: [3.278491],Reward_sum: 520.175048828125, Done: [False]
==========
t: 185, State: [[ 2.70595217e+00  1.52650237e+00 -8.37125259e-04 -5.03198725e-01
   3.00019507e-04  8.58198969e-01  2.26857816e+00 -9.27960697e-04
   1.73063179e-01  7.27387101e-01  1.27644985e-01 -1.76551160e+00]], Action: [[0.1675662 1.        1.       ]], Reward: [3.2464254],Reward_sum: 523.4214477539062, Done: [False]
==========
t: 186, State: [[ 2.72400454e+00  1.52613242e+00 -5.69524222e-04 -4.98571269e-01
   1.08514728e-03  8.44474195e-01  2.24480369e+00 -9.20923376e-02
  -1.05748836e-01  4.29633253e-01  6.93206313e-02 -1.63731018e+00]], Action: [[-0.20616584  0.38883597  1.        ]], Reward: [3.2553527],Reward_sum: 526.6767578125, Done: [False]
==========
t: 187, State: [[ 2.74206640e+00  1.52511259e+00 -8.05617831e-05 -4.93533197e-01
   1.59129790e-03  8.32280614e-01  2.27065327e+00 -1.63159217e-01
   2.27566098e-01  8.29386890e-01  5.71430193e-02 -1.40198669e+00]], Action: [[0.2792651 1.        1.       ]], Reward: [3.255654],Reward_sum: 529.9324340820312, Done: [False]
==========
t: 188, State: [[ 2.75999376e+00  1.52334758e+00 -1.42051208e-03 -4.90588714e-01
   1.97821707e-03  8.22100165e-01  2.21138880e+00 -2.78008770e-01
  -5.61298381e-01 -9.22654215e-02  4.05112887e-02 -1.14372624e+00]], Action: [[-0.6354891   0.81509745  1.        ]], Reward: [3.2388523],Reward_sum: 533.1712646484375, Done: [False]
==========
t: 189, State: [[ 2.77805676e+00  1.52097422e+00 -1.03111502e-03 -4.85550066e-01
   2.26237384e-03  8.13929293e-01  2.30412707e+00 -3.15570501e-01
   6.57418238e-01  1.35026298e+00  3.08811485e-02 -9.03806502e-01]], Action: [[1. 1. 1.]], Reward: [3.2548752],Reward_sum: 536.4261474609375, Done: [False]
==========
t: 190, State: [[ 2.79610817e+00  1.51792929e+00 -7.67045742e-04 -4.80550039e-01
   2.33434298e-03  8.07480448e-01  2.20931557e+00 -4.45364928e-01
  -5.88110882e-01 -9.89860981e-02 -7.96708385e-03 -7.12472068e-01]], Action: [[-1.         0.1425018  0.6860006]], Reward: [3.254935],Reward_sum: 539.68115234375, Done: [False]
==========
t: 191, State: [[ 2.81415874e+00  1.51421586e+00 -5.50100881e-04 -4.75570807e-01
   2.33703620e-03  8.02521482e-01  2.30289950e+00 -4.83108954e-01
   6.40238197e-01  1.34233177e+00  6.70331291e-03 -5.34483356e-01]], Action: [[1. 1. 1.]], Reward: [3.2533205],Reward_sum: 542.9343872070312, Done: [False]
==========
t: 192, State: [[ 2.83232447e+00  1.50989381e+00  1.14236026e-03 -4.68858086e-01
   2.34770099e-03  7.98732735e-01  2.23878916e+00 -5.97050535e-01
  -2.15653032e-01  3.36893949e-01 -2.80757419e-03 -4.15907096e-01]], Action: [[-0.6906032   0.51740694  0.58771646]], Reward: [3.2696273],Reward_sum: 546.2040405273438, Done: [False]
==========
t: 193, State: [[ 2.85059444e+00  1.50496753e+00  4.27853896e-03 -4.60389225e-01
   2.25602276e-03  7.95902478e-01  2.32855832e+00 -6.35016633e-01
   9.99142373e-01  1.77855717e+00 -1.78001249e-02 -2.97954968e-01]], Action: [[1.         0.41395792 1.        ]], Reward: [3.281574],Reward_sum: 549.485595703125, Done: [False]
==========
t: 194, State: [[ 2.86897856e+00  1.49944525e+00  9.04932939e-03 -4.49917171e-01
   2.02042555e-03  7.93824471e-01  2.26792355e+00 -7.45073384e-01
   1.95804976e-01  8.40205055e-01 -3.76777917e-02 -2.24433503e-01]], Action: [[-0.64236784 -0.0580183   0.7460464 ]], Reward: [3.297043],Reward_sum: 552.7826538085938, Done: [False]
==========
t: 195, State: [[ 2.88701487e+00  1.49310133e+00  9.04623460e-03 -4.45149793e-01
   1.90706998e-03  7.92184114e-01  2.24082638e+00 -8.40713696e-01
  -1.98055379e-01  3.52632369e-01  4.15637686e-03 -1.85399135e-01]], Action: [[-0.3311399  1.         0.3682168]], Reward: [3.2532928],Reward_sum: 556.0359497070312, Done: [False]
==========
t: 196, State: [[ 2.90530067e+00  1.48621861e+00  1.23543314e-02 -4.36556427e-01
   1.95280198e-03  7.90925990e-01  2.33028806e+00 -8.80493642e-01
   1.02344738e+00  1.79415904e+00  6.78721737e-03 -1.32051819e-01]], Action: [[1.        0.7637317 0.6989724]], Reward: [3.283654],Reward_sum: 559.3196411132812, Done: [False]
==========
t: 197, State: [[ 2.92370414e+00  1.47874709e+00  1.73934048e-02 -4.25855615e-01
   1.87733781e-03  7.89995593e-01  2.27108250e+00 -9.86957821e-01
   2.38768359e-01  8.81708175e-01 -2.16313755e-02 -1.01525842e-01]], Action: [[-0.6244785  -0.01131371  0.52797353]], Reward: [3.2997642],Reward_sum: 562.619384765625, Done: [False]
==========
t: 198, State: [[ 2.94170328e+00  1.47047276e+00  1.69943585e-02 -4.21615574e-01
   1.86312468e-03  7.88188104e-01  2.22844527e+00 -1.08142841e+00
  -3.39571603e-01  1.79502801e-01  1.34611247e-02 -3.49843512e-01]], Action: [[-0.48066053  1.         -0.17617488]], Reward: [3.2486308],Reward_sum: 565.8680419921875, Done: [False]
==========
t: 199, State: [[ 2.95988852e+00  1.46163950e+00  1.91567946e-02 -4.14399089e-01
   1.94444485e-03  7.86353193e-01  2.31748721e+00 -1.12690764e+00
   8.79035292e-01  1.62305883e+00  7.44813077e-03 -1.31741757e-01]], Action: [[1.         0.6872579  0.96595705]], Reward: [3.2707498],Reward_sum: 569.1387329101562, Done: [False]
==========
Hopper - Steps: 200, Return: 569.1387329101562, State: [[ 2.95988852e+00  1.46163950e+00  1.91567946e-02 -4.14399089e-01
   1.94444485e-03  7.86353193e-01  2.31748721e+00 -1.12690764e+00
   8.79035292e-01  1.62305883e+00  7.44813077e-03 -1.31741757e-01]]
