[CudaDevice(id=0)]
Using AIRL:  False
Using GAIL:  False
Using RGCL:  False
Experiment State @  2025-05-14 02:01:30.124798-05:00
Experiment Saved @  results/experiment_133
Experiment Settings Saved @  results/experiment_133
133
Using cuda device
Wrapping the env with a `Monitor` wrapper
Wrapping the env in a DummyVecEnv.
Wrapping the env with a `Monitor` wrapper
Wrapping the env in a DummyVecEnv.
t: 0, State: [[ 5.09298500e-03  1.24835586e+00 -1.27583085e-03  3.62836410e-03
  -8.45096912e-03  5.84821437e-02  3.13428160e-03  3.72500846e-03
   5.65397003e-02  8.24056923e-02 -4.43383388e-01 -2.96227925e-03
   6.24222971e-01 -2.18211588e+00  1.00000000e+01 -3.00533701e-02
  -1.97539728e-03  1.00000000e+01]], Action: [[ 1.         -0.33924678  1.          1.          1.          1.        ]], Reward: [1.0375689],Reward_sum: 1.0375689268112183, Done: [False]
==========
t: 1, State: [[ 6.43526500e-03  1.24595762e+00  2.25069145e-03  1.93074958e-03
  -4.16873220e-04  1.11670304e-01  5.53379766e-03  5.59827432e-03
   1.10734288e-01  2.47619888e-01 -1.59383013e-01  8.13608248e-01
  -1.12947970e+00  4.13500489e+00 -1.72582080e+00  5.47867306e-01
   4.09354827e-01 -2.64440600e-01]], Action: [[ 1.  1. -1.  1.  1. -1.]], Reward: [1.161785],Reward_sum: 2.1993539333343506, Done: [False]
==========
t: 2, State: [[ 7.19106973e-03  1.24322145e+00  2.46266126e-03 -6.70896875e-03
   1.90370315e-02  1.57356356e-01  9.69646815e-03 -7.06311845e-03
   1.51887526e-01 -5.85097456e-02 -5.22535187e-01 -7.59636720e-01
  -1.03489571e+00  7.94595677e-01  1.00000000e+01  4.86777237e-01
  -3.54020506e+00  1.00000000e+01]], Action: [[ 1.          0.33311853  1.         -0.35994914 -1.          0.63221055]], Reward: [1.0908353],Reward_sum: 3.290189266204834, Done: [False]
==========
t: 3, State: [[ 8.37028953e-03  1.23905995e+00  6.96228059e-03 -1.87888938e-03
   2.29431078e-02  2.12036888e-01  1.37290301e-02 -1.09045287e-02
   2.47911180e-01  3.57620707e-01 -5.19409576e-01  1.88072375e+00
   2.18290256e+00  2.39074880e-01  5.79290629e-01  5.03468918e-01
   2.64447820e+00  1.00000000e+01]], Action: [[ 1.         0.7213268 -1.         1.         1.         0.5069813]], Reward: [1.1426251],Reward_sum: 4.432814598083496, Done: [False]
==========
t: 4, State: [[ 9.83215878e-03  1.23413373e+00  1.41013361e-02  1.08567072e-02
   1.84720264e-02  2.40113218e-01  1.60312134e-02 -4.30001452e-03
   3.82589834e-01  9.50321284e-03 -7.08024076e-01 -6.69068147e-02
   1.03314824e+00 -1.34341807e+00  6.40254164e+00  1.15515070e-01
  -9.71658387e-01  1.00000000e+01]], Action: [[ 1.          0.15787482  0.38031137 -0.77420044 -1.          0.39884102]], Reward: [1.1798056],Reward_sum: 5.6126203536987305, Done: [False]
==========
t: 5, State: [[ 1.05069542e-02  1.22866980e+00  1.57353854e-02  1.82833635e-02
   1.21727446e-02  2.38164548e-01  1.42501945e-02  2.38044930e-03
   5.51914597e-01  1.07947778e-01 -6.52378968e-01  3.15877849e-01
   7.70306888e-01 -3.64986647e-01 -6.84036041e+00 -3.60360873e-01
   1.85962341e+00  1.00000000e+01]], Action: [[ 0.9570166   1.         -1.          1.          1.          0.30231684]], Reward: [1.0793421],Reward_sum: 6.691962242126465, Done: [False]
==========
t: 6, State: [[ 1.05102790e-02  1.22303341e+00  1.35616730e-02  2.01840744e-02
   9.87426209e-03  1.76282334e-01  1.19235499e-02  8.03860034e-03
   7.70769258e-01 -1.07056560e-01 -7.47053835e-01 -8.53664307e-01
  -2.80823171e-01 -2.21071259e-01 -8.67973631e+00 -2.31367227e-01
  -3.00235844e-01  1.00000000e+01]], Action: [[ 1.         0.716079  -0.1644848 -1.        -0.910928   0.7118153]], Reward: [0.9965393],Reward_sum: 7.688501358032227, Done: [False]
==========
t: 7, State: [[ 8.97124737e-03  1.21738201e+00  4.37572268e-03  1.80285239e-02
   4.18107696e-03  1.34009715e-01  9.08731400e-03 -3.61136358e-03
   9.49237602e-01 -2.80735322e-01 -6.92992233e-01 -1.44579630e+00
  -2.56048115e-01 -1.22153595e+00 -1.77478927e+00 -3.44790743e-01
  -3.04112171e+00  1.00000000e+01]], Action: [[ 1.          0.3943123   0.58575356 -0.7901192  -1.         -0.21733679]], Reward: [0.8044509],Reward_sum: 8.492952346801758, Done: [False]
==========
t: 8, State: [[ 7.75424813e-03  1.21251041e+00 -1.90719564e-03  1.80822567e-02
   1.06479112e-03  6.37507206e-02  2.81899113e-03 -9.85402514e-03
   1.01206649e+00 -3.56873175e-02 -5.34966130e-01 -2.01998261e-01
   2.15473789e-01  4.41287007e-01 -1.00000000e+01 -1.23202481e+00
   1.41501488e+00  3.38163706e+00]], Action: [[ 1.          0.3659536  -1.          1.          1.          0.35940725]], Reward: [0.843612],Reward_sum: 9.336564064025879, Done: [False]
==========
t: 9, State: [[ 0.0058191   1.20799492 -0.00954169  0.02009611 -0.00929003 -0.00745565
  -0.00348738 -0.02091988  1.01574651 -0.45029407 -0.4552331  -1.70799422
   0.2812532  -3.12685758 -2.82478259 -0.51294905 -3.06835288 -1.7189447 ]], Action: [[ 1.         -0.18528673  1.         -0.14502685 -1.         -0.3833058 ]], Reward: [0.7549041],Reward_sum: 10.09146785736084, Done: [False]
==========
t: 10, State: [[ 4.67821210e-03  1.20561071e+00 -1.44388801e-02  2.21611032e-02
  -2.23337284e-02  1.15247606e-04 -7.12481019e-03 -2.74741136e-02
   9.93257590e-01  1.63558988e-01 -1.64861788e-01  4.77985128e-01
   2.34813628e-01 -1.60961877e-01  4.84508674e+00 -3.32238711e-01
   1.17992622e+00 -3.59504804e+00]], Action: [[1.         1.         1.         0.96685123 1.         0.4806667 ]], Reward: [0.8522233],Reward_sum: 10.94369125366211, Done: [False]
==========
t: 11, State: [[ 7.57949367e-03  1.20499765e+00 -4.14913898e-03  2.42656815e-02
  -1.63626423e-02  7.34083677e-02 -5.13249887e-03 -1.37186084e-02
   9.63304587e-01  5.62134889e-01 -5.34143310e-03  2.09022433e+00
   2.78087047e-01  1.67473555e+00  1.00000000e+01  8.50423407e-01
   2.16450616e+00 -3.77543506e+00]], Action: [[1.        0.7138145 1.        1.        0.6063527 1.       ]], Reward: [1.357783],Reward_sum: 12.301474571228027, Done: [False]
==========
t: 12, State: [[ 1.32266078e-02  1.20528285e+00  1.34266834e-02  2.44834559e-02
  -3.17310133e-03  2.16712226e-01 -4.84161113e-03  1.58616779e-02
   9.33971281e-01  7.55545572e-01  6.56478433e-02  2.28225147e+00
  -1.29740403e-01  1.60624092e+00  1.00000000e+01  2.84534471e-01
   3.32938269e+00 -3.43257874e+00]], Action: [[ 0.5405563   0.67203456  0.9838381  -0.09665755  0.7775718   1.        ]], Reward: [1.7025635],Reward_sum: 14.004037857055664, Done: [False]
==========
t: 13, State: [[ 1.87702594e-02  1.20591492e+00  2.97405500e-02  2.35191116e-02
   2.56873500e-03  4.31060514e-01  8.11414290e-04  3.27202341e-02
   9.08935700e-01  6.38113780e-01  9.14822959e-02  1.77530300e+00
  -1.24682648e-01 -1.75471588e-01  1.00000000e+01  9.68626563e-01
   1.12292883e+00 -2.83179079e+00]], Action: [[ 0.69779015  0.22756362  1.         -0.0144373  -0.18987247  1.        ]], Reward: [1.6903815],Reward_sum: 15.694419860839844, Done: [False]
==========
t: 14, State: [[ 2.37004970e-02  1.20694664e+00  4.08588236e-02  1.93331834e-02
  -1.75734634e-03  7.11652437e-01  6.85294919e-03  3.79883748e-02
   8.88463550e-01  6.08219220e-01  1.78062154e-01  1.07857931e+00
  -8.48231336e-01 -8.58179523e-01  1.00000000e+01  5.66162366e-01
   2.78964588e-01 -2.29856305e+00]], Action: [[0.22088131 0.4685567  1.         0.29740223 0.7993275  1.        ]], Reward: [1.613284],Reward_sum: 17.307703018188477, Done: [False]
==========
t: 15, State: [[ 2.88376005e-02  1.20945211e+00  4.78745026e-02  1.58023140e-03
   1.02540581e-02  9.63694302e-01  1.01435887e-02  3.78157388e-02
   8.71871174e-01  5.62553064e-01  4.85112324e-01  6.51862202e-01
  -2.53888523e+00  2.04046415e+00  1.00000000e+01  3.24985210e-01
  -2.57619388e-01 -1.86480747e+00]], Action: [[-0.05698535  0.908677    1.          0.5000371   0.57960105  1.        ]], Reward: [1.638723],Reward_sum: 18.946426391601562, Done: [False]
==========
t: 16, State: [[ 0.03311634  1.21353873  0.05419193 -0.01471191  0.01622944  1.06525714
   0.01374863  0.03570496  0.85861636  0.50073627  0.51867111  0.89468021
  -1.45190497 -0.71455697  6.38361831  0.53767777 -0.26019962 -1.45623448]], Action: [[ 1.         -0.01702827  1.          0.6232681   1.          1.        ]], Reward: [1.5304534],Reward_sum: 20.476879119873047, Done: [False]
==========
t: 17, State: [[ 0.03721254  1.21751461  0.06253302 -0.02500968  0.00865004  1.084576
   0.01871825  0.03373582  0.84842775  0.51900496  0.46965491  1.1626351
  -1.09913793 -1.2018706  -0.67950718  0.67180609 -0.22820069 -1.10317429]], Action: [[1.        0.3401298 1.        1.        1.        1.       ]], Reward: [1.5069101],Reward_sum: 21.983789443969727, Done: [False]
==========
t: 18, State: [[ 0.04064473  1.22111032  0.07193898 -0.02341118 -0.0230871   1.06488579
   0.02435463  0.03196383  0.84074214  0.33618909  0.42434051  1.16967048
   1.50497295 -6.72948591 -3.76912109  0.71372669 -0.21015196 -0.82833437]], Action: [[ 1.         -0.29782644  1.          1.          0.90483844  1.        ]], Reward: [1.4241154],Reward_sum: 23.40790557861328, Done: [False]
==========
t: 19, State: [[  0.04437317   1.22458577   0.08122997  -0.02709079  -0.04828904
    0.97538284   0.02790096   0.03031354   0.82148231   0.60058594
    0.45301158   1.19734399  -2.36191081   0.48824463 -10.
    0.22472055  -0.20040197  -4.00746161]], Action: [[ 0.40034112  1.         -1.          0.6471026   1.         -0.19763191]], Reward: [1.4624377],Reward_sum: 24.870344161987305, Done: [False]
==========
t: 20, State: [[ 0.04725315  1.22779568  0.08410843 -0.04169524 -0.06289135  0.86701602
   0.03024579  0.01291987  0.80005335  0.12157413  0.3526537  -0.48073198
  -1.34549073 -4.15162792 -9.46559598  0.33728343 -4.13047263 -1.59962172]], Action: [[ 0.33439067 -0.45367238  1.          1.         -0.8832389   1.        ]], Reward: [1.3558999],Reward_sum: 26.22624397277832, Done: [False]
==========
t: 21, State: [[ 4.91961533e-02  1.22983401e+00  8.65557335e-02 -4.22455537e-02
  -1.00634722e-01  8.13534978e-01  3.22799363e-02 -3.13155656e-03
   7.92332533e-01  4.34215010e-01  1.50714293e-01  1.45959198e+00
   1.54530974e+00 -5.27674402e+00 -4.40088302e+00  1.41128604e-01
   1.09188724e+00 -4.60346509e-01]], Action: [[0.8287842  0.21246561 1.         1.         1.         0.8440354 ]], Reward: [1.2384305],Reward_sum: 27.46467399597168, Done: [False]
==========
t: 22, State: [[  0.05402367   1.23110576   0.09862458  -0.04465949  -0.11451787
    0.72121893   0.02925488   0.01254432   0.79035374   0.70942517
    0.1842463    1.41237466  -2.19046624   1.76857671 -10.
   -0.45349249   1.51349447  -0.07261762]], Action: [[ 0.2122162   0.86596525 -1.          0.32446352  1.          0.46135104]], Reward: [1.600327],Reward_sum: 29.065000534057617, Done: [False]
==========
t: 23, State: [[ 5.78838318e-02  1.23210533e+00  1.04768286e-01 -5.66019207e-02
  -1.18205496e-01  6.12053343e-01  2.78398989e-02  8.00042735e-03
   7.91962347e-01  2.53879480e-01  6.51388180e-02  8.93013423e-02
  -8.44592116e-01 -2.74091768e+00 -8.77348657e+00  3.87505343e-02
  -2.61063962e+00  4.05568672e-01]], Action: [[ 0.59075    -0.28558323  0.66058195  0.74370056 -1.          1.        ]], Reward: [1.4790998],Reward_sum: 30.544097900390625, Done: [False]
==========
t: 24, State: [[ 6.03959134e-02  1.23194578e+00  1.11694995e-01 -4.83623808e-02
  -1.55195497e-01  5.60841789e-01  2.88698123e-02  1.08570653e-03
   7.94501444e-01  4.08545693e-01 -1.15179777e-01  1.81356519e+00
   3.05813334e+00 -6.49586345e+00 -4.09694546e+00  1.75024916e-01
   1.40835485e+00  2.41458031e-01]], Action: [[ 1.         -0.04129949  0.29519778  1.          1.          0.4017985 ]], Reward: [1.3107599],Reward_sum: 31.8548583984375, Done: [False]
==========
t: 25, State: [[ 6.32458572e-02  1.23152622e+00  1.00888345e-01 -7.99581228e-02
  -1.53103430e-01  4.66694621e-01 -2.09466502e-04  1.00796844e-02
   7.95464403e-01  3.04610462e-01 -3.17602623e-03 -4.50224285e+00
  -1.00000000e+01  7.08078099e+00 -1.00000000e+01 -7.44606039e+00
   8.79629363e-01  2.41014806e-02]], Action: [[-0.9260328   1.         -1.         -0.01240913  0.84202325  0.12423073]], Reward: [1.3526609],Reward_sum: 33.20751953125, Done: [False]
==========
t: 26, State: [[ 6.78254300e-02  1.23107308e+00  1.13836498e-01 -8.07774154e-02
  -1.56076898e-01  3.53857065e-01 -6.79408836e-04  1.42054011e-02
   7.42068282e-01  8.38564023e-01 -1.13832752e-01  7.70158764e+00
   1.00000000e+01 -7.82414460e+00 -8.79700507e+00  7.26875539e+00
   2.28767204e-01 -1.00000000e+01]], Action: [[ 1.        -1.         0.6405215  1.         1.        -1.       ]], Reward: [1.5670364],Reward_sum: 34.77455520629883, Done: [False]
==========
t: 27, State: [[ 0.07279071  1.22877069  0.14622607 -0.04335711 -0.18975917  0.3199762
   0.02525382  0.01481049  0.69495607  0.40848056 -0.44279212  0.39068433
  -1.31547553 -0.65035957  0.43125724 -0.8305575  -0.04597285  1.46973527]], Action: [[-1.          0.37981012  0.7669707  -0.23579888 -0.14852503  1.        ]], Reward: [1.6178503],Reward_sum: 36.39240646362305, Done: [False]
==========
t: 28, State: [[ 0.07526809  1.22424343  0.15143402 -0.03774086 -0.22203312  0.34500349
   0.02244959  0.01508266  0.74490094  0.20024014 -0.68841376  0.81003149
   2.57517939 -7.35901038  5.69241324  0.02962572  0.10112601 10.        ]], Action: [[ 1.         -0.43146214  0.2962259   1.          1.          0.7211243 ]], Reward: [1.3058786],Reward_sum: 37.69828414916992, Done: [False]
==========
t: 29, State: [[ 0.07724741  1.21887056  0.15758194 -0.02266625 -0.27023793  0.34212227
   0.02292958  0.01485422  0.84842438  0.30846354 -0.60245139  0.89018439
   1.42481986 -4.7238882  -6.57414795  0.07212288 -0.11616878  9.75128913]], Action: [[ 0.18822768  0.31621742 -0.8752134   1.          0.06861141  1.        ]], Reward: [1.2445086],Reward_sum: 38.94279098510742, Done: [False]
==========
t: 30, State: [[  0.08028231   1.21473844   0.16502903  -0.01638857  -0.2947335
    0.23396714   0.02203058   0.0135487    0.89749207   0.4529529
   -0.43704012   0.99519896   0.18986245  -1.32923645 -10.
   -0.25157274  -0.20001361   3.21834666]], Action: [[ 0.42911956  0.4827742  -1.         -0.22739695 -0.02881095  0.35119212]], Reward: [1.3777696],Reward_sum: 40.320560455322266, Done: [False]
==========
t: 31, State: [[ 8.26451750e-02  1.21105446e+00  1.71583596e-01 -4.81278488e-03
  -3.24091757e-01  8.12809795e-02  2.12656398e-02  4.87987561e-03
   9.08042055e-01  1.36563650e-01 -4.94103227e-01  6.08121573e-01
   2.52835906e+00 -5.57560763e+00 -1.00000000e+01  2.65296424e-02
  -1.95230901e+00 -1.66172476e-01]], Action: [[ 1.         -0.37035802  0.06697173 -0.0144032  -0.72974753  0.11491714]], Reward: [1.2936699],Reward_sum: 41.614234924316406, Done: [False]
==========
t: 32, State: [[ 8.57588538e-02  1.20742111e+00  1.83233122e-01  1.16776080e-02
  -3.47458806e-01  1.08846224e-02  2.13262894e-02  1.25461730e-03
   8.78250114e-01  6.67407988e-01 -4.13525093e-01  2.33232081e+00
   1.46068045e+00 -1.48327148e-01 -4.56973678e+00 -6.80685253e-02
   1.27968469e+00 -7.20668891e+00]], Action: [[ 1.          0.9344312  -0.70142394  1.          1.         -0.42885017]], Reward: [1.3846608],Reward_sum: 42.998897552490234, Done: [False]
==========
t: 33, State: [[ 9.05562509e-02  1.20327752e+00  1.92746501e-01  4.74387848e-03
  -3.33257748e-01  2.53950116e-02  1.44652673e-02  4.23797875e-04
   8.36174185e-01  5.32680389e-01 -6.20959716e-01  5.21527405e-02
  -3.18855836e+00  3.72822941e+00  8.10956071e+00 -1.66352748e+00
  -1.46939196e+00 -3.64541917e+00]], Action: [[ 0.6238624  1.         1.        -1.        -0.9488889  1.       ]], Reward: [1.594385],Reward_sum: 44.59328079223633, Done: [False]
==========
t: 34, State: [[ 9.47160435e-02  1.19670730e+00  2.01165650e-01  2.50881312e-03
  -3.34611764e-01  1.48192817e-01  4.92156994e-03  4.18972690e-03
   8.14497401e-01  4.21244289e-01 -9.90175920e-01  1.44118552e+00
   1.81413634e+00 -3.64533297e+00  1.00000000e+01 -8.58732577e-01
   1.13801727e+00 -1.92194395e+00]], Action: [[ 1.         -0.8756987   1.          0.791341    0.95994794  0.42320597]], Reward: [1.5154804],Reward_sum: 46.108760833740234, Done: [False]
==========
t: 35, State: [[ 9.88873360e-02  1.18775460e+00  2.15877853e-01  1.25419052e-02
  -3.44873231e-01  3.74877244e-01  2.10064510e-03  1.03868079e-02
   8.04691152e-01  6.14521191e-01 -1.24207476e+00  2.20966406e+00
   7.68324165e-01  1.13257777e+00  1.00000000e+01  7.47480445e-02
   4.89438409e-01 -6.67435264e-01]], Action: [[1.         1.         1.         1.         0.12370878 1.        ]], Reward: [1.5163963],Reward_sum: 47.62515640258789, Done: [False]
==========
t: 36, State: [[ 1.04262967e-01  1.17782224e+00  2.33648972e-01  1.27362025e-02
  -3.14190774e-01  6.73219522e-01  2.95504577e-03  1.43661962e-02
   8.01475539e-01  6.96343399e-01 -1.11734370e+00  2.01522380e+00
  -9.54146968e-01  6.83500659e+00  1.00000000e+01  1.61887966e-01
   5.60802820e-01 -1.06825112e-01]], Action: [[ 1.          1.          0.51537657 -0.5573495   1.          0.5403149 ]], Reward: [1.6680857],Reward_sum: 49.293243408203125, Done: [False]
==========
t: 37, State: [[ 1.09634470e-01  1.17069061e+00  2.45685372e-01 -2.72622761e-03
  -2.45912457e-01  9.40923447e-01  3.17089352e-03  1.70910537e-02
   8.01551822e-01  6.65021674e-01 -6.71374792e-01  9.91257440e-01
  -3.10136969e+00  9.88842565e+00  1.00000000e+01 -2.11318662e-01
   1.47884434e-01  7.18049553e-02]], Action: [[ 0.75230205  0.5419866   0.20585246 -1.         -0.47341934  0.413422  ]], Reward: [1.6691408],Reward_sum: 50.96238327026367, Done: [False]
==========
t: 38, State: [[ 1.14269232e-01  1.16661197e+00  2.52083227e-01 -2.29698486e-02
  -1.81895559e-01  1.05225738e+00  2.26131292e-03  1.77906213e-02
   7.95707068e-01  4.91851368e-01 -3.69284300e-01  6.16750701e-01
  -1.90858731e+00  6.03049875e+00  7.29384780e+00 -3.90045406e-02
   3.45049063e-02 -1.62932202e+00]], Action: [[ 1.         -0.10022235  0.98785627 -1.         -0.06358811 -0.33563438]], Reward: [1.5762426],Reward_sum: 52.53862762451172, Done: [False]
==========
t: 39, State: [[ 1.18357046e-01  1.16419177e+00  2.57283042e-01 -3.85817409e-02
  -1.33392161e-01  1.07718435e+00  2.51126501e-03  1.80803899e-02
   7.88357361e-01  5.25560755e-01 -2.46024551e-01  6.75632252e-01
  -1.96334940e+00  6.08608453e+00 -1.55893761e-01  8.45457820e-02
   3.68293140e-02 -3.52986240e-01]], Action: [[ 1.         0.4281044  1.        -0.6234267  0.4818343  0.8573444]], Reward: [1.5074376],Reward_sum: 54.04606628417969, Done: [False]
==========
t: 40, State: [[ 0.12202918  1.16270537  0.26352929 -0.04419326 -0.10448009  1.06062705
   0.0055821   0.01718984  0.78857492  0.38918765 -0.12878128  0.8387421
   0.52141805  1.15891684 -3.48412422  0.60374131 -0.22074254  0.31658975]], Action: [[ 0.69013894 -0.3174735   1.          1.         -0.3034337   1.        ]], Reward: [1.4553479],Reward_sum: 55.50141525268555, Done: [False]
==========
t: 41, State: [[ 0.12445536  1.16219153  0.26468654 -0.04890558 -0.08759396  1.02722084
   0.00966096  0.00593854  0.7924571   0.21559171 -0.00484657 -0.54166007
  -1.67068171  3.04637078 -4.60798601  0.42633827 -2.58933141  0.60398191]], Action: [[ 0.44970977  0.43505305  1.          0.0129542  -1.          0.85453916]], Reward: [1.3001505],Reward_sum: 56.80156707763672, Done: [False]
==========
t: 42, State: [[ 0.12473026  1.16274767  0.25462552 -0.06226285 -0.07475157  0.98986175
   0.01406128 -0.02642109  0.79762774 -0.15048761  0.13711346 -2.00481316
  -1.7054628   0.1787914  -4.60678944  0.63225859 -5.49130635  0.6623399 ]], Action: [[ 0.29513606 -0.21983576  1.          1.         -1.          0.8432274 ]], Reward: [1.0305161],Reward_sum: 57.83208465576172, Done: [False]
==========
t: 43, State: [[ 0.12609199  1.16312596  0.24760901 -0.07737607 -0.04946586  0.95477578
   0.01735729 -0.05146595  0.80211745  0.48950997 -0.04092143  0.26735556
  -2.03134907  6.09807505 -4.11747117  0.23526804 -0.8320172   0.47165602]], Action: [[0.5786572 1.        1.        0.7598029 1.        1.       ]], Reward: [1.1653043],Reward_sum: 58.99739074707031, Done: [False]
==========
t: 44, State: [[ 1.29616520e-01  1.16284289e+00  2.46675371e-01 -9.93526769e-02
   7.31745207e-03  9.24498257e-01  1.90502737e-02 -6.41876339e-02
   8.06191896e-01  3.77592455e-01 -2.80222356e-02 -5.07925496e-01
  -3.29119990e+00  7.71193326e+00 -3.44106038e+00  1.94392454e-01
  -2.33912557e+00  5.26683725e-01]], Action: [[ 1.          0.7226355   1.         -0.18331096 -0.95397305  0.99147403]], Reward: [1.4361168],Reward_sum: 60.43350601196289, Done: [False]
==========
t: 45, State: [[ 0.13248988  1.16271352  0.24526616 -0.11216611  0.04776845  0.89985372
   0.0206175  -0.07643829  0.80883071  0.35846437 -0.00884993  0.16110483
  -0.14138784  2.90577064 -2.73236494  0.18576648 -0.73384874  0.17107741]], Action: [[ 1.          0.06997082  1.          0.18317975 -0.05210796  0.55481905]], Reward: [1.3568217],Reward_sum: 61.79032897949219, Done: [False]
==========
t: 46, State: [[ 0.1340683   1.16296004  0.24147485 -0.11304653  0.06104823  0.88047686
   0.02260076 -0.09256017  0.81090711  0.04399039  0.06562599 -1.11247389
  -0.20234319  0.66741844 -2.12905291  0.28616433 -3.26670365  0.32262735]], Action: [[ 0.62562275  0.8344389   1.          0.4475659  -1.          1.        ]], Reward: [1.1930137],Reward_sum: 62.983341217041016, Done: [False]
==========
t: 47, State: [[ 0.1359206   1.16312391  0.24029599 -0.10441986  0.06178583  0.86547844
   0.02325502 -0.1007688   0.81275865  0.42479257 -0.02346404  0.83965727
   2.32329682 -0.35121568 -1.63782731 -0.07772411  1.14568101  0.15553491]], Action: [[0.5191579  1.         1.         0.39739722 0.9926344  1.        ]], Reward: [1.227125],Reward_sum: 64.21046447753906, Done: [False]
==========
t: 48, State: [[ 0.13847611  1.16306548  0.24280867 -0.08813494  0.05675207  0.85407891
   0.02192191 -0.09857758  0.81446865  0.21835913  0.0068851  -0.18836376
   1.7364648  -0.82778097 -1.22936698 -0.23245578 -0.58252083  0.25557693]], Action: [[ 1.         1.         1.        -0.9456266 -1.         1.       ]], Reward: [1.3135443],Reward_sum: 65.52400970458984, Done: [False]
==========
t: 49, State: [[ 0.14098772  1.16292105  0.24573857 -0.06915659  0.04863045  0.84524813
   0.02192245 -0.0979625   0.81620329  0.45642838 -0.03482779  0.92319396
   2.72771006 -1.35575444 -1.06873125  0.1595725   0.78256384  0.17380191]], Action: [[ 0.9833492   1.          1.          1.         -0.06797943  1.        ]], Reward: [1.30898],Reward_sum: 66.83299255371094, Done: [False]
==========
t: 50, State: [[ 0.14442225  1.16299494  0.24805688 -0.0564612   0.03853275  0.83715456
   0.02149572 -0.10031802  0.81775593  0.39156228  0.04895318 -0.31444315
   0.56025432 -1.1476493  -0.92186211 -0.21092593 -1.3732745   0.20836957]], Action: [[ 0.7821373  1.         1.        -0.9217819 -1.         1.       ]], Reward: [1.4238553],Reward_sum: 68.25685119628906, Done: [False]
==========
t: 51, State: [[ 0.14982673  1.16284206  0.25618753 -0.04346821  0.03025381  0.83069785
   0.02090526 -0.092929    0.81861918  0.94981317 -0.08983159  2.31036409
   2.6883128  -0.91656109 -0.6890544   0.03648888  3.16451922  0.02428964]], Action: [[1.         1.         1.         1.         0.78474516 1.        ]], Reward: [1.6699433],Reward_sum: 69.92679595947266, Done: [False]
==========
t: 52, State: [[ 0.15697111  1.16226929  0.27052069 -0.02759026  0.02388477  0.82506126
   0.02012558 -0.07503076  0.81920246  0.834969   -0.05306747  1.29412969
   1.33044837 -0.68253054 -0.69501099 -0.19674652  1.291195    0.1088021 ]], Action: [[ 1.         1.         0.5291982 -1.        -1.         1.       ]], Reward: [1.8877679],Reward_sum: 71.81456756591797, Done: [False]
==========
t: 53, State: [[ 0.16339324  1.16176726  0.27929553 -0.01939368  0.01915825  0.82084354
   0.02092821 -0.07586324  0.81989664  0.76502077 -0.07346359  0.84853884
   0.67303941 -0.50353381 -0.38261331  0.32682092 -1.49847022  0.06444671]], Action: [[ 1.          1.          1.          0.91111106 -0.880957    1.        ]], Reward: [1.7971593],Reward_sum: 73.61172485351562, Done: [False]
==========
t: 54, State: [[ 1.71045194e-01  1.16049854e+00  2.95511181e-01 -1.11239217e-03
   8.63351421e-03  8.18895573e-01  2.26450548e-02 -6.27374021e-02
   8.20104221e-01  1.14915756e+00 -2.41982679e-01  3.21483404e+00
   3.89759034e+00 -2.09099528e+00 -1.28395545e-01  1.23693839e-01
   4.75658116e+00 -6.50730625e-03]], Action: [[0.7113925  0.11999673 1.         0.7560662  0.884035   0.9507625 ]], Reward: [1.9527173],Reward_sum: 75.56444549560547, Done: [False]
==========
t: 55, State: [[ 1.79347210e-01  1.15893645e+00  3.14176036e-01  2.00349344e-02
  -1.71770671e-03  7.96493925e-01  2.16195870e-02 -3.96180828e-02
   8.20076570e-01  9.57720682e-01 -1.52908067e-01  1.61419317e+00
   1.42852606e+00 -2.33335581e-01 -5.63349621e+00 -2.64412070e-01
   1.12341796e+00 -1.73412344e-03]], Action: [[ 0.95594025  0.70571136 -0.47401315 -1.         -1.          1.        ]], Reward: [2.0331154],Reward_sum: 77.59754943847656, Done: [False]
==========
t: 56, State: [[ 0.18665266  1.15758007  0.32346152  0.02636195 -0.00300101  0.77982623
   0.02050936 -0.04466297  0.81898172  0.86122606 -0.20373227  0.7090333
   0.25838738 -0.1259742   2.91369883 -0.03251286 -2.32910913 -0.23514475]], Action: [[ 1.          0.8860463   1.         -0.01440404 -1.          0.4815933 ]], Reward: [1.9091635],Reward_sum: 79.5067138671875, Done: [False]
==========
t: 57, State: [[ 1.94803715e-01  1.15522951e+00  3.33136620e-01  2.85357871e-02
   3.94392332e-04  8.10741697e-01  1.69547882e-02 -4.58577123e-02
   8.17867749e-01  1.18109001e+00 -3.68211163e-01  1.78267411e+00
   2.73948069e-01  1.24087236e+00  2.83649703e+00 -7.41841614e-01
   1.97563698e+00 -6.50542680e-02]], Action: [[1.         0.05014148 1.         1.         1.         1.        ]], Reward: [2.01388],Reward_sum: 81.52059173583984, Done: [False]
==========
t: 58, State: [[ 0.20421462  1.1522345   0.34619961  0.03007662  0.0084592   0.82677002
   0.00823564 -0.02643221  0.81678129  1.17324695 -0.37987468  1.4961038
   0.12527543  0.79521114  1.31988613 -1.41748774  2.86915819 -0.18723497]], Action: [[1.         0.9414904  1.         0.1777627  0.20615974 0.58893913]], Reward: [2.173056],Reward_sum: 83.69364929199219, Done: [False]
==========
t: 59, State: [[ 0.21300091  1.14936727  0.35666992  0.03074219  0.01322793  0.83362838
   0.00170925 -0.01700629  0.81460332  1.03182641 -0.33917971  1.11909279
   0.02242972  0.41986682  0.48158612 -0.31739285 -0.32441138 -0.33311965]], Action: [[ 1.          0.74123144  1.          1.         -0.40829065  0.32494307]], Reward: [2.0944643],Reward_sum: 85.78811645507812, Done: [False]
==========
t: 60, State: [[ 2.21795790e-01  1.14642743e+00  3.66169152e-01  3.16830133e-02
   1.50737746e-02  8.35710245e-01 -7.52395038e-03 -2.06352273e-03
   8.11875552e-01  1.16701019e+00 -3.96155568e-01  1.24811231e+00
   1.87116299e-01  8.06632812e-02  8.49105549e-02 -1.99511276e+00
   4.04686334e+00 -3.39985213e-01]], Action: [[ 1.         -0.19566944  1.          0.902126    1.          0.4204167 ]], Reward: [2.0953312],Reward_sum: 87.8834457397461, Done: [False]
==========
t: 61, State: [[ 2.29870992e-01  1.14371882e+00  3.76002428e-01  3.41620240e-02
   1.58353785e-02  8.35260658e-01 -4.28174208e-03 -9.07358774e-03
   8.10205410e-01  8.51718972e-01 -2.89091259e-01  1.19325132e+00
   3.94466368e-01  9.96385513e-02 -1.70435781e-01  2.76547555e+00
  -5.76366576e+00 -1.03576790e-01]], Action: [[ 1.          0.62188745  1.          1.         -0.8654356   0.66908365]], Reward: [2.004817],Reward_sum: 89.88825988769531, Done: [False]
==========
t: 62, State: [[ 0.23701652  1.14086544  0.3832275   0.03345244  0.01576982  0.83345752
   0.00752448 -0.03708036  0.81032747  0.93738425 -0.42198551  0.61783441
  -0.57788248 -0.09106006 -0.26310021  0.1847017  -1.22946025  0.10791965]], Action: [[-1.         -0.20175931  1.          1.          1.          1.        ]], Reward: [1.8881496],Reward_sum: 91.77641296386719, Done: [False]
==========
t: 63, State: [[ 2.44585531e-01  1.13715521e+00  3.86648514e-01  3.12335291e-02
   2.93100330e-03  8.31323354e-01 -1.51034650e-04 -2.85843776e-02
   8.10309447e-01  9.51899507e-01 -5.07265560e-01  1.97200647e-01
  -4.05118148e-02 -3.08250122e+00 -2.64267506e-01 -2.15303452e+00
   3.35920318e+00 -8.67345108e-02]], Action: [[ 1.        -0.8690882  1.         0.8716326  1.         0.4320252]], Reward: [1.9414252],Reward_sum: 93.71783447265625, Done: [False]
==========
t: 64, State: [[ 2.53083410e-01  1.13289556e+00  3.93934990e-01  3.16198829e-02
  -1.07931236e-02  8.21203005e-01 -1.06881688e-02 -5.18257689e-03
   7.63325724e-01  1.17550326e+00 -5.57021137e-01  1.62403216e+00
   1.13436869e-01 -2.98483543e-01 -2.25827374e+00 -4.97845441e-01
   2.55474709e+00 -1.00000000e+01]], Action: [[ 1.          0.15491718 -0.04968677  1.          0.21385999 -0.87657154]], Reward: [2.0593944],Reward_sum: 95.77722930908203, Done: [False]
==========
t: 65, State: [[ 2.63385123e-01  1.12789265e+00  4.11207233e-01  3.05449802e-02
   3.33852341e-03  8.09041308e-01 -1.12272194e-02  1.47054498e-02
   6.43137947e-01  1.31233322e+00 -6.46341779e-01  2.34866825e+00
  -2.62780038e-01  2.75895599e+00 -9.16612601e-01  3.99435150e-01
   1.68898062e+00 -1.00000000e+01]], Action: [[ 1.          1.          1.         -0.47732064  0.06719086 -0.5154105 ]], Reward: [2.2842162],Reward_sum: 98.06144714355469, Done: [False]
==========
t: 66, State: [[ 2.73309362e-01  1.12315914e+00  4.26830148e-01  2.85812859e-02
   1.86073868e-02  8.04870727e-01 -9.69399884e-03  2.45434021e-02
   4.62712478e-01  1.17788159e+00 -5.36268934e-01  1.61368199e+00
  -2.32033215e-01  1.20990750e+00 -2.07290739e-01  6.14453194e-02
   8.57057626e-01 -1.00000000e+01]], Action: [[ 1.          0.6526655   1.         -0.37545517  1.         -0.6884264 ]], Reward: [2.236489],Reward_sum: 100.29793548583984, Done: [False]
==========
t: 67, State: [[ 2.82198450e-01  1.11854229e+00  4.37744442e-01  2.65748115e-02
   2.49750515e-02  8.04876838e-01 -8.45623203e-03  2.80848987e-02
   2.84079277e-01  1.05800139e+00 -6.27527534e-01  1.15878239e+00
  -2.66783337e-01  4.59079774e-01  1.60843942e-01  1.54827017e-01
   1.06821201e-01 -1.00000000e+01]], Action: [[ 1.          1.          1.         -0.4761092   0.17727014  0.44147015]], Reward: [2.1076832],Reward_sum: 102.4056167602539, Done: [False]
==========
t: 68, State: [[ 0.29041549  1.11258447  0.44588668  0.02419839  0.0268883   0.80694016
  -0.00851667  0.0274112   0.21907557  1.00138248 -0.86588324  0.90675816
  -0.31646553  0.06403968  0.32639696 -0.16335778 -0.2294888  -1.42568147]], Action: [[ 1.          1.          1.         -0.54929733  0.5593524   1.        ]], Reward: [2.0225155],Reward_sum: 104.42813110351562, Done: [False]
==========
t: 69, State: [[ 0.29873078  1.10651057  0.45305835  0.02237158  0.02630916  0.80975603
  -0.01040483  0.02575458  0.22069724  1.0770051  -0.66053953  0.88988607
  -0.15750937 -0.17763887  0.359446   -0.30092996 -0.18443125  1.40947692]], Action: [[ 1.          0.6252171   1.         -0.16029252  0.8363719  -0.4778952 ]], Reward: [2.036067],Reward_sum: 106.46419525146484, Done: [False]
==========
t: 70, State: [[ 0.3076759   1.10164106  0.46108168  0.02252304  0.02400031  0.81266745
  -0.0118121   0.02371209  0.23896473  1.15425554 -0.56939851  1.09437512
   0.15258653 -0.3676206   0.35541575 -0.08256698 -0.30230238  2.92526513]], Action: [[ 0.57741296 -0.34031639  1.          1.          1.         -0.07348616]], Reward: [2.114684],Reward_sum: 108.5788803100586, Done: [False]
==========
t: 71, State: [[ 0.31696716  1.09735661  0.46856719  0.02235244  0.02107782  0.81519848
  -0.0141839   0.02148053  0.2642554   1.16921858 -0.51129434  0.81637197
  -0.15597294 -0.35849736  0.27600564 -0.46092776 -0.25408414  3.29065261]], Action: [[ 0.1850709   0.35918498  1.          0.03270378  0.63337934 -0.27091914]], Reward: [2.1597693],Reward_sum: 110.7386474609375, Done: [False]
==========
t: 72, State: [[ 3.26518019e-01  1.09330135e+00  4.75777198e-01  2.17926306e-02
   1.83546566e-02  8.15545900e-01 -1.73368023e-02  1.96849882e-02
   2.90524376e-01  1.21577322e+00 -5.06951347e-01  9.73219976e-01
  -2.48532624e-03 -3.19558409e-01 -1.37980499e-01 -3.37738146e-01
  -1.95585322e-01  3.22256854e+00]], Action: [[ 0.8907075   0.29738158  0.278408    0.22229935  0.83294916 -0.14755708]], Reward: [2.1921332],Reward_sum: 112.93077850341797, Done: [False]
==========
t: 73, State: [[ 0.33624054  1.08925344  0.48299276  0.02107271  0.01586503  0.81513188
  -0.02061418  0.01812446  0.31478824  1.21618852 -0.50846962  0.85244293
  -0.15600756 -0.29884166  0.0146042  -0.45881841 -0.19026699  2.83589055]], Action: [[ 0.3226406   0.27378875  1.          0.07032821  0.45201734 -0.388318  ]], Reward: [2.213776],Reward_sum: 115.1445541381836, Done: [False]
==========
t: 74, State: [[ 0.34610573  1.08506737  0.49051457  0.02041279  0.0136881   0.8149499
  -0.02369309  0.01700765  0.33601303  1.248334   -0.53852248  1.01511067
  -0.02377901 -0.24493339 -0.0511783  -0.32076519 -0.0972327   2.47068784]], Action: [[ 0.7235937   0.23861796  0.7085089   0.27489826  0.9048343  -0.2588369 ]], Reward: [2.2311044],Reward_sum: 117.37565612792969, Done: [False]
==========
t: 75, State: [[ 0.35614509  1.08069589  0.49872851  0.02010724  0.0119186   0.81502014
  -0.02614217  0.01636698  0.35380154  1.26196825 -0.55451017  1.04220703
  -0.04849912 -0.1979342   0.05451696 -0.28734434 -0.06529638  1.99296221]], Action: [[ 0.40133536  0.21340671  1.          0.31043395  0.7578962  -0.42640603]], Reward: [2.2528608],Reward_sum: 119.6285171508789, Done: [False]
==========
t: 76, State: [[ 0.36638275  1.07614221  0.50786558  0.02016796  0.01050749  0.81564521
  -0.02757358  0.0159667   0.36819234  1.29666849 -0.58346654  1.23107
   0.05069595 -0.15525116  0.09442471 -0.08350378 -0.03723156  1.61943318]], Action: [[ 0.4161839   0.08150159  1.          0.64589214  0.98213816 -0.38959306]], Reward: [2.2769945],Reward_sum: 121.90550994873047, Done: [False]
==========
t: 77, State: [[ 0.37687224  1.07142126  0.51817346  0.02050947  0.00924353  0.81640889
  -0.02746404  0.01525476  0.37971709  1.32652422 -0.59943511  1.35072473
   0.03468359 -0.15723971  0.09283759  0.10546634 -0.12689176  1.28297623]], Action: [[-0.02602321 -0.18126014  1.          0.9139085   0.6682159  -0.46501797]], Reward: [2.3086545],Reward_sum: 124.21416473388672, Done: [False]
==========
t: 78, State: [[ 0.38760599  1.06648816  0.52944493  0.02065634  0.00790506  0.81711235
  -0.02606093  0.01407931  0.38938769  1.35783949 -0.63482272  1.47243395
   0.00487939 -0.17134454  0.08206799  0.2450181  -0.15916544  1.13938579]], Action: [[-0.11109176 -0.31501374  1.          0.9510744   0.7033181  -0.3906228 ]], Reward: [2.3390553],Reward_sum: 126.55322265625, Done: [False]
==========
t: 79, State: [[ 0.39849863  1.06127271  0.54112959  0.0206658   0.00492084  0.81773574
  -0.02428569  0.01285389  0.39841315  1.36545115 -0.66937608  1.44944559
  -0.00174222 -0.57483266  0.07282991  0.19784808 -0.14513473  1.1163037 ]], Action: [[-0.02948496 -0.41411737  1.          0.8549876   0.73517907 -0.31725052]], Reward: [2.3590362],Reward_sum: 128.91226196289062, Done: [False]
==========
t: 80, State: [[ 4.09343306e-01  1.05561292e+00  5.51947014e-01  2.00370469e-02
  -1.45081333e-03  8.18322976e-01 -2.36854262e-02  1.16238515e-02
   4.09349366e-01  1.34646199e+00 -7.46189353e-01  1.26759975e+00
  -1.35736979e-01 -1.02874190e+00  7.21071035e-02 -3.48159990e-02
  -1.56954372e-01  1.58636586e+00]], Action: [[-0.17923489 -0.33923432  1.          0.5947342   0.5987451  -0.00887999]], Reward: [2.353725],Reward_sum: 131.2659912109375, Done: [False]
==========
t: 81, State: [[ 4.19660683e-01  1.04894716e+00  5.61997174e-01  1.98608772e-02
  -1.27409410e-02  8.18709371e-01 -2.00499287e-02  4.23715585e-03
   4.68813956e-01  1.23290292e+00 -9.19125843e-01  1.22797750e+00
   6.54434205e-02 -1.78230236e+00  2.84369689e-02  9.05074485e-01
  -1.58914527e+00  1.00000000e+01]], Action: [[ 0.44439578 -0.42133054  0.89393246  0.7010133   0.37157172  0.8537744 ]], Reward: [2.2871397],Reward_sum: 133.55313110351562, Done: [False]
==========
t: 82, State: [[  0.42869779   1.04188724   0.56491629   0.01214979  -0.02995833
    0.76484461  -0.01580248  -0.01575794   0.61917104   1.03063452
   -0.84086467  -0.49847815  -1.99547991  -2.45007788 -10.
    0.13130765  -3.264768    10.        ]], Action: [[-0.2203413  -0.38829568 -1.         -0.19839369 -0.2043443   0.8617426 ]], Reward: [2.1276155],Reward_sum: 135.6807403564453, Done: [False]
==========
t: 83, State: [[ 4.35190286e-01  1.03664374e+00  5.54693164e-01  2.06857156e-03
  -7.40880238e-02  6.50411018e-01 -1.01840087e-02 -6.45241102e-02
   7.86258891e-01  5.82093195e-01 -4.79381489e-01 -2.14073591e+00
  -6.68292625e-01 -8.43960866e+00 -1.00000000e+01  1.16478036e+00
  -9.04316446e+00  1.00000000e+01]], Action: [[ 0.40785542 -1.         -0.15532547 -0.3044478  -1.         -0.5333164 ]], Reward: [1.8089943],Reward_sum: 137.48973083496094, Done: [False]
==========
t: 84, State: [[ 4.42678934e-01  1.03171410e+00  5.51587475e-01  8.06969333e-04
  -1.17824583e-01  4.95141050e-01  1.56647702e-03 -1.12447954e-01
   8.76316933e-01  1.29185465e+00 -7.50994307e-01  1.38990795e+00
   3.43910659e-01 -2.31628840e+00 -1.00000000e+01  1.84827387e+00
  -2.97456604e+00  6.59156713e+00]], Action: [[ 0.73789597  0.7951822  -0.7071343   0.5410235   1.         -0.4389168 ]], Reward: [1.9329189],Reward_sum: 139.4226531982422, Done: [False]
==========
t: 85, State: [[ 4.52676833e-01  1.02614941e+00  5.59719289e-01  3.80370027e-03
  -1.39206432e-01  4.05796217e-01  1.15669524e-02 -1.34091738e-01
   9.08245742e-01  1.20301290e+00 -6.46124198e-01  6.51285486e-01
   4.04621969e-01 -3.16354887e+00 -5.67822437e+00  7.50489333e-01
  -2.58076833e+00  1.90784930e+00]], Action: [[ 8.0978596e-01 -5.3830802e-01 -4.4814688e-01 -8.2693319e-04
  -4.2601794e-02  1.0000000e+00]], Reward: [2.247589],Reward_sum: 141.6702423095703, Done: [False]
==========
t: 86, State: [[ 4.63192673e-01  1.02156926e+00  5.64388618e-01  7.11563422e-03
  -1.66062660e-01  3.82757581e-01  5.44905173e-03 -1.33063388e-01
   8.65835165e-01  1.42499389e+00 -4.97389258e-01  4.94710807e-01
   4.12917082e-01 -3.61573673e+00 -8.24174848e-01 -2.30119468e+00
   2.87120111e+00 -1.00000000e+01]], Action: [[ 0.54049635 -0.7505431  -1.          0.39417472  0.8462094  -0.9802772 ]], Reward: [2.3107922],Reward_sum: 143.9810333251953, Done: [False]
==========
t: 87, State: [[ 4.77092902e-01  1.01664214e+00  5.76540748e-01  9.27192346e-03
  -1.78584847e-01  3.81027711e-01 -1.99426255e-02 -8.06973111e-02
   7.08547001e-01  2.04601671e+00 -7.42838472e-01  2.55228439e+00
   1.54091129e-01  4.40441005e-01  5.63296473e-02 -4.05856959e+00
   1.00000000e+01 -1.00000000e+01]], Action: [[ 1.          0.89842296 -0.23907815 -0.00514183  0.8495734  -1.        ]], Reward: [2.7339425],Reward_sum: 146.7149658203125, Done: [False]
==========
t: 88, State: [[  0.49506496   1.0100332    0.58910639  -0.01239205  -0.15252037
    0.37935883  -0.08468908   0.04674763   0.43346988   2.30501908
   -0.81545435   1.56131223  -3.6867107    5.07416845  -0.64645966
   -8.09835621  10.         -10.        ]], Action: [[ 1.          1.         -0.52915823 -1.          0.9039649  -1.        ]], Reward: [3.2414098],Reward_sum: 149.9563751220703, Done: [False]
==========
t: 89, State: [[ 5.14361247e-01  1.00303604e+00  6.30782672e-01 -4.91227178e-03
  -1.13827033e-01  3.92449214e-01 -9.44031344e-02  1.29319132e-01
   2.39879573e-01  2.54176460e+00 -9.58349213e-01  8.64914458e+00
   5.16639826e+00  4.81995190e+00  3.81966238e+00  4.85831268e+00
   5.86232244e+00 -1.00000000e+01]], Action: [[ 1.          1.          0.43716824  0.09797522  0.16672501 -1.        ]], Reward: [3.4088075],Reward_sum: 153.3651885986328, Done: [False]
==========
t: 90, State: [[ 0.53246286  0.99612631  0.68063426  0.01102284 -0.06409957  0.46961779
  -0.06638709  0.15303944  0.16554509  2.00585791 -0.76760202  3.72675712
  -1.34049333  7.75801091 10.          1.74047209  0.67595601 -3.97923382]], Action: [[-0.08045381  0.46887133  1.         -1.         -1.         -0.5010786 ]], Reward: [3.2592242],Reward_sum: 156.62442016601562, Done: [False]
==========
t: 91, State: [[ 5.46575954e-01  9.91067557e-01  6.95112791e-01 -1.11110679e-02
  -8.43415849e-03  6.44324808e-01 -6.39512497e-02  1.47388054e-01
   1.58431233e-01  1.53698716e+00 -4.93339983e-01 -1.48037600e-01
  -4.27487164e+00  6.36353816e+00  1.00000000e+01 -1.34013743e+00
  -1.75074481e+00  1.49867116e+00]], Action: [[ 0.04980668 -0.13228181  1.         -1.         -0.997015   -0.69832987]], Reward: [2.7606351],Reward_sum: 159.3850555419922, Done: [False]
==========
t: 92, State: [[ 0.55945854  0.98814633  0.70783471 -0.01346067  0.01152285  0.83037625
  -0.05650666  0.13065216  0.16840689  1.69215619 -0.23577493  3.28901054
   3.54173105 -1.46891186 10.          3.09293931 -2.30456359  0.69388796]], Action: [[ 1.         -0.6620147  -0.77364725 -0.63813305  1.         -1.        ]], Reward: [2.6058795],Reward_sum: 161.99093627929688, Done: [False]
==========
t: 93, State: [[ 5.70604185e-01  9.87749063e-01  6.97997978e-01 -3.15637381e-02
   5.17136380e-03  9.17760245e-01 -7.33999636e-02  1.10942615e-01
   2.26126004e-01  1.07801591e+00  1.15738872e-01 -5.73081571e+00
  -7.95954944e+00 -2.66441309e-01  6.15062500e+00 -7.32298033e+00
  -2.52476242e+00  1.00000000e+01]], Action: [[-0.8676088   1.         -0.03210007 -0.875255    0.29909703  1.        ]], Reward: [2.389596],Reward_sum: 164.3805389404297, Done: [False]
==========
t: 94, State: [[  0.58213221   0.98761648   0.69815298  -0.02518091  -0.03756292
    0.91284161  -0.07790739   0.0909112    0.29321542   1.80040522
   -0.15418504   5.72662234   9.48934609 -10.          -7.43473991
    6.10228438  -2.42984113   3.82927382]], Action: [[ 1.         -0.50491154 -1.          1.          1.         -1.        ]], Reward: [2.4357479],Reward_sum: 166.8162841796875, Done: [False]
==========
t: 95, State: [[  0.59576512   0.98666496   0.70958371  -0.01943687  -0.06090707
    0.79148473  -0.0719823    0.07389915   0.35502441   1.61813411
   -0.07105275  -2.83117262  -7.97941574   4.57946821 -10.
   -4.55640037  -1.84446074  10.        ]], Action: [[-1.          1.         -1.         -0.31420007  0.9032384   0.6041005 ]], Reward: [2.699835],Reward_sum: 169.51611328125, Done: [False]
==========
t: 96, State: [[ 6.11023415e-01  9.84780996e-01  7.33100739e-01 -6.45726825e-03
  -7.02135962e-02  6.22487190e-01 -5.32899187e-02  5.85010897e-02
   3.90716822e-01  2.18285828e+00 -4.13637581e-01  8.67966315e+00
   1.00000000e+01 -6.84251832e+00 -1.00000000e+01  9.19499555e+00
  -2.02548303e+00 -2.54810926e+00]], Action: [[ 1.         -0.6657071   0.11373575  0.9613962   0.7179092  -1.        ]], Reward: [2.9033906],Reward_sum: 172.4195098876953, Done: [False]
==========
t: 97, State: [[  0.62651847   0.98131654   0.77176156   0.034315    -0.09556604
    0.50400751  -0.01721126   0.04537688   0.41824538   1.70516822
   -0.43452154   1.01037045  -0.91849199   0.34524298 -10.
   -0.1145457   -1.30642417   9.43439786]], Action: [[-1.          0.26309177  0.7403427  -0.27632797  0.84257376  0.8541722 ]], Reward: [2.9337485],Reward_sum: 175.35325622558594, Done: [False]
==========
t: 98, State: [[ 0.63961519  0.97817432  0.77824539  0.02772056 -0.09471406  0.43622985
  -0.0129348   0.01924334  0.48176969  1.56721498 -0.35210028  0.6069882
  -0.73280178 -0.15189196 -6.90221519  1.18804899 -5.26547376  6.38791597]], Action: [[ 0.8557689   0.2694377   0.2435356  -0.7873873  -1.         -0.29707205]], Reward: [2.6345172],Reward_sum: 177.98777770996094, Done: [False]
==========
t: 99, State: [[ 0.65212597  0.97455259  0.78190234  0.02288072 -0.10129843  0.39589372
  -0.01250957 -0.00694938  0.53507856  1.57245236 -0.56495204  0.30993109
  -0.49934625 -1.49223992 -3.19100242 -1.2956183  -0.82786648  6.89032356]], Action: [[ 0.91573095 -0.03861025  0.2299995  -0.3830563   0.61036175  0.13601135]], Reward: [2.5624173],Reward_sum: 180.55020141601562, Done: [False]
==========
t: 100, State: [[  0.66546631   0.9708923    0.78565859   0.01957833  -0.11033062
    0.31430131  -0.02044058  -0.01855111   0.5334364    1.76385852
   -0.34862145   0.62380952  -0.3369885   -0.66289761 -10.
   -0.68949625  -2.05936748  -7.28396874]], Action: [[ 1.          0.10949907 -1.         -0.5221602  -0.5886867  -1.        ]], Reward: [2.6639113],Reward_sum: 183.214111328125, Done: [False]
==========
t: 101, State: [[ 6.80136697e-01  9.67054747e-01  7.87955625e-01  1.06025411e-02
  -1.08858964e-01  2.25849488e-01 -4.28140616e-02 -9.99182323e-03
   4.18887094e-01  1.90173430e+00 -6.13733821e-01 -4.65355898e-02
  -1.89387980e+00  9.18340932e-01 -4.92506231e+00 -4.91215297e+00
   4.32442012e+00 -1.00000000e+01]], Action: [[ 1.          0.7711095   1.         -0.9238693   0.07608673 -1.        ]], Reward: [2.8293445],Reward_sum: 186.04345703125, Done: [False]
==========
t: 102, State: [[ 6.95715205e-01  9.61825243e-01  7.91410356e-01  1.18199977e-03
  -1.03984909e-01  2.09771968e-01 -7.91458464e-02  2.97075019e-02
   1.96671796e-01  1.93553931e+00 -6.14542991e-01  7.60887669e-01
  -5.70690464e-01  3.58575862e-01  7.67398390e-01 -3.22559006e+00
   3.53181198e+00 -1.00000000e+01]], Action: [[ 1.          0.19606987  0.49895036 -0.07004777  1.         -1.        ]], Reward: [2.9440212],Reward_sum: 188.9874725341797, Done: [False]
==========
t: 103, State: [[ 7.11726525e-01  9.57351105e-01  8.02913379e-01  9.42509538e-04
  -9.38351246e-02  1.95616414e-01 -9.17029439e-02  4.91586427e-02
  -7.88569761e-02  2.04939382e+00 -5.13802278e-01  1.96007781e+00
   2.61267944e-01  2.31317339e+00 -4.23747220e+00 -2.58777738e-01
   1.53990775e+00 -1.00000000e+01]], Action: [[ 1.          0.67182547 -0.2611481  -0.65048075  1.         -1.        ]], Reward: [2.9974723],Reward_sum: 191.9849395751953, Done: [False]
==========
t: 104, State: [[ 7.27467395e-01  9.53278837e-01  8.16113980e-01  2.42632120e-03
  -7.78827240e-02  2.11848075e-01 -9.35172717e-02  5.63534702e-02
  -2.33368216e-01  1.89868312e+00 -5.08677399e-01  1.35368447e+00
   1.18779772e-01  1.68182020e+00  8.25514649e+00 -2.89894405e-01
   3.79817110e-01 -1.00000000e+01]], Action: [[ 0.89489484  0.5945009   1.         -1.          0.51256084 -1.        ]], Reward: [2.9631917],Reward_sum: 194.94813537597656, Done: [False]
==========
t: 105, State: [[ 7.44029381e-01  9.48083912e-01  8.36829008e-01  3.49251327e-03
  -4.02307785e-02  2.31129208e-01 -8.42785373e-02  5.60441308e-02
  -3.09937799e-01  2.23827590e+00 -8.00553727e-01  3.82744017e+00
   1.38954527e-01  7.71850136e+00 -3.49175086e+00  2.55396197e+00
  -3.59007487e-01 -6.78172558e+00]], Action: [[ 1.          1.         -0.7301959  -0.01246313  1.          0.02918692]], Reward: [3.066714],Reward_sum: 198.0148468017578, Done: [False]
==========
t: 106, State: [[ 7.61123719e-01  9.42060808e-01  8.61956088e-01  4.58802009e-03
   1.04263734e-02  2.51060748e-01 -6.92238108e-02  5.22793350e-02
  -3.51773144e-01  2.02430851e+00 -6.78724754e-01  2.30879375e+00
   1.50409870e-01  4.60153331e+00  8.64031721e+00  1.05382296e+00
  -5.45231103e-01 -4.07761514e+00]], Action: [[ 1.          0.22576383  0.9244319  -1.          0.31376523 -1.        ]], Reward: [3.1327882],Reward_sum: 201.1476287841797, Done: [False]
==========
t: 107, State: [[ 7.76300036e-01  9.37010782e-01  8.72554356e-01  4.07606631e-03
   3.51126949e-02  3.74864972e-01 -6.96120326e-02  4.82760835e-02
  -3.77001307e-01  1.77624478e+00 -5.82641992e-01  3.29997215e-01
  -3.71565884e-01  1.85900717e+00  1.00000000e+01 -1.15974471e+00
  -4.52866669e-01 -2.43535845e+00]], Action: [[ 0.52595675  1.          1.         -1.          0.95950305 -0.5948409 ]], Reward: [2.8924885],Reward_sum: 204.0401153564453, Done: [False]
==========
t: 108, State: [[ 7.90717472e-01  9.33383080e-01  8.73687976e-01  3.36856610e-03
   4.42848505e-02  5.32342757e-01 -7.90897603e-02  4.47898628e-02
  -4.01165919e-01  1.83419766e+00 -3.33871496e-01 -2.30040860e-02
   1.22369739e-01  5.67753203e-01  1.00000000e+01 -1.19557043e+00
  -4.11595377e-01 -3.64766601e+00]], Action: [[ 1.          1.         -0.34942007 -0.25866255  1.         -1.        ]], Reward: [2.7979906],Reward_sum: 206.83810424804688, Done: [False]
==========
t: 109, State: [[ 8.05327359e-01  9.31134490e-01  8.71597997e-01  5.83352827e-03
   4.48194532e-02  7.01509954e-01 -8.97244184e-02  4.15602041e-02
  -4.32879662e-01  1.82143966e+00 -2.23472907e-01 -5.27254611e-01
   4.43097387e-01 -3.11507918e-01  1.00000000e+01 -1.49891108e+00
  -3.88286114e-01 -4.32449367e+00]], Action: [[ 1.          0.14756206  0.64928496  0.13496508  1.         -1.        ]], Reward: [2.8227744],Reward_sum: 209.66087341308594, Done: [False]
==========
t: 110, State: [[ 0.82013894  0.93002268  0.86591623  0.01013024  0.04059024  0.91359834
  -0.10205215  0.03850834 -0.47236355  1.94989008 -0.01990782 -0.61345207
   0.57503829 -0.66949929 10.         -1.22892896 -0.37262354 -5.94693082]], Action: [[ 1.         -0.11553821  0.9664972   0.3476924   1.         -1.        ]], Reward: [2.8473794],Reward_sum: 212.5082550048828, Done: [False]
==========
t: 111, State: [[ 0.83653878  0.93056459  0.86237661  0.01436997  0.03470097  1.01274537
  -0.10905379  0.03580191 -0.52744553  2.13915208  0.13963597 -0.29141194
   0.48194418 -0.77828889  6.49830765 -0.55644764 -0.30245935 -7.74141699]], Action: [[ 1.          0.01523504  0.6449861   0.18296553  1.         -1.        ]], Reward: [3.0465295],Reward_sum: 215.55477905273438, Done: [False]
==========
t: 112, State: [[ 0.85419908  0.9321579   0.86048519  0.01749449  0.02853153  1.03300029
  -0.11201949  0.0338121  -0.59542882  2.27009941  0.25477095 -0.19833547
   0.3129741  -0.74917096 -0.56401026 -0.19882104 -0.20056486 -9.23819993]], Action: [[ 1.          0.14517942 -0.22388308 -0.06961361  1.         -0.9935426 ]], Reward: [3.204475],Reward_sum: 218.75924682617188, Done: [False]
==========
t: 113, State: [[ 8.72430771e-01  9.34891655e-01  8.55958552e-01  1.83949185e-02
   1.96963641e-02  1.01699726e+00 -1.16144008e-01  3.30680273e-02
  -6.74602911e-01  2.28419076e+00  4.27670631e-01 -9.21374835e-01
  -4.17850546e-02 -1.48040564e+00 -3.05312625e+00 -7.94619410e-01
  -7.22719012e-03 -1.00000000e+01]], Action: [[ 1.         0.2390258  1.        -1.         1.        -1.       ]], Reward: [3.2739043],Reward_sum: 222.0331573486328, Done: [False]
==========
t: 114, State: [[  0.89098263   0.93863676   0.84830606   0.01727553   0.01083568
    0.98862275  -0.12175389   0.03337096  -0.76476976   2.35080784
    0.51083726  -0.99996425  -0.20910227  -0.79610918  -3.8421397
   -0.60395753   0.07198597 -10.        ]], Action: [[ 1.         0.6356248  1.        -0.896896   1.        -1.       ]], Reward: [3.3137743],Reward_sum: 225.34693908691406, Done: [False]
==========
t: 115, State: [[ 9.09755366e-01  9.42281352e-01  8.38684332e-01  1.35074732e-02
   6.15640555e-03  9.57876910e-01 -1.30663960e-01  3.31030631e-02
  -8.44011343e-01  2.32853770e+00  3.66003704e-01 -1.37368621e+00
  -6.89912820e-01 -4.09907744e-01 -3.74979952e+00 -1.68000763e+00
  -1.41076092e-01 -6.64264911e+00]], Action: [[ 1.         0.5773814  1.        -1.         1.        -1.       ]], Reward: [3.3412583],Reward_sum: 228.68820190429688, Done: [False]
==========
t: 116, State: [[ 9.28266912e-01  9.44737861e-01  8.28085848e-01  1.00471961e-02
  -1.28658101e-04  9.29470990e-01 -1.44613640e-01  3.14107535e-02
  -8.78125430e-01  2.29915492e+00  2.54154560e-01 -1.31117001e+00
  -2.23978731e-01 -1.13718719e+00 -3.31644614e+00 -1.83645167e+00
  -2.53566099e-01 -2.34611325e+00]], Action: [[ 1.          0.03025806  1.         -0.31518343  1.         -1.        ]], Reward: [3.309843],Reward_sum: 231.998046875, Done: [False]
==========
t: 117, State: [[ 0.94682574  0.94608356  0.81980916  0.0094619  -0.00602134  0.90508392
  -0.15752808  0.02919784 -0.88717873  2.34030726  0.0860907  -0.78134851
   0.04485085 -0.32193567 -2.77260232 -1.41101426 -0.28372609 -0.1771411 ]], Action: [[ 1.          0.2022042   1.         -0.05924769  1.         -1.        ]], Reward: [3.3158097],Reward_sum: 235.31385803222656, Done: [False]
==========
t: 118, State: [[ 0.96518514  0.94679271  0.81109271  0.0109156  -0.01712894  0.88511964
  -0.17155989  0.02698815 -0.88409194  2.24799929  0.09275928 -1.4204253
   0.28272424 -2.43316571 -2.22562864 -2.11783779 -0.26150341  0.80706745]], Action: [[ 1.         -0.37759015  1.          0.00364564  1.         -1.        ]], Reward: [3.290782],Reward_sum: 238.60464477539062, Done: [False]
==========
t: 119, State: [[  0.984382     0.94662596   0.80788316   0.01288402  -0.0204364
    0.80995228  -0.17977349   0.02486098  -0.87604395   2.55427324
   -0.1301183    0.62018382   0.21244165   1.66743021 -10.
    0.06938001  -0.26257889   1.13347664]], Action: [[ 1.         0.5842829 -1.         0.2538765  1.        -1.       ]], Reward: [3.3952012],Reward_sum: 241.99984741210938, Done: [False]
==========
t: 120, State: [[ 1.00498166e+00  9.45178845e-01  8.11973632e-01  9.83572901e-03
   2.75045274e-03  6.67535701e-01 -1.81601660e-01  2.36958823e-02
  -8.66525927e-01  2.58787654e+00 -2.22600073e-01  3.81070828e-01
  -8.83668048e-01  3.89688567e+00 -1.00000000e+01 -5.24552952e-01
  -5.30783153e-02  1.20496927e+00]], Action: [[ 1.          0.6746986  -0.23069523 -1.          1.         -1.        ]], Reward: [3.5704498],Reward_sum: 245.57029724121094, Done: [False]
==========
t: 121, State: [[ 1.02551714e+00  9.44238464e-01  8.12349733e-01  5.08657649e-03
   2.34920039e-02  4.66370551e-01 -1.88555698e-01  2.35495981e-02
  -8.57331792e-01  2.54788967e+00 -6.92300133e-03 -3.06347194e-01
  -3.57778244e-01  1.54613201e+00 -1.00000000e+01 -1.22893360e+00
   8.80248866e-03  1.07908349e+00]], Action: [[ 1.         -0.02964437 -0.9959778  -0.9393487   1.         -1.        ]], Reward: [3.562059],Reward_sum: 249.13235473632812, Done: [False]
==========
t: 122, State: [[ 1.04562754e+00  9.44315603e-01  8.07176762e-01  2.25674392e-03
   2.77037214e-02  2.41723689e-01 -2.01850631e-01  2.38930184e-02
  -8.49267140e-01  2.51376321e+00 -2.24197130e-02 -8.17591733e-01
  -5.95947132e-01 -9.74491536e-01 -1.00000000e+01 -1.95469634e+00
   7.33076303e-02  9.32847497e-01]], Action: [[ 1.          0.6618134  -0.12352617 -1.          1.         -1.        ]], Reward: [3.509347],Reward_sum: 252.64170837402344, Done: [False]
==========
t: 123, State: [[ 1.06611729e+00  9.43987433e-01  8.03510253e-01  5.97237827e-04
   8.34222735e-03  1.30609877e-01 -2.14121423e-01  2.41716083e-02
  -8.42598486e-01  2.62402247e+00 -7.15329211e-02  1.94171103e-01
   6.32169027e-01 -3.79067804e+00 -8.80986961e+00 -7.74178491e-01
  -1.92720358e-03  7.35942296e-01]], Action: [[ 1.          0.146797   -0.58790606 -0.44256362  1.         -1.        ]], Reward: [3.5576565],Reward_sum: 256.1993713378906, Done: [False]
==========
t: 124, State: [[ 1.08723262  0.9439319   0.80439311  0.00585418 -0.02885596  0.08258571
  -0.22006894  0.02369797 -0.83749834  2.65299682  0.05730405  0.00829299
   0.65449854 -5.31732246 -3.96802024 -0.74175697 -0.10159102  0.54726161]], Action: [[ 1.         -0.5521538  -1.          0.11079826  1.         -1.        ]], Reward: [3.6350982],Reward_sum: 259.83447265625, Done: [False]
==========
t: 125, State: [[ 1.10856819  0.94487961  0.80378819  0.01111686 -0.07433751  0.05798837
  -0.22576132  0.0226162  -0.83374411  2.67925857  0.17949174 -0.17500359
   0.64551536 -5.95639291 -2.57589267 -0.70507084 -0.15772607  0.39864412]], Action: [[ 1.         -0.62234616 -1.          0.2885799   1.         -1.        ]], Reward: [3.6624753],Reward_sum: 263.4969482421875, Done: [False]
==========
t: 126, State: [[ 1.13068752  0.94625228  0.8054638   0.01539635 -0.11399799  0.0333547
  -0.22768329  0.0213688  -0.83101169  2.85100339  0.16515166  0.5931624
   0.4386047  -3.93102993 -3.74735957  0.22332552 -0.1512498   0.28955174]], Action: [[ 1.          0.01216868 -1.          0.17366858  1.         -1.        ]], Reward: [3.7608862],Reward_sum: 267.2578430175781, Done: [False]
==========
t: 127, State: [[ 1.15306210e+00  9.48509042e-01  8.05127379e-01  1.82699129e-02
  -1.53742100e-01  3.03424478e-03 -2.31062723e-01  2.05652146e-02
  -8.28952349e-01  2.74112800e+00  3.98229376e-01 -6.77984884e-01
   2.90699535e-01 -6.02989787e+00 -3.89608520e+00 -1.06437995e+00
  -5.89743122e-02  2.27369706e-01]], Action: [[ 1.         -0.7251748  -1.         -0.40120563  1.         -1.        ]], Reward: [3.792136],Reward_sum: 271.0499267578125, Done: [False]
==========
t: 128, State: [[ 1.17583457  0.95153146  0.80380909  0.02003864 -0.18997369 -0.03762079
  -0.2347768   0.01999824 -0.82742986  2.95271483  0.36015957  0.34051648
   0.16392399 -3.07067072 -6.26401697  0.12628999 -0.07866264  0.15699823]], Action: [[ 1.          0.19399625 -1.          0.12021443  1.         -1.        ]], Reward: [3.8425066],Reward_sum: 274.8924560546875, Done: [False]
==========
t: 129, State: [[ 1.19908045  0.95527273  0.80175018  0.02074176 -0.22179503 -0.09064412
  -0.23885654  0.01981274 -0.82626902  2.85780447  0.57454448 -0.85019007
   0.02815553 -4.9022874  -7.00626799 -1.13390194  0.0199473   0.13309226]], Action: [[ 1.         -0.50713956 -1.         -0.6497718   1.         -1.        ]], Reward: [3.9010558],Reward_sum: 278.79351806640625, Done: [False]
==========
t: 130, State: [[ 1.22276385e+00  9.59794888e-01  7.98464888e-01  2.05047347e-02
  -2.49521233e-01 -1.56039060e-01 -2.43975357e-01  1.99037591e-02
  -8.25382462e-01  3.06371822e+00  5.58517277e-01  2.39650181e-02
  -7.19786508e-02 -2.07218905e+00 -9.32769578e+00 -1.50586452e-01
   4.24314470e-03  9.07928302e-02]], Action: [[ 1.          0.34861052 -1.         -0.21437185  1.         -1.        ]], Reward: [3.9562573],Reward_sum: 282.7497863769531, Done: [False]
==========
t: 131, State: [[  1.24745537   0.96471798   0.79762658   0.0196892   -0.26509996
   -0.23910709  -0.24622201   0.0201074   -0.82472606   3.10871223
    0.67548645  -0.24833555  -0.12030162  -1.72526169 -10.
   -0.42299965   0.04103292   0.07325495]], Action: [[ 1.         -0.04504627 -1.         -0.5592795   1.         -1.        ]], Reward: [4.082125],Reward_sum: 286.8319091796875, Done: [False]
==========
t: 132, State: [[  1.27278647   0.97040913   0.79611383   0.01825417  -0.26876025
   -0.41178784  -0.24923406   0.02058418  -0.8241959    3.22336197
    0.74349425  -0.10294704  -0.22187589   1.00446723 -10.
   -0.29745965   0.07239048   0.06002848]], Action: [[ 1.          0.30223832 -1.         -0.71952415  1.         -1.        ]], Reward: [4.161778],Reward_sum: 290.9936828613281, Done: [False]
==========
t: 133, State: [[  1.29910239   0.97649715   0.79543597   0.012828    -0.24281024
   -0.70374667  -0.25205514   0.02139237  -0.82372166   3.34764451
    0.76745151  -0.07484699  -1.22085964   5.89030911 -10.
   -0.42083358   0.12278964   0.06025027]], Action: [[ 1.         0.6043805 -1.        -1.         1.        -1.       ]], Reward: [4.284126],Reward_sum: 295.2778015136719, Done: [False]
==========
t: 134, State: [[ 1.32524747e+00  9.81558780e-01  7.94136258e-01  3.10063605e-03
  -1.99472811e-01 -1.01148767e+00 -2.57400636e-01  2.26033707e-02
  -8.22995667e-01  3.15876610e+00  4.70306302e-01 -2.85222282e-01
  -9.05464886e-01  3.10355807e+00 -1.00000000e+01 -9.64603034e-01
   1.73831022e-01  1.18013953e-01]], Action: [[ 1.          0.48257902 -1.         -1.          1.         -1.        ]], Reward: [4.2629013],Reward_sum: 299.54071044921875, Done: [False]
==========
t: 135, State: [[ 1.34967527e+00  9.84814802e-01  7.89408136e-01 -3.04962320e-05
  -1.97026568e-01 -1.13213334e+00 -2.68397964e-01  2.39572574e-02
  -8.22058430e-01  2.97762201e+00  3.49217965e-01 -6.12171852e-01
   5.01594296e-01 -2.35225472e+00 -7.25866365e+00 -1.44170471e+00
   1.53729124e-01  1.08346186e-01]], Action: [[ 1.          0.10731125 -1.         -1.          1.         -1.        ]], Reward: [4.0484643],Reward_sum: 303.58917236328125, Done: [False]
==========
t: 136, State: [[ 1.37355266e+00  9.86877470e-01  7.82502383e-01 -2.58073382e-03
  -2.12305904e-01 -1.15076627e+00 -2.83481763e-01  2.51777078e-02
  -8.21286978e-01  2.99729025e+00  1.72562131e-01 -1.10338514e+00
  -1.16546441e+00 -1.23876031e+00  1.48284623e+00 -2.31079250e+00
   1.46830248e-01  8.33827957e-02]], Action: [[ 1.         1.        -0.5300554 -1.         1.        -1.       ]], Reward: [3.9793923],Reward_sum: 307.56854248046875, Done: [False]
==========
t: 137, State: [[ 1.39890307  0.98669383  0.79245421  0.01056568 -0.2266674  -1.12211883
  -0.28022493  0.02521901 -0.82094021  3.25776647 -0.14680902  1.9986766
   1.94938188 -0.99898182  5.08816361  1.25968128 -0.07510958  0.01665594]], Action: [[ 1.         0.5013813 -0.8047985  0.3178526  1.        -1.       ]], Reward: [4.164801],Reward_sum: 311.73333740234375, Done: [False]
==========
t: 138, State: [[ 1.42400025  0.98519686  0.79768102  0.01311545 -0.24346924 -1.00148819
  -0.28374874  0.0252501  -0.82065955  3.01149882 -0.23478922 -0.69180784
  -1.36658721 -2.99898469 10.         -2.13701545  0.06586919  0.05039332]], Action: [[ 0.53161025  0.47897878  1.         -1.          1.         -1.        ]], Reward: [4.1326356],Reward_sum: 315.865966796875, Done: [False]
==========
t: 139, State: [[ 1.44965742e+00  9.82132796e-01  8.03796591e-01  5.73937194e-03
  -2.40928161e-01 -8.59437622e-01 -2.87856480e-01  2.50240419e-02
  -8.20565906e-01  3.39494351e+00 -5.31384123e-01  2.13045888e+00
  -5.57375268e-01  3.39926605e+00  1.00000000e+01  9.91953111e-01
  -9.79628362e-02 -1.76468216e-02]], Action: [[ 0.919536   1.        -1.         0.1923425  1.        -1.       ]], Reward: [4.202264],Reward_sum: 320.0682373046875, Done: [False]
==========
t: 140, State: [[ 1.47601609  0.97837261  0.8065338  -0.01988424 -0.19992326 -0.7882266
  -0.29697107  0.02450392 -0.82059131  3.19183419 -0.41263007 -1.43990886
  -5.83680764  6.7997065   5.94971656 -3.26235662 -0.03783309  0.00860524]], Action: [[ 0.3082029   0.34540692 -0.25001037 -1.          0.6551231  -1.        ]], Reward: [4.2921276],Reward_sum: 324.3603820800781, Done: [False]
==========
t: 141, State: [[ 1.50193249e+00  9.73369785e-01  8.19275776e-01 -1.96797372e-02
  -1.91309470e-01 -6.61001304e-01 -2.94567059e-01  2.35765197e-02
  -8.20593027e-01  3.28324806e+00 -8.41210393e-01  4.60379963e+00
   5.83142652e+00 -4.46151642e+00  1.00000000e+01  3.82668930e+00
  -1.72614475e-01 -7.04027630e-03]], Action: [[ 1.         -0.5272937   0.9522244   0.04788875  1.         -1.        ]], Reward: [4.2353635],Reward_sum: 328.59576416015625, Done: [False]
==========
t: 142, State: [[  1.5266249    0.9685688    0.81145642  -0.05224961  -0.16098902
   -0.54727657  -0.31611498   0.02170709  -0.81856754   2.87497351
   -0.37742259  -6.53605599 -10.          10.           3.26379641
   -9.19895216  -0.27394333   0.44602498]], Action: [[-1.          1.         -1.         -1.         -0.649374   -0.13677152]], Reward: [4.0821104],Reward_sum: 332.6778564453125, Done: [False]
==========
t: 143, State: [[ 1.55087781  0.96341363  0.79025683 -0.11344738 -0.09869255 -0.47614729
  -0.35372249  0.01939624 -0.81648128  3.20916045 -0.88840203  1.21900814
  -1.34013252  3.61734971 10.         -0.22423222 -0.2948787   0.11184471]], Action: [[ 1.         -0.1666018   0.6377984   0.42645064  1.         -1.        ]], Reward: [4.027998],Reward_sum: 336.70587158203125, Done: [False]
==========
t: 144, State: [[ 1.57683414  0.95634554  0.80060986 -0.12370461 -0.06277458 -0.4090666
  -0.35574541  0.01828497 -0.81621436  3.27986665 -0.8780322   1.37237819
  -1.21916231  5.29852625  2.32563277 -0.2617421  -0.01608977 -0.02651979]], Action: [[ 1.         0.3131603 -0.7091237 -1.         1.        -1.       ]], Reward: [4.239939],Reward_sum: 340.94580078125, Done: [False]
==========
t: 145, State: [[ 1.6022026   0.94892699  0.81430735 -0.1151792  -0.05467352 -0.31837936
  -0.35503502  0.01874052 -0.81651846  3.06217032 -0.9756516   2.0476219
   3.33216891 -3.15081558 10.          0.44321625  0.11187797 -0.04539744]], Action: [[ 1.        -0.2549415  1.        -1.         1.        -1.       ]], Reward: [4.1659927],Reward_sum: 345.1117858886719, Done: [False]
==========
t: 146, State: [[ 1.62705527  0.94068836  0.82901037 -0.09877514 -0.05819109 -0.19623274
  -0.35464215  0.01999168 -0.81701356  3.15125778 -1.08283708  1.63652923
   0.79429386  2.18398907 10.         -0.32686895  0.18650511 -0.07301004]], Action: [[ 1.          0.93379426 -0.45140928 -1.          1.         -1.        ]], Reward: [4.101508],Reward_sum: 349.2132873535156, Done: [False]
==========
t: 147, State: [[ 1.6523703   0.93141706  0.8406183  -0.10030127 -0.02580486 -0.12339097
  -0.36012471  0.02158781 -0.81757612  3.1749086  -1.23710384  1.2696606
  -1.16920008  5.9032261   7.58586516 -1.03626277  0.20510309 -0.06607486]], Action: [[ 1.          0.90981436 -0.06405596 -1.          1.         -1.        ]], Reward: [4.159547],Reward_sum: 353.3728332519531, Done: [False]
==========
t: 148, State: [[ 1.67757365  0.92127279  0.85185364 -0.10430502  0.01503048 -0.0594504
  -0.36747162  0.02306114 -0.81808131  3.12127529 -1.28204248  1.62238967
   0.59122971  3.64515381  8.71550153 -0.6753475   0.1584321  -0.06120498]], Action: [[ 1.          0.32547405  0.05518384 -1.          1.         -1.        ]], Reward: [4.1463103],Reward_sum: 357.5191650390625, Done: [False]
==========
t: 149, State: [[ 1.7026257   0.91131236  0.86730042 -0.09030019  0.03448889 -0.01749765
  -0.36970896  0.02407714 -0.81862305  3.14924057 -1.21747158  2.16949345
   2.59898366  1.38620562  1.82945745  0.0130934   0.10363455 -0.07089972]], Action: [[ 1.          0.8963897  -0.56795365 -1.          1.         -1.        ]], Reward: [4.12638],Reward_sum: 361.6455078125, Done: [False]
==========
t: 150, State: [[ 1.72740418  0.90104511  0.88097596 -0.07083416  0.01876147  0.03061695
  -0.37447765  0.02423785 -0.81900651  3.0360948  -1.35997337  1.24303074
   2.17718991 -4.6977695  10.         -1.23152673 -0.0425554  -0.02755842]], Action: [[ 0.8794446  0.7863066  1.        -1.         0.3335979 -1.       ]], Reward: [4.092807],Reward_sum: 365.73834228515625, Done: [False]
==========
t: 151, State: [[ 1.75329998  0.88832297  0.91032775 -0.03473343 -0.01587536  0.09430205
  -0.3626642   0.02345429 -0.81941539  3.42275828 -1.83439795  6.08345661
   6.74647234 -3.23443186  5.79257377  4.15818228 -0.13695466 -0.06664183]], Action: [[ 1.          0.9095273  -0.1691175   0.05450543  1.         -1.        ]], Reward: [4.233116],Reward_sum: 369.971435546875, Done: [False]
==========
t: 152, State: [[ 1.77813573e+00  8.74944915e-01  9.14652490e-01 -5.45733817e-02
   5.42784128e-03  1.37654459e-01 -3.81540300e-01  2.21719823e-02
  -8.17996777e-01  2.77145143e+00 -1.50062884e+00 -4.87238622e+00
  -1.00000000e+01  7.78578460e+00  5.23281948e+00 -8.70030756e+00
  -1.80555202e-01  3.57202051e-01]], Action: [[-1.          0.82860863  0.1570132  -1.         -0.37746903 -0.28660446]], Reward: [4.101533],Reward_sum: 374.0729675292969, Done: [False]
==========
t: 153, State: [[ 1.80232082  0.86061593  0.9109889  -0.09265717  0.04572125  0.18823146
  -0.41016629  0.02012599 -0.8165317   3.28829247 -2.07949517  3.89008144
   1.42194911  2.60270438  7.39100299  1.44318903 -0.30565354  0.04618145]], Action: [[ 1.          0.16660354  0.1199079   0.6873063   1.         -1.        ]], Reward: [4.019622],Reward_sum: 378.09259033203125, Done: [False]
==========
t: 154, State: [[ 1.82868907  0.84468029  0.94207338 -0.07563211  0.05718323  0.19839409
  -0.39807421  0.01766571 -0.81664847  3.30590169 -1.91082751  3.84991692
   2.67571843  0.50302029 -4.89793303  1.52870763 -0.30014347 -0.06026955]], Action: [[ 0.84556365  0.25150135 -1.         -1.          0.02321985 -1.        ]], Reward: [4.2922525],Reward_sum: 382.3848571777344, Done: [False]
==========
t: 155, State: [[ 1.85506372  0.82925271  0.97387883 -0.04993571  0.05394977  0.15485224
  -0.38517952  0.01569448 -0.81723622  3.29185809 -1.95276332  4.0515143
   3.57841024 -1.84245766 -4.4673648   1.62680269 -0.19699858 -0.08155332]], Action: [[ 1.          0.37931082 -0.23350875 -1.          0.19586504 -1.        ]], Reward: [4.2935953],Reward_sum: 386.678466796875, Done: [False]
==========
t: 156, State: [[ 1.88056851  0.81495161  0.99211026 -0.03633699  0.03104403  0.12893485
  -0.38787757  0.0139052  -0.81790105  3.0859545  -1.62246296  0.5142704
  -0.18361289 -3.65443413 -2.27723314 -2.2994943  -0.23896336 -0.08245864]], Action: [[ 0.18263683 -0.35033652 -0.7549939  -1.         -0.34474865 -1.        ]], Reward: [4.1852527],Reward_sum: 390.86370849609375, Done: [False]
==========
t: 157, State: [[ 1.90748714e+00  8.00476450e-01  1.03632628e+00  2.69083038e-02
  -3.71285123e-02  1.21079959e-01 -3.56248916e-01  7.34233237e-03
  -8.18866970e-01  3.44421645e+00 -1.84560016e+00  6.99766846e+00
   1.00000000e+01 -1.00000000e+01 -5.54459045e-01  5.87355660e+00
  -9.13482991e-01 -1.44541239e-01]], Action: [[ 1. -1. -1.  1.  1. -1.]], Reward: [4.3588285],Reward_sum: 395.2225341796875, Done: [False]
==========
t: 158, State: [[ 1.93382225e+00  7.87321854e-01  1.05317568e+00  3.72306430e-02
  -6.80113099e-02  1.00635881e-01 -3.57031958e-01  3.55723851e-03
  -8.15627891e-01  3.15090790e+00 -1.43260716e+00 -2.72750628e+00
  -7.66782709e+00  2.50549039e+00 -4.57702403e+00 -5.94902168e+00
  -1.26143436e-01  9.60027512e-01]], Action: [[-1.          0.8786365  -1.         -0.7383387   0.5162251   0.05231117]], Reward: [4.2883024],Reward_sum: 399.5108337402344, Done: [False]
==========
t: 159, State: [[ 1.95985406e+00  7.75557547e-01  1.04444531e+00 -1.87886724e-03
  -6.32263330e-02  6.31101220e-02 -3.88121271e-01  2.87978673e-03
  -8.11181376e-01  3.37594133e+00 -1.51715309e+00  7.97767846e-01
  -1.70632615e+00 -1.52982802e+00 -4.79439183e+00 -1.49630335e+00
  -1.21301657e-01  2.35629872e-01]], Action: [[ 1. -1. -1.  1.  1. -1.]], Reward: [4.247977],Reward_sum: 403.7588195800781, Done: [False]
==========
t: 160, State: [[ 1.98728347e+00  7.63775382e-01  1.06062793e+00  1.03416984e-02
  -1.04079014e-01  2.86349468e-02 -3.88116013e-01  3.09413223e-03
  -8.10714363e-01  3.39541143e+00 -1.33043493e+00  1.48354414e+00
   1.98381742e+00 -7.18202408e+00 -4.20294240e+00 -5.27536695e-01
   1.71082736e-01 -7.18196812e-02]], Action: [[ 1.         -1.         -1.         -0.36317304  1.         -1.        ]], Reward: [4.423544],Reward_sum: 408.182373046875, Done: [False]
==========
t: 161, State: [[ 2.01408073e+00  7.54525076e-01  1.06321113e+00  2.04088911e-02
  -1.68144748e-01 -5.40139701e-02 -4.01535533e-01  4.34054134e-03
  -8.11877706e-01  3.30581547e+00 -9.87625527e-01 -7.55784010e-01
   6.73358483e-01 -8.77553891e+00 -1.00000000e+01 -2.73405676e+00
   1.38832532e-01 -1.98019614e-01]], Action: [[-0.39341387 -0.9632684  -1.         -0.04313955  0.45244798 -1.        ]], Reward: [4.3463683],Reward_sum: 412.52874755859375, Done: [False]
==========
t: 162, State: [[ 2.04136538e+00  7.46349553e-01  1.06119462e+00  2.54520494e-02
  -2.22070837e-01 -2.55194533e-01 -4.17895598e-01  5.29646203e-03
  -8.13036746e-01  3.51614410e+00 -1.05448011e+00  2.47647600e-01
   5.83056332e-01 -4.48627738e+00 -1.00000000e+01 -1.35897832e+00
   1.01849561e-01 -1.00802002e-01]], Action: [[ 1.         -0.24760845 -1.          1.          1.         -0.6580504 ]], Reward: [4.406087],Reward_sum: 416.9348449707031, Done: [False]
==========
t: 163, State: [[ 2.06908274e+00  7.38991582e-01  1.05677862e+00  2.82400690e-02
  -2.54735516e-01 -5.90244572e-01 -4.35219865e-01  6.09483858e-03
  -8.14108417e-01  3.40322347e+00 -8.04632735e-01 -1.26680255e+00
   1.53996815e-01 -3.25350793e+00 -1.00000000e+01 -2.89053926e+00
   9.72759310e-02 -1.52871264e-01]], Action: [[ 1.         -0.6790154  -1.         -0.6159581   0.24532947 -1.        ]], Reward: [4.4607687],Reward_sum: 421.3955993652344, Done: [False]
==========
t: 164, State: [[ 2.09561951e+00  7.31711478e-01  1.04598221e+00  2.66445790e-02
  -2.66058626e-01 -1.01819511e+00 -4.60911047e-01  8.10044293e-03
  -8.15175153e-01  3.10608910e+00 -1.10486582e+00 -1.68766967e+00
  -4.10348475e-01 -2.87200265e+00 -1.00000000e+01 -3.92769079e+00
   3.88800497e-01 -8.86539265e-02]], Action: [[ 1.          0.36021316 -1.         -1.          1.         -1.        ]], Reward: [4.3119674],Reward_sum: 425.70758056640625, Done: [False]
==========
t: 165, State: [[  2.11891095   0.72207255   1.02757184   0.02312193  -0.31378841
   -1.21699749  -0.4995306    0.01165383  -0.8157322    2.74838203
   -1.27690458  -2.86580331  -0.451095    -8.6854995  -10.
   -5.62239203   0.46914126  -0.06077562]], Action: [[ 1.          0.07950675 -1.         -1.          1.         -1.        ]], Reward: [3.906424],Reward_sum: 429.614013671875, Done: [False]
==========
t: 166, State: [[ 2.1417341   0.70979446  1.01455991  0.02109134 -0.37459783 -1.26212711
  -0.53354343  0.01417381 -0.81559827  2.97400374 -1.7750784  -0.40429654
  -0.09540053 -6.25352691  0.10975282 -2.89510313  0.18648023  0.07139982]], Action: [[ 1.          0.9506037  -1.          0.86487436  1.         -0.5973397 ]], Reward: [3.8478844],Reward_sum: 433.4618835449219, Done: [False]
==========
t: 167, State: [[ 2.16599109  0.69446405  1.01641446  0.02129725 -0.42056372 -1.2342564
  -0.55074335  0.01505628 -0.81569477  3.09463915 -2.0529166   0.86241795
   0.11753358 -5.06387587  5.9715319  -1.41385187  0.04795325 -0.0770494 ]], Action: [[ 0.8946805   0.27728733 -1.          0.7773073   1.         -1.        ]], Reward: [4.027642],Reward_sum: 437.4894714355469, Done: [False]
==========
t: 168, State: [[ 2.1912568   0.67703874  1.0278615   0.02226542 -0.45380585 -1.17690607
  -0.55674545  0.01511857 -0.81660437  3.22355025 -2.30160327  2.00028241
   0.12086036 -3.16706955  7.91113159 -0.08723934 -0.02404364 -0.1398363 ]], Action: [[ 0.6354312   0.25192496 -1.          0.779704    1.         -1.        ]], Reward: [4.1541395],Reward_sum: 441.64361572265625, Done: [False]
==========
t: 169, State: [[ 2.21708121  0.65810004  1.04540914  0.02398677 -0.47837992 -1.11258273
  -0.55532191  0.01483091 -0.81776766  3.23260696 -2.4312164   2.37140729
   0.28252127 -2.92557028  7.94803998  0.42535206 -0.04440262 -0.14658178]], Action: [[ 1.         -0.28275988 -1.          0.70883584  1.         -1.        ]], Reward: [4.2234683],Reward_sum: 445.8670959472656, Done: [False]
==========
t: 170, State: [[ 2.24237296e+00  6.38706273e-01  1.06150640e+00  2.63507729e-02
  -5.08448483e-01 -1.05189017e+00 -5.54806804e-01  1.46790359e-02
  -8.18823909e-01  3.09136363e+00 -2.41648795e+00  1.65265185e+00
   2.98150012e-01 -4.56363760e+00  7.13026315e+00 -2.94288681e-01
   1.02349488e-03 -1.17639341e-01]], Action: [[ 1.         -0.74126947 -1.          0.3490695   1.         -1.        ]], Reward: [4.156797],Reward_sum: 450.0238952636719, Done: [False]
==========
t: 171, State: [[ 2.26718395  0.61887291  1.07600156  0.02856014 -0.54210935 -0.99956476
  -0.55544169  0.01462375 -0.81972291  3.11142677 -2.54139573  1.96802159
   0.25309798 -3.8535177   5.93661587  0.13157874 -0.01291908 -0.10581791]], Action: [[ 1.        -0.1709151 -1.         0.5814487  1.        -1.       ]], Reward: [4.0970078],Reward_sum: 454.12091064453125, Done: [False]
==========
t: 172, State: [[ 2.29152208  0.5986247   1.08902881  0.0308729  -0.57983327 -0.95660604
  -0.55681309  0.01450687 -0.82046238  2.97310426 -2.52136026  1.28792638
   0.30906339 -5.55669823  4.80932176 -0.47749408 -0.01527887 -0.07979917]], Action: [[ 1.         -0.9197701  -1.          0.60840595  1.         -1.        ]], Reward: [4.0370502],Reward_sum: 458.157958984375, Done: [False]
==========
t: 173, State: [[ 2.31526218  0.57806462  1.09952489  0.0325119  -0.62264199 -0.92256149
  -0.56018891  0.01442638 -0.8210405   2.9625051  -2.61966877  1.34923737
   0.12002437 -5.158337    3.7326349  -0.35125944 -0.00595484 -0.06471031]], Action: [[ 0.7880107  -0.2543895  -1.          0.50970256  1.         -1.        ]], Reward: [3.9635668],Reward_sum: 462.12152099609375, Done: [False]
==========
t: 174, State: [[ 2.33867730e+00  5.56908308e-01  1.10939248e+00  3.33775124e-02
  -6.66264169e-01 -8.96294518e-01 -5.63718110e-01  1.44277802e-02
  -8.21476270e-01  2.89134594e+00 -2.67040735e+00  1.12391381e+00
   9.59585757e-02 -5.74022771e+00  2.86243572e+00 -5.24273137e-01
   4.99034861e-03 -4.51577623e-02]], Action: [[ 0.9416239  -0.5357568  -1.          0.47693002  1.         -1.        ]], Reward: [3.922489],Reward_sum: 466.04400634765625, Done: [False]
==========
t: 175, State: [[ 2.36181043  0.53508088  1.11903766  0.03345248 -0.70980176 -0.87643908
  -0.56716279  0.01457708 -0.82178245  2.89245204 -2.78723283  1.29999749
  -0.05731316 -5.15808789  2.13317835 -0.32069164  0.02858993 -0.03197734]], Action: [[ 0.84308505 -0.08247402 -1.          0.30340716  1.         -1.        ]], Reward: [3.8878307],Reward_sum: 469.93182373046875, Done: [False]
==========
t: 176, State: [[ 2.38460793  0.51259616  1.12838882  0.03298282 -0.75374626 -0.86161454
  -0.5708112   0.01492438 -0.82195433  2.80718738 -2.83480622  1.04603108
  -0.05909039 -5.81834632  1.59495033 -0.58058318  0.0538595  -0.0127235 ]], Action: [[ 1.         -0.44020912 -1.          0.18643405  1.         -1.        ]], Reward: [3.8454597],Reward_sum: 473.77728271484375, Done: [False]
==========
t: 177, State: [[ 2.4069947   0.48948782  1.13742127  0.03248731 -0.79938767 -0.85065817
  -0.57460867  0.01532344 -0.82204033  2.7895617  -2.94254662  1.21480382
  -0.06284904 -5.59340658  1.16524671 -0.36568398  0.04566536 -0.00895688]], Action: [[ 1.         -0.17641175 -1.          0.27654317  1.         -1.        ]], Reward: [3.794238],Reward_sum: 477.571533203125, Done: [False]
==========
t: 178, State: [[ 2.42902443e+00  4.65693604e-01  1.14663809e+00  3.20056174e-02
  -8.45907907e-01 -8.42626927e-01 -5.77989914e-01  1.57127785e-02
  -8.22072416e-01  2.71817162e+00 -3.00667556e+00  1.09618514e+00
  -5.73839753e-02 -6.02739819e+00  8.56666716e-01 -4.71509040e-01
   4.98595965e-02 -2.43391075e-05]], Action: [[ 1.         -0.39018366 -1.          0.1917624   1.         -1.        ]], Reward: [3.7495277],Reward_sum: 481.3210754394531, Done: [False]
==========
t: 179, State: [[ 2.45065054e+00  4.41235876e-01  1.15597429e+00  3.16060596e-02
  -8.93825952e-01 -8.36778746e-01 -5.80988551e-01  1.60423787e-02
  -8.22076294e-01  2.68843361e+00 -3.10801863e+00  1.24003079e+00
  -4.33444237e-02 -5.94932745e+00  6.17855124e-01 -2.76371992e-01
   3.35833545e-02 -8.36268484e-04]], Action: [[ 1.         -0.24617144 -1.          0.28094128  1.         -1.        ]], Reward: [3.6991239],Reward_sum: 485.02020263671875, Done: [False]
==========
t: 180, State: [[ 2.47189735e+00  4.16084340e-01  1.16568179e+00  3.12177668e-02
  -9.42605534e-01 -8.32549343e-01 -5.83366259e-01  1.63357476e-02
  -8.22059756e-01  2.62369082e+00 -3.18041708e+00  1.19400951e+00
  -5.19127814e-02 -6.23774614e+00  4.47850202e-01 -3.09381932e-01
   3.81518730e-02  4.30408635e-03]], Action: [[ 1.         -0.35751185 -1.          0.16698743  1.         -1.        ]], Reward: [3.6516953],Reward_sum: 488.6719055175781, Done: [False]
==========
t: 181, State: [[ 2.49271748e+00  3.90272332e-01  1.17561050e+00  3.07799464e-02
  -9.92585323e-01 -8.29508961e-01 -5.85320159e-01  1.66025602e-02
  -8.22028581e-01  2.58162639e+00 -3.27295657e+00  1.29300279e+00
  -5.59622586e-02 -6.25312906e+00  3.19246602e-01 -1.73864331e-01
   2.88357080e-02  3.48813715e-03]], Action: [[ 0.9713905  -0.28137204 -1.          0.21741427  1.         -1.        ]], Reward: [3.5984464],Reward_sum: 492.2703552246094, Done: [False]
==========
t: 182, State: [[ 2.51312003  0.36379276  1.18587929  0.03018258 -1.04340764 -0.82733911
  -0.58675732  0.01686114 -0.82198613  2.51961786 -3.34753012  1.28351824
  -0.08777653 -6.44664126  0.22796288 -0.17412232  0.03414631  0.00661041]], Action: [[ 0.92671037 -0.33531478 -1.          0.12090685  1.         -1.        ]], Reward: [3.546333],Reward_sum: 495.8166809082031, Done: [False]
==========
t: 183, State: [[ 2.53307662e+00  3.36670710e-01  1.19648181e+00  2.94636697e-02
  -1.09526998e+00 -8.25798867e-01 -5.87701848e-01  1.71082152e-02
  -8.21936261e-01  2.46994590e+00 -3.43334751e+00  1.37296771e+00
  -8.97618317e-02 -6.51394639e+00  1.60836832e-01 -5.53597808e-02
   2.75759830e-02  5.78229058e-03]], Action: [[ 0.92069566 -0.30767146 -1.          0.1571029   1.         -1.        ]], Reward: [3.4906073],Reward_sum: 499.3072814941406, Done: [False]
==========
t: 184, State: [[ 2.55259028  0.30890998  1.20754597  0.02862247 -1.14800041 -0.82471521
  -0.58803551  0.01735408 -0.82188075  2.40913708 -3.50732158  1.40212091
  -0.11496255 -6.6633197   0.11271441 -0.01694832  0.03231411  0.00767107]], Action: [[ 0.8835335  -0.330134   -1.          0.07211783  1.         -1.        ]], Reward: [3.4353125],Reward_sum: 502.7425842285156, Done: [False]
==========
t: 185, State: [[ 2.57166674  0.28044062  1.21975269  0.02752307 -1.20054997 -0.82390855
  -0.58708167  0.01760628 -0.82181628  2.38644827 -3.7086295   2.33184826
  -0.28921808 -5.35191708  0.14039284  0.96728963  0.02864647  0.01122002]], Action: [[ 0.8817377  -0.31877354 -1.          0.07190248  1.         -1.        ]], Reward: [3.3806732],Reward_sum: 506.1232604980469, Done: [False]
==========
t: 186, State: [[ 2.58997945e+00  2.50531169e-01  1.23204424e+00  6.00507715e-04
  -1.22147985e+00 -8.22219267e-01 -5.87668212e-01  1.83281327e-02
  -8.21627557e-01  2.19215981e+00 -3.75443126e+00  8.03594264e-01
  -5.92455457e+00 -4.32868782e-01  2.37779242e-01 -1.01341563e+00
   1.32234011e-01  3.28371123e-02]], Action: [[ 0.22683647 -0.56084776 -1.         -0.5459995   1.         -1.        ]], Reward: [3.2854245],Reward_sum: 509.40869140625, Done: [False]
==========
t: 187, State: [[ 2.60841753e+00  2.16580388e-01  1.27727351e+00 -8.04053584e-03
  -1.22328990e+00 -8.20387276e-01 -5.51792398e-01  1.82063653e-02
  -8.21433957e-01  2.39339358e+00 -4.74198918e+00  1.00000000e+01
   4.21542971e+00 -3.68672950e-01  2.04856835e-01  1.00000000e+01
  -1.33737394e-01  1.42679957e-02]], Action: [[ 1. -1. -1.  1.  1. -1.]], Reward: [3.2987602],Reward_sum: 512.7074584960938, Done: [False]
==========
t: 188, State: [[ 2.62604702e+00  1.79466564e-01  1.34968322e+00  6.60261322e-03
  -1.21919013e+00 -8.19249319e-01 -4.83410399e-01  1.29146757e-02
  -8.20586319e-01  2.03028113e+00 -4.52774668e+00  7.44314844e+00
  -4.44302570e-01  1.27408249e+00  8.51005257e-02  6.92873219e+00
  -1.18244943e+00  1.74012413e-01]], Action: [[ 0.28843373 -0.2802516  -1.         -1.         -0.8226503  -0.7842084 ]], Reward: [3.2002323],Reward_sum: 515.90771484375, Done: [False]
==========
t: 189, State: [[ 2.64110373e+00  1.43668744e-01  1.40429562e+00 -3.78198187e-03
  -1.20733178e+00 -8.18841161e-01 -4.32071822e-01 -3.31280602e-04
  -8.19405203e-01  1.73927987e+00 -4.41592205e+00  6.22488812e+00
  -2.07745929e+00  1.62048245e+00  2.06036343e-02  5.93707733e+00
  -2.14795246e+00  1.24207033e-01]], Action: [[ 0.64444685 -0.55166566 -1.         -1.         -0.7293124  -1.        ]], Reward: [2.8778372],Reward_sum: 518.7855224609375, Done: [False]
==========
t: 190, State: [[ 2.65362594  0.10955937  1.43769518 -0.04071995 -1.19164052 -0.81883302
  -0.40601383 -0.01275064 -0.81875495  1.39969502 -4.1083917   2.13916431
  -7.12324364  2.29301544 -0.01649269  0.59780285 -0.96545353  0.04730955]], Action: [[ 0.11957708 -0.63512504 -1.         -1.         -0.48571864 -1.        ]], Reward: [2.5616233],Reward_sum: 521.34716796875, Done: [False]
==========
t: 191, State: [[ 2.66333724  0.07561082  1.45647179 -0.0961461  -1.17632002 -0.8189418
  -0.41486924  0.00859467 -0.81916291  1.05611273 -4.31999808  2.86102673
  -6.22844493  1.40458913 -0.01296124 -1.45904479  4.41577881 -0.07187876]], Action: [[ 0.7532718 -1.        -1.        -0.6315757  1.        -1.       ]], Reward: [2.2089458],Reward_sum: 523.5560913085938, Done: [False]
==========
t: 192, State: [[ 2.67111561e+00  4.32971711e-02  1.52099393e+00 -8.14417012e-02
  -1.19049144e+00 -8.18966490e-01 -3.67296095e-01  3.17210922e-02
  -8.19376436e-01  8.78996764e-01 -3.83530001e+00  1.00000000e+01
   9.04673581e+00 -4.59555244e+00  1.73050329e-03  1.00000000e+01
   1.66283832e+00 -7.42725226e-03]], Action: [[ 1.         -1.         -1.         -0.09713963  0.63205665 -1.        ]], Reward: [1.9678872],Reward_sum: 525.5239868164062, Done: [False]
==========
t: 193, State: [[ 2.6759707   0.02310199  1.59387228 -0.02712837 -1.24125859 -0.81914439
  -0.28873883  0.03854371 -0.81775901  0.3843659  -1.41006802  5.77036549
   4.5301216  -7.7813589  -0.03967672  7.17992846  0.23063558  0.35390286]], Action: [[ 0.06186906 -0.14088705 -1.         -1.         -0.3782141  -0.3924898 ]], Reward: [1.6045657],Reward_sum: 527.1285400390625, Done: [False]
==========
t: 194, State: [[ 2.67801640e+00  1.77348593e-02  1.62114704e+00 -6.90825549e-03
  -1.30804391e+00 -8.19438851e-01 -2.46796575e-01  3.70454389e-02
  -8.14181358e-01  1.58991994e-01 -5.15415246e-03  1.11500499e+00
   4.34687205e-01 -8.72047034e+00 -3.54227366e-02  3.31560857e+00
  -5.98488518e-01  5.03983645e-01]], Action: [[-1.         -0.20414737 -1.         -0.8941616  -0.49814948 -0.28311527]], Reward: [1.2525427],Reward_sum: 528.381103515625, Done: [False]
==========
t: 195, State: [[ 2.67893348  0.02075814  1.61947842 -0.01699312 -1.37240774 -0.81985653
  -0.22988652  0.03279941 -0.81191161  0.08338394  0.73271573 -1.54572049
  -3.02894004 -7.29875176 -0.06399692  0.87330903 -0.46995251  0.10568629]], Action: [[-1.          0.74519575 -1.         -0.20278738  1.         -1.        ]], Reward: [1.1100389],Reward_sum: 529.4910888671875, Done: [False]
==========
t: 196, State: [[ 2.67960102  0.02768471  1.61439885 -0.02949519 -1.43252246 -0.82068709
  -0.2115834   0.02864698 -0.81215801  0.09109468  0.99212171  0.30750019
  -0.05167025 -7.74226601 -0.13160385  3.72385886 -0.54671761 -0.13798942]], Action: [[ 1.          1.         -1.          0.74442863  1.         -1.        ]], Reward: [1.0778888],Reward_sum: 530.5689697265625, Done: [False]
==========
t: 197, State: [[ 2.68007568  0.03783076  1.5979818  -0.0565654  -1.48506185 -0.8214757
  -0.20292305  0.0254351  -0.81343792  0.02759169  1.55592293 -4.27080897
  -6.46928596 -5.49253337 -0.07188804 -1.35487733 -0.28718802 -0.17444702]], Action: [[-1.          0.5629897  -1.         -0.27820584  1.         -1.        ]], Reward: [1.054938],Reward_sum: 531.6239013671875, Done: [False]
==========
t: 198, State: [[ 2.68082052  0.04964293  1.58813353 -0.07320913 -1.53868176 -0.82215429
  -0.18283171  0.02206873 -0.81529446  0.16450604  1.45671912  1.47623094
   1.96693049 -7.91217809 -0.09226595  6.0407161  -0.56318264 -0.27333288]], Action: [[ 1.         0.2210072 -1.         1.         1.        -1.       ]], Reward: [1.0880562],Reward_sum: 532.7119750976562, Done: [False]
==========
t: 199, State: [[  2.6809582    0.06338447   1.55505034  -0.12271235  -1.58072709
   -0.82257969  -0.19130365   0.01806208  -0.75637006  -0.15750972
    1.97705116  -9.70686765 -10.          -2.57995569  -0.02371862
   -8.08254533  -0.43864964  10.        ]], Action: [[-1.          0.7010026  -1.         -0.9015609  -0.17524514  0.7731222 ]], Reward: [1.0132772],Reward_sum: 533.7252807617188, Done: [False]
==========
Walker2d - Steps: 200, Return: 533.7252807617188, State: [[  2.6809582    0.06338447   1.55505034  -0.12271235  -1.58072709
   -0.82257969  -0.19130365   0.01806208  -0.75637006  -0.15750972
    1.97705116  -9.70686765 -10.          -2.57995569  -0.02371862
   -8.08254533  -0.43864964  10.        ]]
