[CudaDevice(id=0)]
Using AIRL:  False
Using GAIL:  False
Using RGCL:  False
Experiment State @  2025-05-14 02:32:46.959768-05:00
Experiment Saved @  results/experiment_134
Experiment Settings Saved @  results/experiment_134
134
Using cuda device
Wrapping the env with a `Monitor` wrapper
Wrapping the env in a DummyVecEnv.
Wrapping the env with a `Monitor` wrapper
Wrapping the env in a DummyVecEnv.
t: 0, State: [[ 5.02766291e-03  1.24826276e+00  5.90405285e-04  5.49711175e-03
  -1.10009373e-02  6.38795087e-02  2.37156713e-03  1.67454677e-03
   5.27824851e-02  8.43033981e-02 -4.45233994e-01  7.74010864e-03
   5.95919021e-01 -2.10216861e+00  1.00000000e+01 -3.60690192e-02
   2.14434046e-02  1.00000000e+01]], Action: [[ 1.        -0.3418928  1.         1.         1.         1.       ]], Reward: [1.0377504],Reward_sum: 1.0377503633499146, Done: [False]
==========
t: 1, State: [[ 6.39004644e-03  1.24585061e+00  4.21631834e-03  3.60426616e-03
  -2.39773637e-03  1.16888343e-01  4.72950998e-03  3.79895468e-03
   1.06848354e-01  2.50567573e-01 -1.61102537e-01  8.26741321e-01
  -1.15123865e+00  4.19782539e+00 -1.73101925e+00  5.43533160e-01
   4.46196048e-01 -2.84523523e-01]], Action: [[ 1.        1.       -1.        0.962917  1.       -1.      ]], Reward: [1.1643708],Reward_sum: 2.2021212577819824, Done: [False]
==========
t: 2, State: [[ 7.17109993e-03  1.24310305e+00  4.59185013e-03 -5.13534142e-03
   1.75811263e-02  1.62457964e-01  8.91606087e-03 -8.56755545e-03
   1.47581532e-01 -5.52266599e-02 -5.23556636e-01 -7.33064889e-01
  -1.03947002e+00  8.63082200e-01  1.00000000e+01  4.95308336e-01
  -3.50277516e+00  1.00000000e+01]], Action: [[ 1.          0.3320881   1.         -0.36048755 -1.          0.6264173 ]], Reward: [1.093999],Reward_sum: 3.2961201667785645, Done: [False]
==========
t: 3, State: [[ 8.37867500e-03  1.23894277e+00  9.36964100e-03 -2.29211699e-04
   2.19286710e-02  2.16939549e-01  1.30400861e-02 -1.20113744e-02
   2.41947686e-01  3.61429354e-01 -5.18268535e-01  1.92279964e+00
   2.20450141e+00  2.82818647e-01  5.51530377e-01  5.16861404e-01
   2.70367866e+00  1.00000000e+01]], Action: [[ 1.          0.71202374 -1.          1.          1.          0.48904574]], Reward: [1.1462008],Reward_sum: 4.442320823669434, Done: [False]
==========
t: 4, State: [[ 9.82678708e-03  1.23398356e+00  1.65424243e-02  1.24574750e-02
   1.75445869e-02  2.46917827e-01  1.53930592e-02 -5.50393756e-03
   3.75686278e-01  2.67195134e-03 -7.17260480e-01 -9.23826854e-02
   1.01916997e+00 -1.38391603e+00  6.91077609e+00  1.18424948e-01
  -1.04013897e+00  1.00000000e+01]], Action: [[ 1.          0.13804242  0.41733474 -0.7864664  -1.          0.42404926]], Reward: [1.1780224],Reward_sum: 5.620343208312988, Done: [False]
==========
t: 5, State: [[ 1.04637374e-02  1.22828721e+00  1.79924352e-02  1.96596157e-02
   1.11091709e-02  2.49656655e-01  1.42923257e-02 -8.40392944e-05
   5.58685787e-01  1.48535962e-01 -7.03271136e-01  4.17562074e-01
   7.93554274e-01 -3.40115056e-01 -6.16759838e+00 -4.42124263e-01
   2.52549808e+00  1.00000000e+01]], Action: [[ 0.8815018   1.         -1.          1.          1.          0.54338264]], Reward: [1.0745465],Reward_sum: 6.694889545440674, Done: [False]
==========
t: 6, State: [[ 1.06005773e-02  1.22261272e+00  1.63182075e-02  2.13770788e-02
   9.37890106e-03  1.73283084e-01  1.16146712e-02  1.01279102e-02
   7.97413823e-01 -1.11954023e-01 -6.89925179e-01 -7.98672854e-01
  -2.98396760e-01 -1.14103660e-01 -1.00000000e+01 -2.79165776e-01
   2.11848877e-01  1.00000000e+01]], Action: [[ 1.          0.9026731  -0.5333262  -1.         -1.          0.62340844]], Reward: [1.0126171],Reward_sum: 7.7075066566467285, Done: [False]
==========
t: 7, State: [[ 9.12484829e-03  1.21752534e+00  7.58157143e-03  1.87729564e-02
   5.55278246e-03  9.20901105e-02  6.69710332e-03  4.80608973e-03
   9.69562767e-01 -2.61687343e-01 -6.18551708e-01 -1.38155847e+00
  -3.37808877e-01 -8.79662425e-01 -7.09313978e+00 -7.32441063e-01
  -2.04091523e+00  1.00000000e+01]], Action: [[ 1.          0.46198776  0.5166446  -0.9814894  -1.         -0.7471591 ]], Reward: [0.81153196],Reward_sum: 8.519039154052734, Done: [False]
==========
t: 8, State: [[ 5.79927177e-03  1.21236656e+00 -7.38179593e-03  1.69050100e-02
  -1.05638288e-02  6.04858836e-02  3.36337760e-03 -3.15301519e-02
   1.02575211e+00 -5.74594490e-01 -6.90929938e-01 -2.41893608e+00
  -1.63380082e-01 -3.22488553e+00 -7.10798146e-01 -1.49139028e-01
  -7.00839107e+00  2.60655446e+00]], Action: [[ 1.          0.0227077   0.4545431  -0.03169302 -1.          0.04802339]], Reward: [0.5820925],Reward_sum: 9.101131439208984, Done: [False]
==========
t: 9, State: [[ 3.82706670e-03  1.20681361e+00 -1.70027100e-02  1.61353701e-02
  -2.11113949e-02  9.25034036e-02  1.92823178e-03 -6.54655014e-02
   1.02540466e+00  6.81060548e-02 -5.10854853e-01 -6.14789684e-02
  -3.04825050e-02 -3.70708890e-02  7.31620321e+00 -2.86703378e-01
  -1.22891932e+00 -2.06934665e+00]], Action: [[0.6007106  1.         1.         1.         1.         0.13909666]], Reward: [0.7490942],Reward_sum: 9.850225448608398, Done: [False]
==========
t: 10, State: [[ 5.75761028e-03  1.20423595e+00 -1.22208551e-02  1.61480459e-02
  -1.78492029e-02  1.77752897e-01  1.50216399e-03 -6.49972974e-02
   1.00202485e+00  4.13033194e-01 -1.67565545e-01  1.21870610e+00
   1.12005594e-02  8.68778860e-01  1.00000000e+01  1.41586181e-01
   1.20715090e+00 -3.52361262e+00]], Action: [[1.         1.         1.         1.         0.16972837 1.        ]], Reward: [1.2362891],Reward_sum: 11.086514472961426, Done: [False]
==========
t: 11, State: [[ 1.13992726e-02  1.20372878e+00  3.70371672e-03  1.58960175e-02
  -4.80819371e-03  3.18953268e-01 -2.75770073e-03 -3.38627366e-02
   9.71508542e-01  9.98209232e-01  1.73872288e-02  2.77635441e+00
  -6.38095030e-02  2.44251378e+00  1.00000000e+01 -1.14586925e+00
   6.42113768e+00 -3.95709439e+00]], Action: [[0.8360777  1.         1.         0.28336373 1.         1.        ]], Reward: [1.7004285],Reward_sum: 12.786943435668945, Done: [False]
==========
t: 12, State: [[ 1.90522952e-02  1.20418139e+00  2.53263610e-02  1.62042861e-02
   8.81981130e-03  5.21427962e-01 -6.89702468e-03  7.90107386e-03
   9.40770806e-01  9.06759192e-01  8.85174306e-02  2.61640465e+00
   1.18542469e-01  1.03364562e+00  1.00000000e+01  2.02185109e-01
   3.81572589e+00 -3.65781431e+00]], Action: [[ 1.          0.3578302   1.         -0.00157634 -0.50028276  0.72853994]], Reward: [1.9537188],Reward_sum: 14.740662574768066, Done: [False]
==========
t: 13, State: [[ 2.57750488e-02  1.20518484e+00  4.44419382e-02  1.74154869e-02
   1.07251335e-02  7.88692621e-01 -1.17458205e-03  2.77582546e-02
   9.14104253e-01  7.77241173e-01  1.89715604e-01  2.17281665e+00
   1.72772384e-01 -3.98150925e-01  1.00000000e+01  1.12356743e+00
   1.33400738e+00 -3.02395132e+00]], Action: [[ 0.78645205  0.15512969  1.          0.11306962 -0.21229163  1.        ]], Reward: [1.8376437],Reward_sum: 16.578306198120117, Done: [False]
==========
t: 14, State: [[ 3.08473123e-02  1.20830126e+00  5.87194528e-02  1.72720857e-02
   9.62800333e-03  9.84179264e-01  7.21794609e-03  3.38022951e-02
   8.91941424e-01  5.07991216e-01  5.47296754e-01  1.37859206e+00
  -2.35398753e-01  2.33827568e-02  1.00000000e+01  8.52628086e-01
   3.12333113e-01 -2.50825228e+00]], Action: [[0.2307894  0.40527514 1.         0.43408898 0.49589336 1.        ]], Reward: [1.631381],Reward_sum: 18.209686279296875, Done: [False]
==========
t: 15, State: [[ 0.03460691  1.21298534  0.06837735  0.01302466  0.0103978   1.05563224
   0.01311862  0.03476194  0.87405944  0.45483317  0.58268238  1.07095553
  -0.88388997  0.11796873  3.93699539  0.62218073 -0.02892237 -1.96746366]], Action: [[0.33616188 0.92684364 1.         0.7642683  1.         1.        ]], Reward: [1.4653934],Reward_sum: 19.675079345703125, Done: [False]
==========
t: 16, State: [[ 3.77992452e-02  1.21752224e+00  7.60070045e-02  8.73287222e-03
   7.17411642e-04  1.06237602e+00  1.76421237e-02  3.37773472e-02
   8.60238999e-01  3.46662531e-01  5.45934271e-01  8.23164363e-01
  -2.40487045e-01 -2.40087797e+00 -1.54733336e+00  4.87573758e-01
  -1.97907840e-01 -1.50137889e+00]], Action: [[ 1.         -0.26827237  1.          1.          1.          1.        ]], Reward: [1.3939701],Reward_sum: 21.069049835205078, Done: [False]
==========
t: 17, State: [[ 4.13166294e-02  1.22149811e+00  8.41183651e-02  7.13050507e-04
  -9.68100723e-04  1.03933545e+00  2.18864744e-02  3.22778035e-02
   8.49751984e-01  5.33738049e-01  4.44522397e-01  1.18943664e+00
  -1.80341282e+00  2.06784567e+00 -3.83307469e+00  5.50696365e-01
  -1.74086967e-01 -1.13388632e+00]], Action: [[1. 1. 1. 1. 1. 1.]], Reward: [1.433673],Reward_sum: 22.502723693847656, Done: [False]
==========
t: 18, State: [[ 0.04403646  1.22498817  0.08592725 -0.0191689   0.01038998  1.00542096
   0.02600727  0.01214229  0.84198477  0.14859809  0.42493544 -0.73805325
  -3.19395992  0.85091619 -4.45098643  0.47481076 -4.85749678 -0.8245453 ]], Action: [[ 0.22472072  0.03575313  1.          0.9251238  -1.          1.        ]], Reward: [1.3360713],Reward_sum: 23.838794708251953, Done: [False]
==========
t: 19, State: [[ 4.52617176e-02  1.22806987e+00  8.55384398e-02 -2.33443815e-02
  -1.66530337e-02  9.70397460e-01  2.85001373e-02 -7.35250044e-03
   8.35163650e-01  1.91185618e-01  3.37927168e-01  8.33597746e-01
   2.35589629e+00 -7.61034572e+00 -4.22200952e+00  1.59148833e-01
   4.52453827e-01 -8.53471945e-01]], Action: [[ 0.27089718 -1.          1.          1.          1.          0.55361265]], Reward: [1.1487772],Reward_sum: 24.987571716308594, Done: [False]
==========
t: 20, State: [[  0.04904837   1.23076558   0.09900567  -0.01376695  -0.0471565
    0.87710058   0.02833349   0.01157704   0.80768742   0.62212129
    0.3657642    1.84946977  -0.62851674   0.0377229  -10.
   -0.07292592   2.28902321  -5.86885687]], Action: [[ 0.2984452   1.         -1.          0.82437867  1.         -0.32031322]], Reward: [1.46946],Reward_sum: 26.45703125, Done: [False]
==========
t: 21, State: [[ 0.05335286  1.23286282  0.11089301 -0.01785948 -0.04855589  0.77318048
   0.02791429  0.02277645  0.78272241  0.45612215  0.13733111  1.10484219
  -0.41884529 -0.47260319 -6.94457153 -0.03638489  0.5941833   1.20045324]], Action: [[ 1.          0.4067345   1.         -0.05287937 -0.6368357   0.75434685]], Reward: [1.5349188],Reward_sum: 27.99195098876953, Done: [False]
==========
t: 22, State: [[ 0.0558096   1.23316844  0.11688105 -0.01424099 -0.06700143  0.77654841
   0.02918084  0.01756155  0.80158373  0.16436502 -0.04713611  0.43530925
   1.36491003 -4.14603993  7.66324558  0.29832845 -1.801215    1.89040717]], Action: [[ 1.          0.08701602  1.          0.8028331  -0.85223603  1.        ]], Reward: [1.3027141],Reward_sum: 29.29466438293457, Done: [False]
==========
t: 23, State: [[ 0.05820829  1.23235942  0.12136275 -0.01405128 -0.07602222  0.83267041
   0.02975575  0.00741766  0.81298157  0.43806392 -0.13844958  0.69507139
  -1.39871438  1.97405288  4.74958123 -0.10103428 -0.83088547  1.03284095]], Action: [[-0.20330605  0.68262017  1.          1.          0.6023694   1.        ]], Reward: [1.2959659],Reward_sum: 30.59062957763672, Done: [False]
==========
t: 24, State: [[ 0.06237658  1.23095794  0.13018701 -0.02455006 -0.05350532  0.85753621
   0.03007308  0.00406888  0.81786494  0.59427586 -0.21604849  1.44950361
  -1.27614872  3.64338509  1.77820761  0.15139953 -0.0903324   0.27362408]], Action: [[1.        0.6387571 1.        1.        1.        0.512532 ]], Reward: [1.5163661],Reward_sum: 32.10699462890625, Done: [False]
==========
t: 25, State: [[ 6.60469057e-02  1.22918822e+00  1.41258115e-01 -2.17879616e-02
  -5.20755251e-02  8.65069316e-01  3.23189924e-02  5.83570634e-04
   8.18907823e-01  3.22040873e-01 -2.26985047e-01  1.29376275e+00
   1.93984933e+00 -3.27731917e+00  2.78681131e-01  3.73079137e-01
  -7.61177465e-01  1.76062948e-02]], Action: [[ 0.9556776  -0.50072277  1.          1.         -0.4892796   0.75774235]], Reward: [1.4548125],Reward_sum: 33.561805725097656, Done: [False]
==========
t: 26, State: [[ 0.06927131  1.22692911  0.14864067 -0.02519617 -0.0450143   0.863755
   0.03348418 -0.01180803  0.81924722  0.48425541 -0.34173275  0.58348415
  -2.73441315  5.00842181 -0.5002035  -0.03138225 -2.36145114  0.06062387]], Action: [[-0.15627107  1.          1.          1.         -0.28526106  1.        ]], Reward: [1.3989444],Reward_sum: 34.960750579833984, Done: [False]
==========
t: 27, State: [[ 7.36116203e-02  1.22377231e+00  1.63532378e-01 -1.62046730e-02
  -4.74319066e-02  8.58766603e-01  3.32751337e-02 -2.64356663e-03
   8.19351854e-01  5.99734497e-01 -4.52322637e-01  3.13389400e+00
   4.97038791e+00 -5.59432938e+00 -7.03896864e-01 -2.16808932e-02
   4.63938837e+00 -2.38744293e-02]], Action: [[ 0.91813827 -1.          1.          0.8634923   0.97499573  0.94161963]], Reward: [1.5371132],Reward_sum: 36.49786376953125, Done: [False]
==========
t: 28, State: [[ 7.71220665e-02  1.22062995e+00  1.61579112e-01 -2.94879231e-02
  -4.87487879e-02  7.92316558e-01  4.90249236e-03  2.27746372e-02
   8.18595480e-01  2.83464354e-01 -3.37165321e-01 -3.63136899e+00
  -8.31324211e+00  5.32646528e+00 -1.00000000e+01 -7.16885314e+00
   1.90106319e+00 -1.48035217e-01]], Action: [[-0.16147181  1.         -1.         -1.         -1.          0.6800561 ]], Reward: [1.4343172],Reward_sum: 37.93218231201172, Done: [False]
==========
t: 29, State: [[ 8.13593251e-02  1.21775008e+00  1.79112447e-01 -1.28059000e-02
  -6.49219817e-02  6.86912820e-01  5.13544765e-03  3.16705697e-02
   7.62445979e-01  7.45152380e-01 -3.90965775e-01  7.59563648e+00
   1.00000000e+01 -9.19283015e+00 -1.00000000e+01  6.66475609e+00
   5.08038123e-01 -1.00000000e+01]], Action: [[ 1.         -1.          0.23315309  1.          1.         -1.        ]], Reward: [1.524603],Reward_sum: 39.456787109375, Done: [False]
==========
t: 30, State: [[ 0.08577773  1.21348568  0.21086387  0.03181656 -0.10022625  0.63864891
   0.02721214  0.03246718  0.71149821  0.36815205 -0.65560807  0.33174474
  -0.77705221  0.31540181 -1.35921416 -1.22728883 -0.21861226  0.99689156]], Action: [[-1.          0.6290859   0.7624845  -0.18271734 -0.35049716  1.        ]], Reward: [1.5491667],Reward_sum: 41.00595474243164, Done: [False]
==========
t: 31, State: [[ 8.79414848e-02  1.20728406e+00  2.11436470e-01  2.90664278e-02
  -1.08550017e-01  6.81916139e-01  1.86304994e-02  2.68567255e-02
   7.35654008e-01  1.71111009e-01 -8.92046733e-01 -2.40589131e-01
  -4.33681574e-03 -2.30436827e+00  1.00000000e+01 -9.92077115e-01
  -1.15682965e+00  5.02957253e+00]], Action: [[ 1.         -0.7347959   1.          1.          0.33551082  0.20634715]], Reward: [1.2667748],Reward_sum: 42.272727966308594, Done: [False]
==========
t: 32, State: [[ 0.09038192  1.19897355  0.21336172  0.02502916 -0.10663906  0.79922248
   0.01427227  0.02025092  0.81946344  0.44578583 -1.12495926  0.76123038
  -0.98969679  2.86268441 10.         -0.1929686  -0.53246286 10.        ]], Action: [[0.68423355 1.         0.36546284 1.         1.         0.9395747 ]], Reward: [1.3005695],Reward_sum: 43.57329559326172, Done: [False]
==========
t: 33, State: [[ 0.09520095  1.19053421  0.22392633  0.01242336 -0.06522089  0.87171141
   0.01320387  0.01784656  0.84841174  0.75434445 -0.9979471   1.85873989
  -2.19099732  7.43034208  1.76595672 -0.08337577 -0.11584358 -3.93831661]], Action: [[ 1.          0.95472836 -1.         -0.12617786  1.         -1.        ]], Reward: [1.5974513],Reward_sum: 45.170745849609375, Done: [False]
==========
t: 34, State: [[ 1.00691532e-01  1.18225844e+00  2.35802854e-01 -9.08700489e-03
  -3.37227436e-03  8.78117001e-01  1.33866747e-02  7.25461700e-03
   8.25404032e-01  6.17460533e-01 -1.07248601e+00  1.10294240e+00
  -3.18179158e+00  8.01634768e+00  4.22179639e-02  1.03141571e-01
  -2.51049904e+00 -1.99529893e+00]], Action: [[ 0.5249686   0.3033754   1.          0.22164764 -0.64654803  0.89625335]], Reward: [1.683685],Reward_sum: 46.85443115234375, Done: [False]
==========
t: 35, State: [[ 1.04817040e-01  1.17468962e+00  2.46692756e-01 -1.45281552e-02
   2.43178182e-02  8.74991834e-01  1.54832504e-02 -1.51948945e-03
   8.13643842e-01  4.92302622e-01 -8.03280097e-01  1.91372811e+00
   2.04467330e+00 -9.08781837e-01 -7.01522074e-01  3.33951188e-01
   8.88740864e-01 -1.08282491e+00]], Action: [[ 1.         -0.7069849   1.          0.4262358   0.25281924  0.35889333]], Reward: [1.5128142],Reward_sum: 48.367244720458984, Done: [False]
==========
t: 36, State: [[ 0.10745642  1.17034182  0.24655394 -0.01587502  0.01929386  0.86811664
   0.00390918  0.00363686  0.80882959  0.15924243 -0.31781506 -1.94293742
  -2.35518646 -0.40182179 -0.96441489 -3.21199761  0.30504354 -0.22405323]], Action: [[ 0.14203869  1.          1.         -1.         -1.          1.        ]], Reward: [1.3249029],Reward_sum: 49.69214630126953, Done: [False]
==========
t: 37, State: [[ 1.11123005e-01  1.16823053e+00  2.56494379e-01 -4.20147717e-03
   1.26426236e-02  8.58072699e-01  8.60120274e-03  6.16062133e-03
   7.86269506e-01  6.49894684e-01 -2.09874778e-01  3.24255792e+00
   3.82466631e+00 -1.04055748e+00 -1.45275085e+00  2.98836398e+00
   3.83541419e-01 -5.24241259e+00]], Action: [[ 1.          0.78199947  0.18930776  1.          1.         -0.5416173 ]], Reward: [1.4543818],Reward_sum: 51.14652633666992, Done: [False]
==========
t: 38, State: [[ 1.12979351e-01  1.16783165e+00  2.42053356e-01 -2.11086957e-02
   8.72808042e-03  8.48454890e-01 -1.32769247e-02  8.18731253e-03
   7.86771655e-01 -1.91607359e-01  9.63088107e-02 -6.81092988e+00
  -7.93510465e+00 -5.55886060e-02 -9.80505046e-01 -8.42537232e+00
   1.50806817e-01  4.92183857e+00]], Action: [[-1.          1.          1.         -1.         -0.24147347  1.        ]], Reward: [1.226985],Reward_sum: 52.373512268066406, Done: [False]
==========
t: 39, State: [[ 1.14868704e-01  1.16877975e+00  2.30849375e-01 -2.89375072e-02
  -2.29723088e-03  8.10588554e-01 -2.96400154e-02  8.98684385e-03
   7.78985833e-01  6.64334087e-01  1.49240631e-01  3.98033189e+00
   5.94240339e+00 -2.72224548e+00 -8.56518804e+00  4.29431270e+00
   5.92047927e-02 -6.84039198e+00]], Action: [[ 1.          0.28918707 -0.7049006   1.          1.         -1.        ]], Reward: [1.2315887],Reward_sum: 53.605106353759766, Done: [False]
==========
t: 40, State: [[ 1.17508291e-01  1.16983362e+00  2.16600216e-01 -5.22816870e-02
   7.39168420e-03  7.68888817e-01 -4.81216724e-02  5.84677642e-03
   7.74756819e-01 -7.79836139e-02  1.10363376e-01 -7.10810738e+00
  -1.00000000e+01  2.83356437e+00 -5.73710917e-01 -8.08121667e+00
  -1.32025758e+00  5.75416907e+00]], Action: [[-1.         0.8208059  1.        -0.9897859 -0.907655   1.       ]], Reward: [1.3244711],Reward_sum: 54.9295768737793, Done: [False]
==========
t: 41, State: [[ 1.20072583e-01  1.17118524e+00  2.04349609e-01 -6.64971199e-02
   1.77873272e-03  7.46231548e-01 -6.21222133e-02 -8.11021734e-04
   7.69201497e-01  7.25625642e-01  2.35605675e-01  3.97661946e+00
   6.34491617e+00 -4.19006846e+00 -5.12495252e+00  4.38781949e+00
  -1.27702394e-01 -7.18075071e+00]], Action: [[ 1.         -0.31125876 -0.56155694  1.          1.         -1.        ]], Reward: [1.3161242],Reward_sum: 56.24570083618164, Done: [False]
==========
t: 42, State: [[ 1.23931080e-01  1.17182038e+00  1.97728129e-01 -7.83613151e-02
   8.43272627e-03  7.53439025e-01 -7.53788026e-02  3.24529075e-03
   7.60947462e-01  1.53082781e-01 -6.13219497e-02 -5.10671131e+00
  -7.34329625e+00  3.15594604e+00  7.48383066e+00 -6.53760736e+00
   5.45237604e-01  5.83701516e+00]], Action: [[-1.          0.85628116  1.         -0.56921715 -0.18274418  1.        ]], Reward: [1.4782214],Reward_sum: 57.72392272949219, Done: [False]
==========
t: 43, State: [[ 1.28524341e-01  1.17176934e+00  2.00261060e-01 -7.79733553e-02
   1.12005547e-02  7.60512393e-01 -7.76553571e-02  6.20224101e-03
   7.50939663e-01  9.94028480e-01  4.69760377e-02  5.71118508e+00
   7.39620618e+00 -2.44899767e+00 -5.69422647e+00  5.92374289e+00
   2.27831581e-01 -8.30167583e+00]], Action: [[ 1.         -0.02471903 -1.          1.          1.         -1.        ]], Reward: [1.569157],Reward_sum: 59.2930793762207, Done: [False]
==========
t: 44, State: [[ 1.32662940e-01  1.17130584e+00  2.05044831e-01 -6.78363641e-02
  -5.52539833e-04  7.69894469e-01 -7.42152595e-02  4.03870887e-03
   7.41876369e-01  5.24094943e-02 -1.63128198e-01 -4.55180316e+00
  -5.08940610e+00 -1.01469851e-01  7.96457835e+00 -5.14454444e+00
  -7.35832719e-01  5.99562421e+00]], Action: [[-1.          1.          1.         -1.         -0.85035086  1.        ]], Reward: [1.5116018],Reward_sum: 60.80467987060547, Done: [False]
==========
t: 45, State: [[ 1.36909421e-01  1.17018317e+00  2.09262351e-01 -6.13001765e-02
  -5.73635560e-03  7.78447879e-01 -7.09156638e-02  2.04555598e-04
   7.33035588e-01  1.00948877e+00 -1.06988356e-01  5.59006252e+00
   6.67970519e+00 -9.76353941e-01 -5.42653226e+00  5.97224706e+00
  -2.60641418e-01 -8.21079147e+00]], Action: [[ 1.         0.5300673 -1.         1.         1.        -1.       ]], Reward: [1.5255291],Reward_sum: 62.33020782470703, Done: [False]
==========
t: 46, State: [[ 1.42117844e-01  1.16904828e+00  2.08442223e-01 -7.63749150e-02
   1.35074638e-02  7.64367270e-01 -7.41196926e-02 -5.92478281e-03
   7.21882989e-01  2.00751509e-01 -1.63710003e-01 -5.24033654e+00
  -8.20760448e+00  2.91471635e+00  3.29610136e+00 -5.71257511e+00
  -1.83492844e+00  5.48731096e+00]], Action: [[-1.  1.  1. -1. -1.  1.]], Reward: [1.6450528],Reward_sum: 63.97526168823242, Done: [False]
==========
t: 47, State: [[ 0.14722348  1.16824228  0.2093231  -0.08226202  0.0150647   0.75971732
  -0.07371106 -0.01468987  0.70732156  1.06922769 -0.05598508  5.43985354
   6.75246675 -2.86150623 -5.02140352  5.78481626 -0.31464592 -8.99816018]], Action: [[ 1.         -0.14254794 -0.7542269   1.          1.         -1.        ]], Reward: [1.6336154],Reward_sum: 65.60887908935547, Done: [False]
==========
t: 48, State: [[ 1.52415283e-01  1.16671647e+00  2.09236001e-01 -8.17131276e-02
   8.53904424e-04  7.74791446e-01 -8.43842603e-02 -9.14136221e-04
   6.89119134e-01  2.23909080e-01 -3.25217890e-01 -5.40022500e+00
  -6.43950595e+00 -9.03197583e-01  8.80160645e+00 -8.34038833e+00
   3.67350908e+00  4.39115787e+00]], Action: [[-1.         0.9651811  1.        -1.        -0.2025831  1.       ]], Reward: [1.6440028],Reward_sum: 67.25288391113281, Done: [False]
==========
t: 49, State: [[ 0.15761102  1.16452334  0.20928666 -0.07777806 -0.020959    0.79038831
  -0.09809867  0.02023544  0.66921754  1.07365982 -0.22198416  5.38674418
   7.39197573 -4.54996245 -4.89659613  4.87637919  1.63916702 -9.30965852]], Action: [[ 1.          0.27698687 -1.          1.          1.         -1.        ]], Reward: [1.6443905],Reward_sum: 68.89727783203125, Done: [False]
==========
t: 50, State: [[ 1.63563857e-01  1.16164331e+00  2.06765313e-01 -9.54480706e-02
  -4.01076449e-03  7.86616496e-01 -1.10830546e-01  2.86676058e-02
   6.50855262e-01  4.36289993e-01 -4.52087145e-01 -6.06219999e+00
  -1.00000000e+01  7.90314675e+00  3.62157401e+00 -8.25777730e+00
   5.68074725e-01  4.10496657e+00]], Action: [[-1.          1.          1.         -0.9382771  -0.08579746  1.        ]], Reward: [1.7392167],Reward_sum: 70.6364974975586, Done: [False]
==========
t: 51, State: [[ 0.17020537  1.15899035  0.20079479 -0.12972633  0.03875449  0.78119911
  -0.12502943  0.03049381  0.63605558  1.23289238 -0.21017335  4.48489038
   2.85416895  3.17890535 -4.9539955   4.56315849 -0.03317237 -7.78344946]], Action: [[ 1.          0.23020461 -0.7915454   0.90768176  1.         -1.        ]], Reward: [1.8256851],Reward_sum: 72.4621810913086, Done: [False]
==========
t: 52, State: [[ 0.17899211  1.15726871  0.23015766 -0.10968841  0.05254747  0.7808949
  -0.0881276   0.01457722  0.60070191  0.96674512 -0.22181509  2.83996524
   2.0765762   0.39585925  4.86271419  4.62790766 -3.92719816 -1.07157673]], Action: [[ 0.6045141   0.45452932  1.         -1.         -1.          0.40705597]], Reward: [2.0946052],Reward_sum: 74.5567855834961, Done: [False]
==========
t: 53, State: [[ 0.18301076  1.1561755   0.21364356 -0.13625242  0.05400273  0.81357568
  -0.09424526 -0.0210494   0.63664845  0.0359997  -0.05715454 -6.93399279
  -8.67112627  0.02220883  2.90774341 -6.11516378 -4.97317316  9.94137161]], Action: [[-1.          1.          1.         -1.         -0.57579505  1.        ]], Reward: [1.4969994],Reward_sum: 76.05378723144531, Done: [False]
==========
t: 54, State: [[  0.18737386   1.15604789   0.19772761  -0.15991866   0.05082033
    0.78525147  -0.10351579  -0.04944838   0.65969484   1.05886716
    0.0199158    2.89179456   2.56277618  -0.71823835 -10.
    3.70401692  -2.17221854  -4.1711974 ]], Action: [[ 1.         0.5845325 -1.         1.         1.        -1.       ]], Reward: [1.5400465],Reward_sum: 77.59383392333984, Done: [False]
==========
t: 55, State: [[ 0.19332477  1.15534005  0.19000594 -0.17353994  0.04383143  0.74613086
  -0.11672749 -0.05038611  0.65330115  0.42992736 -0.20673133 -4.81102144
  -5.99255205 -0.98289349  0.55575507 -6.99498248  1.92681021  2.56188059]], Action: [[-0.5617043  -0.49307302  0.77310145 -0.8871963  -0.06128564  0.52931494]], Reward: [1.7416362],Reward_sum: 79.33546447753906, Done: [False]
==========
t: 56, State: [[  0.2005303    1.1543192    0.19272696  -0.16743339   0.01843967
    0.69808123  -0.1292532   -0.02743558   0.61602367   1.37047964
   -0.04914575   5.46656443   7.48170717  -5.28647529 -10.
    3.82281804   3.85848331 -10.        ]], Action: [[ 1.          0.05392841 -1.          1.          1.         -1.        ]], Reward: [1.8956884],Reward_sum: 81.23115539550781, Done: [False]
==========
t: 57, State: [[ 2.08258505e-01  1.15232901e+00  1.94612107e-01 -1.65666778e-01
  -5.74217806e-04  6.49642986e-01 -1.49316310e-01  8.85748436e-03
   5.76861697e-01  5.91866593e-01 -4.72437218e-01 -5.14879487e+00
  -8.22116382e+00  2.63278490e+00 -4.21693107e-02 -8.75169421e+00
   4.44472117e+00  2.28266716e+00]], Action: [[-1.          1.          1.         -0.9106893  -0.49426767  1.        ]], Reward: [1.9609519],Reward_sum: 83.19210815429688, Done: [False]
==========
t: 58, State: [[ 2.16150042e-01  1.14972292e+00  1.98565954e-01 -1.67370720e-01
  -5.56998799e-03  5.98343568e-01 -1.60750098e-01  3.25018050e-02
   5.44072693e-01  1.38537477e+00 -1.69921567e-01  6.08672975e+00
   7.71046739e+00 -3.77783294e+00 -1.00000000e+01  5.76127593e+00
   1.75607204e+00 -1.00000000e+01]], Action: [[ 1.         -0.11472109 -1.          1.          1.         -1.        ]], Reward: [1.981429],Reward_sum: 85.17353820800781, Done: [False]
==========
t: 59, State: [[ 0.22429066  1.14701278  0.20121887 -0.17950223  0.00967127  0.54012603
  -0.16745549  0.0404129   0.51563418  0.60071345 -0.47593705 -5.08659509
  -9.09710089  4.90136102 -1.27362174 -7.0247341   0.3544963   2.90201008]], Action: [[-1.          0.91535866  1.         -1.         -0.29780135  1.        ]], Reward: [2.0126507],Reward_sum: 87.18618774414062, Done: [False]
==========
t: 60, State: [[ 0.23230182  1.1444026   0.20540087 -0.18515016  0.01680829  0.50079401
  -0.16867013  0.0402632   0.48939293  1.40310947 -0.17714091  6.08922209
   7.60853157 -3.03623899 -8.52015281  6.63447557 -0.3024976  -9.48074984]], Action: [[ 1.         -0.28958312 -0.62333864  1.          1.         -1.        ]], Reward: [1.996922],Reward_sum: 89.18311309814453, Done: [False]
==========
t: 61, State: [[ 2.39808705e-01  1.14211538e+00  2.12640758e-01 -1.75332736e-01
   8.48156274e-04  4.84149792e-01 -1.61688954e-01  3.20180590e-02
   4.66644968e-01  4.71714357e-01 -3.87638049e-01 -4.23295790e+00
  -5.01563277e+00 -1.15141635e+00  4.38531342e+00 -4.81191238e+00
  -1.79779086e+00  3.80258234e+00]], Action: [[-1.          0.55231655  1.         -1.         -0.72070026  1.        ]], Reward: [1.9335368],Reward_sum: 91.11665344238281, Done: [False]
==========
t: 62, State: [[ 0.24756226  1.13979124  0.2191015  -0.16839865 -0.01070723  0.4688448
  -0.15472505  0.02101511  0.44559691  1.46246522 -0.19512368  5.84262627
   6.75165243 -1.72576659 -8.1879675   6.59129864 -1.01870215 -9.01156749]], Action: [[ 1.          0.57229364 -0.88262755  1.          1.         -1.        ]], Reward: [1.9640874],Reward_sum: 93.08074188232422, Done: [False]
==========
t: 63, State: [[ 2.55982457e-01  1.13705651e+00  2.21648568e-01 -1.80966578e-01
   9.37546619e-03  4.48454819e-01 -1.50468401e-01  4.14526624e-03
   4.31610017e-01  5.78230940e-01 -4.48391115e-01 -4.77653988e+00
  -8.08701273e+00  4.07362467e+00  3.72097772e+00 -4.69864642e+00
  -3.64412298e+00  5.51471982e+00]], Action: [[-1.         0.6675998  1.        -1.        -1.         1.       ]], Reward: [2.0470796],Reward_sum: 95.1278076171875, Done: [False]
==========
t: 64, State: [[ 2.64007524e-01  1.13467119e+00  2.27460028e-01 -1.77673042e-01
   5.00369322e-03  4.36766724e-01 -1.39454715e-01 -1.71134232e-02
   4.18198171e-01  1.42585827e+00 -1.51057026e-01  6.20360320e+00
   8.87055200e+00 -5.12868322e+00 -6.64456614e+00  7.42736078e+00
  -1.67432259e+00 -8.84060893e+00]], Action: [[ 1.         -0.61381626 -0.89820164  1.          1.         -1.        ]], Reward: [1.9979498],Reward_sum: 97.1257553100586, Done: [False]
==========
t: 65, State: [[ 2.72905889e-01  1.13201954e+00  2.36504573e-01 -1.69405506e-01
  -3.34445260e-03  4.28784804e-01 -1.30894917e-01 -2.77625866e-02
   3.98874256e-01  8.15151092e-01 -5.14674162e-01 -4.00136149e+00
  -7.14044315e+00  3.57142622e+00  4.50761554e+00 -5.41840195e+00
  -9.21224955e-01  4.00903793e+00]], Action: [[-1.          0.6383369   1.         -0.723838   -0.34382334  1.        ]], Reward: [2.1082458],Reward_sum: 99.23400115966797, Done: [False]
==========
t: 66, State: [[ 2.83101031e-01  1.12870629e+00  2.46836808e-01 -1.66864413e-01
   1.25928424e-03  4.15065293e-01 -1.29032097e-01 -2.92525955e-02
   4.12334517e-01  1.73156830e+00 -3.20185783e-01  6.55885499e+00
   7.73305972e+00 -2.37682806e+00 -7.90815815e+00  5.84864090e+00
   5.37305887e-01 -4.58103420e-01]], Action: [[ 1.         -0.22743997 -1.          1.          1.         -1.        ]], Reward: [2.269341],Reward_sum: 101.50334167480469, Done: [False]
==========
t: 67, State: [[ 2.94829769e-01  1.12474592e+00  2.78255070e-01 -1.37531088e-01
   2.05149354e-03  4.01356330e-01 -9.75201336e-02 -4.60594772e-02
   4.68105917e-01  1.18037619e+00 -6.45801072e-01  1.44078818e+00
   2.32779408e-01  1.61841289e+00  4.74694552e+00  2.30106887e+00
  -4.85548824e+00  1.00000000e+01]], Action: [[-0.3385885   0.71153665  1.         -0.6628855  -1.          1.        ]], Reward: [2.4620318],Reward_sum: 103.96537017822266, Done: [False]
==========
t: 68, State: [[ 0.30521444  1.1195951   0.2812941  -0.14478465  0.01094785  0.44524268
  -0.11345246 -0.03756379  0.53178571  1.41864414 -0.64414984 -0.68644455
  -2.09765843  0.69817215  6.20009935 -6.29109281  6.96287916  1.74849891]], Action: [[ 0.8658124   0.4600679   0.13820656 -1.          1.         -0.7053744 ]], Reward: [2.2946057],Reward_sum: 106.25997924804688, Done: [False]
==========
t: 69, State: [[  0.31914696   1.11475465   0.29452353  -0.14075909   0.01449081
    0.46320331  -0.1512905    0.03669159   0.49099932   1.97777939
   -0.50260278   4.54650261   3.92221843   0.20538702  -1.88401653
   -0.50325283   7.83259966 -10.        ]], Action: [[ 1.          1.         -0.45582575  0.03126102  1.         -1.        ]], Reward: [2.7373571],Reward_sum: 108.9973373413086, Done: [False]
==========
t: 70, State: [[  0.33472165   1.11192773   0.33469011  -0.10378037   0.01489173
    0.4415192   -0.1382918    0.07772794   0.37957259   1.92572923
   -0.24105347   5.38721613   5.16135877  -0.05949827  -3.32967035
    3.21631732   2.91970651 -10.        ]], Action: [[ 1.          1.          0.09568675 -1.         -0.03339878 -1.        ]], Reward: [2.942825],Reward_sum: 111.9401626586914, Done: [False]
==========
t: 71, State: [[ 0.34725356  1.10988086  0.3524426  -0.09090097  0.01484468  0.4656502
  -0.13463414  0.08858994  0.28941788  1.20995475 -0.27713251 -0.96091039
  -1.88922181  0.04766518  9.66772535 -2.49244153  0.12388601 -5.73741188]], Action: [[-0.33667377  1.          1.         -1.         -0.88188934  0.20770837]], Reward: [2.5625553],Reward_sum: 114.50271606445312, Done: [False]
==========
t: 72, State: [[ 0.35937023  1.10688386  0.38539534 -0.0416596  -0.01728502  0.59964666
  -0.10542846  0.0844117   0.25875369  1.81223794 -0.50469328  9.1388121
  10.         -7.86731101 10.          9.62589199 -1.00626728 -2.32346925]], Action: [[ 1.          0.01778117  1.          0.7998488   1.         -1.        ]], Reward: [2.5099432],Reward_sum: 117.01265716552734, Done: [False]
==========
t: 73, State: [[ 3.72148739e-01  1.10226017e+00  4.21536332e-01  6.81731709e-03
  -4.17472971e-02  8.12009692e-01 -7.20652570e-02  7.45898441e-02
   2.95967327e-01  1.43692371e+00 -5.42212747e-01 -1.00297635e-01
  -2.15643613e+00  1.40573568e+00  1.00000000e+01 -1.31875230e+00
  -1.37220781e+00  1.00000000e+01]], Action: [[-1.          1.          1.         -0.46157652  0.25335893  1.        ]], Reward: [2.5930362],Reward_sum: 119.6056900024414, Done: [False]
==========
t: 74, State: [[ 3.85199856e-01  1.09842507e+00  4.31236648e-01 -5.64967039e-03
  -1.82848612e-02  9.33996941e-01 -7.12744616e-02  6.45440368e-02
   3.56241654e-01  1.81523207e+00 -4.39579646e-01  2.52118184e+00
  -9.26815211e-01  4.43119797e+00  7.63529016e+00  1.50974744e+00
  -1.13568258e+00  4.54054005e+00]], Action: [[ 1.          0.84975433 -1.         -0.47623402  1.         -1.        ]], Reward: [2.6264408],Reward_sum: 122.23213195800781, Done: [False]
==========
t: 75, State: [[ 0.40009358  1.09556537  0.45244137 -0.01591846  0.0228848   0.93656423
  -0.05805473  0.0560575   0.37610345  1.87286814 -0.25203296  3.01538363
  -0.48011999  3.95069473 -6.78618711  2.12848274 -0.99444762  0.59625107]], Action: [[ 1.         0.8783293 -1.        -1.         0.3602902 -1.       ]], Reward: [2.8568146],Reward_sum: 125.08894348144531, Done: [False]
==========
t: 76, State: [[ 4.13129140e-01  1.09426484e+00  4.75581389e-01 -1.74357155e-03
   1.74548473e-02  8.88106953e-01 -2.98598519e-02  2.53359053e-02
   4.00322286e-01  1.38522377e+00 -7.50497853e-02  2.76002518e+00
   4.00144577e+00 -5.27285510e+00 -5.31519218e+00  4.90193559e+00
  -6.67789246e+00  5.36639496e+00]], Action: [[ 0.5695703  -0.8934578  -0.0049458  -1.         -1.          0.28258586]], Reward: [2.6262422],Reward_sum: 127.7151870727539, Done: [False]
==========
t: 77, State: [[ 4.22927688e-01  1.09419274e+00  4.64000745e-01 -2.02624875e-02
  -4.09854094e-03  8.29758612e-01 -4.31536846e-02 -1.89315523e-03
   4.18949987e-01  1.13542248e+00 -3.07419353e-03 -6.12216768e+00
  -1.00000000e+01  1.50853197e+00 -9.40893173e+00 -9.85840595e+00
   1.97803596e+00 -1.16518432e+00]], Action: [[-1.          0.30203146 -0.19945784 -0.39943573  1.         -0.32600003]], Reward: [2.2224216],Reward_sum: 129.93760681152344, Done: [False]
==========
t: 78, State: [[ 4.34663278e-01  1.09417004e+00  4.63693738e-01 -1.96358085e-02
  -4.59930472e-02  7.05321360e-01 -6.17104307e-02  9.42010603e-03
   3.52038656e-01  1.79901812e+00  3.38930520e-03  6.01428324e+00
   1.00000000e+01 -1.00000000e+01 -1.00000000e+01  5.18115000e+00
   8.82529233e-01 -1.00000000e+01]], Action: [[ 1.        -1.        -1.         1.         0.9422816 -1.       ]], Reward: [2.4610608],Reward_sum: 132.39866638183594, Done: [False]
==========
t: 79, State: [[ 4.46936539e-01  1.09336233e+00  4.74525754e-01 -3.61068144e-03
  -8.95920704e-02  5.77490395e-01 -6.35047314e-02  1.40970087e-02
   2.94217619e-01  1.27628208e+00 -2.00962714e-01 -3.30123251e+00
  -6.10274214e+00  6.57454827e-01 -1.00000000e+01 -5.67847152e+00
   3.38977892e-01  1.31302879e-01]], Action: [[-1.          0.90044355  0.9357239  -0.51632744 -0.07821217  1.        ]], Reward: [2.5301986],Reward_sum: 134.92886352539062, Done: [False]
==========
t: 80, State: [[  0.45932093   1.09138252   0.49068855   0.02083538  -0.13404127
    0.48098021  -0.05812269   0.01530316   0.28557901   1.62621994
   -0.20711121   3.97668676   6.83526127  -8.71409667 -10.
    3.08408809   0.07761525  -1.87258472]], Action: [[ 1.         -1.         -0.36228573  1.          1.         -1.        ]], Reward: [2.5429173],Reward_sum: 137.47178649902344, Done: [False]
==========
t: 81, State: [[  0.47198674   1.09031079   0.49597031   0.01881937  -0.14991911
    0.32125554  -0.06580226   0.01607671   0.2853599    1.542719
   -0.06096242  -2.63616385  -7.36309564   4.59802803 -10.
   -4.97899596   0.10849484   1.78547944]], Action: [[-1.         0.8614092 -1.        -0.0174065  0.7708601  0.3182031]], Reward: [2.5797892],Reward_sum: 140.05157470703125, Done: [False]
==========
t: 82, State: [[ 4.84777215e-01  1.08941515e+00  4.96389583e-01  3.58296975e-03
  -1.49012455e-01  2.25278702e-01 -7.90971519e-02  1.64897691e-02
   2.87354105e-01  1.72894871e+00 -1.98446730e-01  3.98177971e+00
   5.55289452e+00 -5.65125837e+00 -5.69540845e+00  3.06709932e+00
  -1.85836543e-02 -1.17964622e+00]], Action: [[ 1.         -1.          0.54281044  0.68014     1.         -1.        ]], Reward: [2.5940518],Reward_sum: 142.6456298828125, Done: [False]
==========
t: 83, State: [[ 0.49726179  1.08823884  0.49551434 -0.011249   -0.15306625  0.19200859
  -0.0936283   0.01630637  0.31893038  1.38994249 -0.10075798 -4.17348397
  -9.19509328  4.52780702 -3.17570078 -6.66176635 -0.0255544   9.02591852]], Action: [[-1.          0.51633155 -0.7614338  -0.36555162  0.43128958  0.8043219 ]], Reward: [2.5577593],Reward_sum: 145.20338439941406, Done: [False]
==========
t: 84, State: [[ 5.11092203e-01  1.08723695e+00  5.09470890e-01 -7.76757645e-03
  -1.58611606e-01  1.78380095e-01 -8.99172371e-02  1.53843278e-02
   3.33254577e-01  2.06349832e+00 -1.56590152e-01  7.62655107e+00
   1.00000000e+01 -5.87990126e+00 -5.15755029e-01  7.53295409e+00
  -1.80894679e-01 -5.40719019e+00]], Action: [[ 1.        -0.9795469 -1.         0.9732441  1.        -1.       ]], Reward: [2.7228944],Reward_sum: 147.92628479003906, Done: [False]
==========
t: 85, State: [[ 5.25336299e-01  1.08568897e+00  5.27582952e-01 -1.15538981e-03
  -1.59379798e-01  1.96020243e-01 -8.11680259e-02  1.42658998e-02
   3.45759740e-01  1.50312808e+00 -2.22052342e-01 -3.06810424e+00
  -8.30569014e+00  5.68088785e+00  4.90181784e+00 -5.30471388e+00
  -1.05211265e-01  8.50391268e+00]], Action: [[-1.          0.9172938   0.4696703  -0.763454    0.01271495  1.        ]], Reward: [2.776867],Reward_sum: 150.70315551757812, Done: [False]
==========
t: 86, State: [[ 0.54002637  1.08365859  0.53950685 -0.01468562 -0.1350642   0.21648677
  -0.08089435  0.01346976  0.355999    2.16862848 -0.28638079  6.02471106
   4.87063554  0.47484729  0.605927    5.34303457 -0.09253956 -5.91800103]], Action: [[ 1.         -0.19398683 -1.          0.6036137   1.         -1.        ]], Reward: [2.8318565],Reward_sum: 153.53501892089844, Done: [False]
==========
t: 87, State: [[  0.55451308   1.0808751    0.53991546  -0.05505865  -0.08257484
    0.26687311  -0.09518757   0.01257128   0.36723023   1.44003826
   -0.43213493  -5.87963271 -10.          10.          10.
   -8.86831544  -0.12513431   8.73847343]], Action: [[-1.         1.         1.        -1.        -0.4941146  1.       ]], Reward: [2.8055952],Reward_sum: 156.34060668945312, Done: [False]
==========
t: 88, State: [[ 0.56880584  1.0768599   0.52500375 -0.13419892  0.01376772  0.30018367
  -0.12945851  0.01194924  0.38012149  2.12042974 -0.53028573  2.29521056
  -4.09493249 10.         -2.81181644  0.5336373  -0.04925325 -5.51722829]], Action: [[ 1.          0.3630903  -1.          0.49409834  1.         -1.        ]], Reward: [2.7822182],Reward_sum: 159.12281799316406, Done: [False]
==========
t: 89, State: [[  0.58522449   1.07273434   0.54723778  -0.14714637   0.06524652
    0.33519369  -0.12088948   0.01255956   0.28529453   1.99373181
   -0.49494545   3.22865197   0.66009627   3.20135244  10.
    1.61149877   0.17803003 -10.        ]], Action: [[ 1.          0.00572318  1.         -1.          0.6984489  -1.        ]], Reward: [3.0478442],Reward_sum: 162.17066955566406, Done: [False]
==========
t: 90, State: [[  0.60163542   1.068103     0.58461842  -0.1220222    0.07916243
    0.44651459  -0.09336079   0.01379789   0.1399158    2.10850054
   -0.67560226   6.07200228   5.43547272   0.58173211  10.
    5.17218988   0.13465516 -10.        ]], Action: [[ 0.41637334  0.99879754  0.3085776   0.0796307   1.         -0.04618737]], Reward: [3.0490918],Reward_sum: 165.21975708007812, Done: [False]
==========
t: 91, State: [[ 0.61602293  1.06307171  0.61004988 -0.10041157  0.07874195  0.63216471
  -0.0779962   0.01475302  0.05413412  1.50111639 -0.56669813  0.28569116
  -0.03822621 -0.52616305 10.         -1.35217697  0.10020608 -6.30907226]], Action: [[-0.20250204  1.          1.         -1.          0.16989562  0.08262233]], Reward: [2.7953615],Reward_sum: 168.01512145996094, Done: [False]
==========
t: 92, State: [[ 0.6303012   1.05675378  0.64441174 -0.05708317  0.06454703  0.87946913
  -0.05243202  0.01374295  0.02091539  2.10753166 -0.98539055  8.22826649
  10.         -2.39066104 10.          7.61132655 -0.29293854 -2.72221874]], Action: [[1.         0.1892654  0.49484622 0.56798816 0.8947966  0.39573067]], Reward: [2.7822235],Reward_sum: 170.79734802246094, Done: [False]
==========
t: 93, State: [[ 6.44295128e-01  1.05052271e+00  6.68804228e-01 -2.91247793e-02
   5.02145881e-02  1.00378127e+00 -4.00193537e-02  9.02139538e-03
   4.90709439e-02  1.39031076e+00 -5.76976719e-01 -2.12133073e+00
  -3.07151464e+00 -1.30432601e+00  8.81042922e+00 -4.50718646e+00
  -8.76821351e-01  9.75126231e+00]], Action: [[-1.         1.         1.        -1.        -0.4477301  1.       ]], Reward: [2.7440403],Reward_sum: 173.5413818359375, Done: [False]
==========
t: 94, State: [[ 6.58901250e-01  1.04413445e+00  6.92620186e-01 -9.16709194e-03
   4.01690416e-02  1.01588260e+00 -2.96204494e-02  4.42893583e-03
   9.44649843e-02  2.25020405e+00 -1.03359255e+00  8.05264720e+00
   8.02545182e+00 -1.18876163e+00 -5.75992806e+00  7.07412213e+00
  -3.31523479e-01  2.23080449e+00]], Action: [[ 1.         0.8039429 -1.         1.         1.        -1.       ]], Reward: [2.820119],Reward_sum: 176.3614959716797, Done: [False]
==========
t: 95, State: [[ 0.67487871  1.03609053  0.74193676  0.03817     0.03245519  0.97317102
   0.01871008 -0.01881901  0.17308928  1.73669848 -0.94966985  3.81844147
   3.28391525 -0.77028377 -4.88880983  4.17199897 -4.82230724 10.        ]], Action: [[ 0.5438118   0.95249856  1.         -1.         -1.          1.        ]], Reward: [2.99198],Reward_sum: 179.35348510742188, Done: [False]
==========
t: 96, State: [[ 0.6880874   1.02786996  0.76314382  0.05391043  0.02547058  0.93698927
   0.0354948  -0.04517072  0.35656839  1.57632206 -1.10615388  1.64960847
   0.91351644 -1.11327942 -4.13599887  0.22027345 -1.61337531 10.        ]], Action: [[ 0.99135363 -0.03941402  0.6424131  -0.74567306  0.25625995  1.        ]], Reward: [2.648067],Reward_sum: 182.00155639648438, Done: [False]
==========
t: 97, State: [[ 0.69948087  1.01915179  0.76859423  0.05448651  0.01405361  0.90554335
   0.03498749 -0.06697764  0.6397945   1.28207233 -1.06699081 -0.22561836
  -0.67905853 -1.78162535 -3.70536289 -0.28019722 -3.61211464 10.        ]], Action: [[ 0.31789467 -0.00796741 -0.01622809 -0.39243826 -0.6549485   1.        ]], Reward: [2.422499],Reward_sum: 184.42405700683594, Done: [False]
==========
t: 98, State: [[ 7.09999679e-01  1.01178981e+00  7.64693186e-01  4.89115321e-02
  -8.54687512e-03  8.24115267e-01  3.18469032e-02 -9.68717721e-02
   9.29579955e-01  1.38662842e+00 -7.51243438e-01 -6.34605634e-01
  -6.68432547e-01 -3.63757824e+00 -1.00000000e+01 -5.02278176e-01
  -4.28948675e+00  1.00000000e+01]], Action: [[ 1.         -0.34369323 -0.8891541   0.08583    -0.4459838  -0.30844802]], Reward: [2.3126414],Reward_sum: 186.7366943359375, Done: [False]
==========
t: 99, State: [[  0.72000078   1.00715219   0.75221219   0.04359197  -0.05102192
    0.70976481   0.02714223  -0.15411008   1.05329782   1.08137873
   -0.43802142  -2.50570254  -0.65541007  -7.04730141 -10.
   -0.6166394  -10.           7.71027219]], Action: [[ 0.67156935 -0.51246834  0.35120773 -0.39198747 -1.         -0.81138843]], Reward: [2.247489],Reward_sum: 188.9841766357422, Done: [False]
==========
t: 100, State: [[  0.73101487   1.00222742   0.74137343   0.03793404  -0.0870515
    0.58365155   0.01648894  -0.20774358   1.05471291   1.68364906
   -0.77863568  -0.18948913  -0.72962699  -1.91966072 -10.
   -1.98778425  -3.32247312  -7.21058843]], Action: [[ 0.84065866  0.71778095 -0.52099544  0.27982286  1.         -1.        ]], Reward: [2.3731892],Reward_sum: 191.35736083984375, Done: [False]
==========
t: 101, State: [[ 7.46021157e-01  9.94346605e-01  7.45271104e-01  3.28164434e-02
  -9.03671672e-02  4.75288264e-01 -8.17685191e-03 -2.07763360e-01
   9.43575696e-01  2.06720495e+00 -1.19289815e+00  1.15481631e+00
  -5.55797112e-01  9.59414495e-01 -7.44012782e+00 -4.17854123e+00
   3.38579018e+00 -1.00000000e+01]], Action: [[ 1.         0.5847403  1.         0.2948612  1.        -1.       ]], Reward: [2.8713572],Reward_sum: 194.2287139892578, Done: [False]
==========
t: 102, State: [[  0.76421136   0.98289868   0.7597751    0.02801332  -0.07030539
    0.46387817  -0.05298845  -0.14768414   0.72724232   2.4715607
   -1.6822438    2.48090209  -0.62052166   4.01519636   4.59863598
   -7.06576565  10.         -10.        ]], Action: [[ 1.          0.92421603  1.         -0.26140687  0.8670167  -1.        ]], Reward: [3.2691007],Reward_sum: 197.49781799316406, Done: [False]
==========
t: 103, State: [[ 7.84974351e-01  9.67520920e-01  7.81793835e-01  2.34025400e-02
  -3.47217948e-02  5.45490743e-01 -1.27852594e-01 -8.31233519e-03
   3.97687813e-01  2.68618623e+00 -2.18857713e+00  3.02176477e+00
  -5.26078233e-01  4.96414911e+00  1.00000000e+01 -1.00000000e+01
   1.00000000e+01 -1.00000000e+01]], Action: [[ 1.          0.48049775  0.86951005 -0.3133991   1.         -1.        ]], Reward: [3.5912893],Reward_sum: 201.08912658691406, Done: [False]
==========
t: 104, State: [[ 8.04685656e-01  9.51330556e-01  8.05189892e-01  2.14699716e-02
   8.89885875e-03  7.21552516e-01 -1.92009748e-01  1.24758195e-01
  -3.41376612e-02  2.23075026e+00 -1.76287188e+00  2.41354781e+00
   2.97160785e-02  5.09805140e+00  1.00000000e+01 -4.68806166e+00
   1.00000000e+01 -1.00000000e+01]], Action: [[ 1.          0.35339883  1.          0.01456245  0.57809174 -1.        ]], Reward: [3.4604537],Reward_sum: 204.54957580566406, Done: [False]
==========
t: 105, State: [[  0.82097275   0.93995422   0.81781794   0.02307082   0.03677967
    0.92977586  -0.21252773   0.1743555   -0.4899411    1.93748919
   -1.12752796   1.11071447   0.27179963   2.16452914  10.
   -0.85763031   2.83275895 -10.        ]], Action: [[ 1.          0.5238288   1.         -0.00524525  0.65018606 -0.5364023 ]], Reward: [3.0329022],Reward_sum: 207.5824737548828, Done: [False]
==========
t: 106, State: [[  0.8364009    0.93213531   0.82514335   0.02498482   0.04749099
    1.01608221  -0.21352027   0.18033357  -0.74790695   1.93720514
   -0.8630458    0.76455805   0.19314508   0.66553865   5.30582418
    0.39680783  -0.86824643 -10.        ]], Action: [[ 1.          1.          0.35324353 -0.00982872  1.         -0.5241141 ]], Reward: [2.9251182],Reward_sum: 210.50759887695312, Done: [False]
==========
t: 107, State: [[ 0.85172042  0.92516881  0.83055684  0.02616465  0.0489027   1.02997331
  -0.20893924  0.16532192 -0.86439062  1.8883771  -0.90866184  0.61029414
   0.10147866 -0.20394325 -1.03458244  0.63543014 -2.61938979 -8.92319118]], Action: [[ 1.          0.5442681  -0.16303454  0.05945893  1.          0.21378736]], Reward: [2.9125679],Reward_sum: 213.420166015625, Done: [False]
==========
t: 108, State: [[ 0.86647561  0.91761814  0.83280802  0.02492421  0.04553658  1.01175305
  -0.20791878  0.14248509 -0.90804225  1.8056534  -0.98082642 -0.02662249
  -0.39733626 -0.57867835 -3.1763562  -0.39353301 -2.95851038 -2.68136204]], Action: [[ 0.87880576  0.9255984   1.         -1.          1.         -0.4210204 ]], Reward: [2.8395932],Reward_sum: 216.259765625, Done: [False]
==========
t: 109, State: [[ 0.88069877  0.90945305  0.8311444   0.02135948  0.0393323   0.98316843
  -0.21428179  0.11940934 -0.91696691  1.75141944 -1.06020372 -0.3787876
  -0.47183987 -0.97336389 -3.79357209 -1.19400446 -2.75559086  0.10598734]], Action: [[ 1.         0.3028497  1.        -1.         1.        -1.       ]], Reward: [2.7728028],Reward_sum: 219.03256225585938, Done: [False]
==========
t: 110, State: [[ 0.89410589  0.90133873  0.8240852   0.02043779  0.01390512  0.9528839
  -0.22799332  0.09797582 -0.91068836  1.59626778 -0.96845248 -1.44094521
   0.16104885 -5.33801441 -3.692393   -2.31284683 -2.55401869  1.28534645]], Action: [[ 1.         -1.          1.          0.58622587  1.         -1.        ]], Reward: [2.6705468],Reward_sum: 221.70310974121094, Done: [False]
==========
t: 111, State: [[  0.90819497   0.89245965   0.82221465   0.02216888  -0.01219939
    0.86360869  -0.23629618   0.07870391  -0.89858581   1.93739609
   -1.24988417   1.00836602   0.24843864  -0.95439154 -10.
    0.26828803  -2.24118246   1.64943898]], Action: [[ 1.          0.39424703 -1.          1.          1.         -1.        ]], Reward: [2.755979],Reward_sum: 224.45909118652344, Done: [False]
==========
t: 112, State: [[ 0.92283454  0.88251696  0.82436538  0.02463797 -0.03185001  0.76152946
  -0.24134322  0.0628623  -0.88507248  1.71886629 -1.23876314 -0.48210967
   0.34747025 -4.02014469 -7.17410195 -1.53626473 -1.73206907  1.68146837]], Action: [[ 1.         -0.6945654   0.8264488   0.32119587  1.         -1.        ]], Reward: [2.8256783],Reward_sum: 227.28477478027344, Done: [False]
==========
t: 113, State: [[  0.93643008   0.8733604    0.81728061   0.02776125  -0.07649605
    0.65511209  -0.25673824   0.05042831  -0.87203721   1.68151147
   -1.05372444  -1.25156031   0.40990239  -6.90848858 -10.
   -2.26623362  -1.38148966   1.55181794]], Action: [[ 1.         -1.         -1.          0.5712042   1.         -0.83756894]], Reward: [2.6944146],Reward_sum: 229.97918701171875, Done: [False]
==========
t: 114, State: [[ 0.95050548  0.86470312  0.8108119   0.03048057 -0.12746655  0.58322733
  -0.2709366   0.04059518 -0.86010403  1.83738457 -1.1065799  -0.38047872
   0.28038209 -5.83593926 -4.8115084  -1.29318317 -1.08333156  1.41073601]], Action: [[ 1.         -0.25780043 -1.          0.6793202   1.         -0.6665091 ]], Reward: [2.7554529],Reward_sum: 232.73463439941406, Done: [False]
==========
t: 115, State: [[ 0.96568332  0.8559109   0.80995101  0.03281827 -0.17251097  0.56384706
  -0.27831326  0.03285785 -0.85032737  1.9565641  -1.08851654  0.14516154
   0.29588097 -5.39733414 -0.70685531 -0.57077594 -0.85560098  1.04930355]], Action: [[ 1.        -0.5275042 -1.         0.8852198  1.        -0.9503084]], Reward: [2.892265],Reward_sum: 235.62689208984375, Done: [False]
==========
t: 116, State: [[ 0.98228223  0.84684486  0.81634262  0.03477443 -0.20587911  0.56203344
  -0.27684383  0.02680287 -0.84246344  2.19327829 -1.17547764  1.44405399
   0.20075097 -2.93441145 -0.07118211  0.93338298 -0.6634942   0.90911861]], Action: [[ 1.         -0.06772387 -1.          0.9010732   1.         -0.6720113 ]], Reward: [3.0705955],Reward_sum: 238.69749450683594, Done: [False]
==========
t: 117, State: [[ 0.99876297  0.83887738  0.81716313  0.03340112 -0.24682244  0.5674396
  -0.28127879  0.02299676 -0.83634021  1.92487229 -0.81963335 -1.2224172
  -0.5158808  -7.34058667  1.26001821 -2.00912068 -0.32047915  0.63916054]], Action: [[ 0.03440866 -1.         -1.         -0.76718307  0.8599893  -1.        ]], Reward: [3.055763],Reward_sum: 241.7532501220703, Done: [False]
==========
t: 118, State: [[ 1.01520178  0.83197086  0.81385382  0.03108827 -0.29507167  0.57171526
  -0.28933971  0.02037006 -0.83227162  2.18366078 -0.90242196  0.34668994
  -0.10692331 -4.73968716 -0.24778642 -0.0658883  -0.32649229  0.39646384]], Action: [[ 1.         -0.06867579 -1.          0.9747617   1.         -1.        ]], Reward: [3.049897],Reward_sum: 244.8031463623047, Done: [False]
==========
t: 119, State: [[ 1.03342656  0.82466553  0.82022374  0.0307597  -0.32597673  0.56398461
  -0.28534983  0.01803696 -0.82901653  2.3715272  -0.92242712  1.22610913
   0.01129725 -2.99738443 -1.68326899  1.04258323 -0.25763759  0.40532224]], Action: [[ 0.917642   -0.13786018 -1.          0.6911465   1.         -0.6882147 ]], Reward: [3.2742848],Reward_sum: 248.07742309570312, Done: [False]
==========
t: 120, State: [[ 1.05141452  0.81850759  0.82075711  0.02918055 -0.36776961  0.55027846
  -0.28699669  0.01694001 -0.82642004  2.1251642  -0.62185895 -1.05094762
  -0.35351043 -7.46656942 -1.77494238 -1.39621963 -0.04171212  0.25646952]], Action: [[ 0.08173996 -1.         -1.         -0.5164044   0.97142816 -1.        ]], Reward: [3.2442775],Reward_sum: 251.3217010498047, Done: [False]
==========
t: 121, State: [[ 1.06873863  0.81359383  0.81417137  0.02848547 -0.42868067  0.53180489
  -0.29466478  0.01408971 -0.82488398  2.18852249 -0.6311626  -0.65463153
   0.1167457  -7.81372326 -2.74567167 -0.56031322 -1.250181   -0.0237953 ]], Action: [[ 1.         -0.62641454 -1.          1.          1.         -0.71058655]], Reward: [3.1606169],Reward_sum: 254.48231506347656, Done: [False]
==========
t: 122, State: [[ 1.08664136e+00  8.08157892e-01  8.10902048e-01  3.01189796e-02
  -4.89864361e-01  4.81173226e-01 -2.96485179e-01 -2.08548134e-03
  -8.26728019e-01  2.28752943e+00 -7.21230496e-01 -2.36255002e-01
   2.70659116e-01 -7.59728600e+00 -1.00000000e+01 -6.39044840e-02
  -2.51876940e+00 -3.53667811e-01]], Action: [[ 0.9596809 -0.3730699 -1.         1.         1.        -0.8989025]], Reward: [3.2329724],Reward_sum: 257.7153015136719, Done: [False]
==========
t: 123, State: [[  1.10549471   0.80210526   0.81010524   0.03255827  -0.54939299
    0.36950167  -0.30008294  -0.01277544  -0.82888197   2.43057316
   -0.79998145   0.09232419   0.31810313  -7.15637362 -10.
   -0.81652268  -0.027447    -0.18487862]], Action: [[ 1.        -0.5074786 -1.         1.         1.        -1.       ]], Reward: [3.3514116],Reward_sum: 261.06671142578125, Done: [False]
==========
t: 124, State: [[ 1.12509158e+00  7.95561813e-01  8.08696587e-01  3.48883039e-02
  -6.11619978e-01  2.48387380e-01 -3.15705237e-01  1.38963721e-03
  -8.29504141e-01  2.45938957e+00 -8.18003088e-01 -5.09117678e-01
   2.74112012e-01 -8.32189471e+00 -1.00000000e+01 -3.01837790e+00
   3.30922815e+00  1.28969873e-02]], Action: [[ 1.        -0.729151  -1.         0.6852211  1.        -0.8063084]], Reward: [3.4449582],Reward_sum: 264.51165771484375, Done: [False]
==========
t: 125, State: [[  1.14482449   0.78956355   0.80346777   0.03697717  -0.67335628
    0.01799924  -0.33593826   0.01755839  -0.82954802   2.46576161
   -0.71439533  -0.80468957   0.2386292   -6.91380732 -10.
   -2.18534915   0.57631466  -0.15603959]], Action: [[ 1.         -0.37588766 -1.          0.712515    0.6005722  -0.96131015]], Reward: [3.4626791],Reward_sum: 267.9743347167969, Done: [False]
==========
t: 126, State: [[  1.16461029   0.78425903   0.79547142   0.03852344  -0.71771597
   -0.33520161  -0.35354127   0.02003418  -0.82950375   2.48454902
   -0.61564057  -1.12779887   0.14877711  -3.69556291 -10.
   -2.14204347   0.11883256   0.1500415 ]], Action: [[ 1.         -0.4442365  -1.          0.5695717   0.86074924 -0.6999236 ]], Reward: [3.4694726],Reward_sum: 271.4438171386719, Done: [False]
==========
t: 127, State: [[  1.18426311   0.77955989   0.78502451   0.03822994  -0.72488302
   -0.84924983  -0.37175634   0.02070961  -0.82823057   2.4227307
   -0.63877239  -1.1419128   -0.2137974    2.32844896 -10.
   -2.08099687   0.06193707   0.17380324]], Action: [[ 1.         -0.33092013 -1.         -0.26079962  1.         -1.        ]], Reward: [3.4524257],Reward_sum: 274.896240234375, Done: [False]
==========
t: 128, State: [[  1.2023399    0.77212012   0.77335864   0.02455776  -0.71493387
   -1.23647971  -0.3939199    0.02181132  -0.82642992   2.13969061
   -1.14061451  -1.63807558  -2.3865243   -0.69327035 -10.
   -3.20950055   0.17591654   0.24339506]], Action: [[ 1.          0.2925169  -0.02710144 -1.          0.9592844  -1.        ]], Reward: [3.2555912],Reward_sum: 278.15185546875, Done: [False]
==========
t: 129, State: [[ 1.21796623  0.76233122  0.75846835  0.01137485 -0.75053272 -1.36059122
  -0.42167058  0.02302178 -0.82457625  1.77076568 -1.28137231 -2.19466041
  -1.03835205 -7.80831944 -5.44580191 -3.83776156  0.12726934  0.21344548]], Action: [[ 1.         -1.         -1.         -0.62059903  1.         -1.        ]], Reward: [2.9479067],Reward_sum: 281.0997314453125, Done: [False]
==========
t: 130, State: [[ 1.23344402  0.75074779  0.75048557  0.0073124  -0.80942469 -1.35625741
  -0.44130578  0.02286831 -0.82195507  2.09758112 -1.60626294  0.11299698
  -0.08799112 -6.68386573  5.09059198 -1.19579773 -0.15854635  0.3800073 ]], Action: [[ 1.          0.699857   -1.          1.          1.         -0.36223948]], Reward: [2.9301033],Reward_sum: 284.02984619140625, Done: [False]
==========
t: 131, State: [[ 1.25084253e+00  7.36523827e-01  7.56429913e-01  7.56761842e-03
  -8.59580963e-01 -1.29589540e+00 -4.47260187e-01  2.03144941e-02
  -8.21748219e-01  2.25274941e+00 -1.94474403e+00  1.35632960e+00
   1.23685758e-01 -5.72128393e+00  9.23584205e+00 -3.22551330e-01
  -4.11750540e-01 -2.30033026e-01]], Action: [[ 0.15656021  0.23037139 -1.          1.          1.         -1.        ]], Reward: [3.1707351],Reward_sum: 287.2005615234375, Done: [False]
==========
t: 132, State: [[ 1.26968729e+00  7.19783616e-01  7.72394215e-01  8.86519299e-03
  -8.97410725e-01 -1.21737792e+00 -4.46039801e-01  1.73429341e-02
  -8.23999337e-01  2.46463772e+00 -2.21624261e+00  2.62091957e+00
   1.92226075e-01 -3.64403307e+00  1.00000000e+01  7.22826408e-01
  -2.99089783e-01 -2.28751943e-01]], Action: [[ 0.56844115  0.6288241  -1.          0.55754066  1.         -1.        ]], Reward: [3.351566],Reward_sum: 290.5521240234375, Done: [False]
==========
t: 133, State: [[ 1.28901436  0.70168046  0.79326799  0.01155223 -0.92963132 -1.1391755
  -0.4403422   0.01560492 -0.82513157  2.36614073 -2.30605442  2.57028773
   0.4386892  -4.36873991  9.35492663  0.6796797  -0.14885252 -0.07127562]], Action: [[ 1.        -0.6190355 -1.         0.395856   1.        -1.       ]], Reward: [3.411344],Reward_sum: 293.9635009765625, Done: [False]
==========
t: 134, State: [[ 1.3075586   0.68292292  0.81319752  0.01527088 -0.96650929 -1.06943767
  -0.43551173  0.01483916 -0.82533943  2.26976779 -2.38145008  2.40150184
   0.47425169 -4.83611743  8.02411577  0.52203719 -0.05243313  0.00949412]], Action: [[ 1.        -0.5449263 -1.         0.3122383  1.        -1.       ]], Reward: [3.3136353],Reward_sum: 297.277099609375, Done: [False]
==========
t: 135, State: [[ 1.32531966  0.6635891   0.83147439  0.01883077 -1.00679845 -1.01115845
  -0.43230932  0.01466881 -0.8251511   2.16353084 -2.46569218  2.1648384
   0.41012199 -5.26373449  6.54994011  0.21180095 -0.01986783 -0.02736542]], Action: [[ 1.         -0.4995906  -1.          0.22873516  1.         -1.        ]], Reward: [3.215831],Reward_sum: 300.49298095703125, Done: [False]
==========
t: 136, State: [[ 1.34218803  0.64320217  0.84845511  0.02189969 -1.05019173 -0.96435851
  -0.43237215  0.01420643 -0.8262656   2.05487532 -2.62731952  2.08324693
   0.35468017 -5.57491212  5.17711046 -0.2085159  -0.07893502 -0.20341728]], Action: [[ 1.         -0.43602154 -1.          0.34525478  1.         -1.        ]], Reward: [3.1042366],Reward_sum: 303.5971984863281, Done: [False]
==========
t: 137, State: [[ 1.35827533  0.62156923  0.86529783  0.02466685 -1.09562537 -0.9277747
  -0.43464223  0.01344498 -0.82793465  1.96955054 -2.77558851  2.12927241
   0.33148045 -5.76764632  4.00318861 -0.33246108 -0.09628566 -0.1834473 ]], Action: [[ 0.9019803  -0.5105424  -1.          0.58553016  1.         -1.        ]], Reward: [3.0064957],Reward_sum: 306.60369873046875, Done: [False]
==========
t: 138, State: [[ 1.37391651  0.59891789  0.88286814  0.02691146 -1.14081929 -0.89979491
  -0.43660699  0.01297214 -0.82861584  1.94106719 -2.88732429  2.26934248
   0.23479256 -5.53355239  3.02892375 -0.14722105 -0.02889056 -0.00772194]], Action: [[ 0.8480724  -0.3340995  -1.          0.51343644  1.         -1.        ]], Reward: [2.9510524],Reward_sum: 309.55474853515625, Done: [False]
==========
t: 139, State: [[ 1.38921218e+00  5.75397853e-01  9.01182687e-01  2.84626808e-02
  -1.18501734e+00 -8.78762928e-01 -4.37696784e-01  1.29659616e-02
  -8.28414164e-01  1.87474803e+00 -3.00496442e+00  2.31449473e+00
   1.56379613e-01 -5.54449824e+00  2.26281753e+00 -1.70982121e-01
   2.37243798e-03 -5.15529527e-04]], Action: [[ 1.         -0.33963707 -1.          0.30474958  1.         -1.        ]], Reward: [2.9077508],Reward_sum: 312.4624938964844, Done: [False]
==========
t: 140, State: [[ 1.40380305  0.55081259  0.91966243  0.02937497 -1.23010134 -0.86311783
  -0.43992205  0.01298744 -0.82869389  1.77424259 -3.13990632  2.31614487
   0.07873284 -5.7205066   1.67457606 -0.36351504  0.00583997 -0.05190799]], Action: [[ 1.         -0.3629087  -1.          0.21353243  1.         -1.        ]], Reward: [2.8196816],Reward_sum: 315.28216552734375, Done: [False]
==========
t: 141, State: [[ 1.41762131  0.52517164  0.93853777  0.0299567  -1.2765766  -0.85157421
  -0.44293866  0.01302551 -0.82907831  1.68135059 -3.26898457  2.40837123
   0.06615751 -5.88947082  1.23172655 -0.37644975  0.00629379 -0.03723384]], Action: [[ 1.         -0.42065963 -1.          0.3145807   1.         -1.        ]], Reward: [2.7230055],Reward_sum: 318.00518798828125, Done: [False]
==========
t: 142, State: [[ 1.43070383  0.49856462  0.95815741  0.03042737 -1.32442495 -0.84311504
  -0.44579851  0.01314502 -0.82915249  1.59477494 -3.37647091  2.50319139
   0.05206146 -6.05113774  0.89852018 -0.29994027  0.03115258  0.0395595 ]], Action: [[ 1.         -0.45494232 -1.          0.30085644  1.         -1.        ]], Reward: [2.6310184],Reward_sum: 320.6361999511719, Done: [False]
==========
t: 143, State: [[ 1.44305311  0.47112834  0.97838677  0.03068635 -1.37377054 -0.8369665
  -0.44829648  0.01342091 -0.82882826  1.49325687 -3.48316059  2.56397799
   0.01580818 -6.27841422  0.65093429 -0.315245    0.03594397  0.04056178]], Action: [[ 1.         -0.47907022 -1.          0.21830703  1.         -1.        ]], Reward: [2.539382],Reward_sum: 323.17559814453125, Done: [False]
==========
t: 144, State: [[ 1.45461463  0.44284877  0.99928502  0.03071045 -1.42478863 -0.83252853
  -0.45068903  0.01372478 -0.82845405  1.39954307 -3.58630722  2.67026882
  -0.00770011 -6.46459666  0.46781736 -0.27117727  0.03971999  0.05548658]], Action: [[ 1.         -0.48565838 -1.          0.2082025   1.         -1.        ]], Reward: [2.440911],Reward_sum: 325.61651611328125, Done: [False]
==========
t: 145, State: [[ 1.46544585  0.41379309  1.0210083   0.03049892 -1.47724742 -0.82935739
  -0.45275637  0.01410165 -0.82789762  1.31059829 -3.67725749  2.77133466
  -0.04096065 -6.64000379  0.33214031 -0.2318846   0.05251116  0.0828785 ]], Action: [[ 1.         -0.49310514 -1.          0.13084407  1.         -1.        ]], Reward: [2.3496418],Reward_sum: 327.96612548828125, Done: [False]
==========
t: 146, State: [[ 1.47581338  0.38426487  1.04417129  0.03003033 -1.52978404 -0.82707378
  -0.45344135  0.01422704 -0.8273616   1.42142604 -3.57595522  3.39003138
  -0.07184139 -5.70992332  0.26986553  0.67345358 -0.23102205 -0.08987726]], Action: [[ 1.         -0.50322914 -1.          0.06651237  1.         -1.        ]], Reward: [2.2916842],Reward_sum: 330.2578125, Done: [False]
==========
t: 147, State: [[ 1.48848948  0.35802996  1.0694308   0.02070697 -1.56400469 -0.8249253
  -0.44884199  0.01291277 -0.82869784  1.70147459 -3.03050185  2.77952826
  -2.27561955 -3.11386712  0.25372792  0.31982858 -0.05785658 -0.10909328]], Action: [[ 0.23933294 -0.657519   -1.         -0.69586897  1.         -1.        ]], Reward: [2.580538],Reward_sum: 332.83837890625, Done: [False]
==========
t: 148, State: [[ 1.5029998   0.33388739  1.10049394  0.00977094 -1.58657369 -0.82302629
  -0.43446262  0.01219426 -0.82914269  1.88746498 -3.01718849  4.7633086
  -0.63331123 -2.65282824  0.21376368  2.98709504 -0.10326462 -0.00709417]], Action: [[ 0.93596554 -1.         -1.          0.8440217   1.         -1.        ]], Reward: [2.8082016],Reward_sum: 335.64654541015625, Done: [False]
==========
t: 149, State: [[ 1.51770045e+00  3.10702231e-01  1.13734772e+00  3.06771988e-03
  -1.60736973e+00 -8.21656448e-01 -4.05790016e-01  2.25662456e-04
  -8.28375718e-01  1.77165541e+00 -2.79185776e+00  4.41519807e+00
  -1.03331854e+00 -2.63853663e+00  1.31603292e-01  4.09097394e+00
  -2.81794975e+00  1.73503005e-01]], Action: [[ 0.68498623 -0.66953874 -1.         -1.         -0.86012733 -1.        ]], Reward: [2.832925],Reward_sum: 338.4794921875, Done: [False]
==========
t: 150, State: [[ 1.53073343  0.29022231  1.15195577 -0.03126922 -1.62454658 -0.82077803
  -0.4005697  -0.01342191 -0.82716323  1.47708156 -2.33939757 -0.78910268
  -7.59119509 -1.65671407  0.08954179 -2.86153873 -0.53572402  0.1332184 ]], Action: [[-0.17730334 -0.94268644 -1.         -1.         -0.22061953 -1.        ]], Reward: [2.6251535],Reward_sum: 341.1046447753906, Done: [False]
==========
t: 151, State: [[ 1.54394551  0.26829291  1.18896323 -0.03767748 -1.65016591 -0.82022252
  -0.37303597 -0.01851623 -0.82629467  1.80415479 -3.14623715 10.
   6.01229457 -4.78918687  0.05166181  9.77434511 -0.77159436  0.08635781]], Action: [[ 1. -1. -1.  1.  1. -1.]], Reward: [2.64551],Reward_sum: 343.7501220703125, Done: [False]
==========
t: 152, State: [[ 1.55651311  0.24434372  1.24826658 -0.01687061 -1.68459254 -0.8199315
  -0.32284745 -0.01918647 -0.82542109  1.34367188 -2.83154369  4.82129632
  -0.76709041 -3.84521836  0.02429361  2.94640779  0.22537422  0.07586372]], Action: [[-0.09599391 -0.65989125 -1.         -1.         -0.14500389 -0.4738332 ]], Reward: [2.5682597],Reward_sum: 346.3183898925781, Done: [False]
==========
t: 153, State: [[ 1.56608756e+00  2.22980384e-01  1.27484452e+00 -3.63318237e-02
  -1.71591644e+00 -8.19911298e-01 -3.10848430e-01 -2.18659208e-02
  -8.24869732e-01  1.06146492e+00 -2.50781148e+00  1.81770404e+00
  -4.12352503e+00 -3.95397164e+00 -1.47874775e-02 -3.44625264e-04
  -7.62055984e-01  8.08710262e-02]], Action: [[ 0.23067495 -0.7560177  -1.         -1.         -0.6496787  -1.        ]], Reward: [2.1927593],Reward_sum: 348.51116943359375, Done: [False]
==========
t: 154, State: [[ 1.57551353e+00  1.99907950e-01  1.33463764e+00 -8.72133392e-03
  -1.76412972e+00 -8.20201715e-01 -2.55530303e-01 -3.31460236e-02
  -8.24645340e-01  1.26503267e+00 -3.26045978e+00  1.00000000e+01
   1.00000000e+01 -8.16252977e+00 -5.78727466e-02  1.00000000e+01
  -1.95599830e+00  5.61859503e-03]], Action: [[ 1. -1. -1.  1.  1. -1.]], Reward: [2.1722457],Reward_sum: 350.68341064453125, Done: [False]
==========
t: 155, State: [[ 1.58324954  0.17610465  1.39623215  0.02011811 -1.81715802 -0.82034831
  -0.20555462 -0.03059112 -0.82366625  0.70160873 -2.68138934  2.28025273
  -3.91735467 -5.09284021  0.01164903 -1.24794508  2.37452595  0.17812084]], Action: [[-1.         -0.75988793 -1.         -1.         -0.01193303 -0.18955018]], Reward: [1.9633884],Reward_sum: 352.64678955078125, Done: [False]
==========
t: 156, State: [[ 1.58828707e+00  1.53496003e-01  1.42543553e+00  5.99641326e-04
  -1.86164764e+00 -8.20254987e-01 -2.04071863e-01 -1.00739826e-02
  -8.23787967e-01  5.52572792e-01 -2.96159804e+00  4.84313993e+00
  -1.23897281e+00 -5.94105821e+00  1.24523691e-02  1.37257474e+00
   2.82525206e+00 -1.56369598e-01]], Action: [[ 1. -1. -1.  1.  1. -1.]], Reward: [1.6236902],Reward_sum: 354.2704772949219, Done: [False]
==========
t: 157, State: [[ 1.59234993e+00  1.30178184e-01  1.47186719e+00  3.46581717e-03
  -1.91585975e+00 -8.20371925e-01 -1.79019862e-01  3.89819489e-03
  -8.24302191e-01  4.51122255e-01 -2.83306048e+00  6.10022282e+00
   9.86207082e-01 -7.35144386e+00 -2.86084152e-02  3.99002294e+00
   9.24478523e-01  6.23124245e-03]], Action: [[ 0.7790128  -1.         -1.         -0.58430976 -0.41099212 -1.        ]], Reward: [1.5037403],Reward_sum: 355.77423095703125, Done: [False]
==========
t: 158, State: [[ 1.59511877e+00  1.10339439e-01  1.48554413e+00 -3.73028199e-02
  -1.96335732e+00 -8.20524046e-01 -1.86221869e-01  8.75016107e-03
  -8.23328094e-01  2.40686745e-01 -2.12938216e+00 -2.66898702e+00
  -1.00000000e+01 -4.48084718e+00 -1.25511119e-02 -5.80803315e+00
   3.48424556e-01  2.05763068e-01]], Action: [[-0.7701802  -0.4817966  -1.         -1.         -0.8441962  -0.82536733]], Reward: [1.341886],Reward_sum: 357.1160888671875, Done: [False]
==========
t: 159, State: [[ 1.59758570e+00  9.03094142e-02  1.51086324e+00 -6.45143889e-02
  -2.01538971e+00 -8.20868356e-01 -1.75007097e-01  6.27956215e-03
  -8.22446502e-01  3.68670867e-01 -2.87654092e+00  8.97559983e+00
   4.32873772e+00 -8.55249618e+00 -6.43633195e-02  8.59187410e+00
  -9.74792052e-01  3.34139067e-02]], Action: [[ 1. -1. -1.  1.  1. -1.]], Reward: [1.3023663],Reward_sum: 358.41845703125, Done: [False]
==========
t: 160, State: [[ 1.59959173e+00  7.03660843e-02  1.54166194e+00 -8.77417504e-02
  -2.06985923e+00 -8.21131026e-01 -1.54948544e-01  1.22001770e-03
  -8.21442162e-01  1.48551174e-01 -2.10728478e+00 -1.23923365e+00
  -1.00000000e+01 -5.03801978e+00 -9.54851035e-03 -3.50027982e+00
  -3.54778769e-01  1.95764718e-01]], Action: [[-1.        -0.5462589 -1.        -1.        -0.5356016 -0.7951019]], Reward: [1.2465361],Reward_sum: 359.6650085449219, Done: [False]
==========
t: 161, State: [[ 1.60124807e+00  5.05165261e-02  1.57854410e+00 -1.06562309e-01
  -2.12631223e+00 -8.21434738e-01 -1.24817462e-01 -7.33454742e-03
  -8.20766201e-01  2.41846958e-01 -2.71083167e+00  9.64709913e+00
   4.51085838e+00 -9.07085812e+00 -5.83024788e-02  1.00000000e+01
  -1.77358109e+00 -3.71439409e-03]], Action: [[ 1. -1. -1.  1.  1. -1.]], Reward: [1.2010425],Reward_sum: 360.8660583496094, Done: [False]
==========
t: 162, State: [[ 1.60248871  0.03491069  1.62025732 -0.11394774 -2.1949019  -0.82169555
  -0.08150069 -0.01911826 -0.81986684  0.12583739 -1.11350483  2.68557393
  -3.393387   -9.15662901 -0.0199183   3.58628939 -2.23032219  0.20122335]], Action: [[-1.         -0.61199903 -1.         -1.         -0.5086435  -0.6444638 ]], Reward: [1.1510315],Reward_sum: 362.01708984375, Done: [False]
==========
t: 163, State: [[  1.60349738   0.03035982   1.63095747  -0.15177085  -2.27243117
   -0.82184562  -0.06802988  -0.0218945   -0.81879981   0.13032653
   -0.13690092   0.27741299  -5.94374471 -10.          -0.01742275
   -0.06705182   1.68258565   0.07641717]], Action: [[-0.534168   -0.7251419  -1.         -0.34058872  0.87899876 -0.74083704]], Reward: [1.1228355],Reward_sum: 363.1399230957031, Done: [False]
==========
t: 164, State: [[  1.60469292   0.03318461   1.64023405  -0.18239959  -2.3671706
   -0.82222286  -0.05065331  -0.01901303  -0.81902977   0.18096285
    0.79978505   2.22651665  -1.58030622 -10.          -0.07094251
    4.67925146  -1.35223958  -0.14190046]], Action: [[ 1.         -0.92991483 -1.          1.          1.         -0.86144346]], Reward: [1.1438357],Reward_sum: 364.28375244140625, Done: [False]
==========
t: 165, State: [[ 1.60542000e+00  4.14708995e-02  1.62139915e+00 -2.53966646e-01
  -2.45901339e+00 -8.22638613e-01 -7.15395277e-02 -3.39284677e-03
  -8.22342611e-01 -7.97680066e-02  1.16576667e+00 -7.77658665e+00
  -1.00000000e+01 -8.64519888e+00 -3.24320841e-02 -1.00000000e+01
   6.11200290e+00 -5.87439225e-01]], Action: [[-1.         -0.01097301 -1.         -0.6973809   1.         -0.92163724]], Reward: [1.0865488],Reward_sum: 365.37030029296875, Done: [False]
==========
t: 166, State: [[  1.60529184   0.04979729   1.58560129  -0.3641945   -2.53574523
   -0.82336807  -0.12454703   0.02969267  -0.82681393   0.0525977
    0.96324574  -1.65318748 -10.         -10.          -0.13539889
   -2.45716514   2.462852    -0.54014974]], Action: [[ 1.          0.07249308 -1.          1.          1.         -1.        ]], Reward: [0.97897446],Reward_sum: 366.3492736816406, Done: [False]
==========
t: 167, State: [[  1.6064253    0.05553838   1.60205961  -0.41234937  -2.6279605
   -0.82456666  -0.10453839   0.03779848  -0.83116131   0.22150281
    0.29392337   6.17315763  -1.5758632  -10.          -0.18073728
    7.7111214   -0.33045779  -0.51682731]], Action: [[ 1.        -0.3236582 -1.         1.         1.        -1.       ]], Reward: [1.1365781],Reward_sum: 367.48583984375, Done: [False]
==========
t: 168, State: [[  1.60617555   0.05866041   1.60648279  -0.50181014  -2.69451066
   -0.8260034   -0.09880753   0.0313736   -0.80900116  -0.27812316
    0.55754829  -4.54717892 -10.          -5.06712288  -0.15226497
   -5.34960841  -1.69193563   6.12645513]], Action: [[-1.         -0.11601099 -1.         -0.62308824 -0.6567302   0.80590785]], Reward: [0.96529907],Reward_sum: 368.4511413574219, Done: [False]
==========
t: 169, State: [[  1.60400227   0.05734015   1.59814236  -0.63548207  -2.7216964
   -0.82802273  -0.1136415    0.02128567  -0.78170728  -0.22128432
   -0.85230024   2.67745563 -10.          -2.02570333  -0.31389512
    2.08620023  -0.8714937   -1.75967361]], Action: [[ 1.         -0.59537315 -1.          1.          1.         -1.        ]], Reward: [0.72298545],Reward_sum: 369.17413330078125, Done: [False]
==========
t: 170, State: [[  1.60242841   0.05076376   1.61912971  -0.74337262  -2.72963582
   -0.83017659  -0.09620216   0.01597238  -0.80983993  -0.16596353
   -0.55835158   1.45718834 -10.          -0.12146284  -0.21403669
    1.07459785  -0.53231901  -2.65666787]], Action: [[ 0.33531627 -1.         -1.          1.          1.         -0.7847122 ]], Reward: [0.7985393],Reward_sum: 369.97265625, Done: [False]
==========
t: 171, State: [[  1.60141149   0.04822453   1.62609912  -0.8652463   -2.72628352
   -0.83153618  -0.09072382   0.01242442  -0.82505273  -0.0890428
   -0.10254253   0.53575402 -10.           0.84738769  -0.1250428
    0.58589357  -0.36634607  -1.28031974]], Action: [[ 0.56760633 -1.         -1.          1.          1.         -1.        ]], Reward: [0.8675624],Reward_sum: 370.8402404785156, Done: [False]
==========
t: 172, State: [[  1.60097873   0.04870413   1.63008995  -0.98453516  -2.71749224
   -0.83228456  -0.08471798   0.01029367  -0.83190427  -0.02045026
    0.20616282   0.58339217 -10.           1.2846646   -0.06146325
    1.05837479  -0.18301175  -0.51206394]], Action: [[ 1.         -1.         -1.          0.46980906  1.         -1.        ]], Reward: [0.9406841],Reward_sum: 371.78094482421875, Done: [False]
==========
t: 173, State: [[ 1.60100961e+00  5.10886335e-02  1.63558055e+00 -1.09446321e+00
  -2.70625615e+00 -8.32464511e-01 -7.44814557e-02  9.64744415e-03
  -8.34131600e-01  2.79731698e-02  3.80631297e-01  8.49592211e-01
  -1.00000000e+01  1.47830523e+00  1.23021443e-02  1.57707916e+00
   2.14473510e-04 -9.28899840e-02]], Action: [[ 1.         -1.         -1.         -0.04105762  1.         -1.        ]], Reward: [0.9988592],Reward_sum: 372.77978515625, Done: [False]
==========
t: 174, State: [[  1.60139929   0.0545567    1.64366511  -1.19380471  -2.6942694
   -0.83212167  -0.05989446   0.01022523  -0.83392775   0.06974417
    0.48044172   1.19363618 -10.           1.48892135   0.06840144
    2.09991127   0.12672422   0.11577013]], Action: [[ 1.         -1.         -1.         -0.30339634  1.         -1.        ]], Reward: [1.0436178],Reward_sum: 373.82342529296875, Done: [False]
==========
t: 175, State: [[  1.60210655   0.05865029   1.65460285  -1.28276912  -2.68268007
   -0.8313903   -0.04104608   0.01150011  -0.83260126   0.10714886
    0.53911558   1.54418656 -10.           1.39091048   0.10903246
    2.61761833   0.18158934   0.20047622]], Action: [[ 0.86278313 -1.         -1.         -0.33400425  1.         -1.        ]], Reward: [1.0835513],Reward_sum: 374.906982421875, Done: [False]
==========
t: 176, State: [[ 1.60310872  0.06313705  1.66833379 -1.36252531 -2.67216494 -0.83041234
  -0.01798237  0.01296932 -0.83090531  0.14431284  0.58030987  1.8783453
  -9.44177343  1.22869289  0.1307088   3.13530316  0.18175953  0.21585976]], Action: [[ 0.73213553 -1.         -1.         -0.26143497  1.         -1.        ]], Reward: [1.120667],Reward_sum: 376.02764892578125, Done: [False]
==========
t: 177, State: [[ 1.60446967  0.06898662  1.68532368 -1.41931896 -2.66436818 -0.82751809
   0.01112003  0.01432079 -0.82927493  0.19546433  0.95867415  1.47558433
  -5.67307417  0.74717975  0.51252388  3.049558    0.21846824  0.20707208]], Action: [[ 0.60751593 -1.         -1.         -0.21577775  1.         -1.        ]], Reward: [1.165703],Reward_sum: 377.193359375, Done: [False]
==========
t: 178, State: [[ 1.60604987  0.07785159  1.69020433 -1.4588833  -2.65962147 -0.82356341
   0.02732421  0.01626454 -0.82823902  0.17899177  1.19547685 -0.04744326
  -4.27936595  0.48587944  0.43804196  1.16883919  0.22754716  0.00838841]], Action: [[ 0.81469065 -1.         -1.         -0.7383547   1.         -1.        ]], Reward: [1.1923159],Reward_sum: 378.38568115234375, Done: [False]
==========
t: 179, State: [[ 1.60740073  0.08723723  1.68761169 -1.48716473 -2.65643434 -0.82098843
   0.03272273  0.01800002 -0.82852724  0.16592151  1.12364754 -0.51590564
  -2.82012569  0.33260461  0.20898252  0.27108191  0.20662296 -0.05121051]], Action: [[ 1.        -1.        -1.        -0.4228015  1.        -1.       ]], Reward: [1.1636785],Reward_sum: 379.5493469238281, Done: [False]
==========
t: 180, State: [[ 1.60877595  0.09536674  1.68392469 -1.50359089 -2.65397549 -0.82009364
   0.03383178  0.01953124 -0.82880956  0.1846162   0.89667118 -0.3834215
  -1.32403042  0.2909393   0.02633914  0.0298302   0.17893187 -0.0099679 ]], Action: [[ 1.         -0.92382324 -1.          0.29520503  1.         -1.        ]], Reward: [1.1669621],Reward_sum: 380.71630859375, Done: [False]
==========
t: 181, State: [[ 1.61041302  0.10152904  1.68134188 -1.50903979 -2.65144524 -0.82036732
   0.03311042  0.02092285 -0.82857054  0.22891139  0.64144256 -0.24318073
  -0.01997036  0.32932949 -0.08029237 -0.18041459  0.16898723  0.06974879]], Action: [[ 1.         -0.5749564  -1.          0.00819018  1.         -1.        ]], Reward: [1.2003028],Reward_sum: 381.9166259765625, Done: [False]
==========
t: 182, State: [[ 1.6124177   0.1057285   1.67920638 -1.50503169 -2.64796448 -0.82124892
   0.03013129  0.02229472 -0.82766382  0.27484349  0.40402977 -0.24855604
   1.07005957  0.51357669 -0.12889163 -0.51213218  0.16745853  0.14307428]], Action: [[ 1.          0.3809704  -1.         -0.80164194  1.         -1.        ]], Reward: [1.2457975],Reward_sum: 383.16241455078125, Done: [False]
==========
t: 183, State: [[ 1.61469325  0.10832863  1.67443488 -1.49539015 -2.64167957 -0.82240275
   0.02154939  0.02369476 -0.82637064  0.29362806  0.24590782 -0.94374417
   1.33228506  1.06214427 -0.1528426  -1.62961633  0.17689085  0.17215315]], Action: [[ 1.  1. -1. -1.  1. -1.]], Reward: [1.2784436],Reward_sum: 384.44085693359375, Done: [False]
==========
t: 184, State: [[ 1.61710372  0.10966014  1.66410591 -1.48389136 -2.63086395 -0.8236208
   0.00408737  0.0250627  -0.82500064  0.30790951  0.08670052 -1.63912631
   1.52834699  1.6504696  -0.14872374 -2.73565559  0.16260571  0.16651725]], Action: [[ 1.  1. -1. -1.  1. -1.]], Reward: [1.2953091],Reward_sum: 385.73614501953125, Done: [False]
==========
t: 185, State: [[ 1.61959732  0.10970986  1.64818945 -1.4712126  -2.61510089 -0.82475319
  -0.02223986  0.02627231 -0.82374659  0.31375931 -0.07476023 -2.34178649
   1.62080888  2.30294167 -0.13340937 -3.84861436  0.13904928  0.14550525]], Action: [[ 1.  1. -1. -1.  1. -1.]], Reward: [1.3056996],Reward_sum: 387.0418395996094, Done: [False]
==========
t: 186, State: [[ 1.62208577  0.10835637  1.62736073 -1.4576378  -2.593835   -0.8257491
  -0.05668015  0.0272523  -0.82269281  0.30638077 -0.26437168 -2.86857823
   1.74565014  3.02959706 -0.11552579 -4.76692609  0.10709592  0.11791474]], Action: [[ 1.         1.        -1.        -0.9560908  1.        -1.       ]], Reward: [1.3051423],Reward_sum: 388.34698486328125, Done: [False]
==========
t: 187, State: [[ 1.6244611   0.10522046  1.60414897 -1.4419845  -2.56648836 -0.82660521
  -0.09642486  0.02792485 -0.82187467  0.28612592 -0.52061571 -2.9390466
   2.13442879  3.82552157 -0.09877465 -5.1780621   0.0646385   0.08768784]], Action: [[ 1.          1.         -1.         -0.84585285  1.         -1.        ]], Reward: [1.2912004],Reward_sum: 389.63818359375, Done: [False]
==========
t: 188, State: [[ 1.62662878  0.10034932  1.57757134 -1.42660716 -2.53207234 -0.82733554
  -0.14273977  0.02844315 -0.82124718  0.25240261 -0.69862797 -3.70982657
   1.66853684  4.80168742 -0.08434156 -6.40737912  0.06365822  0.06928195]], Action: [[ 1.  1. -1. -1.  1. -1.]], Reward: [1.26496],Reward_sum: 390.90313720703125, Done: [False]
==========
t: 189, State: [[ 1.6285395   0.09285915  1.55389888 -1.40720886 -2.49018343 -0.82795934
  -0.18856321  0.02855135 -0.82085133  0.22724177 -1.1749075  -2.21525166
   3.14189723  5.68945575 -0.07167605 -5.06420653 -0.0250177   0.03290215]], Action: [[ 1.         1.        -1.        -0.4743606  1.        -1.       ]], Reward: [1.233615],Reward_sum: 392.1367492675781, Done: [False]
==========
t: 190, State: [[ 1.63014592  0.08265658  1.53302287 -1.38596195 -2.43994694 -0.82580124
  -0.23429399  0.02855402 -0.82059268  0.17094363 -1.37748556 -3.00782628
   2.12728635  6.90694724  0.52280171 -6.37303572  0.02009903  0.03085778]], Action: [[ 1.          1.          0.18418993 -0.9884547   1.         -1.        ]], Reward: [1.1957921],Reward_sum: 393.33251953125, Done: [False]
==========
t: 191, State: [[ 1.63124315  0.07062102  1.507088   -1.37252646 -2.37923503 -0.82106774
  -0.28903473  0.0287486  -0.82038142  0.10000315 -1.63321526 -3.47826201
   1.18299765  8.30302811  0.62964107 -7.31683393  0.02721173  0.02192403]], Action: [[ 1.          1.         -0.01080106 -0.9105988   1.         -1.        ]], Reward: [1.1323241],Reward_sum: 394.4648742675781, Done: [False]
==========
t: 192, State: [[ 1.63210973  0.05665617  1.49250235 -1.35405597 -2.3132702  -0.80545575
  -0.33182557  0.02822256 -0.82041102  0.13954329 -1.61276417  0.84552257
   4.25930514  7.43346592  3.76591238 -1.8263785  -0.1994579  -0.036105  ]], Action: [[ 1.          0.85620594  0.32005376 -0.3647587   1.         -1.        ]], Reward: [1.1043543],Reward_sum: 395.5692138671875, Done: [False]
==========
t: 193, State: [[ 1.63308149  0.04702249  1.5055837  -1.31854838 -2.25764154 -0.77091237
  -0.33489856  0.02607166 -0.82068971  0.10391643 -0.8547203   2.13530475
   4.43597487  6.62487388  4.83271739  0.6158209  -0.30003115 -0.03009988]], Action: [[ 0.68169844  1.          0.1811272  -1.          0.5941328  -1.        ]], Reward: [1.117619],Reward_sum: 396.68682861328125, Done: [False]
==========
t: 194, State: [[ 1.63363637  0.04410674  1.51397381 -1.3000634  -2.20746623 -0.68571396
  -0.33654268  0.02408198 -0.82088249  0.03530712  0.090091   -0.14572802
   0.12614648  6.08516192 10.         -1.20616384 -0.19276778 -0.01629457]], Action: [[-0.40922895  1.          0.6360216  -1.          0.89569426 -1.        ]], Reward: [1.0649858],Reward_sum: 397.7518310546875, Done: [False]
==========
t: 195, State: [[ 1.63391012e+00  4.51281601e-02  1.51614878e+00 -1.29388908e+00
  -2.15834405e+00 -5.76408226e-01 -3.42288324e-01  2.31330666e-02
  -8.20956312e-01  3.18143285e-02  1.51464434e-01  6.02752615e-01
   1.34710653e+00  6.20760488e+00  1.00000000e+01 -3.49371841e-01
  -5.35721968e-02 -2.08356402e-03]], Action: [[ 1.          0.07902622 -0.12249388 -1.          1.         -1.        ]], Reward: [1.0301975],Reward_sum: 398.78204345703125, Done: [False]
==========
t: 196, State: [[ 1.63402360e+00  4.77496096e-02  1.51550621e+00 -1.28811656e+00
  -2.10591351e+00 -5.10188565e-01 -3.50580099e-01  2.30133046e-02
  -8.20281994e-01 -3.00281391e-03  4.91348192e-01 -7.72200584e-01
   9.48693885e-02  6.89006783e+00  5.49735665e+00 -1.74554772e+00
   1.80637784e-02  1.49015317e-01]], Action: [[ 0.35898018  0.4106372  -0.18570928 -1.          1.         -0.71165186]], Reward: [1.0113473],Reward_sum: 399.79339599609375, Done: [False]
==========
t: 197, State: [[ 1.63430647  0.05044593  1.51580676 -1.28540712 -2.05350906 -0.40450426
  -0.35794925  0.0231723  -0.8195532   0.07574276  0.18184245  0.8351717
   0.58146494  6.36092116 10.         -0.11285825  0.02129671  0.04449515]], Action: [[ 1.          0.19752541  0.9499029  -0.6195533   1.         -1.        ]], Reward: [1.0310334],Reward_sum: 400.82440185546875, Done: [False]
==========
t: 198, State: [[ 1.63459980e+00  5.35371169e-02  1.51356735e+00 -1.28948406e+00
  -1.99930881e+00 -2.58211484e-01 -3.68360638e-01  2.35523383e-02
  -8.18576278e-01 -1.86186911e-03  5.91255802e-01 -1.38521552e+00
  -1.58138929e+00  7.13214823e+00  1.00000000e+01 -2.47261901e+00
   6.64157713e-02  1.78561027e-01]], Action: [[ 0.17473015 -0.11493155 -0.15418158 -1.          1.         -0.667659  ]], Reward: [1.034153],Reward_sum: 401.85858154296875, Done: [False]
==========
t: 199, State: [[ 1.63488044  0.05783625  1.50466451 -1.29660353 -1.94227024 -0.15043764
  -0.38604861  0.02409297 -0.81776812  0.0711106   0.48538939 -0.83643151
  -0.20242306  7.07725275 10.         -1.94241221  0.06644166  0.03961604]], Action: [[ 1.         -0.07236573 -0.12293281 -0.90363854  1.         -1.        ]], Reward: [1.0312427],Reward_sum: 402.8898010253906, Done: [False]
==========
Walker2d - Steps: 200, Return: 402.8898010253906, State: [[ 1.63488044  0.05783625  1.50466451 -1.29660353 -1.94227024 -0.15043764
  -0.38604861  0.02409297 -0.81776812  0.0711106   0.48538939 -0.83643151
  -0.20242306  7.07725275 10.         -1.94241221  0.06644166  0.03961604]]
