[CudaDevice(id=0)]
Using AIRL:  True
Using GAIL:  True
Using RGCL:  False
Experiment State @  2025-05-21 23:25:55.568965-05:00
Experiment Saved @  results/experiment_123
Experiment Settings Saved @  results/experiment_123
123
Using cuda device
Wrapping the env with a `Monitor` wrapper
Wrapping the env in a DummyVecEnv.
Wrapping the env with a `Monitor` wrapper
Wrapping the env in a DummyVecEnv.
t: 0, State: [[ 0.00176936  1.24509329 -0.00601363 -0.00724325 -0.00310966  0.00888747
  -0.01776333 -0.10920647 -0.80659855 -1.02432723  0.03267846  1.44237387]], Action: [[-0.690371    0.01716253  1.        ]], Reward: [0.9917538],Reward_sum: 0.9917538166046143, Done: [False]
==========
t: 1, State: [[ 2.25366877e-03  1.24375146e+00 -6.53324783e-03 -9.88910259e-03
  -5.76373164e-04  2.58962286e-02  1.38549726e-01 -2.26210120e-01
   6.74532841e-01  3.61380789e-01  6.00485588e-01  2.80817319e+00]], Action: [[1.         0.56679714 1.        ]], Reward: [1.0582168],Reward_sum: 2.0499706268310547, Done: [False]
==========
t: 2, State: [[ 2.97125047e-03  1.24155610e+00 -4.62830638e-03 -8.86923961e-03
  -2.34605351e-04  5.42855151e-02  4.08871545e-02 -3.22457072e-01
  -1.97714198e-01 -1.05867551e-01 -5.13635763e-01  4.28710757e+00]], Action: [[-0.37392676 -0.80700743  1.        ]], Reward: [1.0879066],Reward_sum: 3.1378772258758545, Done: [False]
==========
t: 3, State: [[ 3.67155007e-03  1.23853558e+00 -1.42304975e-03 -3.93286503e-03
  -4.88346977e-03  9.41219655e-02  1.33875950e-01 -4.32923097e-01
   9.96728283e-01  1.33841124e+00 -6.47707282e-01  5.67021163e+00]], Action: [[1.         0.03783169 1.        ]], Reward: [1.085536],Reward_sum: 4.223413467407227, Done: [False]
==========
t: 4, State: [[ 4.64483236e-03  1.23464737e+00  3.37831687e-03  2.84764648e-03
  -9.96304945e-03  1.45093012e-01  1.09254661e-01 -5.38710990e-01
   2.03583196e-01  3.58149320e-01 -6.21755463e-01  7.07062466e+00]], Action: [[-0.654014    0.00549433  1.        ]], Reward: [1.1202325],Reward_sum: 5.343646049499512, Done: [False]
==========
t: 5, State: [[ 5.83530271e-03  1.23028755e+00  3.18375344e-03  1.46024341e-03
  -1.21196676e-02  2.06253001e-01  2.31143856e-01 -4.33402723e-01
  -2.23418193e-01 -7.36601042e-01 -4.84821925e-02  7.98150689e+00]], Action: [[-0.6480158  0.5908443  1.       ]], Reward: [1.1470398],Reward_sum: 6.490685939788818, Done: [False]
==========
t: 6, State: [[ 8.85667905e-03  1.22818656e+00  6.63460452e-03 -7.18940930e-04
  -1.15667981e-02  2.70028385e-01  5.26765777e-01 -9.72643381e-02
   1.19075811e+00  3.35328413e-01  1.86534132e-01  7.97518220e+00]], Action: [[1.         0.62832975 0.6866641 ]], Reward: [1.3758057],Reward_sum: 7.866491794586182, Done: [False]
==========
t: 7, State: [[ 1.31406999e-02  1.22854310e+00  1.09456238e-02 -4.11147772e-03
  -1.15668654e-02  3.33270929e-01  5.39900698e-01  1.76990090e-01
  -1.17023837e-01 -1.17786496e+00 -1.72295628e-01  7.85823865e+00]], Action: [[-1.         -0.12670422  0.38968408]], Reward: [1.5343347],Reward_sum: 9.400826454162598, Done: [False]
==========
t: 8, State: [[ 1.84795967e-02  1.23097243e+00  1.57927971e-02 -8.24744170e-03
  -1.24011515e-02  3.98015370e-01  7.93903631e-01  4.24736629e-01
   1.32867370e+00  1.42939410e-01 -3.22259553e-02  8.33756044e+00]], Action: [[1.         0.48692963 0.8823749 ]], Reward: [1.6653464],Reward_sum: 11.06617259979248, Done: [False]
==========
t: 9, State: [[ 0.0249471   1.23502748  0.02280696 -0.01331356 -0.00894329  0.45720721
   0.81892031  0.57491571  0.42622613 -1.40453909  0.90863216  6.48979694]], Action: [[-1.         0.6476425 -1.       ]], Reward: [1.8060179],Reward_sum: 12.872190475463867, Done: [False]
==========
t: 10, State: [[ 3.21334566e-02  1.24016218e+00  3.08282205e-02 -1.88893439e-02
  -3.67964752e-03  5.12822672e-01  9.77665508e-01  7.04362428e-01
   1.58101698e+00  8.70232737e-03  4.09495581e-01  7.41894531e+00]], Action: [[ 1.         -0.06244987  1.        ]], Reward: [1.8962913],Reward_sum: 14.768482208251953, Done: [False]
==========
t: 11, State: [[ 3.98303369e-02  1.24603410e+00  3.93457236e-02 -2.48129237e-02
   2.31079342e-03  5.65598987e-01  9.10337900e-01  7.53113583e-01
   4.13494698e-01 -1.45190280e+00  7.82420274e-01  5.83091776e+00]], Action: [[-1.          0.48844573 -1.        ]], Reward: [1.9598714],Reward_sum: 16.72835350036621, Done: [False]
==========
t: 12, State: [[ 4.75624559e-02  1.25220753e+00  4.69190088e-02 -3.06078051e-02
   5.86909149e-03  6.16710401e-01  1.02372519e+00  7.87970997e-01
   1.48303357e+00  3.05503304e-04  1.07847360e-01  6.94593387e+00]], Action: [[ 1.         -0.24921897  1.        ]], Reward: [1.9644527],Reward_sum: 18.692806243896484, Done: [False]
==========
t: 13, State: [[ 5.52082076e-02  1.25847756e+00  5.32514584e-02 -3.61988697e-02
   6.24795080e-03  6.66565438e-01  8.87657768e-01  7.74598490e-01
   1.07162394e-01 -1.39679622e+00  4.66099284e-05  5.52699306e+00]], Action: [[-1.          0.60098517 -1.        ]], Reward: [1.9533578],Reward_sum: 20.646163940429688, Done: [False]
==========
t: 14, State: [[ 6.28173668e-02  1.26452506e+00  5.90244942e-02 -4.16494222e-02
   5.24640124e-03  7.14925834e-01  1.01682400e+00  7.37139071e-01
   1.33989394e+00  3.04162373e-02 -2.55754412e-01  6.55575441e+00]], Action: [[1.         0.02359971 0.8833569 ]], Reward: [1.9493641],Reward_sum: 22.59552764892578, Done: [False]
==========
t: 15, State: [[ 7.05119815e-02  1.27028553e+00  6.47297465e-02 -4.71147044e-02
   3.72604676e-03  7.61683881e-01  9.05647459e-01  7.03517725e-01
   8.26856536e-02 -1.39366363e+00 -1.35254340e-01  5.13774609e+00]], Action: [[-1.         0.6651844 -1.       ]], Reward: [1.9593843],Reward_sum: 24.55491065979004, Done: [False]
==========
t: 16, State: [[ 7.81267927e-02  1.27566226e+00  7.02935679e-02 -5.24415532e-02
   2.09094405e-03  8.03285516e-01  9.69004491e-01  6.64885677e-01
   1.29707838e+00  8.32237810e-02 -1.89038484e-01  3.98179330e+00]], Action: [[1.         0.03629547 1.        ]], Reward: [1.9498501],Reward_sum: 26.5047607421875, Done: [False]
==========
t: 17, State: [[ 8.52764286e-02  1.28103575e+00  7.54371096e-02 -5.73306384e-02
   1.06397721e-03  8.23430789e-01  8.22787211e-01  6.72477047e-01
  -1.10736478e-02 -1.30712919e+00 -7.95927734e-02  1.33847001e+00]], Action: [[-0.998347   0.300584  -0.5535368]], Reward: [1.8923111],Reward_sum: 28.397071838378906, Done: [False]
==========
t: 18, State: [[ 0.09181422  1.2862951   0.0791678  -0.06158363 -0.00188281  0.82849864
   0.81918144  0.63264808  0.95694945  0.23488487 -0.68070087  0.07815033]], Action: [[ 1.         -0.42282918  1.        ]], Reward: [1.8150455],Reward_sum: 30.21211814880371, Done: [False]
==========
t: 19, State: [[ 0.09764468  1.29114815  0.08014971 -0.06510105 -0.01218423  0.82649693
   0.63922285  0.57837646 -0.71186191 -1.11312173 -1.89677368 -0.49582671]], Action: [[-1. -1.  1.]], Reward: [1.725807],Reward_sum: 31.937925338745117, Done: [False]
==========
t: 20, State: [[ 0.10309326  1.2953669   0.07490513 -0.07645627 -0.0216707   0.82152185
   0.72325115  0.47608001 -0.60024572 -1.72504446 -0.47822291 -0.70387595]], Action: [[-0.34549206  1.          1.        ]], Reward: [1.6789529],Reward_sum: 33.616878509521484, Done: [False]
==========
t: 21, State: [[ 0.10957894  1.29877543  0.07689137 -0.0848022  -0.02050095  0.8157359
   0.89818218  0.375737    1.09453855 -0.36312588  0.76849351 -0.72117567]], Action: [[1. 1. 1.]], Reward: [1.80771],Reward_sum: 35.42458724975586, Done: [False]
==========
t: 22, State: [[ 0.11606083  1.30150646  0.07890046 -0.09309759 -0.01936531  0.81023348
   0.72251017  0.30683584 -0.59069624 -1.70920803 -0.48360581 -0.64619323]], Action: [[-1. -1.  1.]], Reward: [1.8072362],Reward_sum: 37.2318229675293, Done: [False]
==========
t: 23, State: [[ 0.12254541  1.30355214  0.08095242 -0.10132072 -0.01826088  0.80545145
   0.89849055  0.2045752   1.10187979 -0.34816137  0.75830862 -0.54669157]], Action: [[1. 1. 1.]], Reward: [1.8075733],Reward_sum: 39.039398193359375, Done: [False]
==========
t: 24, State: [[ 0.12903016  1.30491033  0.08301508 -0.10949707 -0.01721316  0.8015175
   0.72283586  0.13494105 -0.58439898 -1.69436143 -0.4950278  -0.43819302]], Action: [[-1. -1.  1.]], Reward: [1.8075938],Reward_sum: 40.84699249267578, Done: [False]
==========
t: 25, State: [[ 0.13551757  1.30558123  0.08512009 -0.11760233 -0.01619981  0.79838716
   0.89883283  0.03286312  1.10892653 -0.33351429  0.74715382 -0.34623265]], Action: [[1. 1. 1.]], Reward: [1.8079253],Reward_sum: 42.6549186706543, Done: [False]
==========
t: 26, State: [[ 0.1420032   1.30556668  0.08724032 -0.12566071 -0.01523736  0.79596279
   0.72269929 -0.03650522 -0.5770012  -1.67950881 -0.50513565 -0.26290735]], Action: [[-1. -1.  1.]], Reward: [1.8077035],Reward_sum: 44.462623596191406, Done: [False]
==========
t: 27, State: [[ 0.14848891  1.30486854  0.08940923 -0.13364747 -0.01429982  0.79411419
   0.89854706 -0.13794068  1.11748388 -0.3187372   0.73832938 -0.20129466]], Action: [[1. 1. 1.]], Reward: [1.8077141],Reward_sum: 46.27033615112305, Done: [False]
==========
t: 28, State: [[ 0.15497015  1.30348905  0.0915996  -0.14158667 -0.01340324  0.79272992
   0.7218906  -0.20693934 -0.56802602 -1.66449445 -0.51280385 -0.14736074]], Action: [[-1. -1.  1.]], Reward: [1.8071549],Reward_sum: 48.077491760253906, Done: [False]
==========
t: 29, State: [[ 0.16144776  1.30142972  0.09382254 -0.14948068 -0.01252018  0.79169987
   0.89733843 -0.30781692  1.12199209 -0.3105595   0.73235405 -0.11149466]], Action: [[0.9954003 1.        1.       ]], Reward: [1.8067106],Reward_sum: 49.88420104980469, Done: [False]
==========
t: 30, State: [[ 0.16799099  1.29870208  0.09731339 -0.15578645 -0.01179092  0.79094537
   0.73862742 -0.37389755 -0.24779925 -1.26481701 -0.54861201 -0.07896039]], Action: [[-0.7325574 -1.         1.       ]], Reward: [1.8153667],Reward_sum: 51.69956970214844, Done: [False]
==========
t: 31, State: [[ 0.1744152   1.29528269  0.09889312 -0.16446218 -0.01087835  0.79039268
   0.86724553 -0.48106639  0.64192344 -0.90441945  0.77532933 -0.05990565]], Action: [[0.31825823 1.         1.        ]], Reward: [1.8009254],Reward_sum: 53.500492095947266, Done: [False]
==========
t: 32, State: [[ 0.18089343  1.29119629  0.10156604 -0.17176994 -0.01009819  0.78999453
   0.75248008 -0.54024918  0.02684428 -0.92263322 -0.57871503 -0.04085041]], Action: [[-0.09577285 -1.          1.        ]], Reward: [1.8077698],Reward_sum: 55.30826187133789, Done: [False]
==========
t: 33, State: [[ 0.18714377  1.28639906  0.10053425 -0.18367362 -0.00895636  0.78970578
   0.80985407 -0.65969291 -0.28412476 -2.05168671  0.86244535 -0.03160471]], Action: [[-0.69850844  1.          1.        ]], Reward: [1.7788049],Reward_sum: 57.087066650390625, Done: [False]
==========
t: 34, State: [[ 0.1936098   1.2809021   0.10166337 -0.19385739 -0.00620968  0.78949758
   0.80685759 -0.71380638  0.5651975  -0.4963367  -0.17441174 -0.02114303]], Action: [[ 1.        -0.6735482  1.       ]], Reward: [1.8057995],Reward_sum: 58.89286804199219, Done: [False]
==========
t: 35, State: [[ 0.19935245  1.27491243  0.09944894 -0.20320944 -0.01258536  0.78936316
   0.62871099 -0.78471847 -1.1169654  -1.84002371 -1.41824162 -0.01310411]], Action: [[-1. -1.  1.]], Reward: [1.7148314],Reward_sum: 60.60770034790039, Done: [False]
==========
t: 36, State: [[ 0.20476369  1.26817098  0.09188428 -0.21922102 -0.01838771  0.78926133
   0.72406982 -0.90021868 -0.77434716 -2.16235222 -0.03389354 -0.01213241]], Action: [[-0.15152787  1.          1.        ]], Reward: [1.6743822],Reward_sum: 62.282081604003906, Done: [False]
==========
t: 37, State: [[ 0.21114993  1.26062043  0.09194698 -0.23093456 -0.01515619  0.78917249
   0.87242461 -0.98713279  0.7883199  -0.76770922  0.8409432  -0.01005123]], Action: [[1.         0.72879934 1.        ]], Reward: [1.7957491],Reward_sum: 64.07782745361328, Done: [False]
==========
t: 38, State: [[ 0.21740742  1.25242043  0.09151311 -0.24244295 -0.01343796  0.7891175
   0.69201325 -1.06318673 -0.89498304 -2.10779506 -0.41010764 -0.00429189]], Action: [[-1. -1.  1.]], Reward: [1.7791861],Reward_sum: 65.85700988769531, Done: [False]
==========
t: 39, State: [[ 0.22365615  1.24354311  0.09116578 -0.25384825 -0.0117284   0.78907718
   0.87008665 -1.15581732  0.80635    -0.74513872  0.83624179 -0.00548479]], Action: [[1. 1. 1.]], Reward: [1.7780913],Reward_sum: 67.6351089477539, Done: [False]
==========
t: 40, State: [[ 2.29891731e-01  1.23398916e+00  9.08739708e-02 -2.65174582e-01
  -1.00485106e-02  7.89052478e-01  6.88870747e-01 -1.23296983e+00
  -8.77504764e-01 -2.08484785e+00 -4.14997276e-01 -1.18980601e-03]], Action: [[-1. -1.  1.]], Reward: [1.7764474],Reward_sum: 69.41156005859375, Done: [False]
==========
t: 41, State: [[ 0.2361178   1.22375872  0.09066874 -0.27639866 -0.00837643  0.78903285
   0.86756693 -1.32433757  0.82439713 -0.72278472  0.83176003 -0.00335381]], Action: [[1. 1. 1.]], Reward: [1.7752582],Reward_sum: 71.18682098388672, Done: [False]
==========
t: 42, State: [[ 2.42329869e-01  1.21285246e+00  9.05188837e-02 -2.87544523e-01
  -6.73333814e-03  7.89022252e-01  6.85510581e-01 -1.40250705e+00
  -8.60065976e-01 -2.06208222e+00 -4.19717521e-01  2.49530373e-04]], Action: [[-1. -1.  1.]], Reward: [1.7735089],Reward_sum: 72.9603271484375, Done: [False]
==========
t: 43, State: [[ 0.24853171  1.20127043  0.09045553 -0.29858899 -0.0050974   0.78901226
   0.86487509 -1.49272046  0.8424272  -0.70065273  0.82744261 -0.00235778]], Action: [[1. 1. 1.]], Reward: [1.7722306],Reward_sum: 74.73255920410156, Done: [False]
==========
t: 44, State: [[ 2.54718754e-01  1.18901331e+00  9.04473009e-02 -3.09556031e-01
  -3.48993003e-03  7.89008214e-01  6.81942272e-01 -1.57181607e+00
  -8.42690094e-01 -2.03950435e+00 -4.24305557e-01  9.14388546e-04]], Action: [[-1. -1.  1.]], Reward: [1.77038],Reward_sum: 76.50293731689453, Done: [False]
==========
t: 45, State: [[ 0.26096246  1.17618705  0.0905034  -0.32046339 -0.00198259  0.78899565
   0.92141981 -1.56879457  0.84225053 -0.71476155  0.74049038 -0.0078684 ]], Action: [[1. 1. 1.]], Reward: [1.777463],Reward_sum: 78.28040313720703, Done: [False]
==========
t: 46, State: [[ 2.68020352e-01  1.16445652e+00  8.96702761e-02 -3.31714831e-01
  -1.27291310e-03  7.88934133e-01  8.40142923e-01 -1.37242221e+00
  -1.04422219e+00 -2.09516767e+00 -5.59643890e-01 -7.12984779e-03]], Action: [[-1. -1.  1.]], Reward: [1.8792368],Reward_sum: 80.15963745117188, Done: [False]
==========
t: 47, State: [[ 0.27618921  1.15411717  0.08750478 -0.34425057 -0.00185302  0.78882264
   1.20335774 -1.21669228  0.50898325 -1.04188083  0.40752646 -0.01901357]], Action: [[0.87407464 1.         1.        ]], Reward: [2.0183437],Reward_sum: 82.177978515625, Done: [False]
==========
t: 48, State: [[ 0.2858699   1.1449706   0.0886981  -0.35354634 -0.00313284  0.78870382
   1.21234162 -1.07677834 -0.20955589 -1.27896707 -0.71931258 -0.0108522 ]], Action: [[-0.18983595 -0.7651545   1.        ]], Reward: [2.2084637],Reward_sum: 84.38644409179688, Done: [False]
==========
t: 49, State: [[ 0.29658508  1.13660476  0.08894973 -0.36484663 -0.00437913  0.78855392
   1.4655341  -1.01946466  0.27653716 -1.545664    0.40534191 -0.02428918]], Action: [[-0.04266332  1.          0.7904179 ]], Reward: [2.337772],Reward_sum: 86.72421264648438, Done: [False]
==========
t: 50, State: [[ 0.30866126  1.12894006  0.09404962 -0.37118231 -0.00636258  0.78842734
   1.54968354 -0.9017019   0.99713389 -0.03759067 -0.89305685 -0.00855038]], Action: [[ 1.        -0.7917142  1.       ]], Reward: [2.5068953],Reward_sum: 89.23110961914062, Done: [False]
==========
t: 51, State: [[ 0.32057324  1.12180802  0.09533197 -0.37702155 -0.01728029  0.78821083
   1.42414187 -0.8882588  -0.67295138 -1.4180576  -1.83063434 -0.04024895]], Action: [[-1.         -0.77450633  0.08380733]], Reward: [2.4873905],Reward_sum: 91.71849822998047, Done: [False]
==========
t: 52, State: [[ 0.33274653  1.11459993  0.09248051 -0.38859674 -0.02700027  0.78676431
   1.61899499 -0.91652381 -0.03633138 -1.47598687 -0.60272824 -0.32120293]], Action: [[ 0.07084442  1.         -0.01857653]], Reward: [2.5206566],Reward_sum: 94.23915100097656, Done: [False]
==========
t: 53, State: [[ 0.34654897  1.10708523  0.09489869 -0.40062062 -0.02719988  0.78512208
   1.83310668 -0.96439627  0.64398895 -1.5313548   0.54552674 -0.05438496]], Action: [[0.08368812 1.         0.5043174 ]], Reward: [2.724043],Reward_sum: 96.96319580078125, Done: [False]
==========
t: 54, State: [[ 0.36118117  1.09942339  0.10057572 -0.40949458 -0.02821096  0.78639056
   1.81548157 -0.95084353  0.76989122 -0.68092003 -0.76944013  0.15844208]], Action: [[ 0.5192779 -0.8875531  0.7084225]], Reward: [2.8274655],Reward_sum: 99.79066467285156, Done: [False]
==========
t: 55, State: [[ 0.37528418  1.0915216   0.10128119 -0.42061905 -0.0354478   0.7871686
   1.70763857 -1.02860077 -0.59097285 -2.09686497 -1.03691718  0.04833004]], Action: [[-1.         -0.2922633  -0.04959922]], Reward: [2.7617884],Reward_sum: 102.55245971679688, Done: [False]
==========
t: 56, State: [[ 0.38966921  1.0830341   0.10094378 -0.43529836 -0.03869655  0.78486002
   1.88930088 -1.09427023  0.50867473 -1.57437108  0.22068967 -0.62687202]], Action: [[ 0.44719666  1.         -0.35972318]], Reward: [2.7968001],Reward_sum: 105.34925842285156, Done: [False]
==========
t: 57, State: [[ 0.40457887  1.07408068  0.10383932 -0.44807636 -0.03890517  0.77744371
   1.83813293 -1.14470652  0.21653027 -1.62021254 -0.27281525 -1.22682389]], Action: [[-0.07391541 -0.3918498  -0.43833706]], Reward: [2.8633556],Reward_sum: 108.21261596679688, Done: [False]
==========
t: 58, State: [[ 0.41898861  1.06461641  0.10222941 -0.46489792 -0.04103792  0.76277261
   1.76379231 -1.22313096 -0.61634709 -2.58383672 -0.26107652 -2.43987935]], Action: [[-0.68270427 -0.08870628 -0.8584892 ]], Reward: [2.8000066],Reward_sum: 111.01261901855469, Done: [False]
==========
t: 59, State: [[ 0.43363843  1.05436848  0.10104886 -0.48391405 -0.03821493  0.74416168
   1.90320655 -1.339396    0.33008736 -2.1747069   0.9537115  -2.2258943 ]], Action: [[0.350074   0.9536909  0.20444033]], Reward: [2.8301537],Reward_sum: 113.8427734375, Done: [False]
==========
t: 60, State: [[ 0.44878719  1.04369801  0.10653431 -0.49497307 -0.0361092   0.72184816
   1.88443992 -1.32782868  1.03997553 -0.59231296 -0.42565165 -3.35117256]], Action: [[ 1.         -0.9590148  -0.83292365]], Reward: [2.890982],Reward_sum: 116.73375701904297, Done: [False]
==========
t: 61, State: [[ 0.46330196  1.03274092  0.1093755  -0.50529135 -0.04101492  0.68949878
   1.7440483  -1.41129992 -0.32926997 -1.9852742  -0.80000251 -4.73475557]], Action: [[-1.         -0.40453693 -1.        ]], Reward: [2.812183],Reward_sum: 119.54593658447266, Done: [False]
==========
t: 62, State: [[ 0.47745756  1.02119524  0.10834249 -0.52053837 -0.04484779  0.64591978
   1.79968716 -1.45139536  0.08055823 -1.82900138 -0.13263652 -6.06894843]], Action: [[ 0.12931557  0.43373355 -1.        ]], Reward: [2.768244],Reward_sum: 122.31417846679688, Done: [False]
==========
t: 63, State: [[ 0.49278879  1.0115786   0.11557355 -0.52967786 -0.04204443  0.59982947
   2.0325262  -0.96713652  1.72845751 -0.45800538  0.81607103 -5.49764606]], Action: [[ 1.         0.3250015 -1.       ]], Reward: [2.9142985],Reward_sum: 125.22846984863281, Done: [False]
==========
t: 64, State: [[ 0.50947166  1.00497061  0.12791578 -0.53978841 -0.02753017  0.55681355
   2.13513729 -0.70007597  1.35674003 -2.06606008  2.79635355 -5.3038552 ]], Action: [[-1.  1. -1.]], Reward: [3.0823588],Reward_sum: 128.31082153320312, Done: [False]
==========
t: 65, State: [[ 0.5267835   1.00108548  0.14130942 -0.55139899 -0.00885551  0.51556506
   2.19276844 -0.27730069  1.98467286 -0.83746923  1.86752057 -5.03760827]], Action: [[ 0.7832485 -1.        -1.       ]], Reward: [3.1613674],Reward_sum: 131.47218322753906, Done: [False]
==========
t: 66, State: [[ 0.54416515  0.9998932   0.15279977 -0.56389287  0.0072696   0.47521587
   2.10732389  0.00966985  0.63452836 -2.22994464  1.58058983 -5.00917791]], Action: [[-1.          0.18250427 -1.        ]], Reward: [3.170673],Reward_sum: 134.64285278320312, Done: [False]
==========
t: 67, State: [[ 0.5612696   1.00150294  0.16083469 -0.57545202  0.01521345  0.435088
   2.17749815  0.38120463  1.41661708 -0.67203645  0.51951599 -5.05833983]], Action: [[ 1.         -0.66603005 -1.        ]], Reward: [3.1356127],Reward_sum: 137.77847290039062, Done: [False]
==========
t: 68, State: [[ 0.57825709  1.00557063  0.16612611 -0.58630208  0.01735577  0.39384637
   2.07219093  0.62814614 -0.07625075 -2.04261442  0.06854959 -5.27914277]], Action: [[-1.  1. -1.]], Reward: [3.120435],Reward_sum: 140.89891052246094, Done: [False]
==========
t: 69, State: [[ 0.59484109  1.01154776  0.16419096 -0.60312891  0.0169265   0.35017701
   2.07514337  0.86011991 -0.39966599 -2.16623458 -0.14619979 -5.65988666]], Action: [[-0.12385937  1.         -1.        ]], Reward: [3.0709858],Reward_sum: 143.9698944091797, Done: [False]
==========
t: 70, State: [[ 0.61161503  1.01929124  0.16139496 -0.61916429  0.01536188  0.30296278
   2.11880206  1.07158723 -0.29744257 -1.84409981 -0.22897921 -6.16017918]], Action: [[ 0.19395067  1.         -1.        ]], Reward: [3.094704],Reward_sum: 147.06460571289062, Done: [False]
==========
t: 71, State: [[ 0.62865361  1.02861258  0.15845197 -0.63376699  0.0134506   0.25140148
   2.140523    1.25588211 -0.4400014  -1.80670403 -0.24102852 -6.74214726]], Action: [[-0.00128423  1.         -1.        ]], Reward: [3.1278229],Reward_sum: 150.19244384765625, Done: [False]
==========
t: 72, State: [[ 0.64595964  1.03937732  0.1554326  -0.64679259  0.01158624  0.19490739
   2.18544715  1.43337237 -0.31825623 -1.44986298 -0.22154715 -7.39015476]], Action: [[ 0.22216137  1.         -1.        ]], Reward: [3.1612046],Reward_sum: 153.35365295410156, Done: [False]
==========
t: 73, State: [[ 0.66372627  1.05155432  0.15452813 -0.6555659   0.0099352   0.13301969
   2.25555612  1.60949621  0.08801593 -0.7438305  -0.18997958 -8.08821504]], Action: [[ 0.4671319  1.        -1.       ]], Reward: [3.2186105],Reward_sum: 156.572265625, Done: [False]
==========
t: 74, State: [[ 6.81867733e-01  1.06506066e+00  1.55010704e-01 -6.60694944e-01
   8.56154969e-03  6.54362399e-02  2.27871563e+00  1.76593137e+00
   2.81201407e-02 -5.37718330e-01 -1.53706230e-01 -8.81257023e+00]], Action: [[ 0.11691094  1.         -1.        ]], Reward: [3.265669],Reward_sum: 159.8379364013672, Done: [False]
==========
t: 75, State: [[ 7.00162423e-01  1.07978893e+00  1.54859826e-01 -6.64214451e-01
   7.46704791e-03 -8.05438818e-03  2.29396432e+00  1.91482416e+00
  -6.88971899e-02 -3.41641686e-01 -1.20707606e-01 -9.56457227e+00]], Action: [[ 0.1069699  1.        -1.       ]], Reward: [3.2848248],Reward_sum: 163.1227569580078, Done: [False]
==========
t: 76, State: [[ 7.18568284e-01  1.09567832e+00  1.53991852e-01 -6.66021068e-01
   6.61561048e-03 -8.76706896e-02  2.30648195e+00  2.05600669e+00
  -1.50280165e-01 -1.09627011e-01 -9.30501723e-02 -1.00000000e+01]], Action: [[ 0.13053937  1.         -1.        ]], Reward: [3.2987156],Reward_sum: 166.42147827148438, Done: [False]
==========
t: 77, State: [[ 7.36942566e-01  1.11262698e+00  1.51335785e-01 -6.67196993e-01
   5.96838439e-03 -1.73613035e-01  2.28555235e+00  2.17926405e+00
  -5.16236223e-01 -1.83244847e-01 -6.97431086e-02 -1.00000000e+01]], Action: [[-0.08614009  1.         -1.        ]], Reward: [3.2947779],Reward_sum: 169.7162628173828, Done: [False]
==========
t: 78, State: [[ 7.55514156e-01  1.13063434e+00  1.49890068e-01 -6.64144161e-01
   5.46841688e-03 -2.66199033e-01  2.35565614e+00  2.31999716e+00
   1.52772474e-01  9.45988863e-01 -5.55504319e-02 -1.00000000e+01]], Action: [[ 0.75336355  1.         -1.        ]], Reward: [3.318881],Reward_sum: 173.03514099121094, Done: [False]
==========
t: 79, State: [[ 7.73757161e-01  1.14944796e+00  1.44980817e-01 -6.62068843e-01
   5.10949334e-03 -3.65611836e-01  2.20364632e+00  2.38141111e+00
  -1.38025472e+00 -4.24555352e-01 -3.56638046e-02 -1.00000000e+01]], Action: [[-1.  1. -1.]], Reward: [3.2773757],Reward_sum: 176.31248474121094, Done: [False]
==========
t: 80, State: [[ 7.91659430e-01  1.16896601e+00  1.37389348e-01 -6.59937625e-01
   4.83930828e-03 -4.72147147e-01  2.27091384e+00  2.49531917e+00
  -5.16043621e-01  9.55670231e-01 -3.16665606e-02 -1.00000000e+01]], Action: [[ 0.91953146  1.         -1.        ]], Reward: [3.2349381],Reward_sum: 179.54742431640625, Done: [False]
==========
t: 81, State: [[ 8.09174422e-01  1.18901184e+00  1.27236302e-01 -6.57777851e-01
   4.62224897e-03 -5.86207706e-01  2.10925062e+00  2.48662893e+00
  -1.98359680e+00 -4.20498143e-01 -2.50469285e-02 -1.00000000e+01]], Action: [[-1.          0.91287124 -1.        ]], Reward: [3.1865408],Reward_sum: 182.7339630126953, Done: [False]
==========
t: 82, State: [[ 8.26348870e-01  1.20881391e+00  1.15918514e-01 -6.55257776e-01
   4.40618207e-03 -7.10226553e-01  2.18299587e+00  2.46283132e+00
  -8.46778369e-01  1.04943414e+00 -2.78574487e-02 -1.00000000e+01]], Action: [[ 1.  1. -1.]], Reward: [3.143806],Reward_sum: 185.8777618408203, Done: [False]
==========
t: 83, State: [[ 8.43344690e-01  1.22778697e+00  1.04942045e-01 -6.51933774e-01
   4.17332364e-03 -8.33688930e-01  2.10760347e+00  2.20483315e+00
  -1.72754011e+00 -2.64660674e-01 -3.71518298e-02 -1.00000000e+01]], Action: [[-0.8827471  0.8887881 -1.       ]], Reward: [3.1219084],Reward_sum: 188.99966430664062, Done: [False]
==========
t: 84, State: [[ 8.61070307e-01  1.24445133e+00  9.78530779e-02 -6.48802556e-01
   3.83553456e-03 -8.92772096e-01  2.31661744e+00  1.98346538e+00
  -8.46202631e-02  1.05545274e+00 -4.32456721e-02 -4.03670839e+00]], Action: [[ 1.  1. -1.]], Reward: [3.212702],Reward_sum: 192.21237182617188, Done: [False]
==========
t: 85, State: [[ 0.87937103  1.25941038  0.09315473 -0.64637099  0.0035581  -0.9080195
   2.25290155  1.76735661 -1.11344626 -0.43895355 -0.02621193 -0.23006433]], Action: [[-1.  1. -1.]], Reward: [3.28459],Reward_sum: 195.49696350097656, Done: [False]
==========
t: 86, State: [[ 0.89795897  1.27320849  0.08949375 -0.6445184   0.00336941 -0.90145876
   2.39055411  1.68759215  0.18419631  0.90421353 -0.02045257  1.63822879]], Action: [[0.95966285 1.         1.        ]], Reward: [3.320572],Reward_sum: 198.81753540039062, Done: [False]
==========
t: 87, State: [[ 0.91741244  1.28636158  0.09407873 -0.63407589  0.00308604 -0.8826479
   2.47273445  1.60009091  0.96255468  1.70532535 -0.04604154  3.06237111]], Action: [[0.5787792 0.2748671 1.       ]], Reward: [3.430273],Reward_sum: 202.24781799316406, Done: [False]
==========
t: 88, State: [[ 9.37322319e-01  1.29875043e+00  1.02970559e-01 -6.19232158e-01
   2.27200109e-03 -8.52436763e-01  2.50436512e+00  1.49672960e+00
   1.25965555e+00  2.00547900e+00 -1.57021864e-01  4.48846834e+00]], Action: [[ 0.22527294 -0.00504699  1.        ]], Reward: [3.4876845],Reward_sum: 205.73550415039062, Done: [False]
==========
t: 89, State: [[ 9.57235321e-01  1.31031903e+00  1.12409402e-01 -6.03159360e-01
  -1.04003773e-03 -8.10745059e-01  2.47362499e+00  1.39521985e+00
   1.09984664e+00  2.01286859e+00 -6.70049944e-01  5.93240045e+00]], Action: [[-0.00511843 -0.3293254   1.        ]], Reward: [3.4880166],Reward_sum: 209.22352600097656, Done: [False]
==========
t: 90, State: [[ 0.97684767  1.32101545  0.11973654 -0.58831038 -0.0078515  -0.7575677
   2.42919147  1.27874814  0.73184013  1.69994811 -1.03197394  7.35981092]], Action: [[-0.22042076 -0.24052772  1.        ]], Reward: [3.4504375],Reward_sum: 212.67396545410156, Done: [False]
==========
t: 91, State: [[ 0.99629076  1.33063326  0.1245111  -0.57739182 -0.01418552 -0.6932052
   2.43122992  1.12572174  0.46105402  1.03084822 -0.55146678  8.72873953]], Action: [[-0.41798896  0.3672696   1.        ]], Reward: [3.4290764],Reward_sum: 216.10304260253906, Done: [False]
==========
t: 92, State: [[ 1.01556958  1.33901978  0.1254465  -0.57344713 -0.01700386 -0.61900269
   2.38816407  0.97087903 -0.22747    -0.04301196 -0.15306946  9.82009395]], Action: [[-0.71369416  0.26721647  0.80888414]], Reward: [3.408617],Reward_sum: 219.51165771484375, Done: [False]
==========
t: 93, State: [[ 1.0348842   1.34646129  0.12621102 -0.57082572 -0.01823381 -0.53803641
   2.44009904  0.88936727  0.41692631  0.69776866 -0.15382935 10.        ]], Action: [[0.5162958  0.06218669 0.4766358 ]], Reward: [3.4138308],Reward_sum: 222.9254913330078, Done: [False]
==========
t: 94, State: [[ 1.05411786  1.35296114  0.12546274 -0.57118635 -0.0172186  -0.4530941
   2.36822953  0.73568493 -0.60364825 -0.78589385  0.4071718  10.        ]], Action: [[-1.          0.33331248  0.33953005]], Reward: [3.402981],Reward_sum: 226.32847595214844, Done: [False]
==========
t: 95, State: [[ 1.0735926   1.35860663  0.12617676 -0.57182521 -0.01221747 -0.36679452
   2.50005133  0.67561051  0.77981239  0.6247489   0.84325917 10.        ]], Action: [[1.         0.40642694 0.05125553]], Reward: [3.4331744],Reward_sum: 229.76162719726562, Done: [False]
==========
t: 96, State: [[ 1.09357552e+00  1.36360974e+00  1.31266884e-01 -5.69495561e-01
  -2.30503218e-03 -2.84845158e-01  2.49586109e+00  5.75299070e-01
   4.93756989e-01 -4.16527704e-02  1.63356741e+00  9.72809816e+00]], Action: [[-0.4280433  0.5051261 -0.6338636]], Reward: [3.4970248],Reward_sum: 233.25865173339844, Done: [False]
==========
t: 97, State: [[ 1.11326081e+00  1.36785525e+00  1.33442405e-01 -5.70560132e-01
   8.44223980e-03 -2.03964801e-01  2.41054182e+00  4.93730897e-01
  -2.83506499e-02 -2.07282007e-01  8.60560223e-01  1.00000000e+01]], Action: [[-0.16534124  0.31265607  0.5613843 ]], Reward: [3.4602203],Reward_sum: 236.7188720703125, Done: [False]
==========
t: 98, State: [[ 1.13265889  1.37158601  0.13609076 -0.56732377  0.01256796 -0.11567976
   2.44390947  0.43658211  0.71485597  1.00925367  0.23966561 10.        ]], Action: [[0.80836505 0.25004295 0.7835683 ]], Reward: [3.4234304],Reward_sum: 240.14230346679688, Done: [False]
==========
t: 99, State: [[ 1.15161702  1.37473778  0.13605386 -0.56484056  0.01311325 -0.0254819
   2.29937184  0.35027161 -0.70581474 -0.39067926 -0.06478102 10.        ]], Action: [[-1.          0.04117694 -0.363414  ]], Reward: [3.3686326],Reward_sum: 243.5109405517578, Done: [False]
==========
t: 100, State: [[ 1.17036851  1.37734313  0.13502522 -0.56213624  0.01207254  0.06432686
   2.38957271  0.30066162  0.45312994  1.06368655 -0.17702079 10.        ]], Action: [[1.         0.6410079  0.40116686]], Reward: [3.3423643],Reward_sum: 246.85330200195312, Done: [False]
==========
t: 101, State: [[ 1.18899619  1.3793932   0.13337166 -0.55932903  0.01046238  0.15303761
   2.2688191   0.21154824 -0.85935094 -0.36157547 -0.21517291 10.        ]], Action: [[-1.          0.26972404 -0.47674572]], Reward: [3.3271604],Reward_sum: 250.1804656982422, Done: [False]
==========
t: 102, State: [[ 1.20754762e+00  1.38088001e+00  1.31316899e-01 -5.56440122e-01
   8.77441019e-03  2.40697625e-01  2.36905949e+00  1.60423784e-01
   3.44399844e-01  1.08196546e+00 -2.02836248e-01  1.00000000e+01]], Action: [[1.        0.6199539 0.4084854]], Reward: [3.3173769],Reward_sum: 253.4978485107422, Done: [False]
==========
t: 103, State: [[ 1.22605059e+00  1.38182082e+00  1.28950658e-01 -5.53525156e-01
   7.30515928e-03  3.26582944e-01  2.25729786e+00  7.46402120e-02
  -9.32646402e-01 -3.51994663e-01 -1.64725036e-01  1.00000000e+01]], Action: [[-1.          0.6345223  -0.60043085]], Reward: [3.3111084],Reward_sum: 256.8089599609375, Done: [False]
==========
t: 104, State: [[ 1.24451616e+00  1.38222194e+00  1.26315468e-01 -5.50564540e-01
   6.06417339e-03  4.10784126e-01  2.35897818e+00  2.60676526e-02
   2.71701130e-01  1.09048433e+00 -1.44118005e-01  1.00000000e+01]], Action: [[1.         0.53364456 0.4179889 ]], Reward: [3.3067365],Reward_sum: 260.1156921386719, Done: [False]
==========
t: 105, State: [[ 1.26295476e+00  1.38209738e+00  1.23423380e-01 -5.47596151e-01
   5.10495454e-03  4.92878970e-01  2.25099371e+00 -5.74619404e-02
  -9.92285644e-01 -3.46889852e-01 -9.86075140e-02  9.74505723e+00]], Action: [[-1.          0.7717544  -0.67408055]], Reward: [3.3027754],Reward_sum: 263.41845703125, Done: [False]
==========
t: 106, State: [[ 1.28136944e+00  1.38144118e+00  1.20282188e-01 -5.44593280e-01
   4.32167557e-03  5.73462863e-01  2.35266107e+00 -1.06081346e-01
   2.05092283e-01  1.09585574e+00 -9.50586058e-02  1.00000000e+01]], Action: [[1.        0.3825021 0.5146806]], Reward: [3.300424],Reward_sum: 266.7188720703125, Done: [False]
==========
t: 107, State: [[ 1.29976726e+00  1.38026872e+00  1.16900301e-01 -5.41591004e-01
   3.74740608e-03  6.51955742e-01  2.24694032e+00 -1.87486834e-01
  -1.04833334e+00 -3.43661490e-01 -5.23350065e-02  9.22474612e+00]], Action: [[-1.          0.84194934 -0.77481675]], Reward: [3.2974184],Reward_sum: 270.01629638671875, Done: [False]
==========
t: 108, State: [[ 1.31814969e+00  1.37856413e+00  1.13277391e-01 -5.38561727e-01
   3.25581092e-03  7.29321807e-01  2.34882226e+00 -2.38029878e-01
   1.41131243e-01  1.09908227e+00 -6.69606957e-02  1.00000000e+01]], Action: [[1.        0.1966823 0.6758588]], Reward: [3.2963085],Reward_sum: 273.3125915527344, Done: [False]
==========
t: 109, State: [[ 1.33651760e+00  1.37638337e+00  1.09442350e-01 -5.35534206e-01
   2.91195816e-03  8.02966777e-01  2.23928840e+00 -2.83842297e-01
  -1.09332307e+00 -3.36033310e-01 -2.17138036e-02  7.18590612e+00]], Action: [[-1.          0.8928305  -0.89881194]], Reward: [3.293384],Reward_sum: 276.6059875488281, Done: [False]
==========
t: 110, State: [[ 1.35475222e+00  1.37439893e+00  1.05587294e-01 -5.32352365e-01
   2.63920543e-03  8.40639874e-01  2.32084808e+00 -2.23871455e-01
   1.30841460e-01  1.12739484e+00 -4.35900614e-02  2.70255898e+00]], Action: [[1.         0.05274758 1.        ]], Reward: [3.277324],Reward_sum: 279.88330078125, Done: [False]
==========
t: 111, State: [[ 1.37342195e+00  1.37256492e+00  1.08498129e-01 -5.21157510e-01
   2.32136597e-03  8.51734607e-01  2.34736414e+00 -2.41001054e-01
   5.95631286e-01  1.66963891e+00 -3.63062249e-02  3.46935757e-01]], Action: [[0.3751038  0.3348032  0.00997145]], Reward: [3.333464],Reward_sum: 283.216796875, Done: [False]
==========
t: 112, State: [[ 1.39182693e+00  1.37027358e+00  1.08994349e-01 -5.12866977e-01
   2.08193553e-03  8.49634775e-01  2.25469750e+00 -3.34605454e-01
  -4.71394515e-01  4.03850434e-01 -2.45977137e-02 -7.23007522e-01]], Action: [[-0.8735595   0.36626366  0.5457128 ]], Reward: [3.2994268],Reward_sum: 286.5162353515625, Done: [False]
==========
t: 113, State: [[ 1.41020287e+00  1.36744011e+00  1.09540853e-01 -5.04605696e-01
   1.98800255e-03  8.42025630e-01  2.33906019e+00 -3.75645000e-01
   6.05379812e-01  1.65999687e+00 -1.74493436e-03 -1.10362472e+00]], Action: [[0.8734213 0.8602698 1.       ]], Reward: [3.2944899],Reward_sum: 289.81072998046875, Done: [False]
==========
t: 114, State: [[ 1.42850124e+00  1.36396836e+00  1.09410027e-01 -4.97129551e-01
   1.85156662e-03  8.32776040e-01  2.23623587e+00 -4.92823883e-01
  -6.35964679e-01  2.10272212e-01 -2.98616258e-02 -1.16945780e+00]], Action: [[-1.         -0.10095742  0.6849094 ]], Reward: [3.2858176],Reward_sum: 293.0965576171875, Done: [False]
==========
t: 115, State: [[ 1.44678839e+00  1.35983603e+00  1.09273291e-01 -4.89691926e-01
   1.76719187e-03  8.23809952e-01  2.33496037e+00 -5.40825754e-01
   5.98743982e-01  1.64781261e+00  4.46689671e-03 -1.05729337e+00]], Action: [[1. 1. 1.]], Reward: [3.2828937],Reward_sum: 296.37945556640625, Done: [False]
==========
t: 116, State: [[ 1.46506250e+00  1.35502666e+00  1.09080572e-01 -4.82319713e-01
   1.66916977e-03  8.15920624e-01  2.23402395e+00 -6.61320751e-01
  -6.45151543e-01  1.96736947e-01 -2.78447573e-02 -9.08668411e-01]], Action: [[-1.         -0.10168603  0.6439129 ]], Reward: [3.2828388],Reward_sum: 299.66229248046875, Done: [False]
==========
t: 117, State: [[ 1.48332957e+00  1.34953412e+00  1.08871692e-01 -4.74989307e-01
   1.60630493e-03  8.09390055e-01  2.33207196e+00 -7.11996079e-01
   5.89881037e-01  1.63463258e+00  7.63615585e-03 -7.26537078e-01]], Action: [[1. 1. 1.]], Reward: [3.2803838],Reward_sum: 302.94268798828125, Done: [False]
==========
t: 118, State: [[ 1.50157566e+00  1.34336340e+00  1.08557873e-01 -4.67714367e-01
   1.40083254e-03  8.04154459e-01  2.22977500e+00 -8.30297747e-01
  -6.66949114e-01  1.85734532e-01 -5.89969590e-02 -5.83961468e-01]], Action: [[-1.         -0.12850523  0.61035126]], Reward: [3.2793722],Reward_sum: 306.2220458984375, Done: [False]
==========
t: 119, State: [[ 1.51981140e+00  1.33651474e+00  1.08212745e-01 -4.60476593e-01
   1.18767593e-03  8.00088870e-01  2.32829314e+00 -8.81895587e-01
   5.76687399e-01  1.62269507e+00 -1.23871760e-03 -4.38305342e-01]], Action: [[1. 1. 1.]], Reward: [3.2764664],Reward_sum: 309.49847412109375, Done: [False]
==========
t: 120, State: [[ 1.53814823e+00  1.32902432e+00  1.09181951e-01 -4.51776026e-01
   1.13079107e-03  7.96918036e-01  2.25629935e+00 -9.90387236e-01
  -3.32775306e-01  5.53503217e-01 -1.14428007e-02 -3.54974122e-01]], Action: [[-0.73345464  0.05104503  0.3731591 ]], Reward: [3.2914252],Reward_sum: 312.7898864746094, Done: [False]
==========
t: 121, State: [[ 1.55618808e+00  1.32080476e+00  1.06473831e-01 -4.47493419e-01
   1.21027593e-03  7.92363290e-01  2.25327014e+00 -1.06437274e+00
  -3.46196219e-01  5.17625186e-01  2.60684079e-02 -7.82987396e-01]], Action: [[-0.02192931  1.         -0.30064565]], Reward: [3.2538898],Reward_sum: 316.04376220703125, Done: [False]
==========
t: 122, State: [[ 1.57406546e+00  1.31188725e+00  1.01720944e-01 -4.45734511e-01
   1.48864087e-03  7.87035483e-01  2.21594286e+00 -1.16494822e+00
  -8.42550578e-01 -7.69541402e-02  4.06608896e-02 -5.49116764e-01]], Action: [[-0.40794736  1.          0.15882957]], Reward: [3.2334805],Reward_sum: 319.2772521972656, Done: [False]
==========
t: 123, State: [[ 1.59217649e+00  1.30231571e+00  9.98662191e-02 -4.40576543e-01
   1.80056595e-03  7.85543179e-01  2.31247611e+00 -1.23192386e+00
   3.76478194e-01  1.36391133e+00  3.65251962e-02  3.54097821e-01]], Action: [[1. 1. 1.]], Reward: [3.2608786],Reward_sum: 322.5381164550781, Done: [False]
==========
t: 124, State: [[ 1.61051372e+00  1.29221584e+00  1.01318848e-01 -4.31455163e-01
   2.00207647e-03  7.82667364e-01  2.27208101e+00 -1.29301172e+00
  -1.20249238e-02  9.16764339e-01  1.59165355e-02 -1.07141055e+00]], Action: [[-0.3097951   0.49432275 -1.        ]], Reward: [3.2908146],Reward_sum: 325.82891845703125, Done: [False]
==========
t: 125, State: [[ 1.62835282e+00  1.28145170e+00  9.69191920e-02 -4.29181675e-01
   2.08051508e-03  7.73228554e-01  2.18795058e+00 -1.39807579e+00
  -1.08629381e+00 -3.46990604e-01  4.89116612e-03 -1.28805708e+00]], Action: [[-0.8720573   0.48176643 -0.16203606]], Reward: [3.228868],Reward_sum: 329.05780029296875, Done: [False]
==========
t: 126, State: [[ 1.64625706e+00  1.26994896e+00  9.31329693e-02 -4.26194116e-01
   2.16015250e-03  7.68634101e-01  2.28782048e+00 -1.47755428e+00
   1.37850242e-01  1.09230213e+00  1.36076060e-02  1.37770146e-01]], Action: [[1. 1. 1.]], Reward: [3.2350297],Reward_sum: 332.2928161621094, Done: [False]
==========
t: 127, State: [[ 1.66445154  1.25790107  0.09334768 -0.41849585  0.00226615  0.76402662
   2.26082106 -1.53439463 -0.08397762  0.83258529  0.01266145 -1.28791836]], Action: [[-0.1803524   0.74338484 -1.        ]], Reward: [3.2727258],Reward_sum: 335.56561279296875, Done: [False]
==========
t: 128, State: [[ 1.68214619  1.24524676  0.08777571 -0.41762538  0.00237559  0.75021716
   2.16293949 -1.62926561 -1.30806664 -0.61316668  0.01413408 -2.16335979]], Action: [[-1.          0.76358914 -0.6258248 ]], Reward: [3.2098565],Reward_sum: 338.77545166015625, Done: [False]
==========
t: 129, State: [[ 1.69984074e+00  1.23189472e+00  8.21822957e-02 -4.16749680e-01
   2.41569891e-03  7.38648687e-01  2.26072783e+00 -1.70869249e+00
  -9.06546233e-02  8.30169528e-01 -2.07828860e-03 -7.30569781e-01]], Action: [[1.         0.65907013 1.        ]], Reward: [3.209384],Reward_sum: 341.9848327636719, Done: [False]
==========
t: 130, State: [[ 1.71784388  1.21800514  0.08086921 -0.4108271   0.0024742   0.72711442
   2.23988094 -1.76359654 -0.23849464  0.65090567  0.01432986 -2.15120179]], Action: [[-0.12513645  1.         -1.        ]], Reward: [3.2483766],Reward_sum: 345.23321533203125, Done: [False]
==========
t: 131, State: [[ 1.73536204e+00  1.20356399e+00  7.40732377e-02 -4.11394936e-01
   2.63219592e-03  7.04286949e-01  2.13960269e+00 -1.84674659e+00
  -1.46036392e+00 -7.90902027e-01  2.34360581e-02 -3.55390934e+00]], Action: [[-1.  1. -1.]], Reward: [3.1867702],Reward_sum: 348.41998291015625, Done: [False]
==========
t: 132, State: [[ 1.75284435e+00  1.18855374e+00  6.72690408e-02 -4.11913380e-01
   2.73590525e-03  6.77997529e-01  2.23103739e+00 -1.90571868e+00
  -2.40911433e-01  6.59310612e-01  4.64659549e-03 -3.01919960e+00]], Action: [[1.         0.77518976 0.36330098]], Reward: [3.1835554],Reward_sum: 351.603515625, Done: [False]
==========
t: 133, State: [[ 1.77029133e+00  1.17297499e+00  6.04403241e-02 -4.12412562e-01
   2.82609592e-03  6.48251181e-01  2.13061683e+00 -1.98897420e+00
  -1.46638240e+00 -7.82099383e-01  1.60864069e-02 -4.41563682e+00]], Action: [[-1.  1. -1.]], Reward: [3.1778734],Reward_sum: 354.7814025878906, Done: [False]
==========
t: 134, State: [[ 1.78769550e+00  1.15683748e+00  5.35690670e-02 -4.12855560e-01
   2.82185395e-03  6.14857489e-01  2.22063030e+00 -2.04536870e+00
  -2.50917143e-01  6.69207654e-01 -1.32373147e-02 -3.93356372e+00]], Action: [[1.        0.5008122 0.3220623]], Reward: [3.1741664],Reward_sum: 357.95556640625, Done: [False]
==========
t: 135, State: [[ 1.80506027e+00  1.14014112e+00  4.66531419e-02 -4.13275731e-01
   2.81119507e-03  5.77821221e-01  2.12035187e+00 -2.12867876e+00
  -1.47877362e+00 -7.72115906e-01  7.81953082e-03 -5.32372771e+00]], Action: [[-1.  1. -1.]], Reward: [3.1675959],Reward_sum: 361.1231689453125, Done: [False]
==========
t: 136, State: [[ 1.82248488e+00  1.12287580e+00  3.98997078e-02 -4.13730681e-01
   2.63701621e-03  5.37892222e-01  2.32909966e+00 -2.17851216e+00
  -6.16502025e-03  5.74345821e-01 -1.64137993e-01 -4.88208899e+00]], Action: [[1.        0.4822784 0.4857154]], Reward: [3.1766074],Reward_sum: 364.2997741699219, Done: [False]
==========
t: 137, State: [[ 1.84242110e+00  1.10519673e+00  3.91865568e-02 -4.16441495e-01
   1.70220654e-03  4.89605635e-01  2.61541769e+00 -2.24205243e+00
  -2.68868041e-01 -1.21403324e+00 -7.44824827e-02 -7.09626735e+00]], Action: [[-1.  1. -1.]], Reward: [3.4890275],Reward_sum: 367.788818359375, Done: [False]
==========
t: 138, State: [[ 1.86416833e+00  1.08999698e+00  4.39031559e-02 -4.22311192e-01
   1.27336785e-03  4.37524714e-01  2.79628655e+00 -1.53921296e+00
   1.37963967e+00 -2.30586436e-01 -2.57978243e-02 -5.80864101e+00]], Action: [[ 0.750654   0.2822539 -1.       ]], Reward: [3.716761],Reward_sum: 371.50555419921875, Done: [False]
==========
t: 139, State: [[ 1.88642002e+00  1.08021937e+00  5.17969672e-02 -4.30129817e-01
   1.38902163e-03  3.96029207e-01  2.74510087e+00 -9.30911232e-01
   5.31050126e-01 -1.70224094e+00  4.57004220e-02 -4.62275917e+00]], Action: [[-1.  1. -1.]], Reward: [3.7784612],Reward_sum: 375.2840270996094, Done: [False]
==========
t: 140, State: [[ 1.90830123e+00  1.07491026e+00  5.59416653e-02 -4.44782303e-01
   1.86563822e-03  3.62453301e-01  2.72401075e+00 -4.12286810e-01
   4.86656640e-01 -1.95871528e+00  6.81851198e-02 -3.83688859e+00]], Action: [[-0.19574647  1.         -1.        ]], Reward: [3.7331123],Reward_sum: 379.01715087890625, Done: [False]
==========
t: 141, State: [[ 1.92989749e+00  1.07334487e+00  5.81264151e-02 -4.62847936e-01
   2.42495053e-03  3.33658425e-01  2.67448509e+00  6.08323197e-03
   4.74848705e-02 -2.55613469e+00  6.89799908e-02 -3.42064721e+00]], Action: [[-0.4393726  1.        -1.       ]], Reward: [3.6973405],Reward_sum: 382.7144775390625, Done: [False]
==========
t: 142, State: [[ 1.95118395e+00  1.07482140e+00  5.78146652e-02 -4.84163246e-01
   2.88305233e-03  3.06835221e-01  2.64699349e+00  3.50193099e-01
  -1.33436582e-01 -2.77231386e+00  4.63941983e-02 -3.33528808e+00]], Action: [[-0.18007965  0.7432865  -1.        ]], Reward: [3.6592214],Reward_sum: 386.3736572265625, Done: [False]
==========
t: 143, State: [[ 1.97225087e+00  1.07876236e+00  5.59300090e-02 -5.07142914e-01
   3.19562379e-03  2.79567424e-01  2.61934664e+00  6.24692073e-01
  -3.44782620e-01 -2.97207480e+00  3.21081546e-02 -3.52192929e+00]], Action: [[-0.17022492  0.81540835 -1.        ]], Reward: [3.6316717],Reward_sum: 390.00537109375, Done: [False]
==========
t: 144, State: [[ 1.99318143e+00  1.08470624e+00  5.33630368e-02 -5.30357049e-01
   3.38717379e-03  2.49897464e-01  2.61290863e+00  8.53504701e-01
  -3.03253539e-01 -2.83133675e+00  1.68040355e-02 -3.92656629e+00]], Action: [[ 0.0646143  0.7573843 -1.       ]], Reward: [3.6147418],Reward_sum: 393.6201171875, Done: [False]
==========
t: 145, State: [[ 2.01368062e+00  1.09216953e+00  4.65568779e-02 -5.57520991e-01
   3.54364476e-03  2.16388019e-01  2.51037879e+00  1.00598863e+00
  -1.40529713e+00 -3.95697713e+00  2.10190624e-02 -4.47280167e+00]], Action: [[-0.82048315  0.9847673  -1.        ]], Reward: [3.5597565],Reward_sum: 397.17987060546875, Done: [False]
==========
t: 146, State: [[ 2.03401401e+00  1.10098835e+00  3.88218643e-02 -5.84450419e-01
   3.68046053e-03  1.77890874e-01  2.57294067e+00  1.19561592e+00
  -5.34463188e-01 -2.77686890e+00  1.35458987e-02 -5.16772296e+00]], Action: [[ 0.78188616  1.         -1.        ]], Reward: [3.5390625],Reward_sum: 400.71893310546875, Done: [False]
==========
t: 147, State: [[ 2.05422806e+00  1.11100606e+00  3.08481759e-02 -6.10005374e-01
   3.79457297e-03  1.33622177e-01  2.47911812e+00  1.30582550e+00
  -1.46531583e+00 -3.60951315e+00  1.44475429e-02 -5.90905205e+00]], Action: [[-0.6226881  1.        -1.       ]], Reward: [3.5243676],Reward_sum: 404.2433166503906, Done: [False]
==========
t: 148, State: [[ 2.07419191e+00  1.12207128e+00  2.12736042e-02 -6.35362848e-01
   3.87935623e-03  8.31143252e-02  2.51157070e+00  1.45949700e+00
  -9.33582427e-01 -2.73075366e+00  7.37113982e-03 -6.72447405e+00]], Action: [[ 0.56851614  0.9880363  -1.        ]], Reward: [3.493182],Reward_sum: 407.73651123046875, Done: [False]
==========
t: 149, State: [[ 2.09431996e+00  1.13430748e+00  1.48617196e-02 -6.54806495e-01
   3.92703671e-03  2.59698833e-02  2.51986841e+00  1.59891232e+00
  -6.74462750e-01 -2.13036576e+00  4.75280944e-03 -7.56511044e+00]], Action: [[ 0.37631822  1.         -1.        ]], Reward: [3.513865],Reward_sum: 411.2503662109375, Done: [False]
==========
t: 150, State: [[ 2.11448750e+00  1.14763955e+00  1.02701373e-02 -6.69604099e-01
   3.95867812e-03 -3.79671030e-02  2.52135828e+00  1.73357917e+00
  -4.77876086e-01 -1.56911793e+00  3.27677880e-03 -8.42116844e+00]], Action: [[ 0.3495071  1.        -1.       ]], Reward: [3.51882],Reward_sum: 414.7691955566406, Done: [False]
==========
t: 151, State: [[ 2.13476070e+00  1.16208503e+00  8.31260037e-03 -6.78613333e-01
   3.97608964e-03 -1.08818842e-01  2.54676304e+00  1.87725518e+00
  -1.37772692e-02 -6.84138714e-01  1.27356421e-03 -9.29326425e+00]], Action: [[ 0.5782911  1.        -1.       ]], Reward: [3.531816],Reward_sum: 418.301025390625, Done: [False]
==========
t: 152, State: [[ 2.15517490e+00  1.17763846e+00  9.41516496e-03 -6.81244160e-01
   3.98393980e-03 -1.86671492e-01  2.55618964e+00  2.01013801e+00
   2.87089276e-01  2.61073723e-02  7.32698595e-04 -1.00000000e+01]], Action: [[ 0.45876062  1.         -1.        ]], Reward: [3.549565],Reward_sum: 421.8505859375, Done: [False]
==========
t: 153, State: [[ 2.17496938e+00  1.19391351e+00  5.56861589e-03 -6.86512555e-01
   4.01784043e-03 -2.71435910e-01  2.39065031e+00  2.05665653e+00
  -1.25148069e+00 -1.33995892e+00  6.85379249e-03 -1.00000000e+01]], Action: [[-1.  1. -1.]], Reward: [3.47131],Reward_sum: 425.3218994140625, Done: [False]
==========
t: 154, State: [[ 2.19433179e+00  1.21094600e+00 -6.29618748e-04 -6.91241397e-01
   4.04208885e-03 -3.63319686e-01  2.44897611e+00  2.19915047e+00
  -2.99393423e-01  1.56389252e-01 -2.95999075e-05 -1.00000000e+01]], Action: [[ 1.  1. -1.]], Reward: [3.4173012],Reward_sum: 428.73919677734375, Done: [False]
==========
t: 155, State: [[ 2.21364305e+00  1.22882846e+00 -4.52708074e-03 -6.90052365e-01
   4.04830973e-03 -4.62647767e-01  2.37823833e+00  2.26982745e+00
  -6.74241969e-01  1.41209637e-01  1.33401209e-03 -1.00000000e+01]], Action: [[-0.05721777  1.         -1.        ]], Reward: [3.4119036],Reward_sum: 432.1510925292969, Done: [False]
==========
t: 156, State: [[ 2.23272608e+00  1.24739134e+00 -7.56410532e-03 -6.84601759e-01
   4.04439702e-03 -5.69565293e-01  2.39193814e+00  2.36815519e+00
  -8.32923318e-02  1.22025782e+00 -1.98146346e-03 -1.00000000e+01]], Action: [[ 0.71018344  1.         -1.        ]], Reward: [3.382875],Reward_sum: 435.5339660644531, Done: [False]
==========
t: 157, State: [[ 2.25118846e+00  1.26608132e+00 -1.39969439e-02 -6.80371526e-01
   4.03942750e-03 -6.84934577e-01  2.22972305e+00  2.27814556e+00
  -1.48463285e+00 -1.67892814e-01 -1.29924272e-03 -1.00000000e+01]], Action: [[-1.  1. -1.]], Reward: [3.3047976],Reward_sum: 438.8387756347656, Done: [False]
==========
t: 158, State: [[ 2.26932793e+00  1.28420793e+00 -2.12220111e-02 -6.75870759e-01
   3.98060404e-03 -8.08694786e-01  2.33797643e+00  2.20147836e+00
  -2.03582689e-01  1.25965839e+00 -1.76837063e-02 -1.00000000e+01]], Action: [[ 1.  1. -1.]], Reward: [3.2644334],Reward_sum: 442.10321044921875, Done: [False]
==========
t: 159, State: [[ 2.28810699e+00  1.30037114e+00 -2.58864446e-02 -6.72043596e-01
   3.79007334e-03 -8.80562731e-01  2.34752828e+00  1.86308713e+00
  -1.00309155e+00 -2.91460486e-01 -2.59377678e-02 -5.21394503e+00]], Action: [[-1.  1. -1.]], Reward: [3.344382],Reward_sum: 445.44757080078125, Done: [False]
==========
t: 160, State: [[ 2.30696765  1.31440108 -0.0353942  -0.67760333  0.00359389 -0.90287442
   2.36025242  1.65585034 -1.39965373 -1.09031566 -0.02165807 -0.86722224]], Action: [[-0.51586145  1.         -1.        ]], Reward: [3.3553166],Reward_sum: 448.8028564453125, Done: [False]
==========
t: 161, State: [[ 2.3264596   1.32737378 -0.04106712 -0.68073633  0.00342412 -0.90022107
   2.50791246  1.5938512  -0.03550691  0.3097113  -0.01967546  1.24177756]], Action: [[1.        1.        0.3290919]], Reward: [3.434385],Reward_sum: 452.23724365234375, Done: [False]
==========
t: 162, State: [[ 2.34672468e+00  1.33993949e+00 -3.83210055e-02 -6.73694793e-01
   5.87169295e-04 -8.84429853e-01  2.55805536e+00  1.54709716e+00
   7.21073893e-01  1.44946552e+00 -6.88500047e-01  2.70410941e+00]], Action: [[ 0.77303    -0.36973426  1.        ]], Reward: [3.5314007],Reward_sum: 455.7686767578125, Done: [False]
==========
t: 163, State: [[ 2.36752989e+00  1.35186879e+00 -3.05136495e-02 -6.61295840e-01
  -2.98016928e-03 -8.57211991e-01  2.64290929e+00  1.43485448e+00
   1.22976496e+00  1.65029790e+00 -2.03585530e-01  4.09852106e+00]], Action: [[0.19360037 0.4350095  1.        ]], Reward: [3.5994258],Reward_sum: 459.36810302734375, Done: [False]
==========
t: 164, State: [[ 2.38873730e+00  1.36284156e+00 -2.08831986e-02 -6.49073941e-01
  -4.03445691e-03 -8.18772269e-01  2.65863920e+00  1.30814335e+00
   1.17746557e+00  1.40569823e+00 -5.98082896e-02  5.50944978e+00]], Action: [[-0.14086193  0.14985648  1.        ]], Reward: [3.6498837],Reward_sum: 463.0179443359375, Done: [False]
==========
t: 165, State: [[ 2.40999076e+00  1.37278722e+00 -1.22483251e-02 -6.39208154e-01
  -4.35783657e-03 -7.69060513e-01  2.65437760e+00  1.17808275e+00
   9.80894022e-01  1.06143489e+00 -2.06685415e-02  6.91643887e+00]], Action: [[-0.21984601  0.06333616  1.        ]], Reward: [3.6556296],Reward_sum: 466.673583984375, Done: [False]
==========
t: 166, State: [[ 2.43115229e+00  1.38167793e+00 -5.61927925e-03 -6.32438354e-01
  -4.58639608e-03 -7.08123563e-01  2.63560776e+00  1.04439406e+00
   6.75936334e-01  6.31866636e-01 -3.59629325e-02  8.31565451e+00]], Action: [[-0.28626677  0.01469544  1.        ]], Reward: [3.6441097],Reward_sum: 470.31768798828125, Done: [False]
==========
t: 167, State: [[ 2.45209316e+00  1.38933406e+00 -3.21577571e-03 -6.32230640e-01
  -2.95166260e-03 -6.36392670e-01  2.59906801e+00  8.69341999e-01
  -7.52059254e-02 -5.77945557e-01  4.44640087e-01  9.61492945e+00]], Action: [[-0.8054249  0.3324019  0.952754 ]], Reward: [3.6159418],Reward_sum: 473.93365478515625, Done: [False]
==========
t: 168, State: [[ 2.47324404e+00  1.39610938e+00  8.39944750e-04 -6.31036665e-01
  -3.42726151e-04 -5.56196942e-01  2.68815568e+00  8.24040896e-01
   1.08660961e+00  8.75056525e-01  2.08602839e-01  1.00000000e+01]], Action: [[ 1.         -0.0575963   0.62263584]], Reward: [3.6424682],Reward_sum: 477.57611083984375, Done: [False]
==========
t: 169, State: [[ 2.49422355e+00  1.40224450e+00  4.28886872e-03 -6.29700822e-01
   1.37940088e-03 -4.76952413e-01  2.55131217e+00  7.12573754e-01
  -2.51972857e-01 -5.33356426e-01  1.47942552e-01  9.38412380e+00]], Action: [[-1.          0.09368297 -0.68610835]], Reward: [3.6209595],Reward_sum: 481.19708251953125, Done: [False]
==========
t: 170, State: [[ 2.51498000e+00  1.40777609e+00  6.85794992e-03 -6.28136773e-01
   1.52286533e-03 -3.98781620e-01  2.63736777e+00  6.70047305e-01
   8.91778716e-01  9.22924566e-01 -1.11067191e-01  1.00000000e+01]], Action: [[ 1.         -0.07980332  0.589417  ]], Reward: [3.5932024],Reward_sum: 484.790283203125, Done: [False]
==========
t: 171, State: [[ 2.53559542e+00  1.41266316e+00  8.88564047e-03 -6.26460624e-01
   8.71199073e-04 -3.20626109e-01  2.51671370e+00  5.52404355e-01
  -3.84424679e-01 -5.02188844e-01 -5.68846600e-02  9.38280121e+00]], Action: [[-1.          0.05311558 -0.49289417]], Reward: [3.5756817],Reward_sum: 488.365966796875, Done: [False]
==========
t: 172, State: [[ 2.55615969e+00  1.41692026e+00  1.08115362e-02 -6.24738333e-01
   6.04536143e-04 -2.43884837e-01  2.62365292e+00  5.11844023e-01
   8.61826953e-01  9.31654248e-01 -1.33262132e-02  9.80222657e+00]], Action: [[1.         0.48676237 0.35427332]], Reward: [3.5691712],Reward_sum: 491.93511962890625, Done: [False]
==========
t: 173, State: [[ 2.57665997e+00  1.42057066e+00  1.25302468e-02 -6.22984081e-01
   5.59904130e-04 -1.68939422e-01  2.50195274e+00  4.01237026e-01
  -4.30004498e-01 -4.91736811e-01  6.29824897e-04  8.93543851e+00]], Action: [[-1.          0.09490672 -0.5606628 ]], Reward: [3.561212],Reward_sum: 495.496337890625, Done: [False]
==========
t: 174, State: [[ 2.59709560e+00  1.42363365e+00  1.40279580e-02 -6.21165867e-01
   6.58545070e-04 -9.60288978e-02  2.60630381e+00  3.64555445e-01
   8.00448287e-01  9.45135430e-01  2.02977947e-02  9.29201251e+00]], Action: [[1.         0.55068326 0.30594426]], Reward: [3.5530567],Reward_sum: 499.0494384765625, Done: [False]
==========
t: 175, State: [[ 2.61746243e+00  1.42612363e+00  1.52426326e-02 -6.19307307e-01
   7.98688250e-04 -2.53260704e-02  2.48600391e+00  2.58239230e-01
  -4.93978221e-01 -4.79231547e-01  1.44636401e-02  8.38497325e+00]], Action: [[-1.          0.16348031 -0.59252495]], Reward: [3.5444758],Reward_sum: 502.5938720703125, Done: [False]
==========
t: 176, State: [[ 2.63776965e+00  1.42802825e+00  1.62080490e-02 -6.17387276e-01
   9.25350910e-04  4.39596566e-02  2.59034977e+00  2.17952507e-01
   7.32264713e-01  9.57872398e-01  1.62080271e-02  8.93585778e+00]], Action: [[1.         0.54890835 0.43692917]], Reward: [3.5369108],Reward_sum: 506.13079833984375, Done: [False]
==========
t: 177, State: [[ 2.65801715e+00  1.42936686e+00  1.68907552e-02 -6.15434138e-01
   1.03013947e-03  1.11310763e-01  2.47215179e+00  1.16829153e-01
  -5.58327432e-01 -4.68370830e-01  1.03390767e-02  7.90331208e+00]], Action: [[-1.          0.22929159 -0.68245363]], Reward: [3.5294197],Reward_sum: 509.66021728515625, Done: [False]
==========
t: 178, State: [[ 2.67821812e+00  1.43011361e+00  1.73467407e-02 -6.13431415e-01
   1.10030594e-03  1.77897347e-01  2.57770205e+00  6.99777529e-02
   6.69400588e-01  9.67627050e-01  7.39857970e-03  8.74228654e+00]], Action: [[1.         0.48549137 0.6348617 ]], Reward: [3.5234823],Reward_sum: 513.1836547851562, Done: [False]
==========
t: 179, State: [[ 2.69837451e+00  1.43028047e+00  1.75559897e-02 -6.11409855e-01
   1.15146777e-03  2.43401382e-01  2.46195379e+00 -2.82681389e-02
  -6.13822669e-01 -4.60968004e-01  5.43818497e-03  7.63519596e+00]], Action: [[-1.          0.25174907 -0.73580587]], Reward: [3.517944],Reward_sum: 516.7015991210938, Done: [False]
==========
t: 180, State: [[ 2.71849556e+00  1.42984481e+00  1.75562275e-02 -6.09348764e-01
   1.15690243e-03  3.08890754e-01  2.56799664e+00 -8.04013449e-02
   6.11021553e-01  9.74756081e-01 -2.94172399e-03  8.73572991e+00]], Action: [[1.         0.3431506  0.81580794]], Reward: [3.5133479],Reward_sum: 520.2149658203125, Done: [False]
==========
t: 181, State: [[ 2.73858461e+00  1.42881168e+00  1.73330366e-02 -6.07280281e-01
   1.14371512e-03  3.74291011e-01  2.45474344e+00 -1.78002700e-01
  -6.63641784e-01 -4.56298450e-01 -6.59376912e-04  7.61580496e+00]], Action: [[-1.          0.22745171 -0.74492055]], Reward: [3.5095243],Reward_sum: 523.7244873046875, Done: [False]
==========
t: 182, State: [[ 2.75864649e+00  1.42716946e+00  1.69017960e-02 -6.05178754e-01
   1.06890842e-03  4.40331979e-01  2.56054575e+00 -2.32163148e-01
   5.53218597e-01  9.80081135e-01 -1.57455087e-02  8.89277536e+00]], Action: [[1.         0.11517027 0.9386283 ]], Reward: [3.5058403],Reward_sum: 527.2302856445312, Done: [False]
==========
t: 183, State: [[ 2.77868576e+00  1.42492496e+00  1.62527755e-02 -6.03077466e-01
   9.81162045e-04  5.06883623e-01  2.44965192e+00 -3.29201326e-01
  -7.12458033e-01 -4.53336972e-01 -7.09346338e-03  7.74663199e+00]], Action: [[-1.          0.17412975 -0.7624447 ]], Reward: [3.5032969],Reward_sum: 530.733642578125, Done: [False]
==========
t: 184, State: [[ 2.79859830e+00  1.42211815e+00  1.48629555e-02 -6.00833325e-01
  -5.28513736e-04  5.74096301e-01  2.52830736e+00 -3.72027560e-01
   3.62270092e-01  1.01273483e+00 -3.69115086e-01  9.05488614e+00]], Action: [[ 1.         -0.14896223  0.9501139 ]], Reward: [3.4871428],Reward_sum: 534.2207641601562, Done: [False]
==========
t: 185, State: [[ 2.81882730e+00  1.41869933e+00  1.53877451e-02 -5.97972276e-01
   1.48836281e-03  6.40369451e-01  2.49702559e+00 -4.72797494e-01
  -3.88702686e-01 -2.61344696e-01  4.55663572e-01  7.53319538e+00]], Action: [[-0.8411843  0.9790039 -1.       ]], Reward: [3.525959],Reward_sum: 537.7467651367188, Done: [False]
==========
t: 186, State: [[ 2.83889278e+00  1.41483137e+00  1.54380920e-02 -5.93952740e-01
   7.59615656e-04  7.05717507e-01  2.51925834e+00 -4.94035205e-01
   3.99440159e-01  1.26438907e+00 -6.36108395e-01  8.80212335e+00]], Action: [[ 1.         -0.68514466  0.8999901 ]], Reward: [3.5059066],Reward_sum: 541.252685546875, Done: [False]
==========
t: 187, State: [[ 2.85915026e+00  1.41050707e+00  1.76588411e-02 -5.87283445e-01
   2.68605597e-04  7.69994629e-01  2.55112464e+00 -5.88960457e-01
   1.86522620e-01  3.97544318e-01  5.88274700e-01  7.26605279e+00]], Action: [[-0.5321005  1.        -1.       ]], Reward: [3.529901],Reward_sum: 544.7825927734375, Done: [False]
==========
t: 188, State: [[ 2.87908661e+00  1.40558578e+00  1.48001256e-02 -5.88280150e-01
   3.38779955e-03  8.18777614e-01  2.43171283e+00 -6.23181716e-01
  -8.80488240e-01 -6.45633842e-01  2.29878862e-01  3.99535537e+00]], Action: [[-0.7538247  -0.23700139  0.37726074]], Reward: [3.491277],Reward_sum: 548.2738647460938, Done: [False]
==========
t: 189, State: [[ 2.89866726e+00  1.40083368e+00  1.16102516e-02 -5.87395351e-01
   2.37979609e-03  8.38373449e-01  2.46376744e+00 -5.71658985e-01
   7.76130685e-02  8.64846986e-01 -4.92947123e-01  1.20853177e+00]], Action: [[ 1.        -0.5248264  1.       ]], Reward: [3.4453063],Reward_sum: 551.7191772460938, Done: [False]
==========
t: 190, State: [[ 2.91837881e+00  1.39601569e+00  1.19155580e-02 -5.81595030e-01
  -1.55657768e-04  8.41248157e-01  2.46686370e+00 -6.35850281e-01
   9.21017320e-03  5.82839670e-01 -1.13180700e-01 -3.75018583e-01]], Action: [[-0.1742485   1.         -0.97096026]], Reward: [3.4619703],Reward_sum: 555.18115234375, Done: [False]
==========
t: 191, State: [[ 2.93851618e+00  1.39074389e+00  1.58951779e-02 -5.73457138e-01
   1.04439663e-03  8.35972749e-01  2.54804549e+00 -6.78427701e-01
   8.87852799e-01  1.47150899e+00  1.58349333e-01 -8.61390880e-01]], Action: [[0.6354989  0.85598385 0.7926041 ]], Reward: [3.5154066],Reward_sum: 558.696533203125, Done: [False]
==========
t: 192, State: [[ 2.95833902e+00  1.38484939e+00  1.73139377e-02 -5.67313925e-01
   3.17152614e-04  8.28357754e-01  2.40804316e+00 -7.95717853e-01
  -5.32384613e-01  6.58231699e-02 -3.41338321e-01 -9.98928129e-01]], Action: [[-1.         -0.45286795  0.50622183]], Reward: [3.4763935],Reward_sum: 562.1728515625, Done: [False]
==========
t: 193, State: [[ 2.97825692e+00  1.37829047e+00  1.92158686e-02 -5.61308152e-01
   9.23173760e-04  8.20573361e-01  2.55412858e+00 -8.39712907e-01
   9.22174834e-01  1.45246678e+00  2.70497740e-01 -9.30089597e-01]], Action: [[1. 1. 1.]], Reward: [3.4867377],Reward_sum: 565.6596069335938, Done: [False]
==========
t: 194, State: [[ 2.99806812e+00  1.37110742e+00  2.05644787e-02 -5.55249160e-01
   1.93332699e-04  8.13548480e-01  2.39899144e+00 -9.55883992e-01
  -5.83511381e-01  6.37900123e-02 -4.52533911e-01 -8.17797191e-01]], Action: [[-1.        -0.6093497  0.5491141]], Reward: [3.4747276],Reward_sum: 569.1343383789062, Done: [False]
==========
t: 195, State: [[ 3.01798310e+00  1.36323178e+00  2.24027191e-02 -5.49334434e-01
   8.22501680e-04  8.07636817e-01  2.55869696e+00 -1.00723634e+00
   9.39439783e-01  1.43578393e+00  3.39977702e-01 -6.60814961e-01]], Action: [[1.       1.       0.962512]], Reward: [3.4864452],Reward_sum: 572.6207885742188, Done: [False]
==========
t: 196, State: [[ 3.03785098e+00  1.35470659e+00  2.39702119e-02 -5.43429089e-01
   8.60693378e-04  8.02864512e-01  2.40858345e+00 -1.12365753e+00
  -5.45900505e-01  4.20671351e-02 -3.29718375e-01 -5.33384535e-01]], Action: [[-1.         -0.56959     0.60735464]], Reward: [3.481792],Reward_sum: 576.1025390625, Done: [False]
==========
t: 197, State: [[ 3.05766876e+00  1.34553696e+00  2.52721892e-02 -5.37501568e-01
   2.62874240e-04  7.99105437e-01  2.54702296e+00 -1.16944010e+00
   8.77024837e-01  1.43672305e+00  1.98746969e-01 -4.10286314e-01]], Action: [[1.         0.96987414 0.81310153]], Reward: [3.4746203],Reward_sum: 579.5771484375, Done: [False]
==========
t: 198, State: [[ 3.07760707e+00  1.33568349e+00  2.71498190e-02 -5.31765326e-01
   1.30140592e-03  7.95690547e-01  2.43879922e+00 -1.29379111e+00
  -4.01401398e-01 -2.09401146e-03  7.34905172e-02 -4.43846091e-01]], Action: [[-1.         -0.15132806 -0.03315794]], Reward: [3.4912655],Reward_sum: 583.0684814453125, Done: [False]
==========
t: 199, State: [[ 3.09749901e+00  1.32519308e+00  2.87918219e-02 -5.26009641e-01
   1.77588034e-03  7.92866121e-01  2.53400319e+00 -1.32896325e+00
   8.11239232e-01  1.43927951e+00  4.70938382e-02 -2.75288928e-01]], Action: [[1.         0.86249435 0.8564949 ]], Reward: [3.4840155],Reward_sum: 586.552490234375, Done: [False]
==========
Hopper - Steps: 200, Return: 586.552490234375, State: [[ 3.09749901e+00  1.32519308e+00  2.87918219e-02 -5.26009641e-01
   1.77588034e-03  7.92866121e-01  2.53400319e+00 -1.32896325e+00
   8.11239232e-01  1.43927951e+00  4.70938382e-02 -2.75288928e-01]]
