[CudaDevice(id=0)]
Using AIRL:  False
Using GAIL:  False
Using RGCL:  False
Experiment State @  2025-05-21 19:33:37.712756-05:00
Experiment Saved @  results/experiment_131
Experiment Settings Saved @  results/experiment_131
131
Using cuda device
Wrapping the env with a `Monitor` wrapper
Wrapping the env in a DummyVecEnv.
Wrapping the env with a `Monitor` wrapper
Wrapping the env in a DummyVecEnv.
t: 0, State: [[ 1.40758177e-03  1.25059084e+00 -2.87597510e-03 -7.54017271e-03
  -4.06209115e-03  1.06588935e-02 -1.81806358e-02 -1.06143374e-01
  -8.00281782e-01 -1.01016425e+00  2.71409314e-02  1.44706975e+00]], Action: [[-0.6810845   0.01180753  1.        ]], Reward: [0.9914043],Reward_sum: 0.9914042949676514, Done: [False]
==========
t: 1, State: [[ 1.88236455e-03  1.24927268e+00 -3.37012154e-03 -1.00672832e-02
  -1.63590566e-03  2.77087231e-02  1.36588739e-01 -2.23353880e-01
   6.74590284e-01  3.76899521e-01  5.79266327e-01  2.81374260e+00]], Action: [[1.         0.55499166 1.        ]], Reward: [1.0570399],Reward_sum: 2.0484442710876465, Done: [False]
==========
t: 2, State: [[ 2.59732861e-03  1.24710000e+00 -1.28871727e-03 -8.73433286e-03
  -1.42916893e-03  5.61371183e-02  4.21893646e-02 -3.19643058e-01
  -1.53711889e-01 -4.31703389e-02 -5.26175583e-01  4.29131934e+00]], Action: [[-0.34082192 -0.7977108   1.        ]], Reward: [1.087618],Reward_sum: 3.1360621452331543, Done: [False]
==========
t: 3, State: [[ 3.27853026e-03  1.24410389e+00  2.13403953e-03 -3.27304072e-03
  -6.51158135e-03  9.60252304e-02  1.27814694e-01 -4.29681980e-01
   1.00715841e+00  1.40691919e+00 -7.43479119e-01  5.67889141e+00]], Action: [[ 0.99918455 -0.02428487  1.        ]], Reward: [1.0831512],Reward_sum: 4.219213485717773, Done: [False]
==========
t: 4, State: [[ 4.20072915e-03  1.24024135e+00  6.93726089e-03  3.93251174e-03
  -1.23089802e-02  1.47064502e-01  1.02548036e-01 -5.35514180e-01
   1.93647119e-01  3.95939351e-01 -7.05452153e-01  7.07900383e+00]], Action: [[-0.67407924  0.01214394  1.        ]], Reward: [1.1138203],Reward_sum: 5.333033561706543, Done: [False]
==========
t: 5, State: [[ 5.22516021e-03  1.23550835e+00  6.85295194e-03  3.15732734e-03
  -1.43835892e-02  2.09074218e-01  1.61914583e-01 -6.26208180e-01
  -2.07679041e-01 -5.94927099e-01  1.60550998e-01  8.37737363e+00]], Action: [[-0.6099037   0.64942026  1.        ]], Reward: [1.1262602],Reward_sum: 6.459293842315674, Done: [False]
==========
t: 6, State: [[ 7.62762185e-03  1.23198502e+00  8.60613596e-03 -1.99730050e-05
  -1.30418672e-02  2.75696615e-01  4.31470768e-01 -2.60810797e-01
   6.32924643e-01 -1.86329371e-01  1.95152820e-01  8.30036725e+00]], Action: [[1.         0.48219827 0.6768499 ]], Reward: [1.298617],Reward_sum: 7.75791072845459, Done: [False]
==========
t: 7, State: [[ 1.13383001e-02  1.23120637e+00  9.34576023e-03 -6.64437849e-03
  -1.37490689e-02  3.43748399e-01  4.91295761e-01  5.81872084e-02
  -4.55664619e-01 -1.46396416e+00 -3.56452168e-01  8.73319069e+00]], Action: [[-0.82413274 -0.16758317  0.86525494]], Reward: [1.4623789],Reward_sum: 9.22028923034668, Done: [False]
==========
t: 8, State: [[ 0.01638711  1.23282804  0.01181239 -0.01315631 -0.01542364  0.41414299
   0.76898867  0.34031788  1.07051946 -0.16416328 -0.05556423  8.87981091]], Action: [[1.        0.6215998 0.7008989]], Reward: [1.6292233],Reward_sum: 10.849512100219727, Done: [False]
==========
t: 9, State: [[ 0.02265436  1.2363291   0.01657129 -0.02065772 -0.01273764  0.47781469
   0.79327722  0.52008801  0.11979402 -1.70585002  0.74069057  7.06955335]], Action: [[-1.          0.56097865 -0.9416735 ]], Reward: [1.7812052],Reward_sum: 12.630717277526855, Done: [False]
==========
t: 10, State: [[ 0.02953725  1.24112489  0.02162025 -0.02852974 -0.01004707  0.53803345
   0.92690566  0.67355256  1.14394364 -0.26371365 -0.06389846  7.99301412]], Action: [[ 1.        -0.2876434  1.       ]], Reward: [1.8582784],Reward_sum: 14.488995552062988, Done: [False]
==========
t: 11, State: [[ 3.70234573e-02  1.24682924e+00  2.73617188e-02 -3.68193291e-02
  -6.20335923e-03  5.95103657e-01  9.41289333e-01  7.40231017e-01
   2.93410356e-01 -1.80442860e+00  1.03333936e+00  6.29773610e+00]], Action: [[-1.          0.71490216 -1.        ]], Reward: [1.9332647],Reward_sum: 16.422260284423828, Done: [False]
==========
t: 12, State: [[ 4.48970702e-02  1.25297695e+00  3.34383639e-02 -4.53113035e-02
  -1.95471978e-03  6.49954798e-01  1.02727951e+00  7.93431269e-01
   1.22761146e+00 -3.20765727e-01  3.05675136e-02  7.41755340e+00]], Action: [[ 1.         -0.49184325  1.        ]], Reward: [1.9819597],Reward_sum: 18.404220581054688, Done: [False]
==========
t: 13, State: [[ 5.30109912e-02  1.25929609e+00  3.95214144e-02 -5.39082066e-02
   1.94837401e-03  7.03094839e-01  9.66431646e-01  7.81524919e-01
   1.56382853e-01 -1.79161959e+00  6.21213971e-01  5.91171748e+00]], Action: [[-1.         0.6365906 -1.       ]], Reward: [2.0118349],Reward_sum: 20.41605567932129, Done: [False]
==========
t: 14, State: [[ 6.11925990e-02  1.26547005e+00  4.52728775e-02 -6.24336552e-02
   4.70555644e-03  7.55132542e-01  1.08062014e+00  7.61069760e-01
   1.28477318e+00 -3.43093407e-01  6.57176388e-02  7.09261729e+00]], Action: [[ 1.         -0.17840454  1.        ]], Reward: [2.0206692],Reward_sum: 22.436725616455078, Done: [False]
==========
t: 15, State: [[ 6.92493535e-02  1.27150450e+00  5.01079984e-02 -7.07357193e-02
   4.92429347e-03  8.03522602e-01  9.16530922e-01  7.68332747e-01
  -9.31351341e-02 -1.71614590e+00 -4.90727997e-04  4.28591105e+00]], Action: [[-1.         0.5356535 -1.       ]], Reward: [2.0048075],Reward_sum: 24.441532135009766, Done: [False]
==========
t: 16, State: [[ 0.07653196  1.27768511  0.05370981 -0.07827829  0.00452589  0.82562324
   0.9099917   0.76958868  0.99556889 -0.17622317 -0.11096001  1.53134329]], Action: [[ 1.         -0.13935363  1.        ]], Reward: [1.9083062],Reward_sum: 26.349838256835938, Done: [False]
==========
t: 17, State: [[ 0.08313331  1.28381557  0.0561367  -0.08439442  0.00169894  0.83160101
   0.74336537  0.75888757 -0.38747551 -1.35369367 -0.60600796  0.12919927]], Action: [[-0.8775497 -0.5563617  1.       ]], Reward: [1.8230892],Reward_sum: 28.172927856445312, Done: [False]
==========
t: 18, State: [[ 8.95308278e-02  1.28957069e+00  5.84033011e-02 -9.03136976e-02
  -3.18471239e-04  8.29665964e-01  8.73567705e-01  6.75159029e-01
   1.02800400e+00 -1.45892647e-01  3.02941582e-01 -5.20791155e-01]], Action: [[0.8721307 1.        1.       ]], Reward: [1.7969291],Reward_sum: 29.96985626220703, Done: [False]
==========
t: 19, State: [[ 0.09580608  1.29472166  0.05991414 -0.0968722  -0.00283928  0.82438085
   0.6957875   0.61148747 -0.64977398 -1.49241835 -0.93379656 -0.75230699]], Action: [[-1. -1.  1.]], Reward: [1.7814065],Reward_sum: 31.751262664794922, Done: [False]
==========
t: 20, State: [[ 0.10198654  1.29921449  0.05998307 -0.1052519  -0.00515124  0.81815961
   0.84941918  0.51167877  0.6651479  -0.60363142  0.35346225 -0.77889383]], Action: [[0.678003 1.       1.      ]], Reward: [1.7700982],Reward_sum: 33.5213623046875, Done: [False]
==========
t: 21, State: [[ 0.10845376  1.30295492  0.06031117 -0.11586212 -0.00262262  0.81219083
   0.76746657  0.42278204 -0.58188926 -2.04717156  0.27822908 -0.70356331]], Action: [[-1.         -0.13541582  1.        ]], Reward: [1.8063844],Reward_sum: 35.3277473449707, Done: [False]
==========
t: 22, State: [[ 1.14852292e-01  1.30602376e+00  6.03558028e-02 -1.26304606e-01
  -1.04538499e-03  8.06989965e-01  8.32208080e-01  3.44933832e-01
   5.91596960e-01 -5.65334587e-01  1.16309453e-01 -5.93988326e-01]], Action: [[ 1.        -0.0293799  1.       ]], Reward: [1.7978151],Reward_sum: 37.12556076049805, Done: [False]
==========
t: 23, State: [[ 0.12083299  1.30848939  0.05846141 -0.13623963 -0.00480546  0.80270715
   0.66299739  0.27061263 -1.06342908 -1.91679973 -1.05511115 -0.47796191]], Action: [[-1.        -0.9424139  1.       ]], Reward: [1.7446995],Reward_sum: 38.870262145996094, Done: [False]
==========
t: 24, State: [[ 0.12676434  1.31025022  0.05533846 -0.14786426 -0.00812192  0.79929064
   0.81976699  0.1704124   0.28143649 -0.99041451  0.22474453 -0.37810214]], Action: [[0.70219827 1.         1.        ]], Reward: [1.7389253],Reward_sum: 40.609188079833984, Done: [False]
==========
t: 25, State: [[ 0.13352717  1.31132355  0.06176887 -0.15025191 -0.00739762  0.7966297
   0.87089265  0.09791354  1.32493677  0.39178594 -0.04312552 -0.29001974]], Action: [[ 0.93076986 -0.11456111  1.        ]], Reward: [1.843474],Reward_sum: 42.45266342163086, Done: [False]
==========
t: 26, State: [[ 0.13978781  1.31181313  0.06560611 -0.15252969 -0.01273369  0.79461481
   0.69435337  0.02430821 -0.36370376 -0.95963513 -1.28948836 -0.21677047]], Action: [[-1. -1.  1.]], Reward: [1.7795808],Reward_sum: 44.232242584228516, Done: [False]
==========
t: 27, State: [[ 0.14556076  1.31154297  0.06103764 -0.16524456 -0.01722554  0.79309849
   0.74872802 -0.0921515  -0.77761275 -2.21734495  0.16485834 -0.16425703]], Action: [[-0.78596205  1.          1.        ]], Reward: [1.719],Reward_sum: 45.95124435424805, Done: [False]
==========
t: 28, State: [[ 0.15201897  1.31047789  0.06049642 -0.17726427 -0.01394678  0.79196018
   0.86577913 -0.17363036  0.64076114 -0.78932296  0.65450835 -0.1221376 ]], Action: [[1.         0.44777742 1.        ]], Reward: [1.8050762],Reward_sum: 47.75632095336914, Done: [False]
==========
t: 29, State: [[ 0.158421    1.30882051  0.0620881  -0.18497942 -0.01402905  0.79113208
   0.73485402 -0.24061248 -0.2419573  -1.13914554 -0.67353736 -0.08684025]], Action: [[-0.32185823 -1.          1.        ]], Reward: [1.7981504],Reward_sum: 49.55447006225586, Done: [False]
==========
t: 30, State: [[ 0.16477921  1.30648094  0.06303636 -0.19349514 -0.01404538  0.79052585
   0.85453655 -0.34435278  0.4784179  -0.98982884  0.667996   -0.06553134]], Action: [[0.17462237 1.         1.        ]], Reward: [1.7927455],Reward_sum: 51.34721374511719, Done: [False]
==========
t: 31, State: [[ 0.17169096  1.30349351  0.07066488 -0.19531292 -0.01170858  0.79008345
   0.87344879 -0.40242819  1.42744072  0.53342989 -0.08276202 -0.04617427]], Action: [[ 1.        -0.4640399  1.       ]], Reward: [1.8617533],Reward_sum: 53.20896530151367, Done: [False]
==========
t: 32, State: [[ 0.17796451  1.29997379  0.07532192 -0.19645709 -0.01735218  0.7897788
   0.69503269 -0.47761313 -0.26125001 -0.81788546 -1.32680908 -0.0310072 ]], Action: [[-1. -1.  1.]], Reward: [1.7811943],Reward_sum: 54.99015808105469, Done: [False]
==========
t: 33, State: [[ 0.18367284  1.29565759  0.07056795 -0.20929083 -0.02203441  0.78955634
   0.73186979 -0.6019367  -0.92619934 -2.38840003  0.1544597  -0.02470277]], Action: [[-1.  1.  1.]], Reward: [1.7105402],Reward_sum: 56.70069885253906, Done: [False]
==========
t: 34, State: [[ 0.19007326  1.29051421  0.06919187 -0.22275406 -0.0179101   0.78938293
   0.86819981 -0.68345044  0.58053589 -0.97912367  0.87597611 -0.01884566]], Action: [[1.        0.6171764 1.       ]], Reward: [1.7976718],Reward_sum: 58.49837112426758, Done: [False]
==========
t: 35, State: [[ 0.19695167  1.28484183  0.07647975 -0.22517464 -0.01521632  0.7892636
   0.85154252 -0.7343634   1.2404386   0.37218213 -0.2011653  -0.0115598 ]], Action: [[ 0.8630875  -0.71507394  1.        ]], Reward: [1.8575453],Reward_sum: 60.35591506958008, Done: [False]
==========
t: 36, State: [[ 0.20304521  1.2786597   0.07964506 -0.22760103 -0.02180365  0.78919487
   0.67187458 -0.81154608 -0.44717639 -0.9771653  -1.44435421 -0.00612989]], Action: [[-1. -1.  1.]], Reward: [1.7586924],Reward_sum: 62.11460876464844, Done: [False]
==========
t: 37, State: [[ 0.20856068  1.27165426  0.0734124  -0.2417005  -0.02742111  0.78914169
   0.70681366 -0.94031331 -1.10996379 -2.54553962  0.03818641 -0.00688494]], Action: [[-1.  1.  1.]], Reward: [1.6864346],Reward_sum: 63.80104446411133, Done: [False]
==========
t: 38, State: [[ 0.21478019  1.26381274  0.07064131 -0.25643475 -0.02404093  0.78908913
   0.84807438 -1.01943821  0.41553792 -1.13976299  0.80616041 -0.00616574]], Action: [[1.        0.6505336 1.       ]], Reward: [1.775015],Reward_sum: 65.57605743408203, Done: [False]
==========
t: 39, State: [[ 0.22158328  1.25546999  0.0774499  -0.25938094 -0.02145679  0.78905496
   0.85283241 -1.06603488  1.28535061  0.40118979 -0.15888518 -0.00272285]], Action: [[ 1.        -0.6213634  1.       ]], Reward: [1.8480008],Reward_sum: 67.42405700683594, Done: [False]
==========
t: 40, State: [[ 2.27680021e-01  1.24662139e+00  8.09716713e-02 -2.61571611e-01
  -2.77074054e-02  7.89046319e-01  6.71379053e-01 -1.14641151e+00
  -4.02942038e-01 -9.47240698e-01 -1.40244269e+00  1.90924775e-04]], Action: [[-1. -1.  1.]], Reward: [1.759092],Reward_sum: 69.18315124511719, Done: [False]
==========
t: 41, State: [[ 2.33183574e-01  1.23692197e+00  7.50953691e-02 -2.75428075e-01
  -3.29888278e-02  7.89036149e-01  7.04314239e-01 -1.27893986e+00
  -1.06511438e+00 -2.51470471e+00  8.02815607e-02 -2.35594215e-03]], Action: [[-1.  1.  1.]], Reward: [1.6849442],Reward_sum: 70.86809539794922, Done: [False]
==========
t: 42, State: [[ 0.23931974  1.22640066  0.07235565 -0.28984623 -0.03015198  0.78901591
   0.82979645 -1.35071725  0.3785734  -1.09163948  0.62847274 -0.0025971 ]], Action: [[1.        0.4888664 1.       ]], Reward: [1.7647823],Reward_sum: 72.63288116455078, Done: [False]
==========
t: 43, State: [[ 2.45826906e-01  1.21546056e+00  7.81227239e-02 -2.92245317e-01
  -3.09794941e-02  7.89008593e-01  7.97157483e-01 -1.38413825e+00
   1.06212372e+00  4.89753349e-01 -8.33554975e-01  3.91578369e-04]], Action: [[ 1.         -0.98776543  1.        ]], Reward: [1.8104194],Reward_sum: 74.44329833984375, Done: [False]
==========
t: 44, State: [[ 2.51635985e-01  1.20401194e+00  8.06472452e-02 -2.93902956e-01
  -4.05075878e-02  7.89015914e-01  6.55052179e-01 -1.47843996e+00
  -4.29171306e-01 -9.02422127e-01 -1.54771889e+00  1.28403457e-03]], Action: [[-1.        -0.6140481  1.       ]], Reward: [1.7237579],Reward_sum: 76.16705322265625, Done: [False]
==========
t: 45, State: [[ 2.57058616e-01  1.19166498e+00  7.54462111e-02 -3.06307698e-01
  -4.70307012e-02  7.89013324e-01  7.00485019e-01 -1.60846582e+00
  -8.70373235e-01 -2.19697767e+00 -8.48207710e-02 -1.54008362e-03]], Action: [[-0.81334573  1.          1.        ]], Reward: [1.6751673],Reward_sum: 77.84222412109375, Done: [False]
==========
t: 46, State: [[ 0.26317514  1.17852563  0.07427036 -0.31820157 -0.04547992  0.78899895
   0.82870208 -1.67586955  0.57476433 -0.7782861   0.47202603 -0.00194428]], Action: [[1.        0.4943774 1.       ]], Reward: [1.7623205],Reward_sum: 79.60454559326172, Done: [False]
==========
t: 47, State: [[ 0.26928235  1.16506727  0.07389965 -0.32738001 -0.04695471  0.78898998
   0.72601756 -1.61410791 -0.72518671 -1.52765445 -0.8579975  -0.00266973]], Action: [[-0.58206886 -1.          1.        ]], Reward: [1.7610624],Reward_sum: 81.36560821533203, Done: [False]
==========
t: 48, State: [[ 0.27640342  1.15291804  0.07134017 -0.33875122 -0.04970976  0.78889836
   1.0560365  -1.42854548  0.09433658 -1.31773206  0.16009211 -0.0181837 ]], Action: [[0.3016534 1.        1.       ]], Reward: [1.8880434],Reward_sum: 83.25365447998047, Done: [False]
==========
t: 49, State: [[ 0.28537094  1.14234783  0.07470881 -0.34336554 -0.05406335  0.78876729
   1.18249239 -1.22097283  0.74968088  0.16424789 -1.24228421 -0.01428978]], Action: [[ 1.        -0.8142983  1.       ]], Reward: [2.1182764],Reward_sum: 85.37193298339844, Done: [False]
==========
t: 50, State: [[ 0.29532757  1.13289438  0.07686474 -0.34850165 -0.06143524  0.78863174
   1.30396084 -1.14879426 -0.20580633 -1.44480678 -0.59901708 -0.01834082]], Action: [[-1.          0.54197705  0.9116355 ]], Reward: [2.2424548],Reward_sum: 87.61438751220703, Done: [False]
==========
t: 51, State: [[ 0.30699918  1.12405431  0.07951181 -0.35827108 -0.06214942  0.78841655
   1.61307612 -1.06563503  0.87057815 -0.99791496  0.41893993 -0.03276341]], Action: [[0.45525342 1.         0.68054414]], Reward: [2.4572804],Reward_sum: 90.07167053222656, Done: [False]
==========
t: 52, State: [[ 0.31938852  1.11569025  0.07928401 -0.37170534 -0.0640041   0.78825009
   1.47792383 -1.03298569 -0.92597825 -2.35476701 -0.87025372 -0.01054535]], Action: [[-1.        -1.         0.9170704]], Reward: [2.5458272],Reward_sum: 92.61750030517578, Done: [False]
==========
t: 53, State: [[ 0.33229034  1.10751156  0.07646046 -0.38836002 -0.06661713  0.78808067
   1.74750999 -1.01461809  0.22329526 -1.8100418   0.21382524 -0.02884532]], Action: [[0.499507   1.         0.52120644]], Reward: [2.6112063],Reward_sum: 95.22870635986328, Done: [False]
==========
t: 54, State: [[ 0.34639709  1.09962829  0.0808938  -0.39664375 -0.07068298  0.78793321
   1.77524697 -0.96025068  0.88351436 -0.26014157 -1.22110127 -0.00960909]], Action: [[ 1.         -0.92730534  0.81746244]], Reward: [2.7608147],Reward_sum: 97.98951721191406, Done: [False]
==========
t: 55, State: [[ 0.36033115  1.09170703  0.08299306 -0.4045567  -0.0801735   0.78619703
   1.70507179 -1.02509773 -0.35488084 -1.71438766 -1.14796138 -0.41808607]], Action: [[-1.         -0.04100654 -0.26536572]], Reward: [2.7406855],Reward_sum: 100.73019409179688, Done: [False]
==========
t: 56, State: [[ 0.37472622  1.0832841   0.08338245 -0.41767287 -0.08446027  0.78201953
   1.89437527 -1.08197185  0.45490943 -1.56561374  0.07209029 -0.62836739]], Action: [[ 2.0544885e-01  1.0000000e+00 -6.2119216e-04]], Reward: [2.7983422],Reward_sum: 103.52853393554688, Done: [False]
==========
t: 57, State: [[ 0.38958356  1.07439352  0.08443366 -0.43212307 -0.08564444  0.77455407
   1.81939331 -1.14236933 -0.18957515 -2.04615875 -0.36767857 -1.23682353]], Action: [[-0.37219268 -0.37887368 -0.44263572]], Reward: [2.8566892],Reward_sum: 106.38522338867188, Done: [False]
==========
t: 58, State: [[ 0.40409211  1.06481786  0.08073887 -0.45236346 -0.08601386  0.76348846
   1.80679971 -1.25387399 -0.73121528 -3.01228941  0.27450419 -1.52875684]], Action: [[-0.64442176  0.40830106 -0.18955058]], Reward: [2.8129508],Reward_sum: 109.19817352294922, Done: [False]
==========
t: 59, State: [[ 0.41891674  1.05463837  0.07963306 -0.4705705  -0.08465729  0.75105029
   1.90050427 -1.29049918  0.45506671 -1.5422671   0.06291087 -1.58273133]], Action: [[ 1.         -0.04613104 -0.01615115]], Reward: [2.852076],Reward_sum: 112.05024719238281, Done: [False]
==========
t: 60, State: [[ 0.4338467   1.04405498  0.08116062 -0.48475227 -0.08526628  0.73276349
   1.83173009 -1.35600767 -0.07208477 -2.00248602 -0.21491484 -2.9873576 ]], Action: [[-0.3512001  -0.27503702 -1.        ]], Reward: [2.8650467],Reward_sum: 114.91529083251953, Done: [False]
==========
t: 61, State: [[ 0.44847342  1.03315142  0.08273309 -0.49657377 -0.09000838  0.70332863
   1.8252334  -1.36916771  0.46315376 -0.9542987  -0.9694114  -4.36977931]], Action: [[ 0.6654873  -0.54016316 -1.        ]], Reward: [2.8266044],Reward_sum: 117.74189758300781, Done: [False]
==========
t: 62, State: [[ 0.46314198  1.02178601  0.08388751 -0.51043908 -0.09150267  0.66286983
   1.8584216  -1.39094662 -0.12964967 -2.52013243  0.67770449 -5.42521807]], Action: [[-1.  1. -1.]], Reward: [2.8305702],Reward_sum: 120.57246398925781, Done: [False]
==========
t: 63, State: [[ 0.47889945  1.01248668  0.08941865 -0.52510642 -0.0826274   0.6212765
   2.08022857 -0.94577475  1.51098116 -1.14829196  1.52892007 -5.01084738]], Action: [[ 1.         0.3235878 -1.       ]], Reward: [2.9675786],Reward_sum: 123.54005432128906, Done: [False]
==========
t: 64, State: [[ 0.49559256  1.00614995  0.09818712 -0.5403426  -0.06686651  0.58214022
   2.09101332 -0.6491389   0.67847951 -2.65740644  2.4016493  -4.8105345 ]], Action: [[-1.          0.20409712 -1.        ]], Reward: [3.0845983],Reward_sum: 126.62464904785156, Done: [False]
==========
t: 65, State: [[ 0.51258985  1.00263612  0.10710142 -0.55542437 -0.05163758  0.54451375
   2.15847225 -0.23443904  1.54281889 -1.11455027  1.40187968 -4.62190466]], Action: [[ 1. -1. -1.]], Reward: [3.121661],Reward_sum: 129.74630737304688, Done: [False]
==========
t: 66, State: [[ 0.5299214   1.00154867  0.11631129 -0.57042924 -0.03621721  0.50687472
   2.1719449  -0.0465938   0.75585346 -2.63303235  2.44448965 -4.82048898]], Action: [[-1.          0.39455453 -1.        ]], Reward: [3.1642883],Reward_sum: 132.9105987548828, Done: [False]
==========
t: 67, State: [[ 0.54752306  1.00248486  0.12555151 -0.58527051 -0.02100125  0.46848733
   2.22857483  0.27726693  1.54610314 -1.07870997  1.35743692 -4.79697388]], Action: [[ 1.         -1.         -0.85805076]], Reward: [3.1974716],Reward_sum: 136.10806274414062, Done: [False]
==========
t: 68, State: [[ 5.65426795e-01  1.00511630e+00  1.35013863e-01 -6.00034040e-01
  -5.04483891e-03  4.28071971e-01  2.24476413e+00  3.73444349e-01
   8.16205986e-01 -2.60850109e+00  2.62462435e+00 -5.33136692e+00]], Action: [[-1.          0.61431193 -1.        ]], Reward: [3.2355888],Reward_sum: 139.34365844726562, Done: [False]
==========
t: 69, State: [[ 0.5834943   1.00923792  0.14400017 -0.61453937  0.01035947  0.38510898
   2.27061001  0.65851278  1.40972197 -1.01689459  1.1994412  -5.41662271]], Action: [[ 1.        -1.        -0.7798015]], Reward: [3.2558305],Reward_sum: 142.5994873046875, Done: [False]
==========
t: 70, State: [[ 0.60103144  1.01534266  0.14834997 -0.62796977  0.01642572  0.34011134
   2.11943384  0.86201523 -0.29128967 -2.34572683  0.40270227 -5.84964395]], Action: [[-1.          0.94227743 -1.        ]], Reward: [3.1892536],Reward_sum: 145.7887420654297, Done: [False]
==========
t: 71, State: [[ 0.61802535  1.02311684  0.14577247 -0.64517609  0.01778757  0.29120468
   2.13254647  1.07708378 -0.33599117 -1.96066022 -0.01185347 -6.39035339]], Action: [[ 0.21420766  0.778491   -1.        ]], Reward: [3.1225877],Reward_sum: 148.9113311767578, Done: [False]
==========
t: 72, State: [[ 0.6351099   1.03248778  0.14227094 -0.66044421  0.01689025  0.23768812
   2.14000124  1.26270635 -0.53240803 -1.85843424 -0.18642352 -6.99835058]], Action: [[ 0.03184397  1.         -1.        ]], Reward: [3.1335673],Reward_sum: 152.04489135742188, Done: [False]
==========
t: 73, State: [[ 0.65242275  1.04332625  0.13883737 -0.67320741  0.01510491  0.1790779
   2.18878235  1.44499229 -0.32410009 -1.33391777 -0.24614003 -7.66131734]], Action: [[ 0.33426845  1.         -1.        ]], Reward: [3.1619947],Reward_sum: 155.20687866210938, Done: [False]
==========
t: 74, State: [[ 0.67024757  1.05561763  0.13827767 -0.68045557  0.01310367  0.11499099
   2.26742092  1.62646397  0.18321934 -0.47935297 -0.24742025 -8.36578158]], Action: [[ 0.57080436  1.         -1.        ]], Reward: [3.2257771],Reward_sum: 158.4326629638672, Done: [False]
==========
t: 75, State: [[ 0.68819947  1.0691745   0.1366081  -0.68670245  0.01123865  0.04523168
   2.21952611  1.76145648 -0.60324368 -1.08080971 -0.21673739 -9.07842458]], Action: [[-0.4490376  1.        -1.       ]], Reward: [3.2417858],Reward_sum: 161.67445373535156, Done: [False]
==========
t: 76, State: [[ 7.06371914e-01  1.08397829e+00  1.35036356e-01 -6.90410658e-01
   9.62696950e-03 -3.04482718e-02  2.32285873e+00  1.93819072e+00
   2.07505833e-01  1.52654863e-01 -1.85088890e-01 -9.84613839e+00]], Action: [[ 0.83482486  1.         -1.        ]], Reward: [3.2688582],Reward_sum: 164.9433135986328, Done: [False]
==========
t: 77, State: [[ 7.24463489e-01  1.09987108e+00  1.30728123e-01 -6.94740348e-01
   8.31939969e-03 -1.12209226e-01  2.19840137e+00  2.03321277e+00
  -1.28701405e+00 -1.23213086e+00 -1.43065871e-01 -1.00000000e+01]], Action: [[-1.  1. -1.]], Reward: [3.258447],Reward_sum: 168.20176696777344, Done: [False]
==========
t: 78, State: [[ 7.42455394e-01  1.11679010e+00  1.24007385e-01 -6.99122482e-01
   7.27924839e-03 -2.00289495e-01  2.29848649e+00  2.19456447e+00
  -3.94878106e-01  1.35294431e-01 -1.17071016e-01 -1.00000000e+01]], Action: [[ 0.92210275  1.         -1.        ]], Reward: [3.2461379],Reward_sum: 171.44790649414062, Done: [False]
==========
t: 79, State: [[ 7.60766678e-01  1.13479374e+00  1.19803292e-01 -6.97803783e-01
   6.45917968e-03 -2.95073108e-01  2.27720282e+00  2.30363743e+00
  -6.58570220e-01  1.95683109e-01 -8.90063409e-02 -1.00000000e+01]], Action: [[ 0.00700946  1.         -1.        ]], Reward: [3.2869105],Reward_sum: 174.73480224609375, Done: [False]
==========
t: 80, State: [[ 7.79082311e-01  1.15367774e+00  1.15768864e-01 -6.93312077e-01
   5.82968152e-03 -3.96843304e-01  2.29952881e+00  2.41412767e+00
  -3.51348640e-01  9.27570543e-01 -6.90197228e-02 -1.00000000e+01]], Action: [[ 0.47353154  1.         -1.        ]], Reward: [3.2872298],Reward_sum: 178.02203369140625, Done: [False]
==========
t: 81, State: [[ 7.96834415e-01  1.17314350e+00  1.06851120e-01 -6.91375693e-01
   5.36955364e-03 -5.05751926e-01  2.13744318e+00  2.44941533e+00
  -1.87610908e+00 -4.41358739e-01 -4.74587757e-02 -1.00000000e+01]], Action: [[-1.          0.97920966 -1.        ]], Reward: [3.2160542],Reward_sum: 181.2380828857422, Done: [False]
==========
t: 82, State: [[ 8.14231379e-01  1.19301342e+00  9.59421648e-02 -6.88964592e-01
   5.00608467e-03 -6.22577117e-01  2.21324128e+00  2.48784988e+00
  -8.11118569e-01  1.03593855e+00 -4.47957057e-02 -1.00000000e+01]], Action: [[ 1.  1. -1.]], Reward: [3.1716206],Reward_sum: 184.40969848632812, Done: [False]
==========
t: 83, State: [[ 8.31331612e-01  1.21246558e+00  8.45755637e-02 -6.85691394e-01
   4.68350837e-03 -7.49896091e-01  2.06055399e+00  2.37319193e+00
  -2.03022967e+00 -2.15132919e-01 -3.59317798e-02 -1.00000000e+01]], Action: [[-0.90079683  0.93736947 -1.        ]], Reward: [3.134839],Reward_sum: 187.54454040527344, Done: [False]
==========
t: 84, State: [[ 8.48436416e-01  1.23071142e+00  7.43178649e-02 -6.81912187e-01
   4.34446528e-03 -8.61546886e-01  2.24907240e+00  2.14051959e+00
  -4.11518530e-01  1.12258955e+00 -5.13274131e-02 -9.15260064e+00]], Action: [[ 1.  1. -1.]], Reward: [3.1351004],Reward_sum: 190.6796417236328, Done: [False]
==========
t: 85, State: [[ 0.86632215  1.24661513  0.06762088 -0.6790854   0.0039683  -0.90614235
   2.21516556  1.85386325 -1.29822925 -0.40499898 -0.04095427 -2.70469466]], Action: [[-1.  1. -1.]], Reward: [3.232716],Reward_sum: 193.912353515625, Done: [False]
==========
t: 86, State: [[ 0.88460277  1.26093481  0.06177994 -0.6782743   0.00366631 -0.9131846
   2.34934796  1.73586778 -0.18508377  0.61262552 -0.03341335  0.53704616]], Action: [[0.7472174  1.         0.11537274]], Reward: [3.2835062],Reward_sum: 197.19586181640625, Done: [False]
==========
t: 87, State: [[ 0.90387698  1.27451081  0.06478862 -0.66872442  0.00333886 -0.90198806
   2.46723488  1.66035653  0.93022068  1.77532734 -0.04543718  2.13915225]], Action: [[0.83474433 0.52118206 1.        ]], Reward: [3.407308],Reward_sum: 200.60317993164062, Done: [False]
==========
t: 88, State: [[ 9.23778893e-01  1.28737522e+00  7.35749061e-02 -6.53374053e-01
   2.90442484e-03 -8.79155339e-01  2.50818454e+00  1.55529828e+00
   1.26689466e+00  2.06183940e+00 -5.98140849e-02  3.56694082e+00]], Action: [[0.22279115 0.14951554 1.        ]], Reward: [3.4866672],Reward_sum: 204.08984375, Done: [False]
==========
t: 89, State: [[ 9.43817617e-01  1.29941997e+00  8.38473343e-02 -6.36219586e-01
   8.08014183e-04 -8.44842450e-01  2.50120870e+00  1.45560577e+00
   1.30080915e+00  2.22675227e+00 -4.63503736e-01  5.00928390e+00]], Action: [[ 0.11283844 -0.23526981  1.        ]], Reward: [3.5037725],Reward_sum: 207.59361267089844, Done: [False]
==========
t: 90, State: [[ 9.63654369e-01  1.31062509e+00  9.30258847e-02 -6.19137161e-01
  -4.80205854e-03 -7.98998921e-01  2.45774004e+00  1.34553822e+00
   9.93792928e-01  2.04422586e+00 -9.38093264e-01  6.44951286e+00]], Action: [[-0.13524517 -0.31489155  1.        ]], Reward: [3.4784765],Reward_sum: 211.07208251953125, Done: [False]
==========
t: 91, State: [[ 0.9832569   1.32084109  0.0998621  -0.60468969 -0.01186407 -0.7418083
   2.44260732  1.2084317   0.71481121  1.56846307 -0.82703393  7.84606446]], Action: [[-0.30470523  0.10317138  1.        ]], Reward: [3.4492133],Reward_sum: 214.52130126953125, Done: [False]
==========
t: 92, State: [[ 1.00268859  1.32994566  0.10400782 -0.59452304 -0.01806107 -0.67350945
   2.41495791  1.06763666  0.32107413  0.97425352 -0.72173834  9.22648303]], Action: [[-0.39175597  0.08868977  0.99602973]], Reward: [3.427808],Reward_sum: 217.94911193847656, Done: [False]
==========
t: 93, State: [[ 1.02189685  1.337814    0.10361892 -0.59225976 -0.02020591 -0.59746376
   2.38691446  0.89954432 -0.41834816 -0.40643972  0.18484897  9.78398303]], Action: [[-0.9020236   0.6074672   0.46004754]], Reward: [3.3996377],Reward_sum: 221.3487548828125, Done: [False]
==========
t: 94, State: [[ 1.04142231  1.34478554  0.10528133 -0.58976736 -0.01860096 -0.51741297
   2.49394361  0.84306568  0.83158046  1.02814761  0.2170361  10.        ]], Action: [[1.         0.12642327 0.3757175 ]], Reward: [3.4395254],Reward_sum: 224.7882843017578, Done: [False]
==========
t: 95, State: [[ 1.06105718  1.35105926  0.10826927 -0.58622372 -0.01560543 -0.43732448
   2.41518539  0.72588641 -0.0834361  -0.14103561  0.53115871  9.79465909]], Action: [[-0.8021007   0.13640335 -0.2428079 ]], Reward: [3.4536374],Reward_sum: 228.24191284179688, Done: [False]
==========
t: 96, State: [[ 1.08075336  1.35653088  0.11170115 -0.58299692 -0.01076048 -0.35517553
   2.50813883  0.64163685  0.93856848  0.94697917  0.68088352 10.        ]], Action: [[0.7688781  0.21100953 0.7265818 ]], Reward: [3.4608595],Reward_sum: 231.70277404785156, Done: [False]
==========
t: 97, State: [[ 1.10070743e+00  1.36124313e+00  1.17130678e-01 -5.79015633e-01
  -2.42883422e-03 -2.73318491e-01  2.48071443e+00  5.36764044e-01
   4.20152682e-01  4.92107157e-02  1.40073779e+00  9.72475495e+00]], Action: [[-0.592151    0.43757543 -0.627269  ]], Reward: [3.493323],Reward_sum: 235.1960906982422, Done: [False]
==========
t: 98, State: [[ 1.12031784e+00  1.36517908e+00  1.18955112e-01 -5.79381730e-01
   7.07401554e-03 -1.93251661e-01  2.40602305e+00  4.54931860e-01
  -4.65529998e-02 -1.22603487e-01  7.71645475e-01  1.00000000e+01]], Action: [[-0.16161315  0.41394827  0.4304483 ]], Reward: [3.4509184],Reward_sum: 238.64700317382812, Done: [False]
==========
t: 99, State: [[ 1.13966683  1.36856568  0.12111968 -0.57606419  0.01080773 -0.10616913
   2.43550482  0.38971215  0.60882404  0.9458145   0.22237429 10.        ]], Action: [[0.710885   0.24777022 0.8525924 ]], Reward: [3.4173295],Reward_sum: 242.0643310546875, Done: [False]
==========
t: 100, State: [[ 1.15857182  1.37130803  0.12031743 -0.57410433  0.01136579 -0.01614689
   2.29407255  0.29493907 -0.79322357 -0.45759939 -0.048756   10.        ]], Action: [[-1.          0.03343895 -0.25194052]], Reward: [3.3620596],Reward_sum: 245.4263916015625, Done: [False]
==========
t: 101, State: [[ 1.17728963  1.37345733  0.11863002 -0.5719454   0.01051471  0.07482011
   2.38622981  0.24217735  0.37456682  0.99452995 -0.14798598 10.        ]], Action: [[1.        0.6282747 0.5241584]], Reward: [3.3380566],Reward_sum: 248.7644500732422, Done: [False]
==========
t: 102, State: [[ 1.19589359e+00  1.37501765e+00  1.16372053e-01 -5.69693744e-01
   9.19242530e-03  1.65757980e-01  2.26602409e+00  1.47686848e-01
  -9.33019599e-01 -4.31063800e-01 -1.74705524e-01  1.00000000e+01]], Action: [[-1.          0.44770178 -0.41024062]], Reward: [3.3241262],Reward_sum: 252.0885772705078, Done: [False]
==========
t: 103, State: [[ 1.21442261e+00  1.37598604e+00  1.13716501e-01 -5.67360303e-01
   7.79118961e-03  2.56764484e-01  2.36624766e+00  9.48110248e-02
   2.67575423e-01  1.01261679e+00 -1.71366749e-01  1.00000000e+01]], Action: [[1.         0.58478665 0.54084206]], Reward: [3.3144932],Reward_sum: 255.403076171875, Done: [False]
==========
t: 104, State: [[ 1.23290113e+00  1.37638827e+00  1.10728588e-01 -5.64996047e-01
   6.58148124e-03  3.46954486e-01  2.25393117e+00  5.62623978e-03
  -1.01163130e+00 -4.20246417e-01 -1.32295776e-01  1.00000000e+01]], Action: [[-1.          0.78160787 -0.5606509 ]], Reward: [3.3078892],Reward_sum: 258.7109680175781, Done: [False]
==========
t: 105, State: [[ 1.25133813e+00  1.37623299e+00  1.07430186e-01 -5.62578488e-01
   5.54238090e-03  4.36497498e-01  2.35529124e+00 -4.38554946e-02
   1.84883125e-01  1.02291313e+00 -1.24972410e-01  1.00000000e+01]], Action: [[1.         0.45912883 0.5649532 ]], Reward: [3.303096],Reward_sum: 262.0140686035156, Done: [False]
==========
t: 106, State: [[ 1.26974524e+00  1.37554271e+00  1.03829877e-01 -5.60145636e-01
   4.74579363e-03  5.24765256e-01  2.24677361e+00 -1.29013290e-01
  -1.08265306e+00 -4.13170751e-01 -7.78510923e-02  1.00000000e+01]], Action: [[-1.         0.9052683 -0.6686716]], Reward: [3.2986212],Reward_sum: 265.31268310546875, Done: [False]
==========
t: 107, State: [[ 1.28812440e+00  1.37432515e+00  9.99220704e-02 -5.57668133e-01
   4.07284078e-03  6.11964842e-01  2.34814683e+00 -1.74710933e-01
   1.04090416e-01  1.03066752e+00 -8.69197293e-02  1.00000000e+01]], Action: [[1.        0.2729003 0.5942226]], Reward: [3.295968],Reward_sum: 268.608642578125, Done: [False]
==========
t: 108, State: [[ 1.30648586e+00  1.37260204e+00  9.57268074e-02 -5.55184004e-01
   3.58766301e-03  6.97304726e-01  2.24230459e+00 -2.56631105e-01
  -1.15076075e+00 -4.07961706e-01 -3.91690757e-02  1.00000000e+01]], Action: [[-1.          0.98519075 -0.8055906 ]], Reward: [3.2925632],Reward_sum: 271.9012145996094, Done: [False]
==========
t: 109, State: [[ 1.32482924e+00  1.37037889e+00  9.12427118e-02 -5.52662764e-01
   3.15498954e-03  7.80893673e-01  2.34384456e+00 -2.98475338e-01
   2.88926988e-02  1.03620248e+00 -6.42119429e-02  1.00000000e+01]], Action: [[1.         0.08846164 0.60546833]], Reward: [3.291547],Reward_sum: 275.1927490234375, Done: [False]
==========
t: 110, State: [[ 1.34314470e+00  1.36814173e+00  8.73245001e-02 -5.49230413e-01
   2.87945516e-03  8.40708776e-01  2.23584825e+00 -2.71992101e-01
  -1.00352054e+00 -1.78217727e-01 -1.16498015e-02  4.49557305e+00]], Action: [[-0.8551596  1.        -0.9465768]], Reward: [3.2868056],Reward_sum: 278.47955322265625, Done: [False]
==========
t: 111, State: [[ 1.36136212  1.36614281  0.0841978  -0.54481617  0.00265955  0.86163311
   2.31985499 -0.23659968  0.22170131  1.27826059 -0.03960327  1.1148087 ]], Action: [[1.         0.07368234 1.        ]], Reward: [3.2751715],Reward_sum: 281.7547607421875, Done: [False]
==========
t: 112, State: [[ 1.37975903  1.36402466  0.08444336 -0.53647731  0.00248282  0.86277906
   2.28007392 -0.29748271 -0.16222217  0.80642508 -0.00854015 -0.60407571]], Action: [[-0.32514238  0.87977755 -0.637449  ]], Reward: [3.2983286],Reward_sum: 285.0531005859375, Done: [False]
==========
t: 113, State: [[ 1.39808832  1.3614306   0.08451794 -0.52840326  0.00238645  0.85483778
   2.30268798 -0.35355205  0.18025965  1.21111388 -0.0146339  -1.26704126]], Action: [[0.2822588  0.49473932 0.2692048 ]], Reward: [3.290764],Reward_sum: 288.3438720703125, Done: [False]
==========
t: 114, State: [[ 1.41609546  1.35812562  0.08102026 -0.52450295  0.00220381  0.84387336
   2.19978102 -0.47385443 -1.05275838 -0.23479192 -0.02867066 -1.4178118 ]], Action: [[-1.          0.11719397  0.45906836]], Reward: [3.2496676],Reward_sum: 291.5935363769531, Done: [False]
==========
t: 115, State: [[ 1.43409454e+00  1.35416625e+00  7.75503087e-02 -5.20616564e-01
   2.10415256e-03  8.32892797e-01  2.29956813e+00 -5.16435012e-01
   1.82551195e-01  1.20492206e+00  2.17949651e-04 -1.30586833e+00]], Action: [[1. 1. 1.]], Reward: [3.2468858],Reward_sum: 294.8404235839844, Done: [False]
==========
t: 116, State: [[ 1.45208425e+00  1.34952853e+00  7.40505721e-02 -5.16770352e-01
   2.00429753e-03  8.23054284e-01  2.19841793e+00 -6.43239057e-01
  -1.05497893e+00 -2.42012233e-01 -2.19369925e-02 -1.14285898e+00]], Action: [[-1.          0.05857113  0.38560426]], Reward: [3.247561],Reward_sum: 298.0879821777344, Done: [False]
==========
t: 117, State: [[ 1.47007128e+00  1.34420241e+00  7.05595344e-02 -5.12941939e-01
   1.95219968e-03  8.14829112e-01  2.29782049e+00 -6.88223215e-01
   1.79621841e-01  1.19774207e+00  5.45938912e-03 -9.16290044e-01]], Action: [[1. 1. 1.]], Reward: [3.245379],Reward_sum: 301.3333740234375, Done: [False]
==========
t: 118, State: [[ 1.48808917e+00  1.33820362e+00  6.75052848e-02 -5.08607445e-01
   1.90412803e-03  8.08202675e-01  2.20710778e+00 -8.11415532e-01
  -9.40902770e-01 -1.12840554e-01 -1.46518702e-02 -7.41589079e-01]], Action: [[-0.9049304   0.13610254  0.43804616]], Reward: [3.2512066],Reward_sum: 304.5845947265625, Done: [False]
==========
t: 119, State: [[ 1.50614043e+00  1.33153509e+00  6.49202648e-02 -5.03746051e-01
   1.89745568e-03  8.03043078e-01  2.30515893e+00 -8.55631034e-01
   2.92121431e-01  1.32683568e+00  9.78269081e-03 -5.55882282e-01]], Action: [[1. 1. 1.]], Reward: [3.2534068],Reward_sum: 307.83795166015625, Done: [False]
==========
t: 120, State: [[ 1.52429508e+00  1.32423399e+00  6.37156419e-02 -4.97272529e-01
   1.90565868e-03  7.99063514e-01  2.23387729e+00 -9.69443765e-01
  -5.91533382e-01  2.92547128e-01 -5.70368498e-03 -4.41081865e-01]], Action: [[-0.71216667  0.29358855  0.3894475 ]], Reward: [3.2685874],Reward_sum: 311.1065368652344, Done: [False]
==========
t: 121, State: [[ 1.54255231e+00  1.31630319e+00  6.39082693e-02 -4.89174056e-01
   1.94722071e-03  7.96077676e-01  2.32985667e+00 -1.01345403e+00
   6.37318667e-01  1.73072917e+00  1.34353619e-02 -3.12554064e-01]], Action: [[1. 1. 1.]], Reward: [3.2791538],Reward_sum: 314.38568115234375, Done: [False]
==========
t: 122, State: [[ 1.56099595e+00  1.30778698e+00  6.66522802e-02 -4.78050796e-01
   1.94632217e-03  7.93758637e-01  2.28149800e+00 -1.11539454e+00
   5.05369852e-02  1.05053914e+00 -1.04860883e-02 -2.65751002e-01]], Action: [[-0.4649644   0.18839905  0.06130738]], Reward: [3.305199],Reward_sum: 317.6908874511719, Done: [False]
==========
t: 123, State: [[ 1.57913421e+00  1.29853779e+00  6.57940703e-02 -4.71163721e-01
   1.91327039e-03  7.89561455e-01  2.25303620e+00 -1.19680632e+00
  -2.65245253e-01  6.71772865e-01  8.27132512e-04 -7.82854668e-01]], Action: [[-0.25901294  0.65243363 -0.36453867]], Reward: [3.2666566],Reward_sum: 320.9575500488281, Done: [False]
==========
t: 124, State: [[ 1.59693754e+00  1.28853597e+00  6.07921014e-02 -4.69242179e-01
   2.01732730e-03  7.83511608e-01  2.19768072e+00 -1.30360634e+00
  -9.85651039e-01 -1.90104067e-01  2.20232875e-02 -7.29527346e-01]], Action: [[-0.5931329   1.          0.03159142]], Reward: [3.2240636],Reward_sum: 324.1816101074219, Done: [False]
==========
t: 125, State: [[ 1.61492222e+00  1.27781671e+00  5.77931043e-02 -4.65004700e-01
   2.19284549e-03  7.83373805e-01  2.29822969e+00 -1.37621681e+00
   2.34226572e-01  1.24785811e+00  2.13742376e-02  6.93360134e-01]], Action: [[1. 1. 1.]], Reward: [3.245085],Reward_sum: 327.42669677734375, Done: [False]
==========
t: 126, State: [[ 1.63320457  1.2665784   0.05890049 -0.45589214  0.00231041  0.78319556
   2.27248514 -1.43342055  0.04344544  1.03042208  0.00923329 -0.7362547 ]], Action: [[-0.15080325  0.6107929  -1.        ]], Reward: [3.2838974],Reward_sum: 330.7106018066406, Done: [False]
==========
t: 127, State: [[ 1.65122977e+00  1.25480420e+00  5.75917707e-02 -4.49582224e-01
   2.34528896e-03  7.73958341e-01  2.23397808e+00 -1.51006096e+00
  -3.69834091e-01  5.47528955e-01  5.25329895e-04 -1.57207484e+00]], Action: [[-0.33341175  0.56295025 -0.5915181 ]], Reward: [3.2523725],Reward_sum: 333.96295166015625, Done: [False]
==========
t: 128, State: [[ 1.66880603  1.24229662  0.05081416 -0.44975107  0.00242629  0.76036224
   2.1600144  -1.6169376  -1.32454152 -0.5881509   0.01723188 -1.82653622]], Action: [[-0.7843464   1.         -0.18959588]], Reward: [3.1953816],Reward_sum: 337.1583557128906, Done: [False]
==========
t: 129, State: [[ 1.68648096e+00  1.22906761e+00  4.50865679e-02 -4.48678374e-01
   2.48277263e-03  7.51481271e-01  2.25874430e+00 -1.69023828e+00
  -1.07717306e-01  8.54402670e-01 -8.83026887e-04 -3.95522514e-01]], Action: [[1.        0.6724894 1.       ]], Reward: [3.2069142],Reward_sum: 340.3652648925781, Done: [False]
==========
t: 130, State: [[ 1.70450301  1.21533664  0.04413633 -0.44196986  0.00254172  0.74261453
   2.24658599 -1.74246739 -0.13068367  0.8229555   0.01351274 -1.81937908]], Action: [[-0.02255692  1.         -1.        ]], Reward: [3.2507546],Reward_sum: 343.61602783203125, Done: [False]
==========
t: 131, State: [[ 1.72207363e+00  1.20102138e+00  3.81937162e-02 -4.41165511e-01
   2.67429478e-03  7.23187822e-01  2.14611777e+00 -1.83636915e+00
  -1.35444274e+00 -6.20000797e-01  1.85220449e-02 -3.03578030e+00]], Action: [[-1.          0.92464614 -0.8673111 ]], Reward: [3.1937213],Reward_sum: 346.80975341796875, Done: [False]
==========
t: 132, State: [[ 1.73960244e+00  1.18615281e+00  3.22532228e-02 -4.40320223e-01
   2.78218065e-03  6.99361415e-01  2.23598995e+00 -1.88069182e+00
  -1.31567894e-01  8.29495279e-01  9.32006275e-03 -2.92103212e+00]], Action: [[1.         0.9220854  0.07117278]], Reward: [3.1892455],Reward_sum: 349.99896240234375, Done: [False]
==========
t: 133, State: [[ 1.75708394e+00  1.17074889e+00  2.62937809e-02 -4.39458850e-01
   2.89445053e-03  6.70395643e-01  2.13436665e+00 -1.97020771e+00
  -1.35822872e+00 -6.12208396e-01  1.73161928e-02 -4.31866268e+00]], Action: [[-1.  1. -1.]], Reward: [3.1821876],Reward_sum: 353.18115234375, Done: [False]
==========
t: 134, State: [[ 1.77451196e+00  1.15481109e+00  2.02886578e-02 -4.38545401e-01
   2.91656012e-03  6.36533309e-01  2.22274285e+00 -2.01425219e+00
  -1.42909732e-01  8.38522965e-01 -8.43809680e-03 -4.14732016e+00]], Action: [[1.         0.60658383 0.10430653]], Reward: [3.1771235],Reward_sum: 356.3582763671875, Done: [False]
==========
t: 135, State: [[ 1.79188891e+00  1.13834060e+00  1.42280082e-02 -4.37611912e-01
   2.92569082e-03  5.97791411e-01  2.12135748e+00 -2.10322169e+00
  -1.37281856e+00 -6.03076505e-01  8.45567032e-03 -5.53638819e+00]], Action: [[-1.  1. -1.]], Reward: [3.1691196],Reward_sum: 359.52740478515625, Done: [False]
==========
t: 136, State: [[ 1.81049333e+00  1.12140582e+00  1.06733635e-02 -4.38183789e-01
   1.80944839e-03  5.53034139e-01  2.59602986e+00 -2.12081058e+00
   6.34213302e-01  3.99921690e-01 -3.06659793e-01 -5.80058137e+00]], Action: [[0.93054    0.57509726 0.4329856 ]], Reward: [3.3241682],Reward_sum: 362.8515930175781, Done: [False]
==========
t: 137, State: [[ 1.83207704e+00  1.10415325e+00  1.39492641e-02 -4.41851738e-01
   2.18250998e-04  4.98534821e-01  2.77023294e+00 -2.19533167e+00
   1.14467978e-01 -1.28807463e+00 -1.01208335e-01 -7.75631999e+00]], Action: [[-1.  1. -1.]], Reward: [3.6949637],Reward_sum: 366.54656982421875, Done: [False]
==========
t: 138, State: [[ 1.85471874e+00  1.08934096e+00  1.92545145e-02 -4.50363095e-01
   3.41747090e-04  4.41668163e-01  2.86690339e+00 -1.48847846e+00
   1.14069564e+00 -8.17677031e-01  8.39734174e-02 -6.35214579e+00]], Action: [[ 0.3716445   0.12543824 -1.        ]], Reward: [3.8290584],Reward_sum: 370.3756103515625, Done: [False]
==========
t: 139, State: [[ 1.87728827e+00  1.07990157e+00  2.46120900e-02 -4.62689809e-01
   1.24176896e-03  3.96092357e-01  2.77098822e+00 -8.87028450e-01
   1.65555983e-01 -2.25630910e+00  1.17599586e-01 -5.10895561e+00]], Action: [[-1.  1. -1.]], Reward: [3.8181915],Reward_sum: 374.19378662109375, Done: [False]
==========
t: 140, State: [[ 1.89977646e+00  1.07515823e+00  3.12791069e-02 -4.75189029e-01
   2.01111173e-03  3.58678374e-01  2.85157484e+00 -3.15915085e-01
   1.48812946e+00 -8.69631289e-01  7.67946552e-02 -4.31288021e+00]], Action: [[ 0.9449805  0.6056278 -1.       ]], Reward: [3.808763],Reward_sum: 378.0025634765625, Done: [False]
==========
t: 141, State: [[ 1.92216085e+00  1.07430479e+00  3.85400732e-02 -4.87817717e-01
   2.60976973e-03  3.26199647e-01  2.74396738e+00  8.76222975e-02
   3.16725579e-01 -2.28448936e+00  7.09569294e-02 -3.86649769e+00]], Action: [[-1.          0.95234454 -1.        ]], Reward: [3.795143],Reward_sum: 381.7977294921875, Done: [False]
==========
t: 142, State: [[ 1.94377385e+00  1.07636873e+00  3.74931866e-02 -5.10220489e-01
   3.12421790e-03  2.95908299e-01  2.65874994e+00  4.14922455e-01
  -5.86250866e-01 -3.31432959e+00  5.71493408e-02 -3.75708386e+00]], Action: [[-0.7429256   0.96100783 -1.        ]], Reward: [3.6991491],Reward_sum: 385.49688720703125, Done: [False]
==========
t: 143, State: [[ 1.96530641e+00  1.08099377e+00  3.66430127e-02 -5.32050392e-01
   3.38273723e-03  2.65240023e-01  2.72508854e+00  7.31042065e-01
   3.68678892e-01 -2.14518613e+00  1.20569687e-02 -3.95188654e+00]], Action: [[ 0.782185  0.435496 -1.      ]], Reward: [3.6897686],Reward_sum: 389.1866455078125, Done: [False]
==========
t: 144, State: [[ 1.98664441e+00  1.08756095e+00  3.44012881e-02 -5.54802053e-01
   3.39368815e-03  2.32819325e-01  2.60819148e+00  9.01300072e-01
  -9.34480316e-01 -3.53992118e+00 -7.18576522e-03 -4.18730499e+00]], Action: [[-1.          0.37464458 -0.8701905 ]], Reward: [3.6653519],Reward_sum: 392.85198974609375, Done: [False]
==========
t: 145, State: [[ 2.00773542e+00  1.09563968e+00  3.00705835e-02 -5.78974255e-01
   3.35282571e-03  1.97040144e-01  2.66434702e+00  1.11332705e+00
  -1.54875353e-01 -2.50416432e+00 -3.63172003e-03 -4.78016327e+00]], Action: [[ 0.6874697  0.8020551 -1.       ]], Reward: [3.6342602],Reward_sum: 396.4862365722656, Done: [False]
==========
t: 146, State: [[ 2.02853671e+00  1.10499832e+00  2.33474160e-02 -6.04540495e-01
   3.38304925e-03  1.56177210e-01  2.53405991e+00  1.22174102e+00
  -1.53315670e+00 -3.88389293e+00  9.27965741e-03 -5.45015917e+00]], Action: [[-1.         0.8969817 -1.       ]], Reward: [3.5973568],Reward_sum: 400.0835876464844, Done: [False]
==========
t: 147, State: [[ 2.04900537e+00  1.11545265e+00  1.39593659e-02 -6.31387374e-01
   3.46629311e-03  1.09493670e-01  2.58281117e+00  1.39009240e+00
  -8.19998829e-01 -2.82889996e+00  1.09448210e-02 -6.23115399e+00]], Action: [[ 0.6937281  1.        -1.       ]], Reward: [3.5561016],Reward_sum: 403.63970947265625, Done: [False]
==========
t: 148, State: [[ 2.06960023e+00  1.12710252e+00  7.29394943e-03 -6.53034862e-01
   3.56360891e-03  5.63999709e-02  2.56501285e+00  1.52099525e+00
  -8.52293703e-01 -2.58241659e+00  1.28098616e-02 -7.04811885e+00]], Action: [[ 0.12994738  1.         -1.        ]], Reward: [3.5723412],Reward_sum: 407.2120361328125, Done: [False]
==========
t: 149, State: [[ 2.09003863e+00  1.13977391e+00  3.12491732e-04 -6.72608124e-01
   3.66471469e-03 -3.35036561e-03  2.54370759e+00  1.64590995e+00
  -8.98295043e-01 -2.31043144e+00  1.22299939e-02 -7.89297537e+00]], Action: [[ 0.14564689  1.         -1.        ]], Reward: [3.5527785],Reward_sum: 410.7647705078125, Done: [False]
==========
t: 150, State: [[ 2.11057007e+00  1.15355855e+00 -4.09827902e-03 -6.86544184e-01
   3.74445468e-03 -6.99891422e-02  2.58882860e+00  1.79980053e+00
  -2.08202981e-01 -1.17472211e+00  8.00408327e-03 -8.76902636e+00]], Action: [[ 0.7518967  1.        -1.       ]], Reward: [3.563864],Reward_sum: 414.32867431640625, Done: [False]
==========
t: 151, State: [[ 2.13137831e+00  1.16852371e+00 -3.91883269e-03 -6.92401930e-01
   3.79990962e-03 -1.43666020e-01  2.61286523e+00  1.94076131e+00
   2.50594853e-01 -2.90447075e-01  5.94511388e-03 -9.65179247e+00]], Action: [[ 0.580313  1.       -1.      ]], Reward: [3.5986931],Reward_sum: 417.9273681640625, Done: [False]
==========
t: 152, State: [[ 2.15175303e+00  1.18429939e+00 -6.74213302e-03 -6.98733229e-01
   3.86741101e-03 -2.24304227e-01  2.47934326e+00  2.00168678e+00
  -9.59284930e-01 -1.28981012e+00  1.01821469e-02 -1.00000000e+01]], Action: [[-0.7418054  1.        -1.       ]], Reward: [3.5442903],Reward_sum: 421.4716796875, Done: [False]
==========
t: 153, State: [[ 2.17183871e+00  1.20091888e+00 -1.05884756e-02 -7.03081206e-01
   3.91870698e-03 -3.12061990e-01  2.54130150e+00  2.15130913e+00
  -3.97879707e-03  2.01418233e-01  3.32873756e-03 -1.00000000e+01]], Action: [[ 1.  1. -1.]], Reward: [3.5077102],Reward_sum: 424.9793701171875, Done: [False]
==========
t: 154, State: [[ 2.19165606e+00  1.21832282e+00 -1.47433855e-02 -7.04526750e-01
   3.96134827e-03 -4.07128604e-01  2.41219764e+00  2.19828805e+00
  -1.03479669e+00 -5.61222765e-01  6.73097630e-03 -1.00000000e+01]], Action: [[-0.58062387  1.         -1.        ]], Reward: [3.4748309],Reward_sum: 428.4542236328125, Done: [False]
==========
t: 155, State: [[ 2.21115223e+00  1.23641217e+00 -1.92396908e-02 -7.03032082e-01
   3.98670180e-03 -5.09670570e-01  2.46139640e+00  2.32177129e+00
  -8.80529093e-02  9.33060310e-01  2.70590870e-04 -1.00000000e+01]], Action: [[ 1.  1. -1.]], Reward: [3.4340217],Reward_sum: 431.88824462890625, Done: [False]
==========
t: 156, State: [[ 2.23011600e+00  1.25496886e+00 -2.60826456e-02 -7.01029108e-01
   4.01313870e-03 -6.19860934e-01  2.28451204e+00  2.29521550e+00
  -1.58850478e+00 -4.36169093e-01  3.87991876e-03 -1.00000000e+01]], Action: [[-1.  1. -1.]], Reward: [3.367471],Reward_sum: 435.25567626953125, Done: [False]
==========
t: 157, State: [[ 2.24867737e+00  1.27331599e+00 -3.42587779e-02 -6.98649478e-01
   3.98958372e-03 -7.39849523e-01  2.35471627e+00  2.29031349e+00
  -4.56237469e-01  1.02994461e+00 -8.08021951e-03 -1.00000000e+01]], Action: [[ 1.  1. -1.]], Reward: [3.3171716],Reward_sum: 438.5728759765625, Done: [False]
==========
t: 158, State: [[ 2.26736494e+00  1.29059442e+00 -4.07944847e-02 -6.94974417e-01
   3.84922943e-03 -8.45932260e-01  2.35271226e+00  1.98677399e+00
  -1.06094768e+00 -1.42416684e-01 -2.90501618e-02 -8.79321776e+00]], Action: [[-0.76141113  0.85087216 -1.        ]], Reward: [3.3336418],Reward_sum: 441.906494140625, Done: [False]
==========
t: 159, State: [[ 2.28704246  1.30581535 -0.04289712 -0.69081848  0.00358871 -0.88956914
   2.55797178  1.83464396  0.5009268   1.18789396 -0.0329508  -2.77108656]], Action: [[ 0.9941523  1.        -1.       ]], Reward: [3.456702],Reward_sum: 445.36322021484375, Done: [False]
==========
t: 160, State: [[ 2.30728192  1.31962028 -0.04309244 -0.68726484  0.0033888  -0.89798335
   2.49606058  1.62520108 -0.56938856 -0.29214445 -0.0173986   0.28909962]], Action: [[-1.          1.          0.10863648]], Reward: [3.5279212],Reward_sum: 448.8911437988281, Done: [False]
==========
t: 161, State: [[ 2.32754009  1.33226215 -0.0453035  -0.68744885  0.00327243 -0.88898925
   2.56671167  1.5373481   0.01044998  0.24708157 -0.01178753  1.8609604 ]], Action: [[0.39414236 1.         1.        ]], Reward: [3.530116],Reward_sum: 452.4212646484375, Done: [False]
==========
t: 162, State: [[ 2.34818590e+00  1.34436904e+00 -4.28555486e-02 -6.81341155e-01
  -7.77809473e-05 -8.68220974e-01  2.59444482e+00  1.48889669e+00
   6.00758839e-01  1.27876101e+00 -8.24526864e-01  3.32914829e+00]], Action: [[ 0.68747    -0.48564705  1.        ]], Reward: [3.5790174],Reward_sum: 456.0002746582031, Done: [False]
==========
t: 163, State: [[ 2.36927482e+00  1.35579476e+00 -3.63491007e-02 -6.70971148e-01
  -4.24156754e-03 -8.36041879e-01  2.67744054e+00  1.36725180e+00
   1.02490426e+00  1.31398213e+00 -2.16767670e-01  4.71379471e+00]], Action: [[0.08405686 0.51539123 1.        ]], Reward: [3.6348417],Reward_sum: 459.6351013183594, Done: [False]
==========
t: 164, State: [[ 2.39077838e+00  1.36622049e+00 -2.82462457e-02 -6.61447706e-01
  -5.14479333e-03 -7.92715666e-01  2.69808123e+00  1.23891246e+00
   1.00033412e+00  1.06746751e+00 -8.88168752e-03  6.11577622e+00]], Action: [[-0.14046809  0.19700804  1.        ]], Reward: [3.6868873],Reward_sum: 463.3219909667969, Done: [False]
==========
t: 165, State: [[ 2.41236598e+00  1.37562155e+00 -2.07743605e-02 -6.53985883e-01
  -5.05200496e-03 -7.38179397e-01  2.69840157e+00  1.11107637e+00
   8.67117384e-01  7.98646938e-01  3.24991220e-02  7.51620849e+00]], Action: [[-0.16951966  0.06897321  1.        ]], Reward: [3.6974156],Reward_sum: 467.0194091796875, Done: [False]
==========
t: 166, State: [[ 2.43384143e+00  1.38390624e+00 -1.58019834e-02 -6.50546439e-01
  -4.17593515e-03 -6.72490166e-01  2.67000303e+00  9.59887750e-01
   3.75666580e-01  6.25121894e-02  1.86861611e-01  8.90391165e+00]], Action: [[-0.4928106   0.12167886  1.        ]], Reward: [3.683174],Reward_sum: 470.70257568359375, Done: [False]
==========
t: 167, State: [[ 2.45535263e+00  1.39097521e+00 -1.29221070e-02 -6.52129489e-01
   3.33227722e-04 -5.96640684e-01  2.70195216e+00  8.08273687e-01
   3.18959360e-01 -4.51578039e-01  8.81439591e-01  1.00000000e+01]], Action: [[-0.31059518  0.5762286   0.8729501 ]], Reward: [3.6877093],Reward_sum: 474.3902893066406, Done: [False]
==========
t: 168, State: [[ 2.47693755e+00  1.39715906e+00 -9.34353913e-03 -6.53340770e-01
   5.10760289e-03 -5.12853140e-01  2.69838873e+00  7.36421927e-01
   5.94916112e-01  1.43633743e-01  3.63516423e-01  1.00000000e+01]], Action: [[0.38159633 0.34190872 0.6095836 ]], Reward: [3.6974816],Reward_sum: 478.0877685546875, Done: [False]
==========
t: 169, State: [[ 2.49805460e+00  1.40253250e+00 -8.95909890e-03 -6.56522090e-01
   6.93263946e-03 -4.24844251e-01  2.58326374e+00  6.06499111e-01
  -4.87192943e-01 -9.40074026e-01  1.19128440e-01  1.00000000e+01]], Action: [[-0.77907914  0.8466232   0.20378837]], Reward: [3.638266],Reward_sum: 481.7260437011719, Done: [False]
==========
t: 170, State: [[ 2.51907236e+00  1.40725146e+00 -8.22357156e-03 -6.58208013e-01
   7.18514326e-03 -3.34217116e-01  2.67250757e+00  5.72813264e-01
   6.76385953e-01  5.15314788e-01 -3.61929734e-02  1.00000000e+01]], Action: [[1.         0.29095134 0.35741687]], Reward: [3.6260068],Reward_sum: 485.35205078125, Done: [False]
==========
t: 171, State: [[ 2.53993582e+00  1.41131159e+00 -8.05920923e-03 -6.59743786e-01
   6.65446370e-03 -2.43185678e-01  2.54453960e+00  4.42344367e-01
  -6.29835724e-01 -8.98618815e-01 -8.78864276e-02  1.00000000e+01]], Action: [[-1.          0.39735582 -0.17024246]], Reward: [3.6067457],Reward_sum: 488.95880126953125, Done: [False]
==========
t: 172, State: [[ 2.56070040e+00  1.41468996e+00 -8.22057145e-03 -6.61157394e-01
   5.86575682e-03 -1.50957541e-01  2.64660340e+00  4.02344211e-01
   5.88229483e-01  5.43382503e-01 -1.04441242e-01  1.00000000e+01]], Action: [[1.         0.544564   0.49847692]], Reward: [3.594028],Reward_sum: 492.5528259277344, Done: [False]
==========
t: 173, State: [[ 2.58138249e+00  1.41741053e+00 -8.67791536e-03 -6.62494295e-01
   5.07580329e-03 -5.82401290e-02  2.52454727e+00  2.78055751e-01
  -6.99818974e-01 -8.76364334e-01 -9.21038309e-02  1.00000000e+01]], Action: [[-1.          0.51441884 -0.28718796]], Reward: [3.5839143],Reward_sum: 496.1367492675781, Done: [False]
==========
t: 174, State: [[ 2.60199704e+00  1.41947064e+00 -9.38683815e-03 -6.63738728e-01
   4.34831643e-03  3.55586870e-02  2.62885377e+00  2.37329327e-01
   5.19789185e-01  5.63697638e-01 -8.78741406e-02  1.00000000e+01]], Action: [[1.         0.4821653  0.59975606]], Reward: [3.5752265],Reward_sum: 499.71197509765625, Done: [False]
==========
t: 175, State: [[ 2.62254472e+00  1.42092035e+00 -1.04005526e-02 -6.64918834e-01
   3.76068893e-03  1.29062740e-01  2.50860167e+00  1.25268047e-01
  -7.70734673e-01 -8.57390560e-01 -6.07380131e-02  1.00000000e+01]], Action: [[-1.         0.6008042 -0.5230151]], Reward: [3.5668256],Reward_sum: 503.2787780761719, Done: [False]
==========
t: 176, State: [[ 2.64303277e+00  1.42176186e+00 -1.17185407e-02 -6.66010209e-01
   3.24813732e-03  2.22855669e-01  2.61326031e+00  8.56565302e-02
   4.38384482e-01  5.82922475e-01 -6.50769143e-02  1.00000000e+01]], Action: [[1.         0.3193145  0.69643295]], Reward: [3.5594184],Reward_sum: 506.83819580078125, Done: [False]
==========
t: 177, State: [[ 2.66346853e+00  1.42202547e+00 -1.33659797e-02 -6.67047701e-01
   2.86570539e-03  3.16279896e-01  2.49610619e+00 -1.97861890e-02
  -8.47776465e-01 -8.40875007e-01 -3.35114356e-02  1.00000000e+01]], Action: [[-1.          0.67163646 -0.6346059 ]], Reward: [3.5526161],Reward_sum: 510.39080810546875, Done: [False]
==========
t: 178, State: [[ 2.68385566e+00  1.42172185e+00 -1.53593835e-02 -6.68003219e-01
   2.50760532e-03  4.09636046e-01  2.60074506e+00 -5.54133320e-02
   3.47125419e-01  6.00166217e-01 -5.22983181e-02  1.00000000e+01]], Action: [[1.         0.09441945 0.74285483]], Reward: [3.5468311],Reward_sum: 513.9376220703125, Done: [False]
==========
t: 179, State: [[ 2.70420748e+00  1.42087331e+00 -1.76916246e-02 -6.68918159e-01
   2.26578132e-03  5.02451684e-01  2.48744417e+00 -1.56986617e-01
  -9.27990077e-01 -8.27312969e-01 -1.26774527e-02  1.00000000e+01]], Action: [[-1.          0.79933417 -0.71393114]], Reward: [3.5418284],Reward_sum: 517.4794921875, Done: [False]
==========
t: 180, State: [[ 2.72444825e+00  1.41951753e+00 -2.07706769e-02 -6.69679810e-01
   1.00910120e-03  5.94899312e-01  2.57274873e+00 -1.81110732e-01
   1.55346095e-01  6.35117044e-01 -3.00402694e-01  1.00000000e+01]], Action: [[ 1.         -0.10859132  0.7588234 ]], Reward: [3.5285082],Reward_sum: 521.0079956054688, Done: [False]
==========
t: 181, State: [[ 2.74477997e+00  1.41771202e+00 -2.30931281e-02 -6.69374663e-01
   2.83790840e-04  6.85263081e-01  2.51080726e+00 -2.70907679e-01
  -7.31123570e-01 -5.58010105e-01  1.21191602e-01  1.00000000e+01]], Action: [[-0.81236154  1.         -1.        ]], Reward: [3.5388052],Reward_sum: 524.5468139648438, Done: [False]
==========
t: 182, State: [[ 2.76517465e+00  1.41549410e+00 -2.47958511e-02 -6.67954275e-01
  -3.74922826e-04  7.72680149e-01  2.58790804e+00 -2.83014108e-01
   3.03281592e-01  9.11241670e-01 -2.84979837e-01  1.00000000e+01]], Action: [[ 1.         -0.20083624  0.59663767]], Reward: [3.547939],Reward_sum: 528.0947265625, Done: [False]
==========
t: 183, State: [[ 2.78578746e+00  1.41313423e+00 -2.47669253e-02 -6.65621876e-01
   1.75201441e-03  8.41636324e-01  2.52699379e+00 -2.86926117e-01
  -4.65163890e-01 -2.87129635e-01  3.49638258e-01  5.35995800e+00]], Action: [[-0.80785733  1.         -1.        ]], Reward: [3.5739481],Reward_sum: 531.668701171875, Done: [False]
==========
t: 184, State: [[ 2.80615818e+00  1.41120784e+00 -2.45211590e-02 -6.61926518e-01
   2.02857228e-03  8.67142788e-01  2.56591215e+00 -2.04647111e-01
   5.19893293e-01  1.20946247e+00 -2.96556499e-01  1.45092330e+00]], Action: [[ 1.         -0.49770662  1.        ]], Reward: [3.5440934],Reward_sum: 535.2127685546875, Done: [False]
==========
t: 185, State: [[ 2.82658161e+00  1.40934627e+00 -2.14979393e-02 -6.54021796e-01
   4.69998332e-04  8.69892598e-01  2.53980613e+00 -2.65588585e-01
   2.29341026e-01  7.67951645e-01 -1.09777993e-01 -5.12114227e-01]], Action: [[-0.29534918  0.6484922   0.0015497 ]], Reward: [3.5524209],Reward_sum: 538.7651977539062, Done: [False]
==========
t: 186, State: [[ 2.84687290e+00  1.40693142e+00 -2.01037797e-02 -6.48742801e-01
   2.41176991e-04  8.62167519e-01  2.53240040e+00 -3.40417331e-01
   1.12958477e-01  5.53002669e-01  3.69125017e-02 -1.29034281e+00]], Action: [[-0.13943742  1.          0.9976889 ]], Reward: [3.5343964],Reward_sum: 542.299560546875, Done: [False]
==========
t: 187, State: [[ 2.86721800e+00  1.40395913e+00 -1.81849793e-02 -6.43203885e-01
   6.75381641e-04  8.50745711e-01  2.55328077e+00 -4.03877268e-01
   3.62169617e-01  8.32125963e-01  6.09557371e-02 -1.49956799e+00]], Action: [[0.19839735 0.70527554 1.        ]], Reward: [3.5416002],Reward_sum: 545.8411865234375, Done: [False]
==========
t: 188, State: [[ 2.88722130e+00  1.40016837e+00 -2.02305485e-02 -6.42302631e-01
   1.09821981e-03  8.38881768e-01  2.44781943e+00 -5.44416406e-01
  -8.72509353e-01 -6.05147888e-01  4.41691336e-02 -1.43566618e+00]], Action: [[-1.         0.5315609  0.8915552]], Reward: [3.4983346],Reward_sum: 549.3394775390625, Done: [False]
==========
t: 189, State: [[ 2.90722236e+00  1.39572438e+00 -2.22981781e-02 -6.41390267e-01
   1.45663633e-03  8.28113183e-01  2.55221727e+00 -5.66831009e-01
   3.53792874e-01  8.31607055e-01  4.42282267e-02 -1.24603027e+00]], Action: [[1. 1. 1.]], Reward: [3.497133],Reward_sum: 552.836669921875, Done: [False]
==========
t: 190, State: [[ 2.92724102e+00  1.39062174e+00 -2.42095072e-02 -6.40279425e-01
   1.78551802e-03  8.18994234e-01  2.45262024e+00 -7.08822733e-01
  -8.30383201e-01 -5.52249280e-01  3.77531760e-02 -1.03195402e+00]], Action: [[-0.96173793  0.8010006   0.8595128 ]], Reward: [3.5000274],Reward_sum: 556.336669921875, Done: [False]
==========
t: 191, State: [[ 2.94727744e+00  1.38485987e+00 -2.59496708e-02 -6.38943228e-01
   2.06698449e-03  8.11614224e-01  2.55625987e+00 -7.31625492e-01
   3.93917657e-01  8.84633489e-01  3.24062798e-02 -8.17144113e-01]], Action: [[1. 1. 1.]], Reward: [3.5015516],Reward_sum: 559.8382568359375, Done: [False]
==========
t: 192, State: [[ 2.96754126e+00  1.37856968e+00 -2.49914347e-02 -6.34398458e-01
   2.25358311e-03  8.05742122e-01  2.50991997e+00 -8.40770690e-01
  -1.53118140e-01  2.52146814e-01  1.58287259e-02 -6.53214920e-01]], Action: [[-0.4377153  0.6437564  0.5527977]], Reward: [3.5320668],Reward_sum: 563.3703002929688, Done: [False]
==========
t: 193, State: [[ 2.98802410e+00  1.37175431e+00 -2.13615425e-02 -6.26640575e-01
   2.28016240e-03  8.01153909e-01  2.61068541e+00 -8.63569471e-01
   1.06023546e+00  1.68554588e+00 -6.31594166e-03 -4.99119273e-01]], Action: [[1.         0.47493306 0.75333834]], Reward: [3.5585618],Reward_sum: 566.9288330078125, Done: [False]
==========
t: 194, State: [[ 3.00858402e+00  1.36433592e+00 -1.67128269e-02 -6.17592845e-01
   2.12081963e-03  7.97560159e-01  2.52982326e+00 -9.90585168e-01
   1.04481318e-01  5.77267164e-01 -2.98665406e-02 -4.00520013e-01]], Action: [[-0.7658334   0.01080725  0.23261577]], Reward: [3.5693483],Reward_sum: 570.4981689453125, Done: [False]
==========
t: 195, State: [[ 3.02886334e+00  1.35611092e+00 -1.54450510e-02 -6.12550677e-01
   2.03647556e-03  7.94243423e-01  2.53965831e+00 -1.06559850e+00
   2.10721422e-01  6.83509040e-01  4.49644605e-03 -4.28462637e-01]], Action: [[ 0.07868142  1.         -0.02027624]], Reward: [3.5339086],Reward_sum: 574.0321044921875, Done: [False]
==========
t: 196, State: [[ 3.04905069e+00  1.34722295e+00 -1.52752456e-02 -6.08900463e-01
   2.14996729e-03  7.89523996e-01  2.50704919e+00 -1.15627036e+00
  -1.68829046e-01  2.29782259e-01  2.12705470e-02 -7.50894976e-01]], Action: [[-0.31274682  1.         -0.22877902]], Reward: [3.5222688],Reward_sum: 577.5543823242188, Done: [False]
==========
t: 197, State: [[ 3.06951255e+00  1.33784569e+00 -1.17616581e-02 -6.01320937e-01
   2.24729206e-03  7.85350699e-01  2.60815183e+00 -1.18810029e+00
   1.04652034e+00  1.66344994e+00  4.95122455e-03 -3.16420202e-01]], Action: [[1.         0.6530474  0.47345716]], Reward: [3.5560822],Reward_sum: 581.1104736328125, Done: [False]
==========
t: 198, State: [[ 3.08997012e+00  1.32785992e+00 -8.11974382e-03 -5.93511662e-01
   2.19512656e-03  7.80406235e-01  2.50674333e+00 -1.30788117e+00
  -1.33578608e-01  2.90138671e-01 -1.51556389e-02 -9.19024749e-01]], Action: [[-0.95114374  0.19120279 -0.42801696]], Reward: [3.556071],Reward_sum: 584.66650390625, Done: [False]
==========
t: 199, State: [[ 3.11043106e+00  1.31727232e+00 -4.28598104e-03 -5.85454013e-01
   2.10325760e-03  7.74315533e-01  2.60814578e+00 -1.33957723e+00
   1.09035577e+00  1.72275700e+00 -8.39926377e-03 -6.04075569e-01]], Action: [[1.         0.6918808  0.22024941]], Reward: [3.5560906],Reward_sum: 588.22265625, Done: [False]
==========
Hopper - Steps: 200, Return: 588.22265625, State: [[ 3.11043106e+00  1.31727232e+00 -4.28598104e-03 -5.85454013e-01
   2.10325760e-03  7.74315533e-01  2.60814578e+00 -1.33957723e+00
   1.09035577e+00  1.72275700e+00 -8.39926377e-03 -6.04075569e-01]]
