[CudaDevice(id=0)]
Using AIRL:  True
Using GAIL:  False
Using RGCL:  False
Experiment State @  2025-05-15 03:39:22.610154-05:00
Experiment Saved @  results/experiment_131
Experiment Settings Saved @  results/experiment_131
131
Using cuda device
Wrapping the env with a `Monitor` wrapper
Wrapping the env in a DummyVecEnv.
Wrapping the env with a `Monitor` wrapper
Wrapping the env in a DummyVecEnv.
t: 0, State: [[ 1.38434360e-03  1.24924637e+00  1.83672546e-03  9.65663030e-03
  -2.94346778e-02  7.13572167e-02  4.88148905e-03  1.54413241e-03
   5.67239486e-02 -2.49994431e-03 -4.45998567e-01 -4.00091991e-02
   1.84320269e+00 -4.45777119e+00  1.00000000e+01 -1.62051565e-01
   1.08681336e-01  1.00000000e+01]], Action: [[ 1.         -0.33317873  1.          1.          1.          1.        ]], Reward: [0.98485255],Reward_sum: 0.9848525524139404, Done: [False]
==========
t: 1, State: [[ 2.66665241e-03  1.24557272e+00  4.97235735e-03  1.50154761e-02
  -3.58204692e-02  1.36199796e-01  5.96257719e-03  3.23327224e-03
   2.02947172e-01  3.07928085e-01 -4.70531577e-01  7.21098313e-01
  -6.03170778e-01  2.78974060e+00  4.80107040e-01  3.67400386e-01
   2.95526429e-01  1.00000000e+01]], Action: [[ 0.79841805  1.         -1.          1.          1.          0.75198555]], Reward: [1.1550857],Reward_sum: 2.1399383544921875, Done: [False]
==========
t: 2, State: [[ 5.12337012e-03  1.24160494e+00  9.83430216e-03  6.38646361e-03
  -6.04510479e-03  1.47775344e-01  8.80078085e-03  3.48690323e-03
   3.67058065e-01  3.05362487e-01 -5.22224963e-01  4.85912523e-01
  -1.55927791e+00  4.65008975e+00  2.39002398e+00  3.37398439e-01
  -3.01770903e-01  1.00000000e+01]], Action: [[ 1.          0.8160559   0.24025787 -0.20298046 -0.798229   -0.33648437]], Reward: [1.3045745],Reward_sum: 3.4445128440856934, Done: [False]
==========
t: 3, State: [[ 7.34657168e-03  1.23734134e+00  1.44547186e-02 -1.05831959e-03
   2.34522231e-02  2.01073992e-01  1.11702526e-02  2.92610561e-03
   4.62307574e-01  2.41201358e-01 -5.42769392e-01  7.07779669e-01
  -5.17165586e-02  2.35906761e+00  1.00000000e+01  2.89632952e-01
   1.11256271e-01  5.37069254e+00]], Action: [[ 1.          0.75318563  0.683973    0.27525923  0.5520965  -1.        ]], Reward: [1.2744845],Reward_sum: 4.718997478485107, Done: [False]
==========
t: 4, State: [[ 8.67281372e-03  1.23411605e+00  2.04573338e-02  2.98388600e-03
   3.59144711e-02  2.36005489e-01  1.23828119e-02  5.16829959e-03
   4.47405981e-01  7.39456458e-02 -2.64085759e-01  5.60104977e-01
   6.42937143e-01  9.44769363e-01 -2.37994979e+00 -1.79320131e-01
   3.78252149e-01 -8.96442213e+00]], Action: [[ 1.          1.         -1.         -0.24765565  1.         -1.        ]], Reward: [1.1607189],Reward_sum: 5.879716396331787, Done: [False]
==========
t: 5, State: [[ 9.21948289e-03  1.23032038e+00  2.17517506e-02  6.65830174e-03
   3.94160433e-02  2.74368585e-01  7.90627619e-03  7.74860769e-03
   4.31922023e-01  7.04369422e-02 -6.84356757e-01 -1.84247333e-01
   3.04071135e-01  3.93559279e-02  1.00000000e+01 -8.94473016e-01
   2.71096857e-01  5.05029344e+00]], Action: [[ 0.6923744   1.          1.         -0.46408787  0.7459694   1.        ]], Reward: [1.0640824],Reward_sum: 6.943799018859863, Done: [False]
==========
t: 6, State: [[ 9.47286165e-03  1.22593068e+00  2.18667540e-02  1.06895549e-02
   3.91919038e-02  3.13148878e-01  2.85976404e-03  9.73878223e-03
   4.16650824e-01 -8.46946487e-03 -4.13953147e-01  1.76169401e-01
   6.37108910e-01 -8.31661393e-02 -2.18560433e+00 -4.08328803e-01
   2.30372193e-01 -8.82819859e+00]], Action: [[ 1.          1.         -1.          0.91776836  1.         -1.        ]], Reward: [1.02583],Reward_sum: 7.969629287719727, Done: [False]
==========
t: 7, State: [[ 9.52289355e-03  1.22092619e+00  2.08612860e-02  1.42062735e-02
   3.70161492e-02  3.52231504e-01 -2.89801855e-03  1.14849142e-02
   4.02145517e-01  2.46065668e-02 -8.36376344e-01 -3.92972736e-01
   2.76766545e-01 -4.08816826e-01  1.00000000e+01 -9.98838336e-01
   2.02671500e-01  5.16038104e+00]], Action: [[ 0.8970486   1.          1.         -0.37800834  1.          1.        ]], Reward: [1.0013064],Reward_sum: 8.970935821533203, Done: [False]
==========
t: 8, State: [[ 9.55110992e-03  1.21531061e+00  2.00937696e-02  1.78198204e-02
   3.45550290e-02  3.90161328e-01 -7.66650599e-03  1.27944613e-02
   3.88022161e-01 -1.97386665e-02 -5.68439738e-01  1.66633631e-01
   5.75415509e-01 -2.24334501e-01 -2.40880148e+00 -2.29209323e-01
   1.31538535e-01 -8.65119392e+00]], Action: [[ 1.  1. -1.  1.  1. -1.]], Reward: [0.99752706],Reward_sum: 9.968462944030762, Done: [False]
==========
t: 9, State: [[ 9.46209229e-03  1.20907686e+00  1.84683661e-02  2.02784323e-02
   3.18996451e-02  4.27617683e-01 -1.27791273e-02  1.36777162e-02
   3.74810414e-01  1.26504289e-02 -9.41464062e-01 -4.81170956e-01
   8.67589974e-02 -4.20430078e-01  1.00000000e+01 -9.76012162e-01
   8.64758146e-02  5.03099938e+00]], Action: [[ 0.8107046   1.          1.         -0.49846587  0.8296498   1.        ]], Reward: [0.98427874],Reward_sum: 10.952741622924805, Done: [False]
==========
t: 10, State: [[ 0.00885888  1.20401002  0.01590804  0.02273337  0.02997336  0.46201074
  -0.01578473  0.01450286  0.36449365 -0.17855037 -0.3803767  -0.26472254
   0.47598204 -0.08731925 -2.11185564  0.11079248  0.11476797 -7.39447148]], Action: [[ 1.  1. -1.  1.  1. -1.]], Reward: [0.91859806],Reward_sum: 11.871339797973633, Done: [False]
==========
t: 11, State: [[ 0.00828889  1.20222213  0.0140319   0.02416757  0.02784959  0.47306447
  -0.01684063  0.0150973   0.3417229   0.04434373 -0.09541505 -0.14400239
  -0.05556177 -0.39767349  5.02602806 -0.32627386  0.03979462  1.76908063]], Action: [[ 0.8921361   1.          1.         -0.45805225  1.          1.        ]], Reward: [0.9237457],Reward_sum: 12.795085906982422, Done: [False]
==========
t: 12, State: [[ 9.92101115e-03  1.20211934e+00  1.68594073e-02  2.48287934e-02
   2.49083546e-02  5.45370334e-01 -1.67943919e-02  1.42526249e-02
   3.90936785e-01  3.61092782e-01  5.28188591e-02  8.13406001e-01
   1.87856608e-01 -3.33400414e-01  1.00000000e+01  2.81886158e-01
  -2.36421720e-01  1.00000000e+01]], Action: [[1. 1. 1. 1. 1. 1.]], Reward: [1.1980153],Reward_sum: 13.993101119995117, Done: [False]
==========
t: 13, State: [[ 1.21234342e-02  1.20380081e+00  2.30531767e-02  2.68777565e-02
   2.37355606e-02  6.03695450e-01 -1.35295060e-02  1.33590490e-02
   4.33611701e-01  1.84185843e-01  3.67027213e-01  7.02863360e-01
   3.05127121e-01  9.85821943e-04  1.58874531e+00  5.16926990e-01
  -1.27301923e-02  2.75418932e-01]], Action: [[ 1.         1.        -1.         0.5439895  1.        -0.7920595]], Reward: [1.2703795],Reward_sum: 15.263481140136719, Done: [False]
==========
t: 14, State: [[ 1.45540920e-02  1.20614858e+00  3.03786976e-02  2.94569418e-02
   2.27703255e-02  6.57312154e-01 -9.19709985e-03  1.24849845e-02
   4.75541992e-01  4.30154221e-01  2.32627932e-01  1.14471803e+00
   3.24547399e-01 -2.13762890e-01  1.00000000e+01  5.53748612e-01
  -1.82498301e-01  1.00000000e+01]], Action: [[1.       0.496526 1.       1.       1.       1.      ]], Reward: [1.2985857],Reward_sum: 16.56206703186035, Done: [False]
==========
t: 15, State: [[ 0.0174425   1.20897921  0.03887772  0.03200002  0.02241787  0.70670399
  -0.0048982   0.01172116  0.52873551  0.28720499  0.47482099  0.95716072
   0.30812105  0.0885992   0.85582464  0.51103099 -0.02593774  3.37898892]], Action: [[ 1.          1.         -1.          0.60528636  1.         -0.4541074 ]], Reward: [1.356478],Reward_sum: 17.91854476928711, Done: [False]
==========
t: 16, State: [[ 1.98651730e-02  1.21181182e+00  4.61237754e-02  3.46319577e-02
   2.27234689e-02  7.64441729e-01 -2.69200622e-04  1.14680793e-02
   5.75930480e-01  3.02512152e-01  2.23449749e-01  7.85737024e-01
   3.45451029e-01  1.26267724e-02  1.00000000e+01  5.94258294e-01
  -3.30140726e-02  8.50686382e+00]], Action: [[1.         0.81319845 1.         1.         1.         0.32725072]], Reward: [1.2980661],Reward_sum: 19.216609954833984, Done: [False]
==========
t: 17, State: [[ 2.22441083e-02  1.21391181e+00  5.27305453e-02  3.58061576e-02
   2.27835426e-02  8.19371226e-01  4.69731206e-03  1.17551360e-02
   6.38797355e-01  2.93075538e-01  2.97552272e-01  8.54257947e-01
  -5.52817473e-02 -1.53399301e-02 -1.40847012e-01  6.07517167e-01
   1.04125014e-01  7.19129437e+00]], Action: [[ 1.          1.         -1.          0.86164343  1.         -0.04132058]], Reward: [1.2926228],Reward_sum: 20.509233474731445, Done: [False]
==========
t: 18, State: [[ 0.02449318  1.21632353  0.05916295  0.03432342  0.02179982  0.78615394
   0.00878215  0.0129182   0.69333967  0.27082733  0.30602256  0.77269449
  -0.2898705  -0.20512512 -8.11806055  0.43426549  0.17617267  6.433495  ]], Action: [[ 1.          0.45441782 -0.58575594  0.43834153  0.98154926 -0.01469406]], Reward: [1.2784281],Reward_sum: 21.787662506103516, Done: [False]
==========
t: 19, State: [[ 2.60622274e-02  1.21802059e+00  6.18121705e-02  3.07361799e-02
   1.94598537e-02  7.57388738e-01  1.16738297e-02  6.76113209e-03
   7.63045408e-01  1.29028104e-01  1.16514924e-01 -6.74334621e-02
  -5.72676285e-01 -3.58429019e-01  9.91399173e-01  3.05038882e-01
  -1.64795977e+00  1.00000000e+01]], Action: [[ 1.          0.56239104  0.61378866 -0.36910304 -0.73752666  0.321056  ]], Reward: [1.1936551],Reward_sum: 22.9813175201416, Done: [False]
==========
t: 20, State: [[ 2.75434055e-02  1.21919474e+00  6.39905727e-02  2.75129195e-02
   1.71746215e-02  7.33469495e-01  1.34450903e-02 -1.07185248e-04
   8.20268357e-01  2.71460620e-01  1.72048958e-01  6.86986325e-01
  -2.03126915e-01 -1.99549699e-01 -6.98462049e+00 -5.70512696e-02
   5.72918381e-01  3.34444363e+00]], Action: [[ 1.          0.5689583  -0.5494288   1.          1.         -0.51061934]], Reward: [1.181261],Reward_sum: 24.162578582763672, Done: [False]
==========
t: 21, State: [[ 2.89299608e-02  1.21988241e+00  6.57214423e-02  2.49403955e-02
   1.51548838e-02  7.33739762e-01  1.39017681e-02 -9.25594059e-03
   8.38076873e-01  8.05325689e-02 -3.87854927e-03 -2.33972274e-01
  -4.20973986e-01 -2.92500841e-01  7.05203088e+00  1.56700996e-01
  -2.78130572e+00  1.31511058e+00]], Action: [[ 1.          0.649444    1.         -0.04568065 -1.          0.8670442 ]], Reward: [1.1691438],Reward_sum: 25.331722259521484, Done: [False]
==========
t: 22, State: [[ 3.03941181e-02  1.21913674e+00  6.52116067e-02  2.23954506e-02
   1.42050097e-02  8.24349163e-01  8.71084471e-03 -1.34022726e-02
   8.44170541e-01  2.87967187e-01 -1.27668827e-01  2.41188386e-01
  -2.38663616e-01  3.52994501e-02  1.00000000e+01 -1.22551766e+00
   1.61201196e+00  3.11328718e-01]], Action: [[0.02215025 1.         1.         1.         1.         1.        ]], Reward: [1.1780192],Reward_sum: 26.509740829467773, Done: [False]
==========
t: 23, State: [[ 3.31007544e-02  1.21831850e+00  6.95591951e-02  2.16470684e-02
   1.48900039e-02  8.77890110e-01 -1.73793437e-03  4.46739915e-03
   8.11697046e-01  3.64075841e-01 -8.09238774e-02  7.87130854e-01
   3.01448123e-02  1.20343437e-01  3.98427242e+00 -1.18633644e+00
   2.30931777e+00 -8.29861586e+00]], Action: [[ 1.          1.          1.          0.3867055   0.30191866 -0.6089523 ]], Reward: [1.334718],Reward_sum: 27.84445571899414, Done: [False]
==========
t: 24, State: [[ 0.03601035  1.21716166  0.07819813  0.02339232  0.01625376  0.89576152
  -0.00344158  0.01649663  0.77951186  0.36374773 -0.23306408  1.31878965
   0.35635206  0.20699182  0.84453407  0.7001672   0.84319874  2.3264939 ]], Action: [[1.        1.        1.        1.        0.4754053 1.       ]], Reward: [1.3584738],Reward_sum: 29.202930450439453, Done: [False]
==========
t: 25, State: [[ 0.03855745  1.21496834  0.08836074  0.0261262   0.01644455  0.89570632
   0.00641177  0.01540428  0.81264903  0.29012904 -0.2945301   1.10446765
   0.22091859 -0.18301759 -0.65539259  1.09214487 -0.29918451  3.11567865]], Action: [[ 1.         -0.05978402  1.          1.          0.03968319  1.        ]], Reward: [1.3143816],Reward_sum: 30.517311096191406, Done: [False]
==========
t: 26, State: [[ 0.04009138  1.2125246   0.09331253  0.02739505  0.00646501  0.88765814
   0.01252283  0.00918695  0.82993023  0.0935674  -0.31917517  0.15081458
   0.11239403 -2.29117955 -1.2515073   0.49144705 -1.31595585  1.3785822 ]], Action: [[ 1.         -0.36626753  1.          0.373975   -0.20753965  1.        ]], Reward: [1.1884246],Reward_sum: 31.70573616027832, Done: [False]
==========
t: 27, State: [[ 0.04137578  1.20959928  0.09608539  0.02656608 -0.00462042  0.87606771
   0.01586805  0.00264886  0.83680825  0.2296468  -0.41367145  0.55918384
  -0.32604406 -0.37526957 -1.56410881  0.38817963 -0.4048496   0.44102927]], Action: [[0.3914564  0.4443731  0.641426   1.         0.89293647 1.        ]], Reward: [1.1569908],Reward_sum: 32.862728118896484, Done: [False]
==========
t: 28, State: [[ 4.29888571e-02  1.20601724e+00  9.97644531e-02  2.52754961e-02
  -1.29839255e-02  8.64328309e-01  1.79738738e-02  4.57111407e-04
   8.38272285e-01  1.74758502e-01 -4.82804054e-01  3.60995993e-01
  -2.48695976e-02 -1.65770952e+00 -1.36001693e+00  1.53858717e-01
  -1.68309679e-01 -1.81209370e-02]], Action: [[ 1.         -0.34056386  1.          1.          0.2543736   1.        ]], Reward: [1.1974537],Reward_sum: 34.0601806640625, Done: [False]
==========
t: 29, State: [[ 4.47714333e-02  1.20312212e+00  1.03728959e-01  2.35674111e-02
  -1.64674375e-02  8.54023127e-01  1.97443528e-02  5.83947135e-04
   8.37091093e-01  2.63928892e-01 -2.42678548e-01  5.99166238e-01
  -3.71029988e-01  5.64751006e-01 -1.21334973e+00  2.76952344e-01
   1.56252976e-01 -2.42384061e-01]], Action: [[0.47500494 0.35650057 0.7042223  1.         0.2800616  1.        ]], Reward: [1.219895],Reward_sum: 35.28007507324219, Done: [False]
==========
t: 30, State: [[ 0.04668931  1.20184405  0.107817    0.02184126 -0.01293135  0.84585758
   0.02142747  0.00211773  0.83475744  0.21671152 -0.09249355  0.42017349
  -0.08345508  0.27951667 -0.85757351  0.14427526  0.20441437 -0.32212798]], Action: [[ 1.         -0.27290782  1.          1.          0.623279    1.        ]], Reward: [1.2352712],Reward_sum: 36.51534652709961, Done: [False]
==========
t: 31, State: [[ 0.04840143  1.20143733  0.11095243  0.02173336 -0.01107436  0.83990704
   0.02222401  0.00417949  0.83213931  0.21094084 -0.0179972   0.36062362
   0.04430317  0.16764449 -0.6429261   0.05869939  0.29093228 -0.3226924 ]], Action: [[ 1.         -0.14648482  1.          1.          1.          1.        ]], Reward: [1.2089934],Reward_sum: 37.724342346191406, Done: [False]
==========
t: 32, State: [[ 0.05015347  1.20144071  0.11388241  0.02209669 -0.00928341  0.83535088
   0.02268221  0.006579    0.82971304  0.22582978  0.01402673  0.36761857
   0.04519131  0.26007158 -0.50124986  0.05522853  0.30018732 -0.28055494]], Action: [[1.         0.01347092 1.         1.         0.9346508  1.        ]], Reward: [1.2141314],Reward_sum: 38.938472747802734, Done: [False]
==========
t: 33, State: [[ 0.05202811  1.20160165  0.11688459  0.02239071 -0.006871    0.8318017
   0.02313855  0.00897906  0.82767585  0.24165794  0.02369824  0.37923637
   0.02866249  0.32962164 -0.38955475  0.0583556   0.29357415 -0.22823788]], Action: [[1.         0.04440166 1.         1.         1.         1.        ]], Reward: [1.2293289],Reward_sum: 40.16780090332031, Done: [False]
==========
t: 34, State: [[ 0.05400866  1.20179082  0.1199165   0.02255406 -0.00413252  0.82906245
   0.0236148   0.01121247  0.82605618  0.25277444  0.0223751   0.37660787
   0.01291878  0.34735845 -0.29838023  0.06006309  0.26217691 -0.17761627]], Action: [[1.         0.04921024 1.         1.         1.         1.        ]], Reward: [1.2425665],Reward_sum: 41.41036605834961, Done: [False]
==========
t: 35, State: [[ 0.05605011  1.20194837  0.12283647  0.0226511  -0.001564    0.82698922
   0.02405482  0.0131352   0.82481179  0.25748134  0.01648931  0.35316882
   0.01114723  0.29379751 -0.22311697  0.04996955  0.21811136 -0.13488245]], Action: [[1.        0.0260773 1.        1.        1.        1.       ]], Reward: [1.2501798],Reward_sum: 42.660545349121094, Done: [False]
==========
t: 36, State: [[ 5.81012448e-02  1.20205342e+00  1.25474600e-01  2.28109206e-02
   2.57880962e-04  8.25464132e-01  2.43482313e-02  1.46762323e-02
   8.23870716e-01  2.55425397e-01  9.64319462e-03  3.06795252e-01
   2.83388990e-02  1.63015498e-01 -1.61152808e-01  2.35220831e-02
   1.67709485e-01 -1.01825692e-01]], Action: [[ 1.         -0.01733065  1.          1.          1.          1.        ]], Reward: [1.2513918],Reward_sum: 43.91193771362305, Done: [False]
==========
t: 37, State: [[ 6.01110546e-02  1.20210632e+00  1.27654914e-01  2.31834256e-02
   7.44397638e-04  8.24387223e-01  2.43630752e-02  1.58012511e-02
   8.23156286e-01  2.48218448e-01  3.50833624e-03  2.42331913e-01
   6.12560834e-02 -2.80120322e-02 -1.11472686e-01 -1.72410560e-02
   1.15499277e-01 -7.79047903e-02]], Action: [[ 1.         -0.08093828  1.          1.          1.          1.        ]], Reward: [1.2462196],Reward_sum: 45.15815734863281, Done: [False]
==========
t: 38, State: [[ 6.20319373e-02  1.20211741e+00  1.29208439e-01  2.38388553e-02
  -5.18347623e-04  8.23662874e-01  2.40439089e-02  1.63406347e-02
   8.22610405e-01  2.34125966e-01 -8.87995627e-04  1.53269159e-01
   9.86111974e-02 -2.68107565e-01 -7.28910732e-02 -6.02211995e-02
   2.71949207e-02 -5.98512004e-02]], Action: [[ 1.         -0.14021277  1.          1.          0.8394133   1.        ]], Reward: [1.235386],Reward_sum: 46.3935432434082, Done: [False]
==========
t: 39, State: [[ 0.06385718  1.20209378  0.13010629  0.02465247 -0.00334334  0.82317749
   0.02350771  0.01602752  0.82219949  0.22451741 -0.00526609  0.0793081
   0.10396464 -0.42314435 -0.05031302 -0.0741852  -0.09080184 -0.04447565]], Action: [[ 1.         -0.12270507  1.          1.          0.5466653   1.        ]], Reward: [1.2238414],Reward_sum: 47.61738586425781, Done: [False]
==========
t: 40, State: [[ 0.06569615  1.20202477  0.13072939  0.02531643 -0.00652043  0.82280011
   0.0230158   0.01500616  0.82189563  0.23623222 -0.01202138  0.08026635
   0.06527764 -0.37100107 -0.04372617 -0.0510942  -0.15347175 -0.03260575]], Action: [[ 1.         -0.03201807  1.          1.          0.4380604   1.        ]], Reward: [1.2256783],Reward_sum: 48.84306335449219, Done: [False]
==========
t: 41, State: [[ 0.06762302  1.20190498  0.13134575  0.02583957 -0.00962357  0.82250117
   0.02257431  0.01372307  0.82165752  0.24647034 -0.01792166  0.07731892
   0.06505136 -0.39803703 -0.03181512 -0.05862343 -0.16275124 -0.02724321]], Action: [[ 1.         -0.08633426  1.          1.          0.489506    1.        ]], Reward: [1.2366115],Reward_sum: 50.079673767089844, Done: [False]
==========
t: 42, State: [[ 0.06965731  1.20173812  0.13202871  0.02633061 -0.01273419  0.82227695
   0.0221071   0.012449    0.82145799  0.26265763 -0.02371587  0.09540686
   0.05774912 -0.37637131 -0.02457791 -0.05774077 -0.15332462 -0.02280248]], Action: [[ 1.         -0.07600352  1.          1.          0.47887787  1.        ]], Reward: [1.2500509],Reward_sum: 51.3297233581543, Done: [False]
==========
t: 43, State: [[ 0.07181699  1.20152872  0.13284277  0.02682093 -0.01580361  0.82211521
   0.0216074   0.01130307  0.82128671  0.27782652 -0.02855792  0.11000113
   0.06348509 -0.38522805 -0.01655319 -0.06580951 -0.13273091 -0.02000119]], Action: [[ 1.         -0.10661206  1.          1.          0.5036841   1.        ]], Reward: [1.2656958],Reward_sum: 52.595420837402344, Done: [False]
==========
t: 44, State: [[ 0.07410741  1.20128267  0.13380468  0.02733663 -0.01885253  0.82200537
   0.02106654  0.01032702  0.82113771  0.29517117 -0.03288468  0.13176785
   0.06439544 -0.37286819 -0.01135442 -0.06828137 -0.11134752 -0.01723403]], Action: [[ 1.         -0.1108152   1.          1.          0.50540936  1.        ]], Reward: [1.2820349],Reward_sum: 53.87745666503906, Done: [False]
==========
t: 45, State: [[ 0.07653581  1.20100444  0.13493622  0.02787449 -0.02183885  0.82193546
   0.02049755  0.00952951  0.82100814  0.31229289 -0.03662889  0.15228152
   0.068591   -0.36895781 -0.00664733 -0.0725739  -0.0888408  -0.01509042]], Action: [[ 1.         -0.12994853  1.          1.          0.526775    1.        ]], Reward: [1.2992547],Reward_sum: 55.17671203613281, Done: [False]
==========
t: 46, State: [[ 0.07910437  1.20069753  0.13624059  0.02843663 -0.02476216  0.82189702
   0.01990455  0.00890539  0.82089504  0.33013995 -0.04007719  0.17471191
   0.0705699  -0.35777861 -0.00338082 -0.07438154 -0.06824459 -0.01311496]], Action: [[ 1.        -0.140802   1.         1.         0.5432528  1.       ]], Reward: [1.3167561],Reward_sum: 56.49346923828125, Done: [False]
==========
t: 47, State: [[ 8.18166339e-02  1.20036380e+00  1.37725178e-01  2.90144943e-02
  -2.75955162e-02  8.21881835e-01  1.92985342e-02  8.44343266e-03
   8.20796262e-01  3.48171334e-01 -4.33538063e-02  1.97175189e-01
   7.24504203e-02 -3.46605200e-01 -8.13143743e-04 -7.57793961e-02
  -4.86664508e-02 -1.14838560e-02]], Action: [[ 1.         -0.15492627  1.          1.          0.5693034   1.        ]], Reward: [1.3346844],Reward_sum: 57.828155517578125, Done: [False]
==========
t: 48, State: [[ 8.46747375e-02  1.20000400e+00  1.39392491e-01  2.96028856e-02
  -3.03269579e-02  8.21884021e-01  1.86858655e-02  8.13322591e-03
   8.20709540e-01  3.66549430e-01 -4.66029942e-02  2.20214791e-01
   7.32412414e-02 -3.32686506e-01  1.01261231e-03 -7.60703260e-02
  -3.05613713e-02 -1.00858517e-02]], Action: [[ 1.        -0.1671828  1.         1.         0.598315   1.       ]], Reward: [1.352877],Reward_sum: 59.181034088134766, Done: [False]
==========
t: 49, State: [[ 0.08768128  1.19961798  0.14124652  0.03019449 -0.03293842  0.82189857
   0.01807379  0.00796503  0.82063299  0.38523096 -0.04991554  0.24368185
   0.07327802 -0.31695482  0.00231367 -0.07563617 -0.01345176 -0.00892062]], Action: [[ 1.         -0.17935988  1.          1.          0.63334095  1.        ]], Reward: [1.3713843],Reward_sum: 60.55241775512695, Done: [False]
==========
t: 50, State: [[ 0.09083885  1.19920495  0.14329127  0.03078308 -0.03541423  0.82192167
   0.01746804  0.00793186  0.82056491  0.4042555  -0.05335616  0.26770948
   0.07253302 -0.29916323  0.00318855 -0.07449727  0.00289948 -0.00794439]], Action: [[ 1.         -0.19080153  1.          1.          0.67365897  1.        ]], Reward: [1.3902066],Reward_sum: 61.942623138427734, Done: [False]
==========
t: 51, State: [[ 0.09415035  1.1987637   0.1455317   0.03136271 -0.03773771  0.82195031
   0.01687392  0.00802903  0.82050394  0.42365672 -0.05696667  0.29240887
   0.0710833  -0.27929392  0.00373415 -0.07273927  0.01881661 -0.00712252]], Action: [[ 1.         -0.20155576  1.          1.          0.7198031   1.        ]], Reward: [1.4093789],Reward_sum: 63.35200119018555, Done: [False]
==========
t: 52, State: [[ 0.09761897  1.19829277  0.14797378  0.0319279  -0.03989166  0.82198215
   0.01629621  0.00825426  0.82044899  0.44347467 -0.06077447  0.31790997
   0.06897735 -0.25723693  0.00402226 -0.07040628  0.03457247 -0.00641859]], Action: [[ 1.         -0.21149877  1.          1.          0.7719791   1.        ]], Reward: [1.4289367],Reward_sum: 64.78093719482422, Done: [False]
==========
t: 53, State: [[ 0.10124822  1.19779047  0.15062449  0.03247352 -0.04185788  0.82201534
   0.01573943  0.00860721  0.82039924  0.46374833 -0.06479866  0.34433678
   0.06624822 -0.23285872  0.00410802 -0.06751923  0.05038446 -0.00579806]], Action: [[ 1.         -0.22052354  1.          1.          0.8303798   1.        ]], Reward: [1.4489176],Reward_sum: 66.2298583984375, Done: [False]
==========
t: 54, State: [[ 0.1050419   1.19725512  0.15349163  0.03299465 -0.04361801  0.82204839
   0.015208    0.00908889  0.82035415  0.48451608 -0.06902422  0.37176991
   0.06292749 -0.20635097  0.00401338 -0.06409351  0.06637004 -0.00523678]], Action: [[ 1.        -0.2285116  1.         1.         0.8950112  1.       ]], Reward: [1.469357],Reward_sum: 67.69921875, Done: [False]
==========
t: 55, State: [[ 0.1090041   1.19668536  0.15658321  0.03348654 -0.04515802  0.82207979
   0.01470633  0.00970009  0.82031331  0.50580551 -0.07340623  0.4002039
   0.05900909 -0.17829518  0.00374885 -0.06010323  0.0824034  -0.00471036]], Action: [[ 1.         -0.23528752  1.          1.          0.96508837  1.        ]], Reward: [1.4902885],Reward_sum: 69.18949890136719, Done: [False]
==========
t: 56, State: [[ 0.11313349  1.19608036  0.15988813  0.03394064 -0.04648874  0.82210906
   0.01424533  0.01039659  0.82027871  0.52636404 -0.0778545   0.42527675
   0.0537354  -0.15418904  0.00349423 -0.05428715  0.08870137 -0.00378016]], Action: [[ 1.         -0.24073383  1.          1.          1.          1.        ]], Reward: [1.5111157],Reward_sum: 70.70061492919922, Done: [False]
==========
t: 57, State: [[ 0.11742072  1.19543984  0.163367    0.03434786 -0.04766561  0.82213681
   0.01383803  0.01108268  0.82025345  0.54540833 -0.08231585  0.44417599
   0.04758521 -0.13954775  0.00335506 -0.04714613  0.0815411  -0.00252023]], Action: [[ 1.         -0.24591926  1.          1.          1.          1.        ]], Reward: [1.5308429],Reward_sum: 72.23146057128906, Done: [False]
==========
t: 58, State: [[ 0.12185655  1.1947631   0.16698025  0.03470744 -0.04875926  0.82216372
   0.01348579  0.0116853   0.82023757  0.56361286 -0.08693104  0.45921778
   0.04195753 -0.13303334  0.00327031 -0.0407153   0.06878756 -0.00148401]], Action: [[ 1.         -0.25136742  1.          1.          1.          1.        ]], Reward: [1.5494151],Reward_sum: 73.78087615966797, Done: [False]
==========
t: 59, State: [[ 1.26436680e-01  1.19404846e+00  1.70705577e-01  3.50249758e-02
  -4.98224321e-02  8.22189743e-01  1.31804059e-02  1.21788467e-02
   8.20228607e-01  5.81546213e-01 -9.18009775e-02  4.72414493e-01
   3.71427553e-02 -1.31683415e-01  3.13111008e-03 -3.54970503e-02
   5.47575551e-02 -7.91452292e-04]], Action: [[ 1.        -0.2562733  1.         1.         1.         1.       ]], Reward: [1.5674511],Reward_sum: 75.34832763671875, Done: [False]
==========
t: 60, State: [[ 1.31160733e-01  1.19329360e+00  1.74534616e-01  3.53065809e-02
  -5.08845349e-02  8.22214134e-01  1.29125344e-02  1.25629882e-02
   8.20223994e-01  5.99623271e-01 -9.69884925e-02  4.85259834e-01
   3.30197330e-02 -1.32669338e-01  2.87494527e-03 -3.13546575e-02
   4.16544402e-02 -3.85402611e-04]], Action: [[ 1.       -0.260352  1.        1.        1.        1.      ]], Reward: [1.5854388],Reward_sum: 76.93376922607422, Done: [False]
==========
t: 61, State: [[ 0.13603079  1.1924959   0.17846832  0.03555688 -0.05195586  0.82223587
   0.01267498  0.01284995  0.82020892  0.61806075 -0.10251211  0.49862195
   0.02935597 -0.13401558  0.00248645 -0.02792721  0.03051007 -0.00298636]], Action: [[ 1.         -0.26355872  1.          1.          1.          0.994074  ]], Reward: [1.6036992],Reward_sum: 78.53746795654297, Done: [False]
==========
t: 62, State: [[ 0.14105008  1.19165277  0.18251318  0.03577733 -0.05303032  0.82225365
   0.0124648   0.01305808  0.82012095  0.63694005 -0.10835525  0.5130337
   0.02563239 -0.13366059  0.00192427 -0.02456013  0.02185679 -0.01690759]], Action: [[ 1.         -0.26526293  1.          1.          1.          0.9666476 ]], Reward: [1.622407],Reward_sum: 80.15987396240234, Done: [False]
==========
t: 63, State: [[ 1.46223981e-01  1.19076125e+00  1.86683512e-01  3.59633372e-02
  -5.40758227e-02  8.22265743e-01  1.22853011e-02  1.32074279e-02
   8.19896205e-01  6.56685059e-01 -1.14605218e-01  5.29869606e-01
   2.09063400e-02 -1.27357136e-01  1.12103430e-03 -2.03663874e-02
   1.56994671e-02 -3.60532729e-02]], Action: [[ 1.         -0.26394835  1.          1.          1.          0.9358655 ]], Reward: [1.6417918],Reward_sum: 81.80166625976562, Done: [False]
==========
t: 64, State: [[ 1.51558928e-01  1.18981815e+00  1.90996505e-01  3.61097392e-02
  -5.50550305e-02  8.22271202e-01  1.21411924e-02  1.33156197e-02
   8.19513246e-01  6.77176412e-01 -1.21249918e-01  5.48589580e-01
   1.58415587e-02 -1.17512151e-01  2.94212939e-04 -1.57951745e-02
   1.14717080e-02 -5.58567935e-02]], Action: [[ 1.         -0.26236853  1.          1.          1.          0.9043454 ]], Reward: [1.6619817],Reward_sum: 83.4636459350586, Done: [False]
==========
t: 65, State: [[ 1.57060099e-01  1.18882038e+00  1.95463907e-01  3.62169966e-02
  -5.59521277e-02  8.22270550e-01  1.20328930e-02  1.33955336e-02
   8.18983137e-01  6.98223719e-01 -1.28271366e-01  5.68403417e-01
   1.11620694e-02 -1.07028926e-01 -4.02989836e-04 -1.14542609e-02
   8.56790421e-03 -7.27359766e-02]], Action: [[ 1.        -0.2612932  1.         1.         1.         0.8750913]], Reward: [1.6828125],Reward_sum: 85.1464614868164, Done: [False]
==========
t: 66, State: [[ 1.62731413e-01  1.18776493e+00  2.00092203e-01  3.62899471e-02
  -5.67695705e-02  8.22265046e-01  1.19568661e-02  1.34558154e-02
   8.18339948e-01  7.19700310e-01 -1.35668704e-01  5.88776294e-01
   7.26169199e-03 -9.76429988e-02 -9.28564658e-04 -7.73177563e-03
   6.53079730e-03 -8.44243468e-02]], Action: [[ 1.         -0.260725    1.          1.          1.          0.85006964]], Reward: [1.7041236],Reward_sum: 86.8505859375, Done: [False]
==========
t: 67, State: [[ 0.16857615  1.18664873  0.20488515  0.03633498 -0.0575176   0.82225592
   0.01190778  0.01350226  0.81762961  0.74157028 -0.14345954  0.60954072
   0.00416544 -0.08966889 -0.00132125 -0.00470645  0.00509362 -0.09007765]], Action: [[ 1.        -0.2603065  1.         1.         1.         0.8300164]], Reward: [1.7258359],Reward_sum: 88.57642364501953, Done: [False]
==========
t: 68, State: [[ 0.17459759  1.18546852  0.20984629  0.03635764 -0.05820479  0.82224392
   0.01188067  0.01353917  0.81689967  0.76386138 -0.1516708   0.63079511
   0.00166045 -0.08246791 -0.00165072 -0.00222721  0.00413596 -0.08999274]], Action: [[ 1.         -0.25963005  1.          1.          1.          0.81482387]], Reward: [1.7479483],Reward_sum: 90.32437133789062, Done: [False]
==========
t: 69, State: [[ 0.18079924  1.18421779  0.21497655  0.03636559 -0.0589285   0.82221911
   0.01186794  0.01356919  0.81619321  0.78645613 -0.16356061  0.64971295
   0.00272123 -0.15456869 -0.01049283 -0.00341013  0.0029105  -0.08407124]], Action: [[ 1.         -0.25841793  1.          1.          1.          0.8040147 ]], Reward: [1.7704929],Reward_sum: 92.09486389160156, Done: [False]
==========
t: 70, State: [[ 1.87196519e-01  1.18283108e+00  2.20281118e-01  3.63738868e-02
  -6.09207164e-02  8.22056090e-01  1.18460928e-02  1.35962838e-02
   8.15600103e-01  8.13053473e-01 -1.82443495e-01  6.76444588e-01
  -3.15695643e-04 -3.43962357e-01 -2.76586770e-02 -2.09174732e-03
   3.72336278e-03 -6.47225127e-02]], Action: [[ 1.         -0.23819384  1.          1.          1.          0.814631  ]], Reward: [1.7949396],Reward_sum: 93.88980102539062, Done: [False]
==========
t: 71, State: [[ 0.19385088  1.18129663  0.22596412  0.03622749 -0.06359468  0.82181132
   0.01195097  0.01367272  0.8153132   0.84985633 -0.20041226  0.74151328
  -0.03301459 -0.33611178 -0.03214603  0.02631308  0.01474193 -0.01254919]], Action: [[ 1.         -0.1715413   1.          1.          1.          0.88649833]], Reward: [1.8269804],Reward_sum: 95.71678161621094, Done: [False]
==========
t: 72, State: [[ 0.20079388  1.17963158  0.23214113  0.03585938 -0.06627742  0.82155811
   0.01226205  0.01383029  0.81541655  0.88518383 -0.21524395  0.79983663
  -0.05621234 -0.34547151 -0.03052992  0.04940686  0.02396354  0.03251621]], Action: [[ 1.         -0.15744156  1.          1.          1.          0.92490315]], Reward: [1.8629946],Reward_sum: 97.57977294921875, Done: [False]
==========
t: 73, State: [[ 0.20801775  1.17785633  0.23877596  0.0353187  -0.06898814  0.82133058
   0.01275102  0.01405999  0.81584563  0.91997647 -0.22807599  0.85567142
  -0.07612732 -0.34373349 -0.02613548  0.07059336  0.03267657  0.06897034]], Action: [[ 1.         -0.13523233  1.          1.          1.          0.96169806]], Reward: [1.8980402],Reward_sum: 99.47781372070312, Done: [False]
==========
t: 74, State: [[ 0.21551372  1.17598506  0.24583315  0.03463952 -0.07169673  0.82114254
   0.01339266  0.01435366  0.81650607  0.95320411 -0.23937581  0.90543264
  -0.09101088 -0.3445824  -0.02087907  0.0875796   0.03990049  0.09142292]], Action: [[ 1.         -0.11664394  1.          1.          1.          0.98565435]], Reward: [1.9320114],Reward_sum: 101.40982818603516, Done: [False]
==========
t: 75, State: [[ 0.22326947  1.17402748  0.2532669   0.03385522 -0.07439882  0.82099664
   0.01415678  0.01470039  0.8172713   0.98492671 -0.24976411  0.94985599
  -0.1024927  -0.34186927 -0.01570332  0.10121446  0.0458811   0.09700779]], Action: [[ 1.         -0.09667739  1.          1.          1.          0.992743  ]], Reward: [1.9644741],Reward_sum: 103.37430572509766, Done: [False]
==========
t: 76, State: [[ 0.23127256  1.17198898  0.26103455  0.03299094 -0.07706116  0.82089022
   0.01501739  0.01509018  0.8180025   1.01506723 -0.25970572  0.98901631
  -0.11108744 -0.33429685 -0.01104649  0.11173359  0.05060684  0.08525372]], Action: [[ 1.         -0.07670715  1.          1.          1.          0.9810729 ]], Reward: [1.995418],Reward_sum: 105.36972045898438, Done: [False]
==========
t: 77, State: [[ 0.23951023  1.16987156  0.26909444  0.03206879 -0.07964364  0.82081837
   0.01595006  0.0155127   0.8185703   1.04361763 -0.26958247  1.02309016
  -0.11706011 -0.32141455 -0.00707109  0.11928582  0.05403137  0.05859406]], Action: [[ 1.         -0.05720782  1.          1.          1.          0.95239425]], Reward: [2.0247974],Reward_sum: 107.39451599121094, Done: [False]
==========
t: 78, State: [[ 0.24796926  1.16767461  0.277404    0.03111182 -0.08211988  0.8207754
   0.01692912  0.01595635  0.81887446  1.07048678 -0.27966169  1.05170442
  -0.119972   -0.30689715 -0.00381862  0.12346418  0.05590348  0.02151255]], Action: [[ 1.         -0.03982142  1.          1.          1.          0.9105506 ]], Reward: [2.0525484],Reward_sum: 109.44706726074219, Done: [False]
==========
t: 79, State: [[ 0.25663608  1.16539566  0.28591828  0.03014654 -0.08449496  0.82075556
   0.01792571  0.01640767  0.8188555   1.09566828 -0.29015194  1.07463904
  -0.11940826 -0.29491434 -0.00127137  0.12387445  0.05601159 -0.02053651]], Action: [[ 1.         -0.02534908  1.          1.          1.          0.86041605]], Reward: [2.0786116],Reward_sum: 111.52567291259766, Done: [False]
==========
t: 80, State: [[ 2.65497516e-01  1.16303070e+00  2.94591904e-01  2.92018867e-02
  -8.68049020e-02  8.20753399e-01  1.89085569e-02  1.68519834e-02
   8.18497108e-01  1.11926510e+00 -3.01219650e-01  1.09198750e+00
  -1.15164936e-01 -2.89088649e-01  6.16728651e-04  1.20314347e-01
   5.42636016e-02 -6.23226342e-02]], Action: [[ 1.        -0.0142549  1.         1.         1.         0.8066529]], Reward: [2.1030288],Reward_sum: 113.62870025634766, Done: [False]
==========
t: 81, State: [[ 0.27454193  1.16057448  0.30338291  0.02830613 -0.08910366  0.8207639
   0.01984691  0.01727494  0.81781845  1.14154343 -0.31301184  1.10446627
  -0.1075636  -0.29045882  0.00191445  0.11307435  0.05081312 -0.10012739]], Action: [[ 1.         -0.00619918  1.          1.          1.          0.7520847 ]], Reward: [2.1259863],Reward_sum: 115.75468444824219, Done: [False]
==========
t: 82, State: [[ 0.28376034  1.15802069  0.31225739  0.02748289 -0.09144196  0.82078268
   0.02071441  0.01766445  0.81685788  1.16288881 -0.3256511   1.11331766
  -0.09739625 -0.29738192  0.00270925  0.10292204  0.04604554 -0.13261447]], Action: [[ 1.0000000e+00 -4.6536326e-04  1.0000000e+00  1.0000000e+00
   1.0000000e+00  6.9678628e-01]], Reward: [2.1478162],Reward_sum: 117.90250396728516, Done: [False]
==========
t: 83, State: [[ 0.29314707  1.15536215  0.32119253  0.02674832 -0.09384975  0.82080613
   0.0214921   0.01801212  0.81565498  1.18373061 -0.33922923  1.1200371
  -0.08570117 -0.30645633  0.00310096  0.09090791  0.0404735  -0.16054714]], Action: [[1.        0.0037114 1.        1.        1.        0.6389986]], Reward: [2.1689324],Reward_sum: 120.0714340209961, Done: [False]
==========
t: 84, State: [[ 0.30269973  1.1525911   0.33017717  0.02611049 -0.09632886  0.82083142
   0.02216944  0.01831358  0.81423942  1.20446056 -0.35380718  1.12602624
  -0.07345243 -0.3141056   0.00319122  0.07806638  0.03458401 -0.18550558]], Action: [[1.         0.00681314 1.         1.         1.         0.5770986 ]], Reward: [2.1897488],Reward_sum: 122.26118469238281, Done: [False]
==========
t: 85, State: [[ 0.31241877  1.14969934  0.33921031  0.02557057 -0.09885536  0.82085653
   0.02274339  0.01856789  0.81263025  1.2253996  -0.36942875  1.13242815
  -0.06140387 -0.31745557  0.00307402  0.06523861  0.02875068 -0.20858676]], Action: [[1.         0.00909519 1.         1.         1.         0.5109153 ]], Reward: [2.2106197],Reward_sum: 124.4718017578125, Done: [False]
==========
t: 86, State: [[ 0.322307    1.14667833  0.34829923  0.0251245  -0.10138477  0.82088014
   0.02321683  0.01877663  0.81084238  1.24680958 -0.38613918  1.14016422
  -0.05011601 -0.31422968  0.0028313   0.05306828  0.02323839 -0.22985337]], Action: [[1.         0.01080909 1.         1.         1.         0.44173777]], Reward: [2.231834],Reward_sum: 126.7036361694336, Done: [False]
==========
t: 87, State: [[ 0.33236917  1.14351909  0.35745811  0.02476413 -0.10385473  0.82090155
   0.02359732  0.01894326  0.80889439  1.26891617 -0.40399825  1.15003982
  -0.04004887 -0.3022357   0.00253271  0.0420767   0.01825024 -0.24845709]], Action: [[1.         0.01233643 1.         1.         1.         0.3717509 ]], Reward: [2.2536328],Reward_sum: 128.957275390625, Done: [False]
==========
t: 88, State: [[ 0.34260444  1.14021496  0.36666044  0.02446711 -0.10626201  0.82092137
   0.0238436   0.01907899  0.80681531  1.29023843 -0.42241989  1.15221439
  -0.03370639 -0.29714108  0.00239921  0.02098018  0.0151971  -0.26277035]], Action: [[1.         0.01420751 1.         0.9561012  1.         0.303694  ]], Reward: [2.275401],Reward_sum: 131.23268127441406, Done: [False]
==========
t: 89, State: [[ 0.35300635  1.1367622   0.37585815  0.02423592 -0.10872677  0.82093932
   0.02390232  0.0191859   0.80459412  1.31076122 -0.4412379   1.14970033
  -0.02393735 -0.3143252   0.00206743 -0.00409738  0.01105738 -0.28282645]], Action: [[1.         0.00690749 1.         0.9237652  1.         0.21700086]], Reward: [2.2963386],Reward_sum: 133.52902221679688, Done: [False]
==========
t: 90, State: [[ 0.36357339  1.13315622  0.38503253  0.02407808 -0.11133304  0.82095436
   0.02375541  0.01926174  0.80217414  1.33162435 -0.46079573  1.1469596
  -0.01530122 -0.33149243  0.00168046 -0.02987074  0.00733713 -0.31081876]], Action: [[1.         0.00451398 1.         0.8830036  1.         0.1147313 ]], Reward: [2.3170867],Reward_sum: 135.8461151123047, Done: [False]
==========
t: 91, State: [[ 3.74309514e-01  1.12939016e+00  3.94186662e-01  2.39835277e-02
  -1.14069253e-01  8.20966360e-01  2.34002037e-02  1.93094842e-02
   7.99527456e-01  1.35311609e+00 -4.81311836e-01  1.14515024e+00
  -8.00627140e-03 -3.45980067e-01  1.30705315e-03 -5.56553267e-02
   3.97339570e-03 -3.38792807e-01]], Action: [[1.         0.00229141 1.         0.83525157 1.         0.01395206]], Reward: [2.338318],Reward_sum: 138.18443298339844, Done: [False]
==========
t: 92, State: [[ 3.85194406e-01  1.12550602e+00  4.03251339e-01  2.39354838e-02
  -1.16990997e-01  8.20969957e-01  2.28662444e-02  1.93864010e-02
   7.94219458e-01  1.36848592e+00 -4.89786885e-01  1.12309053e+00
  -3.73945852e-03 -3.80301300e-01 -2.76462358e-04 -7.43049950e-02
   1.34414057e-02 -9.84041620e-01]], Action: [[ 1.          0.00145158  1.          0.78288805  1.         -0.0812007 ]], Reward: [2.356992],Reward_sum: 140.5414276123047, Done: [False]
==========
t: 93, State: [[ 0.39617357  1.12156601  0.41182979  0.02362093 -0.1199561   0.82097995
   0.02176623  0.01963523  0.78416215  1.37744055 -0.49565123  1.0333061
  -0.06406308 -0.35603648  0.00232853 -0.18406921  0.04299894 -1.52738121]], Action: [[ 1.          0.08677973  1.          0.25368086  1.         -0.08028932]], Reward: [2.3693168],Reward_sum: 142.91075134277344, Done: [False]
==========
t: 94, State: [[ 0.40731068  1.1176904   0.42014286  0.02229817 -0.11941882  0.82100889
   0.02037565  0.02043449  0.76232617  1.40437852 -0.47174738  1.04232755
  -0.24360382  0.44349967  0.00500259 -0.15486925  0.14404978 -3.90687001]], Action: [[ 1.          0.40396383  1.         -0.04943558  1.         -0.2998184 ]], Reward: [2.3888838],Reward_sum: 145.2996368408203, Done: [False]
==========
t: 95, State: [[ 4.19090979e-01  1.11376443e+00  4.28695629e-01  1.35597083e-02
  -9.87665597e-02  8.21042509e-01  1.90526565e-02  2.14685970e-02
   7.26700989e-01  1.53966514e+00 -5.11705866e-01  1.09960628e+00
  -1.93063647e+00  4.70720552e+00  2.34961987e-03 -1.69269466e-01
   1.15120800e-01 -4.98372025e+00]], Action: [[ 1.          1.          1.         -0.40598044  0.64386654 -0.19909118]], Reward: [2.468918],Reward_sum: 147.76852416992188, Done: [False]
==========
t: 96, State: [[ 4.31186186e-01  1.10996857e+00  4.31819860e-01 -1.24811455e-02
  -5.03149892e-02  8.21005837e-01  1.18501772e-02  2.18483398e-02
   6.76957436e-01  1.48305671e+00 -4.39155904e-01 -3.11999502e-01
  -4.55853644e+00  7.37684939e+00 -1.15193487e-02 -1.62506981e+00
  -5.11272488e-03 -7.43088924e+00]], Action: [[ 0.7176533   0.6428484   1.         -1.          0.09239516 -0.37746042]], Reward: [2.5088215],Reward_sum: 150.27734375, Done: [False]
==========
t: 97, State: [[ 4.42352316e-01  1.10755291e+00  4.30962355e-01 -3.39754618e-02
  -1.61482589e-02  8.21018425e-01  2.84620516e-03  2.28304858e-02
   5.79695687e-01  1.30209595e+00 -1.51479608e-01 -3.80533328e-03
  -9.38128784e-01  1.18935871e+00  1.41628538e-02 -7.11500956e-01
   2.24922922e-01 -1.00000000e+01]], Action: [[ 1.         -0.28431246  1.         -1.          1.         -1.        ]], Reward: [2.3906853],Reward_sum: 152.66802978515625, Done: [False]
==========
t: 98, State: [[ 4.53621027e-01  1.10522401e+00  4.34929072e-01 -4.21270685e-02
   5.14473769e-03  8.21210542e-01  1.24151374e-05  2.36439069e-02
   4.84082822e-01  1.48763486e+00 -4.19588611e-01  1.00415805e+00
  -6.39158029e-01  3.16426153e+00  3.78526568e-02  1.17837720e-02
  -1.10879440e-03 -7.07844653e+00]], Action: [[ 1.          0.8405299   1.         -0.08041546  1.          0.930521  ]], Reward: [2.40401],Reward_sum: 155.07203674316406, Done: [False]
==========
t: 99, State: [[ 4.65268770e-01  1.10245606e+00  4.43228009e-01 -4.18044293e-02
   2.21253336e-02  8.21475957e-01  1.24941398e-03  2.43703513e-02
   4.05444825e-01  1.43524403e+00 -2.88999787e-01  1.08840117e+00
   6.36985220e-01  1.27683594e+00  2.99506057e-02  2.04315789e-01
   1.45929388e-01 -9.78310488e+00]], Action: [[ 1.          0.76993275  1.         -0.6949338   1.         -0.67296326]], Reward: [2.4514394],Reward_sum: 157.5234832763672, Done: [False]
==========
t: 100, State: [[ 0.4768655   1.09925987  0.4530681  -0.03329092  0.02835831  0.82184408
   0.00253682  0.02467221  0.3705595   1.47085428 -0.51534067  1.40173438
   1.47627382  0.37985556  0.05680114  0.11959346 -0.04967403  1.0169547 ]], Action: [[ 1.        1.        1.       -0.693942  1.        1.      ]], Reward: [2.4441097],Reward_sum: 159.96759033203125, Done: [False]
==========
t: 101, State: [[ 0.48849667  1.09505632  0.46433516 -0.0194736   0.029297    0.82222471
   0.00372354  0.02345418  0.38117708  1.43851742 -0.53704401  1.41140913
   1.94581577 -0.08635978  0.03901626  0.16595118 -0.22607066  1.56435515]], Action: [[ 1.          0.9928961   1.         -0.57640123 -0.09950337 -0.20521457]], Reward: [2.4505255],Reward_sum: 162.41812133789062, Done: [False]
==========
t: 102, State: [[ 0.49987438  1.09061836  0.47518432 -0.00307166  0.02769829  0.82248607
   0.00443649  0.02158282  0.39511252  1.40798283 -0.57394132  1.31497008
   2.15597624 -0.28225246  0.0268051   0.02729075 -0.23473146  1.8798316 ]], Action: [[ 1.          1.          1.         -1.          0.08506781 -0.14515789]], Reward: [2.4181864],Reward_sum: 164.8363037109375, Done: [False]
==========
t: 103, State: [[ 5.10989353e-01  1.08596153e+00  4.82624571e-01  1.06882917e-02
   2.40715494e-02  8.22337942e-01  6.75442988e-04  1.99417215e-02
   4.11800701e-01  1.41759055e+00 -5.77735575e-01  5.28753107e-01
   1.00868348e+00 -8.84056948e-01 -1.41795663e-01 -1.03771632e+00
  -1.73301442e-01  2.19435324e+00]], Action: [[ 0.98506355  1.          1.         -1.          0.24055234 -0.05816521]], Reward: [2.3853395],Reward_sum: 167.22164916992188, Done: [False]
==========
t: 104, State: [[ 0.52318617  1.08118135  0.48981845  0.01745142  0.01798449  0.81975003
  -0.00466392  0.0186358   0.42571507  1.61192443 -0.61750596  1.20828933
   0.71102764 -0.62157664 -0.42950198 -0.35890972 -0.15354254  1.36181428]], Action: [[ 0.6066364  0.3065746  0.5894295  1.         1.        -0.4529426]], Reward: [2.5215878],Reward_sum: 169.7432403564453, Done: [False]
==========
t: 105, State: [[ 0.53636708  1.07613428  0.49918467  0.02052498  0.01344983  0.81711384
  -0.00808367  0.01733834  0.43555781  1.67975192 -0.6472068   1.16191946
   0.12724671 -0.48628187 -0.23358641 -0.46289249 -0.16656085  1.11812374]], Action: [[ 0.0127047   0.17237008  1.          0.29781342  0.56004304 -0.2994539 ]], Reward: [2.6460917],Reward_sum: 172.3893280029297, Done: [False]
==========
t: 106, State: [[ 0.54998243  1.0707902   0.50930394  0.02183076  0.00890675  0.81599081
  -0.010965    0.01613243  0.44361022  1.72336836 -0.69172438  1.36945122
   0.18612623 -0.57821286 -0.06188803 -0.25873001 -0.13537558  0.92031751]], Action: [[ 0.3458124  -0.35637763  1.          0.95345956  1.         -0.3202683 ]], Reward: [2.6986609],Reward_sum: 175.08798217773438, Done: [False]
==========
t: 107, State: [[ 0.56384619  1.06515465  0.52036999  0.02316992  0.00356991  0.81592507
  -0.01303211  0.01521225  0.4501585   1.74320452 -0.71684316  1.39892141
   0.14897109 -0.75075804  0.03350151 -0.25686041 -0.09702713  0.7273536 ]], Action: [[ 0.21294631 -0.4118593   1.          0.9147891   1.         -0.36843032]], Reward: [2.7297819],Reward_sum: 177.81776428222656, Done: [False]
==========
t: 108, State: [[ 0.57787811  1.05932936  0.53182401  0.02456685 -0.0035085   0.81638435
  -0.01491122  0.01454373  0.45533832  1.76428145 -0.73991566  1.45799486
   0.19019202 -1.01656004  0.07391236 -0.22103897 -0.07127361  0.57983003]], Action: [[ 0.43204892 -0.42684218  1.          0.9192012   1.         -0.37064984]], Reward: [2.750639],Reward_sum: 180.5684051513672, Done: [False]
==========
t: 109, State: [[ 0.59209117  1.05324455  0.54393478  0.02614907 -0.01192863  0.81700209
  -0.01628349  0.01394748  0.45984152  1.78865791 -0.78187547  1.56561686
   0.19891839 -1.08682824  0.07759713 -0.12856919 -0.07525547  0.55259209]], Action: [[ 0.59128654 -0.33319303  1.          0.8123121   0.8505434  -0.3725795 ]], Reward: [2.773649],Reward_sum: 183.34205627441406, Done: [False]
==========
t: 110, State: [[ 0.60642702  1.04688817  0.55621897  0.02728486 -0.021277    0.81760512
  -0.01767437  0.01332796  0.4640819   1.79579731 -0.80775546  1.51216176
   0.09493116 -1.25480622  0.07188093 -0.21277571 -0.07747772  0.51126803]], Action: [[ 0.4392501  -0.3065692   1.          0.67095995  0.72608685 -0.40604678]], Reward: [2.7895522],Reward_sum: 186.13160705566406, Done: [False]
==========
t: 111, State: [[ 0.62076602  1.04025714  0.5682397   0.02861972 -0.03410265  0.81815052
  -0.01946056  0.01259024  0.46883029  1.78839812 -0.85010584  1.48045901
   0.21797025 -1.93918028  0.06339512 -0.25161669 -0.10114984  0.66799511]], Action: [[ 0.8313112  -0.44091633  1.          0.8117097   0.7427732  -0.27538309]], Reward: [2.7892041],Reward_sum: 188.92080688476562, Done: [False]
==========
t: 112, State: [[ 0.63524672  1.03255393  0.58231896  0.03053799 -0.04597706  0.81844384
  -0.01854973  0.01135368  0.50035734  1.83007946 -1.07467883  2.03105186
   0.25147756 -1.02579229  0.01530159  0.47915037 -0.18919246  7.1996362 ]], Action: [[ 1.         -0.16726169  0.897632    0.8450322   0.636426    0.47804832]], Reward: [2.806906],Reward_sum: 191.7277069091797, Done: [False]
==========
t: 113, State: [[ 6.48186007e-01  1.02463165e+00  5.88139579e-01  3.05868338e-02
  -7.60155438e-02  8.09922076e-01 -2.19933016e-02  3.04241937e-03
   5.78080497e-01  1.40586492e+00 -9.08378138e-01 -5.38735325e-01
  -1.82092355e-01 -6.50919493e+00 -2.19760910e+00 -1.29603749e+00
  -1.87171303e+00  1.00000000e+01]], Action: [[-3.4663081e-04 -1.0000000e+00 -1.8643461e-01 -2.6436999e-01
  -2.8189757e-01  3.7010616e-01]], Reward: [2.6160893],Reward_sum: 194.3437957763672, Done: [False]
==========
t: 114, State: [[ 6.61709237e-01  1.01581420e+00  5.96976178e-01  2.87372913e-02
  -1.00322831e-01  7.34833764e-01 -2.28391837e-02 -8.33450704e-05
   6.95653563e-01  1.98860795e+00 -1.29877091e+00  2.75932764e+00
  -2.67192330e-01  4.85782150e-01 -1.00000000e+01  9.19771820e-01
   1.51688021e+00  1.00000000e+01]], Action: [[ 0.7233429   0.87563324 -1.          0.8696829   1.          0.4495864 ]], Reward: [2.6861553],Reward_sum: 197.0299530029297, Done: [False]
==========
t: 115, State: [[ 6.76516623e-01  1.00599382e+00  6.02688161e-01  4.36713880e-05
  -7.77196286e-02  5.81980636e-01 -2.85185104e-02  4.13297836e-04
   8.61703862e-01  1.76634157e+00 -1.10827590e+00 -1.37757813e+00
  -7.03450001e+00  5.29225486e+00 -1.00000000e+01 -2.95687308e+00
  -8.01682945e-01  1.00000000e+01]], Action: [[ 0.19690344  0.47511998 -0.39601773 -1.         -1.          1.        ]], Reward: [2.847502],Reward_sum: 199.87745666503906, Done: [False]
==========
t: 116, State: [[ 6.92148874e-01  9.95765298e-01  6.28830383e-01  9.65140194e-03
  -7.82685766e-02  4.74461024e-01 -9.51796552e-03 -5.33074568e-03
   9.41094655e-01  2.05149405e+00 -1.41012686e+00  5.82988024e+00
   6.09269055e+00 -3.79680205e+00 -6.12743988e+00  4.83321459e+00
   2.00691838e-01  3.02622993e+00]], Action: [[ 1.        -0.7176516  0.7668675  0.7647134  0.7453933 -1.       ]], Reward: [2.9497879],Reward_sum: 202.82723999023438, Done: [False]
==========
t: 117, State: [[ 0.70716802  0.98452095  0.65748823  0.03080325 -0.09165817  0.47405042
   0.01213254 -0.01615177  0.95003908  1.70577908 -1.3965536   1.34641583
  -0.78750746  0.4417692   6.02232056  0.62856548 -2.9401587  -0.36999697]], Action: [[-0.10160676  0.5928838   1.         -0.72344553 -1.          1.        ]], Reward: [2.8735085],Reward_sum: 205.70074462890625, Done: [False]
==========
t: 118, State: [[ 7.21869648e-01  9.71570825e-01  6.70157262e-01  2.50789882e-02
  -8.54623284e-02  5.72226724e-01 -5.47480974e-04 -1.45168927e-03
   9.12504861e-01  1.96660244e+00 -1.84380448e+00  1.82531976e+00
  -6.43483960e-01  1.20525657e+00  1.00000000e+01 -3.78733798e+00
   6.60849160e+00 -9.03289700e+00]], Action: [[ 1.          0.46429297  0.9601128  -0.36735186  1.         -0.5624083 ]], Reward: [2.8341143],Reward_sum: 208.5348663330078, Done: [False]
==========
t: 119, State: [[  0.73767484   0.95634366   0.68803332   0.02167304  -0.06566256
    0.77009847  -0.02313149   0.03803394   0.78772703   1.98854469
   -1.93959639   2.61884979  -0.24649465   3.97835323  10.
   -1.77770655   3.15516442 -10.        ]], Action: [[ 1.          0.4842826   1.          0.15082748  0.91365445 -1.        ]], Reward: [2.971557],Reward_sum: 211.5064239501953, Done: [False]
==========
t: 120, State: [[ 7.55244900e-01  9.40544512e-01  7.20033144e-01  1.97172753e-02
  -7.55550669e-03  9.47788361e-01 -2.05019731e-02  5.31164153e-02
   5.91096739e-01  2.38155918e+00 -2.02961606e+00  5.35777807e+00
  -2.32914273e-01  1.00000000e+01  1.00000000e+01  2.37895217e+00
   8.91602199e-01 -1.00000000e+01]], Action: [[ 1.          1.          1.          0.04879644  0.27660283 -0.4834656 ]], Reward: [3.192945],Reward_sum: 214.69937133789062, Done: [False]
==========
t: 121, State: [[ 7.73191987e-01  9.25873199e-01  7.55495429e-01  1.90770266e-02
   5.10192161e-02  1.01381104e+00 -5.10727011e-03  5.48623938e-02
   4.72401741e-01  2.12223300e+00 -1.66063569e+00  3.54594784e+00
   2.41561766e-02  4.54390195e+00  3.83866924e+00  1.35453164e+00
  -3.13244075e-01 -8.57349557e+00]], Action: [[ 0.7494384   0.2845807   1.         -0.19986995 -0.28354087 -0.5379964 ]], Reward: [3.2413335],Reward_sum: 217.94070434570312, Done: [False]
==========
t: 122, State: [[ 7.89653675e-01  9.13850679e-01  7.77791332e-01  1.87310267e-02
   7.30821389e-02  1.02259240e+00 -7.00183481e-04  5.21210183e-02
   4.31691306e-01  2.00940629e+00 -1.36495185e+00  2.14216281e+00
  -1.07876441e-01  1.31886970e+00 -1.02596518e+00 -1.55548627e-01
  -3.59493166e-01 -2.39017276e+00]], Action: [[ 1.          0.91295576  1.         -1.          1.         -1.        ]], Reward: [3.0518775],Reward_sum: 220.99258422851562, Done: [False]
==========
t: 123, State: [[ 0.80539189  0.90392995  0.79012939  0.01639886  0.07608527  1.00474619
  -0.00615521  0.04700027  0.4261028   1.93173298 -1.12400016  0.9236564
  -0.59230667 -0.35859611 -3.10496034 -1.27740726 -0.83900857  0.53682648]], Action: [[ 0.62290573  0.64350295  1.         -1.         -0.9398155  -0.9637635 ]], Reward: [2.9626625],Reward_sum: 223.9552459716797, Done: [False]
==========
t: 124, State: [[ 0.82020224  0.89636067  0.79104761  0.0146738   0.0503002   0.97679257
  -0.02286131  0.04012399  0.43343127  1.76614656 -0.76947424 -0.75437155
   0.07834874 -6.03800031 -3.71251018 -2.97645803 -0.85391391  1.08679715]], Action: [[ 1.         -1.          1.          0.03347089  0.06123444 -1.        ]], Reward: [2.8472888],Reward_sum: 226.8025360107422, Done: [False]
==========
t: 125, State: [[  0.83562741   0.88971196   0.79319785   0.01656134   0.01298623
    0.88520226  -0.03849147   0.03392135   0.44062401   2.09103499
   -0.87856155   1.22887932   0.35626433  -3.25995279 -10.
   -0.99615242  -0.6973434    0.5395372 ]], Action: [[ 1.         0.0945473 -1.         1.         1.        -0.7283465]], Reward: [2.9236066],Reward_sum: 229.72613525390625, Done: [False]
==========
t: 126, State: [[  0.85240787   0.88375646   0.80005865   0.0200283   -0.02382071
    0.68515835  -0.04932165   0.02817867   0.44135913   2.11365998
   -0.61016926   0.54975801   0.47540891  -5.35863868 -10.
   -1.64639993  -0.71808279  -0.47765138]], Action: [[ 1.         -0.9485663  -0.9833026   0.42272916  0.16692701 -0.48379576]], Reward: [3.0942507],Reward_sum: 232.8203887939453, Done: [False]
==========
t: 127, State: [[  0.87040848   0.87907929   0.80951855   0.02398682  -0.05553271
    0.54142785  -0.05746941   0.02354816   0.42997888   2.38124986
   -0.55894721   1.77629539   0.50071297  -2.7104434  -10.
   -0.4205274   -0.45738518  -2.33004006]], Action: [[ 1.         -0.34019747 -0.9318937   0.98121005  1.         -0.9313378 ]], Reward: [3.2452614],Reward_sum: 236.06564331054688, Done: [False]
==========
t: 128, State: [[ 0.88906029  0.87470936  0.82087577  0.02837913 -0.08404422  0.47981083
  -0.06397467  0.02068445  0.40999758  2.27960444 -0.53440889  1.04922173
   0.57315063 -4.46772203 -3.19165406 -1.21189483 -0.2725601  -2.6407591 ]], Action: [[ 1.         -0.62962806  0.7250562   0.92383957  0.94732153 -0.85779047]], Reward: [3.3270679],Reward_sum: 239.39273071289062, Done: [False]
==========
t: 129, State: [[ 0.90806559  0.86998529  0.8326992   0.03020759 -0.10768175  0.45851846
  -0.07065169  0.01922551  0.38727546  2.4726718  -0.64667486  1.94342756
  -0.03959048 -1.50381192 -2.47605858 -0.39827161 -0.10911716 -3.08458884]], Action: [[ 0.71005905  0.40377063 -0.7442108  -0.08599768  1.         -0.15210123]], Reward: [3.3734112],Reward_sum: 242.76614379882812, Done: [False]
==========
t: 130, State: [[ 9.27369576e-01  8.64843978e-01  8.35265576e-01  6.12157856e-03
  -9.86356160e-02  4.84628415e-01 -9.00265116e-02  2.00850496e-02
   3.62280411e-01  2.34911082e+00 -6.39670773e-01 -1.27715768e+00
  -5.93539210e+00  3.75336786e+00  8.98812870e+00 -4.38029338e+00
   2.71535246e-01 -3.10436855e+00]], Action: [[ 0.4583123  1.         1.        -1.         1.        -1.       ]], Reward: [3.4077883],Reward_sum: 246.17393493652344, Done: [False]
==========
t: 131, State: [[ 9.46688862e-01  8.58979112e-01  8.44605771e-01 -4.27020464e-03
  -9.59768115e-02  5.95636094e-01 -1.01239919e-01  2.16203826e-02
   3.33781883e-01  2.51540145e+00 -8.56872751e-01  4.29690166e+00
   4.41949978e+00 -3.62686218e+00  1.00000000e+01  2.35319012e+00
   1.11887109e-01 -4.07848408e+00]], Action: [[ 1.         -0.27256683  0.7225072   0.04937058  1.         -1.        ]], Reward: [3.4113119],Reward_sum: 249.5852508544922, Done: [False]
==========
t: 132, State: [[ 9.66208307e-01  8.50593415e-01  8.68057216e-01  3.17456896e-03
  -8.96557452e-02  7.86281875e-01 -9.76004714e-02  2.09232469e-02
   3.45443939e-01  2.38475325e+00 -1.22506411e+00  1.56878268e+00
  -2.64931904e+00  5.49049007e+00  1.00000000e+01 -1.47371722e+00
  -2.39997327e-01  6.74122705e+00]], Action: [[-0.14729711  1.          0.7692758  -0.10131372  0.2588158   1.        ]], Reward: [3.43724],Reward_sum: 253.02249145507812, Done: [False]
==========
t: 133, State: [[ 0.98653638  0.84120608  0.88590789 -0.01288753 -0.04587999  0.93174187
  -0.10468868  0.02021466  0.34271423  2.67491066 -1.13964261  2.8900438
  -1.2719891   5.19433932 10.         -0.28474403  0.03059111 -7.48441031]], Action: [[ 1.          0.29513565 -1.         -0.8014022   1.         -1.        ]], Reward: [3.5362802],Reward_sum: 256.55877685546875, Done: [False]
==========
t: 134, State: [[ 1.00894232e+00  8.31694766e-01  9.17629420e-01 -1.47709687e-02
  -2.54987300e-03  9.79064897e-01 -9.73861304e-02  2.07753584e-02
   2.34241323e-01  2.91355119e+00 -1.24297313e+00  5.06068449e+00
   9.01501759e-01  5.54684877e+00  2.41709438e+00  2.19192229e+00
   1.04991317e-01 -1.00000000e+01]], Action: [[ 0.7211087   0.42297706  0.49625474 -0.32052442  1.         -0.89074725]], Reward: [3.7979012],Reward_sum: 260.356689453125, Done: [False]
==========
t: 135, State: [[ 1.03230037e+00  8.22247163e-01  9.61397329e-01  2.97996866e-03
   2.85099958e-02  9.82404272e-01 -7.40458231e-02  2.22468126e-02
   8.33171037e-02  2.89687448e+00 -1.09564419e+00  5.51913262e+00
   3.06761776e+00  2.37335713e+00 -1.12421441e+00  3.26482084e+00
   2.54385618e-01 -1.00000000e+01]], Action: [[ 1.          0.53595924  1.         -1.          0.8493197  -1.        ]], Reward: [3.9147465],Reward_sum: 264.27142333984375, Done: [False]
==========
t: 136, State: [[  1.05484833   0.8149003    0.99484799   0.01927565   0.04019489
    0.96630183  -0.05775684   0.02333102  -0.01515139   2.76166827
   -0.76313017   3.05637879   1.18707031   0.71809689  -2.64523152
    1.00262954   0.03495314 -10.        ]], Action: [[ 0.544333    0.70096785  0.91630626 -1.         -0.23491868 -1.        ]], Reward: [3.8148131],Reward_sum: 268.08624267578125, Done: [False]
==========
t: 137, State: [[ 1.07633926e+00  8.10169185e-01  1.00558472e+00  1.51410342e-02
   4.27451018e-02  9.43218165e-01 -6.46056542e-02  2.40485371e-02
  -8.76920612e-02  2.61391858e+00 -4.21547456e-01 -3.81039841e-01
  -2.26515724e+00  5.44763023e-03 -3.00247406e+00 -2.73009974e+00
   1.28567784e-01 -8.15129610e+00]], Action: [[ 0.21400802  1.          1.         -1.          0.6204506  -0.80649173]], Reward: [3.6822853],Reward_sum: 271.76849365234375, Done: [False]
==========
t: 138, State: [[ 1.09748081e+00  8.07152758e-01  1.00449314e+00  3.27730222e-03
   3.58319884e-02  9.19542787e-01 -8.27603848e-02  2.52312069e-02
  -1.52647243e-01  2.66903730e+00 -3.27709529e-01  1.22126353e-02
  -8.48998985e-01 -1.65186976e+00 -2.85845722e+00 -1.92066612e+00
   1.60449236e-01 -8.22982632e+00]], Action: [[ 1.          0.00174215  0.95879984 -0.37820658  1.         -1.        ]], Reward: [3.6386309],Reward_sum: 275.4071350097656, Done: [False]
==========
t: 139, State: [[ 1.11913597e+00  8.04913204e-01  1.00494967e+00 -6.28603245e-04
   1.99581475e-02  8.97617188e-01 -9.63982392e-02  2.68725164e-02
  -2.68009395e-01  2.74647766e+00 -2.34403958e-01  2.26853420e-01
   7.93582032e-02 -2.42866007e+00 -2.58582419e+00 -1.27653438e+00
   2.38209986e-01 -1.00000000e+01]], Action: [[ 1.          0.3697707   0.73542815 -1.          1.         -1.        ]], Reward: [3.7022178],Reward_sum: 279.109375, Done: [False]
==========
t: 140, State: [[ 1.14139158e+00  8.03268450e-01  1.00789283e+00  1.27371001e-03
   3.77524526e-03  8.78070719e-01 -1.02450559e-01  2.90192093e-02
  -4.94212130e-01  2.80147589e+00 -1.66059766e-01  3.94288460e-01
   2.27218369e-01 -1.51529324e+00 -2.27719098e+00 -2.66900673e-01
   2.98436616e-01 -1.00000000e+01]], Action: [[ 1.         0.6018661  0.5519948 -1.         1.        -1.       ]], Reward: [3.7772844],Reward_sum: 282.88665771484375, Done: [False]
==========
t: 141, State: [[ 1.16366883e+00  8.02072092e-01  1.01072938e+00  5.13021328e-05
   1.18891888e-03  8.61901701e-01 -1.00060228e-01  3.15170763e-02
  -8.34791893e-01  2.70416949e+00 -2.25142849e-01  1.04950481e-01
  -9.51010957e-01  1.10483860e+00 -1.75961834e+00  2.26148498e-01
   1.90170546e-01 -1.00000000e+01]], Action: [[ 0.91752756  0.96063614  0.7744702  -1.          1.         -1.        ]], Reward: [3.7792916],Reward_sum: 286.66595458984375, Done: [False]
==========
t: 142, State: [[ 1.18441044e+00  7.98971463e-01  1.00921549e+00 -9.14412722e-03
   7.78143626e-03  8.50293719e-01 -1.06349454e-01  3.10541924e-02
  -1.05398477e+00  2.51788137e+00 -5.23314361e-01 -4.54476321e-01
  -1.32950038e+00  5.86342449e-01 -1.18867133e+00 -1.75081708e+00
  -2.15782579e-01 -1.00000000e+01]], Action: [[ 1.          0.91554725  1.         -1.          1.         -1.        ]], Reward: [3.586863],Reward_sum: 290.2528076171875, Done: [False]
==========
t: 143, State: [[ 1.20427976  0.79402441  1.00421036 -0.02025886  0.01048793  0.83940169
  -0.12621487  0.02901001 -1.12615207  2.45818534 -0.70162372 -0.75826521
  -1.41543391  0.13792101 -1.57508716 -3.10012507 -0.25967438 -3.30357737]], Action: [[ 1.          0.37564728 -0.10253899 -1.          1.         -1.        ]], Reward: [3.4795136],Reward_sum: 293.7322998046875, Done: [False]
==========
t: 144, State: [[ 1.22421375e+00  7.87349076e-01  1.00786598e+00 -1.49534666e-02
   1.00773357e-03  8.29940673e-01 -1.41925892e-01  2.67604107e-02
  -1.12493939e+00  2.52678560e+00 -9.60207254e-01  1.69606496e+00
   2.78732634e+00 -2.53502866e+00 -8.55662824e-01 -7.52486694e-01
  -2.79871165e-01  2.78530310e+00]], Action: [[ 1.          0.14087978  0.9547374  -0.5339999   1.         -1.        ]], Reward: [3.4875321],Reward_sum: 297.2198486328125, Done: [False]
==========
t: 145, State: [[ 1.24394953  0.77988432  1.01759443  0.00809734 -0.02899662  0.82272063
  -0.15278231  0.02364442 -1.09112173  2.38762933 -0.87986113  0.27529652
   2.25372181 -4.56958092 -0.9220703  -2.48946127 -0.44826007  5.23101808]], Action: [[ 0.81834114 -0.05222008 -0.00999956 -1.         -0.33592537 -1.        ]], Reward: [3.4641867],Reward_sum: 300.68402099609375, Done: [False]
==========
t: 146, State: [[  1.26411552   0.77153813   1.02645657   0.02053987  -0.04162757
    0.75750166  -0.16623239   0.02022201  -1.04453712   2.65941052
   -1.20473828   2.01560497   0.98528333   1.39353003 -10.
   -0.76594273  -0.40042291   6.13607435]], Action: [[ 0.8327347   0.7560059  -1.          0.3532155   0.6135925  -0.08041935]], Reward: [3.5179753],Reward_sum: 304.2019958496094, Done: [False]
==========
t: 147, State: [[ 1.28507725  0.76092577  1.04083046  0.02160349 -0.01547411  0.67579459
  -0.17609632  0.01810154 -0.99755998  2.57659587 -1.44947186  1.58479586
  -0.68915094  5.03444343 -5.24707562 -1.67567959 -0.15369437  5.53334573]], Action: [[ 1.          1.          0.72422624 -0.9785675   0.47415406 -0.90570915]], Reward: [3.6156895],Reward_sum: 307.81768798828125, Done: [False]
==========
t: 148, State: [[ 1.30528981  0.74926654  1.05130231  0.0165333   0.02067692  0.64252975
  -0.1922315   0.0169839  -0.95698663  2.45266446 -1.41200652  0.74993461
  -0.50682201  3.15657611 -2.90375422 -2.6376233  -0.12681598  4.59859576]], Action: [[ 1.          0.5512165   0.11698933 -1.          0.16712686 -1.        ]], Reward: [3.5232244],Reward_sum: 311.3409118652344, Done: [False]
==========
t: 149, State: [[ 1.32440469  0.7385393   1.05332514  0.01331007  0.03665776  0.62003947
  -0.21514109  0.01117355 -0.92382762  2.3330216  -1.28257748 -0.17571605
  -0.32329015  1.05970484 -2.74881119 -3.02418606 -1.32427928  3.7005459 ]], Action: [[ 1.          0.5468646  -0.04829882 -1.         -0.7134528  -1.        ]], Reward: [3.3855503],Reward_sum: 314.7264404296875, Done: [False]
==========
t: 150, State: [[ 1.34240861e+00  7.29132363e-01  1.04472079e+00  1.15254840e-02
   2.26108355e-02  6.00364669e-01 -2.48535061e-01  3.61481322e-03
  -8.97731858e-01  2.15060288e+00 -1.07406810e+00 -2.03690231e+00
  -1.37434228e-01 -5.47022244e+00 -3.81403916e-01 -5.36978117e+00
  -6.29022677e-01  2.85475231e+00]], Action: [[ 1.         -0.4978533  -0.23450576 -1.         -0.27184442 -1.        ]], Reward: [3.2471128],Reward_sum: 317.97357177734375, Done: [False]
==========
t: 151, State: [[ 1.36091191e+00  7.18318130e-01  1.04244367e+00  1.17920604e-02
  -7.54141254e-03  5.92989011e-01 -2.77052591e-01  5.72181140e-04
  -8.78034469e-01  2.47944625e+00 -1.61881752e+00  1.43991515e+00
   1.64051348e-01 -1.75407267e+00 -1.69899797e+00 -1.76330907e+00
  -1.76674427e-01  2.10490745e+00]], Action: [[ 1.         0.9112983 -1.         0.9867118  1.        -1.       ]], Reward: [3.307109],Reward_sum: 321.28070068359375, Done: [False]
==========
t: 152, State: [[ 1.38027496e+00  7.06759183e-01  1.04642373e+00  1.33315660e-02
  -4.21669240e-02  5.88349374e-01 -2.99760488e-01  1.53736432e-03
  -8.63400253e-01  2.35931600e+00 -1.26563157e+00 -4.50859585e-01
   2.11577332e-01 -6.74237434e+00  3.61729854e-01 -3.85507884e+00
   2.93048583e-01  1.57929397e+00]], Action: [[ 1.         -1.         -1.         -0.660605    0.92146325 -1.        ]], Reward: [3.4150953],Reward_sum: 324.69580078125, Done: [False]
==========
t: 153, State: [[ 1.40012256  0.69550425  1.05143738  0.01543713 -0.08222088  0.58341779
  -0.3206573   0.00372456 -0.85245762  2.60493751 -1.5439356   1.68720868
   0.29741198 -3.19490932 -1.66760943 -1.38503958  0.25147055  1.17371177]], Action: [[ 1.          0.337974   -1.          0.68068576  1.         -0.94562054]], Reward: [3.4764788],Reward_sum: 328.1722717285156, Done: [False]
==========
t: 154, State: [[ 1.42089927e+00  6.84034246e-01  1.06162187e+00  1.86196948e-02
  -1.17929677e-01  5.70152442e-01 -3.34085643e-01  5.71880909e-03
  -8.44457769e-01  2.58756404e+00 -1.32297842e+00  8.32863365e-01
   4.65923296e-01 -5.73647867e+00 -1.68321316e+00 -2.00135357e+00
   2.42328577e-01  8.44560165e-01]], Action: [[ 1.         -1.         -1.          0.35891595  1.         -1.        ]], Reward: [3.591959],Reward_sum: 331.76422119140625, Done: [False]
==========
t: 155, State: [[ 1.44237703  0.67298213  1.07333761  0.02248408 -0.15322642  0.548972
  -0.34344498  0.00720861 -0.83817458  2.78192741 -1.4382228   2.07554169
   0.48581852 -3.10924299 -3.60545355 -0.36455141  0.13899515  0.72151766]], Action: [[ 1.         -0.18829075 -1.          0.9284556   1.         -0.7329531 ]], Reward: [3.6802857],Reward_sum: 335.44451904296875, Done: [False]
==========
t: 156, State: [[ 1.46406001  0.66298621  1.0808884   0.02490834 -0.19622529  0.52185089
  -0.35581545  0.00892018 -0.83333114  2.63740159 -1.06377203 -0.16503455
   0.15577853 -7.66678981 -3.21662964 -2.69363051  0.26657093  0.50383225]], Action: [[ 0.8028116  -1.         -1.         -0.61869204  0.951386   -1.        ]], Reward: [3.7054405],Reward_sum: 339.14996337890625, Done: [False]
==========
t: 157, State: [[  1.48580863   0.65427424   1.08302243   0.0270203   -0.25273101
    0.47482576  -0.37212375   0.01030357  -0.82963911   2.80198256
   -1.10254324   0.61488994   0.34676961  -6.59030298 -10.
   -1.48045332   0.09700674   0.41686044]], Action: [[ 1.         -0.40046212 -1.          1.          1.         -0.7709136 ]], Reward: [3.7138228],Reward_sum: 342.86376953125, Done: [False]
==========
t: 158, State: [[  1.50816844   0.64634741   1.08369566   0.02974441  -0.31467147
    0.34687168  -0.38719586   0.01044532  -0.82643481   2.78273662
   -0.89670425  -0.36371924   0.31866747  -8.68067121 -10.
   -2.21469071  -0.04257961   0.38058893]], Action: [[ 1.         -0.8983706  -1.          0.34615627  0.45429108 -0.7247813 ]], Reward: [3.7913175],Reward_sum: 346.65509033203125, Done: [False]
==========
t: 159, State: [[  1.53114759   0.63900587   1.08362957   0.03243315  -0.37648806
    0.19877249  -0.4007319    0.01006786  -0.82340467   2.96642389
   -0.9237005    0.27137426   0.34842506  -6.67720491 -10.
   -1.24477477  -0.05022388   0.36686011]], Action: [[ 1.         -0.33232448 -1.          1.          1.         -0.5736779 ]], Reward: [3.867954],Reward_sum: 350.5230407714844, Done: [False]
==========
t: 160, State: [[ 1.55470795e+00  6.32689151e-01  1.08007263e+00  3.47422178e-02
  -4.34181215e-01 -5.91581058e-02 -4.15832612e-01  9.61950720e-03
  -8.21021354e-01  2.92181969e+00 -6.60379752e-01 -1.13038368e+00
   2.33698492e-01 -7.38203100e+00 -1.00000000e+01 -2.50030692e+00
  -5.93278563e-02  2.38844195e-01]], Action: [[ 1.         -0.9415693  -1.          0.20626487  0.5382799  -0.80486405]], Reward: [3.941179],Reward_sum: 354.4642028808594, Done: [False]
==========
t: 161, State: [[ 1.57836669e+00  6.27739674e-01  1.07007306e+00  3.58164493e-02
  -4.77955460e-01 -4.46573592e-01 -4.36339527e-01  9.62056770e-03
  -8.19508942e-01  2.98765282e+00 -5.91867834e-01 -1.28521678e+00
   4.75596854e-02 -3.04986457e+00 -1.00000000e+01 -2.53458286e+00
   4.64888238e-02  1.49221065e-01]], Action: [[ 1.         -0.36592743 -1.          0.21038671  0.95671296 -0.8125795 ]], Reward: [3.9535875],Reward_sum: 358.41778564453125, Done: [False]
==========
t: 162, State: [[  1.60189413   0.62268967   1.05951771   0.03372421  -0.4769464
   -0.98467368  -0.45788355   0.01096045  -0.81871961   2.75287273
   -0.82837846  -1.30257636  -0.66484871   1.05790333 -10.
   -2.96467825   0.29030389   0.09539161]], Action: [[ 1.          0.0198563  -1.         -0.85596025  1.         -1.        ]], Reward: [3.9361978],Reward_sum: 362.35400390625, Done: [False]
==========
t: 163, State: [[  1.62196403   0.61454321   1.04693893   0.02839826  -0.49574519
   -1.292714    -0.48622208   0.01379711  -0.81797033   2.31438024
   -1.13529327  -1.97119264  -0.62935056  -5.68308408 -10.
   -4.17827704   0.38433925   0.07637488]], Action: [[ 1.         -0.14119881 -0.39806217 -0.8415604   1.         -1.        ]], Reward: [3.5048504],Reward_sum: 365.8588562011719, Done: [False]
==========
t: 164, State: [[  1.63954051   0.60490488   1.02898592   0.02422089  -0.56022274
   -1.37618903  -0.52266063   0.01659934  -0.8176098    2.09259242
   -1.26378442  -2.49523057  -0.42825454 -10.          -1.97291531
   -4.892045     0.31290159   0.01689914]], Action: [[ 1.         -0.14354038 -1.         -0.5074713   1.         -1.        ]], Reward: [3.1927824],Reward_sum: 369.0516357421875, Done: [False]
==========
t: 165, State: [[ 1.65673401  0.5935483   1.01503382  0.02291204 -0.6392011  -1.35222661
  -0.55443327  0.01788376 -0.81765595  2.21257502 -1.5674694  -1.01888626
   0.04289991 -9.47845041  6.70820924 -3.0897604   0.03869342 -0.02519443]], Action: [[ 1.          0.16385022 -1.          1.          1.         -0.9032163 ]], Reward: [3.1443443],Reward_sum: 372.19598388671875, Done: [False]
==========
t: 166, State: [[ 1.67499149  0.57996718  1.01168211  0.02324947 -0.70875839 -1.28355949
  -0.57332559  0.01760289 -0.81818346  2.35565954 -1.82400267  0.17872549
   0.04111294 -7.81724636  9.8083935  -1.64047975 -0.09202238 -0.09679417]], Action: [[ 0.34676805  0.17473495 -1.          1.          1.         -1.        ]], Reward: [3.2780352],Reward_sum: 375.4740295410156, Done: [False]
==========
t: 167, State: [[ 1.69473914  0.56423468  1.01903995  0.02320321 -0.75977726 -1.2027911
  -0.57962604  0.0166475  -0.81909858  2.58234596 -2.10639661  1.65320822
  -0.04015304 -4.92206552 10.          0.05596109 -0.13835425 -0.125889  ]], Action: [[ 0.27999076  0.5357028  -1.          0.9279001   1.         -1.        ]], Reward: [3.464229],Reward_sum: 378.9382019042969, Done: [False]
==========
t: 168, State: [[ 1.71583198e+00  5.46592140e-01  1.03558523e+00  2.30478202e-02
  -7.92391557e-01 -1.12554907e+00 -5.75785914e-01  1.59081532e-02
  -8.20011877e-01  2.69024334e+00 -2.30228538e+00  2.47112678e+00
  -2.00310003e-03 -3.22399652e+00  9.10562385e+00  8.96988576e-01
  -5.51104960e-02 -1.02529314e-01]], Action: [[ 1.          0.40414444 -1.          0.22228514  1.         -1.        ]], Reward: [3.6323922],Reward_sum: 382.5705871582031, Done: [False]
==========
t: 169, State: [[ 1.73685676  0.5280632   1.05399881  0.02382155 -0.82264906 -1.05792464
  -0.5698616   0.01563674 -0.82067979  2.5661371  -2.32801573  2.11812608
   0.170193   -4.32138675  7.75463319  0.57078701 -0.01670785 -0.06692273]], Action: [[ 1.         -0.7291385  -1.          0.33024874  1.         -1.        ]], Reward: [3.623457],Reward_sum: 386.19403076171875, Done: [False]
==========
t: 170, State: [[ 1.75700133e+00  5.09286003e-01  1.06985600e+00  2.53976817e-02
  -8.60004780e-01 -1.00176497e+00 -5.66249483e-01  1.55915513e-02
  -8.21122617e-01  2.47023441e+00 -2.36575837e+00  1.84259406e+00
   2.12753878e-01 -5.00977590e+00  6.29308213e+00  3.29320274e-01
   3.08244305e-03 -4.51108701e-02]], Action: [[ 1.        -0.5981374 -1.         0.3231466  1.        -1.       ]], Reward: [3.5136094],Reward_sum: 389.7076416015625, Done: [False]
==========
t: 171, State: [[ 1.77660935  0.49004608  1.08469401  0.02718211 -0.90033128 -0.95694844
  -0.56317454  0.01556663 -0.82145269  2.43154602 -2.44419402  1.86358273
   0.22558601 -5.07135888  4.94241919  0.43456824 -0.00770992 -0.03732371]], Action: [[ 1.         -0.41840157 -1.          0.4662111   1.         -1.        ]], Reward: [3.4466097],Reward_sum: 393.1542663574219, Done: [False]
==========
t: 172, State: [[ 1.79570875  0.47032107  1.09871121  0.02900047 -0.9433876  -0.92206937
  -0.56033203  0.01550746 -0.82170048  2.34353292 -2.48753008  1.64362227
   0.22267844 -5.68462974  3.81190947  0.2786256  -0.00690289 -0.02528943]], Action: [[ 1.         -0.64435613 -1.          0.44391304  1.         -1.        ]], Reward: [3.3828125],Reward_sum: 396.5370788574219, Done: [False]
==========
t: 173, State: [[ 1.81435008  0.45007392  1.11172464  0.0298477  -0.98763287 -0.89552752
  -0.55828764  0.01561638 -0.82186023  2.31761064 -2.57546349  1.62810782
   0.01358449 -5.3883829   2.86225649  0.25573879  0.02887311 -0.0152381 ]], Action: [[ 0.82589173 -0.14816871 -1.          0.15303163  1.         -1.        ]], Reward: [3.3264396],Reward_sum: 399.863525390625, Done: [False]
==========
t: 174, State: [[ 1.83276163  0.42912588  1.12483999  0.02959799 -1.03019125 -0.87569799
  -0.55613708  0.01592972 -0.82194535  2.28567074 -2.66218623  1.66045904
  -0.06510918 -5.2558352   2.12739801  0.2945107   0.04608599 -0.00675064]], Action: [[ 0.9040772  -0.17909339 -1.          0.11625018  1.         -1.        ]], Reward: [3.2975802],Reward_sum: 403.1611022949219, Done: [False]
==========
t: 175, State: [[ 1.85084698e+00  4.07537264e-01  1.13795040e+00  2.88484351e-02
  -1.07247606e+00 -8.61023026e-01 -5.54016919e-01  1.63862226e-02
  -8.21958416e-01  2.23617086e+00 -2.73545669e+00  1.62637283e+00
  -1.13756076e-01 -5.31631335e+00  1.56728062e+00  2.47956113e-01
   6.40915766e-02  2.43577219e-03]], Action: [[ 0.93414736 -0.2093099  -1.         -0.00367368  1.         -1.        ]], Reward: [3.2567518],Reward_sum: 406.41790771484375, Done: [False]
==========
t: 176, State: [[ 1.86851813  0.38537961  1.15077204  0.02778282 -1.11546014 -0.85025392
  -0.55228453  0.0169421  -0.82191174  2.182156   -2.80438401  1.58769787
  -0.14534695 -5.42911447  1.14542347  0.19646637  0.07192249  0.00836792]], Action: [[ 0.91284966 -0.21364412 -1.         -0.05729679  1.         -1.        ]], Reward: [3.205012],Reward_sum: 409.6229248046875, Done: [False]
==========
t: 177, State: [[ 1.88575065  0.36267887  1.16334867  0.02656128 -1.15947355 -0.84240659
  -0.55086859  0.017515   -0.82183183  2.12648066 -2.8711314   1.56361951
  -0.1551013  -5.57214969  0.83205524  0.16653129  0.06962258  0.0110146 ]], Action: [[ 0.89276695 -0.22699353 -1.         -0.07456855  1.         -1.        ]], Reward: [3.1502104],Reward_sum: 412.77313232421875, Done: [False]
==========
t: 178, State: [[ 1.90253821  0.33944942  1.17578656  0.0252883  -1.20463041 -0.83672341
  -0.54962891  0.01805188 -0.82173949  2.07093245 -2.93651195  1.55252764
  -0.15882303 -5.71451552  0.60063966  0.15158942  0.06352307  0.01166839]], Action: [[ 0.8651656  -0.22704586 -1.         -0.09665266  1.         -1.        ]], Reward: [3.0946364],Reward_sum: 415.8677673339844, Done: [False]
==========
t: 179, State: [[ 1.91888502  0.31570108  1.18819532  0.02400496 -1.25089209 -0.83263274
  -0.54844383  0.01853326 -0.82164708  2.01630103 -3.0008009   1.55584458
  -0.15820783 -5.84813802  0.43098135  0.15219327  0.05609227  0.01116181]], Action: [[ 0.84055924 -0.22468832 -1.         -0.11717901  1.         -1.        ]], Reward: [3.0395806],Reward_sum: 418.9073486328125, Done: [False]
==========
t: 180, State: [[ 1.93481516  0.29136484  1.20117548  0.0225704  -1.29733808 -0.82966145
  -0.54669677  0.01895613 -0.82155787  1.98177721 -3.16065739  2.18622852
  -0.33847568 -4.9549772   0.36052488  0.79548943  0.04936219  0.01415464]], Action: [[ 0.81982136 -0.22040084 -1.         -0.1385806   1.         -1.        ]], Reward: [2.9875274],Reward_sum: 421.8948669433594, Done: [False]
==========
t: 181, State: [[ 1.95014666e+00  2.65945851e-01  1.21375186e+00  9.22919167e-04
  -1.32088399e+00 -8.26592107e-01 -5.46605135e-01  1.96387804e-02
  -8.21398476e-01  1.85154900e+00 -3.18303074e+00  1.00589721e+00
  -4.67542376e+00 -1.33706975e+00  3.73858517e-01 -6.95930108e-01
   1.08362698e-01  2.38995989e-02]], Action: [[ 0.26526687 -0.46317276 -1.         -0.53339744  1.         -1.        ]], Reward: [2.9128685],Reward_sum: 424.8077392578125, Done: [False]
==========
t: 182, State: [[ 1.96589432e+00  2.36834390e-01  1.25980688e+00  3.60436836e-03
  -1.33349535e+00 -8.23801420e-01 -5.08713301e-01  1.92721479e-02
  -8.21300804e-01  2.02597602e+00 -4.01931061e+00  9.62049574e+00
   4.44968731e+00 -1.86276502e+00  3.11258832e-01  9.17228605e+00
  -1.53574655e-01 -7.90031694e-04]], Action: [[ 1. -1. -1.  1.  1. -1.]], Reward: [2.9624572],Reward_sum: 427.77020263671875, Done: [False]
==========
t: 183, State: [[ 1.98081655  0.20569378  1.32299144  0.01996255 -1.34304095 -0.82186168
  -0.45091883  0.01746779 -0.82007965  1.71250016 -3.76338607  6.16566628
  -0.29436272 -0.62680383  0.17948232  5.24690312 -0.27328529  0.26783526]], Action: [[ 0.22837925 -0.4254137  -1.         -1.         -0.43452778 -0.5241641 ]], Reward: [2.8625817],Reward_sum: 430.6327819824219, Done: [False]
==========
t: 184, State: [[ 1.99359773e+00  1.76224103e-01  1.36942906e+00  1.42971048e-02
  -1.34839308e+00 -8.20767654e-01 -4.06689964e-01  4.19581093e-03
  -8.18262992e-01  1.48600117e+00 -3.59894489e+00  5.46041219e+00
  -1.05443329e+00 -7.71657585e-01  9.83254108e-02  5.84584014e+00
  -3.06719044e+00  1.90253777e-01]], Action: [[ 0.6785481 -0.6421746 -1.        -1.        -1.        -1.       ]], Reward: [2.5927744],Reward_sum: 433.2255554199219, Done: [False]
==========
t: 185, State: [[ 2.00430513e+00  1.48504416e-01  1.39388573e+00 -1.89911928e-02
  -1.35054674e+00 -8.20206949e-01 -3.91259687e-01 -2.26542024e-03
  -8.17720657e-01  1.19332785e+00 -3.34496295e+00  5.92626997e-01
  -7.40537330e+00  3.23786819e-01  4.63239152e-02 -2.33896997e+00
   1.97948817e+00 -4.02033757e-02]], Action: [[ 0.04578963 -0.6489681  -1.         -1.          0.28246877 -1.        ]], Reward: [2.3349226],Reward_sum: 435.56048583984375, Done: [False]
==========
t: 186, State: [[ 2.01398107  0.11848862  1.43870673 -0.02791309 -1.35960231 -0.81990414
  -0.36268293  0.01122883 -0.81822828  1.20404596 -4.14802192 10.
   5.27866265 -2.66135943  0.0300158   9.70681386  1.09495814 -0.07476874]], Action: [[ 1.        -1.        -1.         0.8401289  1.        -1.       ]], Reward: [2.2037866],Reward_sum: 437.7642822265625, Done: [False]
==========
t: 187, State: [[ 2.02262741e+00  8.64834404e-02  1.51453161e+00  4.10210660e-03
  -1.38055946e+00 -8.19925529e-01 -2.91909599e-01  1.24151302e-02
  -8.17689900e-01  9.70855783e-01 -3.85157339e+00  8.29147634e+00
   2.69931874e+00 -2.56155977e+00 -2.67600920e-02  7.96578010e+00
  -7.74747297e-01  1.74441594e-01]], Action: [[ 0.39178458 -0.38406208 -1.         -1.         -0.87057257 -0.64525604]], Reward: [2.0773177],Reward_sum: 439.84161376953125, Done: [False]
==========
t: 188, State: [[ 2.02952866  0.05718929  1.56346779  0.004486   -1.39840734 -0.820191
  -0.2491365   0.00809115 -0.81555757  0.77043046 -3.47004223  3.95490262
  -2.59245391 -1.88873716 -0.03791657  2.76366036 -0.34749389  0.33246523]], Action: [[ 0.0718995  -0.50426805 -1.         -1.         -0.14395773 -0.4345441 ]], Reward: [1.8601865],Reward_sum: 441.7018127441406, Done: [False]
==========
t: 189, State: [[ 2.03440632e+00  3.48039233e-02  1.59073660e+00 -6.24101696e-03
  -1.43240759e+00 -8.20539366e-01 -2.23078563e-01 -2.38796344e-03
  -8.13763544e-01  4.03165289e-01 -1.76263768e+00  2.26736701e+00
  -1.00589385e-01 -7.35376587e+00 -4.54568263e-02  3.60453353e+00
  -2.66113547e+00  1.49339532e-01]], Action: [[ 1.         -1.         -1.         -1.         -0.48006585 -1.        ]], Reward: [1.6044774],Reward_sum: 443.3063049316406, Done: [False]
==========
t: 190, State: [[ 2.03661117e+00  2.70188742e-02  1.59870045e+00 -9.85380773e-03
  -1.50121773e+00 -8.20744175e-01 -2.09333606e-01 -3.81729302e-03
  -8.13880529e-01  1.81267926e-01 -2.61612794e-01 -4.22684987e-01
  -1.20516701e+00 -9.54430305e+00 -1.24349940e-02 -4.62706518e-01
   2.38146695e+00 -1.45881159e-01]], Action: [[-1.        -0.4233131 -1.        -1.         1.        -1.       ]], Reward: [1.2704265],Reward_sum: 444.57672119140625, Done: [False]
==========
t: 191, State: [[  2.03769893   0.02751626   1.59686886  -0.01194081  -1.58361288
   -0.82112455  -0.20703025   0.01427064  -0.81523843   0.1105184
    0.3589223    0.19320091   0.93670447 -10.          -0.07365048
    1.5841589    1.53510744  -0.17182706]], Action: [[ 1.          0.2616202  -1.          0.46458963  1.         -1.        ]], Reward: [1.131686],Reward_sum: 445.7083435058594, Done: [False]
==========
t: 192, State: [[ 2.03838892e+00  3.10110963e-02  1.59657102e+00 -8.43420387e-03
  -1.66800910e+00 -8.21844875e-01 -1.94103511e-01  2.30028678e-02
  -8.16436830e-01  6.77390002e-02  4.86054659e-01 -2.08427368e-01
  -2.71324422e-02 -1.00000000e+01 -1.00262384e-01  1.65131630e+00
   7.26459698e-01 -1.32374056e-01]], Action: [[ 0.40602466  0.86262643 -1.         -0.28783754  1.         -1.        ]], Reward: [1.0822572],Reward_sum: 446.79058837890625, Done: [False]
==========
t: 193, State: [[ 2.03887291e+00  3.52490774e-02  1.59605965e+00 -7.50547382e-03
  -1.74699674e+00 -8.22655702e-01 -1.77703046e-01  2.66282912e-02
  -8.17456928e-01  5.49808469e-02  5.62616267e-01  1.23410211e-01
   3.05681524e-01 -9.72411559e+00 -9.97156888e-02  2.46407570e+00
   2.32404593e-01 -1.23012224e-01]], Action: [[ 0.6550249   0.5897505  -1.         -0.09593038  1.         -1.        ]], Reward: [1.0567125],Reward_sum: 447.8472900390625, Done: [False]
==========
t: 194, State: [[ 2.03917907  0.0399756   1.59188889 -0.01482081 -1.81939371 -0.82329735
  -0.16353463  0.02765635 -0.81831219  0.02652462  0.61997451 -1.09526301
  -2.01870941 -8.41611731 -0.06390835  1.16092449  0.04157341 -0.09435119]], Action: [[-0.06993082  0.59506416 -1.         -0.21802668  1.         -1.        ]], Reward: [1.034864],Reward_sum: 448.88214111328125, Done: [False]
==========
t: 195, State: [[ 2.03966426  0.04544854  1.59278435 -0.01610996 -1.88964256 -0.82393888
  -0.14031236  0.02666733 -0.81925845  0.09707215  0.75938781  1.23887896
   1.62118464 -9.14840192 -0.0906366   4.53900729 -0.24816686 -0.13676742]], Action: [[ 1.         0.8148763 -1.         0.5200275  1.        -1.       ]], Reward: [1.0557135],Reward_sum: 449.9378662109375, Done: [False]
==========
t: 196, State: [[ 2.04020519e+00  5.36389882e-02  1.56459704e+00 -5.84349020e-02
  -1.94568090e+00 -8.24272197e-01 -1.49490307e-01  2.59463647e-02
  -8.19729881e-01  3.56537982e-02  1.26691314e+00 -8.44830184e+00
  -1.00000000e+01 -4.69046840e+00 -4.39766052e-03 -7.17959104e+00
   1.72039849e-02  6.52650116e-04]], Action: [[-1.         0.6163554 -1.        -0.710516   1.        -0.9453981]], Reward: [1.062838],Reward_sum: 451.0007019042969, Done: [False]
==========
t: 197, State: [[ 2.04138782  0.06032861  1.54049127 -0.1005318  -1.99626264 -0.82437732
  -0.15335362  0.0107711  -0.82026573  0.2685489   0.40905904  2.40272163
   1.91690497 -7.99935648 -0.01800232  6.19487345 -3.68819542 -0.1276228 ]], Action: [[ 1.         -0.27946112 -1.          1.          1.         -1.        ]], Reward: [1.1427504],Reward_sum: 452.1434631347656, Done: [False]
==========
t: 198, State: [[ 2.04246963e+00  6.57362133e-02  1.51286226e+00 -1.52498732e-01
  -2.04146313e+00 -8.24169892e-01 -1.69162195e-01 -2.96070537e-03
  -8.20929469e-01 -5.92017155e-02  9.02881085e-01 -9.47172345e+00
  -1.00000000e+01 -3.12658412e+00  5.93172746e-02 -1.00000000e+01
   1.23737788e+00 -1.24946686e-01]], Action: [[-1.          0.07953343 -1.         -1.          0.40310887 -0.5884329 ]], Reward: [1.1317115],Reward_sum: 453.2751770019531, Done: [False]
==========
t: 199, State: [[ 2.04297107e+00  6.96971706e-02  1.48170087e+00 -2.14647130e-01
  -2.08169875e+00 -8.23898478e-01 -2.00661260e-01 -4.64759805e-03
  -8.22202202e-01  2.06134325e-01  8.98139740e-02  1.64143248e+00
  -3.75066641e-01 -6.95722641e+00  1.51351236e-02  2.96347447e+00
  -1.62445925e+00 -1.98618704e-01]], Action: [[ 1.         -0.48243704 -1.          1.          1.         -1.        ]], Reward: [1.0574472],Reward_sum: 454.3326416015625, Done: [False]
==========
Walker2d - Steps: 200, Return: 454.3326416015625, State: [[ 2.04297107e+00  6.96971706e-02  1.48170087e+00 -2.14647130e-01
  -2.08169875e+00 -8.23898478e-01 -2.00661260e-01 -4.64759805e-03
  -8.22202202e-01  2.06134325e-01  8.98139740e-02  1.64143248e+00
  -3.75066641e-01 -6.95722641e+00  1.51351236e-02  2.96347447e+00
  -1.62445925e+00 -1.98618704e-01]]
