[CudaDevice(id=0)]
Using AIRL:  True
Using GAIL:  False
Using RGCL:  False
Experiment State @  2025-05-13 08:02:38.389280-05:00
Experiment Saved @  results/experiment_126
Experiment Settings Saved @  results/experiment_126
126
Using cuda device
Wrapping the env with a `Monitor` wrapper
Wrapping the env in a DummyVecEnv.
Wrapping the env with a `Monitor` wrapper
Wrapping the env in a DummyVecEnv.
t: 0, State: [[-4.98689431e-03  1.25402784e+00 -7.44158762e-03  7.65422886e-04
  -3.54839323e-03  1.77735316e-03 -1.53290613e-02 -1.02035659e-01
  -7.75154851e-01 -1.00123180e+00  5.24685650e-02  1.43973813e+00]], Action: [[-0.66804993  0.03199857  1.        ]], Reward: [0.9924708],Reward_sum: 0.9924708008766174, Done: [False]
==========
t: 1, State: [[-4.50171113e-03  1.25274381e+00 -7.90719079e-03 -1.86241666e-03
  -9.83571000e-04  1.87741213e-02  1.37374051e-01 -2.18974352e-01
   6.74624396e-01  3.65045107e-01  5.86773120e-01  2.80755056e+00]], Action: [[1.         0.54088295 1.        ]], Reward: [1.0583553],Reward_sum: 2.050826072692871, Done: [False]
==========
t: 2, State: [[-3.78259668e-03  1.25060611e+00 -5.84295394e-03 -6.29790482e-04
  -7.46316334e-04  4.71565285e-02  4.24416737e-02 -3.15281815e-01
  -1.58031015e-01 -5.63960368e-02 -5.26046768e-01  4.28601091e+00]], Action: [[-0.3422106  -0.80327904  1.        ]], Reward: [1.0881269],Reward_sum: 3.1389529705047607, Done: [False]
==========
t: 3, State: [[-3.22068924e-03  1.24764884e+00 -4.61648076e-03  2.04501162e-03
  -5.59856026e-03  8.70308886e-02  7.96129430e-02 -4.23299121e-01
   1.45932410e-01  3.32216378e-01 -6.53961249e-01  5.68504976e+00]], Action: [[ 1.         -0.02237567  1.        ]], Reward: [1.0682379],Reward_sum: 4.207190990447998, Done: [False]
==========
t: 4, State: [[-2.41808890e-03  1.24381808e+00 -4.53092912e-03  2.08872950e-03
  -8.60884624e-03  1.37984852e-01  1.20703861e-01 -5.34204058e-01
  -1.25365096e-01 -3.20116945e-01 -9.85735026e-02  7.05165505e+00]], Action: [[-0.4006621   0.42196003  1.        ]], Reward: [1.0989865],Reward_sum: 5.306177616119385, Done: [False]
==========
t: 5, State: [[-1.20159604e-03  1.23910472e+00 -4.17401456e-03  4.09061942e-04
  -8.19564761e-03  1.99832466e-01  1.82205436e-01 -6.43872799e-01
   1.99008390e-01 -1.16610365e-01  2.03807081e-01  8.40865276e+00]], Action: [[0.7385321  0.28411254 1.        ]], Reward: [1.1504354],Reward_sum: 6.456613063812256, Done: [False]
==========
t: 6, State: [[ 5.51865163e-04  1.23479778e+00 -5.48922871e-03 -4.38324828e-03
  -8.57148132e-03  2.70138035e-01  2.80311524e-01 -3.54165689e-01
  -5.20454405e-01 -1.09865810e+00 -3.73423157e-01  9.01623801e+00]], Action: [[-0.60221666 -0.12403071  1.        ]], Reward: [1.2178046],Reward_sum: 7.674417495727539, Done: [False]
==========
t: 7, State: [[ 3.95078216e-03  1.23343580e+00 -3.77607987e-03 -8.01344422e-03
  -1.18681333e-02  3.42695813e-01  5.64582129e-01  6.60836257e-03
   9.38168694e-01  1.93781316e-01 -4.36308901e-01  9.14318729e+00]], Action: [[1.         0.42927423 0.7993089 ]], Reward: [1.4230415],Reward_sum: 9.09745979309082, Done: [False]
==========
t: 8, State: [[ 8.62189711e-03  1.23468764e+00 -1.19411813e-03 -1.26275828e-02
  -1.61925611e-02  4.15496148e-01  5.98985105e-01  2.95590783e-01
  -2.95683761e-01 -1.34184180e+00 -6.30902828e-01  9.08155220e+00]], Action: [[-1.          0.00864807  0.45894784]], Reward: [1.5826787],Reward_sum: 10.68013858795166, Done: [False]
==========
t: 9, State: [[ 1.45038681e-02  1.23809073e+00  2.67541563e-03 -1.81650228e-02
  -1.95271617e-02  4.88629078e-01  8.70321824e-01  5.47474531e-01
   1.26375410e+00 -4.32725724e-02 -1.97993547e-01  9.21547804e+00]], Action: [[1.         0.6901932  0.64611924]], Reward: [1.7333525],Reward_sum: 12.413491249084473, Done: [False]
==========
t: 10, State: [[ 0.02159681  1.2431148   0.00928163 -0.02474238 -0.01713258  0.55488493
   0.89881756  0.69376591  0.38932857 -1.59598757  0.8089152   7.3784681 ]], Action: [[-1.         0.6936631 -1.       ]], Reward: [1.8841361],Reward_sum: 14.297627449035645, Done: [False]
==========
t: 11, State: [[ 0.0293408   1.24915694  0.01680215 -0.03177878 -0.01310504  0.61716531
   1.03687478  0.81096973  1.49297127 -0.1648181   0.2012451   8.19877679]], Action: [[ 1.         -0.16237351  0.89178765]], Reward: [1.9661782],Reward_sum: 16.263805389404297, Done: [False]
==========
t: 12, State: [[ 0.03759336  1.25582092  0.02504759 -0.03918146 -0.00777447  0.67620023
   1.02293431  0.84329319  0.56996075 -1.6815705   1.13994486  6.5819094 ]], Action: [[-1.         0.5741745 -1.       ]], Reward: [2.0292394],Reward_sum: 18.293045043945312, Done: [False]
==========
t: 13, State: [[ 4.60845040e-02  1.26265756e+00  3.33390308e-02 -4.66719553e-02
  -2.70466835e-03  7.33514448e-01  1.10022698e+00  8.62766537e-01
   1.50493305e+00 -1.93416516e-01  1.28517211e-01  7.74766724e+00]], Action: [[ 1.        -0.5101371  1.       ]], Reward: [2.059133],Reward_sum: 20.3521785736084, Done: [False]
==========
t: 14, State: [[ 5.47218999e-02  1.26942377e+00  4.15259941e-02 -5.42050583e-02
   1.71642079e-03  7.89485866e-01  1.02412372e+00  8.33290201e-01
   4.08353567e-01 -1.65282897e+00  6.62064226e-01  6.12065983e+00]], Action: [[-1.         0.5682881 -1.       ]], Reward: [2.0773516],Reward_sum: 22.42953109741211, Done: [False]
==========
t: 15, State: [[ 0.06263119  1.27623628  0.04844265 -0.06102241  0.00513382  0.82229498
   0.96518773  0.86023051  1.34431486 -0.06425933  0.23636763  2.45858333]], Action: [[ 1.         -0.25431642  1.        ]], Reward: [1.986597],Reward_sum: 24.416126251220703, Done: [False]
==========
t: 16, State: [[ 0.06973816  1.28312019  0.05462213 -0.06552907  0.0060736   0.83339808
   0.81925383  0.85469794  0.21785249 -1.06808339  0.02303403  0.53530226]], Action: [[-0.7474651  -0.26647726  0.7688091 ]], Reward: [1.8871499],Reward_sum: 26.30327606201172, Done: [False]
==========
t: 17, State: [[ 0.07626389  1.28978004  0.05845592 -0.07088688  0.00570306  0.83354349
   0.81768015  0.80396123  0.74999777 -0.2773481  -0.1279563  -0.37870722]], Action: [[ 0.5124633  -0.11983493  1.        ]], Reward: [1.8144399],Reward_sum: 28.11771583557129, Done: [False]
==========
t: 18, State: [[ 8.22189048e-02  1.29595455e+00  5.83727175e-02 -7.86292275e-02
   1.40698423e-03  8.28778974e-01  6.71726368e-01  7.38049505e-01
  -7.70857725e-01 -1.65694452e+00 -9.47882356e-01 -7.47719818e-01]], Action: [[-1.        -0.6993998  1.       ]], Reward: [1.7418873],Reward_sum: 29.859603881835938, Done: [False]
==========
t: 19, State: [[ 0.08815131  1.30146977  0.05737468 -0.08801798 -0.00182178  0.82231276
   0.81863059  0.63948918  0.55202938 -0.69900064  0.22664488 -0.83591205]], Action: [[0.71781814 1.         1.        ]], Reward: [1.7390357],Reward_sum: 31.59864044189453, Done: [False]
==========
t: 20, State: [[ 9.45332114e-02  1.30621045e+00  5.75468053e-02 -9.95580502e-02
   1.70364167e-03  8.15779615e-01  7.57228561e-01  5.48531798e-01
  -5.99612884e-01 -2.16331239e+00  4.06463347e-01 -7.82353250e-01]], Action: [[-1.          0.38659835  1.        ]], Reward: [1.7955879],Reward_sum: 33.394229888916016, Done: [False]
==========
t: 21, State: [[ 0.10080593  1.3102849   0.0572538  -0.11088045  0.00377245  0.80993624
   0.81327796  0.47019429  0.53540263 -0.67159983  0.13935542 -0.67364576]], Action: [[1.        0.0634478 1.       ]], Reward: [1.7820855],Reward_sum: 35.17631530761719, Done: [False]
==========
t: 22, State: [[ 0.10696017  1.31369273  0.05642008 -0.12200619  0.00425579  0.80503836
   0.72610652  0.3809864  -0.73847289 -2.10892279 -0.00808497 -0.55093713]], Action: [[-1.         -0.17623499  1.        ]], Reward: [1.7672498],Reward_sum: 36.943565368652344, Done: [False]
==========
t: 23, State: [[ 0.11306389  1.31642133  0.05537805 -0.13297879  0.00398545  0.80109527
   0.80034068  0.3017279   0.47902923 -0.63662289 -0.05267272 -0.43692992]], Action: [[1.         0.25774086 1.        ]], Reward: [1.7608981],Reward_sum: 38.70446014404297, Done: [False]
==========
t: 24, State: [[ 1.18764294e-01  1.31854292e+00  5.24706984e-02 -1.43455432e-01
  -1.43322754e-03  7.98017863e-01  6.24750288e-01  2.27569626e-01
  -1.20403195e+00 -1.98090596e+00 -1.30063487e+00 -3.35694564e-01]], Action: [[-1. -1.  1.]], Reward: [1.7095504],Reward_sum: 40.41400909423828, Done: [False]
==========
t: 25, State: [[ 0.12436561  1.31995642  0.04781305 -0.15610828 -0.00666404  0.79565281
   0.77553118  0.12686339  0.03849701 -1.18320843 -0.00829526 -0.25803547]], Action: [[0.6139272 1.        1.       ]], Reward: [1.6977879],Reward_sum: 42.11179733276367, Done: [False]
==========
t: 26, State: [[ 0.13094074  1.32066255  0.05332279 -0.15978309 -0.00598075  0.79385643
   0.8681572   0.04961763  1.33746684  0.26274828  0.1791392  -0.19365786]], Action: [[1.         0.22469112 1.        ]], Reward: [1.8198407],Reward_sum: 43.931636810302734, Done: [False]
==========
t: 27, State: [[ 0.13717748  1.32075854  0.05726263 -0.1630879  -0.00954199  0.79252891
   0.69113256 -0.02567794 -0.35059795 -1.08736425 -1.06806321 -0.14085033]], Action: [[-1. -1.  1.]], Reward: [1.7765919],Reward_sum: 45.708229064941406, Done: [False]
==========
t: 28, State: [[ 0.14305077  1.32011017  0.05499169 -0.17410494 -0.01247879  0.79154754
   0.77705452 -0.13644045 -0.21700527 -1.66602745  0.33230389 -0.1058771 ]], Action: [[-0.3226368  1.         1.       ]], Reward: [1.7320579],Reward_sum: 47.44028854370117, Done: [False]
==========
t: 29, State: [[ 0.14950153  1.31874454  0.05782784 -0.18148223 -0.0108015   0.79082255
   0.83565093 -0.20463517  0.92465865 -0.18017302  0.08750235 -0.07682487]], Action: [[ 1.         -0.09269205  1.        ]], Reward: [1.804336],Reward_sum: 49.244625091552734, Done: [False]
==========
t: 30, State: [[ 0.15547472  1.3168003   0.05847844 -0.18831497 -0.01509018  0.79030809
   0.65768457 -0.28199032 -0.76013758 -1.52639905 -1.15835156 -0.0532339 ]], Action: [[-1. -1.  1.]], Reward: [1.743649],Reward_sum: 50.98827362060547, Done: [False]
==========
t: 31, State: [[ 0.1611141   1.31410327  0.05356464 -0.20206456 -0.01880311  0.78993305
   0.75206014 -0.39210131 -0.46839187 -1.91038591  0.22856572 -0.04091074]], Action: [[-0.19197945  1.          1.        ]], Reward: [1.7028856],Reward_sum: 52.691158294677734, Done: [False]
==========
t: 32, State: [[ 0.16756042  1.31066796  0.05530089 -0.2115956  -0.01552903  0.78965188
   0.85948087 -0.46647981  0.90088088 -0.47414129  0.58971739 -0.02990652]], Action: [[1.        0.3523062 1.       ]], Reward: [1.803665],Reward_sum: 54.49482345581055, Done: [False]
==========
t: 33, State: [[ 0.17379217  1.30663457  0.05700008 -0.21923434 -0.01593321  0.78946073
   0.69856771 -0.54194426 -0.47460893 -1.43445018 -0.68938493 -0.01874226]], Action: [[-0.7381777 -1.         1.       ]], Reward: [1.7764245],Reward_sum: 56.27124786376953, Done: [False]
==========
t: 34, State: [[ 0.17981709  1.30187317  0.05539692 -0.23097389 -0.01600415  0.78932266
   0.8075118  -0.64845266  0.07342875 -1.50021007  0.670129   -0.01571154]], Action: [[0.02583265 1.         1.        ]], Reward: [1.7511135],Reward_sum: 58.022361755371094, Done: [False]
==========
t: 35, State: [[ 0.18636147  1.29647174  0.05981628 -0.23686677 -0.0136021   0.78922141
   0.82869439 -0.70157046  1.03010139  0.02499374 -0.06862262 -0.01002023]], Action: [[ 1.         -0.45541248  1.        ]], Reward: [1.8158402],Reward_sum: 59.83820343017578, Done: [False]
==========
t: 36, State: [[ 0.19227055  1.2905365   0.06130524 -0.24205895 -0.019134    0.7891635
   0.64858452 -0.78277501 -0.65595319 -1.32140855 -1.31304954 -0.00495305]], Action: [[-1. -1.  1.]], Reward: [1.7356349],Reward_sum: 61.57383728027344, Done: [False]
==========
t: 37, State: [[ 0.19773464  1.28379446  0.05562581 -0.25615694 -0.0239202   0.78911811
   0.71732026 -0.90281592 -0.76353265 -2.20183156  0.11482844 -0.0060859 ]], Action: [[-0.53118044  1.          1.        ]], Reward: [1.6807297],Reward_sum: 63.25456619262695, Done: [False]
==========
t: 38, State: [[ 0.20402854  1.27626995  0.05556708 -0.26814107 -0.0200652   0.78907156
   0.85611077 -0.9780172   0.74718159 -0.79591444  0.84824887 -0.00547146]], Action: [[1.        0.6252219 1.       ]], Reward: [1.7843468],Reward_sum: 65.03890991210938, Done: [False]
==========
t: 39, State: [[ 2.10162257e-01  1.26810815e+00  5.50242848e-02 -2.79595032e-01
  -1.83110936e-02  7.89047156e-01  6.77388018e-01 -1.06271561e+00
  -8.81146059e-01 -2.06606538e+00 -4.08433418e-01 -1.13606258e-03]], Action: [[-0.9530661 -1.         1.       ]], Reward: [1.7638059],Reward_sum: 66.80271911621094, Done: [False]
==========
t: 40, State: [[ 0.21630182  1.25927628  0.05479037 -0.29067191 -0.01658621  0.78902824
   0.85741685 -1.14496887  0.8208592  -0.7047716   0.83839084 -0.0032396 ]], Action: [[1. 1. 1.]], Reward: [1.7644451],Reward_sum: 68.5671615600586, Done: [False]
==========
t: 41, State: [[ 2.22428842e-01  1.24977026e+00  5.46111636e-02 -3.01671440e-01
  -1.48901016e-02  7.89018456e-01  6.74405971e-01 -1.23179603e+00
  -8.63858015e-01 -2.04350844e+00 -4.13088184e-01  3.39219828e-04]], Action: [[-1. -1.  1.]], Reward: [1.7628781],Reward_sum: 70.33003997802734, Done: [False]
==========
t: 42, State: [[ 0.22854726  1.23959029  0.05451792 -0.31257056 -0.01320088  0.78900928
   0.85511763 -1.31293634  0.83873911 -0.68289113  0.83413007 -0.00224972]], Action: [[1. 1. 1.]], Reward: [1.7618027],Reward_sum: 72.09184265136719, Done: [False]
==========
t: 43, State: [[ 2.34652369e-01  1.22873686e+00  5.44791088e-02 -3.23393123e-01
  -1.15399066e-02  7.89005911e-01  6.71222765e-01 -1.40065825e+00
  -8.46640664e-01 -2.02114580e+00 -4.17613464e-01  9.79977646e-04]], Action: [[-1. -1.  1.]], Reward: [1.7601382],Reward_sum: 73.85198211669922, Done: [False]
==========
t: 44, State: [[ 0.24074821  1.21721012  0.05452608 -0.33411618 -0.0098853   0.78900099
   0.85265803 -1.48078998  0.85657575 -0.66123798  0.83000259 -0.001812  ]], Action: [[1. 1. 1.]], Reward: [1.7589799],Reward_sum: 75.6109619140625, Done: [False]
==========
t: 45, State: [[ 2.46829973e-01  1.20501057e+00  5.46271544e-02 -3.44763471e-01
  -8.25849261e-03  7.89000433e-01  6.67845046e-01 -1.56931277e+00
  -8.29506835e-01 -1.99898109e+00 -4.22029553e-01  1.25554583e-03]], Action: [[-1. -1.  1.]], Reward: [1.7572206],Reward_sum: 77.36817932128906, Done: [False]
==========
t: 46, State: [[ 2.52901825e-01  1.19213831e+00  5.48137899e-02 -3.55312157e-01
  -6.63758134e-03  7.88997384e-01  8.50040949e-01 -1.64853841e+00
   8.74358673e-01 -6.39812502e-01  8.25993317e-01 -1.61591280e-03]], Action: [[1. 1. 1.]], Reward: [1.7559814],Reward_sum: 79.12416076660156, Done: [False]
==========
t: 47, State: [[ 2.58998023e-01  1.17861082e+00  5.56490656e-02 -3.65051020e-01
  -5.10145693e-03  7.88997966e-01  6.74099861e-01 -1.73340145e+00
  -6.63915989e-01 -1.79354863e+00 -4.40650624e-01  1.35513401e-03]], Action: [[-0.87406176 -1.          1.        ]], Reward: [1.7592608],Reward_sum: 80.8834228515625, Done: [False]
==========
t: 48, State: [[ 0.26520288  1.16454521  0.05713627 -0.37401689 -0.0037422   0.78898739
   0.92705319 -1.71111177  1.02093363 -0.48224594  0.70664339 -0.00851213]], Action: [[1. 1. 1.]], Reward: [1.7726072],Reward_sum: 82.6560287475586, Done: [False]
==========
t: 49, State: [[ 0.27242251  1.1517419   0.05771572 -0.38352342 -0.00352986  0.78891211
   0.87357549 -1.49910764 -0.87045942 -1.89014681 -0.64730997 -0.00949566]], Action: [[-1. -1.  1.]], Reward: [1.8994536],Reward_sum: 84.55548095703125, Done: [False]
==========
t: 50, State: [[ 0.28091555  1.14048913  0.05624321 -0.39532352 -0.00488343  0.78878282
   1.24987577 -1.3194735   0.50823784 -1.06180607  0.30381105 -0.02096539]], Action: [[0.73550916 1.         1.        ]], Reward: [2.059089],Reward_sum: 86.61457061767578, Done: [False]
==========
t: 51, State: [[ 0.29117963  1.13057136  0.05837473 -0.40421727 -0.00636315  0.78864528
   1.31116432 -1.16748111  0.02608951 -1.1582149  -0.66506366 -0.01339476]], Action: [[-0.06472629 -0.6025262   1.        ]], Reward: [2.2816424],Reward_sum: 88.89620971679688, Done: [False]
==========
t: 52, State: [[ 0.30278208  1.12154783  0.06094419 -0.4140595  -0.00732171  0.78841929
   1.58781012 -1.09407566  0.62030769 -1.30142343  0.42425463 -0.03884541]], Action: [[0.05246462 1.         0.51404655]], Reward: [2.4490402],Reward_sum: 91.34525299072266, Done: [False]
==========
t: 53, State: [[ 0.315451    1.11315765  0.06357726 -0.42456033 -0.00890151  0.7882153
   1.57369246 -1.01003926  0.03780909 -1.31980967 -0.80808315 -0.01408903]], Action: [[-0.05437695 -0.847895    0.94463336]], Reward: [2.5820007],Reward_sum: 93.92725372314453, Done: [False]
==========
t: 54, State: [[ 0.32900148  1.10512877  0.0668369  -0.43493873 -0.01076796  0.78749488
   1.81255723 -1.00165726  0.78034203 -1.27424361  0.3400999  -0.1638577 ]], Action: [[0.16076462 1.         0.129628  ]], Reward: [2.6927671],Reward_sum: 96.6200180053711, Done: [False]
==========
t: 55, State: [[ 0.34286836  1.09707195  0.06597303 -0.45050865 -0.01308851  0.78656157
   1.64926118 -1.01905344 -0.99292708 -2.6134267  -0.91207843 -0.0773759 ]], Action: [[-1.         -1.          0.32870555]], Reward: [2.7312515],Reward_sum: 99.35128021240234, Done: [False]
==========
t: 56, State: [[ 0.35700964  1.08878914  0.06275873 -0.46906087 -0.01580841  0.78612164
   1.88671261 -1.05358375  0.19305847 -2.02625996  0.22764052 -0.03633737]], Action: [[0.51399964 1.         0.39443338]], Reward: [2.7662401],Reward_sum: 102.11752319335938, Done: [False]
==========
t: 57, State: [[ 3.72200471e-01  1.08049470e+00  6.71784063e-02 -4.79071874e-01
  -1.91517585e-02  7.85984977e-01  1.90846887e+00 -1.02247105e+00
   9.10485727e-01 -4.76669833e-01 -1.05725981e+00 -7.93026585e-04]], Action: [[ 1.         -0.84226835  0.37716436]], Reward: [2.8970027],Reward_sum: 105.0145263671875, Done: [False]
==========
t: 58, State: [[ 0.38700213  1.07198963  0.06911842 -0.48854456 -0.02837534  0.78279003
   1.79147948 -1.10599839 -0.42116295 -1.88968921 -1.24962623 -0.79763475]], Action: [[-1.         -0.2634034  -0.56946254]], Reward: [2.8488138],Reward_sum: 107.86334228515625, Done: [False]
==========
t: 59, State: [[ 0.40180782  1.0627325   0.06800317 -0.50403755 -0.03295418  0.7746325
   1.91152414 -1.20958453  0.14757558 -1.98501281  0.09803719 -1.24638239]], Action: [[ 0.01100777  1.         -0.24547529]], Reward: [2.8496501],Reward_sum: 110.7129898071289, Done: [False]
==========
t: 60, State: [[ 0.4172224   1.05304665  0.07291137 -0.51380267 -0.03525749  0.76145817
   1.94233681 -1.21220002  1.07885747 -0.45838701 -0.67325923 -2.04637053]], Action: [[ 1.        -0.5080538 -0.5829275]], Reward: [2.9252255],Reward_sum: 113.63821411132812, Done: [False]
==========
t: 61, State: [[ 0.43195305  1.04300749  0.07478097 -0.52278356 -0.04550643  0.74269352
   1.73949356 -1.29962352 -0.60768648 -1.78483788 -1.88789801 -2.64456659]], Action: [[-1.         -1.         -0.46544093]], Reward: [2.8391142],Reward_sum: 116.47732543945312, Done: [False]
==========
t: 62, State: [[ 0.4459854   1.03210893  0.06850268 -0.54189235 -0.05451952  0.71565565
   1.76846664 -1.42492015 -0.96210529 -2.99060274 -0.36705248 -4.11299731]], Action: [[-0.76610464  1.         -1.        ]], Reward: [2.7514567],Reward_sum: 119.2287826538086, Done: [False]
==========
t: 63, State: [[ 0.46090049  1.02052146  0.0676803  -0.5603671  -0.05237126  0.67862162
   1.96050442 -1.47149216  0.75437612 -1.62987867  0.90282569 -5.14408008]], Action: [[ 1.         0.9850843 -0.7011611]], Reward: [2.8619251],Reward_sum: 122.09071350097656, Done: [False]
==========
t: 64, State: [[ 0.4772496   1.00915043  0.07918954 -0.56915069 -0.04130165  0.63397391
   2.15454045 -1.25819576  2.20317088 -0.58685309  1.98593384 -5.55072652]], Action: [[ 0.78779453  0.62575984 -1.        ]], Reward: [3.0416257],Reward_sum: 125.13233947753906, Done: [False]
==========
t: 65, State: [[ 0.49437477  1.00052119  0.09263559 -0.57973243 -0.02414081  0.59134855
   2.12518408 -0.90797611  1.15471334 -2.05509186  2.29630489 -5.14127732]], Action: [[-1.        -0.2593275 -1.       ]], Reward: [3.138579],Reward_sum: 128.2709197998047, Done: [False]
==========
t: 66, State: [[ 0.511717    0.99508701  0.10550108 -0.59007248 -0.00952355  0.55166829
   2.21032118 -0.45667745  2.05421568 -0.53099535  1.35343039 -4.80707852]], Action: [[ 1. -1. -1.]], Reward: [3.1647797],Reward_sum: 131.43569946289062, Done: [False]
==========
t: 67, State: [[ 5.29375037e-01  9.92393007e-01  1.18292264e-01 -6.00314280e-01
   4.15108477e-03  5.13226532e-01  2.16578930e+00 -1.95851534e-01
   9.34321432e-01 -1.98275163e+00  1.58044681e+00 -4.78025650e+00]], Action: [[-1.          0.24980038 -1.        ]], Reward: [3.2051916],Reward_sum: 134.64088439941406, Done: [False]
==========
t: 68, State: [[ 0.54674197  0.99231337  0.12620157 -0.61301702  0.01227091  0.47513666
   2.18411842  0.16513526  1.08292509 -1.20322806  0.55798156 -4.77740267]], Action: [[ 0.4695149  -0.78768027 -1.        ]], Reward: [3.1690252],Reward_sum: 137.80990600585938, Done: [False]
==========
t: 69, State: [[ 0.56378848  0.99464037  0.12892102 -0.6281445   0.01480041  0.43629207
   2.08002026  0.4088241  -0.38697312 -2.58037226  0.12341158 -4.96146999]], Action: [[-1.  1. -1.]], Reward: [3.1278145],Reward_sum: 140.93771362304688, Done: [False]
==========
t: 70, State: [[ 0.58095102  0.99904631  0.13015939 -0.64286436  0.01475544  0.39526408
   2.21271218  0.68665402  0.70452091 -1.10414753 -0.10453874 -5.31817018]], Action: [[ 1.          0.77925277 -1.        ]], Reward: [3.1427104],Reward_sum: 144.08042907714844, Done: [False]
==========
t: 71, State: [[ 0.59829655  1.00523932  0.1302833  -0.65730954  0.01356524  0.35097923
   2.1232809   0.85734925 -0.67267635 -2.50545896 -0.17929722 -5.76980743]], Action: [[-1.         0.9755666 -1.       ]], Reward: [3.1652384],Reward_sum: 147.24566650390625, Done: [False]
==========
t: 72, State: [[ 0.61577028  1.01298877  0.12854569 -0.67246925  0.0120149   0.30261402
   2.24547754  1.07721833  0.23662071 -1.28654581 -0.20049251 -6.33444854]], Action: [[ 0.82966053  1.         -1.        ]], Reward: [3.1815286],Reward_sum: 150.4272003173828, Done: [False]
==========
t: 73, State: [[ 0.63368891  1.02225902  0.1283752  -0.68435572  0.01046596  0.24951681
   2.23337218  1.23839166 -0.28311725 -1.6838759  -0.18387435 -6.94889666]], Action: [[-0.29785764  1.         -1.        ]], Reward: [3.2377396],Reward_sum: 153.66494750976562, Done: [False]
==========
t: 74, State: [[ 0.65176493  1.03286777  0.1268068  -0.69614208  0.00908957  0.19127228
   2.28501891  1.41243055 -0.11328306 -1.2627071  -0.15900683 -7.61900918]], Action: [[ 0.27197546  1.         -1.        ]], Reward: [3.2574291],Reward_sum: 156.92237854003906, Done: [False]
==========
t: 75, State: [[ 6.70326801e-01  1.04486855e+00  1.27404096e-01 -7.03522050e-01
   7.92713273e-03  1.27507536e-01  2.35475206e+00  1.58669984e+00
   2.58173603e-01 -5.82458387e-01 -1.31434934e-01 -8.32725108e+00]], Action: [[ 0.45366037  1.         -1.        ]], Reward: [3.3180277],Reward_sum: 160.2404022216797, Done: [False]
==========
t: 76, State: [[ 6.88909285e-01  1.05806715e+00  1.25590364e-01 -7.11440316e-01
   7.00472610e-03  5.80386009e-02  2.28976028e+00  1.71169134e+00
  -7.14597242e-01 -1.39517107e+00 -1.00267816e-01 -9.04419315e+00]], Action: [[-0.59635144  1.         -1.        ]], Reward: [3.3204548],Reward_sum: 163.56085205078125, Done: [False]
==========
t: 77, State: [[ 7.07635277e-01  1.07247150e+00  1.22939051e-01 -7.17822715e-01
   6.27846210e-03 -1.73761847e-02  2.39117353e+00  1.88817571e+00
   4.92384431e-02 -2.01631155e-01 -8.14479532e-02 -9.81403320e+00]], Action: [[ 0.8067183  1.        -1.       ]], Reward: [3.338098],Reward_sum: 166.89895629882812, Done: [False]
==========
t: 78, State: [[ 7.26587730e-01  1.08805743e+00  1.20572453e-01 -7.21274176e-01
   5.71925441e-03 -9.89627522e-02  2.34559094e+00  2.00681031e+00
  -6.43471590e-01 -6.59651194e-01 -5.94432237e-02 -1.00000000e+01]], Action: [[-0.35013777  1.         -1.        ]], Reward: [3.366934],Reward_sum: 170.26588439941406, Done: [False]
==========
t: 79, State: [[ 7.45759455e-01  1.10476956e+00  1.18833520e-01 -7.21248516e-01
   5.28754855e-03 -1.86950494e-01  2.44611867e+00  2.16920024e+00
   2.06728926e-01  6.65098448e-01 -4.85663615e-02 -1.00000000e+01]], Action: [[ 0.8973934  1.        -1.       ]], Reward: [3.3936603],Reward_sum: 173.6595458984375, Done: [False]
==========
t: 80, State: [[ 7.64755207e-01  1.12239638e+00  1.14361374e-01 -7.21442019e-01
   4.97709817e-03 -2.81539978e-01  2.30033722e+00  2.23484783e+00
  -1.32746559e+00 -7.09943423e-01 -3.04320930e-02 -1.00000000e+01]], Action: [[-1.  1. -1.]], Reward: [3.371469],Reward_sum: 177.03102111816406, Done: [False]
==========
t: 81, State: [[ 7.83484577e-01  1.14081849e+00  1.07189715e-01 -7.21592193e-01
   4.74416908e-03 -3.83046810e-01  2.38050359e+00  2.36797479e+00
  -4.65565802e-01  6.71249220e-01 -2.75231560e-02 -1.00000000e+01]], Action: [[ 0.9262919  1.        -1.       ]], Reward: [3.3383133],Reward_sum: 180.3693389892578, Done: [False]
==========
t: 82, State: [[ 8.01941289e-01  1.15993395e+00  9.78727824e-02 -7.21090285e-01
   4.56814922e-03 -4.91724774e-01  2.23263661e+00  2.40791186e+00
  -1.86144483e+00 -5.43890177e-01 -1.73629069e-02 -1.00000000e+01]], Action: [[-0.89255255  0.9662316  -1.        ]], Reward: [3.3043587],Reward_sum: 183.67369079589844, Done: [False]
==========
t: 83, State: [[ 8.20126619e-01  1.17939746e+00  8.71960379e-02 -7.19532664e-01
   4.40954737e-03 -6.08628926e-01  2.31415596e+00  2.43232449e+00
  -7.74127562e-01  9.26774866e-01 -2.28204145e-02 -1.00000000e+01]], Action: [[ 1.  1. -1.]], Reward: [3.2701664],Reward_sum: 186.94386291503906, Done: [False]
==========
t: 84, State: [[ 8.38057316e-01  1.19841877e+00  7.64068649e-02 -7.16784032e-01
   4.24833719e-03 -7.36214858e-01  2.16720571e+00  2.32109004e+00
  -1.92293208e+00 -2.37178291e-01 -1.76129485e-02 -1.00000000e+01]], Action: [[-0.8413344  0.975773  -1.       ]], Reward: [3.238677],Reward_sum: 190.1825408935547, Done: [False]
==========
t: 85, State: [[ 8.56007406e-01  1.21627050e+00  6.69793413e-02 -7.13169431e-01
   4.03565826e-03 -8.48539754e-01  2.35215013e+00  2.09389457e+00
  -3.11838733e-01  1.10491450e+00 -3.77462608e-02 -9.31599757e+00]], Action: [[ 1.  1. -1.]], Reward: [3.2407613],Reward_sum: 193.42330932617188, Done: [False]
==========
t: 86, State: [[ 0.87468602  1.23179679  0.0610598  -0.71045442  0.00375242 -0.89481215
   2.3109558   1.80590391 -1.20274915 -0.41592894 -0.03116446 -2.94479338]], Action: [[-1.  1. -1.]], Reward: [3.3318262],Reward_sum: 196.75514221191406, Done: [False]
==========
t: 87, State: [[ 0.89364838  1.24570292  0.05511708 -0.71071912  0.00351991 -0.90384912
   2.42441002  1.68036214 -0.30541093  0.35455056 -0.02580509  0.28646021]], Action: [[0.57336473 1.         0.0672114 ]], Reward: [3.3689625],Reward_sum: 200.12408447265625, Done: [False]
==========
t: 88, State: [[ 0.91350099  1.25882297  0.05681196 -0.70370233  0.00334303 -0.89459885
   2.53662007  1.60226972  0.72072689  1.40049457 -0.0184618   1.89946819]], Action: [[0.7538304 1.        1.       ]], Reward: [3.4790082],Reward_sum: 203.60308837890625, Done: [False]
==========
t: 89, State: [[ 9.33965487e-01  1.27123515e+00  6.39999937e-02 -6.91233712e-01
   3.06543199e-03 -8.73673257e-01  2.57956991e+00  1.50032598e+00
   1.07738386e+00  1.71607490e+00 -4.63115279e-02  3.32978028e+00]], Action: [[0.24075516 0.21127042 1.        ]], Reward: [3.5569592],Reward_sum: 207.16004943847656, Done: [False]
==========
t: 90, State: [[ 9.54638835e-01  1.28283498e+00  7.31419781e-02 -6.76718271e-01
   1.62487289e-03 -8.41285331e-01  2.58845183e+00  1.39933163e+00
   1.20759522e+00  1.91274996e+00 -3.13205040e-01  4.76522952e+00]], Action: [[ 0.14239566 -0.12989363  1.        ]], Reward: [3.5831313],Reward_sum: 210.74317932128906, Done: [False]
==========
t: 91, State: [[ 9.75192720e-01  1.29360316e+00  8.17995546e-02 -6.61876385e-01
  -2.80691613e-03 -7.97389385e-01  2.54976097e+00  1.29255373e+00
   9.56721998e-01  1.79802665e+00 -7.93828047e-01  6.20668321e+00]], Action: [[-0.0899502  -0.31403747  1.        ]], Reward: [3.5681288],Reward_sum: 214.31130981445312, Done: [False]
==========
t: 92, State: [[ 0.99545629  1.30343011  0.08805343 -0.64918504 -0.00967673 -0.74207821
   2.51583429  1.16408638  0.60654364  1.37555627 -0.92301471  7.61900002]], Action: [[-0.28480616 -0.07356009  1.        ]], Reward: [3.5318594],Reward_sum: 217.84317016601562, Done: [False]
==========
t: 93, State: [[ 1.01553873  1.31210696  0.09137432 -0.64135531 -0.01517181 -0.67564251
   2.50438768  1.00509973  0.22307246  0.58322436 -0.45067493  8.98781395]], Action: [[-0.50881904  0.3523241   1.        ]], Reward: [3.5089226],Reward_sum: 221.3520965576172, Done: [False]
==========
t: 94, State: [[ 1.03544916  1.31950428  0.09072509 -0.64102047 -0.01635444 -0.60022674
   2.47284818  0.84412044 -0.38565742 -0.49778262  0.15479915  9.86465851]], Action: [[-0.71270263  0.413708    0.6706721 ]], Reward: [3.487675],Reward_sum: 224.8397674560547, Done: [False]
==========
t: 95, State: [[ 1.05569117  1.32605655  0.09273084 -0.63928234 -0.01474432 -0.52009472
   2.58720547  0.7937125   0.88479777  0.93089039  0.24824453 10.        ]], Action: [[1.         0.16636178 0.28015208]], Reward: [3.5291443],Reward_sum: 228.36891174316406, Done: [False]
==========
t: 96, State: [[ 1.07609403  1.3319336   0.09618509 -0.6368254  -0.01066882 -0.44221972
   2.51399971  0.67608075 -0.019716   -0.31544079  0.76953545  9.30209502]], Action: [[-0.8482532   0.2711356  -0.53553516]], Reward: [3.5492778],Reward_sum: 231.91818237304688, Done: [False]
==========
t: 97, State: [[ 1.09668194e+00  1.33707233e+00  1.01101238e-01 -6.33908067e-01
  -3.81108681e-03 -3.64806432e-01  2.63223350e+00  6.08042297e-01
   1.24587851e+00  1.04367847e+00  9.45580102e-01  1.00000000e+01]], Action: [[0.9594896  0.24201491 0.58832747]], Reward: [3.5721638],Reward_sum: 235.49034118652344, Done: [False]
==========
t: 98, State: [[ 1.11751897e+00  1.34158577e+00  1.08648379e-01 -6.28614773e-01
   4.98150257e-03 -2.88821892e-01  2.54539823e+00  5.35480127e-01
   4.77685604e-01  3.16128685e-01  8.45175349e-01  8.97025463e+00]], Action: [[-0.5245258   0.50965333 -0.70569175]], Reward: [3.6035964],Reward_sum: 239.09393310546875, Done: [False]
==========
t: 99, State: [[ 1.13753681  1.34557371  0.11006449 -0.62738748  0.00930546 -0.21645947
   2.46399555  0.45972463 -0.09951442 -0.01427652  0.29457397  9.11693973]], Action: [[-0.26792318  0.45043054  0.12718543]], Reward: [3.5019388],Reward_sum: 242.5958709716797, Done: [False]
==========
t: 100, State: [[ 1.15732105e+00  1.34894141e+00  1.10819619e-01 -6.25001952e-01
   1.03403050e-02 -1.39610501e-01  2.48449085e+00  3.81007621e-01
   3.00528064e-01  6.07120259e-01 -1.38280293e-04  1.00000000e+01]], Action: [[0.41652232 0.20040396 0.7218479 ]], Reward: [3.472295],Reward_sum: 246.0681610107422, Done: [False]
==========
t: 101, State: [[ 1.17667454e+00  1.35151850e+00  1.07926024e-01 -6.25814551e-01
   9.79108101e-03 -5.87012266e-02  2.35557681e+00  2.62656361e-01
  -1.01527996e+00 -8.10242897e-01 -1.19522475e-01  1.00000000e+01]], Action: [[-1.         0.3283688  0.0707422]], Reward: [3.418074],Reward_sum: 249.48623657226562, Done: [False]
==========
t: 102, State: [[ 1.19593040e+00  1.35339284e+00  1.04638578e-01 -6.26513802e-01
   8.63514401e-03  2.57562869e-02  2.45870218e+00  2.06070238e-01
   1.93767478e-01  6.33249445e-01 -1.60191412e-01  1.00000000e+01]], Action: [[1.         0.52961004 0.6505267 ]], Reward: [3.4052782],Reward_sum: 252.89151000976562, Done: [False]
==========
t: 103, State: [[ 1.21512149e+00  1.35460951e+00  1.01064502e-01 -6.27158139e-01
   7.42618727e-03  1.11790086e-01  2.33966927e+00  9.79955380e-02
  -1.08438532e+00 -7.93058081e-01 -1.40671620e-01  1.00000000e+01]], Action: [[-1.          0.761153   -0.26140115]], Reward: [3.3972392],Reward_sum: 256.2887878417969, Done: [False]
==========
t: 104, State: [[ 1.23426242e+00  1.35516856e+00  9.72553260e-02 -6.27732098e-01
   6.28339758e-03  1.99726913e-01  2.44552965e+00  4.23123212e-02
   1.30026393e-01  6.47838224e-01 -1.41131896e-01  1.00000000e+01]], Action: [[1.         0.43694884 0.70754236]], Reward: [3.3909242],Reward_sum: 259.6797180175781, Done: [False]
==========
t: 105, State: [[ 1.25336442e+00  1.35511168e+00  9.32000271e-02 -6.28270528e-01
   5.36448037e-03  2.88297981e-01  2.33026169e+00 -5.66384225e-02
  -1.14218596e+00 -7.80861015e-01 -9.21104389e-02  1.00000000e+01]], Action: [[-1.         0.9593438 -0.4768919]], Reward: [3.3856018],Reward_sum: 263.0653076171875, Done: [False]
==========
t: 106, State: [[ 1.27242937e+00  1.35444593e+00  8.88766144e-02 -6.28743140e-01
   4.57550534e-03  3.77896830e-01  2.43604143e+00 -1.09046495e-01
   5.91286484e-02  6.60921408e-01 -1.01256227e-01  1.00000000e+01]], Action: [[1.        0.2757214 0.7722589]], Reward: [3.3814464],Reward_sum: 266.4467468261719, Done: [False]
==========
t: 107, State: [[ 1.29146598e+00  1.35321120e+00  8.42629700e-02 -6.29182694e-01
   3.98530620e-03  4.67385511e-01  2.32329524e+00 -1.99975736e-01
  -1.21069718e+00 -7.69173249e-01 -5.10618363e-02  1.00000000e+01]], Action: [[-1.        1.       -0.671461]], Reward: [3.377126],Reward_sum: 269.8238830566406, Done: [False]
==========
t: 108, State: [[ 1.31047542e+00  1.35142055e+00  7.93349054e-02 -6.29558045e-01
   3.46816014e-03  5.56912757e-01  2.42932407e+00 -2.46797693e-01
  -2.30585812e-02  6.73370880e-01 -7.34882095e-02  1.00000000e+01]], Action: [[1.         0.11479184 0.79233646]], Reward: [3.3745384],Reward_sum: 273.19842529296875, Done: [False]
==========
t: 109, State: [[ 1.32955343e+00  1.34914925e+00  7.50629619e-02 -6.28773505e-01
   3.09270653e-03  6.45257733e-01  2.34021375e+00 -3.21589901e-01
  -1.04298892e+00 -4.75894060e-01 -2.55585074e-02  1.00000000e+01]], Action: [[-0.80277556  1.         -0.8809314 ]], Reward: [3.3823307],Reward_sum: 276.58074951171875, Done: [False]
==========
t: 110, State: [[ 1.34869173e+00  1.34644499e+00  7.14038290e-02 -6.26800068e-01
   2.66663699e-03  7.30974386e-01  2.44436592e+00 -3.53782070e-01
   1.25841420e-01  9.67503884e-01 -8.03447512e-02  1.00000000e+01]], Action: [[1.         0.05294105 0.53094137]], Reward: [3.3910038],Reward_sum: 279.97174072265625, Done: [False]
==========
t: 111, State: [[ 1.36782810e+00  1.34332756e+00  6.76190679e-02 -6.24612179e-01
   2.29753888e-03  8.11480219e-01  2.33611028e+00 -3.99200100e-01
  -1.06670960e+00 -4.15078982e-01 -1.67655971e-02  7.82838212e+00]], Action: [[-0.9648712  0.9402338 -0.9656537]], Reward: [3.3892987],Reward_sum: 283.3610534667969, Done: [False]
==========
t: 112, State: [[ 1.38687203e+00  1.34051629e+00  6.39615431e-02 -6.22098948e-01
   2.07201009e-03  8.52074922e-01  2.42597810e+00 -3.16643140e-01
   1.53929550e-01  1.03982858e+00 -3.85217783e-02  2.84690933e+00]], Action: [[ 1.         -0.03983778  1.        ]], Reward: [3.3784893],Reward_sum: 286.7395324707031, Done: [False]
==========
t: 113, State: [[ 1.40642597e+00  1.33799569e+00  6.73797734e-02 -6.11237920e-01
   1.79838164e-03  8.63245345e-01  2.46312049e+00 -3.20623668e-01
   6.99396080e-01  1.67391030e+00 -3.06021775e-02  2.52884036e-01]], Action: [[0.44145477 0.24776503 0.03333225]], Reward: [3.443985],Reward_sum: 290.18353271484375, Done: [False]
==========
t: 114, State: [[ 1.42578745e+00  1.33506798e+00  6.92788969e-02 -6.02210351e-01
   1.58410148e-03  8.59933589e-01  2.37802942e+00 -4.14452439e-01
  -2.24346965e-01  5.83683837e-01 -2.35099746e-02 -9.14945143e-01]], Action: [[-0.75413364  0.19235042  0.54989517]], Reward: [3.4192772],Reward_sum: 293.6028137207031, Done: [False]
==========
t: 115, State: [[ 1.44494729e+00  1.33153585e+00  6.91751060e-02 -5.95609382e-01
   1.48926443e-03  8.50551566e-01  2.41191021e+00 -4.70470783e-01
   1.96600990e-01  1.06595795e+00 -2.79513981e-03 -1.34277956e+00]], Action: [[0.33854157 0.63412356 0.5008295 ]], Reward: [3.3942118],Reward_sum: 296.9970397949219, Done: [False]
==========
t: 116, State: [[ 1.46381402e+00  1.32726533e+00  6.58177111e-02 -5.92855357e-01
   1.43196083e-03  8.39410252e-01  2.30525476e+00 -5.98099591e-01
  -1.03438252e+00 -3.76013644e-01 -1.04176735e-02 -1.39834112e+00]], Action: [[-1.          0.15234648  0.30422598]], Reward: [3.357226],Reward_sum: 300.3542785644531, Done: [False]
==========
t: 117, State: [[ 1.48267989e+00  1.32233604e+00  6.24980767e-02 -5.90112041e-01
   1.47739529e-03  8.28808928e-01  2.41072809e+00 -6.34458060e-01
   2.01657310e-01  1.06044589e+00  1.78530990e-02 -1.23817866e+00]], Action: [[1. 1. 1.]], Reward: [3.3552334],Reward_sum: 303.7095031738281, Done: [False]
==========
t: 118, State: [[ 1.50153965e+00  1.31673195e+00  5.91595687e-02 -5.87390510e-01
   1.51425692e-03  8.19560093e-01  2.30471100e+00 -7.66785549e-01
  -1.03385122e+00 -3.78663349e-01 -5.65935075e-03 -1.06626071e+00]], Action: [[-0.998173    0.07655416  0.27530754]], Reward: [3.356392],Reward_sum: 307.0658874511719, Done: [False]
==========
t: 119, State: [[ 1.52039814e+00  1.31044695e+00  5.58376591e-02 -5.84666859e-01
   1.57961605e-03  8.11960906e-01  2.40940145e+00 -8.04300944e-01
   2.00784865e-01  1.05820138e+00  1.85806011e-02 -8.38605312e-01]], Action: [[1. 1. 1.]], Reward: [3.3543117],Reward_sum: 310.420166015625, Done: [False]
==========
t: 120, State: [[ 1.53938533e+00  1.30354388e+00  5.40758465e-02 -5.80127867e-01
   1.66615663e-03  8.05907089e-01  2.33770553e+00 -9.21358788e-01
  -6.39720496e-01  7.75355398e-02  4.61991669e-03 -6.76357911e-01]], Action: [[-0.6782713   0.3539146   0.34745598]], Reward: [3.3726923],Reward_sum: 313.7928466796875, Done: [False]
==========
t: 121, State: [[ 1.55849960e+00  1.29602607e+00  5.38840717e-02 -5.73762035e-01
   1.77756506e-03  8.01238805e-01  2.44032627e+00 -9.58167916e-01
   5.89475640e-01  1.51255726e+00  2.07441207e-02 -4.98827020e-01]], Action: [[1. 1. 1.]], Reward: [3.386284],Reward_sum: 317.17913818359375, Done: [False]
==========
t: 122, State: [[ 1.57780236e+00  1.28793432e+00  5.60853296e-02 -5.64544835e-01
   1.80211900e-03  7.97629379e-01  2.38586752e+00 -1.06459175e+00
  -3.69131595e-02  7.92177629e-01 -1.05350421e-02 -4.04159731e-01]], Action: [[-0.49578893  0.07096085  0.17886415]], Reward: [3.4125621],Reward_sum: 320.5917053222656, Done: [False]
==========
t: 123, State: [[ 1.59677387e+00  1.27908449e+00  5.44944343e-02 -5.59797093e-01
   1.84423058e-03  7.92331968e-01  2.35679260e+00 -1.14772804e+00
  -3.61898103e-01  3.95528408e-01  1.72329274e-02 -9.19412653e-01]], Action: [[-0.2721851   0.9724722  -0.36340022]], Reward: [3.3702872],Reward_sum: 323.9620056152344, Done: [False]
==========
t: 124, State: [[ 1.61564411e+00  1.26956330e+00  5.17707993e-02 -5.56459025e-01
   2.02854575e-03  7.85953870e-01  2.36062136e+00 -1.23252103e+00
  -3.19765393e-01  4.39093213e-01  2.69463554e-02 -6.75327386e-01]], Action: [[0.03304296 1.         0.16736501]], Reward: [3.3577507],Reward_sum: 327.31976318359375, Done: [False]
==========
t: 125, State: [[ 1.63449518e+00  1.25945204e+00  4.90477849e-02 -5.53144740e-01
   2.26148432e-03  7.76970243e-01  2.35205261e+00 -1.29526026e+00
  -3.61465683e-01  3.89641715e-01  3.00978213e-02 -1.56946528e+00]], Action: [[-0.03492482  1.         -0.63034046]], Reward: [3.3549852],Reward_sum: 330.67474365234375, Done: [False]
==========
t: 126, State: [[ 1.65330321  1.24870923  0.04597992 -0.55023372  0.00248815  0.76676845
   2.34995593 -1.39044111 -0.40548907  0.33818775  0.02631999 -0.98167064]], Action: [[-0.03284048  1.          0.40458417]], Reward: [3.349839],Reward_sum: 334.02459716796875, Done: [False]
==========
t: 127, State: [[ 1.67214106  1.23730318  0.04331733 -0.5468356   0.0026826   0.75814211
   2.35946815 -1.46108191 -0.26036912  0.51115068  0.0221968  -1.17468619]], Action: [[ 0.12069998  1.         -0.13959497]], Reward: [3.3536968],Reward_sum: 337.3782958984375, Done: [False]
==========
t: 128, State: [[ 1.69069898  1.22519441  0.03748437 -0.5471513   0.00286024  0.74662058
   2.28008846 -1.56623119 -1.19716707 -0.58869845  0.02168678 -1.70503942]], Action: [[-0.76398253  1.         -0.38078886]], Reward: [3.318011],Reward_sum: 340.6962890625, Done: [False]
==========
t: 129, State: [[ 1.70935398  1.21240664  0.03278666 -0.54609739  0.0029489   0.7387155
   2.38366746 -1.63067207  0.0223796   0.85026945  0.00271418 -0.27304278]], Action: [[1.        0.8406383 1.       ]], Reward: [3.3291688],Reward_sum: 344.02545166015625, Done: [False]
==========
t: 130, State: [[ 1.72837168  1.19915579  0.03273321 -0.53956403  0.00299878  0.73082784
   2.37067399 -1.68202037 -0.03611377  0.78324796  0.00878373 -1.697135  ]], Action: [[-0.04669397  1.         -1.        ]], Reward: [3.3752098],Reward_sum: 347.400634765625, Done: [False]
==========
t: 131, State: [[ 1.74690900e+00  1.18530424e+00  2.75082795e-02 -5.39054217e-01
   3.01950599e-03  7.12100801e-01  2.26390757e+00 -1.78093609e+00
  -1.26868694e+00 -6.54148138e-01 -2.21502937e-03 -2.98313740e+00]], Action: [[-1.          0.6419531  -0.91494215]], Reward: [3.314916],Reward_sum: 350.715576171875, Done: [False]
==========
t: 132, State: [[ 1.76540486e+00  1.17094553e+00  2.22739596e-02 -5.38500401e-01
   3.01307934e-03  6.87476102e-01  2.35985081e+00 -1.80861605e+00
  -4.13203840e-02  7.90894358e-01  3.02459459e-04 -3.17283070e+00]], Action: [[ 1.          1.         -0.14308327]], Reward: [3.3099623],Reward_sum: 354.0255126953125, Done: [False]
==========
t: 133, State: [[ 1.78386056e+00  1.15609130e+00  1.70249200e-02 -5.37933638e-01
   3.06268581e-03  6.56496502e-01  2.25406654e+00 -1.90482389e+00
  -1.27102492e+00 -6.47258937e-01  1.05740764e-02 -4.57033007e+00]], Action: [[-1.  1. -1.]], Reward: [3.3039634],Reward_sum: 357.3294982910156, Done: [False]
==========
t: 134, State: [[ 1.80226363e+00  1.14076628e+00  1.17234862e-02 -5.37312655e-01
   3.06943901e-03  6.18510083e-01  2.34667086e+00 -1.92635763e+00
  -5.48857851e-02  8.00597176e-01 -6.61692344e-03 -4.92600739e+00]], Action: [[ 1.         0.7402736 -0.2676452]], Reward: [3.2987638],Reward_sum: 360.6282653808594, Done: [False]
==========
t: 135, State: [[ 1.82061328e+00  1.12497435e+00  6.33724033e-03 -5.36665506e-01
   3.07889978e-03  5.73554789e-01  2.24063212e+00 -2.02143200e+00
  -1.29233855e+00 -6.36755016e-01  7.13631349e-03 -6.31109250e+00]], Action: [[-1.  1. -1.]], Reward: [3.2907057],Reward_sum: 363.9189453125, Done: [False]
==========
t: 136, State: [[ 1.83880872e+00  1.10863309e+00 -4.72554844e-04 -5.37521632e-01
   3.05725999e-03  5.23164862e-01  2.30828874e+00 -2.06384647e+00
  -4.10001276e-01  4.21231929e-01 -1.01729795e-02 -6.28657529e+00]], Action: [[ 0.7298512   0.68486166 -0.01043617]], Reward: [3.2734292],Reward_sum: 367.1923828125, Done: [False]
==========
t: 137, State: [[ 1.85724452e+00  1.09203287e+00 -3.93088357e-03 -5.34541607e-01
   2.93455930e-03  4.67821402e-01  2.34387378e+00 -1.98816334e+00
  -2.09932747e-01  2.75032612e-01 -1.67446534e-02 -7.06877161e+00]], Action: [[-0.06431036  0.5170162  -1.        ]], Reward: [3.3032026],Reward_sum: 370.49560546875, Done: [False]
==========
t: 138, State: [[ 1.87669243e+00  1.07838682e+00 -1.89385143e-03 -5.34135590e-01
   2.79510975e-03  4.17006901e-01  2.50065164e+00 -1.41924337e+00
   6.21439098e-01 -1.53239561e-01 -1.62455434e-02 -5.67092586e+00]], Action: [[-0.15858291  0.28117558 -1.        ]], Reward: [3.4298851],Reward_sum: 373.92547607421875, Done: [False]
==========
t: 139, State: [[ 1.89672524e+00  1.06911907e+00  6.91158455e-04 -5.41595957e-01
   2.85075212e-03  3.76338826e-01  2.49782629e+00 -9.05516921e-01
  -3.18316354e-02 -1.69855010e+00  2.48018761e-02 -4.55270597e+00]], Action: [[-1.  1. -1.]], Reward: [3.5011013],Reward_sum: 377.42657470703125, Done: [False]
==========
t: 140, State: [[ 1.91735459e+00  1.06408775e+00  6.90046120e-03 -5.49663302e-01
   3.04542970e-03  3.43080755e-01  2.65527032e+00 -3.65179603e-01
   1.55231921e+00 -3.14377038e-01  2.31295504e-02 -3.82311408e+00]], Action: [[ 1.          0.80861986 -1.        ]], Reward: [3.576015],Reward_sum: 381.0025634765625, Done: [False]
==========
t: 141, State: [[ 1.93833191e+00  1.06271048e+00  1.50905944e-02 -5.58051654e-01
   3.19504817e-03  3.14349422e-01  2.58603558e+00  8.12789910e-03
   4.76116015e-01 -1.77687710e+00  1.44888702e-02 -3.41668261e+00]], Action: [[-1.         0.5382817 -1.       ]], Reward: [3.619875],Reward_sum: 384.6224365234375, Done: [False]
==========
t: 142, State: [[ 1.9586945   1.06401134  0.01429511 -0.57801917  0.0033356   0.28755226
   2.50213945  0.30470982 -0.6884427  -3.21052044  0.0190976  -3.33181639]], Action: [[-1.         0.8040098 -1.       ]], Reward: [3.5426776],Reward_sum: 388.16510009765625, Done: [False]
==========
t: 143, State: [[ 1.97914260e+00  1.06777642e+00  1.35339980e-02 -5.98253621e-01
   3.30911682e-03  2.60215130e-01  2.60960902e+00  6.26836990e-01
   4.90352535e-01 -1.84929541e+00 -2.07981008e-02 -3.54340944e+00]], Action: [[ 0.9359574   0.14448312 -1.        ]], Reward: [3.5541158],Reward_sum: 391.71923828125, Done: [False]
==========
t: 144, State: [[ 1.99961397e+00  1.07341427e+00  1.23897838e-02 -6.18715963e-01
   3.10846315e-03  2.31316254e-01  2.50620027e+00  7.73121000e-01
  -7.83439165e-01 -3.26255348e+00 -2.80917871e-02 -3.71678561e+00]], Action: [[-1.          0.21004473 -0.7952599 ]], Reward: [3.5572448],Reward_sum: 395.2764892578125, Done: [False]
==========
t: 145, State: [[ 2.01994203e+00  1.08045879e+00  9.20263407e-03 -6.40869457e-01
   2.91059858e-03  1.99229825e-01  2.57513160e+00  9.83173986e-01
  -2.08672704e-02 -2.27626478e+00 -2.17773605e-02 -4.32646661e+00]], Action: [[ 0.66580325  0.5120262  -1.        ]], Reward: [3.5393012],Reward_sum: 398.8157958984375, Done: [False]
==========
t: 146, State: [[ 2.04006047e+00  1.08872776e+00  3.60178242e-03 -6.64657446e-01
   2.84909827e-03  1.61909559e-01  2.45224020e+00  1.07986479e+00
  -1.38750771e+00 -3.66681321e+00  3.21629778e-03 -5.01765817e+00]], Action: [[-1.         0.8051107 -1.       ]], Reward: [3.5121567],Reward_sum: 402.3279724121094, Done: [False]
==========
t: 147, State: [[ 2.05991784e+00  1.09804633e+00 -4.67778433e-03 -6.89935128e-01
   2.93132705e-03  1.18642133e-01  2.51153187e+00  1.24823655e+00
  -6.89310632e-01 -2.65330879e+00  1.53874628e-02 -5.80858528e+00]], Action: [[ 0.67513365  1.         -1.        ]], Reward: [3.4797158],Reward_sum: 405.80767822265625, Done: [False]
==========
t: 148, State: [[ 2.07988814e+00  1.10851015e+00 -1.12688761e-02 -7.11349466e-01
   3.08780569e-03  6.89100899e-02  2.47989029e+00  1.36640886e+00
  -9.64801509e-01 -2.69908247e+00  2.23085809e-02 -6.62955457e+00]], Action: [[-0.06771164  1.         -1.        ]], Reward: [3.4942825],Reward_sum: 409.3019714355469, Done: [False]
==========
t: 149, State: [[ 2.09988727e+00  1.12004685e+00 -1.69506661e-02 -7.29426680e-01
   3.25912962e-03  1.24613722e-02  2.51939690e+00  1.51738125e+00
  -4.60765971e-01 -1.82082905e+00  2.02461275e-02 -7.48546831e+00]], Action: [[ 0.57904017  1.         -1.        ]], Reward: [3.497556],Reward_sum: 412.7995300292969, Done: [False]
==========
t: 150, State: [[ 2.12007382e+00  1.13272363e+00 -1.99373250e-02 -7.41872574e-01
   3.41410989e-03 -5.08713517e-02  2.52691912e+00  1.65139740e+00
  -2.88927141e-01 -1.29097646e+00  1.82556914e-02 -8.34907128e+00]], Action: [[ 0.3360682  1.        -1.       ]], Reward: [3.5212064],Reward_sum: 416.32073974609375, Done: [False]
==========
t: 151, State: [[ 2.14044405e+00  1.14652979e+00 -2.02394800e-02 -7.48523132e-01
   3.54356036e-03 -1.21164474e-01  2.56536557e+00  1.79962767e+00
   2.10938459e-01 -3.72519123e-01  1.42143483e-02 -9.22537775e+00]], Action: [[ 0.61124426  1.         -1.        ]], Reward: [3.5439048],Reward_sum: 419.8646240234375, Done: [False]
==========
t: 152, State: [[ 2.16057443e+00  1.16122932e+00 -2.22105960e-02 -7.54221667e-01
   3.66550404e-03 -1.98402560e-01  2.46599915e+00  1.87414331e+00
  -7.06438900e-01 -1.05014145e+00  1.57029127e-02 -1.00000000e+01]], Action: [[-0.5108491  1.        -1.       ]], Reward: [3.5140364],Reward_sum: 423.378662109375, Done: [False]
==========
t: 153, State: [[ 2.18060902e+00  1.17687104e+00 -2.40237242e-02 -7.56711983e-01
   3.75835900e-03 -2.82712660e-01  2.54193349e+00  2.03470536e+00
   2.51395635e-01  4.26214395e-01  8.16471482e-03 -1.00000000e+01]], Action: [[ 1.  1. -1.]], Reward: [3.5013235],Reward_sum: 426.8799743652344, Done: [False]
==========
t: 154, State: [[ 2.20025962e+00  1.19325223e+00 -2.82242696e-02 -7.58776730e-01
   3.84435562e-03 -3.74193068e-01  2.36958065e+00  2.05910200e+00
  -1.30205476e+00 -9.39738949e-01  1.24856919e-02 -1.00000000e+01]], Action: [[-1.  1. -1.]], Reward: [3.4533248],Reward_sum: 430.33331298828125, Done: [False]
==========
t: 155, State: [[ 2.21946037e+00  1.21027329e+00 -3.48697418e-02 -7.60340053e-01
   3.90785478e-03 -4.73021047e-01  2.43015599e+00  2.19426602e+00
  -3.58277195e-01  5.47056968e-01  4.18199199e-03 -1.00000000e+01]], Action: [[ 1.  1. -1.]], Reward: [3.3970935],Reward_sum: 433.73040771484375, Done: [False]
==========
t: 156, State: [[ 2.23840997e+00  1.22795209e+00 -4.15437460e-02 -7.58723757e-01
   3.95160371e-03 -5.79420295e-01  2.30665112e+00  2.22285945e+00
  -1.30802369e+00 -1.41801824e-01  6.23639131e-03 -1.00000000e+01]], Action: [[-0.52533513  1.         -1.        ]], Reward: [3.366424],Reward_sum: 437.0968322753906, Done: [False]
==========
t: 157, State: [[ 2.25716678e+00  1.24579050e+00 -4.75348200e-02 -7.54013226e-01
   3.94635088e-03 -6.94935119e-01  2.38240547e+00  2.23097075e+00
  -1.83348372e-01  1.31727571e+00 -6.18301842e-03 -1.00000000e+01]], Action: [[ 1.  1. -1.]], Reward: [3.3416011],Reward_sum: 440.4384460449219, Done: [False]
==========
t: 158, State: [[ 2.27564163e+00  1.26297727e+00 -5.41548029e-02 -7.49104851e-01
   3.89954407e-03 -8.16790394e-01  2.27552298e+00  2.00337124e+00
  -1.32361966e+00 -1.24779979e-01 -1.23077162e-02 -1.00000000e+01]], Action: [[-1.  1. -1.]], Reward: [3.306357],Reward_sum: 443.74481201171875, Done: [False]
==========
t: 159, State: [[ 2.29479461e+00  1.27812506e+00 -5.78914007e-02 -7.44858656e-01
   3.70923033e-03 -8.82880229e-01  2.50382706e+00  1.80583835e+00
   3.47477584e-01  1.19312598e+00 -3.01165778e-02 -4.71049227e+00]], Action: [[ 1.  1. -1.]], Reward: [3.3911226],Reward_sum: 447.1358947753906, Done: [False]
==========
t: 160, State: [[ 2.31463727  1.29157724 -0.05908672 -0.7412943   0.00345209 -0.90234865
   2.45028802  1.56834118 -0.67046115 -0.29403933 -0.03180971 -0.63346849]], Action: [[-1.         0.7308308 -1.       ]], Reward: [3.477798],Reward_sum: 450.6136779785156, Done: [False]
==========
t: 161, State: [[ 2.33451864  1.30368439 -0.06253623 -0.74220811  0.00325192 -0.8983168
   2.51570053  1.46425238 -0.20749377  0.06911898 -0.01859655  1.37640152]], Action: [[0.27564037 1.         1.        ]], Reward: [3.483096],Reward_sum: 454.0967712402344, Done: [False]
==========
t: 162, State: [[ 2.35488142e+00  1.31512272e+00 -6.17489412e-02 -7.38706805e-01
   2.06154344e-03 -8.81526470e-01  2.57475829e+00  1.39510305e+00
   4.03500008e-01  8.05465459e-01 -2.78414615e-01  2.81932177e+00]], Action: [[ 0.5161195  -0.08784601  1.        ]], Reward: [3.5440726],Reward_sum: 457.6408386230469, Done: [False]
==========
t: 163, State: [[ 2.37572425e+00  1.32588243e+00 -5.68283776e-02 -7.31132257e-01
   4.86778413e-04 -8.53314023e-01  2.63438011e+00  1.29481004e+00
   8.19985674e-01  1.08938780e+00 -1.29195344e-01  4.23275042e+00]], Action: [[0.22688271 0.2926691  1.        ]], Reward: [3.604217],Reward_sum: 461.24505615234375, Done: [False]
==========
t: 164, State: [[ 2.39691588e+00  1.33577501e+00 -4.97842612e-02 -7.22545484e-01
  -7.62686580e-05 -8.13810143e-01  2.66599265e+00  1.17723250e+00
   9.53982036e-01  1.05465695e+00  2.11432855e-02  5.63932306e+00]], Action: [[0.00296778 0.24014178 1.        ]], Reward: [3.6478958],Reward_sum: 464.8929443359375, Done: [False]
==========
t: 165, State: [[ 2.41827261e+00  1.34470720e+00 -4.22905570e-02 -7.14669018e-01
   1.19907407e-04 -7.63067843e-01  2.67197943e+00  1.05573470e+00
   9.15078575e-01  9.15796311e-01  1.91854954e-02  7.04473836e+00]], Action: [[-0.08171531  0.06435636  1.        ]], Reward: [3.6685808],Reward_sum: 468.5615234375, Done: [False]
==========
t: 166, State: [[ 2.43955181e+00  1.35260599e+00 -3.62953879e-02 -7.09155717e-01
   1.64932584e-04 -7.01105942e-01  2.64740092e+00  9.18762719e-01
   5.83320588e-01  4.63429744e-01 -7.40386821e-03  8.44357782e+00]], Action: [[-0.30593988  0.00420001  1.        ]], Reward: [3.6588058],Reward_sum: 472.2203369140625, Done: [False]
==========
t: 167, State: [[ 2.46040431e+00  1.35926246e+00 -3.54971389e-02 -7.10308882e-01
   3.00522050e-04 -6.28092932e-01  2.56471091e+00  7.45263271e-01
  -3.86412942e-01 -7.49184644e-01  3.49179189e-02  9.80777324e+00]], Action: [[-0.83996856  0.429615    0.9809942 ]], Reward: [3.60471],Reward_sum: 475.8250732421875, Done: [False]
==========
t: 168, State: [[ 2.48136193e+00  1.36508369e+00 -3.35984097e-02 -7.10566042e-01
   5.42724581e-04 -5.47485866e-01  2.67417320e+00  7.09829559e-01
   8.58208191e-01  6.83581454e-01  2.51395272e-02  1.00000000e+01]], Action: [[1.         0.30306217 0.4358002 ]], Reward: [3.6184213],Reward_sum: 479.4434814453125, Done: [False]
==========
t: 169, State: [[ 2.50222942e+00  1.37022764e+00 -3.19162662e-02 -7.10754725e-01
   7.23327542e-04 -4.67064981e-01  2.54320451e+00  5.76710492e-01
  -4.35896215e-01 -7.29384536e-01  1.92406822e-02  9.76267086e+00]], Action: [[-1.          0.16316059 -0.35846806]], Reward: [3.6072814],Reward_sum: 483.0507507324219, Done: [False]
==========
t: 170, State: [[ 2.52300731e+00  1.37471923e+00 -3.04580362e-02 -7.10845461e-01
   8.67989367e-04 -3.87406285e-01  2.65083772e+00  5.46108093e-01
   7.97632442e-01  7.05307214e-01  1.63355608e-02  1.00000000e+01]], Action: [[1.         0.4704648  0.33317658]], Reward: [3.5959034],Reward_sum: 486.64666748046875, Done: [False]
==========
t: 171, State: [[ 2.54369615e+00  1.37857065e+00 -2.92676455e-02 -7.10867220e-01
   9.65173721e-04 -3.08651837e-01  2.52199586e+00  4.17165408e-01
  -4.97509745e-01 -7.09508584e-01  8.53051051e-03  9.53779913e+00]], Action: [[-1.          0.17677978 -0.38208956]], Reward: [3.5849273],Reward_sum: 490.2315979003906, Done: [False]
==========
t: 172, State: [[ 2.56430697e+00  1.38178527e+00 -2.83078201e-02 -7.10800767e-01
   1.04357874e-03 -2.30554356e-01  2.63029108e+00  3.86485198e-01
   7.34592003e-01  7.24719806e-01  1.05644419e-02  9.98608909e+00]], Action: [[1.         0.5413947  0.37232238]], Reward: [3.5749204],Reward_sum: 493.8065185546875, Done: [False]
==========
t: 173, State: [[ 2.58483882e+00  1.38438832e+00 -2.76284134e-02 -7.10673627e-01
   1.11534731e-03 -1.53764153e-01  2.50330030e+00  2.64606563e-01
  -5.62045420e-01 -6.91703273e-01  7.50905114e-03  9.21252637e+00]], Action: [[-1.          0.2575591  -0.49390453]], Reward: [3.5651712],Reward_sum: 497.3717041015625, Done: [False]
==========
t: 174, State: [[ 2.60530425e+00  1.38636897e+00 -2.71832881e-02 -7.10467992e-01
   1.17468234e-03 -7.75179159e-02  2.61263987e+00  2.30621236e-01
   6.70361304e-01  7.41713190e-01  7.20533323e-03  9.84826680e+00]], Action: [[1.        0.5258006 0.5000945]], Reward: [3.5566525],Reward_sum: 500.9283447265625, Done: [False]
==========
t: 175, State: [[ 2.62570097e+00  1.38776239e+00 -2.70273007e-02 -7.10210058e-01
   1.23638666e-03 -2.84417167e-03  2.48717591e+00  1.17933784e-01
  -6.28382325e-01 -6.76015835e-01  7.88182172e-03  8.82162293e+00]], Action: [[-1.          0.3279529  -0.67133147]], Reward: [3.548032],Reward_sum: 504.47637939453125, Done: [False]
==========
t: 176, State: [[ 2.64604065e+00  1.38855025e+00 -2.71152035e-02 -7.09881187e-01
   1.27120077e-03  7.12647961e-02  2.59737053e+00  7.91871376e-02
   6.03470139e-01  7.56796720e-01  1.58487888e-03  9.70447368e+00]], Action: [[1.        0.4408231 0.6695009]], Reward: [3.5408175],Reward_sum: 508.0172119140625, Done: [False]
==========
t: 177, State: [[ 2.66632522e+00  1.38875501e+00 -2.74777410e-02 -7.09511954e-01
   1.30474863e-03  1.44184165e-01  2.47435546e+00 -2.79593217e-02
  -6.90974167e-01 -6.63238794e-01  6.04879052e-03  8.52702398e+00]], Action: [[-1.          0.36354175 -0.7778307 ]], Reward: [3.5338342],Reward_sum: 511.5510559082031, Done: [False]
==========
t: 178, State: [[ 2.68656305e+00  1.38835938e+00 -2.80831115e-02 -7.09080365e-01
   1.29165190e-03  2.16869216e-01  2.58482365e+00 -7.06643977e-02
   5.36831747e-01  7.69614755e-01 -7.44125971e-03  9.64275032e+00]], Action: [[1.         0.28342107 0.82991755]], Reward: [3.527959],Reward_sum: 515.0789794921875, Done: [False]
==========
t: 179, State: [[ 2.70675975e+00  1.38737253e+00 -2.89414418e-02 -7.08620774e-01
   1.27835472e-03  2.89128630e-01  2.46482774e+00 -1.76158271e-01
  -7.48388323e-01 -6.53372941e-01  2.75615433e-03  8.42379933e+00]], Action: [[-1.          0.3783752  -0.80748016]], Reward: [3.5227928],Reward_sum: 518.601806640625, Done: [False]
==========
t: 180, State: [[ 2.72689983e+00  1.38579392e+00 -3.01405746e-02 -7.08085772e-01
   9.55843573e-04  3.61576987e-01  2.56991372e+00 -2.18025348e-01
   4.45361404e-01  7.85618820e-01 -8.23040159e-02  9.68668093e+00]], Action: [[1.         0.05480024 0.92956007]], Reward: [3.5156431],Reward_sum: 522.117431640625, Done: [False]
==========
t: 181, State: [[ 2.74700688e+00  1.38362772e+00 -3.15995102e-02 -7.07529195e-01
   6.01713886e-04  4.33970259e-01  2.45690875e+00 -3.23687597e-01
  -8.08703743e-01 -6.44700733e-01 -1.19685312e-02  8.41355771e+00]], Action: [[-1.          0.49913242 -0.84372425]], Reward: [3.5114198],Reward_sum: 525.62890625, Done: [False]
==========
t: 182, State: [[ 2.76698323e+00  1.38091055e+00 -3.38160753e-02 -7.06816093e-01
  -1.12036889e-03  5.06498486e-01  2.53701219e+00 -3.55082115e-01
   2.51713806e-01  8.21316887e-01 -4.17259705e-01  9.71683150e+00]], Action: [[ 1.         -0.18162277  0.9474895 ]], Reward: [3.4951134],Reward_sum: 529.1240234375, Done: [False]
==========
t: 183, State: [[ 2.78735371e+00  1.37759479e+00 -3.35944324e-02 -7.05188400e-01
   1.30960427e-03  5.78003600e-01  2.52940082e+00 -4.66042016e-01
  -3.26108691e-01 -3.84767982e-01  6.83954918e-01  8.17608124e+00]], Action: [[-0.78177476  1.         -1.        ]], Reward: [3.5436988],Reward_sum: 532.6676635742188, Done: [False]
==========
t: 184, State: [[ 2.80759420e+00  1.37384628e+00 -3.35735088e-02 -7.02064080e-01
   1.06626205e-03  6.48877817e-01  2.53069875e+00 -4.70914083e-01
   3.29576216e-01  1.16391793e+00 -7.42699076e-01  9.54059088e+00]], Action: [[ 1.         -0.9277719   0.95920944]], Reward: [3.5272803],Reward_sum: 536.1949462890625, Done: [False]
==========
t: 185, State: [[ 2.82794460e+00  1.36969139e+00 -3.18832268e-02 -6.96182443e-01
  -1.75316996e-04  7.19031916e-01  2.56822949e+00 -5.71148533e-01
   1.50269879e-01  2.95468590e-01  5.74749899e-01  7.99415323e+00]], Action: [[-0.53000313  1.         -1.        ]], Reward: [3.5415187],Reward_sum: 539.7364501953125, Done: [False]
==========
t: 186, State: [[ 2.84823870e+00  1.36471769e+00 -3.30169722e-02 -6.95669912e-01
   2.97556410e-03  7.85849773e-01  2.50607261e+00 -6.65484666e-01
  -4.25205322e-01 -1.68037751e-01  2.35407891e-01  8.39997848e+00]], Action: [[-0.3429694  -0.11644998  0.53108907]], Reward: [3.5363493],Reward_sum: 543.2728271484375, Done: [False]
==========
t: 187, State: [[ 2.86849486e+00  1.35988632e+00 -3.22584794e-02 -6.91084580e-01
   3.04706045e-03  8.31099788e-01  2.55795278e+00 -5.54973667e-01
   6.10032679e-01  1.31306228e+00 -2.37287451e-01  3.41537844e+00]], Action: [[ 1.         -0.40380922  0.80016994]], Reward: [3.5302167],Reward_sum: 546.802978515625, Done: [False]
==========
t: 188, State: [[ 2.88892448e+00  1.35536276e+00 -2.74382052e-02 -6.80896397e-01
   1.63856488e-03  8.46512499e-01  2.54977220e+00 -5.82550267e-01
   5.91343595e-01  1.23428610e+00 -1.25577618e-01  7.41566434e-01]], Action: [[-0.04671954  0.16022196 -0.40164083]], Reward: [3.5535138],Reward_sum: 550.3565673828125, Done: [False]
==========
t: 189, State: [[ 2.90925730e+00  1.35046165e+00 -2.33068357e-02 -6.71888110e-01
   9.43048703e-04  8.46688777e-01  2.53357227e+00 -6.46114698e-01
   4.38639427e-01  1.01824061e+00 -5.55943901e-02 -5.29452282e-01]], Action: [[-0.14325081  0.32705858 -0.17793712]], Reward: [3.5414433],Reward_sum: 553.89794921875, Done: [False]
==========
t: 190, State: [[ 2.92939845e+00  1.34493799e+00 -2.12622057e-02 -6.65594347e-01
   7.58224673e-04  8.40152516e-01  2.50166943e+00 -7.36373054e-01
   7.03624784e-02  5.56021332e-01  3.12270470e-03 -1.01815714e+00]], Action: [[-0.31562287  0.73640144  0.3357687 ]], Reward: [3.5168886],Reward_sum: 557.4148559570312, Done: [False]
==========
t: 191, State: [[ 2.94961651e+00  1.33885331e+00 -1.83382882e-02 -6.58446828e-01
   9.02170753e-04  8.31544743e-01  2.55248740e+00 -7.85754267e-01
   6.58020246e-01  1.23042600e+00  2.80598868e-02 -1.09510897e+00]], Action: [[0.47495043 0.80310225 1.        ]], Reward: [3.525387],Reward_sum: 560.9403076171875, Done: [False]
==========
t: 192, State: [[ 2.96964816e+00  1.33203690e+00 -1.74677795e-02 -6.53638223e-01
   9.21673657e-04  8.22867161e-01  2.45567869e+00 -9.18549934e-01
  -4.39557003e-01 -2.68457894e-02 -2.41028992e-02 -1.05139073e+00]], Action: [[-0.87506473 -0.10952058  0.15097964]], Reward: [3.5031552],Reward_sum: 564.4434204101562, Done: [False]
==========
t: 193, State: [[ 2.98972961e+00  1.32459515e+00 -1.60080279e-02 -6.48134419e-01
   9.29554005e-04  8.15144313e-01  2.56396376e+00 -9.42176510e-01
   8.00820589e-01  1.40168802e+00  2.01124064e-02 -8.76922128e-01]], Action: [[1. 1. 1.]], Reward: [3.5071816],Reward_sum: 567.9506225585938, Done: [False]
==========
t: 194, State: [[ 3.00986262e+00  1.31651606e+00 -1.39958821e-02 -6.42022960e-01
   1.00512896e-03  8.08623250e-01  2.46972681e+00 -1.07732373e+00
  -2.95650169e-01  1.27390411e-01  1.04247216e-03 -7.51434308e-01]], Action: [[-0.88361096  0.05003139  0.0827188 ]], Reward: [3.5158362],Reward_sum: 571.4664306640625, Done: [False]
==========
t: 195, State: [[ 3.03004167e+00  1.30780141e+00 -1.14433924e-02 -6.35274705e-01
   1.06930791e-03  8.03317576e-01  2.57457828e+00 -1.10164782e+00
   9.31656239e-01  1.55826535e+00  1.31916362e-02 -5.80161887e-01]], Action: [[1.         0.66811836 0.69338673]], Reward: [3.5204532],Reward_sum: 574.9868774414062, Done: [False]
==========
t: 196, State: [[ 3.05022546e+00  1.29847648e+00 -8.74259016e-03 -6.28359918e-01
   1.14523362e-03  7.97103543e-01  2.47170763e+00 -1.22914307e+00
  -2.54839492e-01  1.71902220e-01  6.43041587e-03 -9.72842949e-01]], Action: [[-0.96084243  0.25145766 -0.28126776]], Reward: [3.521909],Reward_sum: 578.5087890625, Done: [False]
==========
t: 197, State: [[ 3.07042214e+00  1.28851328e+00 -5.86745019e-03 -6.21256982e-01
   1.24903012e-03  7.91291213e-01  2.57684930e+00 -1.26121747e+00
   9.71574255e-01  1.60252890e+00  1.77527387e-02 -5.20966989e-01]], Action: [[1.         0.77027726 0.56625855]], Reward: [3.522671],Reward_sum: 582.031494140625, Done: [False]
==========
t: 198, State: [[ 3.09060394e+00  1.27794142e+00 -3.04191965e-03 -6.14212148e-01
   1.35391063e-03  7.84080802e-01  2.46895613e+00 -1.38127377e+00
  -2.63499717e-01  1.60208404e-01  9.24400457e-03 -1.28069561e+00]], Action: [[-1.          0.31276807 -0.5388262 ]], Reward: [3.521336],Reward_sum: 585.5527954101562, Done: [False]
==========
t: 199, State: [[ 3.11078376e+00  1.26671795e+00 -2.32843508e-04 -6.07205541e-01
   1.49076726e-03  7.77454668e-01  2.57553785e+00 -1.42502593e+00
   9.63527691e-01  1.59004392e+00  2.27322285e-02 -3.76890489e-01]], Action: [[1.         0.93084955 0.63144517]], Reward: [3.5202131],Reward_sum: 589.0730590820312, Done: [False]
==========
Hopper - Steps: 200, Return: 589.0730590820312, State: [[ 3.11078376e+00  1.26671795e+00 -2.32843508e-04 -6.07205541e-01
   1.49076726e-03  7.77454668e-01  2.57553785e+00 -1.42502593e+00
   9.63527691e-01  1.59004392e+00  2.27322285e-02 -3.76890489e-01]]
