[CudaDevice(id=0)]
Using AIRL:  True
Using GAIL:  True
Using RGCL:  False
Experiment State @  2025-05-15 11:42:35.773318-05:00
Experiment Saved @  results/experiment_126
Experiment Settings Saved @  results/experiment_126
126
Using cuda device
Wrapping the env with a `Monitor` wrapper
Wrapping the env in a DummyVecEnv.
Wrapping the env with a `Monitor` wrapper
Wrapping the env in a DummyVecEnv.
t: 0, State: [[-4.61526125e-03  1.25265239e+00 -4.30208858e-03  7.34799705e-03
  -1.27342782e-02  5.69482312e-02  3.03304022e-03  4.31045659e-03
   5.61768669e-02  8.21811732e-02 -4.43338777e-01 -1.26560625e-02
   5.65745177e-01 -2.08733544e+00  1.00000000e+01 -3.52615462e-02
  -1.51346532e-02  1.00000000e+01]], Action: [[ 1.         -0.33453164  1.          1.          1.          1.        ]], Reward: [1.0352603],Reward_sum: 1.0352603197097778, Done: [False]
==========
t: 1, State: [[-3.28290127e-03  1.25026263e+00 -8.60296459e-04  5.19995082e-03
  -3.96981065e-03  1.09896697e-01  5.38601435e-03  6.07777757e-03
   1.10437941e-01  2.45451279e-01 -1.57422648e-01  8.02492053e-01
  -1.18351122e+00  4.22331185e+00 -1.75230726e+00  5.41682082e-01
   3.96334142e-01 -2.59657023e-01]], Action: [[ 1.         1.        -1.         0.9824564  1.        -1.       ]], Reward: [1.1605798],Reward_sum: 2.1958401203155518, Done: [False]
==========
t: 2, State: [[-2.52939883e-03  1.24754286e+00 -6.65507395e-04 -3.84808901e-03
   1.62835553e-02  1.55247396e-01  9.54783086e-03 -6.61889931e-03
   1.51000682e-01 -5.70221570e-02 -5.20357891e-01 -7.53848480e-01
  -1.08383590e+00  9.05540240e-01  1.00000000e+01  4.91354498e-01
  -3.53628686e+00  1.00000000e+01]], Action: [[ 1.          0.33644614  1.         -0.34128478 -1.          0.6201949 ]], Reward: [1.0905735],Reward_sum: 3.2864136695861816, Done: [False]
==========
t: 3, State: [[-1.34449267e-03  1.24341541e+00  3.91799593e-03  7.21491797e-04
   2.09247342e-02  2.09453227e-01  1.36139679e-02 -1.03305029e-02
   2.44804484e-01  3.41163433e-01 -5.12606333e-01  1.77245108e+00
   2.01000203e+00  3.29724233e-01  5.13557149e-01  4.47408483e-01
   2.52691046e+00  1.00000000e+01]], Action: [[ 1.          0.6985508  -1.          1.          1.          0.48873216]], Reward: [1.1433865],Reward_sum: 4.429800033569336, Done: [False]
==========
t: 4, State: [[ 1.09973569e-04  1.23870202e+00  1.08700010e-02  1.17442656e-02
   1.94632128e-02  2.27247052e-01  1.57041834e-02 -3.89444285e-03
   3.71819830e-01  2.52111011e-02 -6.62208297e-01  2.00151181e-02
   8.54953537e-01 -7.81148816e-01  3.94519620e+00  1.21279042e-01
  -8.55820553e-01  1.00000000e+01]], Action: [[ 1.          0.2142038   0.21449424 -0.754478   -1.          0.31866097]], Reward: [1.1790456],Reward_sum: 5.6088457107543945, Done: [False]
==========
t: 5, State: [[ 7.60196397e-04  1.23412685e+00  1.26372699e-02  1.80481286e-02
   1.60513307e-02  2.04019251e-01  1.13177573e-02  5.87336406e-03
   4.85498697e-01  6.05835243e-02 -4.78375761e-01  2.78055659e-01
   6.96013713e-01 -1.58139744e-01 -9.74068528e+00 -6.07304534e-01
   1.62595393e+00  1.00000000e+01]], Action: [[ 1.          1.         -1.          0.87738836  1.         -0.4893818 ]], Reward: [1.0762686],Reward_sum: 6.68511438369751, Done: [False]
==========
t: 6, State: [[ 4.24264830e-04  1.23032887e+00  1.12884697e-02  2.09748591e-02
   1.44800462e-02  1.30997700e-01  6.62512387e-03  7.93958718e-03
   5.42992797e-01 -1.38012254e-01 -4.72394037e-01 -5.52535989e-01
   1.00846253e-01 -2.24713768e-01 -8.53368820e+00 -4.87040772e-01
  -1.16356245e+00  3.92994886e+00]], Action: [[ 1.          0.6078634   0.12366082 -1.         -1.         -0.5237756 ]], Reward: [0.9543494],Reward_sum: 7.639463901519775, Done: [False]
==========
t: 7, State: [[-2.09470885e-03  1.22622406e+00  7.91493448e-04  2.16625217e-02
  -2.90138728e-04  1.17106626e-01  1.88962923e-03 -1.60332060e-02
   5.29395973e-01 -4.90781381e-01 -5.57788829e-01 -2.06478931e+00
   7.18626668e-02 -3.46816418e+00  5.02451750e+00 -6.79412806e-01
  -4.82553268e+00 -7.31778674e+00]], Action: [[ 1.         -0.02970442  1.         -0.49094465 -1.         -0.9526787 ]], Reward: [0.6809788],Reward_sum: 8.320442199707031, Done: [False]
==========
t: 8, State: [[-3.62207213e-03  1.22012772e+00 -7.01003465e-03  2.23772955e-02
  -1.07038247e-02  2.05202432e-01 -4.22248624e-04 -4.00452207e-02
   5.11239371e-01  1.12312458e-01 -9.61065889e-01  1.78442069e-01
   1.18389068e-01  1.08159462e+00  1.00000000e+01  2.62374202e-01
  -1.37771750e+00  2.82157528e+00]], Action: [[1.         0.91840506 1.         1.         1.         0.7449219 ]], Reward: [0.8036812],Reward_sum: 9.124123573303223, Done: [False]
==========
t: 9, State: [[-6.64202950e-04  1.21148677e+00  8.21315830e-04  2.28304806e-02
   1.36674612e-02  3.64273133e-01 -1.41312976e-03 -2.98517522e-02
   5.48631934e-01  4.72022698e-01 -1.19333187e+00  9.98349442e-01
   1.07585698e-01  3.01025497e+00  1.00000000e+01 -1.27501417e+00
   3.90629002e+00  6.49669079e+00]], Action: [[0.8647121  1.         0.55452573 0.53369904 1.         0.32855165]], Reward: [1.3662857],Reward_sum: 10.490408897399902, Done: [False]
==========
t: 10, State: [[ 2.17787013e-03  1.20427246e+00  4.68762533e-03  2.24720393e-02
   3.02175235e-02  4.90311968e-01 -1.97952743e-02  1.01417077e-02
   5.43912191e-01  1.99047037e-01 -5.73671742e-01  5.35989668e-02
  -1.47447452e-01  1.29210967e+00  7.85931573e+00 -2.56367411e+00
   5.15396558e+00 -6.65882585e+00]], Action: [[ 1.          1.         -1.         -0.98704135 -0.44890812 -1.        ]], Reward: [1.3500834],Reward_sum: 11.840492248535156, Done: [False]
==========
t: 11, State: [[ 2.95470117e-03  1.20144715e+00  7.01245690e-03  2.33586889e-02
   3.51863386e-02  5.74068080e-01 -1.92448367e-02  1.55523871e-02
   5.19590609e-01 -4.84957043e-03 -1.73346086e-01  4.86454553e-01
   3.05052425e-01  1.00376190e-01  1.00000000e+01  2.62674717e+00
  -3.75668504e+00  7.17488534e-01]], Action: [[ 1.          0.24777487  1.          0.92385703 -0.73808444  0.45255274]], Reward: [1.0934395],Reward_sum: 12.933931350708008, Done: [False]
==========
t: 12, State: [[ 3.96363374e-03  1.20101345e+00  1.29195734e-02  2.52135528e-02
   3.45515712e-02  7.09057481e-01  1.91863377e-03 -1.46240064e-02
   5.57829893e-01  2.62715934e-01  4.17639923e-02  9.81591878e-01
   1.52539257e-01 -2.18296889e-01  1.00000000e+01  2.57636674e+00
  -3.66601387e+00  8.80988613e+00]], Action: [[0.4097268 1.        1.        1.        1.        1.       ]], Reward: [1.1209487],Reward_sum: 14.054880142211914, Done: [False]
==========
t: 13, State: [[ 6.15873750e-03  1.20195207e+00  1.92720056e-02  2.54458489e-02
   3.34736513e-02  8.31097476e-01  1.58894149e-02 -3.74998222e-02
   6.57412186e-01  2.81109795e-01  1.99671153e-01  6.42949081e-01
  -4.23248785e-02 -5.84334321e-02  9.99519132e+00  1.05406868e+00
  -2.20717043e+00  1.00000000e+01]], Action: [[ 0.27945527  1.         -1.          0.70998096  1.          1.        ]], Reward: [1.2698058],Reward_sum: 15.324686050415039, Done: [False]
==========
t: 14, State: [[ 8.54002647e-03  1.20430812e+00  2.48703153e-02  2.63130516e-02
   3.34313280e-02  8.72366318e-01  2.07538083e-02 -4.84003179e-02
   7.96067797e-01  3.08736785e-01  3.96195006e-01  7.45799033e-01
   2.45572136e-01  4.36982229e-02  3.53510162e-01  1.62927208e-01
  -4.92894188e-01  1.00000000e+01]], Action: [[ 1.          1.         -1.          1.          1.          0.55258954]], Reward: [1.2923558],Reward_sum: 16.617042541503906, Done: [False]
==========
t: 15, State: [[ 0.01134063  1.20824188  0.03119789  0.02894333  0.03327257  0.85157715
   0.01276474 -0.03237508  0.8898945   0.38706719  0.57155782  0.81180547
   0.38623989 -0.06586152 -5.46938598 -2.11425019  4.37473615  6.55222817]], Action: [[ 1.          0.5525888  -0.61040556  1.          1.         -0.62486434]], Reward: [1.3460064],Reward_sum: 17.96304702758789, Done: [False]
==========
t: 16, State: [[ 1.39570035e-02  1.21285739e+00  3.74260763e-02  3.19765474e-02
   3.23553535e-02  8.03436405e-01  2.62396156e-04 -7.11313071e-03
   9.18950026e-01  2.74343232e-01  5.70787154e-01  7.47697911e-01
   3.43655798e-01 -1.59801166e-01 -6.67883413e+00 -1.00658186e+00
   1.83755380e+00  1.29742604e+00]], Action: [[ 1.          0.89419496 -0.06383927  0.7765893  -0.09691337  0.06642286]], Reward: [1.3246268],Reward_sum: 19.287673950195312, Done: [False]
==========
t: 17, State: [[ 1.47578990e-02  1.21706589e+00  4.08295802e-02  3.42701807e-02
   3.04765496e-02  7.80734519e-01  4.92829181e-03 -2.63388239e-02
   9.20129520e-01 -4.30573111e-02  4.48622185e-01 -1.53727072e-01
   4.36914703e-02 -3.46808035e-01  3.27472619e+00  1.09418446e+00
  -5.12215789e+00 -7.53704396e-01]], Action: [[ 1.         0.7452713  1.         1.        -1.         1.       ]], Reward: [1.0945565],Reward_sum: 20.382230758666992, Done: [False]
==========
t: 18, State: [[ 0.01507033  1.22026241  0.03976305  0.03339757  0.02789403  0.81134524
   0.00591466 -0.04898552  0.91006169  0.12533182  0.36633533 -0.03135605
  -0.22676292 -0.29452153  2.78343126 -0.72226565 -0.59051257 -1.61641764]], Action: [[-0.1670995  0.5471362  1.         1.         1.         1.       ]], Reward: [1.0347261],Reward_sum: 21.41695785522461, Done: [False]
==========
t: 19, State: [[ 1.66164351e-02  1.22291419e+00  4.17281585e-02  3.29036733e-02
   2.52066221e-02  8.26851570e-01 -1.42408324e-03 -4.33276192e-02
   8.96012961e-01  2.59475774e-01  2.93829834e-01  4.94043128e-01
   6.65191947e-02 -3.59326160e-01  1.24555038e+00 -1.14461650e+00
   2.00692322e+00 -1.82209858e+00]], Action: [[1.         0.12923124 1.         1.         0.7777101  1.        ]], Reward: [1.1886421],Reward_sum: 22.605600357055664, Done: [False]
==========
t: 20, State: [[ 0.01909248  1.22493677  0.04721424  0.03405746  0.02225598  0.83314881
  -0.0116695  -0.01958286  0.88091533  0.35822544  0.20891401  0.8606541
   0.20071282 -0.36711091  0.41778264 -1.43241909  3.92459125 -1.8935426 ]], Action: [[1.         0.05253264 1.         1.         0.688951   0.6361525 ]], Reward: [1.305624],Reward_sum: 23.911224365234375, Done: [False]
==========
t: 21, State: [[ 2.16638273e-02  1.22633322e+00  5.49449694e-02  3.60746403e-02
   1.97728348e-02  8.34585799e-01 -1.61775214e-02  6.83972308e-04
   8.66693442e-01  2.83382964e-01  1.41464350e-01  1.05392039e+00
   2.86153306e-01 -2.59228775e-01 -7.27336229e-03  2.78920314e-01
   1.15705739e+00 -1.64675781e+00]], Action: [[1.         0.3369332  1.         1.         0.07242852 0.7470065 ]], Reward: [1.317741],Reward_sum: 25.228965759277344, Done: [False]
==========
t: 22, State: [[ 0.02388481  1.22715184  0.06392648  0.03835259  0.01765477  0.83366744
  -0.01122303  0.00725281  0.85520517  0.27400794  0.06260295  1.18936088
   0.27608648 -0.26278876 -0.19447743  0.92874653  0.5436744  -1.24139625]], Action: [[1.         0.01029205 1.         1.         0.76834965 1.        ]], Reward: [1.2730318],Reward_sum: 26.501996994018555, Done: [False]
==========
t: 23, State: [[ 0.02599763  1.22733079  0.07305018  0.03961989  0.01599921  0.8318475
  -0.0030931   0.00993568  0.84654352  0.25688653 -0.01828379  1.1086086
   0.06381233 -0.16001624 -0.24730949  1.10397071  0.16778635 -0.93612769]], Action: [[1.         0.51751006 1.         0.4394806  0.3631653  1.        ]], Reward: [1.2605097],Reward_sum: 27.762508392333984, Done: [False]
==========
t: 24, State: [[ 0.02797405  1.22685918  0.0812854   0.03927033  0.01470048  0.82988403
   0.00545587  0.01073764  0.84002088  0.23046966 -0.09899298  0.86870815
  -0.20168856 -0.18411787 -0.23350013  0.88321309  0.0741938  -0.7088446 ]], Action: [[1.         0.37356767 1.         0.60203487 0.4963835  1.        ]], Reward: [1.243305],Reward_sum: 29.005813598632812, Done: [False]
==========
t: 25, State: [[ 0.02971798  1.22574595  0.08735726  0.03697036  0.01287318  0.82815103
   0.01147526  0.01116285  0.83508245  0.20812033 -0.1795631   0.67047756
  -0.35239372 -0.25954788 -0.19835592  0.64035126  0.03722965 -0.53309822]], Action: [[1.         0.12286738 1.         0.8889633  0.481811   1.        ]], Reward: [1.2139531],Reward_sum: 30.21976661682129, Done: [False]
==========
t: 26, State: [[ 0.03120595  1.22400796  0.09182172  0.03436279  0.00811266  0.82670621
   0.01569136  0.01148956  0.83140512  0.16505417 -0.25502912  0.45455465
  -0.2959293  -0.91806041 -0.16309292  0.42557562  0.04166286 -0.39249556]], Action: [[ 1.         -0.11357293  1.          1.          0.6824618   1.        ]], Reward: [1.1815178],Reward_sum: 31.40128517150879, Done: [False]
==========
t: 27, State: [[ 3.24152349e-02  1.22165622e+00  9.49012164e-02  3.21132537e-02
  -7.54227890e-04  8.25536611e-01  1.85778863e-02  1.16538674e-02
   8.28706302e-01  1.38166607e-01 -3.33028776e-01  3.21581453e-01
  -2.62314535e-01 -1.29348808e+00 -1.30007870e-01  3.01564138e-01
   3.35267080e-03 -2.87170508e-01]], Action: [[ 1.         -0.04269707  1.          1.          0.52124417  1.        ]], Reward: [1.146887],Reward_sum: 32.54817199707031, Done: [False]
==========
t: 28, State: [[ 0.03352227  1.21866181  0.09740828  0.02989873 -0.01063084  0.82462042
   0.02085598  0.0114405   0.82672729  0.1386687  -0.41548992  0.30755752
  -0.28269362 -1.18764434 -0.09979899  0.26665191 -0.04863707 -0.2112884 ]], Action: [[1.         0.10554196 1.         1.         0.31838435 1.        ]], Reward: [1.1342672],Reward_sum: 33.682437896728516, Done: [False]
==========
t: 29, State: [[ 0.03453513  1.21502611  0.099466    0.0279238  -0.02154879  0.82392091
   0.02264508  0.0107876   0.8252848   0.11581047 -0.49367053  0.21239577
  -0.21198265 -1.52902285 -0.07617211  0.18315564 -0.10576958 -0.15227334]], Action: [[ 1.         -0.01536784  1.          1.          0.21853596  1.        ]], Reward: [1.1225597],Reward_sum: 34.804996490478516, Done: [False]
==========
t: 30, State: [[ 0.03554082  1.21074541  0.10146196  0.02609206 -0.03233456  0.82253242
   0.02415024  0.00998668  0.82423082  0.13490213 -0.57651576  0.28469819
  -0.23834586 -1.18419183 -0.24382886  0.18979802 -0.09269945 -0.11309566]], Action: [[1.         0.17833634 0.6141589  1.         0.24127182 1.        ]], Reward: [1.1222439],Reward_sum: 35.92723846435547, Done: [False]
==========
t: 31, State: [[ 0.03650401  1.20582023  0.10329126  0.02465804 -0.04376748  0.82118716
   0.02526797  0.00909565  0.82347153  0.10788517 -0.64607068  0.17731632
  -0.12674919 -1.65419182 -0.10852001  0.09441518 -0.1239888  -0.07883553]], Action: [[ 1.         -0.05035993  1.          1.          0.15782031  1.        ]], Reward: [1.1163709],Reward_sum: 37.043609619140625, Done: [False]
==========
t: 32, State: [[ 0.03751344  1.20148307  0.10494976  0.02345936 -0.05467072  0.81922695
   0.02618327  0.00833057  0.82288696  0.14832263 -0.39663666  0.23993963
  -0.1715736  -0.79963774 -0.30776496  0.13480863 -0.07268643 -0.07751897]], Action: [[1.         0.19208866 0.37536693 1.         0.22364059 1.        ]], Reward: [1.1229509],Reward_sum: 38.166561126708984, Done: [False]
==========
t: 33, State: [[ 0.03866943  1.19931785  0.10635962  0.02260199 -0.05972325  0.81803896
   0.02684549  0.00763991  0.8222537   0.14119107 -0.16845883  0.11865049
  -0.04921771 -0.53605563 -0.03335749  0.0333483  -0.09729298 -0.07590609]], Action: [[ 1.         -0.10426775  1.          1.          0.18655771  1.        ]], Reward: [1.1404529],Reward_sum: 39.30701446533203, Done: [False]
==========
t: 34, State: [[ 0.03981371  1.19849647  0.10706072  0.0225465  -0.06368057  0.81821559
   0.02678649  0.00698196  0.82170934  0.1450009  -0.05040378  0.06123227
   0.0289759  -0.47529313  0.05922191 -0.04255637 -0.07012664 -0.05867968]], Action: [[ 1.         -0.08737037  1.          1.          0.33120555  1.        ]], Reward: [1.1389182],Reward_sum: 40.4459342956543, Done: [False]
==========
t: 35, State: [[ 0.0410508   1.19834871  0.10760512  0.02282076 -0.06687745  0.81876409
   0.02637542  0.00656203  0.82132771  0.16362206  0.00591466  0.07576971
   0.03810323 -0.33808183  0.07205151 -0.05754671 -0.03772892 -0.03695384]], Action: [[ 1.0000000e+00 -3.0502677e-04  1.0000000e+00  1.0000000e+00
   3.5071263e-01  1.0000000e+00]], Reward: [1.1505136],Reward_sum: 41.5964469909668, Done: [False]
==========
t: 36, State: [[ 0.0423986   1.19850019  0.10820013  0.02323086 -0.06955121  0.81933165
   0.02581623  0.0063652   0.82110159  0.17333242  0.0279468   0.07468893
   0.06118947 -0.32996256  0.06729472 -0.07899794 -0.01433818 -0.02029898]], Action: [[ 1.        -0.0510827  1.         1.         0.4003791  1.       ]], Reward: [1.164312],Reward_sum: 42.76075744628906, Done: [False]
==========
t: 37, State: [[ 0.0438336   1.19874933  0.10885286  0.0237334  -0.07203551  0.81981413
   0.02517432  0.00630726  0.82099115  0.18540629  0.03255362  0.08912476
   0.06312646 -0.29232948  0.052951   -0.0799255  -0.00179535 -0.0081918 ]], Action: [[ 1.         -0.03718528  1.          1.          0.3995964   1.        ]], Reward: [1.1752139],Reward_sum: 43.935970306396484, Done: [False]
==========
t: 38, State: [[ 0.04535381  1.19901091  0.10958368  0.02427879 -0.07446     0.82018788
   0.02450809  0.00632101  0.82095245  0.19494529  0.03206078  0.09469321
   0.07132656 -0.3107566   0.04053094 -0.08497688  0.0039598  -0.0020819 ]], Action: [[ 1.         -0.06353137  1.          1.          0.42042732  1.        ]], Reward: [1.1858445],Reward_sum: 45.1218147277832, Done: [False]
==========
t: 39, State: [[ 0.04695636  1.1992525   0.11038176  0.02484841 -0.07695874  0.82046657
   0.02383852  0.00634876  0.8209506   0.20594271  0.02786905  0.10575672
   0.06998249 -0.31117078  0.02952349 -0.08144933  0.00273542  0.00121563]], Action: [[ 1.         -0.06276435  1.          1.          0.41227475  1.        ]], Reward: [1.1961448],Reward_sum: 46.317962646484375, Done: [False]
==========
t: 40, State: [[ 4.86448588e-02  1.19945438e+00  1.11259190e-01  2.54129787e-02
  -7.95145897e-02  8.20671498e-01  2.31927270e-02  6.35971632e-03
   8.20964714e-01  2.16494872e-01  2.22926489e-02  1.14704636e-01
   6.99284006e-02 -3.23671719e-01  2.19534966e-02 -7.90172591e-02
  -2.18965535e-05  2.12234446e-03]], Action: [[ 1.         -0.07696462  1.          1.          0.41805762  1.        ]], Reward: [1.2068821],Reward_sum: 47.524845123291016, Done: [False]
==========
t: 41, State: [[ 0.05042029  1.1996071   0.11221538  0.02596643 -0.08214863  0.82082396
   0.02257456  0.00634426  0.82098144  0.22766124  0.01568766  0.12535513
   0.06746834 -0.33153749  0.01630151 -0.07476806 -0.00363109  0.00198375]], Action: [[ 1.         -0.08417967  1.          1.          0.41790426  1.        ]], Reward: [1.2177474],Reward_sum: 48.742591857910156, Done: [False]
==========
t: 42, State: [[ 0.05228614  1.19970561  0.11325746  0.02650081 -0.08485877  0.82093835
   0.02198865  0.00630271  0.82099414  0.239098    0.00871536  0.13607769
   0.0652731  -0.34501892  0.0120535  -0.07106623 -0.00656882  0.0012274 ]], Action: [[ 1.         -0.09427992  1.          1.          0.42195383  1.        ]], Reward: [1.2290435],Reward_sum: 49.97163391113281, Done: [False]
==========
t: 43, State: [[ 5.42462850e-02  1.19973584e+00  1.14381945e-01  2.70225714e-02
  -8.79693156e-02  8.20995002e-01  2.14253121e-02  6.23672701e-03
   8.21002502e-01  2.51303761e-01 -1.02345857e-03  1.46203494e-01
   6.41346425e-02 -4.28231272e-01  3.01002692e-03 -6.89332374e-02
  -9.64314026e-03  8.07235555e-04]], Action: [[ 1.         -0.10150129  1.          1.          0.42331508  1.        ]], Reward: [1.2408292],Reward_sum: 51.21246337890625, Done: [False]
==========
t: 44, State: [[ 5.63161830e-02  1.19969130e+00  1.15632691e-01  2.74788607e-02
  -9.14810324e-02  8.20998958e-01  2.09298732e-02  6.12524120e-03
   8.21010018e-01  2.66340521e-01 -9.93416394e-03  1.66982314e-01
   5.02599003e-02 -4.49309216e-01 -1.49358757e-03 -5.51789732e-02
  -1.69549225e-02  9.61400004e-04]], Action: [[ 1.         -0.08555201  1.          1.          0.38756263  1.        ]], Reward: [1.2545798],Reward_sum: 52.467044830322266, Done: [False]
==========
t: 45, State: [[ 5.85012779e-02  1.19958082e+00  1.17023855e-01  2.78631451e-02
  -9.53451498e-02  8.20976521e-01  2.05112689e-02  5.97145480e-03
   8.21015272e-01  2.80197134e-01 -1.75196563e-02  1.81596518e-01
   4.54224202e-02 -5.14357532e-01 -3.82050111e-03 -4.92531093e-02
  -2.06852867e-02  3.40324592e-04]], Action: [[ 1.         -0.10065421  1.          1.          0.38927788  1.        ]], Reward: [1.2689751],Reward_sum: 53.736019134521484, Done: [False]
==========
t: 46, State: [[ 6.08077677e-02  1.19941315e+00  1.18570405e-01  2.81727412e-02
  -9.95305770e-02  8.20942426e-01  2.01706389e-02  5.79345572e-03
   8.21017887e-01  2.96489244e-01 -2.42217267e-02  2.05160500e-01
   3.24884368e-02 -5.32693392e-01 -4.53747150e-03 -3.63238386e-02
  -2.28921550e-02  2.81758120e-04]], Action: [[ 1.         -0.08751336  1.          1.          0.3708004   1.        ]], Reward: [1.2841661],Reward_sum: 55.02018356323242, Done: [False]
==========
t: 47, State: [[ 6.32391226e-02  1.19919674e+00  1.20279194e-01  2.84163876e-02
  -1.04033647e-01  8.20904972e-01  1.99010525e-02  5.61158290e-03
   8.21018155e-01  3.11495613e-01 -2.97331620e-02  2.22417253e-01
   2.82429203e-02 -5.91868171e-01 -4.74279307e-03 -3.10152812e-02
  -2.21529648e-02 -1.87215289e-04]], Action: [[ 1.         -0.09996727  1.          1.          0.3754645   1.        ]], Reward: [1.2997684],Reward_sum: 56.31995391845703, Done: [False]
==========
t: 48, State: [[ 6.57998943e-02  1.19893896e+00  1.22160942e-01  2.85925931e-02
  -1.08818150e-01  8.20868574e-01  1.97020668e-02  5.44008318e-03
   8.21017480e-01  3.28648023e-01 -3.45691370e-02  2.47754128e-01
   1.64591748e-02 -6.05918265e-01 -4.31535889e-03 -1.92477313e-02
  -2.02587995e-02  9.89363595e-06]], Action: [[ 1.         -0.08580062  1.          1.          0.3626284   1.        ]], Reward: [1.3159575],Reward_sum: 57.63591003417969, Done: [False]
==========
t: 49, State: [[ 6.84909076e-02  1.19864634e+00  1.24214466e-01  2.87131729e-02
  -1.13892650e-01  8.20835451e-01  1.95638936e-02  5.29183827e-03
   8.21016783e-01  3.44155462e-01 -3.84823718e-02  2.65685688e-01
   1.36063308e-02 -6.62269573e-01 -3.95349587e-03 -1.53127669e-02
  -1.67664058e-02 -1.52335628e-04]], Action: [[ 1.         -0.09735814  1.          1.          0.37013835  1.        ]], Reward: [1.3322302],Reward_sum: 58.9681396484375, Done: [False]
==========
t: 50, State: [[ 7.13147849e-02  1.19832392e+00  1.26445438e-01  2.87755690e-02
  -1.19215387e-01  8.20806637e-01  1.94868532e-02  5.17219718e-03
   8.21017615e-01  3.61671058e-01 -4.20229712e-02  2.91481980e-01
   2.77112439e-03 -6.70874630e-01 -3.25096115e-03 -4.55539471e-03
  -1.30102154e-02  3.46719879e-04]], Action: [[ 1.         -0.08123744  1.          1.          0.35971713  1.        ]], Reward: [1.3488487],Reward_sum: 60.31698989868164, Done: [False]
==========
t: 51, State: [[ 7.42702316e-02  1.19797586e+00  1.28846798e-01  2.87925275e-02
  -1.24798194e-01  8.20782395e-01  1.94603035e-02  5.08692701e-03
   8.21020511e-01  3.77172048e-01 -4.49291824e-02  3.08692454e-01
   1.44737407e-03 -7.24892628e-01 -2.82080068e-03 -2.14508286e-03
  -8.54538024e-03  4.00647161e-04]], Action: [[ 1.         -0.09273139  1.          1.          0.36980018  1.        ]], Reward: [1.3652855],Reward_sum: 61.682273864746094, Done: [False]
==========
t: 52, State: [[ 7.73583186e-02  1.19760491e+00  1.31420326e-01  2.87604559e-02
  -1.30594665e-01  8.20762735e-01  1.94852827e-02  5.03459423e-03
   8.21026562e-01  3.94640003e-01 -4.77488578e-02  3.33898051e-01
  -8.57428367e-03 -7.27284596e-01 -2.11029184e-03  7.69689471e-03
  -4.58780670e-03  1.08529061e-03]], Action: [[ 1.         -0.07457608  1.          1.          0.35984135  1.        ]], Reward: [1.3818759],Reward_sum: 63.06414794921875, Done: [False]
==========
t: 53, State: [[ 8.05762315e-02  1.19721311e+00  1.34155033e-01  2.86926562e-02
  -1.36617232e-01  8.20747323e-01  1.95506417e-02  5.01641121e-03
   8.21035703e-01  4.09778393e-01 -5.01764017e-02  3.49482546e-01
  -8.36683582e-03 -7.78698073e-01 -1.76118589e-03  8.55267945e-03
  -3.49760052e-04  1.21352191e-03]], Action: [[ 1.         -0.08647826  1.          1.          0.37182283  1.        ]], Reward: [1.3980933],Reward_sum: 64.46224212646484, Done: [False]
==========
t: 54, State: [[ 8.39239283e-02  1.19680136e+00  1.37049962e-01  2.85848085e-02
  -1.42816425e-01  8.20735901e-01  1.96579158e-02  5.02630065e-03
   8.21048557e-01  4.26897673e-01 -5.27350687e-02  3.73338179e-01
  -1.76149085e-02 -7.74539437e-01 -1.11697828e-03  1.75005285e-02
   2.72382293e-03  1.95892654e-03]], Action: [[ 1.         -0.06654599  1.          1.          0.3606017   1.        ]], Reward: [1.4143276],Reward_sum: 65.87657165527344, Done: [False]
==========
t: 55, State: [[ 8.73976684e-02  1.19637011e+00  1.40091912e-01  2.84506057e-02
  -1.49204068e-01  8.20727964e-01  1.97956015e-02  5.06326891e-03
   8.21064565e-01  4.41461388e-01 -5.50764497e-02  3.86806509e-01
  -1.59215888e-02 -8.22789039e-01 -8.87664514e-04  1.68211472e-02
   6.07656669e-03  2.04911253e-03]], Action: [[ 1.         -0.07911596  1.          1.          0.37381762  1.        ]], Reward: [1.4300715],Reward_sum: 67.306640625, Done: [False]
==========
t: 56, State: [[ 9.09967474e-02  1.19591903e+00  1.43278296e-01  2.82853285e-02
  -1.55729376e-01  8.20723215e-01  1.99655055e-02  5.11857481e-03
   8.21084033e-01  4.58048459e-01 -5.76873961e-02  4.08846762e-01
  -2.43606164e-02 -8.12133284e-01 -3.26310980e-04  2.48384151e-02
   7.70817120e-03  2.76477132e-03]], Action: [[ 1.         -0.0578678   1.          1.          0.36010748  1.        ]], Reward: [1.4457519],Reward_sum: 68.75239562988281, Done: [False]
==========
t: 57, State: [[ 9.47170973e-02  1.19544757e+00  1.46595374e-01  2.81028278e-02
  -1.62402440e-01  8.20721106e-01  2.01559592e-02  5.19117808e-03
   8.21106076e-01  4.71966693e-01 -6.01951623e-02  4.20098415e-01
  -2.12683037e-02 -8.56464399e-01 -2.20438618e-04  2.26860145e-02
   1.00179359e-02  2.74833309e-03]], Action: [[ 1.         -0.07119271  1.          1.          0.3742995   1.        ]], Reward: [1.4608985],Reward_sum: 70.21329498291016, Done: [False]
==========
t: 58, State: [[ 9.85577600e-02  1.19495465e+00  1.50039876e-01  2.78984045e-02
  -1.69173494e-01  8.20721368e-01  2.03687446e-02  5.27151762e-03
   8.21130828e-01  4.87949472e-01 -6.30421518e-02  4.40125661e-01
  -2.87868400e-02 -8.39833221e-01  2.56754725e-04  2.96760804e-02
   1.01365442e-02  3.37813613e-03]], Action: [[ 1.         -0.04929376  1.          1.          0.35771358  1.        ]], Reward: [1.4759525],Reward_sum: 71.68924713134766, Done: [False]
==========
t: 59, State: [[ 1.02514907e-01  1.19443915e+00  1.53599099e-01  2.76855915e-02
  -1.76049329e-01  8.20723459e-01  2.05924303e-02  5.36011774e-03
   8.21157237e-01  5.01281059e-01 -6.58582463e-02  4.49414530e-01
  -2.44582493e-02 -8.79260659e-01  2.49571461e-04  2.61887671e-02
   1.16283384e-02  3.22719028e-03]], Action: [[ 1.         -0.06323159  1.          1.          0.37299454  1.        ]], Reward: [1.4905002],Reward_sum: 73.17974853515625, Done: [False]
==========
t: 60, State: [[ 1.06587615e-01  1.19389965e+00  1.57269650e-01  2.74602524e-02
  -1.82984564e-01  8.20727150e-01  2.08283957e-02  5.44797705e-03
   8.21185365e-01  5.16673791e-01 -6.90319486e-02  4.67417991e-01
  -3.08671621e-02 -8.57812274e-01  6.43342543e-04  3.19958921e-02
   1.05187581e-02  3.74046065e-03]], Action: [[ 1.         -0.04160026  1.          1.          0.35406375  1.        ]], Reward: [1.5049614],Reward_sum: 74.68470764160156, Done: [False]
==========
t: 61, State: [[ 1.10772780e-01  1.19333474e+00  1.61041220e-01  2.72347464e-02
  -1.89980375e-01  8.20731946e-01  2.10661908e-02  5.53780673e-03
   8.21214149e-01  5.29582641e-01 -7.22258124e-02  4.75282682e-01
  -2.55994687e-02 -8.91035473e-01  5.43479276e-04  2.74448790e-02
   1.15843979e-02  3.46292475e-03]], Action: [[ 1.         -0.05566651  1.          1.          0.37051547  1.        ]], Reward: [1.5190053],Reward_sum: 76.2037124633789, Done: [False]
==========
t: 62, State: [[ 1.15069658e-01  1.19274288e+00  1.64910416e-01  2.70061290e-02
  -1.96999827e-01  8.20737644e-01  2.13063626e-02  5.62196782e-03
   8.21243625e-01  5.44454347e-01 -7.57618444e-02  4.91346199e-01
  -3.06497394e-02 -8.66626427e-01  8.52493340e-04  3.18720050e-02
   9.71073282e-03  3.84503840e-03]], Action: [[ 1.         -0.03549802  1.          1.          0.35059854  1.        ]], Reward: [1.5329856],Reward_sum: 77.7366943359375, Done: [False]
==========
t: 63, State: [[ 1.19476234e-01  1.19212250e+00  1.68870323e-01  2.67844549e-02
  -2.04035824e-01  8.20743841e-01  2.15404257e-02  5.70496328e-03
   8.21272858e-01  5.57174801e-01 -7.93638691e-02  4.98506889e-01
  -2.49017644e-02 -8.92052621e-01  6.89536032e-04  2.66881389e-02
   1.06963559e-02  3.47709139e-03]], Action: [[ 1.         -0.04882142  1.          1.          0.36785012  1.        ]], Reward: [1.5466843],Reward_sum: 79.28338623046875, Done: [False]
==========
t: 64, State: [[ 1.23991994e-01  1.19147204e+00  1.72917487e-01  2.65685356e-02
  -2.11063264e-01  8.20750339e-01  2.17677211e-02  5.78098285e-03
   8.21301861e-01  5.71630303e-01 -8.32745567e-02  5.12773167e-01
  -2.83393805e-02 -8.66974569e-01  9.10260393e-04  2.95430633e-02
   8.57086027e-03  3.72226037e-03]], Action: [[ 1.         -0.03148246  1.          1.          0.34897852  1.        ]], Reward: [1.5603472],Reward_sum: 80.84373474121094, Done: [False]
==========
t: 65, State: [[ 1.28616211e-01  1.19078987e+00  1.77048852e-01  2.63651201e-02
  -2.18065155e-01  8.20756868e-01  2.19825900e-02  5.85528051e-03
   8.21329934e-01  5.84424502e-01 -8.72998602e-02  5.19995113e-01
  -2.26714856e-02 -8.83037818e-01  7.19640940e-04  2.42620294e-02
   9.66106132e-03  3.31605599e-03]], Action: [[ 1.         -0.04296616  1.          1.          0.366081    1.        ]], Reward: [1.5738913],Reward_sum: 82.4176254272461, Done: [False]
==========
t: 66, State: [[ 1.33348677e-01  1.19007440e+00  1.81261089e-01  2.61749639e-02
  -2.25028934e-01  8.20763221e-01  2.21830879e-02  5.92427867e-03
   8.21357045e-01  5.98607419e-01 -9.15972551e-02  5.32717256e-01
  -2.43432558e-02 -8.59339426e-01  8.49915375e-04  2.54453022e-02
   7.78229627e-03  3.42532213e-03]], Action: [[ 1.         -0.02967891  1.          1.          0.35067487  1.        ]], Reward: [1.5874345],Reward_sum: 84.00505828857422, Done: [False]
==========
t: 67, State: [[ 1.38189941e-01  1.18932389e+00  1.85554747e-01  2.60011845e-02
  -2.31928914e-01  8.20769276e-01  2.23666609e-02  5.99287193e-03
   8.21382777e-01  6.11719043e-01 -9.60601894e-02  5.40654860e-01
  -1.92623649e-02 -8.65137030e-01  6.65175257e-04  2.05659459e-02
   9.01409451e-03  3.03268519e-03]], Action: [[ 1.         -0.03840739  1.          1.          0.36645457  1.        ]], Reward: [1.6010222],Reward_sum: 85.6060791015625, Done: [False]
==========
t: 68, State: [[ 1.43140284e-01  1.18853670e+00  1.89927339e-01  2.58459715e-02
  -2.38761658e-01  8.20774823e-01  2.25305466e-02  6.06003441e-03
   8.21407047e-01  6.25827051e-01 -1.00769756e-01  5.52291289e-01
  -1.92491804e-02 -8.43748867e-01  7.10699293e-04  2.01838371e-02
   7.82781312e-03  3.01804966e-03]], Action: [[ 1.         -0.02977821  1.          1.          0.3567805   1.        ]], Reward: [1.6146646],Reward_sum: 87.22074127197266, Done: [False]
==========
t: 69, State: [[ 1.48201291e-01  1.18771099e+00  1.94382069e-01  2.57094511e-02
  -2.45497328e-01  8.20779865e-01  2.26747675e-02  6.12974911e-03
   8.21428097e-01  6.39441126e-01 -1.05688213e-01  5.61362801e-01
  -1.50386703e-02 -8.39641223e-01  5.53855894e-04  1.60133936e-02
   9.21800590e-03  2.32417712e-03]], Action: [[ 1.         -0.03548822  1.          1.          0.37061164  0.9992666 ]], Reward: [1.6284888],Reward_sum: 88.84922790527344, Done: [False]
==========
t: 70, State: [[ 1.53373387e-01  1.18684550e+00  1.98917256e-01  2.55935836e-02
  -2.52134335e-01  8.20784181e-01  2.27974864e-02  6.20472812e-03
   8.21401701e-01  6.53587487e-01 -1.10733189e-01  5.72340040e-01
  -1.38409727e-02 -8.19737867e-01  5.26656580e-04  1.46076953e-02
   9.30975088e-03 -7.50862426e-03]], Action: [[ 1.         -0.03097564  1.          1.          0.36823896  0.9791851 ]], Reward: [1.6424166],Reward_sum: 90.49164581298828, Done: [False]
==========
t: 71, State: [[ 1.58661480e-01  1.18593823e+00  2.03548610e-01  2.54876807e-02
  -2.58586771e-01  8.20788359e-01  2.29078457e-02  6.29541982e-03
   8.21301910e-01  6.68402053e-01 -1.16125097e-01  5.85265767e-01
  -1.26005687e-02 -7.93651986e-01  5.19065276e-04  1.30274425e-02
   1.26821347e-02 -1.59494955e-02]], Action: [[ 1.         -0.02971491  1.          1.          0.3843648   0.9690838 ]], Reward: [1.6569239],Reward_sum: 92.14857482910156, Done: [False]
==========
t: 72, State: [[ 1.64069152e-01  1.18498642e+00  2.08284271e-01  2.53981574e-02
  -2.64844305e-01  8.20792203e-01  2.29997472e-02  6.42254485e-03
   8.21151167e-01  6.83475124e-01 -1.21858470e-01  5.98387468e-01
  -9.93733194e-03 -7.70678206e-01  4.48569485e-04  1.01761745e-02
   1.80298586e-02 -2.05661355e-02]], Action: [[ 1.         -0.03169021  1.          1.          0.40617973  0.9638815 ]], Reward: [1.6718639],Reward_sum: 93.82044219970703, Done: [False]
==========
t: 73, State: [[ 1.69598182e-01  1.18398763e+00  2.13124882e-01  2.53307376e-02
  -2.70919324e-01  8.20795413e-01  2.30685535e-02  6.59030759e-03
   8.20971865e-01  6.98746953e-01 -1.27871847e-01  6.11516236e-01
  -7.13970162e-03 -7.47874045e-01  3.63212496e-04  7.30389739e-03
   2.27802682e-02 -2.32455033e-02]], Action: [[ 1.         -0.03297433  1.          1.          0.4238298   0.9578496 ]], Reward: [1.6870306],Reward_sum: 95.5074691772461, Done: [False]
==========
t: 74, State: [[ 1.75250505e-01  1.18293957e+00  2.18071636e-01  2.52847525e-02
  -2.76806795e-01  8.20797958e-01  2.31154435e-02  6.79346732e-03
   8.20777247e-01  7.14300195e-01 -1.34173283e-01  6.24925380e-01
  -4.60287794e-03 -7.23744882e-01  2.83488515e-04  4.71894679e-03
   2.68515094e-02 -2.45252261e-02]], Action: [[ 1.         -0.0340158   1.          1.          0.44186288  0.9522766 ]], Reward: [1.7024372],Reward_sum: 97.20990753173828, Done: [False]
==========
t: 75, State: [[ 1.81028730e-01  1.18183982e+00  2.23127880e-01  2.52581741e-02
  -2.82494979e-01  8.20799893e-01  2.31424566e-02  7.02890006e-03
   8.20578291e-01  7.30217619e-01 -1.40791435e-01  6.38869762e-01
  -2.31234883e-03 -6.98042798e-01  2.11772289e-04  2.36612959e-03
   3.07669117e-02 -2.44826309e-02]], Action: [[ 1.         -0.03519234  1.          1.          0.46250188  0.94788706]], Reward: [1.7181644],Reward_sum: 98.92807006835938, Done: [False]
==========
t: 76, State: [[ 1.86936108e-01  1.18068573e+00  2.28298986e-01  2.52490191e-02
  -2.87969782e-01  8.20801293e-01  2.31513791e-02  7.29727280e-03
   8.20385122e-01  7.46576542e-01 -1.47756063e-01  6.53597616e-01
  -2.70638704e-04 -6.70435312e-01  1.50224198e-04  2.34087442e-04
   3.49521830e-02 -2.32445979e-02]], Action: [[ 1.         -0.0364424   1.          1.          0.48635426  0.9447756 ]], Reward: [1.7342918],Reward_sum: 100.66236114501953, Done: [False]
==========
t: 77, State: [[ 1.92976525e-01  1.17947438e+00  2.33592410e-01  2.52552263e-02
  -2.93213850e-01  8.20802251e-01  2.31440053e-02  7.60262959e-03
   8.20206874e-01  7.63456962e-01 -1.55100642e-01  6.69376706e-01
   1.50574911e-03 -6.40451711e-01  1.01318601e-04 -1.66456546e-03
   3.98180877e-02 -2.09292184e-02]], Action: [[ 1.         -0.03768834  1.          1.          0.5143186   0.94307697]], Reward: [1.7508968],Reward_sum: 102.41326141357422, Done: [False]
==========
t: 78, State: [[ 1.99154514e-01  1.17820257e+00  2.39017806e-01  2.52746892e-02
  -2.98206051e-01  8.20802874e-01  2.31221656e-02  7.95250012e-03
   8.20051820e-01  7.80939317e-01 -1.62863539e-01  6.86482386e-01
   3.01910033e-03 -6.07620914e-01  6.62739609e-05 -3.33023722e-03
   4.58102077e-02 -1.76323220e-02]], Action: [[ 1.         -0.03890139  1.          1.          0.5476664   0.942943  ]], Reward: [1.7680582],Reward_sum: 104.18132019042969, Done: [False]
==========
t: 79, State: [[ 2.05475239e-01  1.17686677e+00  2.44586995e-01  2.53054209e-02
  -3.02921745e-01  8.20803272e-01  2.30876047e-02  8.35810641e-03
   8.19927196e-01  7.99099165e-01 -1.71086405e-01  7.05178079e-01
   4.29352410e-03 -5.71538302e-01  4.46435076e-05 -4.78062931e-03
   5.33919652e-02 -1.35067988e-02]], Action: [[ 1.         -0.04007965  1.          1.          0.5878774   0.9443636 ]], Reward: [1.7858515],Reward_sum: 105.9671630859375, Done: [False]
==========
t: 80, State: [[ 2.11944406e-01  1.17546313e+00  2.50313726e-01  2.53457618e-02
  -3.07333829e-01  8.20803542e-01  2.30418156e-02  8.83436182e-03
   8.19838159e-01  8.17997688e-01 -1.79810894e-01  7.25680557e-01
   5.38245827e-03 -5.31986216e-01  3.36032342e-05 -6.05759931e-03
   6.30119207e-02 -8.88823139e-03]], Action: [[ 1.         -0.04126713  1.          1.          0.6365572   0.94696784]], Reward: [1.8043423],Reward_sum: 107.7715072631836, Done: [False]
==========
t: 81, State: [[ 2.18568064e-01  1.17398749e+00  2.56212955e-01  2.53946930e-02
  -3.11415347e-01  8.20803737e-01  2.29857937e-02  9.39935464e-03
   8.19785550e-01  8.37660816e-01 -1.89071729e-01  7.48081777e-01
   6.38700452e-03 -4.89197099e-01  2.64324894e-05 -7.24117532e-03
   7.50154480e-02 -4.46196804e-03]], Action: [[ 1.         -0.04259786  1.          1.          0.6951609   0.9497528 ]], Reward: [1.8235701],Reward_sum: 109.59507751464844, Done: [False]
==========
t: 82, State: [[ 2.25352138e-01  1.17243549e+00  2.62299182e-01  2.54522857e-02
  -3.15144939e-01  8.20803835e-01  2.29197166e-02  1.00725069e-02
   8.19762189e-01  8.58038919e-01 -1.98882701e-01  7.72196322e-01
   7.47280214e-03 -4.44289937e-01  1.06949209e-05 -8.45772791e-03
   8.94221200e-02 -1.45421352e-03]], Action: [[ 1.         -0.04433933  1.          1.          0.76423836  0.9507592 ]], Reward: [1.8435193],Reward_sum: 111.4385986328125, Done: [False]
==========
t: 83, State: [[ 2.32301577e-01  1.17080287e+00  2.68583273e-01  2.55201098e-02
  -3.18515854e-01  8.20803683e-01  2.28427379e-02  1.08701018e-02
   8.19748038e-01  8.78951063e-01 -2.09214596e-01  7.97347822e-01
   8.84909093e-03 -3.99717703e-01 -3.15457840e-05 -9.85102388e-03
   1.05521658e-01 -1.73432343e-03]], Action: [[ 1.         -0.04686758  1.          1.          0.84206355  0.9469056 ]], Reward: [1.8640718],Reward_sum: 113.30267333984375, Done: [False]
==========
t: 84, State: [[ 2.39419174e-01  1.16908587e+00  2.75068034e-01  2.56010181e-02
  -3.21545942e-01  8.20802993e-01  2.27533760e-02  1.17974881e-02
   8.19706205e-01  9.00059448e-01 -2.19976620e-01  8.22263537e-01
   1.06453060e-02 -3.59095640e-01 -1.16320030e-04 -1.14706051e-02
   1.21462073e-01 -7.55198099e-03]], Action: [[ 1.         -0.05043966  1.          1.          0.9232954   0.934481  ]], Reward: [1.8849714],Reward_sum: 115.1876449584961, Done: [False]
==========
t: 85, State: [[ 2.46704736e-01  1.16728165e+00  2.81744927e-01  2.56974884e-02
  -3.24280049e-01  8.20801435e-01  2.26510083e-02  1.28406899e-02
   8.19584042e-01  9.20968549e-01 -2.31034114e-01  8.45432590e-01
   1.26816772e-02 -3.25552109e-01 -2.40370870e-04 -1.31002070e-02
   1.34445348e-01 -2.06232187e-02]], Action: [[ 1.         -0.05474809  1.          1.          0.99984145  0.9107412 ]], Reward: [1.9058632],Reward_sum: 117.093505859375, Done: [False]
==========
t: 86, State: [[ 2.54147011e-01  1.16539117e+00  2.88564290e-01  2.58035297e-02
  -3.26823287e-01  8.20798855e-01  2.25474123e-02  1.38928070e-02
   8.19326412e-01  9.39501066e-01 -2.41631023e-01  8.58758916e-01
   1.33263161e-02 -3.10435033e-01 -3.66508877e-04 -1.23909713e-02
   1.26263548e-01 -4.02579618e-02]], Action: [[ 1.         -0.05889761  1.          1.          1.          0.87588394]], Reward: [1.9255136],Reward_sum: 119.0190200805664, Done: [False]
==========
t: 87, State: [[ 2.61736747e-01  1.16341588e+00  2.95483044e-01  2.58985471e-02
  -3.29210640e-01  8.20796222e-01  2.24629800e-02  1.48417642e-02
   8.18887231e-01  9.57927002e-01 -2.52295018e-01  8.70616817e-01
   1.03923040e-02 -2.86952784e-01 -2.72658758e-04 -8.77367181e-03
   1.10002788e-01 -6.48472298e-02]], Action: [[ 1.         -0.05556428  1.          1.          1.          0.83317614]], Reward: [1.9440198],Reward_sum: 120.96304321289062, Done: [False]
==========
t: 88, State: [[ 2.69471287e-01  1.16135466e+00  3.02481873e-01  2.59756561e-02
  -3.31457724e-01  8.20794091e-01  2.24013456e-02  1.56452965e-02
   8.18245840e-01  9.75827811e-01 -2.63158624e-01  8.79215056e-01
   8.84305472e-03 -2.74586380e-01 -2.35850166e-04 -6.75309102e-03
   9.06698429e-02 -9.01258382e-02]], Action: [[ 1.         -0.05839393  1.          1.          1.          0.78892297]], Reward: [1.9621917],Reward_sum: 122.92523193359375, Done: [False]
==========
t: 89, State: [[ 2.77350903e-01  1.15920464e+00  3.09551069e-01  2.60395342e-02
  -3.33599687e-01  8.20792489e-01  2.23542372e-02  1.62957903e-02
   8.17413444e-01  9.94241477e-01 -2.74523449e-01  8.88391470e-01
   7.17370138e-03 -2.60526482e-01 -1.46698242e-04 -5.18754739e-03
   7.21017862e-02 -1.12397616e-01]], Action: [[ 1.         -0.05825433  1.          1.          1.          0.7462464 ]], Reward: [1.9803916],Reward_sum: 124.90562438964844, Done: [False]
==========
t: 90, State: [[ 2.85379062e-01  1.15696147e+00  3.16692753e-01  2.60962954e-02
  -3.35652679e-01  8.20791359e-01  2.23126875e-02  1.68040509e-02
   8.16421270e-01  1.01301837e+00 -2.86464062e-01  8.97541118e-01
   6.97669133e-03 -2.51797991e-01 -1.13905126e-04 -5.28061347e-03
   5.52883612e-02 -1.30159603e-01]], Action: [[ 1.         -0.06083712  1.          1.          1.          0.7053975 ]], Reward: [1.9990187],Reward_sum: 126.9046401977539, Done: [False]
==========
t: 91, State: [[ 2.93560949e-01  1.15461995e+00  3.23915431e-01  2.61518976e-02
  -3.37624303e-01  8.20790580e-01  2.22687460e-02  1.71885640e-02
   8.15304005e-01  1.03268257e+00 -2.99122737e-01  9.08693541e-01
   6.89145081e-03 -2.40101455e-01 -6.18554554e-05 -5.75197466e-03
   4.11989992e-02 -1.43804969e-01]], Action: [[ 1.         -0.06151354  1.          1.          1.          0.66492933]], Reward: [2.0182898],Reward_sum: 128.9229278564453, Done: [False]
==========
t: 92, State: [[ 3.01902925e-01  1.15217428e+00  3.31232552e-01  2.62102969e-02
  -3.39507559e-01  8.20790051e-01  2.22176011e-02  1.74703125e-02
   8.14091238e-01  1.05305816e+00 -3.12513670e-01  9.21222426e-01
   7.60453495e-03 -2.29436744e-01 -4.78266589e-05 -7.00886761e-03
   2.95840817e-02 -1.54157660e-01]], Action: [[ 1.         -0.06369963  1.          1.          1.          0.62442064]], Reward: [2.0383532],Reward_sum: 130.96128845214844, Done: [False]
==========
t: 93, State: [[ 3.10411533e-01  1.14961836e+00  3.38658564e-01  2.62744284e-02
  -3.41293775e-01  8.20789650e-01  2.21562448e-02  1.76692453e-02
   8.12802549e-01  1.07433738e+00 -3.26695829e-01  9.35915952e-01
   8.31303060e-03 -2.15826853e-01 -2.97418268e-05 -8.27598049e-03
   2.04372480e-02 -1.62764321e-01]], Action: [[ 1.         -0.06494808  1.          1.          1.          0.5820807 ]], Reward: [2.059233],Reward_sum: 133.02052307128906, Done: [False]
==========
t: 94, State: [[ 3.19093348e-01  1.14694583e+00  3.46208464e-01  2.63457486e-02
  -3.42970162e-01  8.20789284e-01  2.20837207e-02  1.78031092e-02
   8.11448756e-01  1.09636359e+00 -3.41674629e-01  9.52211376e-01
   9.35439454e-03 -2.01863829e-01 -3.55678267e-05 -9.75998510e-03
   1.32581928e-02 -1.70354863e-01]], Action: [[ 1.         -0.06708339  1.          1.          1.          0.53827417]], Reward: [2.0809326],Reward_sum: 135.10145568847656, Done: [False]
==========
t: 95, State: [[ 3.27954803e-01  1.14415015e+00  3.53896970e-01  2.64243443e-02
  -3.44522251e-01  8.20788913e-01  2.20005742e-02  1.78869473e-02
   8.10033311e-01  1.11923837e+00 -3.57495329e-01  9.70540641e-01
   1.01360264e-02 -1.84823768e-01 -3.06516006e-05 -1.09285110e-02
   7.86024019e-03 -1.77971180e-01]], Action: [[ 1.         -0.06843704  1.          1.          1.          0.49170792]], Reward: [2.1034355],Reward_sum: 137.20489501953125, Done: [False]
==========
t: 96, State: [[ 3.37002428e-01  1.14122445e+00  3.61739519e-01  2.65082735e-02
  -3.45927510e-01  8.20788610e-01  2.19093549e-02  1.79334817e-02
   8.08556452e-01  1.14289638e+00 -3.74189988e-01  9.90693093e-01
   1.06926838e-02 -1.65235305e-01 -1.81908251e-05 -1.17823882e-02
   3.87007458e-03 -1.85516507e-01]], Action: [[ 1.         -0.06981182  1.          1.          1.          0.443583  ]], Reward: [2.1267514],Reward_sum: 139.33164978027344, Done: [False]
==========
t: 97, State: [[ 3.46243014e-01  1.13816145e+00  3.69752932e-01  2.65932446e-02
  -3.47151598e-01  8.20788597e-01  2.18147234e-02  1.79535760e-02
   8.07019316e-01  1.16745322e+00 -3.91830581e-01  1.01317628e+00
   1.04604596e-02 -1.39821589e-01  3.82738435e-05 -1.18271125e-02
   1.18384304e-03 -1.92864888e-01]], Action: [[ 1.         -0.06987539  1.          1.          1.          0.39404756]], Reward: [2.150913],Reward_sum: 141.48255920410156, Done: [False]
==========
t: 98, State: [[ 3.55684020e-01  1.13495318e+00  3.77957206e-01  2.66716943e-02
  -3.48138185e-01  8.20789320e-01  2.17243270e-02  1.79570419e-02
   8.05429997e-01  1.19296264e+00 -4.10505954e-01  1.03828584e+00
   9.16620203e-03 -1.06305128e-01  1.58062937e-04 -1.07996452e-02
  -3.48314132e-04 -1.98593716e-01]], Action: [[ 1.         -0.06860957  1.          1.          1.          0.34597468]], Reward: [2.1760013],Reward_sum: 143.65855407714844, Done: [False]
==========
t: 99, State: [[ 3.65333891e-01  1.13159080e+00  3.86377025e-01  2.67321217e-02
  -3.48799976e-01  8.20791493e-01  2.16494080e-02  1.79533392e-02
   8.03810378e-01  1.21960425e+00 -4.30353623e-01  1.06685482e+00
   6.14131245e-03 -5.93825829e-02  3.86081946e-04 -8.09074409e-03
  -6.73906440e-04 -2.00784349e-01]], Action: [[ 1.         -0.06469914  1.          1.          1.          0.30231333]], Reward: [2.2021382],Reward_sum: 145.86068725585938, Done: [False]
==========
t: 100, State: [[ 3.75202688e-01  1.12806409e+00  3.95044709e-01  2.67573550e-02
  -3.49000979e-01  8.20796219e-01  2.16064625e-02  1.79526370e-02
   8.02204417e-01  1.24759409e+00 -4.51565074e-01  1.09993205e+00
   6.53206179e-04  7.73897091e-03  7.71804794e-04 -3.00809849e-03
   3.32738033e-04 -1.96089589e-01]], Action: [[ 1.         -0.05708399  1.          1.          1.          0.26893455]], Reward: [2.2295241],Reward_sum: 148.0902099609375, Done: [False]
==========
t: 101, State: [[ 0.38530292  1.12436092  0.40400423  0.02672201 -0.34853168  0.82080515
   0.02161964  0.01796712  0.80068834  1.27730853 -0.4744218   1.13931296
  -0.00855658  0.10640214  0.00139679  0.00562717  0.00303833 -0.18003447]], Action: [[ 1.         -0.043506    1.          1.          1.          0.25339216]], Reward: [2.2584634],Reward_sum: 150.3486785888672, Done: [False]
==========
t: 102, State: [[ 0.39565161  1.12046622  0.41332054  0.02658554 -0.34705311  0.82082089
   0.02172711  0.01801391  0.7993802   1.3094549  -0.49936263  1.18831271
  -0.02389119  0.25712831  0.00240986  0.02005675  0.00828221 -0.14691771]], Action: [[ 1.         -0.01966491  1.          1.          1.          0.2656185 ]], Reward: [2.2895148],Reward_sum: 152.63819885253906, Done: [False]
==========
t: 103, State: [[ 0.40628276  1.11635833  0.42309444  0.02616002 -0.34375443  0.82084821
   0.02198347  0.01811804  0.79843965  1.34738715 -0.52759273  1.25317188
  -0.07617288  0.55190902  0.0041767   0.04291558  0.01740398 -0.09202155]], Action: [[0.9183196  0.0284237  1.         1.         1.         0.31353468]], Reward: [2.3249512],Reward_sum: 154.96315002441406, Done: [False]
==========
t: 104, State: [[ 0.41728404  1.11199682  0.43360785  0.02496007 -0.3365135   0.82090072
   0.02256682  0.01835589  0.79804573  1.40049921 -0.56246652  1.37036724
  -0.20764066  1.21904314  0.00835042  0.10047018  0.04119453 -0.01457543]], Action: [[0.7421545  0.15760717 1.         1.         1.         0.39689898]], Reward: [2.3714266],Reward_sum: 157.33457946777344, Done: [False]
==========
t: 105, State: [[ 4.28650004e-01  1.10738965e+00  4.44969810e-01  2.28197438e-02
  -3.23568184e-01  8.20996578e-01  2.39035397e-02  1.81534518e-02
   7.97994786e-01  1.43924134e+00 -5.89667036e-01  1.46503476e+00
  -3.12254950e-01  1.97685982e+00  1.46433307e-02  2.20148796e-01
  -7.32342980e-02  1.64095043e-04]], Action: [[0.89984035 0.33315948 1.         0.9301069  0.31232896 0.325063  ]], Reward: [2.4177568],Reward_sum: 159.75233459472656, Done: [False]
==========
t: 106, State: [[ 0.43992242  1.10271379  0.45526229  0.02066103 -0.31089559  0.82109225
   0.02466985  0.01668977  0.79773975  1.38504015 -0.58183499  1.1371954
  -0.22327831  1.23947351  0.00972115 -0.01226995 -0.26893721 -0.05751893]], Action: [[ 1.          0.03428701  1.          0.22646864 -0.24807838  0.18027996]], Reward: [2.4069052],Reward_sum: 162.15924072265625, Done: [False]
==========
t: 107, State: [[ 0.451254    1.09787272  0.46531916  0.01911249 -0.2984552   0.8211767
   0.02508327  0.01516492  0.79747194  1.44475854 -0.62748822  1.36022181
  -0.16983101  1.84816141  0.01098263  0.10418683 -0.1236314  -0.01339056]], Action: [[1.         0.24445178 1.         1.         0.64433193 0.34766948]], Reward: [2.4128523],Reward_sum: 164.5720977783203, Done: [False]
==========
t: 108, State: [[ 0.46281355  1.09279671  0.47579078  0.01753018 -0.28277323  0.82127387
   0.02558255  0.01381261  0.79713436  1.44688939 -0.64292996  1.27032995
  -0.21337961  2.0731546   0.01285442  0.02721762 -0.20121981 -0.06395766]], Action: [[ 1.          0.29795316  1.          0.31230828 -0.1716027   0.1653602 ]], Reward: [2.4427001],Reward_sum: 167.01480102539062, Done: [False]
==========
t: 109, State: [[ 0.47446833  1.08754652  0.48599742  0.01580824 -0.26470706  0.8213788
   0.0257028   0.01226527  0.79649332  1.4670515  -0.67028675  1.28485469
  -0.21159524  2.43933062  0.01304381  0.00531161 -0.18321704 -0.09082268]], Action: [[ 1.          0.3250584   1.          0.37335894 -0.03228077  0.14980511]], Reward: [2.4545786],Reward_sum: 169.46937561035156, Done: [False]
==========
t: 110, State: [[ 0.48629697  1.08206575  0.49637126  0.01408528 -0.24343654  0.82148347
   0.02560941  0.01102497  0.79549605  1.48998526 -0.70045872  1.31133597
  -0.21333058  2.87244719  0.0128089  -0.02402826 -0.12996385 -0.14770885]], Action: [[1.         0.36932284 1.         0.24106587 0.02643269 0.03466712]], Reward: [2.476384],Reward_sum: 171.9457550048828, Done: [False]
==========
t: 111, State: [[ 0.49833097  1.07638555  0.50704071  0.01228667 -0.2180948   0.82157785
   0.02535125  0.01036644  0.79159716  1.51737425 -0.7194567   1.3546928
  -0.22957142  3.44777919  0.01066792 -0.03568414 -0.04298838 -0.81141524]], Action: [[ 1.          0.44100016  1.          0.11719053  0.12315632 -0.11518915]], Reward: [2.502013],Reward_sum: 174.44775390625, Done: [False]
==========
t: 112, State: [[ 5.10951868e-01  1.07053413e+00  5.17835016e-01  4.47617944e-03
  -1.75678636e-01  8.21618091e-01  2.44921513e-02  1.04793974e-02
   7.76707238e-01  1.63549830e+00 -7.45889166e-01  1.35009820e+00
  -1.71139945e+00  7.14922065e+00 -1.94277192e-03 -1.58791088e-01
   5.82138754e-02 -2.85932132e+00]], Action: [[ 1.          0.918399    1.         -0.33684596  0.15723343 -0.2863853 ]], Reward: [2.574549],Reward_sum: 177.02230834960938, Done: [False]
==========
t: 113, State: [[ 5.24259746e-01  1.06416616e+00  5.28700043e-01 -1.23777937e-02
  -1.09774478e-01  8.21595925e-01  2.30272728e-02  1.04357581e-02
   7.61101667e-01  1.69203158e+00 -8.49802207e-01  1.38474178e+00
  -2.47620029e+00  9.31368315e+00 -5.50820692e-03 -1.98773591e-01
  -5.58840890e-02 -1.05865773e+00]], Action: [[ 1.          0.7165559   1.         -0.35137078 -0.2268981   0.10247116]], Reward: [2.660786],Reward_sum: 179.68309020996094, Done: [False]
==========
t: 114, State: [[ 5.37219357e-01  1.05792420e+00  5.38945408e-01 -2.43022200e-02
  -5.16193114e-02  8.21571155e-01  2.14703916e-02  1.03887707e-02
   7.37489085e-01  1.54994201e+00 -7.04820827e-01  1.17030458e+00
  -5.06643436e-01  5.21500075e+00  2.79164648e-03 -1.86067484e-01
   3.36242044e-02 -4.83845564e+00]], Action: [[ 1.         -0.07235733  1.         -0.5898148  -0.00250283 -0.45813906]], Reward: [2.6173885],Reward_sum: 182.30047607421875, Done: [False]
==========
t: 115, State: [[ 5.50014869e-01  1.05260128e+00  5.47394843e-01 -3.52750506e-02
   5.48707266e-03  8.21425297e-01  1.91840396e-02  1.14387657e-02
   6.73503814e-01  1.63219921e+00 -6.14837421e-01  9.36918117e-01
  -1.99916205e+00  8.55029546e+00 -3.38133046e-02 -3.46186996e-01
   2.04400487e-01 -1.00000000e+01]], Action: [[ 1.          1.          1.         -1.          0.28406674 -0.7842418 ]], Reward: [2.5947433],Reward_sum: 184.8952178955078, Done: [False]
==========
t: 116, State: [[ 5.62441673e-01  1.04911022e+00  5.53372372e-01 -4.10484355e-02
   5.15668011e-02  8.21272653e-01  1.66508576e-02  1.43113815e-02
   5.48108796e-01  1.48839533e+00 -2.60193880e-01  5.35805927e-01
   2.90987703e-01  3.48809716e+00 -7.87431289e-03 -2.89588343e-01
   4.74242344e-01 -1.00000000e+01]], Action: [[ 1.  1.  1. -1.  1. -1.]], Reward: [2.5473504],Reward_sum: 187.44256591796875, Done: [False]
==========
t: 117, State: [[  0.5741944    1.0474688    0.55836976  -0.03138906   0.06772165
    0.82134283   0.01434679   0.0178975    0.41713049   1.46453448
   -0.17382241   0.78927373   2.06001826   0.84811817   0.02127192
   -0.29147737   0.40688621 -10.        ]], Action: [[ 1.          1.          1.         -0.89236647  1.         -0.5812171 ]], Reward: [2.463957],Reward_sum: 189.90652465820312, Done: [False]
==========
t: 118, State: [[ 0.58584606  1.04540104  0.56601338 -0.01022842  0.06882864  0.82165948
   0.0122893   0.02024616  0.36166129  1.44837107 -0.34603182  1.10404658
   3.13697214 -0.40867277  0.05150653 -0.2245188   0.20479939 -3.04080489]], Action: [[ 1.          1.          1.         -0.66813314  1.          0.55366504]], Reward: [2.4517047],Reward_sum: 192.3582305908203, Done: [False]
==========
t: 119, State: [[ 0.59752743  1.04278727  0.56988369  0.00774022  0.05932185  0.82092361
   0.00407211  0.02069344  0.35129991  1.49798667 -0.30534047 -0.25940953
   0.91589924 -1.84350966 -0.24945912 -2.00266994 -0.0506574   0.03923642]], Action: [[ 0.81264293  1.          1.         -1.         -0.09449995 -0.13120906]], Reward: [2.4564846],Reward_sum: 194.81472778320312, Done: [False]
==========
t: 120, State: [[ 0.61067961  1.04029966  0.57246784  0.01469481  0.04658039  0.81813487
  -0.00754757  0.02005071  0.35200512  1.76400972 -0.30997951  0.79840478
   0.82776771 -1.33567763 -0.38560121 -1.00041134 -0.1012473   0.04262052]], Action: [[ 1.          1.          0.80510867  1.          0.85578084 -1.        ]], Reward: [2.6386418],Reward_sum: 197.453369140625, Done: [False]
==========
t: 121, State: [[ 0.62531288  1.03803861  0.57970939  0.01983231  0.0368114   0.81572487
  -0.01537322  0.01986763  0.35061434  1.88361126 -0.25361455  0.99167196
   0.49103213 -1.09271761 -0.21508271 -0.9530995   0.0378497  -0.43435158]], Action: [[ 1.          0.507056    1.          0.15994146  1.         -1.        ]], Reward: [2.8248756],Reward_sum: 200.2782440185547, Done: [False]
==========
t: 122, State: [[ 0.64065055  1.03629666  0.58774266  0.02282902  0.0287871   0.8146362
  -0.02316645  0.02050783  0.34454659  1.94581438 -0.18109068  1.01032342
   0.27955501 -0.90476159 -0.06493864 -0.98674366  0.11069571 -1.10170012]], Action: [[ 1.          0.22488643  1.          0.05999786  1.         -1.        ]], Reward: [2.9131544],Reward_sum: 203.19139099121094, Done: [False]
==========
t: 123, State: [[ 0.65632727  1.03517633  0.59548815  0.02451482  0.02237134  0.81460565
  -0.03138333  0.02153367  0.33286052  1.9729742  -0.09875218  0.93020093
   0.1535304  -0.70378276  0.04416363 -1.05491381  0.13897057 -1.82793787]], Action: [[ 1.          0.20189959  1.          0.01030246  1.         -1.        ]], Reward: [2.9555495],Reward_sum: 206.14694213867188, Done: [False]
==========
t: 124, State: [[ 0.67220598  1.03473022  0.6025341   0.0253025   0.01740832  0.81517828
  -0.04008672  0.02270934  0.31523896  1.9972412  -0.01287502  0.83830609
   0.05395126 -0.54218701  0.09099948 -1.10751426  0.14991279 -2.57646788]], Action: [[ 1.          0.2137672   1.         -0.07861001  1.         -1.        ]], Reward: [2.980787],Reward_sum: 209.1277313232422, Done: [False]
==========
t: 125, State: [[ 0.68824452  1.03500067  0.60854479  0.02519819  0.01357728  0.81598722
  -0.04950746  0.02401546  0.29169051  2.01323669  0.08012029  0.67609361
  -0.06423582 -0.4196151   0.10661861 -1.22808346  0.16991124 -3.30480345]], Action: [[ 1.          0.26358572  1.         -0.30291626  1.         -1.        ]], Reward: [3.0006557],Reward_sum: 212.12838745117188, Done: [False]
==========
t: 126, State: [[ 0.70442385  1.0360114   0.61345008  0.02445315  0.01057658  0.81683332
  -0.05954619  0.02535879  0.26246573  2.0322412   0.17227764  0.5569471
  -0.11326425 -0.33244789  0.10272056 -1.2701263   0.16271157 -3.99445507]], Action: [[ 1.          0.21845302  1.         -0.311618    1.         -1.        ]], Reward: [3.0182717],Reward_sum: 215.1466522216797, Done: [False]
==========
t: 127, State: [[ 0.72064685  1.03785074  0.61663076  0.02336137  0.00647123  0.81762625
  -0.0706788   0.02667192  0.22785145  2.02398141  0.28736189  0.24405317
  -0.15114541 -0.69734758  0.0940849  -1.50190133  0.16167686 -4.6522283 ]], Action: [[ 1.          0.12759927  1.         -0.45187712  1.         -1.        ]], Reward: [3.0236547],Reward_sum: 218.17030334472656, Done: [False]
==========
t: 128, State: [[ 7.36605847e-01  1.04078803e+00  6.16110870e-01  2.25608530e-02
  -5.18903630e-03  8.18325181e-01 -8.46602643e-02  2.77895993e-02
   1.88016639e-01  1.96570334e+00  4.46447806e-01 -3.79022286e-01
  -5.88505066e-02 -2.20976064e+00  7.98192562e-02 -1.99898603e+00
   1.20022901e-01 -5.29878611e+00]], Action: [[ 1.         -0.15497023  1.         -0.26876     1.         -1.        ]], Reward: [2.9907787],Reward_sum: 221.16110229492188, Done: [False]
==========
t: 129, State: [[ 7.52921453e-01  1.04437598e+00  6.16179309e-01  2.23641006e-02
  -1.55403289e-02  8.16053826e-01 -9.67610102e-02  2.83673820e-02
   1.43231306e-01  2.11399217e+00  4.50775201e-01  3.91943634e-01
   1.85071650e-03 -3.72709399e-01 -6.39730025e-01 -1.03569862e+00
   3.40783380e-02 -5.89793534e+00]], Action: [[ 1.          0.309252    0.01439299  0.14963554  1.         -1.        ]], Reward: [3.0363326],Reward_sum: 224.1974334716797, Done: [False]
==========
t: 130, State: [[ 0.76946028  1.04866642  0.61539212  0.02158208 -0.02444559  0.81296152
  -0.10893663  0.02909284  0.0938171   2.02131407  0.62145097 -0.57009916
  -0.17183454 -1.86355663 -0.18372312 -1.97422752  0.13222473 -6.45293584]], Action: [[ 1.          0.06951043  1.         -0.89004564  1.         -1.        ]], Reward: [3.062556],Reward_sum: 227.25999450683594, Done: [False]
==========
t: 131, State: [[ 0.78593486  1.05386053  0.61205574  0.02079659 -0.03694509  0.81131626
  -0.12262584  0.02976901  0.03989243  2.09773302  0.67725128 -0.27265812
  -0.03985422 -1.25114813 -0.21766011 -1.46227521  0.04633159 -7.03123535]], Action: [[ 1.          0.14683595  0.51467633 -0.01335285  1.         -1.        ]], Reward: [3.0560367],Reward_sum: 230.31602478027344, Done: [False]
==========
t: 132, State: [[ 8.02664099e-01  1.05975220e+00  6.08445273e-01  2.06394405e-02
  -4.98377632e-02  8.10711782e-01 -1.35135299e-01  3.00977657e-02
  -1.86817935e-02  2.08487182e+00  7.95546936e-01 -6.30273989e-01
  -4.02810471e-03 -1.96580997e+00  3.48270785e-02 -1.66334966e+00
   3.65068731e-02 -7.61538360e+00]], Action: [[ 1.         -0.02077761  1.         -0.25508896  1.         -1.        ]], Reward: [3.0870888],Reward_sum: 233.40310668945312, Done: [False]
==========
t: 133, State: [[ 8.19747416e-01  1.06628752e+00  6.04981213e-01  2.07655710e-02
  -6.14230055e-02  8.10526958e-01 -1.46015099e-01  3.02055466e-02
  -8.20980848e-02  2.18645366e+00  8.38644923e-01 -2.38685753e-01
   3.03273807e-02 -9.26348402e-01 -6.68407730e-02 -1.06058590e+00
  -4.13428579e-03 -8.24645149e+00]], Action: [[ 1.          0.20615032  0.58499     0.00105228  1.         -1.        ]], Reward: [3.13203],Reward_sum: 236.53514099121094, Done: [False]
==========
t: 134, State: [[ 0.83731543  1.07334662  0.60217576  0.02020251 -0.06752498  0.81080567
  -0.15498912  0.03052914 -0.15046678  2.2060869   0.92618688 -0.44605037
  -0.14582727 -0.61153758  0.11200829 -1.15247087  0.0740271  -8.8546437 ]], Action: [[ 1.         0.3293524  1.        -0.7050761  1.        -1.       ]], Reward: [3.1913965],Reward_sum: 239.72653198242188, Done: [False]
==========
t: 135, State: [[ 0.85496728  1.08116307  0.59749293  0.01872318 -0.07264714  0.81203489
  -0.16465253  0.03128555 -0.22392661  2.20703868  1.02791214 -0.71567934
  -0.21052905 -0.67511529  0.18198111 -1.24486252  0.10850571 -9.52149278]], Action: [[ 1.          0.2839096   1.         -0.74603623  1.         -1.        ]], Reward: [3.2018433],Reward_sum: 242.92837524414062, Done: [False]
==========
t: 136, State: [[  0.87279219   1.08968947   0.59191078   0.01704311  -0.07596344
    0.81354914  -0.17350679   0.03212668  -0.30306783   2.24928924
    1.10390574  -0.67679454  -0.20473637  -0.15636882   0.19045413
   -0.96034333   0.10058873 -10.        ]], Action: [[ 1.          0.3579934   1.         -0.63870543  1.         -1.        ]], Reward: [3.2235787],Reward_sum: 246.15194702148438, Done: [False]
==========
t: 137, State: [[  0.89075942   1.09895157   0.58540747   0.01544291  -0.07810056
    0.81503256  -0.18128967   0.0329556   -0.38861288   2.2420848
    1.2116751   -0.94683535  -0.1916496   -0.37930818   0.17721683
   -0.97543783   0.104231   -10.        ]], Action: [[ 1.          0.26577654  1.         -0.75913703  1.         -1.        ]], Reward: [3.2412567],Reward_sum: 249.39320373535156, Done: [False]
==========
t: 138, State: [[  0.90887089   1.108943     0.57817169   0.0140203   -0.0787108
    0.81633704  -0.18749126   0.03371302  -0.48151843   2.28522584
    1.28648739  -0.86212358  -0.16293435   0.22564466   0.1483626
   -0.56809332   0.08600984 -10.        ]], Action: [[ 1.          0.38558617  1.         -0.6621257   1.         -1.        ]], Reward: [3.2593465],Reward_sum: 252.65255737304688, Done: [False]
==========
t: 139, State: [[  0.92714295   1.11963988   0.57052453   0.01280824  -0.07699194
    0.81741952  -0.19142422   0.03440104  -0.58311097   2.28151333
    1.3878681   -1.04993653  -0.13885429   0.20313195   0.12214086
   -0.4047483    0.08515203 -10.        ]], Action: [[ 1.         0.3043963  1.        -0.7566656  1.        -1.       ]], Reward: [3.2793427],Reward_sum: 255.93190002441406, Done: [False]
==========
t: 140, State: [[  0.94544858   1.13108181   0.56212527   0.01178211  -0.07346478
    0.81828773  -0.19264297   0.03507411  -0.707372     2.28534481
    1.4749252   -1.05611066  -0.11379568   0.6766076    0.09579542
    0.20820648   0.08943557 -10.        ]], Action: [[ 1.         0.3870735  1.        -0.7268923  1.        -1.       ]], Reward: [3.283525],Reward_sum: 259.2154235839844, Done: [False]
==========
t: 141, State: [[  0.96371184   1.14272328   0.55419941   0.01092578  -0.06510365
    0.81903726  -0.18923218   0.03523964  -0.87629805   2.28565531
    1.3456862   -0.8889506   -0.11928161   1.43102806   0.10431231
    0.28557292  -0.14081712 -10.        ]], Action: [[ 1.          0.41428408  1.         -0.67808485  1.         -1.        ]], Reward: [3.2782757],Reward_sum: 262.49371337890625, Done: [False]
==========
t: 142, State: [[ 0.98239574  1.15236451  0.54954153  0.00917256 -0.0450747   0.81910586
  -0.18735768  0.03340428 -0.95326653  2.38886809  1.07613177 -0.25642635
  -0.27843268  3.54841805 -0.06799365  0.24009931 -0.27767863 -5.24748507]], Action: [[ 1.         0.6969321  0.6577586 -0.7754842  1.        -1.       ]], Reward: [3.3309686],Reward_sum: 265.82464599609375, Done: [False]
==========
t: 143, State: [[ 1.00142678  1.16040421  0.54694494  0.00712502 -0.01708506  0.81900666
  -0.18820466  0.03132971 -0.97303971  2.3681845   0.94057471 -0.3943788
  -0.23030344  3.44700535  0.02942946 -0.41979588 -0.23056128 -0.29275947]], Action: [[ 1.          0.39061096  1.         -1.          1.         -1.        ]], Reward: [3.3737268],Reward_sum: 269.1983947753906, Done: [False]
==========
t: 144, State: [[ 1.01985915  1.16793422  0.54180064  0.00882948 -0.00402751  0.81930314
  -0.1928435   0.02860959 -0.96537508  2.23669503  0.94692434 -0.95856594
   0.54833646 -0.11765683  0.04200859 -0.81567392 -0.4103953   1.89028076]], Action: [[ 1. -1.  1.  1.  1. -1.]], Reward: [3.2980468],Reward_sum: 272.4964599609375, Done: [False]
==========
t: 145, State: [[ 1.03655678  1.17593581  0.52641667  0.01351955 -0.02531183  0.81936913
  -0.2076419   0.02575949 -0.94640723  1.93365382  1.05057966 -2.90324002
   0.6022974  -5.19389216 -0.01946757 -2.89063835 -0.30337618  2.68299168]], Action: [[ 1.         -0.975412    0.82979214  0.01562341  1.         -1.        ]], Reward: [3.082563],Reward_sum: 275.5790100097656, Done: [False]
==========
t: 146, State: [[  1.05425333   1.18316307   0.51701909   0.01755072  -0.03558424
    0.77120541  -0.2156878    0.02309021  -0.9245452    2.49320381
    0.7631604    0.55639888   0.4172065    2.63525736 -10.
    0.88144863  -0.34857848   2.70547153]], Action: [[ 1.          1.         -0.77836734  1.          1.         -1.        ]], Reward: [3.206463],Reward_sum: 278.78546142578125, Done: [False]
==========
t: 147, State: [[ 1.07429960e+00  1.18831825e+00  5.19077232e-01  1.26599116e-02
   1.02111233e-03  7.07367868e-01 -2.13407074e-01  2.16728712e-02
  -9.03527007e-01  2.50344519e+00  5.32624202e-01 -6.26928613e-02
  -1.47488470e+00  6.08120587e+00 -4.04405280e+00 -2.97878503e-01
  -4.25500958e-02  2.50654310e+00]], Action: [[ 1.          1.          0.57882094 -1.          0.9755707  -1.        ]], Reward: [3.5004969],Reward_sum: 282.2859802246094, Done: [False]
==========
t: 148, State: [[ 1.09336657  1.19252565  0.51408621  0.0047413   0.03338937  0.70160303
  -0.2208435   0.02158588 -0.88493041  2.2793556   0.51084818 -1.12542934
  -0.60863996  2.38937216  2.57473432 -1.50538916  0.01492244  2.13122077]], Action: [[ 1.          0.13493466  0.42047638 -0.9024925   0.79610467 -1.        ]], Reward: [3.3797283],Reward_sum: 285.66571044921875, Done: [False]
==========
t: 149, State: [[ 1.11112764e+00  1.19638153e+00  5.03120709e-01  2.40333897e-03
   4.43578015e-02  7.41651368e-01 -2.34982138e-01  2.17657563e-02
  -8.69562674e-01  2.16750265e+00  4.48520071e-01 -1.60141051e+00
  -4.95749305e-02  5.58708797e-01  7.40902128e+00 -2.02046754e+00
   2.85634656e-02  1.71549254e+00]], Action: [[ 1.          0.3182551   0.32382226 -0.39316967  1.         -1.        ]], Reward: [3.2167733],Reward_sum: 288.8824768066406, Done: [False]
==========
t: 150, State: [[ 1.12850168e+00  1.19975507e+00  4.91600768e-01  4.57913748e-03
   4.55039915e-02  7.98051665e-01 -2.48650871e-01  2.13440460e-02
  -8.57532685e-01  2.18183923e+00  4.01540300e-01 -1.27804022e+00
   5.07637551e-01 -1.74676766e-01  5.67638359e+00 -1.40630331e+00
  -1.14915879e-01  1.30458831e+00]], Action: [[ 1.          0.4491798   0.00553252  0.7104611   1.         -1.        ]], Reward: [3.1680477],Reward_sum: 292.050537109375, Done: [False]
==========
t: 151, State: [[ 1.14606575  1.20281219  0.48247169  0.00962135  0.0423906   0.82865076
  -0.25784024  0.02014489 -0.84846827  2.2086713   0.35797349 -1.0265158
   0.70800539 -0.54567555  2.31679503 -0.92865844 -0.17224456  0.97598156]], Action: [[ 1.          0.18856993  0.44384515  0.75862277  1.         -1.        ]], Reward: [3.1917012],Reward_sum: 295.24224853515625, Done: [False]
==========
t: 152, State: [[ 1.16379819  1.20543845  0.47466623  0.01533965  0.03712348  0.840046
  -0.26426431  0.01876084 -0.8417033   2.2249592   0.2959588  -0.93006079
   0.70212136 -0.73006202  0.70743927 -0.68913318 -0.169182    0.72644919]], Action: [[ 1.         -0.07833782  0.7576281   0.7024667   1.         -1.        ]], Reward: [3.2124817],Reward_sum: 298.4547119140625, Done: [False]
==========
t: 153, State: [[ 1.18097559  1.20790449  0.46312317  0.02047179  0.02115014  0.84272351
  -0.27386265  0.01771529 -0.8366457   2.06781468  0.31810664 -1.96008497
   0.58046242 -3.2673584   0.04098004 -1.71360042 -0.0979493   0.54580458]], Action: [[ 1.         -0.6223607   1.          0.28985235  1.         -1.        ]], Reward: [3.1427026],Reward_sum: 301.597412109375, Done: [False]
==========
t: 154, State: [[ 1.19834875e+00  1.21010909e+00  4.52627274e-01  2.48467599e-02
   3.90367738e-03  8.05122113e-01 -2.81173560e-01  1.66635858e-02
  -8.32987064e-01  2.26218954e+00  2.44530910e-01 -7.51511887e-01
   5.18698015e-01 -1.24864403e+00 -9.36528811e+00 -2.06787815e-01
  -1.54794845e-01  3.78012659e-01]], Action: [[ 1.         1.        -0.6168891  1.         1.        -1.       ]], Reward: [3.1662648],Reward_sum: 304.763671875, Done: [False]
==========
t: 155, State: [[ 1.21661730e+00  1.21114845e+00  4.46909734e-01  2.75590155e-02
   7.25442350e-04  7.71871947e-01 -2.83273270e-01  1.60081271e-02
  -8.30220831e-01  2.30662075e+00 -2.50364189e-03 -6.57938499e-01
   1.92982701e-01  5.07329313e-01  2.38225149e+00 -3.02718390e-01
  -2.17520671e-02  3.16171707e-01]], Action: [[ 1.          0.7547526   1.          0.11949246  1.         -1.        ]], Reward: [3.2789848],Reward_sum: 308.04266357421875, Done: [False]
==========
t: 156, State: [[ 1.2337087   1.21128134  0.43309359  0.02872604 -0.01380161  0.8121159
  -0.29499188  0.01628676 -0.82796311  1.98866629  0.06140613 -2.6340514
   0.09649058 -4.00277263  4.00657517 -2.41799477  0.0712128   0.24373138]], Action: [[ 1.         -0.75218546  1.         -0.3021274   1.         -1.        ]], Reward: [3.1317682],Reward_sum: 311.1744384765625, Done: [False]
==========
t: 157, State: [[ 1.25150645  1.21064538  0.42353089  0.02931994 -0.01898116  0.83217956
  -0.30161376  0.01627443 -0.82639748  2.46060511 -0.21971307  0.2322928
   0.05608281  2.69483989  1.30223931  0.74001313 -0.05710389  0.15428817]], Action: [[ 1.          0.8594731   0.17713799  1.          1.         -1.        ]], Reward: [3.2199483],Reward_sum: 314.3944091796875, Done: [False]
==========
t: 158, State: [[ 1.27069659  1.20887795  0.42244536  0.02992605 -0.00589887  0.8385291
  -0.29858062  0.01601783 -0.8253334   2.33617729 -0.22227365 -0.51055135
   0.08940466  0.57837992  0.38600106  0.01271038 -0.0119748   0.11384187]], Action: [[ 1.         -0.4874628   1.          0.20804937  1.         -1.        ]], Reward: [3.3944871],Reward_sum: 317.78887939453125, Done: [False]
==========
t: 159, State: [[ 1.28835371  1.20736901  0.41240429  0.03135746 -0.01883616  0.83958373
  -0.30409414  0.01588034 -0.82458166  2.07596241 -0.15813601 -2.01728635
   0.24343422 -3.79994118 -0.0666865  -1.41378222 -0.02025477  0.07696038]], Action: [[ 1.        -1.         1.         0.4413039  1.        -1.       ]], Reward: [3.2019448],Reward_sum: 320.99078369140625, Done: [False]
==========
t: 160, State: [[  1.30733317   1.2053489    0.41051063   0.03234522  -0.01750736
    0.77845126  -0.29960959   0.01532208  -0.82420571   2.67032542
   -0.34478069   1.5580519    0.0286205    4.1553803  -10.
    2.54587563  -0.1068492    0.02210489]], Action: [[ 1.  1. -1.  1.  1. -1.]], Reward: [3.3664327],Reward_sum: 324.35723876953125, Done: [False]
==========
t: 161, State: [[ 1.32773864e+00  1.20251491e+00  4.17943921e-01  3.08612790e-02
   1.11295603e-02  6.76895648e-01 -2.81110023e-01  6.33636286e-03
  -8.23191059e-01  2.40752671e+00 -3.50541249e-01  1.86779510e-01
  -3.27261409e-01  2.54783148e+00 -1.00000000e+01  1.97721376e+00
  -2.14937615e+00  2.03553953e-01]], Action: [[ 0.93492436  0.22897795  0.30963826 -1.         -0.87151706 -0.8295915 ]], Reward: [3.5472128],Reward_sum: 327.9044494628906, Done: [False]
==========
t: 162, State: [[ 1.34668145e+00  1.19917880e+00  4.15414380e-01  2.76895327e-02
   2.41630802e-02  6.12016887e-01 -2.76072733e-01  3.69021135e-04
  -8.20730280e-01  2.36534954e+00 -5.08834437e-01 -7.12981335e-01
  -4.58732986e-01  8.82978443e-01 -6.03121277e+00 -9.67649133e-01
   1.34217067e+00  3.62511027e-01]], Action: [[ 1.          0.27694792  0.2239513  -0.8218057   0.514687   -0.35794336]], Reward: [3.365657],Reward_sum: 331.2701110839844, Done: [False]
==========
t: 163, State: [[ 1.36505169  1.19438792  0.4067393   0.02486799  0.02554978  0.6193837
  -0.28623857  0.00877217 -0.8186652   2.22821912 -0.68977633 -1.46213292
  -0.26395873 -0.50907219  7.84587123 -1.60002907  0.79193297  0.17135726]], Action: [[ 1.          0.06165591  1.         -0.27009585  0.7394349  -1.        ]], Reward: [3.2926557],Reward_sum: 334.562744140625, Done: [False]
==========
t: 164, State: [[ 1.38289611  1.18808275  0.3956454   0.0242574   0.0220852   0.7267864
  -0.29743002  0.01340928 -0.81790161  2.22568132 -0.87872637 -1.37596729
   0.07437739 -0.35594398 10.         -1.2825268   0.4025813   0.03339147]], Action: [[ 1.          0.6281388   0.84946954  0.59446836  1.         -1.        ]], Reward: [3.2260828],Reward_sum: 337.7888488769531, Done: [False]
==========
t: 165, State: [[ 1.40080238  1.1809582   0.38577308  0.02562127  0.02017197  0.86949689
  -0.30524546  0.01551185 -0.81806671  2.2744166  -0.86882076 -0.96145372
   0.22938816 -0.13821456 10.         -0.52438403  0.0192571  -0.10243648]], Action: [[ 1.         0.7930517  0.7399518  0.6687065  1.        -1.       ]], Reward: [3.2336607],Reward_sum: 341.02252197265625, Done: [False]
==========
t: 166, State: [[ 1.41977951  1.17366461  0.37988289  0.027086    0.01930265  0.93211117
  -0.31025684  0.00973489 -0.8211813   2.46765382 -0.9686173  -0.52484631
   0.14367399 -0.08725389  4.27713232 -0.86631496 -1.03923938 -0.56204342]], Action: [[ 1.         0.7089832  0.9990896  0.4286423  1.        -1.       ]], Reward: [3.3674564],Reward_sum: 344.38995361328125, Done: [False]
==========
t: 167, State: [[ 1.44017951e+00  1.16537315e+00  3.77203693e-01  2.82888945e-02
   1.81619549e-02  9.48240585e-01 -3.19575783e-01  2.09927653e-03
  -8.25887933e-01  2.62668810e+00 -1.10997136e+00 -1.61242639e-01
   1.54034229e-01 -1.82378523e-01  2.37884658e-01 -1.50736044e+00
  -7.04831446e-01 -5.75428959e-01]], Action: [[ 1.          0.18138322  1.          0.5912615   1.         -1.        ]], Reward: [3.5456173],Reward_sum: 347.9355773925781, Done: [False]
==========
t: 168, State: [[ 1.46160213e+00  1.15587017e+00  3.76289381e-01  2.90631873e-02
   1.61948852e-02  9.41757111e-01 -3.35856855e-01  5.11381399e-04
  -8.29952362e-01  2.72622154e+00 -1.26788340e+00 -6.23668379e-02
   5.23839670e-02 -2.89669170e-01 -1.59430636e+00 -2.55229171e+00
   3.62967637e-01 -4.28655472e-01]], Action: [[ 1.         -0.02107593  1.          0.25163826  1.         -1.        ]], Reward: [3.6737645],Reward_sum: 351.6093444824219, Done: [False]
==========
t: 169, State: [[ 1.48353253  1.1452775   0.37614534  0.02934345  0.01407976  0.92582518
  -0.3567657   0.00282773 -0.83231544  2.75327802 -1.37932539  0.02198538
   0.02245025 -0.23909415 -2.24930209 -2.66130958  0.22980715 -0.17550155]], Action: [[ 1.          0.26318863  1.          0.24323903  0.6722026  -1.        ]], Reward: [3.737719],Reward_sum: 355.3470458984375, Done: [False]
==========
t: 170, State: [[ 1.50561238e+00  1.13488338e+00  3.75032118e-01  2.94584577e-02
   2.88727733e-03  9.06790002e-01 -3.79448800e-01  4.12530292e-03
  -8.33211125e-01  2.77337391e+00 -1.12618648e+00 -3.84507241e-01
   2.13456105e-02 -3.23784984e+00 -2.46415261e+00 -3.05351556e+00
   9.33938255e-02 -8.15001507e-02]], Action: [[ 1.         -0.00987467  1.          0.0982573   0.52383053 -1.        ]], Reward: [3.756697],Reward_sum: 359.103759765625, Done: [False]
==========
t: 171, State: [[ 1.52948591e+00  1.12718985e+00  3.81854382e-01  3.00332753e-02
  -6.14946799e-03  8.27048320e-01 -3.89200452e-01 -1.33000296e-03
  -8.33697050e-01  3.19931846e+00 -8.25030155e-01  2.11471838e+00
   1.02243928e-01  1.23754233e+00 -1.00000000e+01  5.44379211e-01
  -1.22001169e+00 -2.26644245e-02]], Action: [[ 1.          0.46037024 -1.          1.          0.651351   -1.        ]], Reward: [3.9795554],Reward_sum: 363.08331298828125, Done: [False]
==========
t: 172, State: [[ 1.553939    1.12089805  0.3877941   0.03088232 -0.02597996  0.73828633
  -0.40563187  0.0070941  -0.83357654  2.85351055 -0.75102058 -0.65868924
   0.1254959  -6.08739125 -4.93438756 -3.78908762  1.55935332  0.10278184]], Action: [[ 1.         -0.91474974  1.         -0.1637206   1.         -1.        ]], Reward: [4.0517735],Reward_sum: 367.1351013183594, Done: [False]
==========
t: 173, State: [[  1.57845842   1.11533268   0.39317739   0.03178487  -0.05030082
    0.64334482  -0.42103593   0.01496608  -0.83089621   3.27911286
   -0.64349731   1.9978186    0.09943009   0.04268388 -10.
   -0.12374713   0.5199788    0.50207044]], Action: [[ 1.          0.5421159  -1.          1.          0.59140885 -0.27132624]], Reward: [4.06121],Reward_sum: 371.1963195800781, Done: [False]
==========
t: 174, State: [[  1.60320506   1.11031421   0.40034003   0.03199498  -0.06778101
    0.51303106  -0.43101425   0.01832556  -0.82756357   2.90916646
   -0.61770854  -0.18743199  -0.03200962  -4.38485096 -10.
   -2.36174011   0.33389658   0.34211591]], Action: [[ 1.         -0.6921272   0.30528855 -0.46325532  1.         -1.        ]], Reward: [4.089543],Reward_sum: 375.2858581542969, Done: [False]
==========
t: 175, State: [[ 1.62630483  1.10631156  0.39867654  0.03244845 -0.1058582   0.40635616
  -0.44759128  0.01910755 -0.82533698  2.86688453 -0.41453814 -0.20790309
   0.11669823 -5.37257144 -8.48358015 -1.81272128 -0.08187227  0.22658464]], Action: [[ 1.         -0.6748725  -1.          0.58105934  0.5160539  -0.8895858 ]], Reward: [3.8836205],Reward_sum: 379.1694641113281, Done: [False]
==========
t: 176, State: [[ 1.64926263  1.10349574  0.39786252  0.03359553 -0.15057801  0.36697048
  -0.45984453  0.01816517 -0.82328424  2.87131916 -0.29004945 -0.0115949
   0.16114688 -5.73592324 -2.24180687 -1.27419411 -0.14209428  0.27359571]], Action: [[ 1.         -0.57246125 -1.          0.6412568   1.         -0.6328359 ]], Reward: [3.8655858],Reward_sum: 383.0350646972656, Done: [False]
==========
t: 177, State: [[ 1.67267041  1.10156032  0.40086923  0.03521793 -0.19222572  0.35831731
  -0.46524997  0.01675437 -0.82115722  2.97927545 -0.19280329  0.74272619
   0.23092852 -4.63942916 -0.38270475 -0.1055012  -0.19833164  0.25346233]], Action: [[ 1.         -0.44684502 -1.          1.          1.         -0.63457185]], Reward: [3.9213693],Reward_sum: 386.9564208984375, Done: [False]
==========
t: 178, State: [[ 1.69657542  1.10053669  0.40748494  0.03689536 -0.22784862  0.35660991
  -0.46391637  0.01514483 -0.81989104  2.99645837 -0.06323488  0.90312882
   0.18911403 -4.24917359 -0.27262176  0.42609665 -0.19886235  0.08177422]], Action: [[ 0.7146175 -0.6850412 -1.         1.         1.        -0.910619 ]], Reward: [3.9833174],Reward_sum: 390.9397277832031, Done: [False]
==========
t: 179, State: [[ 1.7200773   1.10065899  0.41149011  0.03629728 -0.26382741  0.35287876
  -0.46308731  0.01396046 -0.81975094  2.88140019  0.09268888  0.13262273
  -0.27502849 -4.77079148 -0.76799219 -0.17635992 -0.10619334 -0.03162404]], Action: [[-0.23634294 -0.7255075  -1.          0.46412784  1.         -1.        ]], Reward: [3.933937],Reward_sum: 394.8736572265625, Done: [False]
==========
t: 180, State: [[ 1.74334065  1.10186839  0.41442971  0.03558334 -0.29990145  0.3415912
  -0.460998    0.01300227 -0.82021042  2.93173115  0.2101923   0.56704048
   0.05608084 -4.2313315  -2.0895652   0.65507985 -0.12700105 -0.07592614]], Action: [[ 1.         -0.61698747 -1.          1.          1.         -0.9630552 ]], Reward: [3.9026108],Reward_sum: 398.7762756347656, Done: [False]
==========
t: 181, State: [[ 1.76615567  1.10417848  0.41523148  0.03539019 -0.33858694  0.32114051
  -0.45894908  0.01227304 -0.82084896  2.77234296  0.36598441 -0.35746852
  -0.08491791 -5.44092297 -3.04081981 -0.1304344  -0.0614796  -0.08051967]], Action: [[ 0.62046015 -0.7505754  -1.          0.22090639  0.8325057  -1.        ]], Reward: [3.8481872],Reward_sum: 402.62445068359375, Done: [False]
==========
t: 182, State: [[ 1.78878972  1.1074873   0.4149718   0.03513763 -0.37603256  0.29045906
  -0.45617493  0.01184426 -0.82155541  2.88423446  0.46245136  0.2722534
   0.01127985 -3.93729196 -4.6137701   0.80181287 -0.04617246 -0.09229709]], Action: [[ 1.         -0.20541885 -1.          0.6873076   1.         -1.        ]], Reward: [3.8247414],Reward_sum: 406.4491882324219, Done: [False]
==========
t: 183, State: [[ 1.81179923  1.11166794  0.41664742  0.03521421 -0.40662276  0.24857228
  -0.44951113  0.01172234 -0.82223087  2.86726571  0.58279458  0.14034695
   0.00866197 -3.71498211 -5.84222617  0.86030345  0.00901627 -0.07624641]], Action: [[ 1.         -0.39073643 -1.          0.3658562   1.         -1.        ]], Reward: [3.8719022],Reward_sum: 410.3211364746094, Done: [False]
==========
t: 184, State: [[ 1.83493442  1.11676442  0.41852486  0.03510828 -0.43249947  0.196783
  -0.44105267  0.01191138 -0.82278444  2.91583413  0.69161668  0.3244386
  -0.02899372 -2.76970624 -7.08803163  1.2512435   0.03436341 -0.06215815]], Action: [[ 1.         -0.16148856 -1.          0.3499748   1.         -1.        ]], Reward: [3.8877506],Reward_sum: 414.2088928222656, Done: [False]
==========
t: 185, State: [[ 1.85798292  1.12280005  0.4192229   0.03456433 -0.45556644  0.13600856
  -0.43252698  0.01242888 -0.82317329  2.8461023   0.81719682 -0.14772193
  -0.09586359 -3.00850991 -8.11731349  0.88691936  0.08653734 -0.03687888]], Action: [[ 1.         -0.3318464  -1.          0.01736518  1.         -1.        ]], Reward: [3.8769517],Reward_sum: 418.0858459472656, Done: [False]
==========
t: 186, State: [[  1.8814394    1.12972627   0.42111895   0.03369068  -0.47079797
    0.05504747  -0.42135344   0.01298374  -0.82347912   3.01908748
    0.91316086   0.6327815   -0.11764502  -0.85653922 -10.
    1.91651376   0.05452167  -0.0384883 ]], Action: [[ 1.         0.2595999 -1.         0.3480526  1.        -1.       ]], Reward: [3.9278722],Reward_sum: 422.01373291015625, Done: [False]
==========
t: 187, State: [[ 1.90518723e+00  1.13755635e+00  4.23069654e-01  3.17921443e-02
  -4.79409320e-01 -3.57344219e-02 -4.09452006e-01  1.39488073e-02
  -8.23620518e-01  2.91879265e+00  1.04526918e+00 -1.29633188e-01
  -3.23068501e-01 -1.30119367e+00 -1.00000000e+01  1.08649963e+00
   1.68403820e-01 -9.74067963e-04]], Action: [[ 1.         -0.01963672 -1.         -0.6778804   1.         -1.        ]], Reward: [3.9640183],Reward_sum: 425.9777526855469, Done: [False]
==========
t: 188, State: [[ 1.92867486e+00  1.14639134e+00  4.21992321e-01  2.89685274e-02
  -4.86996878e-01 -1.34823856e-01 -4.00561713e-01  1.53257724e-02
  -8.23593224e-01  2.95316869e+00  1.16434213e+00 -1.37613341e-01
  -3.66984269e-01 -6.03965875e-01 -1.00000000e+01  1.14141790e+00
   1.70875102e-01  6.63200515e-03]], Action: [[ 1.         0.2636016 -1.        -0.4586212  1.        -1.       ]], Reward: [3.931674],Reward_sum: 429.909423828125, Done: [False]
==========
t: 189, State: [[  1.95250955   1.15620271   0.42100928   0.02579425  -0.48749834
   -0.24801892  -0.39120309   0.01673008  -0.82351463   3.00654536
    1.28944864  -0.09911102  -0.41036995   0.39399966 -10.
    1.21144235   0.17483147   0.01192149]], Action: [[ 1.          0.42873478 -1.         -0.6358279   1.         -1.        ]], Reward: [3.9747486],Reward_sum: 433.8841857910156, Done: [False]
==========
t: 190, State: [[  1.97680591   1.16691978   0.42040611   0.02215126  -0.47957959
   -0.37730501  -0.3815192    0.01823624  -0.8233701    3.06860437
    1.39111071  -0.04131705  -0.47904634   1.54970765 -10.
    1.2258258    0.19397297   0.02229182]], Action: [[ 1.          0.6134391  -0.8553846  -0.90550226  1.         -1.        ]], Reward: [4.0321164],Reward_sum: 437.9162902832031, Done: [False]
==========
t: 191, State: [[  2.00179731   1.17850736   0.41973921   0.01482274  -0.45730192
   -0.52975564  -0.37252339   0.01982733  -0.82318366   3.17982623
    1.50614974  -0.12637014  -1.36290772   4.07272261 -10.
    1.02400061   0.19824963   0.02375732]], Action: [[ 1.          0.93200016 -0.84519404 -1.          1.         -1.        ]], Reward: [4.118343],Reward_sum: 442.03460693359375, Done: [False]
==========
t: 192, State: [[ 2.02755466e+00  1.19109228e+00  4.19268414e-01  3.80703562e-03
  -4.16678486e-01 -7.26303138e-01 -3.63835904e-01  2.13057079e-02
  -8.23002413e-01  3.25955200e+00  1.63594936e+00  1.28458878e-03
  -1.45485648e+00  6.34268902e+00 -1.00000000e+01  1.13511535e+00
   1.71129976e-01  2.20539150e-02]], Action: [[ 1.         0.6671159 -1.        -1.         1.        -1.       ]], Reward: [4.214224],Reward_sum: 446.24884033203125, Done: [False]
==========
t: 193, State: [[  2.05360131   1.20335889   0.41827265  -0.0114523   -0.36236007
   -0.93463239  -0.35704958   0.02276077  -0.82260859   3.2368918
    1.38302238  -0.30061391  -2.30393171   6.13401735 -10.
    0.4748736    0.19289652   0.07711428]], Action: [[ 1.          0.67784905 -1.         -1.          1.         -1.        ]], Reward: [4.2503715],Reward_sum: 450.49920654296875, Done: [False]
==========
t: 194, State: [[ 2.07925223  1.2135847   0.41582064 -0.02739859 -0.32422072 -1.01871935
  -0.35409078  0.0242031  -0.82193558  3.18052331  1.19014236 -0.29513527
  -1.65508218  3.55977236 -5.25952883  0.29748891  0.1637814   0.08450759]], Action: [[ 1.          0.38879174 -1.         -1.          1.         -1.        ]], Reward: [4.201214],Reward_sum: 454.7004089355469, Done: [False]
==========
t: 195, State: [[ 2.10440448  1.22260191  0.41447733 -0.03430575 -0.30805115 -1.0344886
  -0.35088602  0.02532563 -0.82131214  3.10981934  1.07114117 -0.03632482
  -0.07980842  0.61256016  0.58300316  0.51213946  0.11799585  0.06969984]], Action: [[ 1.          0.16312353 -1.         -1.          1.         -1.        ]], Reward: [4.139004],Reward_sum: 458.83941650390625, Done: [False]
==========
t: 196, State: [[ 2.12941422e+00  1.22995585e+00  4.26707340e-01 -6.95142033e-03
  -3.41106543e-01 -9.38801718e-01 -3.32280841e-01  2.57034752e-02
  -8.20806420e-01  3.13874184e+00  7.52255411e-01  3.06681317e+00
   6.79133089e+00 -8.59775362e+00  1.00000000e+01  4.09073727e+00
  -5.92151645e-03  5.83080053e-02]], Action: [[ 1.         -0.33744374  1.         -0.48120338  1.         -1.        ]], Reward: [4.121872],Reward_sum: 462.9613037109375, Done: [False]
==========
t: 197, State: [[ 2.15348326e+00  1.23649296e+00  4.28257860e-01  5.85507928e-03
  -3.72138207e-01 -8.10225461e-01 -3.26781599e-01  2.56012138e-02
  -8.20432254e-01  2.87915616e+00  8.83926608e-01 -2.66177105e+00
  -3.48726585e+00  4.99469394e-01  1.00000000e+01 -2.69467089e+00
  -1.84373642e-02  3.68572168e-02]], Action: [[-0.00345647  1.         -1.         -1.          0.48759446 -1.        ]], Reward: [4.0043926],Reward_sum: 466.9656982421875, Done: [False]
==========
t: 198, State: [[ 2.17924537e+00  1.24308433e+00  4.30267290e-01 -2.49014756e-04
  -3.50819891e-01 -7.86588527e-01 -3.21595285e-01  2.45383937e-02
  -8.20544112e-01  3.59616702e+00  7.67184063e-01  3.61593701e+00
   2.62112181e+00  4.77287700e+00 -6.37664784e+00  4.50712298e+00
  -2.26995582e-01 -5.72424250e-02]], Action: [[ 1.         1.        -1.         0.4279533  1.        -1.       ]], Reward: [4.21508],Reward_sum: 471.1807861328125, Done: [False]
==========
t: 199, State: [[ 2.20792115  1.24886441  0.45742621  0.01386879 -0.30367683 -0.82098969
  -0.28338197  0.01252025 -0.82052048  3.57762398  0.67752602  3.26206766
   1.0347648   7.01688428 -2.61515134  5.16330658 -2.80440494  0.04883773]], Action: [[ 1.          1.         -0.02723007 -1.         -1.         -1.        ]], Reward: [4.5794725],Reward_sum: 475.7602233886719, Done: [False]
==========
Walker2d - Steps: 200, Return: 475.7602233886719, State: [[ 2.20792115  1.24886441  0.45742621  0.01386879 -0.30367683 -0.82098969
  -0.28338197  0.01252025 -0.82052048  3.57762398  0.67752602  3.26206766
   1.0347648   7.01688428 -2.61515134  5.16330658 -2.80440494  0.04883773]]
