[CudaDevice(id=0)]
Using AIRL:  False
Using GAIL:  False
Using RGCL:  False
Experiment State @  2025-05-21 11:46:26.421007-05:00
Experiment Saved @  results/experiment_124
Experiment Settings Saved @  results/experiment_124
124
Using cuda device
Wrapping the env with a `Monitor` wrapper
Wrapping the env in a DummyVecEnv.
Wrapping the env with a `Monitor` wrapper
Wrapping the env in a DummyVecEnv.
t: 0, State: [[ 2.71868852e-03  1.25244468e+00  1.33988080e-03 -1.65269184e-03
   1.45533507e-03  1.01609568e-02 -2.99918797e-02 -1.04620751e-01
  -8.35281607e-01 -1.03075447e+00 -2.05212912e-02  1.44446452e+00]], Action: [[-0.6942095   0.01504335  1.        ]], Reward: [0.9817875],Reward_sum: 0.9817875027656555, Done: [False]
==========
t: 1, State: [[ 2.91417019e-03  1.25115515e+00 -2.67749420e-04 -4.15164777e-03
   1.34866871e-03  2.73073472e-02  7.84921378e-02 -2.17516314e-01
   4.30828040e-01  4.04556176e-01 -7.49762201e-03  2.84054222e+00]], Action: [[1.        0.5927256 1.       ]], Reward: [1.0220839],Reward_sum: 2.003871440887451, Done: [False]
==========
t: 2, State: [[ 3.61380708e-03  1.24898926e+00  3.73966004e-03  1.77312701e-04
   1.54707271e-04  5.57215572e-02  9.47965316e-02 -3.23904257e-01
   5.44517364e-01  6.45615862e-01 -2.87665946e-01  4.26149556e+00]], Action: [[ 0.18747534 -0.14120814  1.        ]], Reward: [1.0863996],Reward_sum: 3.09027099609375, Done: [False]
==========
t: 3, State: [[ 4.42646454e-03  1.24596460e+00  6.73746619e-03  3.23445251e-03
  -1.51555786e-03  9.54109599e-02  1.08194046e-01 -4.32114125e-01
   2.05115662e-01  1.20296299e-01 -1.29687888e-01  5.65899145e+00]], Action: [[-0.33437607  0.13653961  1.        ]], Reward: [1.1004517],Reward_sum: 4.190722465515137, Done: [False]
==========
t: 4, State: [[ 5.16538437e-03  1.24209010e+00  4.58272656e-03 -5.60884696e-04
  -2.27169808e-03  1.46295765e-01  7.63583147e-02 -5.36634439e-01
  -7.43640939e-01 -1.06742145e+00 -5.90253922e-02  7.06022094e+00]], Action: [[-0.80026686  0.02884308  1.        ]], Reward: [1.0907238],Reward_sum: 5.28144645690918, Done: [False]
==========
t: 5, State: [[ 6.28916167e-03  1.23733863e+00  4.07742051e-03 -3.43453005e-03
  -1.45778614e-03  2.08136391e-01  2.04026784e-01 -6.50822106e-01
   6.14074202e-01  3.47760823e-01  2.63300118e-01  8.39831884e+00]], Action: [[1.        0.3731606 1.       ]], Reward: [1.138333],Reward_sum: 6.419779300689697, Done: [False]
==========
t: 6, State: [[ 8.21202467e-03  1.23350953e+00  3.91076612e-03 -6.90211996e-03
  -2.63501533e-03  2.77425059e-01  2.75396825e-01 -2.93223301e-01
  -6.70359680e-01 -1.21058449e+00 -5.55077916e-01  8.90807132e+00]], Action: [[-1.         -0.30069908  1.        ]], Reward: [1.2382674],Reward_sum: 7.658046722412109, Done: [False]
==========
t: 7, State: [[ 1.16363361e-02  1.23256513e+00  4.74094923e-03 -1.14816630e-02
  -6.48577920e-03  3.49101847e-01  5.76534653e-01  5.06646068e-02
   8.69060330e-01  6.76717598e-02 -3.95590733e-01  9.02910111e+00]], Action: [[1.        0.5804615 0.7833381]], Reward: [1.4260883],Reward_sum: 9.084135055541992, Done: [False]
==========
t: 8, State: [[ 1.64395844e-02  1.23411785e+00  6.94644201e-03 -1.71305120e-02
  -1.00292040e-02  4.21008732e-01  6.20321813e-01  3.27069228e-01
  -3.20023722e-01 -1.47471904e+00 -4.77523308e-01  8.97101111e+00]], Action: [[-1.         0.0838941  0.4496416]], Reward: [1.5991968],Reward_sum: 10.683331489562988, Done: [False]
==========
t: 9, State: [[ 0.02249321  1.23771806  0.01061919 -0.02371957 -0.01216243  0.49347443
   0.8920024   0.56554898  1.23910549 -0.17345052 -0.05151654  9.15826623]], Action: [[1.         0.67999554 0.6700922 ]], Reward: [1.7547915],Reward_sum: 12.438122749328613, Done: [False]
==========
t: 10, State: [[ 0.02973998  1.24284086  0.01696222 -0.03131023 -0.00876063  0.55935908
   0.91548117  0.70049711  0.34805397 -1.71915102  0.91403497  7.3424278 ]], Action: [[-1.         0.6559346 -1.       ]], Reward: [1.9034162],Reward_sum: 14.34153938293457, Done: [False]
==========
t: 11, State: [[ 3.75205626e-02  1.24890547e+00  2.36941899e-02 -3.92216054e-02
  -5.02925229e-03  6.22099521e-01  1.02933807e+00  8.10384133e-01
   1.33692149e+00 -2.60457197e-01  2.22675072e-02  8.34921840e+00]], Action: [[ 1.        -0.3763872  1.       ]], Reward: [1.9704313],Reward_sum: 16.311969757080078, Done: [False]
==========
t: 12, State: [[ 4.57552163e-02  1.25553613e+00  3.08808970e-02 -4.74286467e-02
  -7.06030512e-04  6.82326712e-01  1.02604435e+00  8.35775965e-01
   4.61388872e-01 -1.78711831e+00  1.06629739e+00  6.72865349e+00]], Action: [[-1.         0.6518992 -1.       ]], Reward: [2.0269067],Reward_sum: 18.338876724243164, Done: [False]
==========
t: 13, State: [[ 5.42387003e-02  1.26229671e+00  3.81781197e-02 -5.57264062e-02
   3.47270818e-03  7.40872799e-01  1.09514063e+00  8.51396251e-01
   1.36477930e+00 -2.89665748e-01 -2.04840668e-02  7.90886471e+00]], Action: [[ 1.        -0.5714606  1.       ]], Reward: [2.058109],Reward_sum: 20.39698600769043, Done: [False]
==========
t: 14, State: [[ 6.24815605e-02  1.26901784e+00  4.37948208e-02 -6.36660052e-02
   3.31840270e-03  7.97803956e-01  9.50116897e-01  8.43580632e-01
   2.47658366e-02 -1.68053058e+00 -1.59035416e-02  5.70057521e+00]], Action: [[-1.          0.62619555 -1.        ]], Reward: [2.0279653],Reward_sum: 22.424951553344727, Done: [False]
==========
t: 15, State: [[ 0.06997093  1.27587534  0.04834627 -0.07087911  0.00303875  0.82784436
   0.93093135  0.86162003  1.12223219 -0.13207103 -0.04972374  2.1772897 ]], Action: [[ 1.        -0.0676997  1.       ]], Reward: [1.9341662],Reward_sum: 24.35911750793457, Done: [False]
==========
t: 16, State: [[ 0.0769064   1.28273249  0.05311956 -0.07607926  0.00260827  0.83714551
   0.80849352  0.84689593  0.07956998 -1.17141849 -0.05632133  0.35828594]], Action: [[-0.7554834  -0.08785996  1.        ]], Reward: [1.8653558],Reward_sum: 26.22447395324707, Done: [False]
==========
t: 17, State: [[ 0.08344407  1.28929666  0.05648051 -0.08193793  0.00216457  0.83610763
   0.83232363  0.78749218  0.77480138 -0.30033061 -0.05421729 -0.50088522]], Action: [[0.5812887  0.08763751 1.        ]], Reward: [1.8158628],Reward_sum: 28.04033660888672, Done: [False]
==========
t: 18, State: [[ 8.95897032e-02  1.29531642e+00  5.69287146e-02 -8.99410304e-02
  -6.39240879e-04  8.30528662e-01  7.04692538e-01  7.15994748e-01
  -6.62783913e-01 -1.69908279e+00 -6.48692287e-01 -8.31546929e-01]], Action: [[-1.        -0.5317948  1.       ]], Reward: [1.7659216],Reward_sum: 29.806259155273438, Done: [False]
==========
t: 19, State: [[ 9.58742474e-02  1.30064781e+00  5.75175934e-02 -9.91980516e-02
  -7.31859073e-04  8.23504069e-01  8.66575110e-01  6.16558644e-01
   8.07782980e-01 -6.16571443e-01  6.22924664e-01 -8.93185898e-01]], Action: [[0.80901706 1.         1.        ]], Reward: [1.7829136],Reward_sum: 31.58917236328125, Done: [False]
==========
t: 20, State: [[ 0.10242703  1.30523808  0.05874546 -0.10985637  0.00329968  0.81659475
   0.76662284  0.53146469 -0.52359831 -2.04086465  0.31997278 -0.82078725]], Action: [[-1.        -0.0051001  1.       ]], Reward: [1.8170974],Reward_sum: 33.40626907348633, Done: [False]
==========
t: 21, State: [[ 0.10878637  1.30917818  0.05910536 -0.12021445  0.00480717  0.81049494
   0.82535202  0.45362675  0.62182001 -0.55277274  0.08332893 -0.70006474]], Action: [[1.         0.06656101 1.        ]], Reward: [1.792913],Reward_sum: 35.199180603027344, Done: [False]
==========
t: 22, State: [[ 0.11488304  1.31248194  0.05824243 -0.13022993  0.00291135  0.80542417
   0.69883897  0.3716914  -0.83593372 -1.94939043 -0.5566891  -0.56834497]], Action: [[-1.        -0.5508734  1.       ]], Reward: [1.7597806],Reward_sum: 36.958961486816406, Done: [False]
==========
t: 23, State: [[ 1.20904268e-01  1.31511193e+00  5.70475564e-02 -1.40074656e-01
  -4.81102094e-05  8.01361224e-01  8.07565420e-01  2.86280902e-01
   5.41036570e-01 -5.14756455e-01 -1.69156494e-01 -4.49728195e-01]], Action: [[1. 1. 1.]], Reward: [1.7496536],Reward_sum: 38.7086181640625, Done: [False]
==========
t: 24, State: [[ 0.12666166  1.31710563  0.05463374 -0.14957969 -0.00639628  0.79819877
   0.63175722  0.21105184 -1.14263138 -1.85986234 -1.41650338 -0.34441771]], Action: [[-1. -1.  1.]], Reward: [1.7166736],Reward_sum: 40.42529296875, Done: [False]
==========
t: 25, State: [[ 0.13227923  1.3183822   0.04977113 -0.16212999 -0.01248293  0.79577599
   0.77259576  0.1090936  -0.07394259 -1.2783466  -0.10642654 -0.2639289 ]], Action: [[0.4668491 1.        1.       ]], Reward: [1.6999781],Reward_sum: 42.12527084350586, Done: [False]
==========
t: 26, State: [[ 0.1390366   1.31890951  0.05534191 -0.16678075 -0.01000957  0.79393623
   0.91655856  0.02241503  1.46498707  0.11403916  0.72404479 -0.19858983]], Action: [[1.         0.69762194 1.        ]], Reward: [1.8421853],Reward_sum: 43.96745681762695, Done: [False]
==========
t: 27, State: [[ 0.1456581   1.31878248  0.06030005 -0.17126884 -0.00922736  0.79257736
   0.73898264 -0.05379823 -0.22355345 -1.23450568 -0.52708789 -0.14389901]], Action: [[-1. -1.  1.]], Reward: [1.824687],Reward_sum: 45.792144775390625, Done: [False]
==========
t: 28, State: [[ 0.15227733  1.31797836  0.06529271 -0.17570968 -0.00845801  0.79157534
   0.91560702 -0.14753335  1.4699137   0.12275332  0.7181972  -0.10804181]], Action: [[1. 1. 1.]], Reward: [1.824404],Reward_sum: 47.61655044555664, Done: [False]
==========
t: 29, State: [[ 0.15888981  1.31649885  0.07029156 -0.18012732 -0.00771891  0.79084727
   0.73769297 -0.22198506 -0.21831501 -1.22561377 -0.53205816 -0.07584794]], Action: [[-1. -1.  1.]], Reward: [1.8235606],Reward_sum: 49.44010925292969, Done: [False]
==========
t: 30, State: [[ 0.16543441  1.31433258  0.07424556 -0.18584032 -0.00688089  0.79031687
   0.89825863 -0.31979169  1.20532711 -0.20376761  0.74025067 -0.05743451]], Action: [[0.7707038 1.        1.       ]], Reward: [1.8154804],Reward_sum: 51.25558853149414, Done: [False]
==========
t: 31, State: [[ 0.17198262  1.31149523  0.07841523 -0.19127363 -0.00608892  0.7899373
   0.738965   -0.38927391 -0.1614383  -1.15350779 -0.54085236 -0.03869672]], Action: [[-0.7292163 -1.         1.       ]], Reward: [1.8159944],Reward_sum: 53.07157897949219, Done: [False]
==========
t: 32, State: [[ 0.17840427  1.30796009  0.08058868 -0.19918397 -0.00510189  0.78966259
   0.86626385 -0.49469298  0.70400928 -0.82434157  0.78616066 -0.03019167]], Action: [[0.29735386 1.         1.        ]], Reward: [1.800618],Reward_sum: 54.872196197509766, Done: [False]
==========
t: 33, State: [[ 0.18477604  1.30374252  0.08210849 -0.20789404 -0.00407502  0.78946904
   0.72682694 -0.55959011 -0.32303601 -1.35264179 -0.52799038 -0.01904374]], Action: [[-0.44425866 -1.          1.        ]], Reward: [1.7942743],Reward_sum: 56.66646957397461, Done: [False]
==========
t: 34, State: [[ 0.1910928   1.29883987  0.08288317 -0.21753128 -0.00297348  0.78932857
   0.85219132 -0.66618297  0.51595736 -1.05689352  0.80191641 -0.01600598]], Action: [[0.273427 1.       1.      ]], Reward: [1.7875205],Reward_sum: 58.4539909362793, Done: [False]
==========
t: 35, State: [[ 1.98001883e-01  1.29328548e+00  9.08677469e-02 -2.19897264e-01
   5.80318415e-04  7.89225223e-01  8.75148646e-01 -7.22325502e-01
   1.47886466e+00  4.63439511e-01  8.74991559e-02 -1.02518305e-02]], Action: [[ 1.         -0.43713793  1.        ]], Reward: [1.8614438],Reward_sum: 60.315433502197266, Done: [False]
==========
t: 36, State: [[ 0.20428753  1.28722182  0.09593485 -0.22159758 -0.0037058   0.789166
   0.6963786  -0.79357986 -0.21017735 -0.8869406  -1.15772265 -0.005059  ]], Action: [[-1. -1.  1.]], Reward: [1.7827059],Reward_sum: 62.098140716552734, Done: [False]
==========
t: 37, State: [[ 0.20999515  1.28035464  0.09159299 -0.23497762 -0.00704009  0.78912032
   0.7302958  -0.9238261  -0.87421924 -2.45589918  0.32234227 -0.00607218]], Action: [[-1.  1.  1.]], Reward: [1.7104528],Reward_sum: 63.80859375, Done: [False]
==========
t: 38, State: [[ 0.21618397  1.27267826  0.08968479 -0.24876509 -0.00412377  0.7890778
   0.81701676 -0.99456172  0.3956726  -0.99285174  0.40681628 -0.00460385]], Action: [[1.         0.14886126 1.        ]], Reward: [1.7715797],Reward_sum: 65.58016967773438, Done: [False]
==========
t: 39, State: [[ 0.22276312  1.26446586  0.09509233 -0.25305588 -0.00274895  0.78905014
   0.82783344 -1.05841154  0.95543623 -0.08103322 -0.0624901  -0.0024992 ]], Action: [[ 0.5957493  -0.29280677  1.        ]], Reward: [1.8209532],Reward_sum: 67.401123046875, Done: [False]
==========
t: 40, State: [[ 2.28664944e-01  1.25570342e+00  9.59847232e-02 -2.59092416e-01
  -8.23319412e-03  7.89043102e-01  6.47590638e-01 -1.13281304e+00
  -7.30451475e-01 -1.42645919e+00 -1.30728580e+00  3.65948113e-04]], Action: [[-1. -1.  1.]], Reward: [1.7347281],Reward_sum: 69.13584899902344, Done: [False]
==========
t: 41, State: [[ 0.2341403   1.24614788  0.09018808 -0.27343866 -0.01301977  0.7890335
   0.7211436  -1.25604838 -0.71846396 -2.15903665  0.10900166 -0.00236354]], Action: [[-0.43085042  1.          1.        ]], Reward: [1.6822336],Reward_sum: 70.81808471679688, Done: [False]
==========
t: 42, State: [[ 0.24030845  1.23582166  0.08973642 -0.28491303 -0.01122866  0.78901539
   0.8209724  -1.32499861  0.60399555 -0.71140408  0.33867276 -0.00212922]], Action: [[1.        0.2543408 1.       ]], Reward: [1.7689546],Reward_sum: 72.5870361328125, Done: [False]
==========
t: 43, State: [[ 2.46146767e-01  1.22490571e+00  8.78270624e-02 -2.95967962e-01
  -1.35168616e-02  7.89012336e-01  6.38538190e-01 -1.40474307e+00
  -1.07950983e+00 -2.05066460e+00 -9.09449953e-01  9.52452740e-04]], Action: [[-1. -1.  1.]], Reward: [1.7267894],Reward_sum: 74.31382751464844, Done: [False]
==========
t: 44, State: [[ 0.2517511   1.21323667  0.08247591 -0.31129945 -0.01544314  0.78900729
   0.76252366 -1.51205469 -0.25897332 -1.78245968  0.42643009 -0.00181673]], Action: [[0.25127503 1.         1.        ]], Reward: [1.6984789],Reward_sum: 76.0123062133789, Done: [False]
==========
t: 45, State: [[ 2.57723932e-01  1.20102430e+00  8.31340921e-02 -3.19203121e-01
  -1.79489761e-02  7.89004829e-01  7.30885828e-01 -1.54068321e+00
   4.22445217e-01 -1.95622344e-01 -1.05107832e+00  8.49611670e-04]], Action: [[ 1. -1.  1.]], Reward: [1.7436035],Reward_sum: 77.75591278076172, Done: [False]
==========
t: 46, State: [[ 2.63686356e-01  1.18814191e+00  8.38460724e-02 -3.27059496e-01
  -2.04268274e-02  7.89000716e-01  7.59501065e-01 -1.68025561e+00
  -2.43378338e-01 -1.76631707e+00  4.29811213e-01 -1.54201278e-03]], Action: [[-1.  1.  1.]], Reward: [1.7423031],Reward_sum: 79.49821472167969, Done: [False]
==========
t: 47, State: [[ 2.69638630e-01  1.17459040e+00  8.46276455e-02 -3.34836501e-01
  -2.29063445e-02  7.89000134e-01  7.28774705e-01 -1.70727771e+00
   4.37697404e-01 -1.80100503e-01 -1.04788036e+00  1.04946161e-03]], Action: [[ 1. -1.  1.]], Reward: [1.7410343],Reward_sum: 81.23925018310547, Done: [False]
==========
t: 48, State: [[ 0.27561348  1.16042489  0.08544195 -0.34258638 -0.02540043  0.78899406
   0.79825541 -1.77933921 -0.25346511 -1.77482842  0.37957807 -0.00543792]], Action: [[-1.  1.  1.]], Reward: [1.7438558],Reward_sum: 82.98310852050781, Done: [False]
==========
t: 49, State: [[ 0.28249488  1.14732953  0.08540064 -0.35075312 -0.02887592  0.78892792
   0.92043105 -1.50250511  0.24908701 -0.26856201 -1.24756965 -0.01015415]], Action: [[ 1. -1.  1.]], Reward: [1.8571749],Reward_sum: 84.84028625488281, Done: [False]
==========
t: 50, State: [[ 0.29072453  1.13579155  0.08449533 -0.35965708 -0.03402023  0.78880612
   1.13592884 -1.38892658 -0.46755724 -1.95541096 -0.04248403 -0.01873783]], Action: [[-1.  1.  1.]], Reward: [2.0257063],Reward_sum: 86.8659896850586, Done: [False]
==========
t: 51, State: [[ 0.30027534  1.12546181  0.08324192 -0.36929738 -0.04041643  0.78868255
   1.24743339 -1.20058291  0.15496265 -0.45402297 -1.54866623 -0.01213953]], Action: [[ 1.        -0.9070051  1.       ]], Reward: [2.1910288],Reward_sum: 89.05702209472656, Done: [False]
==========
t: 52, State: [[ 0.31097153  1.11600754  0.08175972 -0.37960402 -0.04782346  0.78847588
   1.42439423 -1.16905176 -0.5204068  -2.11953767 -0.30375984 -0.03554814]], Action: [[-1.          1.          0.54574955]], Reward: [2.3347266],Reward_sum: 91.3917465209961, Done: [False]
==========
t: 53, State: [[ 0.32325248  1.10705507  0.08247396 -0.39104969 -0.05112447  0.78827092
   1.64328772 -1.07347217  0.69948253 -0.74213056 -0.51751151 -0.0171581 ]], Action: [[1.         0.07998832 1.        ]], Reward: [2.533112],Reward_sum: 93.92485809326172, Done: [False]
==========
t: 54, State: [[ 0.33603856  1.09849754  0.08177746 -0.40262807 -0.05835534  0.78806302
   1.54730651 -1.07307532 -0.87195999 -2.14681595 -1.28021539 -0.03159963]], Action: [[-1.         -0.61351514  0.32504544]], Reward: [2.5967782],Reward_sum: 96.52163696289062, Done: [False]
==========
t: 55, State: [[ 0.34937081  1.08987529  0.07851099 -0.4186907  -0.06401859  0.78740567
   1.78541524 -1.08512961  0.05823158 -1.86935287 -0.13813713 -0.13242438]], Action: [[0.30995762 1.         0.13927743]], Reward: [2.6654148],Reward_sum: 99.18704986572266, Done: [False]
==========
t: 56, State: [[ 0.36354796  1.08127886  0.07927041 -0.43024058 -0.0706777   0.78664571
   1.7550541  -1.06801058  0.13176226 -1.01669701 -1.51842618 -0.06375673]], Action: [[ 0.511558   -0.9504676   0.34211168]], Reward: [2.7708626],Reward_sum: 101.95791625976562, Done: [False]
==========
t: 57, State: [[ 0.37783782  1.07241982  0.07893159 -0.44314101 -0.07688897  0.78046184
   1.81446387 -1.15090858 -0.21411959 -2.20507877 -0.03283431 -1.47518019]], Action: [[-0.7384777   1.         -0.92407656]], Reward: [2.7838326],Reward_sum: 104.74174499511719, Done: [False]
==========
t: 58, State: [[ 0.39265054  1.06308676  0.08028235 -0.45637211 -0.07926428  0.77077948
   1.88890478 -1.18302894  0.55247081 -1.10437574 -0.56103634 -0.94645278]], Action: [[ 0.7451674  -0.25610563  0.41996944]], Reward: [2.8507936],Reward_sum: 107.59253692626953, Done: [False]
==========
t: 59, State: [[ 0.40748271  1.05324245  0.08046565 -0.47106282 -0.08190867  0.75746614
   1.8183808  -1.2803098  -0.50297115 -2.56618927 -0.10120827 -2.3803433 ]], Action: [[-1.          0.20678338 -1.        ]], Reward: [2.851978],Reward_sum: 110.44451141357422, Done: [False]
==========
t: 60, State: [[ 0.42244819  1.04272733  0.08045383 -0.48785278 -0.08105703  0.73858027
   1.92552566 -1.34849515  0.50394559 -1.63467126  0.30759023 -2.34754257]], Action: [[0.6638393  0.3775392  0.05042968]], Reward: [2.8700988],Reward_sum: 113.31461334228516, Done: [False]
==========
t: 61, State: [[ 0.43781733  1.03165574  0.08401045 -0.50203964 -0.07745896  0.71410387
   1.91668456 -1.41928925  0.38464733 -1.9115702   0.59179298 -3.76990066]], Action: [[-0.19141813  0.15265527 -1.        ]], Reward: [2.9200828],Reward_sum: 116.23469543457031, Done: [False]
==========
t: 62, State: [[ 0.4535167   1.02024377  0.0920681  -0.51148264 -0.07255656  0.67829803
   2.00837511 -1.43348591  1.62705921 -0.45101125  0.63409353 -5.17987199]], Action: [[ 1.        0.077333 -1.      ]], Reward: [2.9604156],Reward_sum: 119.19511413574219, Done: [False]
==========
t: 63, State: [[ 0.46994363  1.00987823  0.10338483 -0.52150419 -0.0601384   0.63755806
   2.10024271 -1.15141134  1.2139052  -2.05350993  2.47820102 -4.96728118]], Action: [[-1.         0.9127438 -1.       ]], Reward: [3.0505333],Reward_sum: 122.24565124511719, Done: [False]
==========
t: 64, State: [[ 0.48703754  1.002507    0.1167875  -0.53178243 -0.0441048   0.599415
   2.17343956 -0.69687261  2.13019082 -0.51735309  1.52682558 -4.59372161]], Action: [[ 1. -1. -1.]], Reward: [3.1337385],Reward_sum: 125.37938690185547, Done: [False]
==========
t: 65, State: [[ 0.5043495   0.99802207  0.12994849 -0.54184026 -0.02972121  0.56301674
   2.15281587 -0.43241594  1.15580358 -1.99376463  2.06139226 -4.53794605]], Action: [[-1.         -0.03133291 -1.        ]], Reward: [3.1619942],Reward_sum: 128.5413818359375, Done: [False]
==========
t: 66, State: [[ 0.52178262  0.99607338  0.14187078 -0.55249101 -0.0171977   0.52696836
   2.20554124 -0.05876977  1.81729663 -0.66996124  1.0668425  -4.4955776 ]], Action: [[ 0.8453192 -1.        -1.       ]], Reward: [3.1764247],Reward_sum: 131.71780395507812, Done: [False]
==========
t: 67, State: [[ 5.39547630e-01  9.96190007e-01  1.53680841e-01 -5.64015276e-01
  -3.42163214e-03  4.89680743e-01  2.23313770e+00  7.94543104e-02
   1.13162568e+00 -2.20754141e+00  2.36823516e+00 -4.85613292e+00]], Action: [[-1.         0.6045946 -1.       ]], Reward: [3.2182612],Reward_sum: 134.93606567382812, Done: [False]
==========
t: 68, State: [[ 0.55747656  0.99815368  0.16434499 -0.5765298   0.01015386  0.45010733
   2.25054155  0.41033628  1.5306602  -0.92321011  1.03696149 -5.04965289]], Action: [[ 0.790379 -1.       -1.      ]], Reward: [3.2384918],Reward_sum: 138.174560546875, Done: [False]
==========
t: 69, State: [[ 0.5749368   1.00238374  0.17004547 -0.58927127  0.01537283  0.40853602
   2.11934878  0.64066483 -0.07918567 -2.26628322  0.34251236 -5.3646543 ]], Action: [[-1.         0.9769739 -1.       ]], Reward: [3.1795757],Reward_sum: 141.35414123535156, Done: [False]
==========
t: 70, State: [[ 0.5918436   1.00841967  0.16794078 -0.6075905   0.01649017  0.36391351
   2.11006492  0.8630127  -0.43294324 -2.31712252 -0.01906454 -5.80823232]], Action: [[-0.08594172  0.8014877  -1.        ]], Reward: [3.1116996],Reward_sum: 144.46583557128906, Done: [False]
==========
t: 71, State: [[ 0.60896505  1.01618266  0.16586821 -0.62343936  0.01562822  0.31532296
   2.1717078   1.07427435 -0.07989615 -1.6478671  -0.17325129 -6.35239022]], Action: [[ 0.42948514  1.         -1.        ]], Reward: [3.1379976],Reward_sum: 147.60382080078125, Done: [False]
==========
t: 72, State: [[ 0.62640177  1.02550617  0.16449889 -0.63650774  0.01399901  0.26212914
   2.18766944  1.2542707  -0.26200643 -1.61976109 -0.22223273 -6.95533534]], Action: [[-0.01075702  1.         -1.        ]], Reward: [3.177589],Reward_sum: 150.78140258789062, Done: [False]
==========
t: 73, State: [[ 0.6441001   1.03625761  0.16309071 -0.64772948  0.01220072  0.20388861
   2.23676317  1.43201485 -0.0920325  -1.18623656 -0.22153409 -7.61172182]], Action: [[ 0.27435791  1.         -1.        ]], Reward: [3.2102172],Reward_sum: 153.9916229248047, Done: [False]
==========
t: 74, State: [[ 0.66226149  1.0484186   0.16379853 -0.65456493  0.01051291  0.14023279
   2.30313105  1.6070413   0.26576512 -0.5230794  -0.19798675 -8.3074963 ]], Action: [[ 0.4368173  1.        -1.       ]], Reward: [3.2679825],Reward_sum: 157.25961303710938, Done: [False]
==========
t: 75, State: [[ 0.6803338   1.06178358  0.16094271 -0.6633007   0.00908025  0.07100177
   2.21367951  1.73287316 -0.98287909 -1.65843851 -0.16042391 -9.00440049]], Action: [[-0.82474655  1.         -1.        ]], Reward: [3.256358],Reward_sum: 160.51597595214844, Done: [False]
==========
t: 76, State: [[ 6.98446749e-01  1.07635017e+00  1.56210989e-01 -6.71744921e-01
   7.90443084e-03 -4.05761160e-03  2.31386302e+00  1.90767516e+00
  -2.03396223e-01 -4.53769100e-01 -1.33284030e-01 -9.76520423e+00]], Action: [[ 0.80843645  1.         -1.        ]], Reward: [3.2614653],Reward_sum: 163.77743530273438, Done: [False]
==========
t: 77, State: [[ 7.17253500e-01  1.09225736e+00  1.56703416e-01 -6.71659938e-01
   6.94928079e-03 -8.52976076e-02  2.38698258e+00  2.06755598e+00
   3.24511548e-01  4.74361177e-01 -1.06020545e-01 -1.00000000e+01]], Action: [[ 0.6190959  1.        -1.       ]], Reward: [3.3484607],Reward_sum: 167.1259002685547, Done: [False]
==========
t: 78, State: [[ 7.35840962e-01  1.10917116e+00  1.53281068e-01 -6.73402017e-01
   6.23020848e-03 -1.72760501e-01  2.25787687e+00  2.15896645e+00
  -1.18310882e+00 -9.06658458e-01 -7.54286337e-02 -1.00000000e+01]], Action: [[-1.  1. -1.]], Reward: [3.320433],Reward_sum: 170.4463348388672, Done: [False]
==========
t: 79, State: [[ 7.54273921e-01  1.12704528e+00  1.47305797e-01 -6.75189011e-01
   5.68085927e-03 -2.66728945e-01  2.34877779e+00  2.30702238e+00
  -3.12544499e-01  4.58913673e-01 -6.19691059e-02 -1.00000000e+01]], Action: [[ 0.9157388  1.        -1.       ]], Reward: [3.3012812],Reward_sum: 173.74761962890625, Done: [False]
==========
t: 80, State: [[ 7.72535328e-01  1.14577369e+00  1.39445192e-01 -6.76114098e-01
   5.27137861e-03 -3.67527384e-01  2.21509364e+00  2.37274443e+00
  -1.65260232e+00 -6.87947355e-01 -4.17761550e-02 -1.00000000e+01]], Action: [[-0.84547585  1.         -1.        ]], Reward: [3.279961],Reward_sum: 177.027587890625, Done: [False]
==========
t: 81, State: [[ 7.90574071e-01  1.16523655e+00  1.30070371e-01 -6.75640245e-01
   4.95678401e-03 -4.75464199e-01  2.29358741e+00  2.49019887e+00
  -6.89429781e-01  8.04528022e-01 -3.66663321e-02 -1.00000000e+01]], Action: [[ 0.99840766  1.         -1.        ]], Reward: [3.251846],Reward_sum: 180.27943420410156, Done: [False]
==========
t: 82, State: [[ 8.08343240e-01  1.18518622e+00  1.19345543e-01 -6.73884282e-01
   4.71622248e-03 -5.91176918e-01  2.15019444e+00  2.46294285e+00
  -1.94691390e+00 -3.71337865e-01 -2.65714698e-02 -1.00000000e+01]], Action: [[-0.85644203  1.         -1.        ]], Reward: [3.2184126],Reward_sum: 183.4978485107422, Done: [False]
==========
t: 83, State: [[ 8.25846171e-01  1.20480336e+00  1.08314850e-01 -6.70973814e-01
   4.48629480e-03 -7.17215142e-01  2.22413233e+00  2.44022344e+00
  -8.11580493e-01  1.09789857e+00 -2.97089593e-02 -1.00000000e+01]], Action: [[ 1.  1. -1.]], Reward: [3.1848664],Reward_sum: 186.68270874023438, Done: [False]
==========
t: 84, State: [[ 8.43144934e-01  1.22357319e+00  9.74139801e-02 -6.67511018e-01
   4.23474156e-03 -8.42411360e-01  2.14329044e+00  2.17515900e+00
  -1.73840537e+00 -2.79224431e-01 -3.99823896e-02 -1.00000000e+01]], Action: [[-0.92684275  0.86897457 -1.        ]], Reward: [3.1597311],Reward_sum: 189.84243774414062, Done: [False]
==========
t: 85, State: [[ 8.61171896e-01  1.23998995e+00  9.02987733e-02 -6.64509116e-01
   3.87631773e-03 -9.01538171e-01  2.35604221e+00  1.95182891e+00
  -8.19303528e-02  1.03789202e+00 -4.55173648e-02 -3.96326423e+00]], Action: [[ 1.  1. -1.]], Reward: [3.2503703],Reward_sum: 193.09280395507812, Done: [False]
==========
t: 86, State: [[ 0.87978917  1.25468334  0.08564865 -0.6622176   0.00358348 -0.91585209
   2.29241527  1.73281895 -1.10499195 -0.45623759 -0.02779607 -0.08300253]], Action: [[-1.  1. -1.]], Reward: [3.324159],Reward_sum: 196.41696166992188, Done: [False]
==========
t: 87, State: [[ 0.89871822  1.26821798  0.08226524 -0.6602773   0.00338378 -0.90802169
   2.43618377  1.65638254  0.24457916  0.94346256 -0.02161889  1.80139849]], Action: [[1. 1. 1.]], Reward: [3.363132],Reward_sum: 199.78009033203125, Done: [False]
==========
t: 88, State: [[ 9.18502847e-01  1.28111025e+00  8.69469162e-02 -6.49973429e-01
   3.09867102e-03 -8.87902648e-01  2.50989956e+00  1.56614171e+00
   9.26365529e-01  1.63156854e+00 -4.55290452e-02  3.22625713e+00]], Action: [[0.50011975 0.2934229  1.        ]], Reward: [3.4717417],Reward_sum: 203.2518310546875, Done: [False]
==========
t: 89, State: [[ 9.38705304e-01  1.29322327e+00  9.54600615e-02 -6.35861334e-01
   2.35502096e-03 -8.56386466e-01  2.54034437e+00  1.46174007e+00
   1.20119676e+00  1.89637366e+00 -1.39948973e-01  4.65083969e+00]], Action: [[0.20118833 0.00496873 1.        ]], Reward: [3.5242665],Reward_sum: 206.77609252929688, Done: [False]
==========
t: 90, State: [[ 9.58907153e-01  1.30451278e+00  1.04446258e-01 -6.20647462e-01
  -8.11653322e-04 -8.13401134e-01  2.50984391e+00  1.36042536e+00
   1.04513229e+00  1.90725117e+00 -6.50777331e-01  6.09342919e+00]], Action: [[-0.00330546 -0.32754192  1.        ]], Reward: [3.524124],Reward_sum: 210.3002166748047, Done: [False]
==========
t: 91, State: [[ 9.78808039e-01  1.31493114e+00  1.11354370e-01 -6.06609789e-01
  -7.48509446e-03 -7.58939983e-01  2.46508629e+00  1.24400653e+00
   6.81784980e-01  1.60274446e+00 -1.01672837e+00  7.51971912e+00]], Action: [[-0.21577786 -0.24317321  1.        ]], Reward: [3.486505],Reward_sum: 213.78672790527344, Done: [False]
==========
t: 92, State: [[ 0.99853217  1.32425811  0.11562773 -0.59666393 -0.0135541  -0.693309
   2.46557835  1.0877437   0.38581987  0.88495766 -0.50048792  8.88594584]], Action: [[-0.45094287  0.39070544  1.        ]], Reward: [3.4641607],Reward_sum: 217.25088500976562, Done: [False]
==========
t: 93, State: [[ 1.01809463  1.33231139  0.1158595  -0.59428871 -0.01542904 -0.61805984
   2.42468502  0.92550583 -0.32812529 -0.28932225  0.03164985  9.92461377]], Action: [[-0.7774982   0.35946652  0.7779387 ]], Reward: [3.4439688],Reward_sum: 220.69485473632812, Done: [False]
==========
t: 94, State: [[ 1.03783028  1.33950349  0.11778087 -0.59076203 -0.01627986 -0.53597488
   2.50870788  0.87220226  0.80614768  1.16956657 -0.24335072 10.        ]], Action: [[ 1.         -0.09525034  0.521543  ]], Reward: [3.4656742],Reward_sum: 224.1605224609375, Done: [False]
==========
t: 95, State: [[ 1.05738949  1.34601096  0.11907355 -0.5871127  -0.0182751  -0.45233776
   2.3816205   0.75517216 -0.48139475 -0.2557903  -0.25584665 10.        ]], Action: [[-1.         -0.12255773 -0.15099984]], Reward: [3.443864],Reward_sum: 227.60440063476562, Done: [False]
==========
t: 96, State: [[ 1.07688791  1.35180426  0.12030538 -0.58343661 -0.01996849 -0.3676224
   2.49245094  0.69298714  0.78668521  1.17347041 -0.16680088 10.        ]], Action: [[1.         0.16792533 0.45380557]], Reward: [3.4360685],Reward_sum: 231.04046630859375, Done: [False]
==========
t: 97, State: [[ 1.09632541  1.35690313  0.12143166 -0.57975966 -0.02129441 -0.28238305
   2.36752152  0.58223676 -0.50327961 -0.25285347 -0.16521167 10.        ]], Action: [[-1.         -0.11655208 -0.24264517]], Reward: [3.4286153],Reward_sum: 234.46908569335938, Done: [False]
==========
t: 98, State: [[ 1.11579907  1.36130574  0.12291981 -0.57615427 -0.02099539 -0.1977062
   2.5003944   0.5183242   0.87257542  1.1528746   0.24028274 10.        ]], Action: [[1.         0.39104518 0.27479845]], Reward: [3.4329782],Reward_sum: 237.90206909179688, Done: [False]
==========
t: 99, State: [[ 1.13537436  1.36501944  0.12504317 -0.572716   -0.01820757 -0.11460672
   2.3940573   0.41063341 -0.33963279 -0.29194479  0.45576622 10.        ]], Action: [[-1.          0.03673449 -0.41035134]], Reward: [3.4457424],Reward_sum: 241.34780883789062, Done: [False]
==========
t: 100, State: [[ 1.15493506  1.36808813  0.12720542 -0.56928349 -0.01451262 -0.03229367
   2.49570549  0.35645206  0.87760176  1.1486325   0.46868683 10.        ]], Action: [[1.         0.10642806 0.39270023]], Reward: [3.443922],Reward_sum: 244.79173278808594, Done: [False]
==========
t: 101, State: [[ 1.17451577e+00  1.37052816e+00  1.29528956e-01 -5.65919729e-01
  -9.46824083e-03  4.84068269e-02  2.40007833e+00  2.53971983e-01
  -2.94278669e-01 -3.06334065e-01  7.91261572e-01  9.65214094e+00]], Action: [[-1.          0.11200902 -0.5497392 ]], Reward: [3.4462733],Reward_sum: 248.23800659179688, Done: [False]
==========
t: 102, State: [[ 1.19392175e+00  1.37236321e+00  1.31008026e-01 -5.62380215e-01
  -5.85610829e-03  1.30525673e-01  2.45112339e+00  2.04980516e-01
   6.61120734e-01  1.18965923e+00  1.13456697e-01  1.00000000e+01]], Action: [[ 1.         -0.3802658   0.89160293]], Reward: [3.4238086],Reward_sum: 251.6618194580078, Done: [False]
==========
t: 103, State: [[ 1.21311452e+00  1.37363891e+00  1.31383576e-01 -5.58647736e-01
  -4.20621582e-03  2.13536170e-01  2.34770163e+00  1.14140149e-01
  -5.64362506e-01 -2.55253604e-01  2.97842535e-01  9.87829356e+00]], Action: [[-1.          0.00515303 -0.64141786]], Reward: [3.3976848],Reward_sum: 255.0594940185547, Done: [False]
==========
t: 104, State: [[ 1.23239972e+00  1.37433813e+00  1.32201817e-01 -5.55022453e-01
  -4.40456342e-04  2.93261604e-01  2.47325484e+00  6.06964405e-02
   7.66539422e-01  1.16010922e+00  6.43808815e-01  1.00000000e+01]], Action: [[1.         0.3384482  0.19269472]], Reward: [3.4094985],Reward_sum: 258.468994140625, Done: [False]
==========
t: 105, State: [[ 1.25162617e+00  1.37452003e+00  1.32642713e-01 -5.51362018e-01
   3.31645752e-03  3.70407290e-01  2.33394361e+00 -1.51053319e-02
  -6.53436126e-01 -2.43748404e-01  2.93931509e-01  9.23467185e+00]], Action: [[-1.          0.14048031 -0.53839946]], Reward: [3.4019961],Reward_sum: 261.8710021972656, Done: [False]
==========
t: 106, State: [[ 1.27063147e+00  1.37422921e+00  1.31857083e-01 -5.47456109e-01
   4.70994859e-03  4.46607483e-01  2.41892095e+00 -5.81683400e-02
   4.63837752e-01  1.21662959e+00  7.84651637e-02  9.81361118e+00]], Action: [[1.         0.2000381  0.45261824]], Reward: [3.374418],Reward_sum: 265.24542236328125, Done: [False]
==========
t: 107, State: [[ 1.28950873e+00  1.37344420e+00  1.30294147e-01 -5.43437632e-01
   4.91661768e-03  5.21176031e-01  2.30177816e+00 -1.38752612e-01
  -8.46611143e-01 -2.11724539e-01 -1.51067275e-02  8.82927568e+00]], Action: [[-1.          0.24174693 -0.6479637 ]], Reward: [3.3581786],Reward_sum: 268.6036071777344, Done: [False]
==========
t: 108, State: [[ 1.30831492e+00  1.37212697e+00  1.28246822e-01 -5.39342224e-01
   4.56769314e-03  5.94872199e-01  2.40011914e+00 -1.90351979e-01
   3.35003855e-01  1.23338902e+00 -6.43926758e-02  9.59355602e+00]], Action: [[1.         0.26719835 0.5848106 ]], Reward: [3.34936],Reward_sum: 271.9529724121094, Done: [False]
==========
t: 109, State: [[ 1.32708340e+00  1.37028618e+00  1.25868587e-01 -5.35234919e-01
   4.08684234e-03  6.66794804e-01  2.29243816e+00 -2.70365537e-01
  -9.25851478e-01 -2.05262563e-01 -5.54644896e-02  8.38859068e+00]], Action: [[-1.          0.57357967 -0.8008051 ]], Reward: [3.3440905],Reward_sum: 275.29705810546875, Done: [False]
==========
t: 110, State: [[ 1.34582662e+00  1.36791021e+00  1.23227844e-01 -5.31100395e-01
   3.53748783e-03  7.37408573e-01  2.39355571e+00 -3.23200926e-01
   2.64746982e-01  1.23692266e+00 -7.71453108e-02  9.26365269e+00]], Action: [[1.         0.10053852 0.66033477]], Reward: [3.341456],Reward_sum: 278.6385192871094, Done: [False]
==========
t: 111, State: [[ 1.36455195e+00  1.36504336e+00  1.20387743e-01 -5.26975146e-01
   3.07755914e-03  8.04420705e-01  2.28448628e+00 -3.72668160e-01
  -9.68262077e-01 -1.99894648e-01 -3.93964426e-02  6.49773406e+00]], Action: [[-1.         0.6828575 -0.9059028]], Reward: [3.33838],Reward_sum: 281.97686767578125, Done: [False]
==========
t: 112, State: [[ 1.38315055  1.36230268  0.11751542 -0.5227078   0.00261375  0.83831418
   2.36534076 -0.32266511  0.24529379  1.26405997 -0.08872685  2.40635459]], Action: [[ 1.         -0.06646794  1.        ]], Reward: [3.32282],Reward_sum: 285.2996826171875, Done: [False]
==========
t: 113, State: [[ 1.40204710e+00  1.35960153e+00  1.19654335e-01 -5.12465924e-01
   2.04545383e-03  8.47863112e-01  2.35946372e+00 -3.58237336e-01
   2.87727729e-01  1.29552368e+00 -5.62641944e-02  2.37085788e-01]], Action: [[ 0.02290636  0.2626855  -0.44463643]], Reward: [3.3618016],Reward_sum: 288.6614990234375, Done: [False]
==========
t: 114, State: [[ 1.42065465e+00  1.35640016e+00  1.18860826e-01 -5.05861613e-01
   1.79115527e-03  8.45349196e-01  2.29275931e+00 -4.44666862e-01
  -4.87781601e-01  3.56455339e-01 -1.25355588e-02 -7.29070622e-01]], Action: [[-0.6462599   0.7504453   0.26205277]], Reward: [3.324894],Reward_sum: 291.98638916015625, Done: [False]
==========
t: 115, State: [[ 1.43934432e+00  1.35267998e+00  1.19388501e-01 -4.97835301e-01
   1.77509981e-03  8.37971227e-01  2.37941003e+00 -4.87088109e-01
   6.17195704e-01  1.64860884e+00  5.99494590e-03 -1.04863255e+00]], Action: [[0.8979044  0.84168863 1.        ]], Reward: [3.3336945],Reward_sum: 295.320068359375, Done: [False]
==========
t: 116, State: [[ 1.45796600e+00  1.34832155e+00  1.19346967e-01 -4.90450912e-01
   1.68801132e-03  8.29259655e-01  2.27660395e+00 -6.02932040e-01
  -6.25847250e-01  1.98833059e-01 -2.63744759e-02 -1.09438577e+00]], Action: [[-1.         -0.10553798  0.65608555]], Reward: [3.326268],Reward_sum: 298.6463317871094, Done: [False]
==========
t: 117, State: [[ 1.47657572e+00  1.34330246e+00  1.19291472e-01 -4.83103469e-01
   1.63236432e-03  8.20912480e-01  2.37521868e+00 -6.52349016e-01
   6.08901005e-01  1.63672141e+00  8.05730012e-03 -9.79980435e-01]], Action: [[1. 1. 1.]], Reward: [3.3232152],Reward_sum: 301.96954345703125, Done: [False]
==========
t: 118, State: [[ 1.49516373e+00  1.33761158e+00  1.19135537e-01 -4.75811265e-01
   1.44480895e-03  8.13607013e-01  2.27212516e+00 -7.70126251e-01
  -6.46637880e-01  1.87947859e-01 -5.52242910e-02 -8.40703905e-01]], Action: [[-1.         -0.12607977  0.60231084]], Reward: [3.3221219],Reward_sum: 305.2916564941406, Done: [False]
==========
t: 119, State: [[ 1.51374140e+00  1.33124146e+00  1.18947338e-01 -4.68556818e-01
   1.24903988e-03  8.07583105e-01  2.37146462e+00 -8.22506264e-01
   5.95730309e-01  1.62460943e+00 -3.45568506e-04 -6.68226401e-01]], Action: [[1. 1. 1.]], Reward: [3.3192096],Reward_sum: 308.61090087890625, Done: [False]
==========
t: 120, State: [[ 1.53229677e+00  1.32419714e+00  1.18649010e-01 -4.61355937e-01
   8.95998895e-04  8.02742173e-01  2.26770099e+00 -9.38217011e-01
  -6.68930486e-01  1.77242747e-01 -8.79186155e-02 -5.42655376e-01]], Action: [[-1.         -0.14444456  0.4778204 ]], Reward: [3.318172],Reward_sum: 311.9290771484375, Done: [False]
==========
t: 121, State: [[ 1.55084587e+00  1.31647622e+00  1.18340599e-01 -4.54196332e-01
   5.90942954e-04  7.98984748e-01  2.36866576e+00 -9.92004262e-01
   5.87607315e-01  1.61169837e+00  4.07173394e-03 -4.02816243e-01]], Action: [[1. 1. 1.]], Reward: [3.315637],Reward_sum: 315.2447204589844, Done: [False]
==========
t: 122, State: [[ 1.56957485e+00  1.30813392e+00  1.20280785e-01 -4.44552339e-01
   5.98309617e-04  7.96014175e-01  2.31385722e+00 -1.09330615e+00
  -1.01519919e-01  8.00123944e-01 -1.53927085e-03 -3.38531842e-01]], Action: [[-0.5547125   0.03002509  0.1124363 ]], Reward: [3.3408012],Reward_sum: 318.58551025390625, Done: [False]
==========
t: 123, State: [[ 1.58796809e+00  1.29905277e+00  1.17989887e-01 -4.40023421e-01
   8.21311864e-04  7.91534768e-01  2.28374191e+00 -1.17665634e+00
  -4.74716668e-01  3.33518533e-01  4.67885075e-02 -7.80349084e-01]], Action: [[-0.3183825   0.98059213 -0.31151548]], Reward: [3.2979949],Reward_sum: 321.8835144042969, Done: [False]
==========
t: 124, State: [[ 1.60638129e+00  1.28932415e+00  1.15998563e-01 -4.35239171e-01
   1.22347719e-03  7.86992287e-01  2.31914125e+00 -1.25484903e+00
  -2.43998249e-02  8.62285609e-01  5.13949879e-02 -3.85329327e-01]], Action: [[0.36905152 1.         0.31712794]], Reward: [3.3004134],Reward_sum: 325.1839294433594, Done: [False]
==========
t: 125, State: [[ 1.62482317e+00  1.27901984e+00  1.14733286e-01 -4.29582199e-01
   1.59437272e-03  7.79907598e-01  2.29138195e+00 -1.32119531e+00
  -2.91619929e-01  5.52312968e-01  4.14227466e-02 -1.38464334e+00]], Action: [[-0.2150362   0.77574897 -0.7039816 ]], Reward: [3.3040915],Reward_sum: 328.4880065917969, Done: [False]
==========
t: 126, State: [[ 1.64277942e+00  1.26799665e+00  1.07499452e-01 -4.30965093e-01
   1.94289304e-03  7.68925037e-01  2.19767557e+00 -1.43486183e+00
  -1.51610691e+00 -8.96133346e-01  4.41798134e-02 -1.36096108e+00]], Action: [[-1.          1.          0.00465418]], Reward: [3.242531],Reward_sum: 331.73052978515625, Done: [False]
==========
t: 127, State: [[ 1.66075588e+00  1.25619790e+00  1.00252111e-01 -4.32347424e-01
   2.24153375e-03  7.63753552e-01  2.29641270e+00 -1.51450242e+00
  -2.96737475e-01  5.48730311e-01  3.12236196e-02  6.63620737e-02]], Action: [[1. 1. 1.]], Reward: [3.2440577],Reward_sum: 334.974609375, Done: [False]
==========
t: 128, State: [[ 1.67915208  1.24390401  0.09873185 -0.42693535  0.00248404  0.75856607
   2.30253176 -1.55904772 -0.08375316  0.80404091  0.02890587 -1.36151935]], Action: [[ 0.17341687  1.         -1.        ]], Reward: [3.2974946],Reward_sum: 338.2720947265625, Done: [False]
==========
t: 129, State: [[ 1.69717006  1.23106609  0.093136   -0.42628246  0.00265442  0.7436511
   2.20219429 -1.65055935 -1.31361975 -0.63916417  0.01497114 -2.36606046]], Action: [[-1.          0.69850624 -0.7171421 ]], Reward: [3.250246],Reward_sum: 341.5223388671875, Done: [False]
==========
t: 130, State: [[ 1.71517004e+00  1.21758282e+00  8.75050243e-02 -4.25605409e-01
   2.70360427e-03  7.28711906e-01  2.29781879e+00 -1.72021696e+00
  -9.45074160e-02  8.06502435e-01 -7.45687130e-04 -1.37002678e+00]], Action: [[1.        0.7510673 0.6925347]], Reward: [3.2479532],Reward_sum: 344.7702941894531, Done: [False]
==========
t: 131, State: [[ 1.73316457  1.20347826  0.08203125 -0.42471881  0.00271721  0.71275136
   2.20088798 -1.80596619 -1.27318132 -0.5830985   0.00352899 -2.6185773 ]], Action: [[-0.9629197   0.7695576  -0.88772666]], Reward: [3.247009],Reward_sum: 348.0173034667969, Done: [False]
==========
t: 132, State: [[ 1.75112994e+00  1.18884803e+00  7.67470133e-02 -4.23573980e-01
   2.71842542e-03  6.91547477e-01  2.29035341e+00 -1.85152205e+00
  -4.88800633e-02  8.67493806e-01 -2.43073889e-03 -2.68238798e+00]], Action: [[ 1.          0.80294454 -0.05171656]], Reward: [3.2440236],Reward_sum: 351.2613220214844, Done: [False]
==========
t: 133, State: [[ 1.76905095e+00  1.17370182e+00  7.14617443e-02 -4.22414877e-01
   2.77168866e-03  6.64484237e-01  2.18982114e+00 -1.93490385e+00
  -1.27262719e+00 -5.75707729e-01  1.34615770e-02 -4.08163386e+00]], Action: [[-1.  1. -1.]], Reward: [3.2371268],Reward_sum: 354.4984436035156, Done: [False]
==========
t: 134, State: [[ 1.78691819e+00  1.15805449e+00  6.61501049e-02 -4.21202454e-01
   2.78990799e-03  6.31245275e-01  2.27701835e+00 -1.97691624e+00
  -5.56224660e-02  8.76852257e-01 -6.33261935e-03 -4.22810222e+00]], Action: [[ 1.          0.64151335 -0.11706608]], Reward: [3.23198],Reward_sum: 357.73040771484375, Done: [False]
==========
t: 135, State: [[ 1.80473131e+00  1.14190895e+00  6.07863396e-02 -4.19965638e-01
   2.81819573e-03  5.91861004e-01  2.17611089e+00 -2.05926312e+00
  -1.28593784e+00 -5.65556520e-01  1.10165540e-02 -5.61619192e+00]], Action: [[-1.  1. -1.]], Reward: [3.2236392],Reward_sum: 360.9541015625, Done: [False]
==========
t: 136, State: [[ 1.82244147e+00  1.12520211e+00  5.45753768e-02 -4.19609874e-01
   2.81319256e-03  5.48343679e-01  2.25155028e+00 -2.11749332e+00
  -2.66499346e-01  6.52742841e-01 -9.52378093e-03 -5.26373019e+00]], Action: [[0.83975714 0.6078528  0.22466904]], Reward: [3.2126448],Reward_sum: 364.166748046875, Done: [False]
==========
t: 137, State: [[ 1.84043647e+00  1.10792364e+00  4.84925085e-02 -4.20507654e-01
   2.71995723e-03  4.99842017e-01  2.35554512e+00 -2.20527383e+00
  -9.72699105e-01 -9.73947266e-01 -2.26925414e-02 -7.09608213e+00]], Action: [[-1.          0.67309105 -1.        ]], Reward: [3.2469218],Reward_sum: 367.41363525390625, Done: [False]
==========
t: 138, State: [[ 1.86078122e+00  1.09181226e+00  4.91773803e-02 -4.24484385e-01
   1.95808949e-03  4.46886067e-01  2.69027447e+00 -1.72125892e+00
   1.12521721e+00  1.29126121e-02 -7.42995054e-02 -5.59810606e+00]], Action: [[ 0.8460997   0.31008574 -0.22549444]], Reward: [3.5422316],Reward_sum: 370.95587158203125, Done: [False]
==========
t: 139, State: [[ 1.88224840e+00  1.08040058e+00  5.56623939e-02 -4.30449332e-01
   1.75855106e-03  4.07043769e-01  2.66391906e+00 -1.14192623e+00
   4.36701461e-01 -1.48869023e+00  1.38599253e-02 -4.40455618e+00]], Action: [[-1.          0.96924555 -1.        ]], Reward: [3.6804583],Reward_sum: 374.6363525390625, Done: [False]
==========
t: 140, State: [[ 1.90369146e+00  1.07344365e+00  6.09972994e-02 -4.41776919e-01
   2.03142806e-03  3.75391750e-01  2.69308092e+00 -6.11800220e-01
   8.68446328e-01 -1.33889251e+00  4.84318352e-02 -3.57083858e+00]], Action: [[ 0.10240976  1.         -1.        ]], Reward: [3.6783714],Reward_sum: 378.314697265625, Done: [False]
==========
t: 141, State: [[ 1.92487572e+00  1.07025363e+00  6.36958415e-02 -4.58179598e-01
   2.48501058e-03  3.49030921e-01  2.60109468e+00 -1.99799908e-01
  -2.10690181e-01 -2.75782280e+00  6.11868594e-02 -3.07729412e+00]], Action: [[-1.  1. -1.]], Reward: [3.6450322],Reward_sum: 381.959716796875, Done: [False]
==========
t: 142, State: [[ 1.94585008e+00  1.07022359e+00  6.46713848e-02 -4.77392465e-01
   2.74850283e-03  3.25178320e-01  2.64273155e+00  1.79496334e-01
   4.46139487e-01 -2.04647344e+00  9.98179882e-03 -2.93764797e+00]], Action: [[ 0.46669167  0.08080378 -1.        ]], Reward: [3.6205716],Reward_sum: 385.580322265625, Done: [False]
==========
t: 143, State: [[ 1.96660991e+00  1.07244834e+00  6.35323634e-02 -4.99425621e-01
   2.80065043e-03  3.03842935e-01  2.54587668e+00  3.61980243e-01
  -7.37606424e-01 -3.45921104e+00  3.11503734e-03 -2.45032383e+00]], Action: [[-1.          0.45006624 -0.45144406]], Reward: [3.5935724],Reward_sum: 389.17388916015625, Done: [False]
==========
t: 144, State: [[ 1.98735034e+00  1.07638399e+00  6.26328396e-02 -5.21169714e-01
   2.75290557e-03  2.82589872e-01  2.63954382e+00  6.14902152e-01
   5.06422463e-01 -1.97893834e+00 -1.31217544e-02 -2.89333015e+00]], Action: [[ 0.9988033   0.33542585 -1.        ]], Reward: [3.5904431],Reward_sum: 392.7643127441406, Done: [False]
==========
t: 145, State: [[ 2.00801285e+00  1.08184385e+00  6.15275102e-02 -5.42594343e-01
   2.62193494e-03  2.57747424e-01  2.52471379e+00  7.43721857e-01
  -7.88497681e-01 -3.37427663e+00 -1.86752489e-02 -3.34045123e+00]], Action: [[-1.          0.19023247 -0.9020008 ]], Reward: [3.5809636],Reward_sum: 396.34527587890625, Done: [False]
==========
t: 146, State: [[ 2.02847196e+00  1.08852800e+00  5.87711951e-02 -5.64959108e-01
   2.42153564e-03  2.28243527e-01  2.59022255e+00  9.24326389e-01
   9.43143979e-02 -2.21843754e+00 -2.94867748e-02 -4.05030020e+00]], Action: [[ 0.7695204   0.13505885 -1.        ]], Reward: [3.5557785],Reward_sum: 399.90106201171875, Done: [False]
==========
t: 147, State: [[ 2.04869805e+00  1.09629955e+00  5.41115763e-02 -5.88253725e-01
   2.31107352e-03  1.92896062e-01  2.46455360e+00  1.01607360e+00
  -1.26634372e+00 -3.60179764e+00 -1.48895104e-03 -4.79445694e+00]], Action: [[-1.          0.62912977 -1.        ]], Reward: [3.5258653],Reward_sum: 403.42694091796875, Done: [False]
==========
t: 148, State: [[ 2.06862661e+00  1.10503917e+00  4.68446614e-02 -6.12981764e-01
   2.40050550e-03  1.51273837e-01  2.51735045e+00  1.16851647e+00
  -5.56945691e-01 -2.58116379e+00  2.05930369e-02 -5.61615347e+00]], Action: [[ 0.67201275  1.         -1.        ]], Reward: [3.4886189],Reward_sum: 406.9155578613281, Done: [False]
==========
t: 149, State: [[ 2.08847558e+00  1.11479168e+00  3.95762365e-02 -6.35841293e-01
   2.62495661e-03  1.03081542e-01  2.44374257e+00  1.26896093e+00
  -1.26624325e+00 -3.13189841e+00  3.31616906e-02 -6.43366490e+00]], Action: [[-0.42646587  1.         -1.        ]], Reward: [3.4789388],Reward_sum: 410.3945007324219, Done: [False]
==========
t: 150, State: [[ 2.10821648e+00  1.12554891e+00  3.20359239e-02 -6.56789754e-01
   2.88153770e-03  4.82163418e-02  2.49143426e+00  1.42077151e+00
  -6.23514599e-01 -2.10642609e+00  3.05104518e-02 -7.28362571e+00]], Action: [[ 0.67374897  1.         -1.        ]], Reward: [3.4651594],Reward_sum: 413.8596496582031, Done: [False]
==========
t: 151, State: [[ 2.12818818e+00  1.13746583e+00  2.79320294e-02 -6.71367005e-01
   3.11516597e-03 -1.34340745e-02  2.50105440e+00  1.55857831e+00
  -4.06772189e-01 -1.53813267e+00  2.75613888e-02 -8.12909491e+00]], Action: [[ 0.35690212  1.         -1.        ]], Reward: [3.4943347],Reward_sum: 417.35394287109375, Done: [False]
==========
t: 152, State: [[ 2.14827978e+00  1.15050939e+00  2.60391421e-02 -6.80754374e-01
   3.31705198e-03 -8.18637099e-02  2.52148573e+00  1.70214994e+00
  -6.96864163e-02 -8.09247423e-01  2.28869992e-02 -8.97875077e+00]], Action: [[ 0.47090983  1.         -1.        ]], Reward: [3.5092287],Reward_sum: 420.8631591796875, Done: [False]
==========
t: 153, State: [[ 2.16855540e+00  1.16470645e+00  2.70758876e-02 -6.83988268e-01
   3.48045799e-03 -1.57112444e-01  2.54708817e+00  1.84648127e+00
   3.26827208e-01  9.46953821e-05  1.80598950e-02 -9.83465233e+00]], Action: [[ 0.53002036  1.         -1.        ]], Reward: [3.5321712],Reward_sum: 424.39532470703125, Done: [False]
==========
t: 154, State: [[ 2.18830849e+00  1.17972101e+00  2.35819515e-02 -6.89481891e-01
   3.63859889e-03 -2.39077125e-01  2.38965237e+00  1.90560831e+00
  -1.20283682e+00 -1.37046260e+00  2.06429077e-02 -1.00000000e+01]], Action: [[-1.  1. -1.]], Reward: [3.4661357],Reward_sum: 427.8614501953125, Done: [False]
==========
t: 155, State: [[ 2.20770789e+00  1.19558867e+00  1.78078261e-02 -6.94476525e-01
   3.76062854e-03 -3.27932485e-01  2.45947041e+00  2.05937555e+00
  -2.41897734e-01  1.20239963e-01  1.07062608e-02 -1.00000000e+01]], Action: [[ 1.  1. -1.]], Reward: [3.4219253],Reward_sum: 431.28338623046875, Done: [False]
==========
t: 156, State: [[ 2.22710340e+00  1.21238551e+00  1.40023884e-02 -6.94041349e-01
   3.84373681e-03 -4.24000559e-01  2.38759237e+00  2.13685752e+00
  -7.11005603e-01 -9.94271657e-03  9.87345657e-03 -1.00000000e+01]], Action: [[-0.13548248  1.         -1.        ]], Reward: [3.4224203],Reward_sum: 434.705810546875, Done: [False]
==========
t: 157, State: [[ 2.24636289e+00  1.22994815e+00  1.14978660e-02 -6.88843999e-01
   3.89556350e-03 -5.27544009e-01  2.42654391e+00  2.25112652e+00
   8.60359225e-02  1.30789960e+00  3.62959716e-03 -1.00000000e+01]], Action: [[ 0.87815845  1.         -1.        ]], Reward: [3.4046657],Reward_sum: 438.1104736328125, Done: [False]
==========
t: 158, State: [[ 2.26505656e+00  1.24795831e+00  6.06122940e-03 -6.83854617e-01
   3.94549682e-03 -6.38709699e-01  2.25120370e+00  2.22905508e+00
  -1.41160809e+00 -6.44009721e-02  6.43391062e-03 -1.00000000e+01]], Action: [[-1.  1. -1.]], Reward: [3.3337092],Reward_sum: 441.4441833496094, Done: [False]
==========
t: 159, State: [[ 2.28334869e+00  1.26575319e+00 -7.01402363e-04 -6.78503562e-01
   3.93980065e-03 -7.59672898e-01  2.32061642e+00  2.21822000e+00
  -2.79708822e-01  1.40108555e+00 -6.14720063e-03 -1.00000000e+01]], Action: [[ 1.  1. -1.]], Reward: [3.2835152],Reward_sum: 444.7277526855469, Done: [False]
==========
t: 160, State: [[ 2.30174255e+00  1.28226887e+00 -6.66634665e-03 -6.73338590e-01
   3.83554961e-03 -8.60584389e-01  2.30399015e+00  1.88339149e+00
  -1.12919805e+00 -1.32424416e-01 -2.10933818e-02 -8.02557372e+00]], Action: [[-1.  1. -1.]], Reward: [3.2962334],Reward_sum: 448.02398681640625, Done: [False]
==========
t: 161, State: [[ 2.32097865  1.29664992 -0.00970159 -0.66945657  0.00362179 -0.89920366
   2.49661131  1.72758197  0.33701951  1.10968595 -0.02888787 -2.26607434]], Action: [[ 0.9301336  1.        -1.       ]], Reward: [3.401647],Reward_sum: 451.4256286621094, Done: [False]
==========
t: 162, State: [[ 2.34071065  1.30962902 -0.01125011 -0.66652453  0.00344299 -0.90425254
   2.43079171  1.52553068 -0.74314298 -0.36932401 -0.0159308   0.63535581]], Action: [[-1.         1.         0.4008664]], Reward: [3.464339],Reward_sum: 454.88995361328125, Done: [False]
==========
t: 163, State: [[ 2.36067573  1.3215963  -0.0122426  -0.66428283  0.00332162 -0.89286941
   2.55910649  1.46758921  0.48990704  0.92936168 -0.01406842  2.14236328]], Action: [[0.92534596 1.         1.        ]], Reward: [3.4927783],Reward_sum: 458.3827209472656, Done: [False]
==========
t: 164, State: [[ 2.38131031e+00  1.33296532e+00 -6.89976253e-03 -6.55356106e-01
   2.69324501e-03 -8.69987721e-01  2.59926943e+00  1.37434294e+00
   8.45142017e-01  1.30205823e+00 -1.42599774e-01  3.57616340e+00]], Action: [[ 0.2722224 -0.0125657  1.       ]], Reward: [3.5782485],Reward_sum: 461.9609680175781, Done: [False]
==========
t: 165, State: [[ 2.40221406e+00  1.34350405e+00  3.49825039e-04 -6.44939219e-01
   1.79746189e-03 -8.35704800e-01  2.62593900e+00  1.26018104e+00
   9.64727697e-01  1.30284151e+00 -8.58909324e-02  4.99291485e+00]], Action: [[0.02433958 0.22648016 1.        ]], Reward: [3.6119175],Reward_sum: 465.5728759765625, Done: [False]
==========
t: 166, State: [[ 2.42325378e+00  1.35309576e+00  7.83269016e-03 -6.35260448e-01
   1.24325941e-03 -7.90116157e-01  2.63341369e+00  1.13756440e+00
   9.04430693e-01  1.11758782e+00 -5.49166584e-02  6.40238423e+00]], Action: [[-0.10883556  0.12758556  1.        ]], Reward: [3.6289365],Reward_sum: 469.2018127441406, Done: [False]
==========
t: 167, State: [[ 2.44428689e+00  1.36168030e+00  1.42417020e-02 -6.27650352e-01
   8.24994335e-04 -7.33284422e-01  2.62447013e+00  1.00834063e+00
   6.97329913e-01  7.85658831e-01 -4.91852475e-02  7.80344405e+00]], Action: [[-0.21549945  0.03772572  1.        ]], Reward: [3.6280901],Reward_sum: 472.8299255371094, Done: [False]
==========
t: 168, State: [[ 2.46509225e+00  1.36914824e+00  1.72798566e-02 -6.24690294e-01
   5.48636858e-04 -6.65271476e-01  2.57626384e+00  8.58534272e-01
   6.09867466e-02 -4.40363152e-02 -2.19355995e-02  9.19770688e+00]], Action: [[-0.56580335  0.15563825  1.        ]], Reward: [3.5993264],Reward_sum: 476.42926025390625, Done: [False]
==========
t: 169, State: [[ 2.48574938e+00  1.37558727e+00  1.84635230e-02 -6.24139303e-01
  -2.83458602e-04 -5.86169211e-01  2.58744706e+00  7.50870499e-01
   2.33428587e-01  1.81997305e-01 -1.85132634e-01  1.00000000e+01]], Action: [[ 0.15443872 -0.05957827  1.        ]], Reward: [3.581114],Reward_sum: 480.0103759765625, Done: [False]
==========
t: 170, State: [[ 2.50621656e+00  1.38088981e+00  1.65075252e-02 -6.28516603e-01
   6.25393755e-04 -4.98412145e-01  2.51456960e+00  5.79233215e-01
  -7.92305173e-01 -1.25864377e+00  2.41376106e-01  1.00000000e+01]], Action: [[-0.9801352   0.4298059   0.61478317]], Reward: [3.5568738],Reward_sum: 483.5672607421875, Done: [False]
==========
t: 171, State: [[ 2.52669911e+00  1.38532060e+00  1.48935368e-02 -6.32755213e-01
   1.86075007e-03 -4.03976270e-01  2.60680991e+00  5.28202026e-01
   3.91652932e-01  1.96302532e-01  8.28529630e-02  1.00000000e+01]], Action: [[1.         0.01802757 0.66735286]], Reward: [3.5588734],Reward_sum: 487.1261291503906, Done: [False]
==========
t: 172, State: [[ 2.54707127e+00  1.38892863e+00  1.29506060e-02 -6.36874233e-01
   2.35535697e-03 -3.03690120e-01  2.48648768e+00  3.73790832e-01
  -8.75629910e-01 -1.22445493e+00  4.42866133e-02  1.00000000e+01]], Action: [[-1.         0.715894   0.4726647]], Reward: [3.5447843],Reward_sum: 490.6708984375, Done: [False]
==========
t: 173, State: [[ 2.56735191e+00  1.39170694e+00  1.07724269e-02 -6.40864510e-01
   2.45595920e-03 -1.97330300e-01  2.58371478e+00  3.21051971e-01
   3.29881024e-01  2.25000198e-01 -1.19444541e-02  1.00000000e+01]], Action: [[1.         0.14861095 0.71772325]], Reward: [3.5335424],Reward_sum: 494.2044372558594, Done: [False]
==========
t: 174, State: [[ 2.58753666e+00  1.39370863e+00  8.29563737e-03 -6.44748808e-01
   2.42921502e-03 -8.66216959e-02  2.46261192e+00  1.79723750e-01
  -9.48916229e-01 -1.19427454e+00  3.31291464e-03  1.00000000e+01]], Action: [[-1.          0.8102652   0.18638253]], Reward: [3.521402],Reward_sum: 497.725830078125, Done: [False]
==========
t: 175, State: [[ 2.60761320e+00  1.39495083e+00  5.41527107e-03 -6.48481325e-01
   2.12885910e-03  2.88138176e-02  2.55620810e+00  1.31654053e-01
   2.24769035e-01  2.59711223e-01 -7.69191356e-02  1.00000000e+01]], Action: [[1.         0.04531559 0.7864223 ]], Reward: [3.507947],Reward_sum: 501.2337646484375, Done: [False]
==========
t: 176, State: [[ 2.62758285e+00  1.39553334e+00  2.05259951e-03 -6.52088145e-01
   1.80902033e-03  1.46094933e-01  2.43632571e+00  1.44284066e-02
  -1.06585154e+00 -1.15956529e+00 -1.08027105e-02  1.00000000e+01]], Action: [[-1.          0.9527819  -0.30554295]], Reward: [3.494206],Reward_sum: 504.72796630859375, Done: [False]
==========
t: 177, State: [[ 2.64738146e+00  1.39549864e+00 -2.19678879e-03 -6.55465289e-01
   4.79308288e-04  2.65867492e-01  2.51323210e+00 -2.19117405e-02
  -5.44917033e-04  3.13642387e-01 -3.19958053e-01  1.00000000e+01]], Action: [[ 1.         -0.12406078  0.88876516]], Reward: [3.4730208],Reward_sum: 508.20098876953125, Done: [False]
==========
t: 178, State: [[ 2.66741759e+00  1.39502123e+00 -4.10019382e-03 -6.56218799e-01
   9.17511421e-04  3.83988431e-01  2.48027034e+00 -9.19789214e-02
  -5.53604439e-01 -4.84148042e-01  2.19826223e-01  1.00000000e+01]], Action: [[-0.5381135  1.        -1.       ]], Reward: [3.5022266],Reward_sum: 511.7032165527344, Done: [False]
==========
t: 179, State: [[ 2.68760915e+00  1.39423850e+00 -4.13109989e-03 -6.54253682e-01
   1.98719702e-03  4.97480722e-01  2.56815497e+00 -1.03204421e-01
   5.45713019e-01  9.73102463e-01  5.39018316e-02  1.00000000e+01]], Action: [[ 1.         -0.03740272  0.34923345]], Reward: [3.5228221],Reward_sum: 515.22607421875, Done: [False]
==========
t: 180, State: [[ 2.70767054e+00  1.39307258e+00 -5.08765857e-03 -6.52161525e-01
   2.24088193e-03  6.07107402e-01  2.44834731e+00 -1.88830777e-01
  -7.77889932e-01 -4.49492792e-01  1.39082400e-02  1.00000000e+01]], Action: [[-1.          0.27795592 -0.8847663 ]], Reward: [3.5058136],Reward_sum: 518.7318725585938, Done: [False]
==========
t: 181, State: [[ 2.72763067e+00  1.39150465e+00 -6.86349047e-03 -6.49941441e-01
   1.71199841e-03  7.13967001e-01  2.54179935e+00 -2.02330710e-01
   3.31456208e-01  1.00264662e+00 -1.45458857e-01  1.00000000e+01]], Action: [[ 1.        -0.0286245  0.5318263]], Reward: [3.493732],Reward_sum: 522.2255859375, Done: [False]
==========
t: 182, State: [[ 2.74758322e+00  1.38962061e+00 -8.68548944e-03 -6.47112133e-01
   1.04097738e-03  8.14662468e-01  2.43948312e+00 -2.34522923e-01
  -7.81980780e-01 -2.89113524e-01 -3.20579090e-02  9.87061618e+00]], Action: [[-0.90047675  0.8780992  -1.        ]], Reward: [3.491487],Reward_sum: 525.7171020507812, Done: [False]
==========
t: 183, State: [[ 2.76740640e+00  1.38829179e+00 -1.00335309e-02 -6.43602687e-01
   8.22156653e-04  8.65894676e-01  2.51846383e+00 -1.14402648e-01
   4.47324173e-01  1.16288679e+00 -2.42327144e-02  3.59991312e+00]], Action: [[ 1.         -0.02893248  0.46826017]], Reward: [3.4766774],Reward_sum: 529.1937866210938, Done: [False]
==========
t: 184, State: [[ 2.78740989e+00  1.38730763e+00 -7.40678233e-03 -6.35486789e-01
   7.43462158e-04  8.80359236e-01  2.48374232e+00 -1.39811586e-01
   2.07991873e-01  8.65671137e-01  1.03985429e-03  3.93738213e-01]], Action: [[-0.20673926  0.3294976   0.513018  ]], Reward: [3.5000222],Reward_sum: 532.69384765625, Done: [False]
==========
t: 185, State: [[ 2.80741064e+00  1.38609209e+00 -3.84211446e-03 -6.26404927e-01
   8.61558451e-04  8.76844791e-01  2.51683630e+00 -1.68480812e-01
   6.80078524e-01  1.40404458e+00  2.38634057e-02 -1.06694765e+00]], Action: [[0.37789166 0.6715623  0.9827087 ]], Reward: [3.498534],Reward_sum: 536.1923828125, Done: [False]
==========
t: 186, State: [[ 2.82710510e+00  1.38425046e+00 -3.36574735e-03 -6.20935296e-01
   9.28900321e-04  8.65632770e-01  2.40759085e+00 -2.93895890e-01
  -5.59948315e-01 -3.53822866e-02 -6.58677595e-03 -1.62495865e+00]], Action: [[-1.        -0.1151883  0.6110199]], Reward: [3.4604213],Reward_sum: 539.6527709960938, Done: [False]
==========
t: 187, State: [[ 2.84678409e+00  1.38181657e+00 -2.88721467e-03 -6.15483136e-01
   1.02892687e-03  8.52174877e-01  2.51172943e+00 -3.15903562e-01
   6.76129236e-01  1.39707147e+00  2.66066211e-02 -1.68680554e+00]], Action: [[1.         1.         0.87386394]], Reward: [3.4571102],Reward_sum: 543.10986328125, Done: [False]
==========
t: 188, State: [[ 2.86645557e+00  1.37873414e+00 -2.45439069e-03 -6.10081340e-01
   1.12128820e-03  8.39127633e-01  2.40678623e+00 -4.54987068e-01
  -5.65390603e-01 -4.53510187e-02 -3.00965716e-04 -1.55001599e+00]], Action: [[-1.         -0.01683506  0.47868067]], Reward: [3.4577053],Reward_sum: 546.567626953125, Done: [False]
==========
t: 189, State: [[ 2.88612888e+00  1.37497768e+00 -2.03491032e-03 -6.04707865e-01
   1.23955428e-03  8.27715420e-01  2.51098909e+00 -4.84473574e-01
   6.67435969e-01  1.38741272e+00  2.59829966e-02 -1.29864565e+00]], Action: [[1.        1.        0.9321661]], Reward: [3.4562945],Reward_sum: 550.02392578125, Done: [False]
==========
t: 190, State: [[ 2.90578974e+00  1.37054299e+00 -1.72405166e-03 -5.99376115e-01
   1.19038783e-03  8.18237727e-01  2.40450023e+00 -6.23911663e-01
  -5.88360535e-01 -5.28532016e-02 -3.83713324e-02 -1.06979671e+00]], Action: [[-1.         -0.12383604  0.40115392]], Reward: [3.456431],Reward_sum: 553.4803466796875, Done: [False]
==========
t: 191, State: [[ 2.92544912e+00  1.36542825e+00 -1.45011658e-03 -5.94068138e-01
   1.10025477e-03  8.10700841e-01  2.50957355e+00 -6.54781740e-01
   6.53188489e-01  1.37875973e+00  9.76473227e-03 -8.22324676e-01]], Action: [[1. 1. 1.]], Reward: [3.4544232],Reward_sum: 556.9346923828125, Done: [False]
==========
t: 192, State: [[ 2.94526404e+00  1.35971342e+00  6.08991058e-04 -5.86740956e-01
   1.14595895e-03  8.04797716e-01  2.44440977e+00 -7.73589060e-01
  -1.37181028e-01  4.53987660e-01  2.47848061e-03 -6.56002280e-01]], Action: [[-0.63746214  0.24598363  0.28392148]], Reward: [3.4763174],Reward_sum: 560.4110107421875, Done: [False]
==========
t: 193, State: [[ 2.96522068e+00  1.35340422e+00  4.40653994e-03 -5.77371908e-01
   1.18537660e-03  8.00280560e-01  2.54431376e+00 -8.04144720e-01
   1.08488574e+00  1.88682097e+00  6.70494102e-03 -4.81503176e-01]], Action: [[1.        0.5537311 0.8807765]], Reward: [3.492497],Reward_sum: 563.903564453125, Done: [False]
==========
t: 194, State: [[ 2.98526192e+00  1.34647667e+00  9.30191341e-03 -5.66683633e-01
   1.16113427e-03  7.96858285e-01  2.46645094e+00 -9.27177725e-01
   1.40974073e-01  7.86218021e-01 -1.04114346e-02 -3.76659642e-01]], Action: [[-0.7575676   0.00127718  0.3375746 ]], Reward: [3.5044668],Reward_sum: 567.407958984375, Done: [False]
==========
t: 195, State: [[ 3.00492875e+00  1.33870770e+00  9.59685702e-03 -5.61462263e-01
   1.24513533e-03  7.93389342e-01  2.44990948e+00 -1.01490030e+00
  -6.89350728e-02  5.19852193e-01  2.62618073e-02 -4.90224894e-01]], Action: [[-0.17983739  1.         -0.08099966]], Reward: [3.4573147],Reward_sum: 570.8652954101562, Done: [False]
==========
t: 196, State: [[ 3.02492257e+00  1.33045352e+00  1.39319615e-02 -5.51561636e-01
   1.45865221e-03  7.90347055e-01  2.54805445e+00 -1.04893846e+00
   1.15102063e+00  1.95389116e+00  2.64260802e-02 -2.87221175e-01]], Action: [[1.         0.8089751  0.35710448]], Reward: [3.4974458],Reward_sum: 574.3627319335938, Done: [False]
==========
t: 197, State: [[ 3.04493739e+00  1.32158306e+00  1.87107450e-02 -5.41079675e-01
   1.55552258e-03  7.87012138e-01  2.45621192e+00 -1.16810646e+00
   4.61556191e-02  6.67713660e-01  8.60637222e-04 -5.46238773e-01]], Action: [[-0.88688093  0.13538232 -0.18717849]], Reward: [3.5010128],Reward_sum: 577.86376953125, Done: [False]
==========
t: 198, State: [[ 3.06455851e+00  1.31197596e+00  1.89097886e-02 -5.35995152e-01
   1.67728087e-03  7.79487217e-01  2.44878596e+00 -1.23357450e+00
   2.20396811e-03  6.03807054e-01  2.58555722e-02 -1.33390040e+00]], Action: [[-0.04217987  1.         -0.55454636]], Reward: [3.4513304],Reward_sum: 581.3150634765625, Done: [False]
==========
t: 199, State: [[ 3.08423198e+00  1.30181012e+00  1.99383074e-02 -5.29993752e-01
   1.91541915e-03  7.69587002e-01  2.46940595e+00 -1.30793238e+00
   2.54049996e-01  8.96342841e-01  3.20670686e-02 -1.14132981e+00]], Action: [[0.20689423 1.         0.12969422]], Reward: [3.4581246],Reward_sum: 584.773193359375, Done: [False]
==========
Hopper - Steps: 200, Return: 584.773193359375, State: [[ 3.08423198e+00  1.30181012e+00  1.99383074e-02 -5.29993752e-01
   1.91541915e-03  7.69587002e-01  2.46940595e+00 -1.30793238e+00
   2.54049996e-01  8.96342841e-01  3.20670686e-02 -1.14132981e+00]]
