[CudaDevice(id=0)]
Using AIRL:  False
Using GAIL:  False
Using RGCL:  False
Experiment State @  2025-05-21 15:46:29.919267-05:00
Experiment Saved @  results/experiment_130
Experiment Settings Saved @  results/experiment_130
130
Using cuda device
Wrapping the env with a `Monitor` wrapper
Wrapping the env in a DummyVecEnv.
Wrapping the env with a `Monitor` wrapper
Wrapping the env in a DummyVecEnv.
t: 0, State: [[-6.10610807e-04  1.24535820e+00 -5.15646693e-03 -4.92337692e-03
   2.37747509e-03  5.38528888e-03 -3.05234550e-02 -1.05859165e-01
  -8.03377024e-01 -9.92666564e-01 -3.32829327e-02  1.45060696e+00]], Action: [[-0.66642785  0.01763448  1.        ]], Reward: [0.9806287],Reward_sum: 0.9806287288665771, Done: [False]
==========
t: 1, State: [[-4.21409761e-04  1.24406298e+00 -6.52090910e-03 -7.11589414e-03
   2.13653787e-03  2.25826591e-02  7.75680789e-02 -2.17742420e-01
   4.60237566e-01  4.42955747e-01 -2.69692196e-02  2.84706803e+00]], Action: [[1.        0.5489583 1.       ]], Reward: [1.0213488],Reward_sum: 2.0019774436950684, Done: [False]
==========
t: 2, State: [[ 2.92399281e-04  1.24189156e+00 -2.45116136e-03 -2.96920440e-03
   1.30692483e-03  5.10276925e-02  1.00727080e-01 -3.25112668e-01
   5.56492325e-01  5.93665452e-01 -1.79879671e-01  4.26234011e+00]], Action: [[ 0.11150096 -0.0514259   1.        ]], Reward: [1.088211],Reward_sum: 3.090188503265381, Done: [False]
==========
t: 3, State: [[ 1.11841634e-03  1.23886236e+00  7.42586061e-04  1.54159662e-04
  -1.69228775e-04  9.07536786e-02  1.05588168e-01 -4.32056377e-01
   2.41507642e-01  1.87874253e-01 -1.88713037e-01  5.66727224e+00]], Action: [[-0.26308092  0.0195348   1.        ]], Reward: [1.1021825],Reward_sum: 4.192370891571045, Done: [False]
==========
t: 4, State: [[ 1.85948133e-03  1.23498200e+00 -1.29665909e-03 -3.60821735e-03
  -8.48391324e-04  1.41682197e-01  7.94835912e-02 -5.38166371e-01
  -7.51135388e-01 -1.12657913e+00  1.91022357e-02  7.06288609e+00]], Action: [[-0.87880015  0.12352869  1.        ]], Reward: [1.0908456],Reward_sum: 5.28321647644043, Done: [False]
==========
t: 5, State: [[ 3.14909060e-03  1.23062751e+00 -1.80041899e-03 -7.06083402e-03
  -6.68585933e-05  2.02727316e-01  2.87684976e-01 -4.29950027e-01
   6.57844105e-01  2.26329634e-01  4.14395621e-02  7.95324087e+00]], Action: [[1.         0.33833766 1.        ]], Reward: [1.1590867],Reward_sum: 6.44230318069458, Done: [False]
==========
t: 6, State: [[ 5.65928266e-03  1.22854899e+00 -1.79383392e-03 -1.14310739e-02
  -2.48760022e-03  2.68410425e-01  3.34130207e-01 -9.65506324e-02
  -6.67675825e-01 -1.31183485e+00 -6.29567534e-01  8.48686737e+00]], Action: [[-1.        -0.2508553  0.9604304]], Reward: [1.3117887],Reward_sum: 7.754091739654541, Done: [False]
==========
t: 7, State: [[ 9.53767821e-03  1.22902081e+00 -7.09156290e-04 -1.68287681e-02
  -5.75633690e-03  3.36651770e-01  6.33260190e-01  2.08686671e-01
   9.35099878e-01 -3.73509417e-02 -1.80869765e-01  8.58696341e+00]], Action: [[1.         0.75056356 0.7146554 ]], Reward: [1.4827254],Reward_sum: 9.236817359924316, Done: [False]
==========
t: 8, State: [[ 1.47513401e-02  1.23161981e+00  2.51821420e-03 -2.33225508e-02
  -5.69683199e-03  4.01629453e-01  6.66391376e-01  4.28938991e-01
  -1.28323186e-01 -1.58116682e+00  2.07765637e-01  7.68347604e+00]], Action: [[-1.          0.34280983 -0.22723076]], Reward: [1.6505386],Reward_sum: 10.88735580444336, Done: [False]
==========
t: 9, State: [[ 2.07440274e-02  1.23585763e+00  5.95603006e-03 -3.03280473e-02
  -6.44145570e-03  4.66338399e-01  8.31107448e-01  6.24926111e-01
   9.88793598e-01 -1.71563947e-01 -3.89627823e-01  8.50284882e+00]], Action: [[ 1.         -0.10744575  1.        ]], Reward: [1.7470744],Reward_sum: 12.634429931640625, Done: [False]
==========
t: 10, State: [[ 2.76231605e-02  1.24133007e+00  1.08360947e-02 -3.80325226e-02
  -4.53442676e-03  5.27977029e-01  8.85617142e-01  7.30666207e-01
   2.33741508e-01 -1.75035194e+00  8.74545634e-01  6.93051750e+00]], Action: [[-1.          0.88619196 -0.8307435 ]], Reward: [1.8574162],Reward_sum: 14.491846084594727, Done: [False]
==========
t: 11, State: [[ 3.51385300e-02  1.24755244e+00  1.66471911e-02 -4.61772522e-02
  -1.10375264e-03  5.87562007e-01  9.93144865e-01  8.20808024e-01
   1.22080144e+00 -2.87763820e-01 -1.42787286e-02  7.97035491e+00]], Action: [[ 1.         -0.38482568  1.        ]], Reward: [1.9372731],Reward_sum: 16.429119110107422, Done: [False]
==========
t: 12, State: [[ 4.29743357e-02  1.25419851e+00  2.25197245e-02 -5.44986002e-02
   2.02787504e-03  6.44938485e-01  9.24062379e-01  8.31978253e-01
   8.71694102e-02 -1.74899896e+00  4.29057498e-01  6.43149190e+00]], Action: [[-1.          0.71669245 -1.        ]], Reward: [1.9769621],Reward_sum: 18.406082153320312, Done: [False]
==========
t: 13, State: [[ 5.08598386e-02  1.26087707e+00  2.77995529e-02 -6.27228336e-02
   3.43229545e-03  7.00961319e-01  1.04865999e+00  8.36061788e-01
   1.23577443e+00 -3.10145354e-01 -8.04577238e-02  7.57084514e+00]], Action: [[ 1.         -0.13449427  1.        ]], Reward: [1.9836698],Reward_sum: 20.389751434326172, Done: [False]
==========
t: 14, State: [[ 5.87670809e-02  1.26743163e+00  3.24949996e-02 -7.08623647e-02
   2.96984792e-03  7.55826333e-01  9.27556702e-01  8.01398500e-01
  -6.16952996e-02 -1.72243725e+00 -3.90813671e-02  6.15015680e+00]], Action: [[-1.         0.6922008 -1.       ]], Reward: [1.9859262],Reward_sum: 22.37567710876465, Done: [False]
==========
t: 15, State: [[ 6.65243045e-02  1.27368991e+00  3.67128623e-02 -7.87712688e-02
   1.55726381e-03  8.04844077e-01  9.78092255e-01  7.87192618e-01
   1.10619920e+00 -2.30794781e-01 -2.00662901e-01  4.67043343e+00]], Action: [[ 1.         -0.07046446  1.        ]], Reward: [1.967648],Reward_sum: 24.343326568603516, Done: [False]
==========
t: 16, State: [[ 7.36968692e-02  1.28007088e+00  4.02931583e-02 -8.61416766e-02
   5.71190907e-04  8.28489249e-01  8.20500658e-01  8.00643734e-01
  -2.10044048e-01 -1.61420516e+00 -5.90320417e-02  1.57338748e+00]], Action: [[-1.          0.58722854 -1.        ]], Reward: [1.8942257],Reward_sum: 26.237552642822266, Done: [False]
==========
t: 17, State: [[ 8.03409674e-02  1.28636854e+00  4.30937875e-02 -9.29827246e-02
  -3.73055808e-04  8.34503664e-01  8.45128860e-01  7.67971327e-01
   9.13297479e-01 -1.01820708e-01 -1.92494240e-01  1.04792426e-01]], Action: [[ 1.         -0.09588173  1.        ]], Reward: [1.8285031],Reward_sum: 28.066055297851562, Done: [False]
==========
t: 18, State: [[ 0.08637144  1.29227697  0.0437396  -0.0991809  -0.00676727  0.83227525
   0.66343778  0.70690178 -0.75255318 -1.44664696 -1.40868849 -0.56560143]], Action: [[-1. -1.  1.]], Reward: [1.7508088],Reward_sum: 29.816864013671875, Done: [False]
==========
t: 19, State: [[ 0.09228763  1.2975591   0.04303424 -0.10716484 -0.01282742  0.82656934
   0.81597463  0.61355048  0.57363928 -0.55062229 -0.10974859 -0.80961996]], Action: [[0.68253237 1.         1.        ]], Reward: [1.7370586],Reward_sum: 31.553922653198242, Done: [False]
==========
t: 20, State: [[ 0.09859508  1.3020946   0.04315687 -0.1174677  -0.01259005  0.81991597
   0.7610596   0.51933458 -0.54220081 -2.02334145  0.16763851 -0.82913484]], Action: [[-1.          0.11895709  1.        ]], Reward: [1.786416],Reward_sum: 33.34033966064453, Done: [False]
==========
t: 21, State: [[ 0.10501732  1.30592986  0.04387685 -0.12780013 -0.01093375  0.81356484
   0.84457472  0.4397711   0.72050608 -0.56164423  0.24607543 -0.74835956]], Action: [[1.         0.14606115 1.        ]], Reward: [1.8007592],Reward_sum: 35.14109802246094, Done: [False]
==========
t: 22, State: [[ 0.11127747  1.30910253  0.04386128 -0.13789763 -0.01137502  0.80804588
   0.72051867  0.35285942 -0.7228495  -1.96103066 -0.35594938 -0.62897747]], Action: [[-1.         -0.52245593  1.        ]], Reward: [1.7802453],Reward_sum: 36.92134475708008, Done: [False]
==========
t: 23, State: [[ 0.11775023  1.31154594  0.04486268 -0.14812849 -0.0092556   0.80349086
   0.89751294  0.25811456  0.97148701 -0.59826349  0.88454067 -0.51043326]], Action: [[1. 1. 1.]], Reward: [1.8060952],Reward_sum: 38.72743606567383, Done: [False]
==========
t: 24, State: [[ 0.12424675  1.31329102  0.04599455 -0.15832088 -0.00690887  0.7998714
   0.72672071  0.17809663 -0.6866975  -1.94823914 -0.29653562 -0.397461  ]], Action: [[-1.         -0.94562256  1.        ]], Reward: [1.8091708],Reward_sum: 40.53660583496094, Done: [False]
==========
t: 25, State: [[ 0.13076874  1.31433914  0.04729011 -0.16844984 -0.00431166  0.79706085
   0.90359517  0.08403041  1.00889159 -0.58556428  0.94466766 -0.30777295]], Action: [[1. 1. 1.]], Reward: [1.8122494],Reward_sum: 42.348854064941406, Done: [False]
==========
t: 26, State: [[ 1.37287515e-01  1.31469707e+00  4.86123396e-02 -1.78514110e-01
  -1.77631269e-03  7.94924237e-01  7.26213103e-01  5.45478218e-03
  -6.76481789e-01 -1.92892670e+00 -3.09422828e-01 -2.29684798e-01]], Action: [[-1. -1.  1.]], Reward: [1.8118463],Reward_sum: 44.160701751708984, Done: [False]
==========
t: 27, State: [[ 1.43804999e-01  1.31436719e+00  4.99952044e-02 -1.88489191e-01
   7.23997489e-04  7.93317776e-01  8.96633305e-01 -8.64847061e-02
   9.90638592e-01 -5.59646403e-01  8.53157992e-01 -1.73826037e-01]], Action: [[1. 1. 1.]], Reward: [1.8116854],Reward_sum: 45.97238540649414, Done: [False]
==========
t: 28, State: [[ 0.15029799  1.3133705   0.05172067 -0.19766638  0.00248095  0.7921296
   0.72673801 -0.16265203 -0.55759494 -1.73329224 -0.41251817 -0.12568634]], Action: [[-0.8840576 -1.         1.       ]], Reward: [1.8088422],Reward_sum: 47.781227111816406, Done: [False]
==========
t: 29, State: [[ 1.56515597e-01  1.31176755e+00  5.26203975e-02 -2.05758925e-01
   3.13560205e-04  7.91259117e-01  8.26000325e-01 -2.37263166e-01
   7.73218361e-01 -2.89875002e-01 -1.50357378e-01 -9.33018299e-02]], Action: [[1. 1. 1.]], Reward: [1.774201],Reward_sum: 49.55542755126953, Done: [False]
==========
t: 30, State: [[ 0.16241049  1.30955541  0.0520621  -0.2134653  -0.00587392  0.79062937
   0.64769882 -0.31663431 -0.91092347 -1.63506812 -1.39520118 -0.06572908]], Action: [[-1. -1.  1.]], Reward: [1.7338619],Reward_sum: 51.28929138183594, Done: [False]
==========
t: 31, State: [[ 1.67947060e-01  1.30656303e+00  4.56038264e-02 -2.28507415e-01
  -1.14425178e-02  7.90167537e-01  7.36364056e-01 -4.31203059e-01
  -7.03602056e-01 -2.12471990e+00  1.50152735e-03 -5.02441008e-02]], Action: [[-0.26508224  1.          1.        ]], Reward: [1.6900005],Reward_sum: 52.97929382324219, Done: [False]
==========
t: 32, State: [[ 0.17448707  1.30277833  0.04648744 -0.23997892 -0.00724317  0.78981746
   0.89850623 -0.51488087  0.92278193 -0.74477657  1.04733047 -0.03776577]], Action: [[1.        0.8549899 1.       ]], Reward: [1.8147703],Reward_sum: 54.794063568115234, Done: [False]
==========
t: 33, State: [[ 0.1810913   1.29836765  0.04941144 -0.24847215 -0.00410292  0.78957375
   0.75273876 -0.58742684 -0.19066513 -1.37788949 -0.26082197 -0.02416548]], Action: [[-0.51602906 -1.          1.        ]], Reward: [1.8232627],Reward_sum: 56.61732482910156, Done: [False]
==========
t: 34, State: [[ 1.87825876e-01  1.29332204e+00  5.46798056e-02 -2.54059057e-01
  -1.20196208e-03  7.89398802e-01  9.30671331e-01 -6.74472953e-01
   1.50590565e+00 -2.03661802e-02  9.84779346e-01 -1.95936219e-02]], Action: [[1. 1. 1.]], Reward: [1.8388218],Reward_sum: 58.456146240234375, Done: [False]
==========
t: 35, State: [[ 0.19462172  1.28762272  0.0611787  -0.25810537  0.00154494  0.78927852
   0.76852901 -0.74970484  0.12031261 -0.99017371 -0.29665976 -0.01119836]], Action: [[-0.7428705 -1.         1.       ]], Reward: [1.8469291],Reward_sum: 60.30307388305664, Done: [False]
==========
t: 36, State: [[ 2.00971425e-01  1.28130370e+00  6.45127609e-02 -2.63701689e-01
   1.00272189e-04  7.89198862e-01  8.17999351e-01 -8.29780861e-01
   7.08358729e-01 -4.08677749e-01 -7.58554413e-02 -8.75184514e-03]], Action: [[0.40805322 1.         1.        ]], Reward: [1.7915462],Reward_sum: 62.09461975097656, Done: [False]
==========
t: 37, State: [[ 0.20679289  1.27434401  0.06343562 -0.27234854 -0.00549232  0.78914909
   0.63729377 -0.91103171 -0.97578558 -1.7513588  -1.32101756 -0.00415423]], Action: [[-1. -1.  1.]], Reward: [1.7246833],Reward_sum: 63.81930160522461, Done: [False]
==========
t: 38, State: [[ 0.21227944  1.26659384  0.05714393 -0.28747818 -0.01053019  0.78910843
   0.73430031 -1.02615211 -0.59731568 -2.03059522  0.06000535 -0.0056644 ]], Action: [[-0.12222805  1.          1.        ]], Reward: [1.6838037],Reward_sum: 65.50310516357422, Done: [False]
==========
t: 39, State: [[ 0.21866246  1.25809768  0.05817918 -0.29804681 -0.00773942  0.78906578
   0.86143857 -1.09763162  0.85448138 -0.61331432  0.63718687 -0.00494383]], Action: [[1.        0.5096072 1.       ]], Reward: [1.7956184],Reward_sum: 67.29873657226562, Done: [False]
==========
t: 40, State: [[ 2.24822256e-01  1.24897585e+00  5.82672813e-02 -3.08317866e-01
  -7.64849595e-03  7.89044546e-01  6.78544953e-01 -1.18317073e+00
  -8.30636215e-01 -1.95283046e+00 -6.13176903e-01 -8.51324931e-04]], Action: [[-1. -1.  1.]], Reward: [1.766974],Reward_sum: 69.06571197509766, Done: [False]
==========
t: 41, State: [[ 0.23080743  1.23911405  0.05583677 -0.32171519 -0.00730202  0.78902773
   0.81766417 -1.28201626  0.22203851 -1.3970979   0.69839552 -0.00300085]], Action: [[0.44867975 1.         1.        ]], Reward: [1.7459458],Reward_sum: 70.81166076660156, Done: [False]
==========
t: 42, State: [[ 2.37218403e-01  1.22874698e+00  6.03296243e-02 -3.26548453e-01
  -7.63819026e-03  7.89017737e-01  7.85297871e-01 -1.30941776e+00
   9.00056853e-01  1.86628843e-01 -7.80622832e-01  1.17197877e-04]], Action: [[ 1. -1.  1.]], Reward: [1.7983712],Reward_sum: 72.61003112792969, Done: [False]
==========
t: 43, State: [[ 2.42938544e-01  1.21788077e+00  6.16029363e-02 -3.30628216e-01
  -1.66369052e-02  7.89022802e-01  6.44636108e-01 -1.40769927e+00
  -5.79944826e-01 -1.20479350e+00 -1.46835830e+00  1.00223787e-03]], Action: [[-1.       -0.593536  1.      ]], Reward: [1.7126654],Reward_sum: 74.32269287109375, Done: [False]
==========
t: 44, State: [[ 2.48307390e-01  1.20608674e+00  5.57927352e-02 -3.44713402e-01
  -2.25854747e-02  7.89018037e-01  6.97442857e-01 -1.54095114e+00
  -8.72012742e-01 -2.31493645e+00 -2.04952197e-02 -1.79773170e-03]], Action: [[-0.68965477  1.          1.        ]], Reward: [1.6686301],Reward_sum: 75.99132537841797, Done: [False]
==========
t: 45, State: [[ 0.2543483   1.1935106   0.05435695 -0.35749287 -0.02119635  0.78900308
   0.81288556 -1.60250532  0.5114711  -0.88178631  0.36748916 -0.00187347]], Action: [[1.         0.36995578 1.        ]], Reward: [1.752977],Reward_sum: 77.74430084228516, Done: [False]
==========
t: 46, State: [[ 2.60362501e-01  1.18040362e+00  5.51334989e-02 -3.65981572e-01
  -2.29803294e-02  7.89000506e-01  6.90726477e-01 -1.67433000e+00
  -3.16505243e-01 -1.24001713e+00 -8.12173139e-01  8.65316642e-04]], Action: [[-0.3210835 -0.8922008  1.       ]], Reward: [1.7498759],Reward_sum: 79.49417877197266, Done: [False]
==========
t: 47, State: [[ 2.66193322e-01  1.16651485e+00  5.29200126e-02 -3.78502085e-01
  -2.38398516e-02  7.88996291e-01  7.66773496e-01 -1.79810644e+00
  -2.36656077e-01 -1.88910834e+00  5.95660333e-01 -1.57488150e-03]], Action: [[-0.37414202  1.          1.        ]], Reward: [1.7267127],Reward_sum: 81.22088623046875, Done: [False]
==========
t: 48, State: [[ 0.2723298   1.15231345  0.05355585 -0.38732891 -0.0250932   0.7889864
   0.8037269  -1.67194993  0.33803198 -0.33917917 -0.93691209 -0.00382067]], Action: [[ 1. -1.  1.]], Reward: [1.7640592],Reward_sum: 82.98494720458984, Done: [False]
==========
t: 49, State: [[ 0.27963209  1.1395233   0.05318623 -0.3968037  -0.02769881  0.78889593
   1.02228467 -1.53321132 -0.41889617 -2.0286935   0.27740239 -0.01696799]], Action: [[-1.  1.  1.]], Reward: [1.9097868],Reward_sum: 84.89473724365234, Done: [False]
==========
t: 50, State: [[ 0.28826429  1.12818013  0.05198896 -0.40701829 -0.0320329   0.78877641
   1.13211307 -1.3099473   0.12204766 -0.52478561 -1.35464134 -0.01269589]], Action: [[ 1. -1.  1.]], Reward: [2.0760245],Reward_sum: 86.97076416015625, Done: [False]
==========
t: 51, State: [[ 0.29808579  1.11793078  0.05017549 -0.41792773 -0.03794697  0.78860147
   1.32129678 -1.25890376 -0.5691534  -2.199612   -0.12542068 -0.02825546]], Action: [[-1.          1.          0.74595547]], Reward: [2.2251308],Reward_sum: 89.19589233398438, Done: [False]
==========
t: 52, State: [[ 0.30930239  1.10841803  0.04926523 -0.42976349 -0.04249459  0.78843631
   1.47931144 -1.12466473  0.34207448 -0.75890919 -1.00503217 -0.01397205]], Action: [[ 1.         -0.43356708  1.        ]], Reward: [2.3998873],Reward_sum: 91.59577941894531, Done: [False]
==========
t: 53, State: [[ 0.32167106  1.09938681  0.04930586 -0.4423872  -0.04520521  0.78589909
   1.60935306 -1.13949754 -0.32797551 -2.39277561  0.32937053 -0.61319777]], Action: [[-1.          1.         -0.21772668]], Reward: [2.5440373],Reward_sum: 94.13981628417969, Done: [False]
==========
t: 54, State: [[ 0.33497859  1.09056381  0.04987247 -0.45558464 -0.04758073  0.78405809
   1.71592508 -1.06956577  0.47003335 -0.90753024 -0.91984804  0.16720894]], Action: [[ 1.        -0.6999935  0.6721998]], Reward: [2.6614983],Reward_sum: 96.80131530761719, Done: [False]
==========
t: 55, State: [[ 0.34903508  1.08176575  0.0509899  -0.46925397 -0.04923647  0.78121516
   1.79429383 -1.13555838 -0.18786043 -2.50521434  0.50881359 -0.86959482]], Action: [[-1.         1.        -0.5971669]], Reward: [2.7547057],Reward_sum: 99.55601501464844, Done: [False]
==========
t: 56, State: [[ 0.36358587  1.0728157   0.05258393 -0.48317336 -0.04999461  0.77520757
   1.84134308 -1.10436692  0.58567339 -0.97518402 -0.69327449 -0.62735201]], Action: [[ 1.         -0.7482431   0.19950354]], Reward: [2.8172488],Reward_sum: 102.37326049804688, Done: [False]
==========
t: 57, State: [[ 0.37822649  1.06359     0.05362729 -0.49701235 -0.05200771  0.76599999
   1.81553891 -1.20665131 -0.32148722 -2.48057827  0.19230235 -1.66799734]], Action: [[-1.          0.5355545  -0.70063597]], Reward: [2.8282993],Reward_sum: 105.2015609741211, Done: [False]
==========
t: 58, State: [[ 0.39312675  1.05388004  0.05536813 -0.5109571  -0.05246985  0.75384979
   1.91000276 -1.22133048  0.75720622 -1.00796053 -0.30832633 -1.3707314 ]], Action: [[ 1.         -0.23094177  0.2462601 ]], Reward: [2.8614187],Reward_sum: 108.06298065185547, Done: [False]
==========
t: 59, State: [[ 0.40760085  1.04383685  0.05466032 -0.52431438 -0.05969891  0.73794406
   1.70765442 -1.2920754  -0.92988737 -2.32936434 -1.49812978 -2.60468606]], Action: [[-1.         -1.         -0.90671706]], Reward: [2.80644],Reward_sum: 110.86942291259766, Done: [False]
==========
t: 60, State: [[ 4.21419569e-01  1.03299635e+00  4.62315091e-02 -5.47230256e-01
  -6.56946391e-02  7.12395614e-01  1.74678769e+00 -1.41824366e+00
  -1.17730674e+00 -3.39796572e+00 -2.48101046e-03 -3.78090071e+00]], Action: [[-0.67389554  1.         -0.7954679 ]], Reward: [2.7252533],Reward_sum: 113.59467315673828, Done: [False]
==========
t: 61, State: [[ 0.43612597  1.02149464  0.04352429 -0.56891566 -0.0610999   0.67786185
   1.93001975 -1.45659827  0.49845749 -2.02522169  1.15007051 -4.8510728 ]], Action: [[ 1.         0.9005512 -0.7306142]], Reward: [2.8359556],Reward_sum: 116.43062591552734, Done: [False]
==========
t: 62, State: [[ 0.45205083  1.0110296   0.05246456 -0.57931504 -0.052311    0.63813449
   2.06781975 -1.08662745  1.77834196 -0.58865501  1.12519134 -4.7902498 ]], Action: [[ 1.        -0.2539942 -1.       ]], Reward: [2.988543],Reward_sum: 119.4191665649414, Done: [False]
==========
t: 63, State: [[ 0.4686646   1.00350564  0.06357018 -0.59016356 -0.03937847  0.60069782
   2.08372607 -0.8039352   0.99521849 -2.11976807  2.09898557 -4.60281696]], Action: [[-1.          0.27568093 -1.        ]], Reward: [3.0746448],Reward_sum: 122.49381256103516, Done: [False]
==========
t: 64, State: [[ 0.48561811  0.99879605  0.07503859 -0.60102088 -0.02651788  0.56481171
   2.15483322 -0.37815776  1.8647096  -0.59575678  1.11315329 -4.39175669]], Action: [[ 1. -1. -1.]], Reward: [3.1161883],Reward_sum: 125.61000061035156, Done: [False]
==========
t: 65, State: [[ 0.50287685  0.99658339  0.08665514 -0.61187226 -0.01384051  0.52917967
   2.15772542 -0.18332957  1.0356404  -2.11335495  2.04780094 -4.54738405]], Action: [[-1.          0.30196896 -1.        ]], Reward: [3.1552515],Reward_sum: 128.7652587890625, Done: [False]
==========
t: 66, State: [[ 5.20395665e-01  9.96555827e-01  9.81684237e-02 -6.22623653e-01
  -1.63501296e-03  4.92500790e-01  2.22226154e+00  1.73645171e-01
   1.83502713e+00 -5.75790340e-01  1.00237218e+00 -4.63921541e+00]], Action: [[ 1. -1. -1.]], Reward: [3.1868525],Reward_sum: 131.95211791992188, Done: [False]
==========
t: 67, State: [[ 0.53786712  0.99871865  0.10777195 -0.6329391   0.00646     0.45421795
   2.11925909  0.3847527   0.41691693 -1.97008331  0.6887194  -4.90824681]], Action: [[-1.          0.72650313 -1.        ]], Reward: [3.1814044],Reward_sum: 135.13352966308594, Done: [False]
==========
t: 68, State: [[ 0.5546088   1.00273224  0.108016   -0.65071267  0.0099743   0.41363304
   2.0691436   0.61279243 -0.34028818 -2.47634194  0.23787255 -5.25808641]], Action: [[-0.398309    0.72991955 -1.        ]], Reward: [3.0910187],Reward_sum: 138.22454833984375, Done: [False]
==========
t: 69, State: [[ 0.57153891  1.00863259  0.1082723  -0.66600564  0.01084673  0.36974862
   2.16539026  0.8581644   0.41142231 -1.35066919  0.00771938 -5.72874408]], Action: [[ 0.75442034  0.81177425 -1.        ]], Reward: [3.1140356],Reward_sum: 141.3385772705078, Done: [False]
==========
t: 70, State: [[ 0.58859264  1.01615795  0.1073223  -0.68077313  0.01049355  0.32182016
   2.09797069  1.02021702 -0.64802539 -2.34015417 -0.08290004 -6.26483136]], Action: [[-0.7161501   0.98918045 -1.        ]], Reward: [3.1292245],Reward_sum: 144.46780395507812, Done: [False]
==========
t: 71, State: [[ 0.60578898  1.02516387  0.10514445 -0.6951738   0.00964928  0.26927669
   2.20151195  1.2294075   0.1022785  -1.26187618 -0.12047219 -6.87984157]], Action: [[ 0.73065776  1.         -1.        ]], Reward: [3.1470087],Reward_sum: 147.61480712890625, Done: [False]
==========
t: 72, State: [[ 0.62355867  1.03570902  0.10621452 -0.70406529  0.00866476  0.21165324
   2.24053771  1.40554072  0.16214821 -0.96098089 -0.12220016 -7.53230279]], Action: [[ 0.1905737  1.        -1.       ]], Reward: [3.2191753],Reward_sum: 150.833984375, Done: [False]
==========
t: 73, State: [[ 6.41605458e-01  1.04762513e+00  1.07436642e-01 -7.10826787e-01
   7.73215283e-03  1.48674386e-01  2.27049640e+00  1.57242837e+00
   1.39637858e-01 -7.29006395e-01 -1.09552963e-01 -8.21733139e+00]], Action: [[ 0.14144386  1.         -1.        ]], Reward: [3.2538278],Reward_sum: 154.0878143310547, Done: [False]
==========
t: 74, State: [[ 6.59857505e-01  1.06084574e+00  1.08217186e-01 -7.15913936e-01
   6.92534744e-03  8.01056731e-02  2.29160238e+00  1.73171156e+00
   5.15734739e-02 -5.42149797e-01 -9.18302269e-02 -8.92911596e+00]], Action: [[ 0.10767896  1.         -1.        ]], Reward: [3.2794943],Reward_sum: 157.3673095703125, Done: [False]
==========
t: 75, State: [[ 6.78304634e-01  1.07533285e+00  1.08704320e-01 -7.18920496e-01
   6.26123387e-03  5.73419210e-03  2.31918713e+00  1.88886662e+00
   6.69061645e-02 -2.09063254e-01 -7.43363057e-02 -9.66797221e+00]], Action: [[ 0.20784242  1.         -1.        ]], Reward: [3.303848],Reward_sum: 160.67115783691406, Done: [False]
==========
t: 76, State: [[ 6.96678678e-01  1.09094598e+00  1.06477832e-01 -7.22428005e-01
   5.74198714e-03 -7.46075131e-02  2.27317321e+00  2.01286249e+00
  -6.25528185e-01 -6.66402759e-01 -5.61968467e-02 -1.00000000e+01]], Action: [[-0.3489601  1.        -1.       ]], Reward: [3.2946336],Reward_sum: 163.96578979492188, Done: [False]
==========
t: 77, State: [[ 7.15266625e-01  1.10773497e+00  1.04860379e-01 -7.22492964e-01
   5.32702557e-03 -1.61201095e-01  2.37278072e+00  2.18239459e+00
   2.19515527e-01  6.49071904e-01 -4.74114787e-02 -1.00000000e+01]], Action: [[ 0.8921651  1.        -1.       ]], Reward: [3.3206973],Reward_sum: 167.28648376464844, Done: [False]
==========
t: 78, State: [[ 7.33683938e-01  1.12548539e+00  1.00503385e-01 -7.22824988e-01
   5.02079111e-03 -2.54248277e-01  2.22914883e+00  2.25253993e+00
  -1.31151468e+00 -7.28573768e-01 -3.04010650e-02 -1.00000000e+01]], Action: [[-1.  1. -1.]], Reward: [3.2991643],Reward_sum: 170.5856475830078, Done: [False]
==========
t: 79, State: [[ 7.51843370e-01  1.14407923e+00  9.33972790e-02 -7.23222193e-01
   4.78610728e-03 -3.54065402e-01  2.30863551e+00  2.39269962e+00
  -4.66418278e-01  6.28650172e-01 -2.79182964e-02 -1.00000000e+01]], Action: [[ 0.91119343  1.         -1.        ]], Reward: [3.2670987],Reward_sum: 173.85275268554688, Done: [False]
==========
t: 80, State: [[ 7.69742065e-01  1.16340799e+00  8.42887493e-02 -7.22786581e-01
   4.61228094e-03 -4.60959584e-01  2.16501671e+00  2.43676698e+00
  -1.80886430e+00 -5.17900172e-01 -1.65676707e-02 -1.00000000e+01]], Action: [[-0.84499234  1.         -1.        ]], Reward: [3.234623],Reward_sum: 177.08737182617188, Done: [False]
==========
t: 81, State: [[ 7.87363847e-01  1.18331485e+00  7.37400101e-02 -7.20978313e-01
   4.46812444e-03 -5.75357353e-01  2.24154017e+00  2.51339769e+00
  -7.92707138e-01  9.63001095e-01 -2.05531145e-02 -1.00000000e+01]], Action: [[ 1.  1. -1.]], Reward: [3.1997228],Reward_sum: 180.28709411621094, Done: [False]
==========
t: 82, State: [[ 8.04712245e-01  1.20297817e+00  6.27055325e-02 -7.18064638e-01
   4.32065993e-03 -6.99786576e-01  2.09432426e+00  2.40057038e+00
  -1.96579372e+00 -2.32127413e-01 -1.63543282e-02 -1.00000000e+01]], Action: [[-0.86210984  1.         -1.        ]], Reward: [3.1658065],Reward_sum: 183.45289611816406, Done: [False]
==========
t: 83, State: [[ 8.21808074e-01  1.22197936e+00  5.17791116e-02 -7.14106802e-01
   4.15768084e-03 -8.30170402e-01  2.21681559e+00  2.27992373e+00
  -6.08240655e-01  1.17877899e+00 -3.04243190e-02 -1.00000000e+01]], Action: [[ 1.  1. -1.]], Reward: [3.1339786],Reward_sum: 186.5868682861328, Done: [False]
==========
t: 84, State: [[ 8.39514069e-01  1.23872917e+00  4.39877719e-02 -7.10917119e-01
   3.88612322e-03 -8.99829472e-01  2.20234895e+00  1.93269272e+00
  -1.38362365e+00 -3.69727720e-01 -3.37522443e-02 -4.85949381e+00]], Action: [[-1.  1. -1.]], Reward: [3.2102494],Reward_sum: 189.797119140625, Done: [False]
==========
t: 85, State: [[ 0.85713036  1.25327838  0.03117501 -0.7174426   0.00364283 -0.91905449
   2.19513726  1.71686998 -1.84707446 -1.25317789 -0.02589578 -0.46638824]], Action: [[-0.57717526  1.         -1.        ]], Reward: [3.1997032],Reward_sum: 192.996826171875, Done: [False]
==========
t: 86, State: [[ 0.87530869  1.2667004   0.02193434 -0.72187849  0.00344766 -0.91331227
   2.34509462  1.64587014 -0.48064095  0.14686625 -0.02194915  1.60758696]], Action: [[1.         1.         0.07568748]], Reward: [3.2702854],Reward_sum: 196.26710510253906, Done: [False]
==========
t: 87, State: [[ 8.94408786e-01  1.27961374e+00  2.16097167e-02 -7.16544540e-01
   2.27460139e-03 -8.94701667e-01  2.42957400e+00  1.58220236e+00
   3.98352468e-01  1.18557167e+00 -2.70675398e-01  3.04320573e+00]], Action: [[ 0.729118   -0.06007311  1.        ]], Reward: [3.385977],Reward_sum: 199.65309143066406, Done: [False]
==========
t: 88, State: [[ 9.14108913e-01  1.29185762e+00  2.67904451e-02 -7.05597766e-01
   7.96664044e-04 -8.64713461e-01  2.49369819e+00  1.47886286e+00
   8.89293419e-01  1.55243071e+00 -1.14440379e-01  4.45289550e+00]], Action: [[0.28701776 0.63063467 1.        ]], Reward: [3.4610357],Reward_sum: 203.11412048339844, Done: [False]
==========
t: 89, State: [[ 9.34095110e-01  1.30326344e+00  3.42919161e-02 -6.92722075e-01
  -8.59073661e-04 -8.23391010e-01  2.50249083e+00  1.37227786e+00
   9.85487006e-01  1.66661181e+00 -2.98898965e-01  5.87570590e+00]], Action: [[ 0.08799302 -0.07489774  1.        ]], Reward: [3.4972613],Reward_sum: 206.61138916015625, Done: [False]
==========
t: 90, State: [[ 9.53992301e-01  1.31380874e+00  4.14442034e-02 -6.79632404e-01
  -4.97243476e-03 -7.70663811e-01  2.47146533e+00  1.26379229e+00
   8.02269730e-01  1.60612431e+00 -7.28513186e-01  7.30396977e+00]], Action: [[-0.0512345  -0.27376208  1.        ]], Reward: [3.4860713],Reward_sum: 210.0974578857422, Done: [False]
==========
t: 91, State: [[ 0.97366099  1.32340172  0.04676959 -0.66817231 -0.01118225 -0.70662527
   2.44532172  1.1342759   0.52857712  1.2596371  -0.82327623  8.70349991]], Action: [[-0.23216744 -0.04459581  1.        ]], Reward: [3.4575298],Reward_sum: 213.55499267578125, Done: [False]
==========
t: 92, State: [[ 0.9931187   1.33182022  0.04863706 -0.66244541 -0.01515744 -0.63371754
   2.4189004   0.97048067 -0.06197576  0.17369219 -0.17083044  9.5221031 ]], Action: [[-0.7109063   0.44513616  0.6303489 ]], Reward: [3.4311137],Reward_sum: 216.98609924316406, Done: [False]
==========
t: 93, State: [[ 1.01256425  1.33913142  0.04872212 -0.66114827 -0.01531088 -0.55468906
   2.44209219  0.857217    0.08207942  0.15098663  0.13269046 10.        ]], Action: [[0.00424094 0.24705097 0.5571092 ]], Reward: [3.4303215],Reward_sum: 220.4164276123047, Done: [False]
==========
t: 94, State: [[ 1.03218241  1.3455223   0.0497971  -0.66028799 -0.01281769 -0.47013703
   2.46203622  0.74042503  0.18537372  0.06458324  0.4908027  10.        ]], Action: [[-0.03900461  0.28143683  0.5339439 ]], Reward: [3.4519045],Reward_sum: 223.8683319091797, Done: [False]
==========
t: 95, State: [[ 1.05210524e+00  1.35098821e+00  5.27948412e-02 -6.59445804e-01
  -6.21999462e-03 -3.81135278e-01  2.51810577e+00  6.25840778e-01
   5.62368641e-01  1.46364938e-01  1.15856352e+00  1.00000000e+01]], Action: [[0.09445465 0.51529443 0.3953354 ]], Reward: [3.4899235],Reward_sum: 227.35824584960938, Done: [False]
==========
t: 96, State: [[ 1.07224816e+00  1.35559647e+00  5.70300457e-02 -6.59219553e-01
   4.70863474e-03 -2.91449894e-01  2.48004295e+00  5.41561205e-01
   3.06768961e-01 -4.82847870e-02  1.10735745e+00  1.00000000e+01]], Action: [[-0.14985602  0.5817709  -0.11145883]], Reward: [3.5174916],Reward_sum: 230.875732421875, Done: [False]
==========
t: 97, State: [[ 1.09178778  1.35964933  0.05800744 -0.6594469   0.01048133 -0.20087729
   2.41099872  0.46973055 -0.03322961 -0.01518895  0.40935798 10.        ]], Action: [[-0.02592718  0.6051642   0.3390016 ]], Reward: [3.4419708],Reward_sum: 234.3177032470703, Done: [False]
==========
t: 98, State: [[ 1.11108771  1.36313862  0.05894018 -0.65714117  0.01208497 -0.10561477
   2.41727126  0.40138847  0.28215506  0.5872708   0.03585127 10.        ]], Action: [[0.3942265  0.30872253 0.56645745]], Reward: [3.411919],Reward_sum: 237.72962951660156, Done: [False]
==========
t: 99, State: [[ 1.12987618e+00  1.36583524e+00  5.57804329e-02 -6.58078052e-01
   1.16378932e-02 -6.56770143e-03  2.28200805e+00  2.72194881e-01
  -1.06174083e+00 -8.21912014e-01 -1.24827124e-01  1.00000000e+01]], Action: [[-1.          0.4103159   0.20070362]], Reward: [3.3473496],Reward_sum: 241.0769805908203, Done: [False]
==========
t: 100, State: [[ 1.14852461  1.36781596  0.05200694 -0.658852    0.01033603  0.09705973
   2.38069131  0.22331506  0.11939313  0.62598786 -0.18789915 10.        ]], Action: [[1.        0.5079783 0.7247623]], Reward: [3.329271],Reward_sum: 244.40625, Done: [False]
==========
t: 101, State: [[ 1.16707873e+00  1.36914760e+00  4.77612821e-02 -6.59534381e-01
   8.90186688e-03  2.02709136e-01  2.25864915e+00  1.09582855e-01
  -1.17748014e+00 -7.95491053e-01 -1.68508629e-01  1.00000000e+01]], Action: [[-1.          0.8927034  -0.23145187]], Reward: [3.317414],Reward_sum: 247.72366333007812, Done: [False]
==========
t: 102, State: [[ 1.18556258e+00  1.36983740e+00  4.31053653e-02 -6.60117588e-01
   7.51521215e-03  3.10791550e-01  2.36246013e+00  6.38008407e-02
   1.12237112e-02  6.47825709e-01 -1.72918718e-01  1.00000000e+01]], Action: [[1.         0.41489455 0.7968925 ]], Reward: [3.3086748],Reward_sum: 251.03233337402344, Done: [False]
==========
t: 103, State: [[ 1.20399325e+00  1.36995369e+00  3.80230840e-02 -6.60641329e-01
   6.36013372e-03  4.19423892e-01  2.24570351e+00 -3.49093397e-02
  -1.27933873e+00 -7.77384552e-01 -1.19219773e-01  1.00000000e+01]], Action: [[-1.         1.        -0.5541477]], Reward: [3.301526],Reward_sum: 254.3338623046875, Done: [False]
==========
t: 104, State: [[ 1.22238170e+00  1.36951067e+00  3.25002039e-02 -6.61083084e-01
   5.36069810e-03  5.29096366e-01  2.35167853e+00 -7.45582198e-02
  -1.04032867e-01  6.65013129e-01 -1.26329243e-01  1.00000000e+01]], Action: [[1.         0.25393367 0.87743765]], Reward: [3.296722],Reward_sum: 257.6305847167969, Done: [False]
==========
t: 105, State: [[ 1.24095633e+00  1.36867987e+00  2.89405791e-02 -6.58655888e-01
   4.58135486e-03  6.38101446e-01  2.29224195e+00 -1.33550844e-01
  -7.83533938e-01 -5.76214303e-02 -7.30697536e-02  1.00000000e+01]], Action: [[-0.5070337   1.         -0.84724313]], Reward: [3.3198543],Reward_sum: 260.950439453125, Done: [False]
==========
t: 106, State: [[ 1.25971321e+00  1.36759070e+00  2.73314941e-02 -6.53354070e-01
   3.95792589e-03  7.41736527e-01  2.39719784e+00 -1.38570636e-01
   3.81085008e-01  1.38099669e+00 -7.98250077e-02  1.00000000e+01]], Action: [[1.         0.31079987 0.04632295]], Reward: [3.3435109],Reward_sum: 264.2939453125, Done: [False]
==========
t: 107, State: [[ 1.27842168e+00  1.36631921e+00  2.53232681e-02 -6.48038054e-01
   3.48035589e-03  8.31039497e-01  2.27462643e+00 -1.45383137e-01
  -8.71502997e-01 -4.63594080e-02 -4.03544096e-02  7.72613490e+00]], Action: [[-1.         0.7334709 -0.8547413]], Reward: [3.3362901],Reward_sum: 267.6302490234375, Done: [False]
==========
t: 108, State: [[ 1.29695845  1.36557115  0.02324908 -0.64259833  0.00311059  0.86985594
   2.36101884 -0.05545487  0.35451933  1.40290023 -0.05058051  2.53789711]], Action: [[1.         0.21621385 0.8805894 ]], Reward: [3.3152742],Reward_sum: 270.9455261230469, Done: [False]
==========
t: 109, State: [[ 1.31582667  1.36506654  0.02647715 -0.63094726  0.00273727  0.87826278
   2.35707237 -0.0778349   0.45170735  1.50891426 -0.0431044  -0.11239601]], Action: [[ 0.07530729  0.35534766 -0.02395248]], Reward: [3.358395],Reward_sum: 274.3039245605469, Done: [False]
==========
t: 110, State: [[ 1.33426148  1.36401838  0.02549509 -0.62431022  0.00245257  0.87208318
   2.25249927 -0.18751614 -0.69713112  0.15145337 -0.02928486 -1.25984744]], Action: [[-0.9414964  0.4399257  0.6172949]], Reward: [3.30289],Reward_sum: 277.6068115234375, Done: [False]
==========
t: 111, State: [[ 1.35269513e+00  1.36244576e+00  2.48681918e-02 -6.17360326e-01
   2.33747117e-03  8.60214189e-01  2.35565296e+00 -2.07702254e-01
   5.37469081e-01  1.58446054e+00 -2.78039511e-03 -1.62033070e+00]], Action: [[1. 1. 1.]], Reward: [3.301206],Reward_sum: 280.90802001953125, Done: [False]
==========
t: 112, State: [[ 1.37110340e+00  1.36024724e+00  2.41886219e-02 -6.10459106e-01
   2.18096003e-03  8.47050604e-01  2.24727200e+00 -3.42647726e-01
  -7.04558799e-01  1.41937310e-01 -3.20324825e-02 -1.62626017e+00]], Action: [[-1.         -0.07319471  0.5775528 ]], Reward: [3.299695],Reward_sum: 284.20770263671875, Done: [False]
==========
t: 113, State: [[ 1.38950185e+00  1.35737693e+00  2.35012307e-02 -6.03591008e-01
   2.06430434e-03  8.34754269e-01  2.35178286e+00 -3.75494437e-01
   5.29936548e-01  1.57376542e+00 -9.01188710e-04 -1.43282391e+00]], Action: [[1.         1.         0.98776865]], Reward: [3.2968307],Reward_sum: 287.5045471191406, Done: [False]
==========
t: 114, State: [[ 1.40788318e+00  1.35381838e+00  2.27299990e-02 -5.96775850e-01
   1.84858772e-03  8.24148909e-01  2.24389577e+00 -5.13952121e-01
  -7.21531253e-01  1.31619111e-01 -5.33328280e-02 -1.21265425e+00]], Action: [[-1.         -0.11555627  0.51437986]], Reward: [3.2963886],Reward_sum: 290.8009338378906, Done: [False]
==========
t: 115, State: [[ 1.42625730e+00  1.34956520e+00  2.19363040e-02 -5.89994367e-01
   1.63773356e-03  8.15482189e-01  2.34885459e+00 -5.49417137e-01
   5.19637846e-01  1.56264870e+00 -5.07566591e-03 -9.59010347e-01]], Action: [[1. 1. 1.]], Reward: [3.2937644],Reward_sum: 294.0946960449219, Done: [False]
==========
t: 116, State: [[ 1.44460750e+00  1.34462361e+00  2.10201808e-02 -5.83257412e-01
   1.22270967e-03  8.08601435e-01  2.23902144e+00 -6.85621933e-01
  -7.47282855e-01  1.23188126e-01 -9.85921378e-02 -7.64259937e-01]], Action: [[-1.         -0.14649227  0.5040459 ]], Reward: [3.2925003],Reward_sum: 297.38720703125, Done: [False]
==========
t: 117, State: [[ 1.46294954e+00  1.33899488e+00  2.00824524e-02 -5.76552709e-01
   8.09921930e-04  8.03295530e-01  2.34544581e+00 -7.21459118e-01
   5.08090171e-01  1.55217209e+00 -1.36416535e-02 -5.70378478e-01]], Action: [[1. 1. 1.]], Reward: [3.2897546],Reward_sum: 300.6769714355469, Done: [False]
==========
t: 118, State: [[ 1.48138020e+00  1.33271402e+00  2.01228036e-02 -5.68880689e-01
   7.24429617e-04  7.99249035e-01  2.26247067e+00 -8.48355843e-01
  -4.96990740e-01  3.67165150e-01 -8.03143404e-03 -4.44554203e-01]], Action: [[-0.816879    0.09778067  0.50922745]], Reward: [3.3028967],Reward_sum: 303.9798583984375, Done: [False]
==========
t: 119, State: [[ 1.49988896e+00  1.32578882e+00  2.11118717e-02 -5.60211437e-01
   8.51365784e-04  7.96233202e-01  2.36378709e+00 -8.83095700e-01
   7.40193676e-01  1.79920609e+00  3.26901949e-02 -3.16420567e-01]], Action: [[1.        0.9938837 1.       ]], Reward: [3.310607],Reward_sum: 307.2904357910156, Done: [False]
==========
t: 120, State: [[ 1.51855775e+00  1.31827618e+00  2.41854457e-02 -5.49113820e-01
   1.00715057e-03  7.93956063e-01  2.30384088e+00 -9.94722979e-01
   2.99793200e-02  9.75848665e-01  8.82678806e-03 -2.53662543e-01]], Action: [[-0.5655056   0.11001584  0.38726437]], Reward: [3.3331158],Reward_sum: 310.6235656738281, Done: [False]
==========
t: 121, State: [[ 1.53687842e+00  1.30995261e+00  2.31293195e-02 -5.42878802e-01
   1.16395624e-03  7.91196690e-01  2.27618384e+00 -1.08603370e+00
  -2.94766038e-01  5.83591209e-01  2.73880979e-02 -4.35827329e-01]], Action: [[-0.26784566  0.7987772  -0.12916285]], Reward: [3.2893584],Reward_sum: 313.9129333496094, Done: [False]
==========
t: 122, State: [[ 1.55509823e+00  1.30100019e+00  2.10973762e-02 -5.37860228e-01
   1.44903775e-03  7.85351431e-01  2.27853246e+00 -1.15203864e+00
  -2.14356091e-01  6.71184709e-01  4.11150584e-02 -1.02467727e+00]], Action: [[ 0.06231229  1.         -0.41417423]], Reward: [3.276301],Reward_sum: 317.1892395019531, Done: [False]
==========
t: 123, State: [[ 1.57304251e+00  1.29128006e+00  1.57527672e-02 -5.36777932e-01
   1.79823658e-03  7.78656748e-01  2.20757313e+00 -1.27802717e+00
  -1.12143193e+00 -3.99204385e-01  4.45651032e-02 -6.49361859e-01]], Action: [[-0.7396637   1.          0.25557804]], Reward: [3.241422],Reward_sum: 320.4306640625, Done: [False]
==========
t: 124, State: [[ 1.59111494e+00  1.28080479e+00  1.16626106e-02 -5.34213417e-01
   2.10816124e-03  7.79164668e-01  2.31036454e+00 -1.34070374e+00
   9.75913815e-02  1.03862417e+00  3.33880300e-02  7.74599721e-01]], Action: [[1. 1. 1.]], Reward: [3.2560544],Reward_sum: 323.68670654296875, Done: [False]
==========
t: 125, State: [[ 1.6095635   1.26988268  0.01254527 -0.52574976  0.00232802  0.77962902
   2.30180379 -1.38996495  0.12348835  1.07719063  0.0223153  -0.65683752]], Action: [[ 0.02643103  0.7833947  -1.        ]], Reward: [3.3044546],Reward_sum: 326.99114990234375, Done: [False]
==========
t: 126, State: [[ 1.62784374e+00  1.25846059e+00  1.22152769e-02 -5.18629529e-01
   2.40976058e-03  7.70996663e-01  2.26852662e+00 -1.46552723e+00
  -2.04695606e-01  7.03078705e-01  7.14627346e-04 -1.50033309e+00]], Action: [[-0.25883472  0.46220198 -0.5962901 ]], Reward: [3.2843947],Reward_sum: 330.2755432128906, Done: [False]
==========
t: 127, State: [[ 1.64560224  1.24624681  0.00569804 -0.51878981  0.00249209  0.75757193
   2.17107702 -1.5880516  -1.42434883 -0.74118928  0.01737591 -1.85531691]], Action: [[-1.         1.        -0.2601068]], Reward: [3.217745],Reward_sum: 333.4932861328125, Done: [False]
==========
t: 128, State: [[ 1.66337959e+00  1.23328708e+00 -8.05009670e-04 -5.18949226e-01
   2.58234846e-03  7.48465092e-01  2.27320487e+00 -1.65170216e+00
  -2.02124778e-01  6.99489958e-01  6.36109194e-03 -4.23153409e-01]], Action: [[1.         0.85059714 1.        ]], Reward: [3.219444],Reward_sum: 336.7127380371094, Done: [False]
==========
t: 129, State: [[ 1.68154404e+00  1.21988105e+00 -2.17646934e-03 -5.13069166e-01
   2.67270317e-03  7.39377530e-01  2.26776110e+00 -1.69980220e+00
  -1.41433815e-01  7.70581806e-01  1.48062245e-02 -1.84698779e+00]], Action: [[ 0.04826133  1.         -1.        ]], Reward: [3.268555],Reward_sum: 339.9812927246094, Done: [False]
==========
t: 130, State: [[ 1.69927285e+00  1.20587206e+00 -8.20900194e-03 -5.12671219e-01
   2.81991413e-03  7.19568455e-01  2.16448765e+00 -1.80247897e+00
  -1.36629218e+00 -6.69219380e-01  2.07199657e-02 -3.10371558e+00]], Action: [[-1.          1.         -0.89487666]], Reward: [3.2133005],Reward_sum: 343.194580078125, Done: [False]
==========
t: 131, State: [[ 1.71696291  1.19131045 -0.01424182 -0.51223379  0.00294641  0.69548337
   2.25791469 -1.83782746 -0.14277939  0.77675842  0.01168987 -2.91783859]], Action: [[1.         1.         0.11982421]], Reward: [3.2092433],Reward_sum: 346.4038391113281, Done: [False]
==========
t: 132, State: [[ 1.73460859e+00  1.17621094e+00 -2.03041713e-02 -5.11781462e-01
   3.06115470e-03  6.66538823e-01  2.15353762e+00 -1.93700424e+00
  -1.37260629e+00 -6.61781931e-01  1.60408881e-02 -4.31657904e+00]], Action: [[-1.  1. -1.]], Reward: [3.2027094],Reward_sum: 349.6065368652344, Done: [False]
==========
t: 133, State: [[ 1.75219980e+00  1.16059087e+00 -2.64181338e-02 -5.11276206e-01
   3.08668712e-03  6.32266507e-01  2.24431544e+00 -1.96797661e+00
  -1.55921441e-01  7.86096409e-01 -6.71522947e-03 -4.25174846e+00]], Action: [[1.         0.7020044  0.02876078]], Reward: [3.1974075],Reward_sum: 352.803955078125, Done: [False]
==========
t: 134, State: [[ 1.76973854e+00  1.14445166e+00 -3.25972239e-02 -5.10749392e-01
   3.09446827e-03  5.92687593e-01  2.14027760e+00 -2.06670984e+00
  -1.38932168e+00 -6.52364630e-01  6.84265772e-03 -5.64124439e+00]], Action: [[-1.  1. -1.]], Reward: [3.1893423],Reward_sum: 355.9932861328125, Done: [False]
==========
t: 135, State: [[ 1.78721632e+00  1.12775113e+00 -3.90613830e-02 -5.10431796e-01
   3.04980764e-03  5.49448968e-01  2.22927950e+00 -2.10846068e+00
  -2.26303558e-01  7.29784972e-01 -1.49646632e-02 -5.16915270e+00]], Action: [[0.95574045 0.61955595 0.3080473 ]], Reward: [3.1833305],Reward_sum: 359.1766052246094, Done: [False]
==========
t: 136, State: [[ 1.80502593e+00  1.11049342e+00 -4.48290065e-02 -5.10706741e-01
   2.91457906e-03  5.01690468e-01  2.33250793e+00 -2.20471519e+00
  -9.33595417e-01 -8.96020580e-01 -2.76799669e-02 -7.00581080e+00]], Action: [[-1.         0.6825857 -1.       ]], Reward: [3.223735],Reward_sum: 362.4003601074219, Done: [False]
==========
t: 137, State: [[ 1.82521498e+00  1.09417759e+00 -4.45100048e-02 -5.14830964e-01
   2.30686313e-03  4.47681962e-01  2.66528746e+00 -1.74138572e+00
   9.90318584e-01 -1.02685780e-01 -5.96396487e-02 -5.79834579e+00]], Action: [[ 0.74026036  0.479538   -0.2524505 ]], Reward: [3.5227895],Reward_sum: 365.92315673828125, Done: [False]
==========
t: 138, State: [[ 1.84643140e+00  1.08261874e+00 -3.92651981e-02 -5.21852848e-01
   2.16945125e-03  4.06358256e-01  2.62303135e+00 -1.16173732e+00
   2.57422253e-01 -1.63395397e+00  1.64055602e-02 -4.57243759e+00]], Action: [[-1.  1. -1.]], Reward: [3.6490536],Reward_sum: 369.57220458984375, Done: [False]
==========
t: 139, State: [[ 1.86785013e+00  1.07574695e+00 -3.14610988e-02 -5.29898353e-01
   2.41293134e-03  3.73445336e-01  2.72530810e+00 -5.73710923e-01
   1.66095458e+00 -3.71106084e-01  4.02718697e-02 -3.71723572e+00]], Action: [[ 0.9029324  1.        -1.       ]], Reward: [3.6745255],Reward_sum: 373.2467346191406, Done: [False]
==========
t: 140, State: [[ 1.88924176e+00  1.07284924e+00 -2.25976986e-02 -5.38673364e-01
   2.67727313e-03  3.46032795e-01  2.62132660e+00 -1.64817078e-01
   5.40537560e-01 -1.81798514e+00  2.62329626e-02 -3.19511287e+00]], Action: [[-1.          0.41592783 -1.        ]], Reward: [3.6717806],Reward_sum: 376.91851806640625, Done: [False]
==========
t: 141, State: [[ 1.90989776e+00  1.07290617e+00 -2.15956047e-02 -5.57406106e-01
   2.95366344e-03  3.21620346e-01  2.54164889e+00  1.65509019e-01
  -3.00912890e-01 -2.86203528e+00  3.95788244e-02 -2.96055306e+00]], Action: [[-0.7331157   1.         -0.95071924]], Reward: [3.5795593],Reward_sum: 380.4980773925781, Done: [False]
==========
t: 142, State: [[ 1.93050991e+00  1.07563770e+00 -1.99099938e-02 -5.75538850e-01
   3.06583358e-03  2.97599810e-01  2.61206653e+00  5.06649202e-01
   7.16804445e-01 -1.67260056e+00 -6.34774620e-03 -3.08750851e+00]], Action: [[ 0.8124875   0.13478652 -1.        ]], Reward: [3.5748394],Reward_sum: 384.0729064941406, Done: [False]
==========
t: 143, State: [[ 1.95095358e+00  1.08039144e+00 -1.92392275e-02 -5.94582496e-01
   2.94480411e-03  2.72599994e-01  2.49785090e+00  6.71675459e-01
  -5.54197778e-01 -3.08518064e+00 -2.18733602e-02 -3.19992769e+00]], Action: [[-1.          0.12931666 -0.8044766 ]], Reward: [3.553795],Reward_sum: 387.626708984375, Done: [False]
==========
t: 144, State: [[ 1.97112552e+00  1.08667868e+00 -2.09182891e-02 -6.15714622e-01
   2.72653760e-03  2.44902795e-01  2.54516136e+00  8.94464407e-01
   1.29008855e-01 -2.19865341e+00 -3.10342165e-02 -3.74830510e+00]], Action: [[ 0.59494275  0.18541148 -1.        ]], Reward: [3.5201046],Reward_sum: 391.1468200683594, Done: [False]
==========
t: 145, State: [[ 1.99099270e+00  1.09427695e+00 -2.52184957e-02 -6.38899082e-01
   2.60990146e-03  2.12395738e-01  2.41987492e+00  1.00046022e+00
  -1.21150012e+00 -3.59381822e+00 -1.74490932e-03 -4.39427720e+00]], Action: [[-1.         0.7177086 -1.       ]], Reward: [3.480883],Reward_sum: 394.627685546875, Done: [False]
==========
t: 146, State: [[ 2.01057625e+00  1.10300582e+00 -3.18207108e-02 -6.63430375e-01
   2.67739925e-03  1.74263724e-01  2.47569345e+00  1.17988011e+00
  -4.45792555e-01 -2.53987784e+00  1.59483278e-02 -5.14947198e+00]], Action: [[ 0.70550865  0.98603976 -1.        ]], Reward: [3.445473],Reward_sum: 398.07318115234375, Done: [False]
==========
t: 147, State: [[ 2.02998731e+00  1.11281213e+00 -3.92706821e-02 -6.87282713e-01
   2.86415458e-03  1.29962324e-01  2.37562167e+00  1.26965979e+00
  -1.42321666e+00 -3.42062184e+00  2.84681167e-02 -5.93186098e+00]], Action: [[-0.65080816  1.         -1.        ]], Reward: [3.4239595],Reward_sum: 401.49713134765625, Done: [False]
==========
t: 148, State: [[ 2.04915950e+00  1.12361346e+00 -4.81710784e-02 -7.10747034e-01
   3.07760315e-03  7.91912372e-02  2.41723350e+00  1.43043505e+00
  -8.06974314e-01 -2.44651554e+00  2.46862455e-02 -6.76456027e+00]], Action: [[ 0.6447026   0.98407483 -1.        ]], Reward: [3.3941386],Reward_sum: 404.89129638671875, Done: [False]
==========
t: 149, State: [[ 2.06850698e+00  1.13561353e+00 -5.39017822e-02 -7.28296890e-01
   3.26764740e-03  2.17120623e-02  2.41908361e+00  1.56932405e+00
  -6.30524623e-01 -1.94102512e+00  2.25182295e-02 -7.60683338e+00]], Action: [[ 0.31853765  1.         -1.        ]], Reward: [3.4163342],Reward_sum: 408.3076171875, Done: [False]
==========
t: 150, State: [[ 2.08800665e+00  1.14880210e+00 -5.67262506e-02 -7.39996542e-01
   3.42859895e-03 -4.25603289e-02  2.45543899e+00  1.72766185e+00
  -7.96534115e-02 -9.84667755e-01  1.78385892e-02 -8.46218172e+00]], Action: [[ 0.6369205  1.        -1.       ]], Reward: [3.4350526],Reward_sum: 411.74267578125, Done: [False]
==========
t: 151, State: [[ 2.10777650e+00  1.16324528e+00 -5.53397024e-02 -7.44178086e-01
   3.55552502e-03 -1.13695296e-01  2.48651497e+00  1.88256770e+00
   4.23072626e-01 -6.12914261e-02  1.40025008e-02 -9.32257134e+00]], Action: [[ 0.61649305  1.         -1.        ]], Reward: [3.4688516],Reward_sum: 415.2115173339844, Done: [False]
==========
t: 152, State: [[ 2.12702649e+00  1.17848918e+00 -5.80758508e-02 -7.50178049e-01
   3.68615620e-03 -1.91596296e-01  2.32464776e+00  1.92711235e+00
  -1.10957607e+00 -1.43570877e+00  1.77623112e-02 -1.00000000e+01]], Action: [[-1.  1. -1.]], Reward: [3.4032495],Reward_sum: 418.6147766113281, Done: [False]
==========
t: 153, State: [[ 2.14589395e+00  1.19458367e+00 -6.31196708e-02 -7.55740610e-01
   3.78953599e-03 -2.76391750e-01  2.39171727e+00  2.09503116e+00
  -1.52685355e-01  4.34698581e-02  8.86635630e-03 -1.00000000e+01]], Action: [[ 1.  1. -1.]], Reward: [3.3554325],Reward_sum: 421.97021484375, Done: [False]
==========
t: 154, State: [[ 2.16479922e+00  1.21170504e+00 -6.56143326e-02 -7.55254771e-01
   3.85819804e-03 -3.68344614e-01  2.33307497e+00  2.18277109e+00
  -4.72665269e-01  7.92410173e-02  8.14594315e-03 -1.00000000e+01]], Action: [[-0.01311856  1.         -1.        ]], Reward: [3.3611574],Reward_sum: 425.33135986328125, Done: [False]
==========
t: 155, State: [[ 2.18350220e+00  1.22963391e+00 -6.74866855e-02 -7.50805560e-01
   3.90522359e-03 -4.67653054e-01  2.34113713e+00  2.29615710e+00
   3.87827415e-03  1.03307722e+00  3.94758907e-03 -1.00000000e+01]], Action: [[ 0.62911016  1.         -1.        ]], Reward: [3.335477],Reward_sum: 428.6668395996094, Done: [False]
==========
t: 156, State: [[ 2.20148893e+00  1.24798813e+00 -7.36714946e-02 -7.48001092e-01
   3.95844667e-03 -5.74393593e-01  2.15500167e+00  2.28999758e+00
  -1.54792665e+00 -3.29835004e-01  8.50156151e-03 -1.00000000e+01]], Action: [[-1.  1. -1.]], Reward: [3.2453418],Reward_sum: 431.91217041015625, Done: [False]
==========
t: 157, State: [[ 2.21893458e+00  1.26662740e+00 -8.20220688e-02 -7.44710130e-01
   3.98150448e-03 -6.89231868e-01  2.21325243e+00  2.34227806e+00
  -4.95802262e-01  1.14401646e+00 -3.43048150e-03 -1.00000000e+01]], Action: [[ 1.  1. -1.]], Reward: [3.1777058],Reward_sum: 435.0898742675781, Done: [False]
==========
t: 158, State: [[ 2.23614888e+00  1.28480278e+00 -9.00247429e-02 -7.39726345e-01
   3.91664620e-03 -8.12311751e-01  2.12447873e+00  2.15049582e+00
  -1.38288282e+00  7.33090744e-02 -1.73023931e-02 -1.00000000e+01]], Action: [[-0.749528   0.8491496 -1.       ]], Reward: [3.149505],Reward_sum: 438.2393798828125, Done: [False]
==========
t: 159, State: [[ 2.25414053e+00  1.30110416e+00 -9.41311306e-02 -7.33924932e-01
   3.69422240e-03 -8.83451771e-01  2.36332838e+00  1.94831531e+00
   3.12342318e-01  1.38419606e+00 -3.31861160e-02 -5.12847585e+00]], Action: [[ 1.  1. -1.]], Reward: [3.2459562],Reward_sum: 441.4853210449219, Done: [False]
==========
t: 160, State: [[ 2.27290838  1.31566528 -0.09554677 -0.72885835  0.00341767 -0.90512572
   2.32128893  1.70356914 -0.69187056 -0.10919844 -0.03362139 -0.79377575]], Action: [[-1.        0.723781 -1.      ]], Reward: [3.3434577],Reward_sum: 444.8287658691406, Done: [False]
==========
t: 161, State: [[ 2.29186583  1.32891042 -0.09810008 -0.72711662  0.00320462 -0.90178958
   2.41298737  1.6138094   0.0363366   0.54822718 -0.01995094  1.3384721 ]], Action: [[0.4848101 1.        1.       ]], Reward: [3.3674452],Reward_sum: 448.1961975097656, Done: [False]
==========
t: 162, State: [[ 2.31138547e+00  1.34167255e+00 -9.45473674e-02 -7.17841580e-01
   2.47191273e-04 -8.85223987e-01  2.46657452e+00  1.57611310e+00
   8.50810892e-01  1.76928882e+00 -7.18291064e-01  2.80099393e+00]], Action: [[ 0.8304532 -0.3869265  1.       ]], Reward: [3.4381156],Reward_sum: 451.6343078613281, Done: [False]
==========
t: 163, State: [[ 2.33150456e+00  1.35382704e+00 -8.55651612e-02 -7.03079690e-01
  -2.95007094e-03 -8.57267373e-01  2.56298566e+00  1.46207189e+00
   1.39424801e+00  1.92115125e+00 -7.98923667e-02  4.18623148e+00]], Action: [[0.17017926 0.5477302  1.        ]], Reward: [3.5135574],Reward_sum: 455.1478576660156, Done: [False]
==========
t: 164, State: [[ 2.35206803e+00  1.36504217e+00 -7.44225931e-02 -6.88207162e-01
  -3.46212345e-03 -8.18109315e-01  2.57757865e+00  1.34146621e+00
   1.39091419e+00  1.79735707e+00 -4.78053449e-02  5.60130331e+00]], Action: [[-0.06309757  0.07346228  1.        ]], Reward: [3.569425],Reward_sum: 458.71728515625, Done: [False]
==========
t: 165, State: [[ 2.37262002e+00  1.37524531e+00 -6.44323301e-02 -6.75355955e-01
  -4.13241413e-03 -7.67637649e-01  2.56012851e+00  1.20923530e+00
   1.10638621e+00  1.41612262e+00 -1.19279728e-01  7.01454565e+00]], Action: [[-0.25223264 -0.02293918  1.        ]], Reward: [3.5679338],Reward_sum: 462.28521728515625, Done: [False]
==========
t: 166, State: [[ 2.39298035e+00  1.38437585e+00 -5.71179683e-02 -6.65878813e-01
  -5.55625215e-03 -7.05893708e-01  2.52961757e+00  1.07328033e+00
   7.21865920e-01  9.54006081e-01 -2.36059884e-01  8.41927747e+00]], Action: [[-0.31508654 -0.06493762  1.        ]], Reward: [3.5439389],Reward_sum: 465.82916259765625, Done: [False]
==========
t: 167, State: [[ 2.41303946e+00  1.39230080e+00 -5.41297326e-02 -6.62178780e-01
  -6.71402612e-03 -6.33006688e-01  2.48473795e+00  9.07797270e-01
   2.49170192e-02 -2.73872110e-02 -5.30236134e-02  9.80022000e+00]], Action: [[-0.6639491   0.12405053  1.        ]], Reward: [3.5059316],Reward_sum: 469.3351135253906, Done: [False]
==========
t: 168, State: [[ 2.43300809e+00  1.39922186e+00 -5.22461064e-02 -6.59862679e-01
  -8.62131275e-03 -5.49078730e-01  2.50683213e+00  8.22045475e-01
   4.44078525e-01  6.06146190e-01 -4.22519350e-01  1.00000000e+01]], Action: [[ 0.4254768 -0.1911262  1.       ]], Reward: [3.4948623],Reward_sum: 472.8299865722656, Done: [False]
==========
t: 169, State: [[ 2.45288922e+00  1.40507018e+00 -5.23296014e-02 -6.61022368e-01
  -8.72454150e-03 -4.57678142e-01  2.46316683e+00  6.40060049e-01
  -4.65002792e-01 -8.93858778e-01  3.96172102e-01  1.00000000e+01]], Action: [[-1.          0.52764046  0.42170763]], Reward: [3.483684],Reward_sum: 476.31365966796875, Done: [False]
==========
t: 170, State: [[ 2.47296546e+00  1.41006780e+00 -5.12722638e-02 -6.62369832e-01
  -5.83482904e-03 -3.62982943e-01  2.55561263e+00  6.09394910e-01
   7.26809893e-01  5.55445256e-01  3.27033097e-01  1.00000000e+01]], Action: [[1.         0.04183075 0.30447632]], Reward: [3.508436],Reward_sum: 479.82208251953125, Done: [False]
==========
t: 171, State: [[ 2.49317574e+00  1.41426692e+00 -4.93655505e-02 -6.63872547e-01
  -2.91431796e-04 -2.66580725e-01  2.49686543e+00  4.40629745e-01
  -2.49716706e-01 -9.29134694e-01  1.05809124e+00  1.00000000e+01]], Action: [[-1.          0.44753435  0.14858785]], Reward: [3.525063],Reward_sum: 483.3471374511719, Done: [False]
==========
t: 172, State: [[ 2.51327728e+00  1.41771473e+00 -4.78065016e-02 -6.65239640e-01
   4.90646690e-03 -1.67043503e-01  2.52852556e+00  4.21709461e-01
   6.37071560e-01  5.85499888e-01  2.43082139e-01  1.00000000e+01]], Action: [[ 1.         -0.50119555  0.526235  ]], Reward: [3.5111632],Reward_sum: 486.8583068847656, Done: [False]
==========
t: 173, State: [[ 2.53295342e+00  1.42053957e+00 -4.82063452e-02 -6.66166482e-01
   6.02545139e-03 -6.49213004e-02  2.39272265e+00  2.84459468e-01
  -7.26924010e-01 -8.17655474e-01  5.75629817e-02  1.00000000e+01]], Action: [[-1.          0.46310583  0.02414487]], Reward: [3.4583027],Reward_sum: 490.3166198730469, Done: [False]
==========
t: 174, State: [[ 2.55246181e+00  1.42266374e+00 -4.93567922e-02 -6.66894394e-01
   6.02274467e-03  4.06604491e-02  2.48501601e+00  2.46783029e-01
   4.40668887e-01  6.33168024e-01 -4.46105439e-02  1.00000000e+01]], Action: [[1.         0.39111888 0.70723003]], Reward: [3.436896],Reward_sum: 493.7535095214844, Done: [False]
==========
t: 175, State: [[ 2.57185234e+00  1.42411812e+00 -5.10828071e-02 -6.67504665e-01
   5.59487238e-03  1.48676230e-01  2.36349267e+00  1.17090458e-01
  -8.68626856e-01 -7.84733802e-01 -5.90565503e-02  1.00000000e+01]], Action: [[-1.          0.7639878  -0.14155793]], Reward: [3.422212],Reward_sum: 497.17572021484375, Done: [False]
==========
t: 176, State: [[ 2.59115438e+00  1.42490112e+00 -5.33017753e-02 -6.67995079e-01
   4.96567281e-03  2.59964166e-01  2.46213763e+00  7.94595649e-02
   3.11754833e-01  6.60224587e-01 -9.17538252e-02  1.00000000e+01]], Action: [[1.        0.2591689 0.8552875]], Reward: [3.4109576],Reward_sum: 500.586669921875, Done: [False]
==========
t: 177, State: [[ 2.61038306e+00  1.42508666e+00 -5.60171610e-02 -6.68410271e-01
   4.40228317e-03  3.72553641e-01  2.34556532e+00 -3.29292074e-02
  -9.88340945e-01 -7.62669135e-01 -5.24987141e-02  1.00000000e+01]], Action: [[-1.          1.         -0.47746736]], Reward: [3.4013567],Reward_sum: 503.988037109375, Done: [False]
==========
t: 178, State: [[ 2.62952508e+00  1.42470481e+00 -5.93671366e-02 -6.68702809e-01
   3.54731865e-03  4.86775345e-01  2.43986246e+00 -6.12507210e-02
   1.46813091e-01  6.87863823e-01 -1.59905574e-01  1.00000000e+01]], Action: [[1.         0.02389403 0.90666544]], Reward: [3.39093],Reward_sum: 507.37896728515625, Done: [False]
==========
t: 179, State: [[ 2.64867731e+00  1.42388657e+00 -6.24326451e-02 -6.67926584e-01
   2.70621888e-03  6.00016319e-01  2.34818764e+00 -1.43591947e-01
  -9.12257825e-01 -4.92280855e-01 -6.08245501e-02  1.00000000e+01]], Action: [[-0.8249718  1.        -0.9276935]], Reward: [3.3914878],Reward_sum: 510.77044677734375, Done: [False]
==========
t: 180, State: [[ 2.66785285e+00  1.42267727e+00 -6.51818574e-02 -6.66076739e-01
   1.87185629e-03  7.11287338e-01  2.44578660e+00 -1.57563012e-01
   2.21830593e-01  9.52891471e-01 -1.46944163e-01  1.00000000e+01]], Action: [[1.         0.03140667 0.72559226]], Reward: [3.3954148],Reward_sum: 514.1658935546875, Done: [False]
==========
t: 181, State: [[ 2.68708744e+00  1.42117245e+00 -6.72511742e-02 -6.62881129e-01
   1.20663970e-03  8.17272277e-01  2.35392032e+00 -1.82606889e-01
  -7.34217139e-01 -1.48081463e-01 -2.94857437e-02  1.00000000e+01]], Action: [[-0.7678594  1.        -1.       ]], Reward: [3.4017336],Reward_sum: 517.567626953125, Done: [False]
==========
t: 182, State: [[ 2.70618002e+00  1.42031607e+00 -6.82258264e-02 -6.58252808e-01
   1.01515748e-03  8.71180719e-01  2.42225117e+00 -4.92232931e-02
   4.93502341e-01  1.30167236e+00 -2.03355464e-02  3.77726690e+00]], Action: [[1.         0.07540244 0.45463425]], Reward: [3.3853598],Reward_sum: 520.9529418945312, Done: [False]
==========
t: 183, State: [[ 2.72542336e+00  1.41987485e+00 -6.49174178e-02 -6.48667063e-01
   9.76317558e-04  8.86281801e-01  2.39032762e+00 -6.96656597e-02
   3.31955381e-01  1.09432125e+00  6.46894307e-03  3.96564289e-01]], Action: [[-0.14341576  0.5238919   0.5618391 ]], Reward: [3.4048064],Reward_sum: 524.3577880859375, Done: [False]
==========
t: 184, State: [[ 2.74453873e+00  1.41915560e+00 -6.18673120e-02 -6.39519343e-01
   1.12766779e-03  8.82377733e-01  2.38935181e+00 -1.14618940e-01
   4.28208655e-01  1.19225024e+00  2.76524188e-02 -1.15397241e+00]], Action: [[0.0716197  0.80974257 0.7996427 ]], Reward: [3.3881211],Reward_sum: 527.7459106445312, Done: [False]
==========
t: 185, State: [[ 2.76327819e+00  1.41774334e+00 -6.27841645e-02 -6.35093782e-01
   1.37930868e-03  8.70401296e-01  2.29622898e+00 -2.40541110e-01
  -6.57446442e-01 -8.45797728e-02  3.34412551e-02 -1.72480605e+00]], Action: [[-0.88616025  0.74116623  0.80529165]], Reward: [3.3404496],Reward_sum: 531.0863647460938, Done: [False]
==========
t: 186, State: [[ 2.78204545e+00  1.41576609e+00 -6.31348754e-02 -6.30025884e-01
   1.66463263e-03  8.56142745e-01  2.39550987e+00 -2.55185601e-01
   5.67677991e-01  1.34990657e+00  3.64514438e-02 -1.78473629e+00]], Action: [[1. 1. 1.]], Reward: [3.3429084],Reward_sum: 534.4292602539062, Done: [False]
==========
t: 187, State: [[ 2.80079723e+00  1.41313934e+00 -6.35674276e-02 -6.24995953e-01
   1.83744506e-03  8.42303027e-01  2.29309041e+00 -4.01848800e-01
  -6.73423419e-01 -9.11284024e-02  9.67795975e-03 -1.64762578e+00]], Action: [[-1.          0.30527347  0.37424392]], Reward: [3.3427389],Reward_sum: 537.7720336914062, Done: [False]
==========
t: 188, State: [[ 2.81954702e+00  1.40983590e+00 -6.40371484e-02 -6.19984871e-01
   1.96500515e-03  8.30187173e-01  2.39397844e+00 -4.24367240e-01
   5.53972192e-01  1.34241892e+00  2.03683128e-02 -1.37715701e+00]], Action: [[1. 1. 1.]], Reward: [3.340724],Reward_sum: 541.1127319335938, Done: [False]
==========
t: 189, State: [[ 2.83829585e+00  1.40584672e+00 -6.45671294e-02 -6.15021647e-01
   2.04267311e-03  8.20115789e-01  2.29368484e+00 -5.72735495e-01
  -6.84227734e-01 -1.00183216e-01  1.31219634e-03 -1.13898663e+00]], Action: [[-1.          0.3547815   0.30962825]], Reward: [3.3423817],Reward_sum: 544.4551391601562, Done: [False]
==========
t: 190, State: [[ 2.85704808e+00  1.40117221e+00 -6.51178474e-02 -6.10081356e-01
   2.11269037e-03  8.12092594e-01  2.39391706e+00 -5.95957709e-01
   5.44488426e-01  1.33381934e+00  1.42626184e-02 -8.75267485e-01]], Action: [[1. 1. 1.]], Reward: [3.3410285],Reward_sum: 547.796142578125, Done: [False]
==========
t: 191, State: [[ 2.87593368e+00  1.39589620e+00 -6.40961861e-02 -6.03332532e-01
   2.23988938e-03  8.05818838e-01  2.32760592e+00 -7.22683948e-01
  -2.88402571e-01  3.54534187e-01  1.67826667e-02 -6.96181726e-01]], Action: [[-0.67561466  0.8203219   0.27933252]], Reward: [3.359493],Reward_sum: 551.1556396484375, Done: [False]
==========
t: 192, State: [[ 2.89493857e+00  1.39002466e+00 -6.15482909e-02 -5.94750574e-01
   2.27980047e-03  8.01050015e-01  2.42346220e+00 -7.45603360e-01
   9.24990500e-01  1.78921534e+00 -4.13553220e-03 -5.05554193e-01]], Action: [[1.        0.5116513 1.       ]], Reward: [3.373349],Reward_sum: 554.529052734375, Done: [False]
==========
t: 193, State: [[ 2.91410208e+00  1.38358901e+00 -5.69164693e-02 -5.83655078e-01
   2.18264063e-03  7.97478681e-01  2.36775897e+00 -8.62851247e-01
   2.34601601e-01  9.85325736e-01 -1.79895956e-02 -3.90708001e-01]], Action: [[-0.5518955   0.27212104  0.4616428 ]], Reward: [3.394847],Reward_sum: 557.923828125, Done: [False]
==========
t: 194, State: [[ 2.93294263e+00  1.37629667e+00 -5.63583852e-02 -5.77389657e-01
   2.16415725e-03  7.94310473e-01  2.34217362e+00 -9.60068065e-01
  -9.60684161e-02  5.81777764e-01  9.74474064e-03 -4.01170460e-01]], Action: [[-0.27479988  1.         -0.00924217]], Reward: [3.3539932],Reward_sum: 561.27783203125, Done: [False]
==========
t: 195, State: [[ 2.95206471e+00  1.36851599e+00 -5.22346506e-02 -5.66998428e-01
   2.25987010e-03  7.91686058e-01  2.43790115e+00 -9.85587706e-01
   1.12526924e+00  2.01460932e+00  1.34040243e-02 -2.64402485e-01]], Action: [[1.         0.9384849  0.34356874]], Reward: [3.388262],Reward_sum: 564.6661376953125, Done: [False]
==========
t: 196, State: [[ 2.97129654e+00  1.36014242e+00 -4.66058168e-02 -5.54786874e-01
   2.25076384e-03  7.89898211e-01  2.37054076e+00 -1.10719350e+00
   2.84247096e-01  1.03901622e+00 -1.22402547e-02 -1.86928752e-01]], Action: [[-0.6703018   0.22648367  0.07319451]], Reward: [3.403473],Reward_sum: 568.069580078125, Done: [False]
==========
t: 197, State: [[ 2.99008994e+00  1.35097664e+00 -4.61508897e-02 -5.48669415e-01
   2.26764275e-03  7.83646235e-01  2.32763096e+00 -1.18407092e+00
  -1.71321977e-01  4.91258536e-01  1.30424894e-02 -1.37449084e+00]], Action: [[-0.377846   1.        -0.8345522]], Reward: [3.347335],Reward_sum: 571.4169311523438, Done: [False]
==========
t: 198, State: [[ 3.00898114e+00  1.34124511e+00 -4.43329403e-02 -5.41005623e-01
   2.38850433e-03  7.76500056e-01  2.39493216e+00 -1.24911005e+00
   6.24619295e-01  1.42371404e+00  1.63397847e-02 -4.13213078e-01]], Action: [[0.65310544 1.         0.670537  ]], Reward: [3.3595238],Reward_sum: 574.7764892578125, Done: [False]
==========
t: 199, State: [[ 3.02793433e+00  1.33089271e+00 -4.16723834e-02 -5.32349721e-01
   2.49892478e-03  7.70015903e-01  2.34352089e+00 -1.33873539e+00
   4.12740410e-02  7.40995210e-01  1.15343058e-02 -1.20685196e+00]], Action: [[-0.47028607  0.7565924  -0.5606283 ]], Reward: [3.3680413],Reward_sum: 578.14453125, Done: [False]
==========
Hopper - Steps: 200, Return: 578.14453125, State: [[ 3.02793433e+00  1.33089271e+00 -4.16723834e-02 -5.32349721e-01
   2.49892478e-03  7.70015903e-01  2.34352089e+00 -1.33873539e+00
   4.12740410e-02  7.40995210e-01  1.15343058e-02 -1.20685196e+00]]
