2025-05-13 02:50:57.296203: E external/local_xla/xla/stream_executor/cuda/cuda_fft.cc:477] Unable to register cuFFT factory: Attempting to register factory for plugin cuFFT when one has already been registered
WARNING: All log messages before absl::InitializeLog() is called are written to STDERR
E0000 00:00:1747104657.385303    4982 cuda_dnn.cc:8310] Unable to register cuDNN factory: Attempting to register factory for plugin cuDNN when one has already been registered
E0000 00:00:1747104657.408596    4982 cuda_blas.cc:1418] Unable to register cuBLAS factory: Attempting to register factory for plugin cuBLAS when one has already been registered
E0513 02:51:37.088865    4982 cuda_dnn.cc:534] Could not create cudnn handle: CUDNN_STATUS_INTERNAL_ERROR
E0513 02:51:37.089518    4982 cuda_dnn.cc:538] Memory usage: 983040 bytes free, 16928342016 bytes total.
E0513 02:51:37.109863    4982 cuda_dnn.cc:534] Could not create cudnn handle: CUDNN_STATUS_INTERNAL_ERROR
E0513 02:51:37.110964    4982 cuda_dnn.cc:538] Memory usage: 983040 bytes free, 16928342016 bytes total.
E0513 02:51:38.930419    4982 cuda_dnn.cc:534] Could not create cudnn handle: CUDNN_STATUS_INTERNAL_ERROR
E0513 02:51:38.935388    4982 cuda_dnn.cc:538] Memory usage: 983040 bytes free, 16928342016 bytes total.
/home/ohowell_theaiinstitute_com/miniconda3/envs/torch123/lib/python3.10/site-packages/gymnasium/envs/registration.py:521: UserWarning: [33mWARN: Using the latest versioned environment `Hopper-v4` instead of the unversioned environment `Hopper`.[0m
  logger.warn(
[CudaDevice(id=0), CudaDevice(id=1), CudaDevice(id=2), CudaDevice(id=3)]
Using AIRL:  True
Using GAIL:  True
Using RGCL:  False
Experiment State @  2025-05-12 21:51:37.132600-05:00
Experiment Saved @  results/experiment_130
Experiment Settings Saved @  results/experiment_130
130
Using cuda device
Wrapping the env with a `Monitor` wrapper
Wrapping the env in a DummyVecEnv.
Wrapping the env with a `Monitor` wrapper
Wrapping the env in a DummyVecEnv.
t: 0, State: [[-6.10610790e-04  1.24535820e+00 -5.15646664e-03 -4.92337657e-03
   2.37747508e-03  5.38528887e-03 -3.05234505e-02 -1.05859165e-01
  -8.03376952e-01 -9.92666478e-01 -3.32829356e-02  1.45060696e+00]], Action: [[-0.6664278   0.01763442  1.        ]], Reward: [0.9806287],Reward_sum: 0.9806287288665771, Done: [False]
==========
t: 1, State: [[-4.21409711e-04  1.24406298e+00 -6.52090825e-03 -7.11589309e-03
   2.13653779e-03  2.25826590e-02  7.75680825e-02 -2.17742420e-01
   4.60237634e-01  4.42955834e-01 -2.69692314e-02  2.84706803e+00]], Action: [[1.         0.54895806 1.        ]], Reward: [1.0213488],Reward_sum: 2.0019774436950684, Done: [False]
==========
t: 2, State: [[ 2.92399319e-04  1.24189156e+00 -2.45116068e-03 -2.96920354e-03
   1.30692473e-03  5.10276925e-02  1.00727073e-01 -3.25112668e-01
   5.56492217e-01  5.93665320e-01 -1.79879665e-01  4.26234011e+00]], Action: [[ 0.11150081 -0.0514259   1.        ]], Reward: [1.088211],Reward_sum: 3.090188503265381, Done: [False]
==========
t: 3, State: [[ 1.11841627e-03  1.23886236e+00  7.42585333e-04  1.54158981e-04
  -1.69229102e-04  9.07536787e-02  1.05588149e-01 -4.32056375e-01
   2.41507398e-01  1.87873999e-01 -1.88713101e-01  5.66727225e+00]], Action: [[-0.263081    0.01953474  1.        ]], Reward: [1.1021825],Reward_sum: 4.192370891571045, Done: [False]
==========
t: 4, State: [[ 1.85948123e-03  1.23498200e+00 -1.29665847e-03 -3.60821543e-03
  -8.48393493e-04  1.41682197e-01  7.94836038e-02 -5.38166370e-01
  -7.51134807e-01 -1.12657823e+00  1.91018392e-02  7.06288610e+00]], Action: [[-0.8787994   0.12352851  1.        ]], Reward: [1.0908456],Reward_sum: 5.28321647644043, Done: [False]
==========
t: 5, State: [[ 3.14909045e-03  1.23062751e+00 -1.80041443e-03 -7.06082474e-03
  -6.68656639e-05  2.02727316e-01  2.87684945e-01 -4.29950028e-01
   6.57844503e-01  2.26330574e-01  4.14387408e-02  7.95324092e+00]], Action: [[1.         0.33833733 1.        ]], Reward: [1.1590867],Reward_sum: 6.44230318069458, Done: [False]
==========
t: 6, State: [[ 5.65928244e-03  1.22854899e+00 -1.79382540e-03 -1.14310573e-02
  -2.48761196e-03  2.68410426e-01  3.34130222e-01 -9.65506343e-02
  -6.67675233e-01 -1.31183396e+00 -6.29567885e-01  8.48686738e+00]], Action: [[-1.         -0.25085494  0.9604304 ]], Reward: [1.3117887],Reward_sum: 7.754091739654541, Done: [False]
==========
t: 7, State: [[ 9.53767807e-03  1.22902081e+00 -7.09143452e-04 -1.68287444e-02
  -5.75635255e-03  3.36651772e-01  6.33260194e-01  2.08686674e-01
   9.35100368e-01 -3.73500431e-02 -1.80870391e-01  8.58696384e+00]], Action: [[1.        0.7505634 0.7146557]], Reward: [1.4827254],Reward_sum: 9.236817359924316, Done: [False]
==========
t: 8, State: [[ 1.47513399e-02  1.23161981e+00  2.51823041e-03 -2.33225198e-02
  -5.69685401e-03  4.01629460e-01  6.66391358e-01  4.28939007e-01
  -1.28322833e-01 -1.58116590e+00  2.07764671e-01  7.68347677e+00]], Action: [[-1.          0.3428096  -0.22723055]], Reward: [1.6505386],Reward_sum: 10.88735580444336, Done: [False]
==========
t: 9, State: [[ 2.07440269e-02  1.23585763e+00  5.95604867e-03 -3.03280088e-02
  -6.44148638e-03  4.66338412e-01  8.31107406e-01  6.24926127e-01
   9.88793844e-01 -1.71563005e-01 -3.89629022e-01  8.50284956e+00]], Action: [[ 1.         -0.10744593  1.        ]], Reward: [1.7470744],Reward_sum: 12.634429931640625, Done: [False]
==========
t: 10, State: [[ 2.76231597e-02  1.24133007e+00  1.08361141e-02 -3.80324766e-02
  -4.53447128e-03  5.27977059e-01  8.85617118e-01  7.30666290e-01
   2.33741452e-01 -1.75035100e+00  8.74543367e-01  6.93052087e+00]], Action: [[-1.          0.88619137 -0.8307415 ]], Reward: [1.8574162],Reward_sum: 14.491846084594727, Done: [False]
==========
t: 11, State: [[ 3.51385293e-02  1.24755244e+00  1.66472107e-02 -4.61771989e-02
  -1.10381389e-03  5.87562062e-01  9.93144895e-01  8.20808140e-01
   1.22080155e+00 -2.87762931e-01 -1.42806430e-02  7.97035815e+00]], Action: [[ 1.         -0.38482538  1.        ]], Reward: [1.9372731],Reward_sum: 16.429119110107422, Done: [False]
==========
t: 12, State: [[ 4.29743364e-02  1.25419851e+00  2.25197497e-02 -5.44985409e-02
   2.02780933e-03  6.44938566e-01  9.24062722e-01  8.31978386e-01
   8.71707996e-02 -1.74899839e+00  4.29058556e-01  6.43149478e+00]], Action: [[-1.          0.71669364 -1.        ]], Reward: [1.9769622],Reward_sum: 18.406082153320312, Done: [False]
==========
t: 13, State: [[ 5.08598413e-02  1.26087708e+00  2.77995860e-02 -6.27227691e-02
   3.43223034e-03  7.00961423e-01  1.04866015e+00  8.36061947e-01
   1.23577502e+00 -3.10144605e-01 -8.04586178e-02  7.57084812e+00]], Action: [[ 1.         -0.13449574  1.        ]], Reward: [1.98367],Reward_sum: 20.389751434326172, Done: [False]
==========
t: 14, State: [[ 5.87670856e-02  1.26743164e+00  3.24950402e-02 -7.08622948e-02
   2.96978209e-03  7.55826460e-01  9.27557005e-01  8.01398636e-01
  -6.16941079e-02 -1.72243665e+00 -3.90808388e-02  6.15015965e+00]], Action: [[-1.          0.69220114 -1.        ]], Reward: [1.9859264],Reward_sum: 22.37567710876465, Done: [False]
==========
t: 15, State: [[ 6.65243119e-02  1.27368992e+00  3.67129136e-02 -7.87711945e-02
   1.55720465e-03  8.04844222e-01  9.78092600e-01  7.87192795e-01
   1.10620068e+00 -2.30794231e-01 -2.00661672e-01  4.67043424e+00]], Action: [[ 1.         -0.07046399  1.        ]], Reward: [1.9676483],Reward_sum: 24.343326568603516, Done: [False]
==========
t: 16, State: [[ 7.36968793e-02  1.28007089e+00  4.02932219e-02 -8.61415978e-02
   5.71143841e-04  8.28489390e-01  8.20501051e-01  8.00643959e-01
  -2.10042149e-01 -1.61420468e+00 -5.90295592e-02  1.57338586e+00]], Action: [[-1.         0.5872266 -1.       ]], Reward: [1.8942261],Reward_sum: 26.237552642822266, Done: [False]
==========
t: 17, State: [[ 8.03409807e-02  1.28636855e+00  4.30938670e-02 -9.29826421e-02
  -3.73080849e-04  8.34503787e-01  8.45129274e-01  7.67971549e-01
   9.13299556e-01 -1.01820251e-01 -1.92491230e-01  1.04789887e-01]], Action: [[ 1.         -0.09588137  1.        ]], Reward: [1.8285035],Reward_sum: 28.066055297851562, Done: [False]
==========
t: 18, State: [[ 0.08637146  1.29227698  0.04373969 -0.09918081 -0.00676727  0.83227535
   0.66343819  0.70690202 -0.75255111 -1.4466465  -1.40868549 -0.56560411]], Action: [[-1. -1.  1.]], Reward: [1.7508093],Reward_sum: 29.816864013671875, Done: [False]
==========
t: 19, State: [[ 0.09228765  1.29755911  0.04303435 -0.10716476 -0.01282739  0.82656942
   0.81597493  0.61355069  0.57363951 -0.55062411 -0.10974545 -0.8096224 ]], Action: [[0.6825308 1.        1.       ]], Reward: [1.737059],Reward_sum: 31.553922653198242, Done: [False]
==========
t: 20, State: [[ 0.0985951   1.30209461  0.04315699 -0.11746763 -0.01258996  0.81991604
   0.76106091  0.51933462 -0.54219596 -2.0233443   0.16765407 -0.82913693]], Action: [[-1.          0.11896625  1.        ]], Reward: [1.7864169],Reward_sum: 33.34033966064453, Done: [False]
==========
t: 21, State: [[ 0.10501735  1.30592988  0.04387699 -0.12780009 -0.01093358  0.81356489
   0.84457502  0.43977127  0.72050627 -0.561646    0.24607839 -0.74836123]], Action: [[1.         0.14605197 1.        ]], Reward: [1.80076],Reward_sum: 35.14109802246094, Done: [False]
==========
t: 22, State: [[ 0.1112775   1.30910255  0.04386144 -0.1378976  -0.01137479  0.80804592
   0.72051958  0.35285952 -0.7228465  -1.96103306 -0.35593884 -0.6289788 ]], Action: [[-1.        -0.5224503  1.       ]], Reward: [1.7802459],Reward_sum: 36.92134475708008, Done: [False]
==========
t: 23, State: [[ 0.11775027  1.31154596  0.04486287 -0.14812848 -0.00925529  0.80349089
   0.89751383  0.25811456  0.97149    -0.59826587  0.88455112 -0.51043429]], Action: [[1. 1. 1.]], Reward: [1.8060962],Reward_sum: 38.72744369506836, Done: [False]
==========
t: 24, State: [[ 0.1242468   1.31329104  0.04599476 -0.15832089 -0.00690849  0.79987142
   0.72672141  0.17809674 -0.68669549 -1.94824128 -0.29652785 -0.39746177]], Action: [[-1.        -0.9456245  1.       ]], Reward: [1.8091716],Reward_sum: 40.53661346435547, Done: [False]
==========
t: 25, State: [[ 0.1307688   1.31433916  0.04729033 -0.16844987 -0.00431121  0.79706086
   0.90359584  0.08403039  1.00889359 -0.58556639  0.94467537 -0.30777352]], Action: [[1. 1. 1.]], Reward: [1.8122501],Reward_sum: 42.34886169433594, Done: [False]
==========
t: 26, State: [[ 1.37287577e-01  1.31469709e+00  4.86125740e-02 -1.78514154e-01
  -1.77580604e-03  7.94924247e-01  7.26213790e-01  5.45486834e-03
  -6.76479801e-01 -1.92892880e+00 -3.09415182e-01 -2.29685222e-01]], Action: [[-1. -1.  1.]], Reward: [1.811847],Reward_sum: 44.160709381103516, Done: [False]
==========
t: 27, State: [[ 1.43805066e-01  1.31436721e+00  4.99954547e-02 -1.88489252e-01
   7.24565055e-04  7.93317783e-01  8.96633702e-01 -8.64847050e-02
   9.90639321e-01 -5.59648192e-01  8.53162207e-01 -1.73826342e-01]], Action: [[1. 1. 1.]], Reward: [1.8116862],Reward_sum: 45.97239685058594, Done: [False]
==========
t: 28, State: [[ 0.15029806  1.31337052  0.05172095 -0.19766643  0.00248155  0.7921296
   0.72673875 -0.16265182 -0.55758873 -1.73328722 -0.41251452 -0.12568656]], Action: [[-0.88405293 -1.          1.        ]], Reward: [1.8088428],Reward_sum: 47.7812385559082, Done: [False]
==========
t: 29, State: [[ 1.56515670e-01  1.31176757e+00  5.26206995e-02 -2.05758927e-01
   3.14119874e-04  7.91259121e-01  8.25999029e-01 -2.37262575e-01
   7.73214991e-01 -2.89867865e-01 -1.50379337e-01 -9.33019517e-02]], Action: [[1. 1. 1.]], Reward: [1.7742012],Reward_sum: 49.55543899536133, Done: [False]
==========
t: 30, State: [[ 0.16241056  1.30955544  0.05206237 -0.21346524 -0.00587354  0.79062937
   0.64769755 -0.3166336  -0.91092684 -1.63506105 -1.39522299 -0.06572918]], Action: [[-1. -1.  1.]], Reward: [1.7338607],Reward_sum: 51.28929901123047, Done: [False]
==========
t: 31, State: [[ 1.67947109e-01  1.30656306e+00  4.56040422e-02 -2.28507345e-01
  -1.14423040e-02  7.90167540e-01  7.36362292e-01 -4.31202582e-01
  -7.03613504e-01 -2.12472291e+00  1.48063960e-03 -5.02441842e-02]], Action: [[-0.2650891  1.         1.       ]], Reward: [1.689999],Reward_sum: 52.97930145263672, Done: [False]
==========
t: 32, State: [[ 0.17448712  1.30277837  0.04648762 -0.23997888 -0.00724298  0.78981746
   0.89850725 -0.51488105  0.92278367 -0.74478252  1.04734487 -0.03776588]], Action: [[1.         0.85501575 1.        ]], Reward: [1.8147699],Reward_sum: 54.794071197509766, Done: [False]
==========
t: 33, State: [[ 0.18109136  1.29836768  0.04941175 -0.24847202 -0.00410263  0.78957375
   0.75274154 -0.58742642 -0.19063443 -1.37785952 -0.26081047 -0.02416555]], Action: [[-0.5160045 -1.         1.       ]], Reward: [1.8232646],Reward_sum: 56.61733627319336, Done: [False]
==========
t: 34, State: [[ 1.87825960e-01  1.29332207e+00  5.46803573e-02 -2.54058687e-01
  -1.20157874e-03  7.89398802e-01  9.30674064e-01 -6.74472710e-01
   1.50593614e+00 -2.03364041e-02  9.84790779e-01 -1.95936624e-02]], Action: [[1. 1. 1.]], Reward: [1.8388245],Reward_sum: 58.45616149902344, Done: [False]
==========
t: 35, State: [[ 0.19462182  1.28762276  0.0611794  -0.25810488  0.00154542  0.78927852
   0.76853029 -0.74970489  0.12031877 -0.99017402 -0.29664606 -0.01119838]], Action: [[-0.74289095 -1.          1.        ]], Reward: [1.846931],Reward_sum: 60.30309295654297, Done: [False]
==========
t: 36, State: [[ 2.00971541e-01  1.28130375e+00  6.45137075e-02 -2.63700900e-01
   1.00737983e-04  7.89198862e-01  8.18002151e-01 -8.29779324e-01
   7.08414296e-01 -4.08602150e-01 -7.58744369e-02 -8.75182555e-03]], Action: [[0.40810364 1.         1.        ]], Reward: [1.7915483],Reward_sum: 62.094642639160156, Done: [False]
==========
t: 37, State: [[ 0.20679303  1.27434407  0.063437   -0.27234714 -0.005492    0.78914909
   0.63729665 -0.91102973 -0.97573042 -1.75128382 -1.32103637 -0.00415423]], Action: [[-1. -1.  1.]], Reward: [1.724686],Reward_sum: 63.81932830810547, Done: [False]
==========
t: 38, State: [[ 0.2122796   1.26659391  0.05714574 -0.28747622 -0.01053002  0.78910843
   0.73430282 -1.02615019 -0.59726676 -2.03052801  0.05998725 -0.0056644 ]], Action: [[-0.12223297  1.          1.        ]], Reward: [1.6838064],Reward_sum: 65.50313568115234, Done: [False]
==========
t: 39, State: [[ 0.21866264  1.25809776  0.05818137 -0.29804431 -0.00773942  0.78906578
   0.86144064 -1.09762997  0.85452811 -0.61324718  0.63716421 -0.00494383]], Action: [[1.         0.50960374 1.        ]], Reward: [1.7956207],Reward_sum: 67.29875183105469, Done: [False]
==========
t: 40, State: [[ 2.24822452e-01  1.24897595e+00  5.82698423e-02 -3.08314834e-01
  -7.64867251e-03  7.89044546e-01  6.78547156e-01 -1.18316838e+00
  -8.30589784e-01 -1.95276393e+00 -6.13199340e-01 -8.51326925e-04]], Action: [[-1. -1.  1.]], Reward: [1.766976],Reward_sum: 69.06572723388672, Done: [False]
==========
t: 41, State: [[ 0.2308076   1.23911415  0.05583899 -0.32171251 -0.00730231  0.78902773
   0.81765497 -1.28201866  0.22190691 -1.39725146  0.69839037 -0.00300083]], Action: [[0.44852918 1.         1.        ]], Reward: [1.7459425],Reward_sum: 70.8116683959961, Done: [False]
==========
t: 42, State: [[ 2.37218497e-01  1.22874707e+00  6.03307950e-02 -3.26546993e-01
  -7.63851827e-03  7.89017737e-01  7.85288656e-01 -1.30942043e+00
   8.99926289e-01  1.86476497e-01 -7.80628011e-01  1.17197288e-04]], Action: [[ 1. -1.  1.]], Reward: [1.798362],Reward_sum: 72.61003112792969, Done: [False]
==========
t: 43, State: [[ 2.42938671e-01  1.21788080e+00  6.16035722e-02 -3.30628084e-01
  -1.66359240e-02  7.89022800e-01  6.44653431e-01 -1.40770825e+00
  -5.79948140e-01 -1.20497305e+00 -1.46802621e+00  1.00176332e-03]], Action: [[-1.         -0.59328794  1.        ]], Reward: [1.7126697],Reward_sum: 74.32270050048828, Done: [False]
==========
t: 44, State: [[ 2.48307691e-01  1.20608672e+00  5.57938952e-02 -3.44714022e-01
  -2.25818996e-02  7.89018032e-01  6.97468915e-01 -1.54095652e+00
  -8.71878497e-01 -2.31494488e+00 -2.01788039e-02 -1.79790874e-03]], Action: [[-0.6895384  1.         1.       ]], Reward: [1.6686519],Reward_sum: 75.9913558959961, Done: [False]
==========
t: 45, State: [[ 0.2543485   1.1935106   0.05435773 -0.35749323 -0.02119412  0.78900308
   0.81283554 -1.6024927   0.51124266 -0.88171347  0.36683765 -0.00187214]], Action: [[1.         0.36924556 1.        ]], Reward: [1.7529655],Reward_sum: 77.74432373046875, Done: [False]
==========
t: 46, State: [[ 2.60362858e-01  1.18040369e+00  5.51365163e-02 -3.65979224e-01
  -2.29782243e-02  7.89000506e-01  6.90814793e-01 -1.67432663e+00
  -3.15719027e-01 -1.23941331e+00 -8.11554347e-01  8.63949555e-04]], Action: [[-0.3206425 -0.8912331  1.       ]], Reward: [1.749897],Reward_sum: 79.49421691894531, Done: [False]
==========
t: 47, State: [[ 2.66194266e-01  1.16651490e+00  5.29275180e-02 -3.78497122e-01
  -2.38326395e-02  7.88996283e-01  7.66831538e-01 -1.79811625e+00
  -2.36319678e-01 -1.88905775e+00  5.96318207e-01 -1.57536312e-03]], Action: [[-0.37451905  1.          1.        ]], Reward: [1.7267857],Reward_sum: 81.22100830078125, Done: [False]
==========
t: 48, State: [[ 0.27233122  1.15231343  0.05356607 -0.38732356 -0.02508078  0.78898639
   0.80379521 -1.67195421  0.33838008 -0.33913568 -0.93627741 -0.00382183]], Action: [[ 1. -1.  1.]], Reward: [1.7641196],Reward_sum: 82.9851303100586, Done: [False]
==========
t: 49, State: [[ 0.27963413  1.13952329  0.05319931 -0.39679804 -0.02768144  0.7888959
   1.02236829 -1.53320588 -0.41853023 -2.02866042  0.27800772 -0.01696961]], Action: [[-1.  1.  1.]], Reward: [1.9098634],Reward_sum: 84.8949966430664, Done: [False]
==========
t: 50, State: [[ 0.28826705  1.12818021  0.052005   -0.4070124  -0.03201076  0.78877637
   1.13220962 -1.30992834  0.12242168 -0.524759   -1.35405127 -0.01269707]], Action: [[ 1. -1.  1.]], Reward: [2.076115],Reward_sum: 86.97111511230469, Done: [False]
==========
t: 51, State: [[ 0.29808935  1.11793104  0.05019455 -0.41792164 -0.03792015  0.78860146
   1.32139982 -1.25887863 -0.5687731  -2.19958876 -0.12483866 -0.02824743]], Action: [[-1.         1.         0.7461337]], Reward: [2.2252307],Reward_sum: 89.19634246826172, Done: [False]
==========
t: 52, State: [[ 0.30930486  1.10841877  0.04927977 -0.42975527 -0.04247985  0.78843643
   1.47892818 -1.12457358  0.34055789 -0.75839538 -1.00861786 -0.01395061]], Action: [[ 1.         -0.43686894  1.        ]], Reward: [2.399748],Reward_sum: 91.5960922241211, Done: [False]
==========
t: 53, State: [[ 0.32166944  1.09938843  0.04930766 -0.44237408 -0.04521601  0.78587446
   1.60870448 -1.13937846 -0.32964462 -2.39206041  0.32658536 -0.61937703]], Action: [[-1.          1.         -0.22250092]], Reward: [2.5435236],Reward_sum: 94.13961791992188, Done: [False]
==========
t: 54, State: [[ 0.33497339  1.09056572  0.04986648 -0.45556742 -0.0476033   0.78400169
   1.71569264 -1.06960039  0.46976523 -0.9072267  -0.92003054  0.16531751]], Action: [[ 1.         -0.697683    0.67549026]], Reward: [2.6610503],Reward_sum: 96.80066680908203, Done: [False]
==========
t: 55, State: [[ 0.34902803  1.08176737  0.05098185 -0.46923434 -0.04926051  0.78114287
   1.79406073 -1.13559674 -0.18810908 -2.50491429  0.50862982 -0.8716705 ]], Action: [[-1.         1.        -0.5973041]], Reward: [2.7544727],Reward_sum: 99.55513000488281, Done: [False]
==========
t: 56, State: [[ 0.36357726  1.0728169   0.05257483 -0.48315163 -0.05001878  0.77512203
   1.84119069 -1.10443049  0.58565658 -0.97496286 -0.69312747 -0.62859515]], Action: [[ 1.         -0.747897    0.20017219]], Reward: [2.8170552],Reward_sum: 102.37218475341797, Done: [False]
==========
t: 57, State: [[ 0.37821644  1.06359077  0.05361696 -0.49698863 -0.05203343  0.76590441
   1.81533182 -1.20669468 -0.32177591 -2.48029928  0.19177054 -1.66926548]], Action: [[-1.          0.53505003 -0.70068353]], Reward: [2.8281202],Reward_sum: 105.20030212402344, Done: [False]
==========
t: 58, State: [[ 0.39311601  1.05388028  0.05535829 -0.51093206 -0.05249492  0.75375217
   1.91004294 -1.22141628  0.75761943 -1.00791465 -0.30764442 -1.36998675]], Action: [[ 1.         -0.22979751  0.24791619]], Reward: [2.861332],Reward_sum: 108.06163024902344, Done: [False]
==========
t: 59, State: [[ 0.40759046  1.04383623  0.05465356 -0.52428898 -0.0597189   0.73786207
   1.70770095 -1.29220458 -0.92953079 -2.32932131 -1.49753942 -2.60152741]], Action: [[-1.         -1.         -0.90502095]], Reward: [2.8064861],Reward_sum: 110.86811828613281, Done: [False]
==========
t: 60, State: [[ 4.21410114e-01  1.03299514e+00  4.62348863e-02 -5.47195692e-01
  -6.57104078e-02  7.12332949e-01  1.74697585e+00 -1.41825734e+00
  -1.17513209e+00 -3.39572110e+00 -2.01760730e-03 -3.77922552e+00]], Action: [[-0.67237306  1.         -0.79649067]], Reward: [2.7253706],Reward_sum: 113.59349060058594, Done: [False]
==========
t: 61, State: [[ 0.43611778  1.02149338  0.04354384 -0.56886294 -0.06111509  0.67781326
   1.93014566 -1.4566      0.5003256  -2.0229276   1.1497528  -4.84922972]], Action: [[ 1.          0.899986   -0.73050964]], Reward: [2.836114],Reward_sum: 116.42960357666016, Done: [False]
==========
t: 62, State: [[ 0.45204382  1.01102827  0.05250007 -0.57924421 -0.05232644  0.63810069
   2.06798837 -1.0866452   1.78047281 -0.58641953  1.12544214 -4.78839363]], Action: [[ 1.         -0.25357327 -1.        ]], Reward: [2.988691],Reward_sum: 119.41829681396484, Done: [False]
==========
t: 63, State: [[ 0.4686577   1.00350503  0.06361632 -0.59007349 -0.03940728  0.60068077
   2.08358989 -0.80372963  0.99573603 -2.11719637  2.09540108 -4.60048019]], Action: [[-1.          0.27275875 -1.        ]], Reward: [3.074661],Reward_sum: 122.49295806884766, Done: [False]
==========
t: 64, State: [[ 0.48561012  0.99879717  0.07508887 -0.60091026 -0.02657524  0.56481352
   2.15469755 -0.37793399  1.86522654 -0.59318715  1.10959466 -4.38938987]], Action: [[ 1. -1. -1.]], Reward: [3.116053],Reward_sum: 125.6090087890625, Done: [False]
==========
t: 65, State: [[ 0.50286814  0.99658622  0.08671111 -0.61174149 -0.01392248  0.52919996
   2.15767883 -0.18312898  1.03654794 -2.11088844  2.0452015  -4.54514219]], Action: [[-1.          0.30269632 -1.        ]], Reward: [3.15516],Reward_sum: 128.76417541503906, Done: [False]
==========
t: 66, State: [[ 5.20386540e-01  9.96560172e-01  9.82316337e-02 -6.22473129e-01
  -1.73791824e-03  4.92538706e-01  2.22220278e+00  1.73820026e-01
   1.83592891e+00 -5.73316849e-01  9.99735180e-01 -4.63705275e+00]], Action: [[ 1. -1. -1.]], Reward: [3.1868005],Reward_sum: 131.9509735107422, Done: [False]
==========
t: 67, State: [[ 0.53785874  0.9987234   0.10784911 -0.63277024  0.00635144  0.45427085
   2.11945856  0.3846987   0.41928791 -1.96792146  0.68941071 -4.90662379]], Action: [[-1.         0.7263888 -1.       ]], Reward: [3.1814969],Reward_sum: 135.13247680664062, Done: [False]
==========
t: 68, State: [[ 0.55459928  1.00273495  0.10808063 -0.65056563  0.00987608  0.41369788
   2.06864311  0.6123455  -0.34586606 -2.48392954  0.23959612 -5.25670116]], Action: [[-0.40506983  0.7291752  -1.        ]], Reward: [3.0908725],Reward_sum: 138.2233428955078, Done: [False]
==========
t: 69, State: [[ 0.57153244  1.00863408  0.10837033 -0.66582973  0.01076148  0.3698232
   2.16666083  0.85831008  0.42534456 -1.33589887  0.00922232 -5.72768682]], Action: [[ 0.77002317  0.8020499  -1.        ]], Reward: [3.1144085],Reward_sum: 141.33775329589844, Done: [False]
==========
t: 70, State: [[ 0.58858408  1.016156    0.10739975 -0.68063079  0.01042169  0.32190389
   2.09615528  1.0192119  -0.66712949 -2.36324893 -0.08113228 -6.26358269]], Action: [[-0.74262613  0.9872346  -1.        ]], Reward: [3.1289287],Reward_sum: 144.4666748046875, Done: [False]
==========
t: 71, State: [[ 0.60579056  1.02516268  0.10533097 -0.69491732  0.00959031  0.26936735
   2.20589439  1.23061336  0.14865401 -1.21036335 -0.11901958 -6.87935412]], Action: [[ 0.7828974  1.        -1.       ]], Reward: [3.148197],Reward_sum: 147.6148681640625, Done: [False]
==========
t: 72, State: [[ 0.62356239  1.03570546  0.10642731 -0.70379003  0.00861853  0.2117516
   2.23664679  1.40375028  0.12230084 -1.00763245 -0.12053521 -7.53084649]], Action: [[ 0.12184668  1.         -1.        ]], Reward: [3.219464],Reward_sum: 150.83433532714844, Done: [False]
==========
t: 73, State: [[ 6.41630956e-01  1.04762632e+00  1.07878173e-01 -7.10301540e-01
   7.69556617e-03  1.48777766e-01  2.27989733e+00  1.57539483e+00
   2.36728363e-01 -6.20110628e-01 -1.08731344e-01 -8.21753189e+00]], Action: [[ 0.2505389  1.        -1.       ]], Reward: [3.256508],Reward_sum: 154.09085083007812, Done: [False]
==========
t: 74, State: [[ 6.59711869e-01  1.06078345e+00  1.06921328e-01 -7.17366524e-01
   6.90533476e-03  8.02416512e-02  2.23910922e+00  1.71282501e+00
  -4.80136398e-01 -1.14436361e+00 -8.88364765e-02 -8.92076397e+00]], Action: [[-0.39232785  1.         -1.        ]], Reward: [3.25796],Reward_sum: 157.34881591796875, Done: [False]
==========
t: 75, State: [[ 6.78031217e-01  1.07522357e+00  1.06133376e-01 -7.21802966e-01
   6.24671326e-03  5.88894136e-03  2.33998548e+00  1.89604912e+00
   2.79761330e-01  3.43413124e-02 -7.54428785e-02 -9.67169124e+00]], Action: [[ 0.8000738  1.        -1.       ]], Reward: [3.2872784],Reward_sum: 160.63609313964844, Done: [False]
==========
t: 76, State: [[ 6.96252628e-01  1.09077521e+00  1.02360055e-01 -7.27080880e-01
   5.73497689e-03 -7.44309889e-02  2.21385310e+00  1.99015247e+00
  -1.22541772e+00 -1.35091176e+00 -5.36959163e-02 -1.00000000e+01]], Action: [[-1.  1. -1.]], Reward: [3.2746763],Reward_sum: 163.9107666015625, Done: [False]
==========
t: 77, State: [[ 7.14386062e-01  1.10739261e+00  9.61755257e-02 -7.32330741e-01
   5.33306988e-03 -1.60952843e-01  2.31859143e+00  2.16237601e+00
  -3.22274040e-01  3.70427874e-02 -4.64912168e-02 -1.00000000e+01]], Action: [[ 0.93971264  1.         -1.        ]], Reward: [3.263796],Reward_sum: 167.174560546875, Done: [False]
==========
t: 78, State: [[ 7.32939145e-01  1.12519098e+00  9.32527057e-02 -7.30970475e-01
   5.00854450e-03 -2.54046814e-01  2.31782076e+00  2.28472929e+00
  -4.10561447e-01  3.03927957e-01 -3.51238617e-02 -1.00000000e+01]], Action: [[ 0.154772  1.       -1.      ]], Reward: [3.3171115],Reward_sum: 170.49166870117188, Done: [False]
==========
t: 79, State: [[ 7.51195875e-01  1.14381037e+00  8.71590072e-02 -7.30196420e-01
   4.77358831e-03 -3.53909658e-01  2.24428066e+00  2.36717993e+00
  -1.11406831e+00 -1.08571002e-01 -2.43234349e-02 -1.00000000e+01]], Action: [[-0.32800943  1.         -1.        ]], Reward: [3.2799835],Reward_sum: 173.7716522216797, Done: [False]
==========
t: 80, State: [[ 7.69416839e-01  1.16324591e+00  8.14723105e-02 -7.25794157e-01
   4.58553149e-03 -4.60942207e-01  2.30986722e+00  2.48890994e+00
  -3.06002646e-01  1.20775495e+00 -2.24517788e-02 -1.00000000e+01]], Action: [[ 0.8826909  1.        -1.       ]], Reward: [3.2748413],Reward_sum: 177.04649353027344, Done: [False]
==========
t: 81, State: [[ 7.87226257e-01  1.18321876e+00  7.29459066e-02 -7.21623993e-01
   4.45248687e-03 -5.75398876e-01  2.14346499e+00  2.48034763e+00
  -1.79352105e+00 -1.67716540e-01 -1.34308585e-02 -1.00000000e+01]], Action: [[-1.  1. -1.]], Reward: [3.2231772],Reward_sum: 180.26966857910156, Done: [False]
==========
t: 82, State: [[ 8.04685612e-01  1.20300758e+00  6.31356623e-02 -7.17104988e-01
   4.30920025e-03 -6.99601004e-01  2.21994138e+00  2.46565871e+00
  -6.59762831e-01  1.29647178e+00 -2.08994913e-02 -1.00000000e+01]], Action: [[ 1.  1. -1.]], Reward: [3.1794195],Reward_sum: 183.44908142089844, Done: [False]
==========
t: 83, State: [[ 8.21825436e-01  1.22210240e+00  5.27313137e-02 -7.12364978e-01
   4.16054230e-03 -8.29762266e-01  2.10225720e+00  2.23784752e+00
  -1.78373974e+00 -1.50465263e-01 -2.37866752e-02 -1.00000000e+01]], Action: [[-1.  1. -1.]], Reward: [3.139478],Reward_sum: 186.58856201171875, Done: [False]
==========
t: 84, State: [[ 8.39572561e-01  1.23894983e+00  4.54657542e-02 -7.08369890e-01
   3.88602478e-03 -8.99295618e-01  2.32691035e+00  1.99953335e+00
  -7.79888654e-02  1.15724814e+00 -3.94791255e-02 -4.85458639e+00]], Action: [[ 1.  1. -1.]], Reward: [3.2153907],Reward_sum: 189.803955078125, Done: [False]
==========
t: 85, State: [[ 0.85798136  1.25394681  0.04097197 -0.7051361   0.00362047 -0.9185258
   2.26888256  1.76227762 -1.07267945 -0.33973726 -0.02636544 -0.47126473]], Action: [[-1.  1. -1.]], Reward: [3.2980998],Reward_sum: 193.10205078125, Done: [False]
==========
t: 86, State: [[ 0.8767117   1.26770543  0.0375425  -0.70271987  0.00342529 -0.91263716
   2.4091893   1.68411334  0.19767826  0.94679594 -0.02159065  1.64821435]], Action: [[0.9248066 1.        1.       ]], Reward: [3.3384373],Reward_sum: 196.44049072265625, Done: [False]
==========
t: 87, State: [[ 0.89634125  1.28086101  0.04244353 -0.6917142   0.00313647 -0.89374755
   2.4980967   1.60415487  1.0279903   1.80350612 -0.04635944  3.07207821]], Action: [[0.6189858 0.2977912 1.       ]], Reward: [3.4522216],Reward_sum: 199.8927001953125, Done: [False]
==========
t: 88, State: [[ 9.16447132e-01  1.29328461e+00  5.17534387e-02 -6.76218182e-01
   2.32826695e-03 -8.63455844e-01  2.52801838e+00  1.50136579e+00
   1.29877566e+00  2.07041408e+00 -1.55250054e-01  4.49890221e+00]], Action: [[ 0.20243837 -0.00596741  1.        ]], Reward: [3.5121944],Reward_sum: 203.40489196777344, Done: [False]
==========
t: 89, State: [[ 9.36552810e-01  1.30488826e+00  6.15621054e-02 -6.59553239e-01
  -9.81767336e-04 -8.21680812e-01  2.49813116e+00  1.39933008e+00
   1.15318730e+00  2.09595984e+00 -6.71310126e-01  5.94279988e+00]], Action: [[ 0.00702281 -0.33061     1.        ]], Reward: [3.5121005],Reward_sum: 206.9169921875, Done: [False]
==========
t: 90, State: [[ 0.95637434  1.31561326  0.06949357 -0.64383321 -0.00780214 -0.76842364
   2.45696029  1.28175829  0.82954895  1.83457122 -1.03292896  7.36936773]], Action: [[-0.18519418 -0.23728165  1.        ]], Reward: [3.4766011],Reward_sum: 210.3936004638672, Done: [False]
==========
t: 91, State: [[ 0.97603836  1.32526628  0.07522357 -0.63146334 -0.01445322 -0.70397123
   2.45868215  1.13148609  0.60217877  1.25893055 -0.62969027  8.74165284]], Action: [[-0.35871482  0.31437823  1.        ]], Reward: [3.4567745],Reward_sum: 213.85037231445312, Done: [False]
==========
t: 92, State: [[ 9.95528329e-01  1.33372984e+00  7.76488885e-02 -6.24853787e-01
  -1.86180283e-02 -6.29806629e-01  2.41355706e+00  9.84432808e-01
   3.86793981e-03  3.94794555e-01 -4.11277293e-01  9.79776558e+00]], Action: [[-0.58004963  0.14243731  0.7792316 ]], Reward: [3.4352825],Reward_sum: 217.28565979003906, Done: [False]
==========
t: 93, State: [[ 1.01475715e+00  1.34110693e+00  7.62745856e-02 -6.24193263e-01
  -2.02620636e-02 -5.50432377e-01  2.39356458e+00  8.59930185e-01
  -3.47667755e-01 -2.28741847e-01  2.09117383e-05  1.00000000e+01]], Action: [[-0.41201758  0.26988044  0.23569131]], Reward: [3.4033048],Reward_sum: 220.68896484375, Done: [False]
==========
t: 94, State: [[ 1.03428762  1.34778509  0.07823552 -0.6202326  -0.02083121 -0.46758007
   2.48851608  0.80930231  0.83545164  1.21753097 -0.14141321 10.        ]], Action: [[1.         0.00116989 0.492765  ]], Reward: [3.4400651],Reward_sum: 224.1290283203125, Done: [False]
==========
t: 95, State: [[ 1.05369425  1.35376288  0.07992504 -0.61595609 -0.02214178 -0.38282419
   2.36362859  0.68567099 -0.41164277 -0.14701745 -0.18652055 10.        ]], Action: [[-0.959526   -0.1375426  -0.05507965]], Reward: [3.424887],Reward_sum: 227.55392456054688, Done: [False]
==========
t: 96, State: [[ 1.07302158  1.35905142  0.08155605 -0.61138267 -0.02356469 -0.29699499
   2.46774367  0.63629908  0.81689814  1.28896428 -0.16852645 10.        ]], Action: [[1.         0.10818443 0.35558417]], Reward: [3.4147778],Reward_sum: 230.9687042236328, Done: [False]
==========
t: 97, State: [[ 1.09224218  1.36366988  0.08283241 -0.60676159 -0.02515655 -0.21072241
   2.33799141  0.51883952 -0.49600481 -0.13232874 -0.22987104 10.        ]], Action: [[-1.         -0.15893191 -0.16206425]], Reward: [3.4015234],Reward_sum: 234.37022399902344, Done: [False]
==========
t: 98, State: [[ 1.11144784  1.36761606  0.08418891 -0.60215973 -0.02577682 -0.12478765
   2.46299907  0.46764938  0.83253812  1.28140131  0.07515096 10.        ]], Action: [[1.         0.31189498 0.22835338]], Reward: [3.3995588],Reward_sum: 237.769775390625, Done: [False]
==========
t: 99, State: [[ 1.1306579   1.37091327  0.08566247 -0.59762252 -0.02517783 -0.03996111
   2.34015701  0.35716597 -0.46201576 -0.1457863   0.07394039 10.        ]], Action: [[-1.         -0.11855009 -0.29306975]], Reward: [3.400157],Reward_sum: 241.16993713378906, Done: [False]
==========
t: 100, State: [[ 1.14993329  1.37357337  0.08753682 -0.59318226 -0.02262647  0.04297021
   2.47825775  0.30772724  0.92814924  1.25446977  0.56396673 10.        ]], Action: [[1.         0.44162473 0.09292502]], Reward: [3.40822],Reward_sum: 244.57815551757812, Done: [False]
==========
t: 101, State: [[ 1.1693645   1.37559696  0.09021351 -0.58896214 -0.01698775  0.12294885
   2.38013339  0.1986223  -0.25660738 -0.1980805   0.84465341  9.6208252 ]], Action: [[-1.          0.08623996 -0.4693341 ]], Reward: [3.4276738],Reward_sum: 248.00582885742188, Done: [False]
==========
t: 102, State: [[ 1.18859469  1.3770103   0.09189483 -0.58454399 -0.01316656  0.2049899
   2.42714234  0.15492221  0.67400044  1.30104454  0.11238113 10.        ]], Action: [[ 1.        -0.4199176  0.9198227]], Reward: [3.4017515],Reward_sum: 251.40757751464844, Done: [False]
==========
t: 103, State: [[ 1.20760196  1.37785683  0.09240771 -0.57993016 -0.01145993  0.28833519
   2.32528848  0.0569218  -0.54296175 -0.14628741  0.31311441  9.95007518]], Action: [[-1.          0.02018771 -0.5986911 ]], Reward: [3.37455],Reward_sum: 254.78213500976562, Done: [False]
==========
t: 104, State: [[ 1.22669237e+00  1.37813692e+00  9.32861185e-02 -5.75419513e-01
  -7.82232043e-03  3.68667726e-01  2.44698994e+00  1.31200480e-02
   7.60265617e-01  1.27245878e+00  5.96523218e-01  1.00000000e+01]], Action: [[1.         0.29154655 0.19539958]], Reward: [3.3851779],Reward_sum: 258.1673278808594, Done: [False]
==========
t: 105, State: [[ 1.24591503e+00  1.37782857e+00  9.47434736e-02 -5.71093775e-01
  -1.71072963e-03  4.46277698e-01  2.35914842e+00 -9.00558501e-02
  -3.93289815e-01 -1.89598914e-01  9.30186056e-01  9.27082464e+00]], Action: [[-1.          0.12637463 -0.5460824 ]], Reward: [3.4015179],Reward_sum: 261.56884765625, Done: [False]
==========
t: 106, State: [[ 1.26496228e+00  1.37698023e+00  9.51857734e-02 -5.66583270e-01
   2.57074473e-03  5.24807015e-01  2.40258857e+00 -1.21672851e-01
   5.01510816e-01  1.31546464e+00  1.41735451e-01  1.00000000e+01]], Action: [[ 1.         -0.46832445  0.7923115 ]], Reward: [3.3790596],Reward_sum: 264.9479064941406, Done: [False]
==========
t: 107, State: [[ 1.28370512e+00  1.37566742e+00  9.39081986e-02 -5.61773214e-01
   3.24894711e-03  6.03801514e-01  2.28451031e+00 -2.07151515e-01
  -8.12969231e-01 -1.12649428e-01  3.91426717e-02  9.38930368e+00]], Action: [[-1.          0.24590978 -0.6355017 ]], Reward: [3.3413908],Reward_sum: 268.289306640625, Done: [False]
==========
t: 108, State: [[ 1.30236655e+00  1.37386363e+00  9.20773555e-02 -5.56879784e-01
   3.27281515e-03  6.80768859e-01  2.38128313e+00 -2.43742011e-01
   3.56262970e-01  1.33368323e+00 -2.47485231e-02  9.85167834e+00]], Action: [[1.         0.15683421 0.37477374]], Reward: [3.3315136],Reward_sum: 271.6208190917969, Done: [False]
==========
t: 109, State: [[ 1.32098163e+00  1.37157986e+00  8.98729348e-02 -5.51971310e-01
   3.08976905e-03  7.54514869e-01  2.27288964e+00 -3.27770812e-01
  -9.03645277e-01 -1.05232280e-01 -2.09614823e-02  8.58639868e+00]], Action: [[-1.          0.6000552  -0.84166557]], Reward: [3.3248162],Reward_sum: 274.9456481933594, Done: [False]
==========
t: 110, State: [[ 1.33952404e+00  1.36896822e+00  8.73544160e-02 -5.46993018e-01
   2.63455739e-03  8.17870204e-01  2.35835329e+00 -2.91724997e-01
   2.89925185e-01  1.35206130e+00 -6.53466135e-02  5.63871960e+00]], Action: [[1.         0.02216372 0.5801225 ]], Reward: [3.3164642],Reward_sum: 278.2621154785156, Done: [False]
==========
t: 111, State: [[ 1.35828895e+00  1.36665838e+00  8.92685770e-02 -5.36714378e-01
   2.28359026e-03  8.46108529e-01  2.33402297e+00 -2.95338182e-01
   1.87726245e-01  1.21639807e+00 -2.71138213e-02  1.83244319e+00]], Action: [[-0.09691512  0.6510978  -0.00093573]], Reward: [3.34518],Reward_sum: 281.6072692871094, Done: [False]
==========
t: 112, State: [[ 1.37695157e+00  1.36416431e+00  9.11977618e-02 -5.26510831e-01
   2.11064801e-03  8.52075970e-01  2.33242816e+00 -3.33374254e-01
   2.93356333e-01  1.33350247e+00 -1.72987331e-02 -1.03491435e-01]], Action: [[ 0.08174516  0.49067178 -0.5550696 ]], Reward: [3.3322723],Reward_sum: 284.9395446777344, Done: [False]
==========
t: 113, State: [[ 1.39528698e+00  1.36111914e+00  8.98123758e-02 -5.20287144e-01
   2.04675965e-03  8.47542929e-01  2.25200745e+00 -4.30226693e-01
  -6.40042350e-01  2.23349024e-01 -8.75059701e-04 -9.08042665e-01]], Action: [[-0.76627886  0.6759031   0.56059206]], Reward: [3.2905686],Reward_sum: 288.2301025390625, Done: [False]
==========
t: 114, State: [[ 1.41369092e+00  1.35753776e+00  8.96177799e-02 -5.12735823e-01
   2.10807030e-03  8.39070219e-01  2.34872061e+00 -4.66697537e-01
   5.88899246e-01  1.66281797e+00  1.39283834e-02 -1.15001922e+00]], Action: [[1. 1. 1.]], Reward: [3.2974925],Reward_sum: 291.527587890625, Done: [False]
==========
t: 115, State: [[ 1.43206421e+00  1.35332154e+00  8.93348078e-02 -5.05232300e-01
   2.04666022e-03  8.29743465e-01  2.24536331e+00 -5.87739928e-01
  -6.57039468e-01  2.14233088e-01 -2.56159117e-02 -1.15073917e+00]], Action: [[-1.         -0.10623026  0.6384997 ]], Reward: [3.295241],Reward_sum: 294.82281494140625, Done: [False]
==========
t: 116, State: [[ 1.45042272e+00  1.34843717e+00  8.90206796e-02 -4.97763223e-01
   1.97283798e-03  8.21064399e-01  2.34370610e+00 -6.33837968e-01
   5.75747535e-01  1.65168531e+00  3.52276545e-03 -1.00911492e+00]], Action: [[1. 1. 1.]], Reward: [3.2918139],Reward_sum: 298.1146240234375, Done: [False]
==========
t: 117, State: [[ 1.46876327e+00  1.34287332e+00  8.86237899e-02 -4.90353774e-01
   1.81351194e-03  8.13584930e-01  2.24177441e+00 -7.56852949e-01
  -6.73716592e-01  2.02292960e-01 -4.36065445e-02 -8.56291505e-01]], Action: [[-1.         -0.11381987  0.564964  ]], Reward: [3.2912369],Reward_sum: 301.4058532714844, Done: [False]
==========
t: 118, State: [[ 1.48709440e+00  1.33662525e+00  8.81992666e-02 -4.82983180e-01
   1.65726914e-03  8.07478906e-01  2.34027966e+00 -8.05299678e-01
   5.64284338e-01  1.63919027e+00 -6.30084054e-04 -6.74177942e-01]], Action: [[1. 1. 1.]], Reward: [3.2883918],Reward_sum: 304.6942443847656, Done: [False]
==========
t: 119, State: [[ 1.50541889e+00  1.32969314e+00  8.77433178e-02 -4.75683452e-01
   1.55087819e-03  8.02615062e-01  2.24141603e+00 -9.27430050e-01
  -6.75655305e-01  1.87099039e-01 -2.26903055e-02 -5.43093781e-01]], Action: [[-1.         -0.08460912  0.49153674]], Reward: [3.2893116],Reward_sum: 307.98358154296875, Done: [False]
==========
t: 120, State: [[ 1.52373928e+00  1.32208049e+00  8.72894577e-02 -4.68427334e-01
   1.52312745e-03  7.98863518e-01  2.33800235e+00 -9.75829780e-01
   5.59168103e-01  1.62571000e+00  1.13439078e-02 -4.01205505e-01]], Action: [[1. 1. 1.]], Reward: [3.2870493],Reward_sum: 311.2706298828125, Done: [False]
==========
t: 121, State: [[ 1.54221714e+00  1.31385782e+00  8.89636278e-02 -4.58684618e-01
   1.53049129e-03  7.95922078e-01  2.28186883e+00 -1.07960110e+00
  -1.38931887e-01  8.10651785e-01 -7.08503056e-03 -3.33423380e-01]], Action: [[-0.5581266   0.14929423  0.1709913 ]], Reward: [3.30937],Reward_sum: 314.5799865722656, Done: [False]
==========
t: 122, State: [[ 1.56033573e+00  1.30486243e+00  8.61483032e-02 -4.54286496e-01
   1.61358257e-03  7.92167501e-01  2.24753878e+00 -1.16909739e+00
  -5.66042247e-01  2.89840703e-01  2.35157673e-02 -6.04705085e-01]], Action: [[-0.35646766  1.         -0.19247204]], Reward: [3.263659],Reward_sum: 317.8436584472656, Done: [False]
==========
t: 123, State: [[ 1.57869299e+00  1.29529729e+00  8.65184235e-02 -4.46200589e-01
   1.82857139e-03  7.88646156e-01  2.34119406e+00 -1.22197571e+00
   6.56755982e-01  1.73028188e+00  2.88694807e-02 -3.03894563e-01]], Action: [[1.        1.        0.6280409]], Reward: [3.2922635],Reward_sum: 321.13592529296875, Done: [False]
==========
t: 124, State: [[ 1.59720151e+00  1.28515959e+00  8.91853644e-02 -4.35340873e-01
   1.91861864e-03  7.84469375e-01  2.28642689e+00 -1.31222751e+00
   1.21796856e-02  9.85138047e-01 -2.49473605e-03 -7.39887051e-01]], Action: [[-0.51134247  0.17495778 -0.310445  ]], Reward: [3.3131762],Reward_sum: 324.4490966796875, Done: [False]
==========
t: 125, State: [[ 1.61530805e+00  1.27430795e+00  8.70364274e-02 -4.30121502e-01
   1.91130749e-03  7.76867840e-01  2.24029781e+00 -1.40058627e+00
  -5.48941712e-01  3.20503098e-01  3.14413744e-04 -1.15995736e+00]], Action: [[-0.45707065  0.5480319  -0.3003335 ]], Reward: [3.2627184],Reward_sum: 327.7118225097656, Done: [False]
==========
t: 126, State: [[ 1.63340716e+00  1.26276224e+00  8.47514526e-02 -4.25115579e-01
   1.99047697e-03  7.70858044e-01  2.28420165e+00 -1.48583898e+00
  -2.38023602e-02  9.30471613e-01  1.70039657e-02 -3.43385195e-01]], Action: [[0.42739242 1.         0.57033753]], Reward: [3.2608802],Reward_sum: 330.97271728515625, Done: [False]
==========
t: 127, State: [[ 1.65158894e+00  1.25065054e+00  8.38742074e-02 -4.18496940e-01
   2.16528845e-03  7.62412095e-01  2.26113732e+00 -1.54201711e+00
  -1.96002047e-01  7.24577179e-01  2.50495436e-02 -1.76632992e+00]], Action: [[-0.14339082  0.94024074 -1.        ]], Reward: [3.2708185],Reward_sum: 334.2435302734375, Done: [False]
==========
t: 128, State: [[ 1.66928877e+00  1.23792913e+00  7.74154992e-02 -4.18489335e-01
   2.39629583e-03  7.44843998e-01  2.16382194e+00 -1.63843640e+00
  -1.41818706e+00 -7.20769585e-01  3.11254430e-02 -2.62458886e+00]], Action: [[-1.         1.        -0.6160064]], Reward: [3.2100992],Reward_sum: 337.45361328125, Done: [False]
==========
t: 129, State: [[ 1.68698177  1.22453708  0.07094819 -0.41846363  0.00257516  0.72821048
   2.259435   -1.70948114 -0.19911004  0.72528848  0.01512904 -1.53517112]], Action: [[1.         0.88497245 0.7568753 ]], Reward: [3.2092688],Reward_sum: 340.6628723144531, Done: [False]
==========
t: 130, State: [[ 1.70466433  1.2104875   0.0644617  -0.41844595  0.00272885  0.71182824
   2.16121217 -1.80302787 -1.42198163 -0.71897415  0.02188151 -2.55909494]], Action: [[-1.         1.        -0.7311613]], Reward: [3.207785],Reward_sum: 343.87066650390625, Done: [False]
==========
t: 131, State: [[ 1.72232671e+00  1.19580507e+00  5.79586908e-02 -4.18397814e-01
   2.80031206e-03  6.94676952e-01  2.25448766e+00 -1.86750022e+00
  -2.03795713e-01  7.28993112e-01 -1.18397440e-03 -1.72985335e+00]], Action: [[1.        0.6975485 0.5746247]], Reward: [3.2059817],Reward_sum: 347.0766296386719, Done: [False]
==========
t: 132, State: [[ 1.73996581e+00  1.18050881e+00  5.14397477e-02 -4.18346603e-01
   2.85422608e-03  6.75815746e-01  2.15523092e+00 -1.95663830e+00
  -1.42575836e+00 -7.14228630e-01  1.26440968e-02 -2.98385450e+00]], Action: [[-1.          1.         -0.89342993]], Reward: [3.2020884],Reward_sum: 350.2787170410156, Done: [False]
==========
t: 133, State: [[ 1.75756306e+00  1.16466140e+00  4.49225093e-02 -4.18247593e-01
   2.88754279e-03  6.52561421e-01  2.24409375e+00 -2.00509503e+00
  -2.04042759e-01  7.37048562e-01 -2.41936758e-03 -2.83002255e+00]], Action: [[1.         0.7695241  0.09916753]], Reward: [3.1980543],Reward_sum: 353.4767761230469, Done: [False]
==========
t: 134, State: [[ 1.77511373e+00  1.14827751e+00  3.83854657e-02 -4.18126226e-01
   2.93059979e-03  6.24322505e-01  2.14348409e+00 -2.09086918e+00
  -1.43034135e+00 -7.04699506e-01  1.12307718e-02 -4.22794502e+00]], Action: [[-1.  1. -1.]], Reward: [3.1908345],Reward_sum: 356.6676330566406, Done: [False]
==========
t: 135, State: [[ 1.79280276e+00  1.13137306e+00  3.22253084e-02 -4.18115408e-01
   2.69723201e-03  5.90882157e-01  2.39411768e+00 -2.12510434e+00
   1.43560112e-01  6.03772009e-01 -1.86037652e-01 -4.41243518e+00]], Action: [[1.         0.53836876 0.1333214 ]], Reward: [3.2098203],Reward_sum: 359.87744140625, Done: [False]
==========
t: 136, State: [[ 1.81321293e+00  1.11411704e+00  3.25517792e-02 -4.20547767e-01
   1.64462095e-03  5.46343658e-01  2.66926074e+00 -2.18971025e+00
  -1.57284675e-01 -1.17421544e+00 -8.34017795e-02 -6.62829466e+00]], Action: [[-1.  1. -1.]], Reward: [3.5482717],Reward_sum: 363.42572021484375, Done: [False]
==========
t: 137, State: [[ 1.83565898e+00  1.09684705e+00  3.67573413e-02 -4.26942882e-01
   8.52262278e-04  4.86832776e-01  2.90578341e+00 -1.96572601e+00
   1.21277974e+00 -3.94882960e-01 -7.14291585e-02 -7.49495975e+00]], Action: [[ 0.6458222   0.33260962 -1.        ]], Reward: [3.8042278],Reward_sum: 367.2299499511719, Done: [False]
==========
t: 138, State: [[ 1.85864006e+00  1.08383817e+00  4.32987021e-02 -4.35972866e-01
   8.13552489e-04  4.33140081e-01  2.83209993e+00 -1.30113195e+00
   3.81067004e-01 -1.85222723e+00  4.63436133e-02 -5.98723511e+00]], Action: [[-1.  1. -1.]], Reward: [3.869635],Reward_sum: 371.0995788574219, Done: [False]
==========
t: 139, State: [[ 1.88161398e+00  1.07601088e+00  5.12787588e-02 -4.46249915e-01
   1.30612755e-03  3.89792984e-01  2.90801860e+00 -6.74274999e-01
   1.58918786e+00 -7.14322145e-01  7.06227309e-02 -4.91806669e+00]], Action: [[ 0.77681524  0.90300834 -1.        ]], Reward: [3.869321],Reward_sum: 374.9689025878906, Done: [False]
==========
t: 140, State: [[ 1.90446944e+00  1.07256076e+00  5.95656387e-02 -4.57630354e-01
   1.91137586e-03  3.53515467e-01  2.80510306e+00 -2.04111508e-01
   4.69288027e-01 -2.12754166e+00  7.70830710e-02 -4.21599209e+00]], Action: [[-1.          0.88373375 -1.        ]], Reward: [3.8541517],Reward_sum: 378.82305908203125, Done: [False]
==========
t: 141, State: [[ 1.92662698e+00  1.07254025e+00  6.03849035e-02 -4.78225333e-01
   2.51726824e-03  3.21326055e-01  2.73382910e+00  1.84220622e-01
  -2.74005166e-01 -3.01962722e+00  7.22992445e-02 -3.88839942e+00]], Action: [[-0.6481107  1.        -1.       ]], Reward: [3.7672725],Reward_sum: 382.59033203125, Done: [False]
==========
t: 142, State: [[ 1.94855046e+00  1.07541265e+00  5.94157680e-02 -5.00866109e-01
   2.95856115e-03  2.90395029e-01  2.74729121e+00  5.21711628e-01
   2.51895533e-02 -2.64138339e+00  4.01926874e-02 -3.89253421e+00]], Action: [[ 0.22998379  0.65519685 -1.        ]], Reward: [3.7389534],Reward_sum: 386.32928466796875, Done: [False]
==========
t: 143, State: [[ 1.97008255e+00  1.08053342e+00  5.45386711e-02 -5.27565355e-01
   3.26210596e-03  2.58459396e-01  2.63439850e+00  7.48106720e-01
  -1.25172417e+00 -4.03071166e+00  3.49474109e-02 -4.12854845e+00]], Action: [[-1.          0.88562655 -1.        ]], Reward: [3.688727],Reward_sum: 390.01800537109375, Done: [False]
==========
t: 144, State: [[ 1.99145600e+00  1.08752776e+00  4.85707813e-02 -5.54679039e-01
   3.45380076e-03  2.23653758e-01  2.70920218e+00  9.93947693e-01
  -2.46249645e-01 -2.74965976e+00  1.46613198e-02 -4.60231956e+00]], Action: [[ 0.8538874  0.7866987 -1.       ]], Reward: [3.6693335],Reward_sum: 393.68731689453125, Done: [False]
==========
t: 145, State: [[ 2.01263746e+00  1.09603565e+00  4.12059452e-02 -5.82209591e-01
   3.59238487e-03  1.84581498e-01  2.58427875e+00  1.12705570e+00
  -1.60224219e+00 -4.12963852e+00  1.88069828e-02 -5.18549891e+00]], Action: [[-1.          0.96111476 -1.        ]], Reward: [3.6447585],Reward_sum: 397.33209228515625, Done: [False]
==========
t: 146, State: [[ 2.03355721e+00  1.10579894e+00  3.17722134e-02 -6.10523148e-01
   3.71410728e-03  1.40259934e-01  2.64551403e+00  1.31112443e+00
  -7.62358220e-01 -2.95016488e+00  1.19778016e-02 -5.90955363e+00]], Action: [[ 0.7795342  1.        -1.       ]], Reward: [3.6123614],Reward_sum: 400.9444580078125, Done: [False]
==========
t: 147, State: [[ 2.05458853e+00  1.11682065e+00  2.47262380e-02 -6.34182484e-01
   3.80643267e-03  8.99162734e-02  2.61124873e+00  1.44209468e+00
  -1.00541178e+00 -2.96366140e+00  1.09055826e-02 -6.68510896e+00]], Action: [[-0.05216326  1.         -1.        ]], Reward: [3.6269112],Reward_sum: 404.5713806152344, Done: [False]
==========
t: 148, State: [[ 2.07556021e+00  1.12894937e+00  1.82300499e-02 -6.54936065e-01
   3.87625700e-03  3.31392878e-02  2.63108592e+00  1.58900767e+00
  -6.24065489e-01 -2.22510901e+00  6.84635066e-03 -7.51473562e+00]], Action: [[ 0.47202164  1.         -1.        ]], Reward: [3.6192377],Reward_sum: 408.19061279296875, Done: [False]
==========
t: 149, State: [[ 2.09649490e+00  1.14214899e+00  1.26961888e-02 -6.72010075e-01
   3.92796881e-03 -3.03522640e-02  2.60191518e+00  1.70990947e+00
  -7.63268521e-01 -2.04302234e+00  6.02169907e-03 -8.36129149e+00]], Action: [[ 0.08232326  1.         -1.        ]], Reward: [3.6148293],Reward_sum: 411.8054504394531, Done: [False]
==========
t: 150, State: [[ 2.11746909e+00  1.15642647e+00  9.07648233e-03 -6.84084832e-01
   3.95955698e-03 -1.00745763e-01  2.64156909e+00  1.85883744e+00
  -1.43950089e-01 -9.76988097e-01  2.24496601e-03 -9.23945281e+00]], Action: [[ 0.7026027  1.        -1.       ]], Reward: [3.6192806],Reward_sum: 415.42474365234375, Done: [False]
==========
t: 151, State: [[ 2.13870465e+00  1.17185412e+00  9.80520671e-03 -6.88284877e-01
   3.97078057e-03 -1.78206386e-01  2.66677045e+00  1.99705714e+00
   3.23617200e-01 -7.36374348e-02  7.18845172e-04 -1.00000000e+01]], Action: [[ 0.5928442  1.        -1.       ]], Reward: [3.6520936],Reward_sum: 419.0768127441406, Done: [False]
==========
t: 152, State: [[ 2.15938156e+00  1.18801343e+00  6.24417459e-03 -6.94345860e-01
   4.00511447e-03 -2.62654508e-01  2.50059541e+00  2.04080107e+00
  -1.21686582e+00 -1.43828292e+00  6.96297324e-03 -1.00000000e+01]], Action: [[-1.  1. -1.]], Reward: [3.5816128],Reward_sum: 422.6584167480469, Done: [False]
==========
t: 153, State: [[ 2.17962475e+00  1.20491203e+00  3.08801616e-04 -6.99857597e-01
   4.03066446e-03 -3.54283737e-01  2.55918975e+00  2.18157054e+00
  -2.68518629e-01  5.90378316e-02  1.75854459e-04 -1.00000000e+01]], Action: [[ 1.  1. -1.]], Reward: [3.527399],Reward_sum: 426.1858215332031, Done: [False]
==========
t: 154, State: [[ 2.19986566e+00  1.22267748e+00 -2.90707109e-03 -6.98952470e-01
   4.03681968e-03 -4.53394031e-01  2.50050995e+00  2.25822697e+00
  -5.34701557e-01  1.67374691e-01  1.15936447e-03 -1.00000000e+01]], Action: [[ 0.02995069  1.         -1.        ]], Reward: [3.5281126],Reward_sum: 429.71392822265625, Done: [False]
==========
t: 155, State: [[ 2.21981175e+00  1.24109755e+00 -6.19779626e-03 -6.94862714e-01
   4.03822079e-03 -5.60055191e-01  2.48547992e+00  2.34424001e+00
  -2.86215485e-01  8.54359064e-01 -6.84371924e-04 -1.00000000e+01]], Action: [[ 0.43614322  1.         -1.        ]], Reward: [3.491071],Reward_sum: 433.2049865722656, Done: [False]
==========
t: 156, State: [[ 2.23912017e+00  1.25958593e+00 -1.32791503e-02 -6.92540131e-01
   4.00430002e-03 -6.75335637e-01  2.34600065e+00  2.25655326e+00
  -1.45185480e+00 -2.77507595e-01 -8.20188665e-03 -1.00000000e+01]], Action: [[-0.8203805   0.86003447 -1.        ]], Reward: [3.4111404],Reward_sum: 436.6161193847656, Done: [False]
==========
t: 157, State: [[ 2.25816405e+00  1.27760121e+00 -2.03595079e-02 -6.88886493e-01
   3.91672428e-03 -8.01384580e-01  2.42277211e+00  2.23163413e+00
  -2.86465786e-01  1.18121567e+00 -1.44793657e-02 -1.00000000e+01]], Action: [[ 1.  1. -1.]], Reward: [3.3774855],Reward_sum: 439.99359130859375, Done: [False]
==========
t: 158, State: [[ 2.27767076e+00  1.29386291e+00 -2.54158626e-02 -6.85737464e-01
   3.73665618e-03 -8.85452863e-01  2.44438585e+00  1.86153992e+00
  -1.02296649e+00 -3.82037059e-01 -2.58646833e-02 -6.19283033e+00]], Action: [[-1.  1. -1.]], Reward: [3.4353378],Reward_sum: 443.4289245605469, Done: [False]
==========
t: 159, State: [[ 2.29760131  1.30795567 -0.03211583 -0.68883248  0.0035272  -0.91271288
   2.53007304  1.67518676 -0.68207241 -0.38383567 -0.02443863 -1.1954295 ]], Action: [[ 0.04952438  1.         -1.        ]], Reward: [3.4893165],Reward_sum: 446.9183349609375, Done: [False]
==========
t: 160, State: [[ 2.31814351  1.32086301 -0.03567877 -0.69063363  0.00335773 -0.91106193
   2.60000404  1.55887957 -0.22737781 -0.06174089 -0.01738057  1.27474779]], Action: [[0.2512957 1.        1.       ]], Reward: [3.565712],Reward_sum: 450.4840087890625, Done: [False]
==========
t: 161, State: [[ 2.33914301e+00  1.33303742e+00 -3.53785855e-02 -6.88482915e-01
   2.05404691e-03 -8.95032702e-01  2.64961751e+00  1.48463137e+00
   3.01569696e-01  5.98787225e-01 -3.07677047e-01  2.72594615e+00]], Action: [[ 0.45985174 -0.11499372  1.        ]], Reward: [3.6237125],Reward_sum: 454.10772705078125, Done: [False]
==========
t: 162, State: [[ 2.36059827e+00  1.34451284e+00 -3.11777480e-02 -6.82486260e-01
   3.11044363e-04 -8.67570129e-01  2.71251792e+00  1.38425856e+00
   7.41451001e-01  9.01688039e-01 -1.43386148e-01  4.13876184e+00]], Action: [[0.24056317 0.23909113 1.        ]], Reward: [3.6807928],Reward_sum: 457.78851318359375, Done: [False]
==========
t: 163, State: [[ 2.38246394e+00  1.35511796e+00 -2.44959580e-02 -6.75335034e-01
   5.21027628e-05 -8.28841257e-01  2.75566355e+00  1.26603576e+00
   9.38660011e-01  8.84172023e-01  1.03576148e-01  5.54002362e+00]], Action: [[0.02130849 0.2970396  1.        ]], Reward: [3.7321198],Reward_sum: 461.5206298828125, Done: [False]
==========
t: 164, State: [[ 2.40454100e+00  1.36478221e+00 -1.69976443e-02 -6.68529981e-01
   6.43053403e-04 -7.78877184e-01  2.76350180e+00  1.14959842e+00
   9.36828063e-01  8.17162273e-01  4.82153954e-02  6.94872901e+00]], Action: [[-0.03447692  0.13073137  1.        ]], Reward: [3.7586143],Reward_sum: 465.27923583984375, Done: [False]
==========
t: 165, State: [[ 2.42653285e+00  1.37342867e+00 -1.10980141e-02 -6.64102266e-01
   8.78766279e-04 -7.17671169e-01  2.73431335e+00  1.01174139e+00
   5.39053641e-01  2.90470549e-01  1.42057348e-02  8.35043749e+00]], Action: [[-0.3573761   0.08627734  1.        ]], Reward: [3.7478468],Reward_sum: 469.027099609375, Done: [False]
==========
t: 166, State: [[ 2.44811236e+00  1.38087050e+00 -1.03387875e-02 -6.66198948e-01
   1.02591815e-03 -6.45434353e-01  2.65994293e+00  8.48453248e-01
  -3.49952578e-01 -8.12672130e-01  2.10087635e-02  9.70661658e+00]], Action: [[-0.763714    0.57429385  0.97369146]], Reward: [3.6955774],Reward_sum: 472.72265625, Done: [False]
==========
t: 167, State: [[ 2.46982208e+00  1.38749011e+00 -8.16204736e-03 -6.66950692e-01
   1.07642258e-03 -5.65327484e-01  2.76727557e+00  8.06110096e-01
   8.92776870e-01  6.23083433e-01 -5.05650933e-03  1.00000000e+01]], Action: [[1.        0.1141724 0.4885162]], Reward: [3.7124636],Reward_sum: 476.43511962890625, Done: [False]
==========
t: 168, State: [[ 2.49143829e+00  1.39344278e+00 -6.21474177e-03 -6.67627602e-01
   1.05463707e-03 -4.85850643e-01  2.63736278e+00  6.82649766e-01
  -4.03863361e-01 -7.91014466e-01 -9.01247930e-04  9.55116875e+00]], Action: [[-1.          0.216297   -0.48897392]], Reward: [3.7007391],Reward_sum: 480.1358642578125, Done: [False]
==========
t: 169, State: [[ 2.51296712e+00  1.39875174e+00 -4.47750663e-03 -6.68205688e-01
   1.03883130e-03 -4.07557305e-01  2.74447329e+00  6.44463527e-01
   8.35665300e-01  6.45034254e-01 -2.72424036e-03  1.00000000e+01]], Action: [[1.         0.36177194 0.38930345]], Reward: [3.6898222],Reward_sum: 483.82568359375, Done: [False]
==========
t: 170, State: [[ 2.53441262e+00  1.40342263e+00 -2.97824128e-03 -6.68717359e-01
   1.02227022e-03 -3.30333349e-01  2.61748938e+00  5.23712668e-01
  -4.58472340e-01 -7.71667539e-01 -1.55021886e-03  9.28541190e+00]], Action: [[-1.          0.17308405 -0.4683891 ]], Reward: [3.6794379],Reward_sum: 487.505126953125, Done: [False]
==========
t: 171, State: [[ 2.55578075e+00  1.40747544e+00 -1.70179018e-03 -6.69138053e-01
   1.03460474e-03 -2.54544042e-01  2.72415260e+00  4.89488858e-01
   7.74758642e-01  6.65066462e-01  3.89884812e-03  9.66155769e+00]], Action: [[1.         0.49927148 0.32148674]], Reward: [3.669663],Reward_sum: 491.1748046875, Done: [False]
==========
t: 172, State: [[ 2.57707532e+00  1.41091423e+00 -6.75789180e-04 -6.69499912e-01
   1.05370834e-03 -1.80033540e-01  2.60006615e+00  3.70523493e-01
  -5.15640571e-01 -7.54246741e-01  1.14586596e-03  8.96699237e+00]], Action: [[-1.          0.1761966  -0.44140092]], Reward: [3.660596],Reward_sum: 494.83538818359375, Done: [False]
==========
t: 173, State: [[ 2.59830664e+00  1.41373974e+00  1.36757090e-04 -6.69782949e-01
   1.08851278e-03 -1.06488806e-01  2.70736979e+00  3.35919473e-01
   7.15837620e-01  6.82068708e-01  6.72940624e-03  9.41873915e+00]], Action: [[1.         0.5484805  0.37128246]], Reward: [3.652476],Reward_sum: 498.48785400390625, Done: [False]
==========
t: 174, State: [[ 2.61947367e+00  1.41597507e+00  6.90223916e-04 -6.70014346e-01
   1.13376333e-03 -3.45000214e-02  2.58496187e+00  2.23110494e-01
  -5.74638719e-01 -7.38641988e-01  4.66888243e-03  8.57959723e+00]], Action: [[-1.          0.24197885 -0.5435604 ]], Reward: [3.6445253],Reward_sum: 502.13238525390625, Done: [False]
==========
t: 175, State: [[ 2.64058779e+00  1.41760722e+00  1.02969472e-03 -6.70175471e-01
   1.17552067e-03  3.67105675e-02  2.69319982e+00  1.85057843e-01
   6.56589082e-01  6.96920183e-01  5.54991531e-03  9.22230232e+00]], Action: [[1.         0.5200594  0.50130725]], Reward: [3.637743],Reward_sum: 505.7701416015625, Done: [False]
==========
t: 176, State: [[ 2.66164730e+00  1.41866801e+00  1.11022489e-03 -6.70292900e-01
   1.22311038e-03  1.06185701e-01  2.57223754e+00  8.01959979e-02
  -6.33380663e-01 -7.25004663e-01  6.07554754e-03  8.14795130e+00]], Action: [[-1.          0.30374673 -0.7091129 ]], Reward: [3.6308439],Reward_sum: 509.4009704589844, Done: [False]
==========
t: 177, State: [[ 2.68266284e+00  1.41913574e+00  9.76600161e-04 -6.70347463e-01
   1.24456177e-03  1.74984695e-01  2.68133761e+00  3.69530567e-02
   5.97147453e-01  7.09872004e-01  5.55334988e-05  9.05065539e+00]], Action: [[1.         0.4197996  0.67974406]], Reward: [3.6253035],Reward_sum: 513.0262451171875, Done: [False]
==========
t: 178, State: [[ 2.70363634e+00  1.41902880e+00  6.05284981e-04 -6.70369783e-01
   1.26329821e-03  2.42566683e-01  2.56253144e+00 -6.37798606e-02
  -6.86827128e-01 -7.14133089e-01  3.99567451e-03  7.84646856e+00]], Action: [[-1.          0.32541493 -0.8010954 ]], Reward: [3.6199396],Reward_sum: 516.646240234375, Done: [False]
==========
t: 179, State: [[ 2.72457550e+00  1.41832462e+00  2.80539950e-05 -6.70337613e-01
   1.23182354e-03  3.10027438e-01  2.67205592e+00 -1.11922247e-01
   5.39855912e-01  7.20595043e-01 -9.87352887e-03  9.01718898e+00]], Action: [[1.         0.23742786 0.8649133 ]], Reward: [3.6155915],Reward_sum: 520.2618408203125, Done: [False]
==========
t: 180, State: [[ 2.74548503e+00  1.41703084e+00 -7.64278470e-04 -6.70284512e-01
   1.19431080e-03  3.77184138e-01  2.55572014e+00 -2.11747389e-01
  -7.34903991e-01 -7.05914965e-01 -6.53113901e-04  7.77364648e+00]], Action: [[-1.          0.30837455 -0.8289651 ]], Reward: [3.6119087],Reward_sum: 523.8737182617188, Done: [False]
==========
t: 181, State: [[ 2.76631790e+00  1.41515255e+00 -2.01622789e-03 -6.70129095e-01
   4.37649227e-04  4.44821857e-01  2.65228872e+00 -2.57306944e-01
   4.18831344e-01  7.43197456e-01 -1.87376424e-01  9.13406523e+00]], Action: [[ 1.         -0.01683983  0.9915049 ]], Reward: [3.602125],Reward_sum: 527.475830078125, Done: [False]
==========
t: 182, State: [[ 2.78717288e+00  1.41266421e+00 -3.26469306e-03 -6.70006824e-01
   2.15164840e-04  5.12779327e-01  2.55888027e+00 -3.64128479e-01
  -7.42556087e-01 -7.07993937e-01  9.33107044e-02  7.85861561e+00]], Action: [[-1.         0.5526209 -0.8425939]], Reward: [3.604857],Reward_sum: 531.0806884765625, Done: [False]
==========
t: 183, State: [[ 2.80789182e+00  1.40962443e+00 -5.31062857e-03 -6.69716043e-01
  -1.58952001e-03  5.81222032e-01  2.62075529e+00 -3.95327249e-01
   2.28499979e-01  7.78945955e-01 -5.43017760e-01  9.25026264e+00]], Action: [[ 1.       -0.347945  1.      ]], Reward: [3.5877476],Reward_sum: 534.66845703125, Done: [False]
==========
t: 184, State: [[ 2.82899276e+00  1.40600321e+00 -4.78244743e-03 -6.68054696e-01
   1.39027391e-04  6.49002702e-01  2.64774029e+00 -5.08054814e-01
  -1.28714327e-01 -3.54922552e-01  8.85134499e-01  7.70075740e+00]], Action: [[-0.7108021  1.        -1.       ]], Reward: [3.6351123],Reward_sum: 538.3035278320312, Done: [False]
==========
t: 185, State: [[ 2.85017103e+00  1.40190412e+00 -3.22169959e-03 -6.64676970e-01
   1.38250079e-03  7.16321177e-01  2.64689729e+00 -5.16448451e-01
   5.17089844e-01  1.19737074e+00 -5.72157989e-01  9.12693805e+00]], Action: [[ 1.        -0.9468707  1.       ]], Reward: [3.644387],Reward_sum: 541.9478759765625, Done: [False]
==========
t: 186, State: [[ 2.87128736e+00  1.39738218e+00 -1.26847319e-03 -6.59295380e-01
   1.68265365e-04  7.83240033e-01  2.63996394e+00 -6.16564995e-01
   1.13319512e-02  1.40968188e-01  3.66242815e-01  7.60077862e+00]], Action: [[-0.6819709  0.7862866 -1.       ]], Reward: [3.6374571],Reward_sum: 545.5853271484375, Done: [False]
==========
t: 187, State: [[ 2.89236349e+00  1.39264741e+00 -3.57353494e-04 -6.56496522e-01
   1.93338325e-03  8.25868899e-01  2.62958646e+00 -5.72633214e-01
   2.19510144e-01  5.57616394e-01  7.47290417e-02  3.23990773e+00]], Action: [[ 0.26646477 -0.3063297   0.75118434]], Reward: [3.6337874],Reward_sum: 549.2191162109375, Done: [False]
==========
t: 188, State: [[ 2.91337714e+00  1.38802264e+00  1.79449484e-03 -6.51393326e-01
   2.21693952e-03  8.40832494e-01  2.62541136e+00 -5.90093844e-01
   3.21523701e-01  7.16608264e-01  4.08365295e-03  7.78083964e-01]], Action: [[ 0.10504664 -0.05694947  0.36040276]], Reward: [3.6265616],Reward_sum: 552.845703125, Done: [False]
==========
t: 189, State: [[ 2.93443102e+00  1.38314550e+00  5.26362677e-03 -6.44565289e-01
   2.16356457e-03  8.41733670e-01  2.63876791e+00 -6.32664779e-01
   5.46103023e-01  9.89500323e-01 -1.49977969e-02 -3.99550384e-01]], Action: [[0.19061096 0.2744052  0.6308207 ]], Reward: [3.6312256],Reward_sum: 556.4769287109375, Done: [False]
==========
t: 190, State: [[ 2.95535016e+00  1.37772225e+00  7.57252801e-03 -6.39028132e-01
   1.97713805e-03  8.36236838e-01  2.59163148e+00 -7.24823830e-01
   3.23850013e-02  3.95032068e-01 -2.92537723e-02 -8.91256845e-01]], Action: [[-0.41186672  0.08113131  0.5044614 ]], Reward: [3.614462],Reward_sum: 560.0914306640625, Done: [False]
==========
t: 191, State: [[ 2.97640882e+00  1.37179531e+00  1.16525905e-02 -6.31412807e-01
   1.78575341e-03  8.28550384e-01  2.67288621e+00 -7.58156069e-01
   9.86107141e-01  1.50754343e+00 -1.93425121e-02 -9.91627990e-01]], Action: [[0.7783958  0.48047113 1.        ]], Reward: [3.6304955],Reward_sum: 563.721923828125, Done: [False]
==========
t: 192, State: [[ 2.99716781e+00  1.36524903e+00  1.36063876e-02 -6.24919049e-01
  -9.94702706e-04  8.20651910e-01  2.51714903e+00 -8.78575065e-01
  -4.96346282e-01  1.17435580e-01 -6.75912556e-01 -9.60942994e-01]], Action: [[-1.         -0.56377566  0.31378654]], Reward: [3.5934575],Reward_sum: 567.3154296875, Done: [False]
==========
t: 193, State: [[ 3.01808627e+00  1.35798365e+00  1.61862029e-02 -6.18965790e-01
  -1.36708398e-03  8.13436062e-01  2.71213138e+00 -9.38334096e-01
   1.13939162e+00  1.36958834e+00  5.81133451e-01 -8.35767740e-01]], Action: [[0.9463133 1.        0.5178063]], Reward: [3.6126442],Reward_sum: 570.9280395507812, Done: [False]
==========
t: 194, State: [[ 3.03897900e+00  1.35004656e+00  1.84465770e-02 -6.13375969e-01
  -1.76403110e-03  8.07384117e-01  2.51139927e+00 -1.04553771e+00
  -5.72385919e-01  2.92632787e-02 -6.78950645e-01 -6.78120287e-01]], Action: [[-1.        -1.         0.6611677]], Reward: [3.6091542],Reward_sum: 574.5372314453125, Done: [False]
==========
t: 195, State: [[ 3.05986951e+00  1.34145072e+00  2.06717190e-02 -6.07812926e-01
  -2.19046906e-03  8.02516312e-01  2.71088493e+00 -1.10375070e+00
   1.12681948e+00  1.36010469e+00  5.71049174e-01 -5.40936844e-01]], Action: [[1.        1.        0.5860819]], Reward: [3.6089702],Reward_sum: 578.1461791992188, Done: [False]
==========
t: 196, State: [[ 3.08084869e+00  1.33216926e+00  2.33012676e-02 -6.02402375e-01
  -1.43846612e-03  7.98652357e-01  2.53427025e+00 -1.21609640e+00
  -4.67615158e-01 -6.03835563e-03 -3.81961589e-01 -4.27343019e-01]], Action: [[-1.         -0.77628875  0.37652537]], Reward: [3.6206534],Reward_sum: 581.766845703125, Done: [False]
==========
t: 197, State: [[ 3.10186059e+00  1.32222419e+00  2.60763142e-02 -5.97055079e-01
  -2.47094643e-04  7.95656287e-01  2.71831551e+00 -1.27060154e+00
   1.15962043e+00  1.34147450e+00  6.78822876e-01 -3.25307543e-01]], Action: [[1.        0.8619255 0.5345824]], Reward: [3.6244588],Reward_sum: 585.3912963867188, Done: [False]
==========
t: 198, State: [[ 3.12297832e+00  1.31159848e+00  2.93552517e-02 -5.91878334e-01
   2.37903256e-03  7.93103885e-01  2.56149885e+00 -1.38524667e+00
  -3.38205952e-01 -4.58389958e-02 -2.16098457e-02 -3.12730106e-01]], Action: [[-1.         -0.59333074 -0.01590525]], Reward: [3.638364],Reward_sum: 589.0296630859375, Done: [False]
==========
t: 199, State: [[ 3.14388519e+00  1.30039578e+00  3.15763291e-02 -5.86499911e-01
   2.27898807e-03  7.91060195e-01  2.66478788e+00 -1.41559921e+00
   8.91333239e-01  1.38900599e+00 -5.22597753e-03 -2.05640388e-01]], Action: [[1.         0.86815953 0.48901707]], Reward: [3.611366],Reward_sum: 592.6409912109375, Done: [False]
==========
Hopper - Steps: 200, Return: 592.6409912109375, State: [[ 3.14388519e+00  1.30039578e+00  3.15763291e-02 -5.86499911e-01
   2.27898807e-03  7.91060195e-01  2.66478788e+00 -1.41559921e+00
   8.91333239e-01  1.38900599e+00 -5.22597753e-03 -2.05640388e-01]]
Starting:   0%|          | 0/200 [00:00<?, ?it/s]