2025-05-13 02:50:57.605604: E external/local_xla/xla/stream_executor/cuda/cuda_fft.cc:477] Unable to register cuFFT factory: Attempting to register factory for plugin cuFFT when one has already been registered
WARNING: All log messages before absl::InitializeLog() is called are written to STDERR
E0000 00:00:1747104657.695828    4951 cuda_dnn.cc:8310] Unable to register cuDNN factory: Attempting to register factory for plugin cuDNN when one has already been registered
E0000 00:00:1747104657.713082    4951 cuda_blas.cc:1418] Unable to register cuBLAS factory: Attempting to register factory for plugin cuBLAS when one has already been registered
E0513 02:51:37.100189    4951 cuda_dnn.cc:534] Could not create cudnn handle: CUDNN_STATUS_INTERNAL_ERROR
E0513 02:51:37.100633    4951 cuda_dnn.cc:538] Memory usage: 983040 bytes free, 16928342016 bytes total.
E0513 02:51:37.138159    4951 cuda_dnn.cc:534] Could not create cudnn handle: CUDNN_STATUS_INTERNAL_ERROR
E0513 02:51:37.141892    4951 cuda_dnn.cc:538] Memory usage: 983040 bytes free, 16928342016 bytes total.
2025-05-13 02:52:42.140285: E external/local_xla/xla/stream_executor/cuda/cuda_fft.cc:477] Unable to register cuFFT factory: Attempting to register factory for plugin cuFFT when one has already been registered
WARNING: All log messages before absl::InitializeLog() is called are written to STDERR
E0000 00:00:1747104762.162563   12876 cuda_dnn.cc:8310] Unable to register cuDNN factory: Attempting to register factory for plugin cuDNN when one has already been registered
E0000 00:00:1747104762.169348   12876 cuda_blas.cc:1418] Unable to register cuBLAS factory: Attempting to register factory for plugin cuBLAS when one has already been registered
/home/ohowell_theaiinstitute_com/miniconda3/envs/torch123/lib/python3.10/site-packages/gymnasium/envs/registration.py:521: UserWarning: [33mWARN: Using the latest versioned environment `Hopper-v4` instead of the unversioned environment `Hopper`.[0m
  logger.warn(
[CudaDevice(id=0), CudaDevice(id=1), CudaDevice(id=2), CudaDevice(id=3)]
Using AIRL:  True
Using GAIL:  False
Using RGCL:  False
Experiment State @  2025-05-12 21:52:48.919826-05:00
Experiment Saved @  results/experiment_123
Experiment Settings Saved @  results/experiment_123
123
Using cuda device
Wrapping the env with a `Monitor` wrapper
Wrapping the env in a DummyVecEnv.
Wrapping the env with a `Monitor` wrapper
Wrapping the env in a DummyVecEnv.
t: 0, State: [[ 0.00176936  1.24509329 -0.00601363 -0.00724325 -0.00310966  0.00888747
  -0.01776334 -0.10920647 -0.80659858 -1.02432722  0.03267838  1.44237387]], Action: [[-0.690371    0.01716247  1.        ]], Reward: [0.9917538],Reward_sum: 0.9917538166046143, Done: [False]
==========
t: 1, State: [[ 2.25366874e-03  1.24375146e+00 -6.53324795e-03 -9.88910256e-03
  -5.76373481e-04  2.58962286e-02  1.38549733e-01 -2.26210121e-01
   6.74532873e-01  3.61380782e-01  6.00485669e-01  2.80817318e+00]], Action: [[1.         0.56679726 1.        ]], Reward: [1.0582168],Reward_sum: 2.0499706268310547, Done: [False]
==========
t: 2, State: [[ 2.97125047e-03  1.24155610e+00 -4.62830682e-03 -8.86924033e-03
  -2.34604967e-04  5.42855151e-02  4.08871534e-02 -3.22457073e-01
  -1.97714308e-01 -1.05867733e-01 -5.13635669e-01  4.28710757e+00]], Action: [[-0.37392688 -0.80700743  1.        ]], Reward: [1.0879066],Reward_sum: 3.1378772258758545, Done: [False]
==========
t: 3, State: [[ 3.67155011e-03  1.23853558e+00 -1.42305082e-03 -3.93286726e-03
  -4.88346799e-03  9.41219654e-02  1.33875962e-01 -4.32923099e-01
   9.96728236e-01  1.33841104e+00 -6.47707028e-01  5.67021162e+00]], Action: [[1.         0.03783181 1.        ]], Reward: [1.085536],Reward_sum: 4.223413467407227, Done: [False]
==========
t: 4, State: [[ 4.64483257e-03  1.23464737e+00  3.37831595e-03  2.84764299e-03
  -9.96304504e-03  1.45093012e-01  1.09254691e-01 -5.38710993e-01
   2.03583281e-01  3.58149200e-01 -6.21755057e-01  7.07062464e+00]], Action: [[-0.65401393  0.00549445  1.        ]], Reward: [1.1202326],Reward_sum: 5.343646049499512, Done: [False]
==========
t: 5, State: [[ 5.83530295e-03  1.23028755e+00  3.18375099e-03  1.46023699e-03
  -1.21196611e-02  2.06253000e-01  2.31143832e-01 -4.33402725e-01
  -2.23418662e-01 -7.36601653e-01 -4.84820591e-02  7.98150690e+00]], Action: [[-0.64801615  0.59084404  1.        ]], Reward: [1.1470398],Reward_sum: 6.490685939788818, Done: [False]
==========
t: 6, State: [[ 8.85667871e-03  1.22818656e+00  6.63459771e-03 -7.18950554e-04
  -1.15667941e-02  2.70028384e-01  5.26765648e-01 -9.72643576e-02
   1.19075738e+00  3.35328094e-01  1.86533377e-01  7.97518193e+00]], Action: [[1.         0.62832904 0.6866638 ]], Reward: [1.3758056],Reward_sum: 7.866491317749023, Done: [False]
==========
t: 7, State: [[ 1.31406987e-02  1.22854310e+00  1.09456120e-02 -4.11149009e-03
  -1.15668653e-02  3.33270925e-01  5.39900614e-01  1.76990058e-01
  -1.17024350e-01 -1.17786533e+00 -1.72295850e-01  7.85823819e+00]], Action: [[-1.         -0.12670383  0.38968396]], Reward: [1.5343345],Reward_sum: 9.400825500488281, Done: [False]
==========
t: 8, State: [[ 1.84795951e-02  1.23097243e+00  1.57927821e-02 -8.24745722e-03
  -1.24011510e-02  3.98015362e-01  7.93903602e-01  4.24736598e-01
   1.32867343e+00  1.42938987e-01 -3.22256367e-02  8.33755993e+00]], Action: [[1.         0.48693004 0.8823749 ]], Reward: [1.6653464],Reward_sum: 11.066171646118164, Done: [False]
==========
t: 9, State: [[ 0.02494709  1.23502748  0.02280694 -0.01331358 -0.00894329  0.4572072
   0.81892026  0.57491567  0.42622576 -1.40453948  0.90863225  6.48979647]], Action: [[-1.         0.6476423 -1.       ]], Reward: [1.8060179],Reward_sum: 12.87218952178955, Done: [False]
==========
t: 10, State: [[ 3.21334539e-02  1.24016218e+00  3.08281987e-02 -1.88893656e-02
  -3.67964761e-03  5.12822657e-01  9.77665372e-01  7.04362387e-01
   1.58101628e+00  8.70201192e-03  4.09494945e-01  7.41894493e+00]], Action: [[ 1.         -0.06245044  1.        ]], Reward: [1.8962911],Reward_sum: 14.76848030090332, Done: [False]
==========
t: 11, State: [[ 3.98303332e-02  1.24603410e+00  3.93456968e-02 -2.48129480e-02
   2.31078986e-03  5.65598968e-01  9.10337804e-01  7.53113535e-01
   4.13494168e-01 -1.45190315e+00  7.82420043e-01  5.83091735e+00]], Action: [[-1.          0.48844603 -1.        ]], Reward: [1.9598713],Reward_sum: 16.728351593017578, Done: [False]
==========
t: 12, State: [[ 4.75624511e-02  1.25220753e+00  4.69189764e-02 -3.06078319e-02
   5.86908280e-03  6.16710379e-01  1.02372500e+00  7.87970956e-01
   1.48303265e+00  3.05245398e-04  1.07846264e-01  6.94593357e+00]], Action: [[ 1.         -0.24921969  1.        ]], Reward: [1.9644526],Reward_sum: 18.69280433654785, Done: [False]
==========
t: 13, State: [[ 5.52082016e-02  1.25847756e+00  5.32514201e-02 -3.61988989e-02
   6.24793687e-03  6.66565414e-01  8.87657651e-01  7.74598431e-01
   1.07161806e-01 -1.39679655e+00  4.63092665e-05  5.52699270e+00]], Action: [[-1.         0.6009857 -1.       ]], Reward: [1.9533576],Reward_sum: 20.646162033081055, Done: [False]
==========
t: 14, State: [[ 6.28173601e-02  1.26452506e+00  5.90244500e-02 -4.16494542e-02
   5.24637970e-03  7.14925822e-01  1.01682396e+00  7.37139088e-01
   1.33989307e+00  3.04158738e-02 -2.55756024e-01  6.55575782e+00]], Action: [[1.         0.02359906 0.8833598 ]], Reward: [1.949364],Reward_sum: 22.59552574157715, Done: [False]
==========
t: 15, State: [[ 7.05119749e-02  1.27028552e+00  6.47296978e-02 -4.71147398e-02
   3.72601805e-03  7.61683895e-01  9.05647529e-01  7.03517702e-01
   8.26853147e-02 -1.39366412e+00 -1.35254668e-01  5.13774939e+00]], Action: [[-1.         0.6651851 -1.       ]], Reward: [1.9593843],Reward_sum: 24.55491065979004, Done: [False]
==========
t: 16, State: [[ 7.81267867e-02  1.27566226e+00  7.02935163e-02 -5.24415926e-02
   2.09091184e-03  8.03285554e-01  9.69004569e-01  6.64885717e-01
   1.29707811e+00  8.32232896e-02 -1.89038673e-01  3.98179527e+00]], Action: [[1.         0.03629515 1.        ]], Reward: [1.9498502],Reward_sum: 26.5047607421875, Done: [False]
==========
t: 17, State: [[ 8.52764233e-02  1.28103574e+00  7.54370560e-02 -5.73306824e-02
   1.06394610e-03  8.23430836e-01  8.22787283e-01  6.72477117e-01
  -1.10739002e-02 -1.30712987e+00 -7.95923903e-02  1.33847023e+00]], Action: [[-0.9983471   0.3005845  -0.55353785]], Reward: [1.8923111],Reward_sum: 28.397071838378906, Done: [False]
==========
t: 18, State: [[ 0.09181422  1.2862951   0.07916775 -0.06158368 -0.00188283  0.82849868
   0.81918155  0.63264817  0.95694942  0.23488416 -0.68069988  0.0781498 ]], Action: [[ 1.         -0.42282876  1.        ]], Reward: [1.8150456],Reward_sum: 30.21211814880371, Done: [False]
==========
t: 19, State: [[ 0.09764467  1.29114815  0.08014966 -0.0651011  -0.01218424  0.82649697
   0.63922296  0.57837653 -0.71186193 -1.11312243 -1.89677269 -0.49582752]], Action: [[-1. -1.  1.]], Reward: [1.7258071],Reward_sum: 31.937925338745117, Done: [False]
==========
t: 20, State: [[ 0.10309325  1.2953669   0.07490509 -0.07645632 -0.02167071  0.82152189
   0.72325139  0.47608009 -0.60024328 -1.7250421  -0.47822217 -0.7038768 ]], Action: [[-0.34548998  1.          1.        ]], Reward: [1.6789532],Reward_sum: 33.616878509521484, Done: [False]
==========
t: 21, State: [[ 0.10957894  1.29877543  0.07689134 -0.08480223 -0.02050096  0.81573593
   0.89818242  0.37573709  1.09454097 -0.36312354  0.76849426 -0.72117644]], Action: [[1. 1. 1.]], Reward: [1.8077103],Reward_sum: 35.42458724975586, Done: [False]
==========
t: 22, State: [[ 0.11606083  1.30150646  0.07890045 -0.0930976  -0.01936531  0.8102335
   0.72251041  0.30683592 -0.59069384 -1.70920571 -0.48360507 -0.64619388]], Action: [[-1. -1.  1.]], Reward: [1.8072364],Reward_sum: 37.2318229675293, Done: [False]
==========
t: 23, State: [[ 0.12254542  1.30355215  0.08095244 -0.10132071 -0.01826087  0.80545147
   0.89849079  0.20457528  1.10188218 -0.34815906  0.75830935 -0.5466921 ]], Action: [[1. 1. 1.]], Reward: [1.8075736],Reward_sum: 39.039398193359375, Done: [False]
==========
t: 24, State: [[ 0.12903017  1.30491033  0.08301511 -0.10949704 -0.01721315  0.80151751
   0.7228361   0.13494113 -0.58439662 -1.69435914 -0.49502709 -0.43819343]], Action: [[-1. -1.  1.]], Reward: [1.8075941],Reward_sum: 40.84699249267578, Done: [False]
==========
t: 25, State: [[ 0.13551757  1.30558124  0.08512014 -0.11760229 -0.01619979  0.79838717
   0.89883307  0.0328632   1.10892887 -0.33351202  0.74715453 -0.34623297]], Action: [[1. 1. 1.]], Reward: [1.8079256],Reward_sum: 42.6549186706543, Done: [False]
==========
t: 26, State: [[ 0.1420032   1.30556668  0.08724039 -0.12566065 -0.01523734  0.7959628
   0.72269953 -0.03650513 -0.57699887 -1.67950656 -0.50513494 -0.2629076 ]], Action: [[-1. -1.  1.]], Reward: [1.8077037],Reward_sum: 44.462623596191406, Done: [False]
==========
t: 27, State: [[ 0.14848892  1.30486854  0.08940932 -0.13364739 -0.01429979  0.79411419
   0.8985473  -0.13794061  1.11748619 -0.31873497  0.73833008 -0.20129485]], Action: [[1. 1. 1.]], Reward: [1.8077143],Reward_sum: 46.27033615112305, Done: [False]
==========
t: 28, State: [[ 0.15497016  1.30348906  0.09159971 -0.14158658 -0.01340321  0.79272992
   0.72189084 -0.20693924 -0.56802373 -1.66449223 -0.51280316 -0.14736088]], Action: [[-1. -1.  1.]], Reward: [1.8071551],Reward_sum: 48.077491760253906, Done: [False]
==========
t: 29, State: [[ 0.16144777  1.30142973  0.09382266 -0.14948057 -0.01252014  0.79169987
   0.89733865 -0.30781686  1.12199408 -0.31055764  0.73235477 -0.11149476]], Action: [[0.9954001 1.        1.       ]], Reward: [1.8067108],Reward_sum: 49.88420104980469, Done: [False]
==========
t: 30, State: [[ 0.167991    1.29870208  0.09731353 -0.15578632 -0.01179087  0.79094537
   0.73862764 -0.37389746 -0.24779734 -1.26481526 -0.5486113  -0.07896046]], Action: [[-0.7325575 -1.         1.       ]], Reward: [1.815367],Reward_sum: 51.69956970214844, Done: [False]
==========
t: 31, State: [[ 0.17441522  1.2952827   0.09889328 -0.16446203 -0.0108783   0.79039268
   0.86724582 -0.48106631  0.64192674 -0.90441596  0.7753299  -0.05990571]], Action: [[0.31825942 1.         1.        ]], Reward: [1.8009257],Reward_sum: 53.50049591064453, Done: [False]
==========
t: 32, State: [[ 0.18089344  1.2911963   0.10156609 -0.17176993 -0.01009812  0.78999453
   0.75247841 -0.54024939  0.02681416 -0.92267117 -0.57871122 -0.04085044]], Action: [[-0.09580117 -1.          1.        ]], Reward: [1.8077691],Reward_sum: 55.308265686035156, Done: [False]
==========
t: 33, State: [[ 0.18714379  1.28639907  0.10053442 -0.18367347 -0.0089563   0.78970578
   0.80985762 -0.65969227 -0.28406635 -2.05161489  0.86244054 -0.03160475]], Action: [[-0.6984336  1.         1.       ]], Reward: [1.778806],Reward_sum: 57.08707046508789, Done: [False]
==========
t: 34, State: [[ 0.19360985  1.28090212  0.10166399 -0.19385667 -0.00620968  0.78949758
   0.80686062 -0.71380557  0.56525302 -0.49626485 -0.17442311 -0.02114304]], Action: [[ 1.        -0.6735531  1.       ]], Reward: [1.8058027],Reward_sum: 58.89287185668945, Done: [False]
==========
t: 35, State: [[ 0.19935252  1.27491245  0.09945    -0.20320815 -0.01258545  0.78936316
   0.62871407 -0.78471732 -1.11691027 -1.83995242 -1.41825286 -0.01310412]], Action: [[-1. -1.  1.]], Reward: [1.7148343],Reward_sum: 60.60770797729492, Done: [False]
==========
t: 36, State: [[ 0.20476379  1.26817101  0.09188578 -0.21921916 -0.01838789  0.78926133
   0.72407285 -0.90021736 -0.77429374 -2.16228307 -0.03390454 -0.01213242]], Action: [[-0.15152894  1.          1.        ]], Reward: [1.6743853],Reward_sum: 62.2820930480957, Done: [False]
==========
t: 37, State: [[ 0.21115006  1.26062047  0.09194893 -0.23093216 -0.01515638  0.78917249
   0.87242917 -0.98713217  0.7883805  -0.76764227  0.84095271 -0.01005127]], Action: [[1.         0.72881436 1.        ]], Reward: [1.7957528],Reward_sum: 64.07784271240234, Done: [False]
==========
t: 38, State: [[ 0.21740758  1.25242048  0.09151555 -0.24244002 -0.01343807  0.7891175
   0.69201792 -1.06318546 -0.89492282 -2.10772868 -0.41009813 -0.0042919 ]], Action: [[-1. -1.  1.]], Reward: [1.7791908],Reward_sum: 65.8570327758789, Done: [False]
==========
t: 39, State: [[ 0.22365635  1.24354317  0.0911687  -0.25384479 -0.01172843  0.78907718
   0.87009117 -1.15581666  0.80640969 -0.74507276  0.83625123 -0.0054848 ]], Action: [[1. 1. 1.]], Reward: [1.778096],Reward_sum: 67.6351318359375, Done: [False]
==========
t: 40, State: [[ 2.29891968e-01  1.23398922e+00  9.08773643e-02 -2.65170593e-01
  -1.00484680e-02  7.89052478e-01  6.88875438e-01 -1.23296825e+00
  -8.77445425e-01 -2.08478249e+00 -4.14987825e-01 -1.18980137e-03]], Action: [[-1. -1.  1.]], Reward: [1.7764521],Reward_sum: 69.41158294677734, Done: [False]
==========
t: 41, State: [[ 0.23611807  1.2237588   0.09067261 -0.27639415 -0.00837631  0.78903285
   0.86757141 -1.32433687  0.82445592 -0.72271974  0.83176939 -0.00335381]], Action: [[1. 1. 1.]], Reward: [1.7752628],Reward_sum: 71.18684387207031, Done: [False]
==========
t: 42, State: [[ 2.42330179e-01  1.21285254e+00  9.05232188e-02 -2.87539495e-01
  -6.73314517e-03  7.89022252e-01  6.85515301e-01 -1.40250517e+00
  -8.60007510e-01 -2.06201788e+00 -4.19708128e-01  2.49538091e-04]], Action: [[-1. -1.  1.]], Reward: [1.7735134],Reward_sum: 72.96035766601562, Done: [False]
==========
t: 43, State: [[ 0.24853206  1.20127053  0.09046033 -0.29858345 -0.00509714  0.78901226
   0.86487953 -1.49271974  0.84248509 -0.70058872  0.8274519  -0.00235778]], Action: [[1. 1. 1.]], Reward: [1.7722353],Reward_sum: 74.73258972167969, Done: [False]
==========
t: 44, State: [[ 2.54719138e-01  1.18901341e+00  9.04525634e-02 -3.09549981e-01
  -3.48958783e-03  7.89008214e-01  6.81947022e-01 -1.57181391e+00
  -8.42632501e-01 -2.03944102e+00 -4.24296227e-01  9.14395881e-04]], Action: [[-1. -1.  1.]], Reward: [1.7703847],Reward_sum: 76.50297546386719, Done: [False]
==========
t: 45, State: [[ 0.26096288  1.17618717  0.09050912 -0.32045684 -0.00198217  0.78899565
   0.92142482 -1.56879325  0.84230834 -0.71469855  0.7404987  -0.00786847]], Action: [[1. 1. 1.]], Reward: [1.7774676],Reward_sum: 78.28044128417969, Done: [False]
==========
t: 46, State: [[ 2.68020822e-01  1.16445666e+00  8.96764674e-02 -3.31707775e-01
  -1.27244052e-03  7.88934132e-01  8.40150081e-01 -1.37241708e+00
  -1.04416275e+00 -2.09510544e+00 -5.59637674e-01 -7.13000780e-03]], Action: [[-1. -1.  1.]], Reward: [1.8792429],Reward_sum: 80.15968322753906, Done: [False]
==========
t: 47, State: [[ 0.27618971  1.15411734  0.08751107 -0.34424349 -0.00185245  0.78882263
   1.20335816 -1.21668998  0.50894664 -1.04193524  0.40754354 -0.01901359]], Action: [[0.8739939 1.        1.       ]], Reward: [2.0183475],Reward_sum: 82.17803955078125, Done: [False]
==========
t: 48, State: [[ 0.28587063  1.14497082  0.0887061  -0.35353792 -0.00313136  0.78870381
   1.21240111 -1.07676812 -0.20908954 -1.27857901 -0.71910025 -0.01085381]], Action: [[-0.18951084 -0.7649616   1.        ]], Reward: [2.2084937],Reward_sum: 84.38653564453125, Done: [False]
==========
t: 49, State: [[ 0.29658611  1.136605    0.08895893 -0.36483817 -0.00437565  0.78855383
   1.46554647 -1.01947109  0.27637099 -1.54604114  0.40562783 -0.02430697]], Action: [[-0.04319041  1.          0.79004836]], Reward: [2.3378086],Reward_sum: 86.7243423461914, Done: [False]
==========
t: 50, State: [[ 0.30866177  1.12894037  0.09405501 -0.37117622 -0.00636231  0.78842718
   1.549539   -0.90167883  0.99634569 -0.03780471 -0.89413686 -0.00855014]], Action: [[ 1.        -0.7927954  1.       ]], Reward: [2.5068285],Reward_sum: 89.23117065429688, Done: [False]
==========
t: 51, State: [[ 0.32057279  1.12180843  0.09533204 -0.37701738 -0.01728629  0.7882108
   1.4240483  -0.8882564  -0.67349411 -1.41832518 -1.83112443 -0.04022036]], Action: [[-1.        -0.7740656  0.0843816]], Reward: [2.487272],Reward_sum: 91.71844482421875, Done: [False]
==========
t: 52, State: [[ 0.33274553  1.11460039  0.09247822 -0.38859241 -0.02701054  0.78676561
   1.6189491  -0.91651213 -0.03638015 -1.47568056 -0.60330696 -0.32089968]], Action: [[ 0.07124598  1.         -0.01835703]], Reward: [2.5205863],Reward_sum: 94.23902893066406, Done: [False]
==========
t: 53, State: [[ 0.34654756  1.10708581  0.09489593 -0.4006139  -0.02721464  0.78512445
   1.83304688 -0.96437717  0.64391776 -1.53105808  0.54499741 -0.05454715]], Action: [[0.08367605 1.         0.5036361 ]], Reward: [2.723993],Reward_sum: 96.96302032470703, Done: [False]
==========
t: 54, State: [[ 0.3611783   1.09942371  0.10056056 -0.40949991 -0.02822808  0.78639059
   1.81518269 -0.95093144  0.76687467 -0.6842325  -0.76952321  0.15818234]], Action: [[ 0.5167832 -0.8874955  0.7078774]], Reward: [2.8272867],Reward_sum: 99.7903060913086, Done: [False]
==========
t: 55, State: [[ 0.37528774  1.09151933  0.10127937 -0.42065993 -0.03537546  0.7871673
   1.70958626 -1.02913566 -0.58459461 -2.10246395 -1.0145726   0.048234  ]], Action: [[-1.         -0.2750567  -0.04796567]], Reward: [2.7626028],Reward_sum: 102.55290985107422, Done: [False]
==========
t: 56, State: [[ 0.38968784  1.08302819  0.10099004 -0.43538812 -0.03844388  0.78481528
   1.89107568 -1.09466921  0.51426409 -1.58095972  0.24351136 -0.63753124]], Action: [[ 0.44642806  1.         -0.36722314]], Reward: [2.7986777],Reward_sum: 105.3515853881836, Done: [False]
==========
t: 57, State: [[ 0.40463354  1.07408898  0.10430895 -0.44768895 -0.03862373  0.77728766
   1.84540763 -1.14069006  0.31662671 -1.49451442 -0.28838709 -1.24397407]], Action: [[ 0.0154491  -0.41268572 -0.4436189 ]], Reward: [2.8678455],Reward_sum: 108.21942901611328, Done: [False]
==========
t: 58, State: [[ 0.41903405  1.06463389  0.10248619 -0.46486248 -0.04056969  0.76173611
   1.75409008 -1.22511651 -0.76926979 -2.79703627 -0.19894054 -2.64266362]], Action: [[-0.91313404 -0.05643898 -0.98772424]], Reward: [2.7982512],Reward_sum: 111.0176773071289, Done: [False]
==========
t: 59, State: [[ 0.433728    1.05446551  0.1019707  -0.48325664 -0.03722164  0.74011512
   1.92263838 -1.31802608  0.64736538 -1.80574998  1.0255904  -2.77182949]], Action: [[ 0.74686056  0.9714953  -0.04920452]], Reward: [2.83524],Reward_sum: 113.85292053222656, Done: [False]
==========
t: 60, State: [[ 0.44901084  1.0439832   0.10992473 -0.49135367 -0.03473123  0.71250471
   1.89867813 -1.30156872  1.33869864 -0.22072838 -0.40097127 -4.12918888]], Action: [[ 1. -1. -1.]], Reward: [2.9073544],Reward_sum: 116.7602767944336, Done: [False]
==========
t: 61, State: [[ 0.46397704  1.03313392  0.11678559 -0.49907757 -0.03508175  0.67377649
   1.84261777 -1.41055604  0.37689144 -1.70811899  0.31277869 -5.55125202]], Action: [[-1.         0.3940083 -1.       ]], Reward: [2.86862],Reward_sum: 119.62889862060547, Done: [False]
==========
t: 62, State: [[ 0.479289    1.02181177  0.12571927 -0.50710406 -0.02989266  0.62402379
   2.00504425 -1.33108378  1.91059926 -0.31027627  1.08446054 -6.53156359]], Action: [[ 1.         0.5155575 -1.       ]], Reward: [2.9117289],Reward_sum: 122.5406265258789, Done: [False]
==========
t: 63, State: [[ 0.49575441  1.01257779  0.13953414 -0.51600161 -0.01328052  0.57381149
   2.10838854 -0.993928    1.54369209 -1.91078031  3.05124364 -6.07198589]], Action: [[-1.          0.92763925 -1.        ]], Reward: [3.055316],Reward_sum: 125.59593963623047, Done: [False]
==========
t: 64, State: [[ 0.51260076  1.00654936  0.15162222 -0.52943022  0.00705284  0.5274682
   2.08447432 -0.5040851   1.36673447 -1.42391231  1.78060187 -5.51738833]], Action: [[ 0.2395813 -1.        -1.       ]], Reward: [3.1037362],Reward_sum: 128.69967651367188, Done: [False]
==========
t: 65, State: [[ 0.52867966  1.00421442  0.15560638 -0.54602228  0.01637204  0.48497485
   1.94354573 -0.09352323 -0.32625078 -2.73278277  0.66580517 -5.15156445]], Action: [[-1.         0.4659163 -1.       ]], Reward: [3.0076458],Reward_sum: 131.7073211669922, Done: [False]
==========
t: 66, State: [[ 0.54464852  1.00507131  0.15694508 -0.5617737   0.0191528   0.44422728
   2.0535477   0.29612808  0.68432957 -1.21349595  0.09535107 -5.0753054 ]], Action: [[ 1.         0.7561593 -1.       ]], Reward: [2.9935355],Reward_sum: 134.7008514404297, Done: [False]
==========
t: 67, State: [[ 0.56072888  1.00855093  0.15684001 -0.57702562  0.01876521  0.40331236
   1.96770191  0.56482097 -0.70060783 -2.60020015 -0.15775942 -5.18547582]], Action: [[-1.         0.9120537 -1.       ]], Reward: [3.007213],Reward_sum: 137.70806884765625, Done: [False]
==========
t: 68, State: [[ 0.57702042  1.01422508  0.15584297 -0.59191003  0.01701725  0.36066092
   2.1062603   0.84714463  0.45446194 -1.12465909 -0.26021227 -5.50383025]], Action: [[ 1.  1. -1.]], Reward: [3.0334423],Reward_sum: 140.74151611328125, Done: [False]
==========
t: 69, State: [[ 0.59354098  1.02176744  0.15408925 -0.60652149  0.0148139   0.31502577
   2.02296545  1.03341945 -0.89410442 -2.52621628 -0.2807952  -5.92445857]], Action: [[-1.          0.77447915 -1.        ]], Reward: [3.0624697],Reward_sum: 143.80398559570312, Done: [False]
==========
t: 70, State: [[ 0.61015132  1.03091025  0.15009434 -0.62250385  0.0126458   0.26546553
   2.12938195  1.24907975 -0.10825053 -1.4708608  -0.25734689 -6.48086144]], Action: [[ 0.71146446  1.         -1.        ]], Reward: [3.0737875],Reward_sum: 146.87777709960938, Done: [False]
==========
t: 71, State: [[ 0.62737243  1.04164161  0.14977126 -0.63294189  0.01074402  0.21116417
   2.17502187  1.43148851  0.02250411 -1.13837274 -0.21721488 -7.1050875 ]], Action: [[ 0.20977207  1.         -1.        ]], Reward: [3.1505942],Reward_sum: 150.0283660888672, Done: [False]
==========
t: 72, State: [[ 0.64498312  1.05379692  0.15087133 -0.64014366  0.00917124  0.15163182
   2.22669989  1.60569541  0.24734488 -0.66180462 -0.17625659 -7.78567798]], Action: [[ 0.3091752  1.        -1.       ]], Reward: [3.1992402],Reward_sum: 153.22760009765625, Done: [False]
==========
t: 73, State: [[ 6.62531207e-01  1.06717864e+00  1.48846428e-01 -6.48974783e-01
   7.93351459e-03  8.65700218e-02  2.15865711e+00  1.73831443e+00
  -7.59058369e-01 -1.54341932e+00 -1.34596290e-01 -8.48533687e+00]], Action: [[-0.64541  1.      -1.     ]], Reward: [3.1910946],Reward_sum: 156.418701171875, Done: [False]
==========
t: 74, State: [[ 6.80158562e-01  1.08178200e+00  1.45605255e-01 -6.56911546e-01
   6.96740475e-03  1.56541238e-02  2.24730826e+00  1.91132628e+00
  -5.55004663e-02 -4.41543873e-01 -1.07378527e-01 -9.24878787e+00]], Action: [[ 0.7374898  1.        -1.       ]], Reward: [3.2008755],Reward_sum: 159.6195831298828, Done: [False]
==========
t: 75, State: [[ 6.98245641e-01  1.09767057e+00  1.45519017e-01 -6.58754264e-01
   6.21568528e-03 -6.14387105e-02  2.27360624e+00  2.05933767e+00
   3.18258061e-02 -1.90917520e-02 -8.15434868e-02 -1.00000000e+01]], Action: [[ 0.26353604  1.         -1.        ]], Reward: [3.2588155],Reward_sum: 162.87840270996094, Done: [False]
==========
t: 76, State: [[ 7.16083111e-01  1.11457189e+00  1.41491142e-01 -6.62458373e-01
   5.66616553e-03 -1.44782596e-01  2.18408247e+00  2.16417121e+00
  -1.04157758e+00 -9.04618369e-01 -5.72530028e-02 -1.00000000e+01]], Action: [[-0.6548864  1.        -1.       ]], Reward: [3.2272549],Reward_sum: 166.10565185546875, Done: [False]
==========
t: 77, State: [[ 7.33912825e-01  1.13249928e+00  1.36653338e-01 -6.64238531e-01
   5.24893856e-03 -2.34674913e-01  2.27201504e+00  2.31542125e+00
  -1.69767921e-01  4.58489068e-01 -4.71005105e-02 -1.00000000e+01]], Action: [[ 0.91392845  1.         -1.        ]], Reward: [3.225879],Reward_sum: 169.33152770996094, Done: [False]
==========
t: 78, State: [[ 7.51488079e-01  1.15128438e+00  1.29168276e-01 -6.66053061e-01
   4.94912498e-03 -3.31352272e-01  2.11970179e+00  2.37822192e+00
  -1.70313036e+00 -9.09028965e-01 -2.92454856e-02 -1.00000000e+01]], Action: [[-1.  1. -1.]], Reward: [3.1939068],Reward_sum: 172.5254364013672, Done: [False]
==========
t: 79, State: [[ 7.68749363e-01  1.17080836e+00  1.19378853e-01 -6.67324272e-01
   4.72223583e-03 -4.35116443e-01  2.19474862e+00  2.50041525e+00
  -7.43002055e-01  5.89314204e-01 -2.71374065e-02 -1.00000000e+01]], Action: [[ 1.  1. -1.]], Reward: [3.1546605],Reward_sum: 175.68008422851562, Done: [False]
==========
t: 80, State: [[ 7.85934755e-01  1.19103727e+00  1.10375676e-01 -6.64590282e-01
   4.54630118e-03 -5.46298218e-01  2.10055466e+00  2.55373412e+00
  -1.50566800e+00  9.50648478e-02 -1.76515034e-02 -1.00000000e+01]], Action: [[-0.39003056  1.         -1.        ]], Reward: [3.1460218],Reward_sum: 178.82611083984375, Done: [False]
==========
t: 81, State: [[ 8.02968986e-01  1.21154160e+00  1.02035437e-01 -6.58615947e-01
   4.38614718e-03 -6.66080079e-01  2.15886538e+00  2.55227241e+00
  -5.53754328e-01  1.39272661e+00 -2.25558247e-02 -1.00000000e+01]], Action: [[ 0.8787772  1.        -1.       ]], Reward: [3.1265066],Reward_sum: 181.95262145996094, Done: [False]
==========
t: 82, State: [[ 8.19584619e-01  1.23148448e+00  9.22279861e-02 -6.53065199e-01
   4.23609443e-03 -7.96583267e-01  2.00173379e+00  2.41616389e+00
  -1.86494169e+00 -1.14650155e-02 -1.71321431e-02 -1.00000000e+01]], Action: [[-1.  1. -1.]], Reward: [3.073954],Reward_sum: 185.02658081054688, Done: [False]
==========
t: 83, State: [[ 8.36550948e-01  1.24955471e+00  8.45117620e-02 -6.48025954e-01
   3.98091277e-03 -8.83758893e-01  2.23280938e+00  2.13146370e+00
  -1.11268712e-01  1.28006789e+00 -4.01297281e-02 -6.46896595e+00]], Action: [[ 1.  1. -1.]], Reward: [3.1177912],Reward_sum: 188.14437866210938, Done: [False]
==========
t: 84, State: [[ 0.85426253  1.26555008  0.07990073 -0.64388767  0.00369885 -0.91260005
   2.18819378  1.88209267 -1.07123042 -0.23539377 -0.02929519 -1.32835071]], Action: [[-1.  1. -1.]], Reward: [3.2109475],Reward_sum: 191.35533142089844, Done: [False]
==========
t: 85, State: [[ 0.87226907  1.28015515  0.07557433 -0.64181192  0.00348279 -0.91167036
   2.3083822   1.77712623 -0.02984087  0.75851176 -0.02378037  1.21943673]], Action: [[0.7234007 1.        1.       ]], Reward: [3.2482944],Reward_sum: 194.60362243652344, Done: [False]
==========
t: 86, State: [[ 0.89115548  1.29406494  0.07941399 -0.63142184  0.0031564  -0.89613382
   2.41300661  1.6998698   0.98974763  1.83770511 -0.05284187  2.65277257]], Action: [[0.7728658 0.2061911 1.       ]], Reward: [3.3591616],Reward_sum: 197.96278381347656, Done: [False]
==========
t: 87, State: [[ 9.10617253e-01  1.30726347e+00  8.88221425e-02 -6.15184892e-01
   2.29600320e-03 -8.69192501e-01  2.45205870e+00  1.59931290e+00
   1.36147731e+00  2.22130249e+00 -1.61829548e-01  4.08062294e+00]], Action: [[0.2846615 0.0022662 1.       ]], Reward: [3.4316406],Reward_sum: 201.3944091796875, Done: [False]
==========
t: 88, State: [[ 9.30146468e-01  1.31965207e+00  9.93575109e-02 -5.97151929e-01
  -9.05096144e-04 -8.30762911e-01  2.42998231e+00  1.49760427e+00
   1.27209146e+00  2.28701297e+00 -6.37561575e-01  5.52474447e+00]], Action: [[ 0.03940279 -0.29697904  1.        ]], Reward: [3.440062],Reward_sum: 204.83447265625, Done: [False]
==========
t: 89, State: [[ 0.94941416  1.33117714  0.10817916 -0.57986753 -0.00766131 -0.78082361
   2.3866935   1.38353076  0.93324722  2.03455728 -1.05061222  6.95797339]], Action: [[-0.1796792 -0.2744541  1.       ]], Reward: [3.4073544],Reward_sum: 208.2418212890625, Done: [False]
==========
t: 90, State: [[ 0.96850666  1.34166756  0.11470921 -0.56575224 -0.01478901 -0.71963004
   2.3861215   1.23908279  0.69858295  1.4952048  -0.73111148  8.33835073]], Action: [[-0.3353237   0.25506005  1.        ]], Reward: [3.385385],Reward_sum: 211.62721252441406, Done: [False]
==========
t: 91, State: [[ 0.98743914  1.35104117  0.11841577 -0.55624802 -0.02063894 -0.64777196
   2.34667986  1.1042577   0.22760057  0.881898   -0.73080732  9.62410538]], Action: [[-0.41269666  0.00399563  0.9289732 ]], Reward: [3.3655262],Reward_sum: 214.99273681640625, Done: [False]
==========
t: 92, State: [[ 1.00612764  1.35922569  0.11741531 -0.55462779 -0.02265741 -0.56911183
   2.32527913  0.94198734 -0.47778451 -0.47488624  0.22542982 10.        ]], Action: [[-0.8827077   0.640252    0.36655697]], Reward: [3.334739],Reward_sum: 218.3274688720703, Done: [False]
==========
t: 93, State: [[ 1.02522163  1.36650511  0.11895656 -0.55275132 -0.01976563 -0.48762435
   2.44768142  0.87759561  0.86062768  0.94265692  0.4979202  10.        ]], Action: [[1.         0.29994896 0.28103465]], Reward: [3.3855793],Reward_sum: 221.71304321289062, Done: [False]
==========
t: 94, State: [[ 1.04469628  1.3731001   0.12397537 -0.54836537 -0.0133989  -0.40784605
   2.42125068  0.77152332  0.394901    0.15464251  1.092798    9.61438101]], Action: [[-0.5204082   0.36203948 -0.42460144]], Reward: [3.4337494],Reward_sum: 225.14678955078125, Done: [False]
==========
t: 95, State: [[ 1.06434154e+00  1.37879586e+00  1.28812071e-01 -5.47045292e-01
  -1.10337782e-03 -3.30230814e-01  2.48937295e+00  6.51858560e-01
   8.12988339e-01  1.75870520e-01  1.98059775e+00  9.78903751e+00]], Action: [[0.06552313 0.67167103 0.2101433 ]], Reward: [3.4551578],Reward_sum: 228.60195922851562, Done: [False]
==========
t: 96, State: [[ 1.08378916  1.38371769  0.13261313 -0.54615166  0.01004941 -0.24826853
   2.37660446  0.57800653  0.15467201  0.04347935  0.8530217  10.        ]], Action: [[-0.16217564  0.24504551  0.6418116 ]], Reward: [3.430455],Reward_sum: 232.03240966796875, Done: [False]
==========
t: 97, State: [[ 1.10254907  1.3880476   0.13259115 -0.54563953  0.01412764 -0.16022762
   2.31882068  0.50236189 -0.13353557  0.07850015  0.2350666  10.        ]], Action: [[-0.01667767  0.60290766  0.4601314 ]], Reward: [3.344413],Reward_sum: 235.37681579589844, Done: [False]
==========
t: 98, State: [[ 1.1210177   1.39177491  0.13159076 -0.54397589  0.01458059 -0.06803822
   2.30145656  0.42828    -0.1014645   0.33364136 -0.08132307 10.        ]], Action: [[0.15373942 0.3163409  0.350596  ]], Reward: [3.3083315],Reward_sum: 238.68515014648438, Done: [False]
==========
t: 99, State: [[ 1.13907667  1.39484294  0.12727226 -0.54479702  0.01336305  0.02513329
   2.21520717  0.33808804 -0.96885298 -0.53984635 -0.20291471 10.        ]], Action: [[-0.62246877  0.48472896 -0.07362329]], Reward: [3.2567441],Reward_sum: 241.94189453125, Done: [False]
==========
t: 100, State: [[ 1.15717736  1.39730651  0.12428323 -0.54331271  0.01156384  0.12070046
   2.31038417  0.27800838  0.22219128  0.90865133 -0.2364347  10.        ]], Action: [[1.         0.6375991  0.61448944]], Reward: [3.2608016],Reward_sum: 245.20269775390625, Done: [False]
==========
t: 101, State: [[ 1.17520394e+00  1.39914402e+00  1.20905313e-01 -5.41774825e-01
   9.78243375e-03  2.17253127e-01  2.19702396e+00  1.81337628e-01
  -1.06319328e+00 -5.23055968e-01 -2.06972882e-01  1.00000000e+01]], Action: [[-1.          0.83525026 -0.3128068 ]], Reward: [3.2515268],Reward_sum: 248.4542236328125, Done: [False]
==========
t: 102, State: [[ 1.19317629e+00  1.40036366e+00  1.17202327e-01 -5.40171691e-01
   8.16797109e-03  3.14976460e-01  2.29606139e+00  1.24255712e-01
   1.35227518e-01  9.22113586e-01 -1.93092280e-01  1.00000000e+01]], Action: [[1.        0.5685213 0.6456211]], Reward: [3.2448046],Reward_sum: 251.69903564453125, Done: [False]
==========
t: 103, State: [[ 1.21110893e+00  1.40100283e+00  1.13177842e-01 -5.38541537e-01
   6.86339671e-03  4.12916759e-01  2.18748546e+00  3.54462371e-02
  -1.13927082e+00 -5.13084263e-01 -1.36322598e-01  1.00000000e+01]], Action: [[-1.          1.         -0.47496903]], Reward: [3.2393537],Reward_sum: 254.9384002685547, Done: [False]
==========
t: 104, State: [[ 1.22900734e+00  1.40107339e+00  1.08817403e-01 -5.36856571e-01
   5.77757901e-03  5.11439120e-01  2.28720159e+00 -1.68870056e-02
   4.67886260e-02  9.32555235e-01 -1.32056522e-01  1.00000000e+01]], Action: [[1.        0.4249713 0.704559 ]], Reward: [3.2356238],Reward_sum: 258.17401123046875, Done: [False]
==========
t: 105, State: [[ 1.24688139e+00  1.40061113e+00  1.04107052e-01 -5.35150895e-01
   4.94807994e-03  6.09684641e-01  2.18156684e+00 -9.90660962e-02
  -1.22211918e+00 -5.04584619e-01 -7.95991492e-02  1.00000000e+01]], Action: [[-1.         1.        -0.6220956]], Reward: [3.2318692],Reward_sum: 261.4058837890625, Done: [False]
==========
t: 106, State: [[ 1.26473517e+00  1.39962958e+00  9.90316483e-02 -5.33395777e-01
   4.24574564e-03  7.07896523e-01  2.28218236e+00 -1.45255955e-01
  -4.84924126e-02  9.41390235e-01 -9.19755185e-02  1.00000000e+01]], Action: [[1.         0.23955575 0.7409885 ]], Reward: [3.2301168],Reward_sum: 264.635986328125, Done: [False]
==========
t: 107, State: [[ 1.28263744e+00  1.39821594e+00  9.43744116e-02 -5.30727214e-01
   3.72577315e-03  8.03710976e-01  2.18850782e+00 -1.81335601e-01
  -1.10831940e+00 -2.67725451e-01 -4.05715149e-02  9.91956498e+00]], Action: [[-0.8444671  1.        -0.8012345]], Reward: [3.2354283],Reward_sum: 267.8714294433594, Done: [False]
==========
t: 108, State: [[ 1.30042539e+00  1.39722319e+00  9.04078987e-02 -5.26967622e-01
   3.33638834e-03  8.55893234e-01  2.26069081e+00 -8.32420605e-02
   1.19539109e-01  1.20265975e+00 -5.48764154e-02  3.76934594e+00]], Action: [[1.         0.16600445 0.5312286 ]], Reward: [3.222184],Reward_sum: 271.0936279296875, Done: [False]
==========
t: 109, State: [[ 1.31862853  1.39660348  0.09370601 -0.51462225  0.00294169  0.87184503
   2.29128223 -0.08022288  0.70333824  1.88148523 -0.04456122  0.58790733]], Action: [[0.46779272 0.4450843  0.34964713]], Reward: [3.2748535],Reward_sum: 274.36846923828125, Done: [False]
==========
t: 110, State: [[ 1.33656602  1.39562624  0.094962   -0.50474811  0.00259831  0.86979529
   2.19434747 -0.167882   -0.38901031  0.58757099 -0.0410047  -0.89662319]], Action: [[-0.89361024  0.24815944  0.5243752 ]], Reward: [3.2410514],Reward_sum: 277.6095275878906, Done: [False]
==========
t: 111, State: [[ 1.3543741   1.39411168  0.09522005 -0.49614285  0.0023866   0.86001481
   2.25767444 -0.21313261  0.45088524  1.56246047 -0.01488103 -1.44359597]], Action: [[0.67848057 0.8481896  1.        ]], Reward: [3.22383],Reward_sum: 280.8333740234375, Done: [False]
==========
t: 112, State: [[ 1.37202664  1.39193856  0.09386643 -0.48944662  0.00216711  0.84783965
   2.15630158 -0.33105998 -0.78693934  0.11269795 -0.03649978 -1.54631483]], Action: [[-1.         -0.05277166  0.7047997 ]], Reward: [3.2050683],Reward_sum: 284.0384521484375, Done: [False]
==========
t: 113, State: [[ 1.38966957e+00  1.38910180e+00  9.25224408e-02 -4.82784866e-01
   2.02762414e-03  8.35925818e-01  2.25391882e+00 -3.78772739e-01
   4.47983061e-01  1.55135137e+00 -2.46459084e-03 -1.41073219e+00]], Action: [[1. 1. 1.]], Reward: [3.202366],Reward_sum: 287.2408142089844, Done: [False]
==========
t: 114, State: [[ 1.40730242e+00  1.38557836e+00  9.11326324e-02 -4.76185123e-01
   1.89223779e-03  8.25393877e-01  2.15494169e+00 -5.02085187e-01
  -7.92702037e-01  9.98662101e-02 -2.76168907e-02 -1.21358771e+00]], Action: [[-1.         -0.06530097  0.6357271 ]], Reward: [3.2026973],Reward_sum: 290.4435119628906, Done: [False]
==========
t: 115, State: [[ 1.42493242e+00  1.38135938e+00  8.97388809e-02 -4.69625109e-01
   1.81652833e-03  8.16645322e-01  2.25194454e+00 -5.52794693e-01
   4.41427322e-01  1.53884811e+00  4.66452128e-03 -9.76121987e-01]], Action: [[1. 1. 1.]], Reward: [3.2007499],Reward_sum: 293.6442565917969, Done: [False]
==========
t: 116, State: [[ 1.44255106e+00  1.37644739e+00  8.82793646e-02 -4.63124274e-01
   1.69247935e-03  8.09621208e-01  2.15301999e+00 -6.74871657e-01
  -8.04905786e-01  8.80064075e-02 -3.55926271e-02 -7.82380549e-01]], Action: [[-1.         -0.10756966  0.5942848 ]], Reward: [3.200965],Reward_sum: 296.84521484375, Done: [False]
==========
t: 117, State: [[ 1.46016354e+00  1.37084544e+00  8.68021090e-02 -4.56658529e-01
   1.58653636e-03  8.04155354e-01  2.24940190e+00 -7.25610524e-01
   4.32410773e-01  1.52723652e+00  4.19467131e-03 -5.91346582e-01]], Action: [[1. 1. 1.]], Reward: [3.1985612],Reward_sum: 300.04376220703125, Done: [False]
==========
t: 118, State: [[ 1.47778667e+00  1.36456352e+00  8.55060378e-02 -4.50013661e-01
   1.53286208e-03  7.99961292e-01  2.15686453e+00 -8.44580396e-01
  -7.54081324e-01  1.35346365e-01 -1.48999845e-02 -4.60643217e-01]], Action: [[-0.957753    0.02735856  0.5868463 ]], Reward: [3.2016287],Reward_sum: 303.2453918457031, Done: [False]
==========
t: 119, State: [[ 1.49542114e+00  1.35760706e+00  8.44184427e-02 -4.43163228e-01
   1.54803110e-03  7.96815119e-01  2.25111926e+00 -8.94604098e-01
   4.79332880e-01  1.57599215e+00  1.47272988e-02 -3.32492914e-01]], Action: [[1. 1. 1.]], Reward: [3.2013087],Reward_sum: 306.44671630859375, Done: [False]
==========
t: 120, State: [[ 1.51318485e+00  1.35002792e+00  8.51321109e-02 -4.34208068e-01
   1.59510502e-03  7.94419519e-01  2.19017593e+00 -9.99905853e-01
  -2.99311133e-01  6.63648961e-01 -1.02546011e-03 -2.67155332e-01]], Action: [[-0.62508905  0.2550451   0.402336  ]], Reward: [3.219846],Reward_sum: 309.66656494140625, Done: [False]
==========
t: 121, State: [[ 1.53065523e+00  1.34170072e+00  8.21462574e-02 -4.29660217e-01
   1.70256318e-03  7.91320450e-01  2.17717071e+00 -1.08179546e+00
  -4.48361381e-01  4.73839859e-01  2.41848505e-02 -5.07168526e-01]], Action: [[-0.12804572  1.         -0.16918242]], Reward: [3.1827526],Reward_sum: 312.84930419921875, Done: [False]
==========
t: 122, State: [[ 1.54818179e+00  1.33273955e+00  8.00033248e-02 -4.24182786e-01
   1.92847474e-03  7.88137192e-01  2.20425707e+00 -1.15844519e+00
  -8.83745470e-02  8.95181865e-01  3.06905970e-02 -2.91987015e-01]], Action: [[0.29464328 1.         0.15339017]], Reward: [3.1897092],Reward_sum: 316.03900146484375, Done: [False]
==========
t: 123, State: [[ 1.56566837  1.32311543  0.07748327 -0.41916874  0.00217938  0.7847737
   2.16741465 -1.24750762 -0.5414602   0.35902165  0.03114266 -0.54852418]], Action: [[-0.36801904  0.9503331  -0.18295497]], Reward: [3.1847508],Reward_sum: 319.2237548828125, Done: [False]
==========
t: 124, State: [[ 1.58329903  1.31286901  0.07699032 -0.41174862  0.00240279  0.78251362
   2.24003384 -1.31436841  0.41713032  1.49471147  0.02481567 -0.01718901]], Action: [[0.78869575 1.         0.37479573]], Reward: [3.2020698],Reward_sum: 322.4258117675781, Done: [False]
==========
t: 125, State: [[ 1.60101499  1.30206957  0.07814882 -0.40232189  0.00252018  0.77756019
   2.18924214 -1.3853534  -0.12609851  0.86251432  0.0065639  -1.21977926]], Action: [[-0.43620867  0.5658834  -0.84617496]], Reward: [3.2132676],Reward_sum: 325.6390686035156, Done: [False]
==========
t: 126, State: [[ 1.61816726  1.29053039  0.07224708 -0.40123874  0.00262518  0.76769252
   2.09885386 -1.4995265  -1.34871073 -0.58982793  0.01783447 -1.24700744]], Action: [[-1.          1.         -0.03025218]], Reward: [3.1420338],Reward_sum: 328.7810974121094, Done: [False]
==========
t: 127, State: [[ 1.6353489   1.27821637  0.0663404  -0.40017803  0.00274057  0.76342577
   2.19645366 -1.57879591 -0.12913114  0.85324381  0.01148441  0.17858466]], Action: [[1. 1. 1.]], Reward: [3.1447046],Reward_sum: 331.92584228515625, Done: [False]
==========
t: 128, State: [[ 1.65283963  1.2653658   0.06483275 -0.39391491  0.0028513   0.75914004
   2.1761681  -1.63386502 -0.24794085  0.71277169  0.01531897 -1.24827586]], Action: [[-0.09900015  1.         -1.        ]], Reward: [3.184331],Reward_sum: 335.11016845703125, Done: [False]
==========
t: 129, State: [[ 1.66987565  1.25187622  0.05794923 -0.39401252  0.00298559  0.74725021
   2.08291446 -1.73872641 -1.47197207 -0.73534706  0.01750906 -1.72357026]], Action: [[-1.          1.         -0.34514362]], Reward: [3.127384],Reward_sum: 338.237548828125, Done: [False]
==========
t: 130, State: [[ 1.68692093  1.23765167  0.05102229 -0.39410259  0.0029882   0.7391882
   2.17860583 -1.81726073 -0.25947585  0.71073572 -0.01282614 -0.2938141 ]], Action: [[1.      0.57244 1.     ]], Reward: [3.1283324],Reward_sum: 341.3658752441406, Done: [False]
==========
t: 131, State: [[ 1.70433654e+00  1.22291817e+00  4.94029867e-02 -3.87896587e-01
   2.95017878e-03  7.31128327e-01  2.17511220e+00 -1.86612846e+00
  -1.46199898e-01  8.40779737e-01  1.53796239e-03 -1.71938964e+00]], Action: [[ 0.08778019  1.         -1.        ]], Reward: [3.174943],Reward_sum: 344.5408020019531, Done: [False]
==========
t: 132, State: [[ 1.72135282  1.20761242  0.04334159 -0.38696367  0.00300165  0.71341919
   2.07898542 -1.96035933 -1.36857451 -0.6056671   0.01002771 -2.70663877]], Action: [[-1.         0.9706353 -0.706629 ]], Reward: [3.1245942],Reward_sum: 347.6654052734375, Done: [False]
==========
t: 133, State: [[ 1.73832749  1.19172948  0.03726654 -0.38599032  0.00298211  0.69225741
   2.16476632 -2.01033077 -0.15031103  0.84699311 -0.01192803 -2.58411646]], Action: [[1.         0.6251056  0.07861639]], Reward: [3.1204371],Reward_sum: 350.78582763671875, Done: [False]
==========
t: 134, State: [[ 1.75525089e+00  1.17530567e+00  3.11785616e-02 -3.84999293e-01
   2.96827180e-03  6.65979297e-01  2.06598206e+00 -2.09555260e+00
  -1.37186010e+00 -5.97215727e-01  6.11975249e-03 -3.98361793e+00]], Action: [[-1.  1. -1.]], Reward: [3.1124249],Reward_sum: 353.89825439453125, Done: [False]
==========
t: 135, State: [[ 1.77231656e+00  1.15836798e+00  2.54762508e-02 -3.84129640e-01
   2.70029342e-03  6.34519959e-01  2.31834799e+00 -2.11915727e+00
   1.92360732e-01  7.09731022e-01 -1.93397463e-01 -4.17669189e+00]], Action: [[1.         0.5439858  0.14385039]], Reward: [3.1318922],Reward_sum: 357.0301818847656, Done: [False]
==========
t: 136, State: [[ 1.79216378e+00  1.14131677e+00  2.60808521e-02 -3.85739016e-01
   1.60642432e-03  5.91661668e-01  2.60370527e+00 -2.14617338e+00
  -1.36198577e-01 -1.07403534e+00 -8.66955210e-02 -6.44028662e+00]], Action: [[-1.  1. -1.]], Reward: [3.4779024],Reward_sum: 360.5080871582031, Done: [False]
==========
t: 137, State: [[ 1.81412964e+00  1.12423619e+00  3.02554197e-02 -3.91384668e-01
   7.54212363e-04  5.32365397e-01  2.86998998e+00 -2.12857554e+00
   1.14540535e+00 -3.23015286e-01 -9.05539882e-02 -8.33566558e+00]], Action: [[ 0.64208037  0.33295128 -1.        ]], Reward: [3.7442086],Reward_sum: 364.2522888183594, Done: [False]
==========
t: 138, State: [[ 1.83712838e+00  1.10723180e+00  3.57177900e-02 -4.00105485e-01
   5.22567632e-04  4.60417850e-01  2.84722654e+00 -1.93560657e+00
   2.25323219e-01 -1.82688503e+00  4.04278275e-02 -8.87480073e+00]], Action: [[-1.  1. -1.]], Reward: [3.8718426],Reward_sum: 368.1241149902344, Done: [False]
==========
t: 139, State: [[ 1.86006814e+00  1.09508320e+00  4.25592781e-02 -4.10018592e-01
   1.00758389e-03  3.96653678e-01  2.88913129e+00 -1.11998379e+00
   1.46436799e+00 -6.52337618e-01  6.79952048e-02 -7.14668199e+00]], Action: [[ 0.7850426   0.51072276 -1.        ]], Reward: [3.8655927],Reward_sum: 371.9897155761719, Done: [False]
==========
t: 140, State: [[ 1.88267230e+00  1.08876005e+00  4.99403808e-02 -4.20829985e-01
   1.67025772e-03  3.44942410e-01  2.76215860e+00 -4.80842607e-01
   3.66667998e-01 -2.04789076e+00  9.13888601e-02 -5.86039565e+00]], Action: [[-1.  1. -1.]], Reward: [3.8225198],Reward_sum: 375.8122253417969, Done: [False]
==========
t: 141, State: [[ 1.90467023e+00  1.08719255e+00  5.34310715e-02 -4.36788906e-01
   2.37817683e-03  3.01557324e-01  2.73848592e+00  6.99195048e-02
   4.96571638e-01 -1.94262878e+00  8.33087699e-02 -5.05966033e+00]], Action: [[ 0.03575171  1.         -1.        ]], Reward: [3.7477405],Reward_sum: 379.5599670410156, Done: [False]
==========
t: 142, State: [[ 1.92609815e+00  1.08946757e+00  5.25580830e-02 -4.57885865e-01
   3.00208711e-03  2.62988863e-01  2.61855358e+00  4.81884599e-01
  -7.22641020e-01 -3.32997801e+00  7.13502634e-02 -4.64537156e+00]], Action: [[-1.  1. -1.]], Reward: [3.6754904],Reward_sum: 383.2354736328125, Done: [False]
==========
t: 143, State: [[ 1.94719334e+00  1.09486719e+00  4.97192578e-02 -4.80858345e-01
   3.38502033e-03  2.26162845e-01  2.65629157e+00  8.54537139e-01
   7.65745171e-03 -2.41542301e+00  2.81118777e-02 -4.61447164e+00]], Action: [[ 0.5956396  0.5584582 -1.       ]], Reward: [3.6352315],Reward_sum: 386.8706970214844, Done: [False]
==========
t: 144, State: [[ 1.96796158e+00  1.10272256e+00  4.45858468e-02 -5.05729166e-01
   3.55087548e-03  1.88558375e-01  2.53472652e+00  1.09777718e+00
  -1.29764367e+00 -3.79981378e+00  1.41647809e-02 -4.82710383e+00]], Action: [[-1.         0.6473757 -1.       ]], Reward: [3.5936115],Reward_sum: 390.46429443359375, Done: [False]
==========
t: 145, State: [[ 1.98845377e+00  1.11252857e+00  3.75694738e-02 -5.31706784e-01
   3.66129502e-03  1.48174319e-01  2.58821321e+00  1.34629905e+00
  -4.63482071e-01 -2.69600149e+00  1.28471207e-02 -5.30057602e+00]], Action: [[ 0.72815174  1.         -1.        ]], Reward: [3.5589929],Reward_sum: 394.0233154296875, Done: [False]
==========
t: 146, State: [[ 2.00863512e+00  1.12387676e+00  2.83651531e-02 -5.58785869e-01
   3.78682821e-03  1.03497686e-01  2.45511252e+00  1.48385559e+00
  -1.84511896e+00 -4.07034910e+00  1.73364192e-02 -5.88997371e+00]], Action: [[-1.  1. -1.]], Reward: [3.519669],Reward_sum: 397.54296875, Done: [False]
==========
t: 147, State: [[ 2.02846292e+00  1.13648821e+00  1.67573443e-02 -5.86750713e-01
   3.88964557e-03  5.34614069e-02  2.50145163e+00  1.66570686e+00
  -1.06298691e+00 -2.92210980e+00  8.97272631e-03 -6.63521878e+00]], Action: [[ 0.75260884  1.         -1.        ]], Reward: [3.4759078],Reward_sum: 401.01885986328125, Done: [False]
==========
t: 148, State: [[ 2.04853300e+00  1.15043408e+00  9.92861649e-03 -6.07065368e-01
   3.94435549e-03 -2.84378469e-03  2.51519749e+00  1.81835178e+00
  -6.50235166e-01 -2.15673288e+00  4.99122125e-03 -7.45105281e+00]], Action: [[ 0.48843688  1.         -1.        ]], Reward: [3.5065224],Reward_sum: 404.525390625, Done: [False]
==========
t: 149, State: [[ 2.06846073e+00  1.16544674e+00  3.67640162e-03 -6.24185173e-01
   3.98424939e-03 -6.58268621e-02  2.46542988e+00  1.93272453e+00
  -9.18154141e-01 -2.12209646e+00  4.86496382e-03 -8.30078757e+00]], Action: [[-0.02406751  1.         -1.        ]], Reward: [3.4889653],Reward_sum: 408.01434326171875, Done: [False]
==========
t: 150, State: [[ 2.08837581e+00  1.18151707e+00 -2.22873771e-04 -6.35782295e-01
   4.00192018e-03 -1.35841763e-01  2.51304387e+00  2.08365225e+00
  -5.96072562e-02 -7.78665137e-01  8.60862495e-05 -9.20722083e+00]], Action: [[ 0.891245  1.       -1.      ]], Reward: [3.4865906],Reward_sum: 411.5009765625, Done: [False]
==========
t: 151, State: [[ 2.10851403e+00  1.19869574e+00  9.97207241e-04 -6.38592721e-01
   3.99902410e-03 -2.13154386e-01  2.52081413e+00  2.20960036e+00
   3.62088189e-01  7.56370821e-02 -7.07897536e-04 -1.00000000e+01]], Action: [[ 0.5539832  1.        -1.       ]], Reward: [3.5149708],Reward_sum: 415.01593017578125, Done: [False]
==========
t: 152, State: [[ 2.12799567e+00  1.21652498e+00 -2.25363070e-03 -6.43447410e-01
   4.02380179e-03 -2.97662892e-01  2.34766487e+00  2.24551200e+00
  -1.17788205e+00 -1.28591039e+00  5.98007467e-03 -1.00000000e+01]], Action: [[-1.  1. -1.]], Reward: [3.4322047],Reward_sum: 418.4481201171875, Done: [False]
==========
t: 153, State: [[ 2.14695120e+00  1.23500285e+00 -7.86724496e-03 -6.47703994e-01
   4.04212233e-03 -3.89575986e-01  2.39027085e+00  2.37156673e+00
  -2.26874813e-01  2.20412709e-01 -6.43875947e-04 -1.00000000e+01]], Action: [[ 1.  1. -1.]], Reward: [3.366441],Reward_sum: 421.8145751953125, Done: [False]
==========
t: 154, State: [[ 2.16563511e+00  1.25417442e+00 -1.25821540e-02 -6.47599163e-01
   4.05056427e-03 -4.89110471e-01  2.28012203e+00  2.41978364e+00
  -9.51144803e-01 -1.93336239e-01  2.30196836e-03 -1.00000000e+01]], Action: [[-0.3397714  1.        -1.       ]], Reward: [3.3333733],Reward_sum: 425.14794921875, Done: [False]
==========
t: 155, State: [[ 2.18402109e+00  1.27395686e+00 -1.63656663e-02 -6.43134726e-01
   4.04518877e-03 -5.96374954e-01  2.31594939e+00  2.52299715e+00
   6.97008260e-03  1.30758506e+00 -3.04969817e-03 -1.00000000e+01]], Action: [[ 1.  1. -1.]], Reward: [3.295248],Reward_sum: 428.4432373046875, Done: [False]
==========
t: 156, State: [[ 2.20187367e+00  1.29387066e+00 -2.20717504e-02 -6.38207869e-01
   4.03455363e-03 -7.12236146e-01  2.15472686e+00  2.43043970e+00
  -1.39346817e+00 -8.19697391e-02 -1.71021980e-03 -1.00000000e+01]], Action: [[-1.  1. -1.]], Reward: [3.2285717],Reward_sum: 431.67181396484375, Done: [False]
==========
t: 157, State: [[ 2.21953299e+00  1.31301515e+00 -2.81250272e-02 -6.33137994e-01
   3.95329648e-03 -8.28078247e-01  2.30903190e+00  2.29071561e+00
   3.81557859e-02  1.30207527e+00 -2.37382407e-02 -1.00000000e+01]], Action: [[ 1.  1. -1.]], Reward: [3.2044156],Reward_sum: 434.876220703125, Done: [False]
==========
t: 158, State: [[ 2.23805464e+00  1.33007669e+00 -3.11753310e-02 -6.28930429e-01
   3.74410327e-03 -8.83858084e-01  2.31185276e+00  1.99377827e+00
  -8.35684805e-01 -2.39056138e-01 -2.56352852e-02 -3.83743432e+00]], Action: [[-1.  1. -1.]], Reward: [3.3122065],Reward_sum: 438.18841552734375, Done: [False]
==========
t: 159, State: [[ 2.25665727  1.34527569 -0.03887379 -0.63326928  0.00355686 -0.89858296
   2.33199469  1.81530257 -1.11072545 -0.83850398 -0.02011995 -0.26883453]], Action: [[-0.38162675  1.         -0.9766123 ]], Reward: [3.3232286],Reward_sum: 441.5116271972656, Done: [False]
==========
t: 160, State: [[ 2.27588365  1.35955674 -0.04234523 -0.63436037  0.00340126 -0.89288679
   2.47025394  1.76019594  0.22841454  0.56787705 -0.01787415  1.44836428]], Action: [[1.         1.         0.77738434]], Reward: [3.4006944],Reward_sum: 444.9123229980469, Done: [False]
==========
t: 161, State: [[ 2.29575926e+00  1.37341454e+00 -3.82536696e-02 -6.25992950e-01
   3.45888282e-04 -8.75424892e-01  2.49837908e+00  1.70374916e+00
   7.93712748e-01  1.52297984e+00 -7.44854811e-01  2.91516769e+00]], Action: [[ 0.63992006 -0.42567155  1.        ]], Reward: [3.4828603],Reward_sum: 448.3951721191406, Done: [False]
==========
t: 162, State: [[ 2.31609901e+00  1.38660471e+00 -2.97487478e-02 -6.12858637e-01
  -3.67365347e-03 -8.46529290e-01  2.58620419e+00  1.59335843e+00
   1.33144883e+00  1.76058970e+00 -2.60264026e-01  4.30689117e+00]], Action: [[0.21969934 0.4372053  1.        ]], Reward: [3.5412295],Reward_sum: 451.9364013671875, Done: [False]
==========
t: 163, State: [[ 2.33685791e+00  1.39884564e+00 -1.93413126e-02 -5.99807016e-01
  -5.15240358e-03 -8.06431085e-01  2.60321618e+00  1.46667240e+00
   1.27000120e+00  1.50285155e+00 -1.09241722e-01  5.71569227e+00]], Action: [[-0.14833747  0.15436098  1.        ]], Reward: [3.5938158],Reward_sum: 455.53021240234375, Done: [False]
==========
t: 164, State: [[ 2.35767245e+00  1.41005458e+00 -1.00642892e-02 -5.89325564e-01
  -5.77724384e-03 -7.55080076e-01  2.60007590e+00  1.33538509e+00
   1.04887967e+00  1.11824352e+00 -4.66155386e-02  7.12000202e+00]], Action: [[-0.2451893  0.0782735  1.       ]], Reward: [3.6007512],Reward_sum: 459.1309509277344, Done: [False]
==========
t: 165, State: [[ 2.37841667e+00  1.42020035e+00 -2.89957681e-03 -5.82200634e-01
  -6.04539362e-03 -6.92530753e-01  2.58557514e+00  1.20084960e+00
   7.41808886e-01  6.63876528e-01 -1.99427191e-02  8.51517948e+00]], Action: [[-0.29962015  0.04458657  1.        ]], Reward: [3.5919356],Reward_sum: 462.722900390625, Done: [False]
==========
t: 166, State: [[ 2.39900711e+00  1.42911480e+00  1.77371560e-04 -5.81779422e-01
  -3.88705309e-03 -6.19344287e-01  2.56146740e+00  1.02743807e+00
   2.71822380e-02 -5.56548404e-01  5.59438512e-01  9.77934732e+00]], Action: [[-0.80451363  0.40514305  0.9335879 ]], Reward: [3.572122],Reward_sum: 466.2950134277344, Done: [False]
==========
t: 167, State: [[ 2.41988212e+00  1.43712986e+00  5.23533202e-03 -5.80445495e-01
   1.39067600e-04 -5.38076949e-01  2.65589640e+00  9.76047882e-01
   1.23050599e+00  8.89609847e-01  4.37791671e-01  1.00000000e+01]], Action: [[1.         0.03367117 0.58713496]], Reward: [3.608031],Reward_sum: 469.9030456542969, Done: [False]
==========
t: 168, State: [[ 2.44053146e+00  1.44452549e+00  9.49274325e-03 -5.78774233e-01
   2.57143853e-03 -4.57879628e-01  2.50913334e+00  8.73341646e-01
  -1.54712646e-01 -4.72756440e-01  1.91550765e-01  9.51266986e+00]], Action: [[-0.9775304  0.2045145 -0.6764154]], Reward: [3.5797124],Reward_sum: 473.4827575683594, Done: [False]
==========
t: 169, State: [[ 2.46086673e+00  1.45132875e+00  1.24803438e-02 -5.76640784e-01
   2.11909997e-03 -3.77800378e-01  2.57424127e+00  8.27159083e-01
   8.99095174e-01  1.00465723e+00 -3.03308541e-01  1.00000000e+01]], Action: [[ 1.         -0.24743381  0.7342429 ]], Reward: [3.5403085],Reward_sum: 477.0230712890625, Done: [False]
==========
t: 170, State: [[ 2.48103973e+00  1.45745266e+00  1.47917696e-02 -5.74375574e-01
   4.12348289e-04 -2.96063203e-01  2.46827050e+00  7.04773532e-01
  -3.25224937e-01 -4.35620550e-01 -1.38662265e-01  9.93030935e+00]], Action: [[-1.          0.11532822 -0.34870124]], Reward: [3.52049],Reward_sum: 480.5435485839844, Done: [False]
==========
t: 171, State: [[ 2.50123895e+00  1.46288643e+00  1.73607795e-02 -5.72150794e-01
  -8.55343976e-05 -2.14450224e-01  2.58412806e+00  6.52516019e-01
   9.79542852e-01  9.87177821e-01  5.16391905e-02  1.00000000e+01]], Action: [[1.         0.29338732 0.44750595]], Reward: [3.523616],Reward_sum: 484.0671691894531, Done: [False]
==========
t: 172, State: [[ 2.52144600e+00  1.46767956e+00  2.00746202e-02 -5.69975014e-01
   5.65285612e-04 -1.34393203e-01  2.46446336e+00  5.47588581e-01
  -3.17143020e-01 -4.37883254e-01  6.36589221e-02  9.54793048e+00]], Action: [[-1.          0.04633418 -0.5964811 ]], Reward: [3.5245242],Reward_sum: 487.5917053222656, Done: [False]
==========
t: 173, State: [[ 2.54154382e+00  1.47190458e+00  2.23573738e-02 -5.67690989e-01
   9.35662473e-04 -5.66227346e-02  2.55981972e+00  5.08548890e-01
   8.86092300e-01  1.00721828e+00  3.09164221e-02  9.89422628e+00]], Action: [[1.         0.3464032  0.30078653]], Reward: [3.5110166],Reward_sum: 491.10272216796875, Done: [False]
==========
t: 174, State: [[ 2.56154256e+00  1.47557879e+00  2.42164620e-02 -5.65337900e-01
   1.09973749e-03  1.84792944e-02  2.44070295e+00  4.10297927e-01
  -4.17361598e-01 -4.17934035e-01  1.20110843e-02  8.88261416e+00]], Action: [[-1.         0.1360701 -0.6636392]], Reward: [3.4983835],Reward_sum: 494.6011047363281, Done: [False]
==========
t: 175, State: [[ 2.58146278e+00  1.47870762e+00  2.57441052e-02 -5.62906751e-01
   1.18881038e-03  9.09256327e-02  2.53904077e+00  3.71898420e-01
   7.96823721e-01  1.02420312e+00  1.02259585e-02  9.22862539e+00]], Action: [[1.         0.53720355 0.29677874]], Reward: [3.4886503],Reward_sum: 498.0897521972656, Done: [False]
==========
t: 176, State: [[ 2.60131423e+00  1.48129424e+00  2.69503416e-02 -5.60436506e-01
   1.23965007e-03  1.60751383e-01  2.42447437e+00  2.74902594e-01
  -4.91809488e-01 -4.05453121e-01  3.20433266e-03  8.22914031e+00]], Action: [[-1.          0.20422414 -0.6587403 ]], Reward: [3.4799557],Reward_sum: 501.5697021484375, Done: [False]
==========
t: 177, State: [[ 2.62111391e+00  1.48331543e+00  2.79055183e-02 -5.57914454e-01
   1.27289276e-03  2.29011059e-01  2.52508095e+00  2.30485395e-01
   7.27779922e-01  1.03451532e+00  4.81451578e-03  8.83508927e+00]], Action: [[1.         0.54548144 0.47418976]], Reward: [3.4734378],Reward_sum: 505.04315185546875, Done: [False]
==========
t: 178, State: [[ 2.64086563e+00  1.48477805e+00  2.85989260e-02 -5.55373472e-01
   1.29847042e-03  2.95568015e-01  2.41340256e+00  1.35184125e-01
  -5.51129032e-01 -3.97995312e-01  1.84608237e-03  7.80549770e+00]], Action: [[-1.         0.2490842 -0.6820283]], Reward: [3.4674377],Reward_sum: 508.5105895996094, Done: [False]
==========
t: 179, State: [[ 2.66058088e+00  1.48566044e+00  2.90763096e-02 -5.52795071e-01
   1.30511740e-03  3.61435147e-01  2.51508452e+00  8.56226830e-02
   6.67610000e-01  1.04112006e+00  6.64913079e-05  8.66025295e+00]], Action: [[1.         0.47694322 0.6452986 ]], Reward: [3.4627626],Reward_sum: 511.9733581542969, Done: [False]
==========
t: 180, State: [[ 2.68026263e+00  1.48596681e+00  2.93235908e-02 -5.50211205e-01
   1.30343870e-03  4.26561111e-01  2.40582933e+00 -9.13619473e-03
  -6.02585937e-01 -3.93814255e-01 -4.54101042e-04  7.62256893e+00]], Action: [[-1.          0.25221503 -0.6886828 ]], Reward: [3.4586806],Reward_sum: 515.4320068359375, Done: [False]
==========
t: 181, State: [[ 2.69991874e+00  1.48567961e+00  2.93672830e-02 -5.47599287e-01
   1.26409871e-03  4.91867021e-01  2.50797256e+00 -6.23132241e-02
   6.10788280e-01  1.04523736e+00 -8.18413376e-03  8.70256728e+00]], Action: [[1.         0.32179502 0.8013749 ]], Reward: [3.4552686],Reward_sum: 518.8873291015625, Done: [False]
==========
t: 182, State: [[ 2.71955231e+00  1.48480525e+00  2.91938766e-02 -5.44991271e-01
   1.21306853e-03  5.57230785e-01  2.40081814e+00 -1.56498710e-01
  -6.51040621e-01 -3.91828124e-01 -4.88511906e-03  7.63971864e+00]], Action: [[-1.          0.21681106 -0.7060522 ]], Reward: [3.4526508],Reward_sum: 522.3399658203125, Done: [False]
==========
t: 183, State: [[ 2.73916024e+00  1.48333948e+00  2.87772359e-02 -5.42352604e-01
   1.01115772e-03  6.23232286e-01  2.50097197e+00 -2.09421105e-01
   5.43963442e-01  1.04992453e+00 -4.47185688e-02  8.85918137e+00]], Action: [[1.         0.08542505 0.89768195]], Reward: [3.4491777],Reward_sum: 525.7891235351562, Done: [False]
==========
t: 184, State: [[ 2.75875229e+00  1.48129060e+00  2.81392283e-02 -5.39722565e-01
   7.79053923e-04  6.89592052e-01  2.39720018e+00 -3.03109774e-01
  -7.01221427e-01 -3.90771796e-01 -1.59857910e-02  7.73225610e+00]], Action: [[-1.          0.20507726 -0.7494517 ]], Reward: [3.4474025],Reward_sum: 529.2365112304688, Done: [False]
==========
t: 185, State: [[ 2.77823404e+00  1.47869093e+00  2.68100563e-02 -5.36968462e-01
  -7.84012932e-04  7.56536265e-01  2.47313938e+00 -3.46252674e-01
   3.66401834e-01  1.07759200e+00 -3.73687229e-01  9.00223754e+00]], Action: [[ 1.         -0.14821902  0.9237795 ]], Reward: [3.4333436],Reward_sum: 532.6698608398438, Done: [False]
==========
t: 186, State: [[ 2.79809780e+00  1.47561820e+00  2.81963677e-02 -5.32981863e-01
   1.78721960e-03  8.17061034e-01  2.45648929e+00 -3.93028373e-01
  -1.66757621e-01 -4.20535750e-02  6.09304971e-01  5.17043284e+00]], Action: [[-0.72840035  1.         -1.        ]], Reward: [3.48044],Reward_sum: 536.1502685546875, Done: [False]
==========
t: 187, State: [[ 2.81764425e+00  1.47280479e+00  2.97796396e-02 -5.27045079e-01
   1.33475587e-03  8.43067435e-01  2.43077650e+00 -3.19182392e-01
   5.56612118e-01  1.52393760e+00 -7.35780464e-01  1.70493471e+00]], Action: [[ 1. -1.  1.]], Reward: [3.4403052],Reward_sum: 539.590576171875, Done: [False]
==========
t: 188, State: [[ 2.83708600e+00  1.46986989e+00  3.22834767e-02 -5.19403609e-01
  -2.95371057e-04  8.48411862e-01  2.44531659e+00 -4.22584501e-01
   1.39965532e-01  3.71425330e-01  5.14303660e-01 -1.69835114e-01]], Action: [[-0.72655624  1.         -1.        ]], Reward: [3.4276907],Reward_sum: 543.018310546875, Done: [False]
==========
t: 189, State: [[ 2.85656658e+00  1.46655330e+00  3.61154776e-02 -5.10179386e-01
  -1.98097592e-03  8.43853414e-01  2.42485654e+00 -4.09364565e-01
   8.15206891e-01  1.93269709e+00 -9.37964553e-01 -8.62776266e-01]], Action: [[ 1. -1.  1.]], Reward: [3.4320726],Reward_sum: 546.4503784179688, Done: [False]
==========
t: 190, State: [[ 2.87572178  1.46275426  0.03845558 -0.50070145 -0.00748975  0.83571701
   2.36441857 -0.54095165 -0.23018075  0.43840064 -0.44220867 -1.11142672]], Action: [[-1.          0.26833037  0.40225524]], Reward: [3.3931668],Reward_sum: 549.843505859375, Done: [False]
==========
t: 191, State: [[ 2.89517344  1.45804975  0.04024511 -0.49571891 -0.00571246  0.82687385
   2.49832339 -0.63593702  0.67624785  0.80693672  0.88404759 -1.07496342]], Action: [[0.33427376 1.         1.        ]], Reward: [3.4293451],Reward_sum: 553.2728271484375, Done: [False]
==========
t: 192, State: [[ 2.91443385  1.45259416  0.03943347 -0.49390737 -0.0037407   0.81878781
   2.3170992  -0.72794542 -0.87777564 -0.35283349 -0.39006364 -0.93798014]], Action: [[-0.8736854 -1.         1.       ]], Reward: [3.4047885],Reward_sum: 556.6776123046875, Done: [False]
==========
t: 193, State: [[ 2.93373803e+00  1.44650384e+00  3.91955498e-02 -4.91363644e-01
  -1.87520752e-03  8.11916169e-01  2.50862594e+00 -7.94936641e-01
   8.16545885e-01  9.87325175e-01  8.55044067e-01 -7.78384085e-01]], Action: [[1. 1. 1.]], Reward: [3.4100227],Reward_sum: 560.087646484375, Done: [False]
==========
t: 194, State: [[ 2.95303984e+00  1.43975271e+00  3.89017995e-02 -4.88849947e-01
  -8.18148076e-05  8.06340977e-01  2.31714395e+00 -8.92540966e-01
  -8.88170445e-01 -3.57456582e-01 -4.05252899e-01 -6.18224642e-01]], Action: [[-1. -1.  1.]], Reward: [3.409726],Reward_sum: 563.4974365234375, Done: [False]
==========
t: 195, State: [[ 2.97230255e+00  1.43235562e+00  3.83920927e-02 -4.86299148e-01
   1.15701469e-03  8.01931171e-01  2.47370209e+00 -9.49578970e-01
   6.38888737e-01  1.02015983e+00  3.95640518e-01 -4.86444096e-01]], Action: [[1.         1.         0.91165066]], Reward: [3.4050078],Reward_sum: 566.9024047851562, Done: [False]
==========
t: 196, State: [[ 2.99162181e+00  1.42436643e+00  3.89880351e-02 -4.82095292e-01
   1.73092524e-03  7.98501810e-01  2.35631158e+00 -1.04744709e+00
  -4.88608727e-01  3.18925071e-02 -2.51363187e-01 -3.74417544e-01]], Action: [[-0.7172266 -0.5299288  0.8649036]], Reward: [3.4133642],Reward_sum: 570.3157958984375, Done: [False]
==========
t: 197, State: [[ 3.01090471e+00  1.41581497e+00  4.02521849e-02 -4.76127341e-01
   4.56190382e-04  7.95880357e-01  2.46312237e+00 -1.09038547e+00
   7.98160938e-01  1.45959296e+00 -8.07430394e-02 -2.84219436e-01]], Action: [[1.        0.9128846 0.8795378]], Reward: [3.4077554],Reward_sum: 573.7235107421875, Done: [False]
==========
t: 198, State: [[ 3.03035574e+00  1.40668139e+00  4.32572163e-02 -4.68632407e-01
   1.77162501e-04  7.91810863e-01  2.39920748e+00 -1.19246929e+00
  -4.89579469e-02  4.15995418e-01  2.78455803e-03 -7.32241687e-01]], Action: [[-0.7130255   0.42009285 -0.31668144]], Reward: [3.4305942],Reward_sum: 577.1541137695312, Done: [False]
==========
t: 199, State: [[ 3.04987004e+00  1.39691882e+00  4.68183249e-02 -4.60796351e-01
   4.93405940e-04  7.87195346e-01  2.47817341e+00 -1.24834087e+00
   9.33351610e-01  1.54280387e+00  6.36939723e-02 -4.21548564e-01]], Action: [[0.78734905 0.8674569  0.22016728]], Reward: [3.4378664],Reward_sum: 580.592041015625, Done: [False]
==========
Hopper - Steps: 200, Return: 580.592041015625, State: [[ 3.04987004e+00  1.39691882e+00  4.68183249e-02 -4.60796351e-01
   4.93405940e-04  7.87195346e-01  2.47817341e+00 -1.24834087e+00
   9.33351610e-01  1.54280387e+00  6.36939723e-02 -4.21548564e-01]]
Starting:   0%|          | 0/200 [00:00<?, ?it/s]