2025-05-13 02:50:56.438513: E external/local_xla/xla/stream_executor/cuda/cuda_fft.cc:477] Unable to register cuFFT factory: Attempting to register factory for plugin cuFFT when one has already been registered
WARNING: All log messages before absl::InitializeLog() is called are written to STDERR
E0000 00:00:1747104656.490651    4965 cuda_dnn.cc:8310] Unable to register cuDNN factory: Attempting to register factory for plugin cuDNN when one has already been registered
E0000 00:00:1747104656.505896    4965 cuda_blas.cc:1418] Unable to register cuBLAS factory: Attempting to register factory for plugin cuBLAS when one has already been registered
E0513 02:51:37.041260    4965 cuda_dnn.cc:534] Could not create cudnn handle: CUDNN_STATUS_INTERNAL_ERROR
E0513 02:51:37.041358    4965 cuda_dnn.cc:538] Memory usage: 983040 bytes free, 16928342016 bytes total.
E0513 02:51:37.082636    4965 cuda_dnn.cc:534] Could not create cudnn handle: CUDNN_STATUS_INTERNAL_ERROR
E0513 02:51:37.083989    4965 cuda_dnn.cc:538] Memory usage: 983040 bytes free, 16928342016 bytes total.
E0513 02:51:38.892625    4965 cuda_dnn.cc:534] Could not create cudnn handle: CUDNN_STATUS_INTERNAL_ERROR
E0513 02:51:38.894082    4965 cuda_dnn.cc:538] Memory usage: 983040 bytes free, 16928342016 bytes total.
/home/ohowell_theaiinstitute_com/miniconda3/envs/torch123/lib/python3.10/site-packages/gymnasium/envs/registration.py:521: UserWarning: [33mWARN: Using the latest versioned environment `Hopper-v4` instead of the unversioned environment `Hopper`.[0m
  logger.warn(
[CudaDevice(id=0), CudaDevice(id=1), CudaDevice(id=2), CudaDevice(id=3)]
Using AIRL:  False
Using GAIL:  False
Using RGCL:  True
Experiment State @  2025-05-12 21:51:37.109536-05:00
Experiment Saved @  results/experiment_125
Experiment Settings Saved @  results/experiment_125
125
Using cuda device
Wrapping the env with a `Monitor` wrapper
Wrapping the env in a DummyVecEnv.
Wrapping the env with a `Monitor` wrapper
Wrapping the env in a DummyVecEnv.
t: 0, State: [[ 0.00347024  1.24953796 -0.00414392 -0.00714417 -0.00377852  0.00860035
  -0.01467541 -0.10353127 -0.75876122 -0.97999738  0.05237486  1.44535059]], Action: [[-0.65340346  0.03440514  1.        ]], Reward: [0.99266475],Reward_sum: 0.9926647543907166, Done: [False]
==========
t: 1, State: [[ 3.95250130e-03  1.24824364e+00 -4.40018844e-03 -9.40924044e-03
  -1.39325780e-03  2.56496973e-02  1.34961413e-01 -2.20024552e-01
   6.92566945e-01  4.12226997e-01  5.43864143e-01  2.81533183e+00]], Action: [[1.        0.5100523 1.       ]], Reward: [1.0580227],Reward_sum: 2.050687551498413, Done: [False]
==========
t: 2, State: [[ 4.66600857e-03  1.24609678e+00 -2.01385652e-03 -7.61441279e-03
  -1.45050303e-03  5.40872040e-02  4.34485945e-02 -3.16522844e-01
  -9.55060008e-02  3.69173152e-02 -5.56767967e-01  4.29200846e+00]], Action: [[-0.30950215 -0.79151404  1.        ]], Reward: [1.0874661],Reward_sum: 3.138153553009033, Done: [False]
==========
t: 3, State: [[ 5.27905221e-03  1.24312955e+00  7.46516999e-04 -2.78364081e-03
  -6.89097822e-03  9.40066958e-02  1.09549048e-01 -4.25477248e-01
   7.83728948e-01  1.16957778e+00 -8.02427593e-01  5.68602375e+00]], Action: [[ 0.7792511  -0.06511435  1.        ]], Reward: [1.075019],Reward_sum: 4.213172435760498, Done: [False]
==========
t: 4, State: [[ 6.10341169e-03  1.23929445e+00  3.60677639e-03  1.82268452e-03
  -1.22128740e-02  1.45061917e-01  9.63199034e-02 -5.32919522e-01
  -6.86588307e-02 -1.62632118e-02 -5.27863197e-01  7.07589826e+00]], Action: [[-0.78118664  0.17820093  1.        ]], Reward: [1.1014029],Reward_sum: 5.3145751953125, Done: [False]
==========
t: 5, State: [[ 6.97998378e-03  1.23459779e+00  2.28437371e-03  1.29843531e-04
  -1.53820100e-02  2.07146907e-01  1.30655956e-01 -6.20207944e-01
  -2.56411918e-01 -4.12511816e-01 -2.88562593e-01  8.40077546e+00]], Action: [[-0.24108814  0.2170271   1.        ]], Reward: [1.1084663],Reward_sum: 6.423041343688965, Done: [False]
==========
t: 6, State: [[ 9.36665801e-03  1.23116832e+00  6.06706687e-03  1.01552706e-03
  -1.74903371e-02  2.75565084e-01  4.45315909e-01 -2.41981775e-01
   9.55567940e-01  3.60898647e-01 -1.94664638e-01  8.72726846e+00]], Action: [[1.         0.58573616 1.        ]], Reward: [1.2959912],Reward_sum: 7.719032287597656, Done: [False]
==========
t: 7, State: [[ 1.31352553e-02  1.23053448e+00  8.75343941e-03 -2.29080298e-03
  -2.03998245e-02  3.45133384e-01  4.91593795e-01  7.39197836e-02
  -2.90792004e-01 -1.18103879e+00 -5.16382164e-01  8.68922381e+00]], Action: [[-1.         -0.04638639  0.52125114]], Reward: [1.4698008],Reward_sum: 9.188834190368652, Done: [False]
==========
t: 8, State: [[ 1.82018493e-02  1.23227331e+00  1.26525394e-02 -6.56767387e-03
  -2.29994099e-02  4.14902771e-01  7.73243592e-01  3.53634299e-01
   1.26418713e+00  1.11639529e-01 -1.27247097e-01  8.76745129e+00]], Action: [[1.         0.682955   0.65042007]], Reward: [1.6314348],Reward_sum: 10.820268630981445, Done: [False]
==========
t: 9, State: [[ 0.02450001  1.23587037  0.01900216 -0.01187109 -0.02071742  0.47738073
   0.79676809  0.53076694  0.32399559 -1.43214648  0.71147589  6.88373109]], Action: [[-1.         0.5865161 -1.       ]], Reward: [1.7849267],Reward_sum: 12.605195045471191, Done: [False]
==========
t: 10, State: [[ 0.03152293  1.24072478  0.02628161 -0.01768363 -0.01675408  0.53509378
   0.95847406  0.67707065  1.49763233 -0.02252542  0.28295698  7.55252103]], Action: [[ 1.         -0.01481152  0.83018094]], Reward: [1.8761755],Reward_sum: 14.48137092590332, Done: [False]
==========
t: 11, State: [[ 0.03915491  1.24644013  0.03443446 -0.02394235 -0.01107417  0.58878594
   0.94599598  0.73962523  0.54223558 -1.53779967  1.14649514  5.89426292]], Action: [[-1.         0.5326948 -1.       ]], Reward: [1.951713],Reward_sum: 16.43308448791504, Done: [False]
==========
t: 12, State: [[ 4.70411099e-02  1.25255524e+00  4.24276586e-02 -3.02840131e-02
  -6.05055248e-03  6.40471866e-01  1.02577302e+00  7.86063406e-01
   1.45793898e+00 -4.98510608e-02  1.11067643e-01  7.02931040e+00]], Action: [[ 1.         -0.52005816  1.        ]], Reward: [1.9835049],Reward_sum: 18.416589736938477, Done: [False]
==========
t: 13, State: [[ 5.51624946e-02  1.25880445e+00  5.04590657e-02 -3.67423237e-02
  -1.20333057e-03  6.90523761e-01  1.00201473e+00  7.67475778e-01
   5.51460610e-01 -1.56118785e+00  1.10609531e+00  5.49960848e+00]], Action: [[-1.          0.58907604 -1.        ]], Reward: [2.012826],Reward_sum: 20.42941665649414, Done: [False]
==========
t: 14, State: [[ 6.34058757e-02  1.26486686e+00  5.84441465e-02 -4.32026700e-02
   3.27926935e-03  7.39496996e-01  1.05962858e+00  7.47171230e-01
   1.44633948e+00 -5.65732248e-02  1.42277195e-02  6.74127590e+00]], Action: [[ 1.        -0.5922756  1.       ]], Reward: [2.0280719],Reward_sum: 22.457489013671875, Done: [False]
==========
t: 15, State: [[ 7.13805357e-02  1.27072344e+00  6.47329716e-02 -4.92963899e-02
   3.30583784e-03  7.87791947e-01  9.31217423e-01  7.20663722e-01
   1.24567521e-01 -1.46262123e+00 -4.67162805e-03  5.21132150e+00]], Action: [[-1.          0.55612576 -1.        ]], Reward: [1.9945232],Reward_sum: 24.452009201049805, Done: [False]
==========
t: 16, State: [[ 0.07878495  1.27652588  0.07018934 -0.05482584  0.00311064  0.81581783
   0.9271294   0.7219663   1.24663041  0.07208382 -0.03977216  2.11322745]], Action: [[1.         0.07610431 0.98271275]], Reward: [1.9235802],Reward_sum: 26.37558937072754, Done: [False]
==========
t: 17, State: [[ 0.08564232  1.2822588   0.07478183 -0.05984043  0.00272879  0.82551476
   0.79173333  0.70649077 -0.09147456 -1.32788151 -0.05323146  0.49361203]], Action: [[-1.         -0.09767735  1.        ]], Reward: [1.8551621],Reward_sum: 28.230751037597656, Done: [False]
==========
t: 18, State: [[ 0.09207444  1.28768288  0.07735981 -0.06610958  0.00194214  0.82591758
   0.82070994  0.6438315   0.74275088 -0.24485355 -0.15783428 -0.2906343 ]], Action: [[ 0.7217724  -0.05218217  1.        ]], Reward: [1.8024913],Reward_sum: 30.03324317932129, Done: [False]
==========
t: 19, State: [[ 0.09792659  1.29261007  0.0766058  -0.0734559  -0.00423611  0.82209729
   0.64288069  0.58620894 -0.93094158 -1.59045904 -1.38770928 -0.60951532]], Action: [[-1. -1.  1.]], Reward: [1.7285186],Reward_sum: 31.761762619018555, Done: [False]
==========
t: 20, State: [[ 0.10367143  1.29688794  0.07425985 -0.08283599 -0.0101419   0.81678217
   0.79350924  0.48365434  0.34253851 -0.75564984 -0.09122854 -0.69088017]], Action: [[0.64064837 1.         1.        ]], Reward: [1.7156944],Reward_sum: 33.477455139160156, Done: [False]
==========
t: 21, State: [[ 0.10979322  1.30040043  0.07248582 -0.09476563 -0.00989157  0.81136803
   0.73699435  0.39352549 -0.78497245 -2.22496256  0.15286519 -0.65015923]], Action: [[-1.         0.0964013  1.       ]], Reward: [1.763215],Reward_sum: 35.24066925048828, Done: [False]
==========
t: 22, State: [[ 0.11596682  1.30321959  0.0710089  -0.10664629 -0.00905286  0.80650367
   0.80646493  0.31188427  0.41424389 -0.74708388  0.05690607 -0.56159012]], Action: [[1.        0.0181255 1.       ]], Reward: [1.7696987],Reward_sum: 37.01036834716797, Done: [False]
==========
t: 23, State: [[ 0.12192264  1.30539375  0.06854417 -0.11822174 -0.01101812  0.80242081
   0.68249377  0.23084609 -1.0288278  -2.14506499 -0.54769299 -0.45921745]], Action: [[-1.         -0.52582645  1.        ]], Reward: [1.7422009],Reward_sum: 38.75257110595703, Done: [False]
==========
t: 24, State: [[ 0.12808887  1.30683993  0.06710531 -0.12991932 -0.01042554  0.79912213
   0.85894511  0.13125984  0.66740877 -0.7809145   0.69463124 -0.36679516]], Action: [[1. 1. 1.]], Reward: [1.767779],Reward_sum: 40.52035140991211, Done: [False]
==========
t: 25, State: [[ 0.13431312  1.30759727  0.06633975 -0.14095528 -0.00956434  0.79654153
   0.6971907   0.05774561 -0.85713575 -1.97666498 -0.47802355 -0.28118921]], Action: [[-0.89431363 -0.93236136  1.        ]], Reward: [1.7753618],Reward_sum: 42.295711517333984, Done: [False]
==========
t: 26, State: [[ 0.14059709  1.30766887  0.06627521 -0.15131067 -0.00841126  0.79455931
   0.873656   -0.03948921  0.83928116 -0.61375636  0.76511499 -0.21639745]], Action: [[1. 1. 1.]], Reward: [1.7824968],Reward_sum: 44.078208923339844, Done: [False]
==========
t: 27, State: [[ 0.14688073  1.30705963  0.06629222 -0.16154278 -0.00730756  0.79306663
   0.69734655 -0.11308101 -0.83320104 -1.94270692 -0.48781773 -0.159408  ]], Action: [[-0.9901156 -1.         1.       ]], Reward: [1.7824745],Reward_sum: 45.86068344116211, Done: [False]
==========
t: 28, State: [[ 0.15316621  1.3057715   0.06642329 -0.17162773 -0.00622765  0.79195129
   0.87388398 -0.20862373  0.86421804 -0.58011029  0.75659939 -0.12084503]], Action: [[1. 1. 1.]], Reward: [1.7826846],Reward_sum: 47.643367767333984, Done: [False]
==========
t: 29, State: [[ 0.15946212  1.303809    0.06686194 -0.18131473 -0.00521034  0.79113138
   0.70019689 -0.28219969 -0.75280212 -1.8401653  -0.50091863 -0.08604884]], Action: [[-0.9431156 -1.         1.       ]], Reward: [1.7840997],Reward_sum: 49.427467346191406, Done: [False]
==========
t: 30, State: [[ 0.16577103  1.30117409  0.06763769 -0.19058291 -0.0042309   0.79052853
   0.87689341 -0.37629153  0.94495827 -0.47845867  0.74455508 -0.06539815]], Action: [[1. 1. 1.]], Reward: [1.7856143],Reward_sum: 51.21308135986328, Done: [False]
==========
t: 31, State: [[ 0.17213721  1.29787937  0.06953814 -0.19844406 -0.00338709  0.79009327
   0.7147864  -0.44736007 -0.46833921 -1.48568873 -0.53221804 -0.04472826]], Action: [[-0.7699234 -1.         1.       ]], Reward: [1.79318],Reward_sum: 53.006263732910156, Done: [False]
==========
t: 32, State: [[ 0.1784521   1.29390202  0.07070829 -0.20721275 -0.00247196  0.78977632
   0.86377762 -0.54696239  0.75965269 -0.70732276  0.75964466 -0.03477332]], Action: [[0.6029107 1.        1.       ]], Reward: [1.7869966],Reward_sum: 54.79325866699219, Done: [False]
==========
t: 33, State: [[ 1.84680385e-01  1.28923364e+00  7.06030534e-02 -2.17551575e-01
  -1.45652006e-03  7.89551639e-01  6.93388203e-01 -6.20382420e-01
  -7.84325589e-01 -1.87602058e+00 -5.04461517e-01 -2.23184873e-02]], Action: [[-0.8817487 -1.         1.       ]], Reward: [1.7757587],Reward_sum: 56.56901550292969, Done: [False]
==========
t: 34, State: [[ 1.90936921e-01  1.28390042e+00  7.11330679e-02 -2.27107096e-01
  -5.00803182e-04  7.89387822e-01  8.70630680e-01 -7.12667494e-01
   9.15026831e-01 -5.14453319e-01  7.42141000e-01 -1.85792045e-02]], Action: [[1. 1. 1.]], Reward: [1.7790669],Reward_sum: 58.34808349609375, Done: [False]
==========
t: 35, State: [[ 1.97236518e-01  1.27790938e+00  7.25733958e-02 -2.35525435e-01
   3.45549789e-04  7.89273781e-01  7.04391402e-01 -7.85141791e-01
  -5.53387848e-01 -1.58889999e+00 -5.29212049e-01 -1.06198806e-02]], Action: [[-0.81650245 -1.          1.        ]], Reward: [1.784783],Reward_sum: 60.13286590576172, Done: [False]
==========
t: 36, State: [[ 2.03364311e-01  1.27122412e+00  7.18426984e-02 -2.46346807e-01
   8.53311900e-04  7.89191324e-01  8.09384469e-01 -8.81476095e-01
   2.83839051e-01 -1.09752672e+00  4.24342634e-01 -9.34313217e-03]], Action: [[0.38514322 1.         1.        ]], Reward: [1.7638258],Reward_sum: 61.896690368652344, Done: [False]
==========
t: 37, State: [[ 0.21006731  1.26393228  0.07859812 -0.24918099  0.00306916  0.78912944
   0.86852252 -0.94212202  1.41386505  0.38479891  0.1576724  -0.0063742 ]], Action: [[1.         0.05318168 1.        ]], Reward: [1.835872],Reward_sum: 63.73256301879883, Done: [False]
==========
t: 38, State: [[ 2.16296004e-01  1.25609577e+00  8.31439754e-02 -2.51505511e-01
  -6.59017302e-04  7.89096839e-01  6.88758002e-01 -1.01701187e+00
  -2.75487863e-01 -9.64348578e-01 -1.08840922e+00 -2.22959750e-03]], Action: [[-1. -1.  1.]], Reward: [1.7755867],Reward_sum: 65.50814819335938, Done: [False]
==========
t: 39, State: [[ 0.22193783  1.24742599  0.0782841  -0.26549822 -0.00344045  0.78907055
   0.72144961 -1.15109623 -0.93839859 -2.53164033  0.39124199 -0.00401591]], Action: [[-1.  1.  1.]], Reward: [1.7022283],Reward_sum: 67.21037292480469, Done: [False]
==========
t: 40, State: [[ 2.27995423e-01  1.23796563e+00  7.55543872e-02 -2.79822514e-01
  -8.04137320e-04  7.89043548e-01  7.93106848e-01 -1.21319098e+00
   2.54518607e-01 -1.05138349e+00  2.68151481e-01 -2.79961400e-03]], Action: [[ 1.        -0.0036816  1.       ]], Reward: [1.7551991],Reward_sum: 68.96556854248047, Done: [False]
==========
t: 41, State: [[ 2.34486578e-01  1.22805924e+00  8.16506445e-02 -2.82197747e-01
  -9.69856057e-04  7.89027777e-01  8.29730071e-01 -1.26340692e+00
   1.26818260e+00  4.55647774e-01 -3.08796887e-01 -1.29141402e-03]], Action: [[ 1.         -0.33886757  1.        ]], Reward: [1.8092796],Reward_sum: 70.77484893798828, Done: [False]
==========
t: 42, State: [[ 2.40399087e-01  1.21764152e+00  8.50315921e-02 -2.83954281e-01
  -8.41808452e-03  7.89028504e-01  6.48391424e-01 -1.34141671e+00
  -4.20981423e-01 -8.93144974e-01 -1.55194515e+00  1.13329209e-03]], Action: [[-1. -1.  1.]], Reward: [1.7360636],Reward_sum: 72.51091003417969, Done: [False]
==========
t: 43, State: [[ 2.45733323e-01  1.20636839e+00  7.93794796e-02 -2.96923690e-01
  -1.49282944e-02  7.89024304e-01  6.85016819e-01 -1.47715257e+00
  -9.91134556e-01 -2.34720133e+00 -7.73816882e-02 -1.77592919e-03]], Action: [[-0.92268044  1.          1.        ]], Reward: [1.6639282],Reward_sum: 74.17483520507812, Done: [False]
==========
t: 44, State: [[ 0.25179575  1.19424072  0.07760773 -0.31009288 -0.01233912  0.78900628
   0.83060655 -1.554256    0.54652975 -0.94683426  0.72393581 -0.00255707]], Action: [[1.        0.6738676 1.       ]], Reward: [1.7553489],Reward_sum: 75.93018341064453, Done: [False]
==========
t: 45, State: [[ 2.57983694e-01  1.18157593e+00  7.95715786e-02 -3.17661390e-01
  -1.19762520e-02  7.89000784e-01  7.20461601e-01 -1.59864592e+00
  -6.59938150e-02 -9.46777989e-01 -6.32253058e-01  4.33519895e-04]], Action: [[-0.0827459 -1.         1.       ]], Reward: [1.7714865],Reward_sum: 77.70166778564453, Done: [False]
==========
t: 46, State: [[ 0.26466242  1.16947553  0.07796552 -0.32940349 -0.01216218  0.7889374
   0.9520545  -1.43325225 -0.32218528 -1.99079457  0.57265961 -0.01458063]], Action: [[-0.57397634  1.          1.        ]], Reward: [1.8325113],Reward_sum: 79.5341796875, Done: [False]
==========
t: 47, State: [[ 0.27264506  1.1589455   0.07752708 -0.33922728 -0.01398268  0.7888323
   1.04141102 -1.20590411  0.21571335 -0.466191   -1.02411953 -0.01150564]], Action: [[ 1. -1.  1.]], Reward: [1.9948304],Reward_sum: 81.52902221679688, Done: [False]
==========
t: 48, State: [[ 0.28171235  1.14960895  0.07645548 -0.34963275 -0.01718249  0.78871758
   1.22435994 -1.13430647 -0.47713998 -2.133       0.22108389 -0.01613176]], Action: [[-1.  1.  1.]], Reward: [2.130411],Reward_sum: 83.65943145751953, Done: [False]
==========
t: 49, State: [[ 0.29182697  1.14117184  0.07514157 -0.36059913 -0.02140732  0.78862288
   1.30049953 -0.98079492  0.1484146  -0.60819542 -1.26947811 -0.00785845]], Action: [[ 1.        -0.9288802  1.       ]], Reward: [2.261465],Reward_sum: 85.9208984375, Done: [False]
==========
t: 50, State: [[ 0.3028348   1.13335032  0.07366161 -0.37206566 -0.026421    0.78845778
   1.44982929 -0.97979763 -0.51374059 -2.25567613  0.01468301 -0.02982446]], Action: [[-1.          1.          0.57681394]], Reward: [2.373646],Reward_sum: 88.29454803466797, Done: [False]
==========
t: 51, State: [[ 0.31474292  1.12588352  0.07260912 -0.38405645 -0.03113338  0.78831184
   1.52375726 -0.89125124  0.24963441 -0.74170905 -1.1853555  -0.00857011]], Action: [[ 1.         -0.73025024  1.        ]], Reward: [2.4859807],Reward_sum: 90.78052520751953, Done: [False]
==========
t: 52, State: [[ 0.3273355   1.11856555  0.07197646 -0.3964546  -0.03509426  0.78613145
   1.62207956 -0.94302743 -0.40438248 -2.3544828   0.19534727 -0.53179721]], Action: [[-1.          1.         -0.20991254]], Reward: [2.572029],Reward_sum: 93.35255432128906, Done: [False]
==========
t: 53, State: [[ 0.34072634  1.11114582  0.07231876 -0.40935858 -0.03775365  0.78573883
   1.72769185 -0.91373533  0.49153161 -0.87518899 -0.86577892  0.49660672]], Action: [[ 1.         -0.56313837  1.        ]], Reward: [2.6715379],Reward_sum: 96.02409362792969, Done: [False]
==========
t: 54, State: [[ 0.35466475  1.10353653  0.07286043 -0.42256541 -0.04093948  0.78756735
   1.75408072 -0.99261574 -0.35422339 -2.42273166  0.07165813 -0.03346971]], Action: [[-1.          0.63618326 -0.27634203]], Reward: [2.74082],Reward_sum: 98.7649154663086, Done: [False]
==========
t: 55, State: [[ 0.36882423  1.0956635   0.0732117  -0.43577921 -0.04485994  0.78747327
   1.78375627 -0.977344    0.44053299 -0.8812694  -1.04623862  0.00537146]], Action: [[ 1.         -0.71708584  1.        ]], Reward: [2.7674208],Reward_sum: 101.53233337402344, Done: [False]
==========
t: 56, State: [[ 0.38321305  1.08740321  0.07413594 -0.44909813 -0.04717023  0.78265667
   1.81113121 -1.09112645 -0.20720182 -2.44502643  0.46910147 -1.20439934]], Action: [[-1.         1.        -0.7929369]], Reward: [2.7959735],Reward_sum: 104.32830810546875, Done: [False]
==========
t: 57, State: [[ 0.39784579  1.07861183  0.07588173 -0.46252353 -0.04763588  0.77503213
   1.84738915 -1.10657547  0.64298681 -0.91354155 -0.58441878 -0.70235409]], Action: [[ 1.        -0.647987   0.3574453]], Reward: [2.8275452],Reward_sum: 107.15585327148438, Done: [False]
==========
t: 58, State: [[ 0.41215877  1.06938752  0.07582352 -0.47548986 -0.05298433  0.76593694
   1.73042041 -1.20098388 -0.65469641 -2.32612031 -0.75305368 -1.57082283]], Action: [[-1.         -0.2406809  -0.62082887]], Reward: [2.7876792],Reward_sum: 109.94353485107422, Done: [False]
==========
t: 59, State: [[ 0.42633518  1.0593433   0.07183633 -0.49561578 -0.05331349  0.74989122
   1.81349091 -1.31025855 -0.34220342 -2.70470358  0.66907578 -2.43952095]], Action: [[-0.19667582  1.         -0.57558537]], Reward: [2.7706816],Reward_sum: 112.71421813964844, Done: [False]
==========
t: 60, State: [[ 0.44104956  1.04878513  0.07334885 -0.51121574 -0.04985611  0.72719568
   1.86557219 -1.32842797  0.71828858 -1.19744157  0.1960091  -3.23333401]], Action: [[ 1.         -0.28321025 -0.57583284]], Reward: [2.8378854],Reward_sum: 115.5521011352539, Done: [False]
==========
t: 61, State: [[ 0.45600763  1.03762683  0.07653544 -0.52699952 -0.04214784  0.6954761
   1.87311101 -1.46221268  0.07925138 -2.74597145  1.72943764 -4.69497736]], Action: [[-1.  1. -1.]], Reward: [2.8667588],Reward_sum: 118.41886138916016, Done: [False]
==========
t: 62, State: [[ 0.47117062  1.02592983  0.08125899 -0.54289114 -0.03053346  0.65239446
   1.91823717 -1.46091898  1.0987054  -1.22907967  1.17531674 -6.0737311 ]], Action: [[ 1.        -0.3571513 -1.       ]], Reward: [2.8932462],Reward_sum: 121.3121109008789, Done: [False]
==========
t: 63, State: [[ 0.48679891  1.01489673  0.0883093  -0.55909305 -0.01367501  0.60288987
   2.00458983 -1.22759955  0.72099535 -2.83019643  3.11764396 -6.00773648]], Action: [[-1.  1. -1.]], Reward: [2.9505363],Reward_sum: 124.26264953613281, Done: [False]
==========
t: 64, State: [[ 0.50310139  1.00717852  0.0975389  -0.57553342  0.00690023  0.5572833
   2.05375589 -0.69457262  1.48181601 -1.26093819  1.79460891 -5.39815667]], Action: [[ 1. -1. -1.]], Reward: [3.03481],Reward_sum: 127.2974624633789, Done: [False]
==========
t: 65, State: [[ 0.5189073   1.00332745  0.10244257 -0.5908819   0.01625826  0.51599101
   1.90639727 -0.28148956 -0.21076208 -2.58456592  0.66356669 -4.97015548]], Action: [[-1.          0.24386218 -1.        ]], Reward: [2.9736793],Reward_sum: 130.27114868164062, Done: [False]
==========
t: 66, State: [[ 0.5345789   1.00276889  0.1047384  -0.60552357  0.01905223  0.47696964
   2.01644838  0.1303315   0.80784064 -1.08379055  0.09995512 -4.82520428]], Action: [[ 1.         0.8372593 -1.       ]], Reward: [2.9562483],Reward_sum: 133.22740173339844, Done: [False]
==========
t: 67, State: [[ 0.55035111  1.00493655  0.10566171 -0.61978722  0.0187146   0.4382861
   1.92791609  0.40247707 -0.56686134 -2.48258196 -0.15041948 -4.87897551]], Action: [[-1.  1. -1.]], Reward: [2.9685268],Reward_sum: 136.1959228515625, Done: [False]
==========
t: 68, State: [[ 0.56632777  1.00939467  0.10576123 -0.6337892   0.01701035  0.39832464
   2.06743437  0.70510202  0.59524454 -1.02149918 -0.25632101 -5.13896567]], Action: [[ 1.  1. -1.]], Reward: [2.9940822],Reward_sum: 139.19000244140625, Done: [False]
==========
t: 69, State: [[ 0.58253513  1.0158005   0.10520098 -0.64761876  0.01487523  0.35577316
   1.98354729  0.89109388 -0.73671429 -2.43370828 -0.26893763 -5.51992859]], Action: [[-1.  1. -1.]], Reward: [3.0229204],Reward_sum: 142.21292114257812, Done: [False]
==========
t: 70, State: [[ 0.5988368   1.02386151  0.10251475 -0.66289101  0.01276732  0.30961866
   2.09176208  1.12059586  0.06201888 -1.3858312  -0.25332963 -6.03509097]], Action: [[ 0.7147046  1.        -1.       ]], Reward: [3.0351975],Reward_sum: 145.2481231689453, Done: [False]
==========
t: 71, State: [[ 0.61570112  1.03357448  0.10294248 -0.67344235  0.01088214  0.25902449
   2.12350369  1.30512101  0.04019137 -1.25143727 -0.21668921 -6.62509426]], Action: [[ 0.07856459  1.         -1.        ]], Reward: [3.106034],Reward_sum: 148.3541259765625, Done: [False]
==========
t: 72, State: [[ 0.63289324  1.0447435   0.10407868 -0.68176565  0.00930408  0.20344647
   2.17370295  1.48536271  0.23880957 -0.82909728 -0.17781755 -7.2778263 ]], Action: [[ 0.2780009  1.        -1.       ]], Reward: [3.1469376],Reward_sum: 151.50106811523438, Done: [False]
==========
t: 73, State: [[ 0.65020668  1.05722386  0.10396313 -0.68978793  0.00804149  0.14250004
   2.15340896  1.63339616 -0.27297602 -1.17484244 -0.13883178 -7.9648929 ]], Action: [[-0.26331192  1.         -1.        ]], Reward: [3.1621106],Reward_sum: 154.66317749023438, Done: [False]
==========
t: 74, State: [[ 6.67782968e-01  1.07101950e+00  1.04348922e-01 -6.95192100e-01
   7.04688703e-03  7.58533144e-02  2.23986558e+00  1.81434116e+00
   3.64950559e-01 -1.76715945e-01 -1.10334086e-01 -8.70170948e+00]], Action: [[ 0.67515045  1.         -1.        ]], Reward: [3.1945798],Reward_sum: 157.85775756835938, Done: [False]
==========
t: 75, State: [[ 6.85214816e-01  1.08594464e+00  1.01324611e-01 -7.02163343e-01
   6.29935985e-03  3.33676511e-03  2.11689357e+00  1.91539060e+00
  -1.12304582e+00 -1.56340785e+00 -7.83444882e-02 -9.43134503e+00]], Action: [[-1.  1. -1.]], Reward: [3.175981],Reward_sum: 161.0337371826172, Done: [False]
==========
t: 76, State: [[ 7.02560498e-01  1.10198348e+00  9.59379239e-02 -7.09206126e-01
   5.73137115e-03 -7.52825332e-02  2.21903700e+00  2.09291611e+00
  -2.25238441e-01 -1.98913204e-01 -6.37855727e-02 -1.00000000e+01]], Action: [[ 0.92235404  1.         -1.        ]], Reward: [3.1653595],Reward_sum: 164.1990966796875, Done: [False]
==========
t: 77, State: [[ 7.20475609e-01  1.11931892e+00  9.53150862e-02 -7.08077294e-01
   5.28444956e-03 -1.60353491e-01  2.25853134e+00  2.23915193e+00
   6.73917651e-02  4.81102578e-01 -4.85345026e-02 -1.00000000e+01]], Action: [[ 0.44658166  1.         -1.        ]], Reward: [3.2371895],Reward_sum: 167.436279296875, Done: [False]
==========
t: 78, State: [[ 7.37966970e-01  1.13751278e+00  8.97492658e-02 -7.09744274e-01
   4.97472554e-03 -2.51928427e-01  2.11195743e+00  2.30665415e+00
  -1.46172108e+00 -8.94368874e-01 -3.02943977e-02 -1.00000000e+01]], Action: [[-1.  1. -1.]], Reward: [3.1834202],Reward_sum: 170.6197052001953, Done: [False]
==========
t: 79, State: [[ 7.55178186e-01  1.15653892e+00  8.15780034e-02 -7.11307313e-01
   4.74280027e-03 -3.50333861e-01  2.18893343e+00  2.44684107e+00
  -5.82517746e-01  5.02828558e-01 -2.73951575e-02 -1.00000000e+01]], Action: [[ 0.9369422  1.        -1.       ]], Reward: [3.148524],Reward_sum: 173.76824951171875, Done: [False]
==========
t: 80, State: [[ 7.72306045e-01  1.17636705e+00  7.36149916e-02 -7.09491626e-01
   4.56633668e-03 -4.55916649e-01  2.09204719e+00  2.50775158e+00
  -1.40674098e+00 -4.78238003e-02 -1.75342558e-02 -1.00000000e+01]], Action: [[-0.42793703  1.         -1.        ]], Reward: [3.1387992],Reward_sum: 176.90704345703125, Done: [False]
==========
t: 81, State: [[ 7.89258181e-01  1.19685492e+00  6.56097180e-02 -7.04615879e-01
   4.42527621e-03 -5.68939626e-01  2.14546742e+00  2.60623196e+00
  -5.85522472e-01  1.26418896e+00 -1.78105872e-02 -1.00000000e+01]], Action: [[ 0.8774038  1.        -1.       ]], Reward: [3.1162472],Reward_sum: 180.02328491210938, Done: [False]
==========
t: 82, State: [[ 8.05780473e-01  1.21722893e+00  5.55525942e-02 -7.00094051e-01
   4.29766725e-03 -6.91347771e-01  1.98399444e+00  2.48546700e+00
  -1.92857271e+00 -1.31087706e-01 -1.41294668e-02 -1.00000000e+01]], Action: [[-1.  1. -1.]], Reward: [3.0622866],Reward_sum: 183.0855712890625, Done: [False]
==========
t: 83, State: [[ 8.21987597e-01  1.23691078e+00  4.49170595e-02 -6.95326848e-01
   4.14824541e-03 -8.19835104e-01  2.10503636e+00  2.36721213e+00
  -5.78270953e-01  1.28082833e+00 -2.89913102e-02 -1.00000000e+01]], Action: [[ 1.  1. -1.]], Reward: [3.0228906],Reward_sum: 186.10845947265625, Done: [False]
==========
t: 84, State: [[ 8.38808159e-01  1.25438455e+00  3.72897423e-02 -6.91318571e-01
   3.88701799e-03 -8.89344045e-01  2.09266545e+00  2.02561704e+00
  -1.37059122e+00 -2.67348260e-01 -3.26655450e-02 -4.93913880e+00]], Action: [[-1.  1. -1.]], Reward: [3.0995703],Reward_sum: 189.20802307128906, Done: [False]
==========
t: 85, State: [[ 0.8555017   1.26966387  0.02401992 -0.69763049  0.00365244 -0.90964135
   2.07419691  1.8059938  -1.97314037 -1.30215353 -0.02486983 -0.63892791]], Action: [[-0.68319005  1.         -1.        ]], Reward: [3.0842264],Reward_sum: 192.29225158691406, Done: [False]
==========
t: 86, State: [[ 0.87270408  1.28380022  0.01375925 -0.70244975  0.00346236 -0.90539411
   2.22208308  1.73520027 -0.60895345  0.09988768 -0.02164098  1.41411085]], Action: [[1.         1.         0.11900238]], Reward: [3.1482832],Reward_sum: 195.44053649902344, Done: [False]
==========
t: 87, State: [[ 8.90831515e-01  1.29741566e+00  1.24479522e-02 -6.97594422e-01
   2.56063990e-03 -8.88342025e-01  2.30944620e+00  1.66846269e+00
   2.79999191e-01  1.11290792e+00 -2.03228745e-01  2.84706557e+00]], Action: [[ 0.7145998  -0.01103517  1.        ]], Reward: [3.2644181],Reward_sum: 198.7049560546875, Done: [False]
==========
t: 88, State: [[ 9.09602700e-01  1.31038115e+00  1.71222697e-02 -6.86604099e-01
   1.41951949e-03 -8.59915335e-01  2.38197505e+00  1.57279652e+00
   8.82898793e-01  1.63536678e+00 -9.28977241e-02  4.25837369e+00]], Action: [[0.3928374  0.60602283 1.        ]], Reward: [3.3448765],Reward_sum: 202.04983520507812, Done: [False]
==========
t: 89, State: [[ 9.28756029e-01  1.32253771e+00  2.50060897e-02 -6.72791675e-01
   3.32692063e-04 -8.20172583e-01  2.40597129e+00  1.46596984e+00
   1.08730191e+00  1.81779873e+00 -1.78322244e-01  5.67531982e+00]], Action: [[0.14276291 0.00444272 1.        ]], Reward: [3.3931458],Reward_sum: 205.44297790527344, Done: [False]
==========
t: 90, State: [[ 9.47892065e-01  1.33384304e+00  3.31358280e-02 -6.58221752e-01
  -2.96308635e-03 -7.69038137e-01  2.37771180e+00  1.36009993e+00
   9.44755062e-01  1.82490368e+00 -6.44661256e-01  7.10617741e+00]], Action: [[-0.00519752 -0.2962565   1.        ]], Reward: [3.3909168],Reward_sum: 208.83389282226562, Done: [False]
==========
t: 91, State: [[ 0.96678289  1.34424569  0.03966412 -0.6444721  -0.00932632 -0.70653421
   2.3446241   1.24033059  0.68687322  1.61305259 -0.94527191  8.51761991]], Action: [[-0.1494311  -0.19018188  1.        ]], Reward: [3.360294],Reward_sum: 212.19418334960938, Done: [False]
==========
t: 92, State: [[ 0.98551533  1.35355319  0.04379609 -0.63449461 -0.01491524 -0.63389045
   2.33817469  1.08662173  0.34535795  0.88253933 -0.45191604  9.64154424]], Action: [[-0.46662176  0.36025992  0.8376505 ]], Reward: [3.3405063],Reward_sum: 215.53468322753906, Done: [False]
==========
t: 93, State: [[ 1.00413181  1.3615755   0.04410498 -0.63207144 -0.01551045 -0.55361479
   2.31561266  0.9189569  -0.26858886 -0.2749327   0.30276391 10.        ]], Action: [[-0.756991    0.51591563  0.61648214]], Reward: [3.3258402],Reward_sum: 218.8605194091797, Done: [False]
==========
t: 94, State: [[ 1.02302129  1.36873274  0.04663682 -0.62846483 -0.0138213  -0.46738863
   2.40619788  0.87000395  0.8989336   1.17524256  0.12053487 10.        ]], Action: [[ 1.         -0.02572545  0.55040514]], Reward: [3.3598819],Reward_sum: 222.22039794921875, Done: [False]
==========
t: 95, State: [[ 1.0418889   1.37518385  0.04987864 -0.62360432 -0.01253171 -0.37853113
   2.31107606  0.74336965 -0.08760285  0.04106437  0.20159156 10.        ]], Action: [[-0.79096913 -0.02373132  0.02431013]], Reward: [3.357824],Reward_sum: 225.5782470703125, Done: [False]
==========
t: 96, State: [[ 1.06064791e+00  1.38076806e+00  5.18958499e-02 -6.20722480e-01
  -9.78780913e-03 -2.86885488e-01  2.37814660e+00  6.52600724e-01
   5.89447645e-01  6.79099451e-01  4.84960118e-01  1.00000000e+01]], Action: [[0.46084806 0.26979193 0.5919469 ]], Reward: [3.3442416],Reward_sum: 228.9224853515625, Done: [False]
==========
t: 97, State: [[ 1.07947346e+00  1.38549796e+00  5.39627507e-02 -6.19041425e-01
  -4.15795730e-03 -1.93105863e-01  2.32845525e+00  5.30289572e-01
  -7.22229504e-02 -2.57774416e-01  9.21896097e-01  1.00000000e+01]], Action: [[-0.63479435  0.24994394 -0.06771626]], Reward: [3.3527234],Reward_sum: 232.27520751953125, Done: [False]
==========
t: 98, State: [[ 1.09843727e+00  1.38949509e+00  5.79185444e-02 -6.15268123e-01
   2.23087746e-03 -9.50019710e-02  2.40354634e+00  4.72173966e-01
   1.01541602e+00  1.20900477e+00  5.73002500e-01  1.00000000e+01]], Action: [[1.         0.01261207 0.96010923]], Reward: [3.3685539],Reward_sum: 235.64376831054688, Done: [False]
==========
t: 99, State: [[ 1.11708728e+00  1.39291476e+00  6.07844809e-02 -6.10391324e-01
   5.22830330e-03  5.64334167e-03  2.26294103e+00  3.82326999e-01
  -2.80887680e-01  7.60708960e-03  2.14035412e-01  1.00000000e+01]], Action: [[-0.8679158   0.18522331 -0.40964094]], Reward: [3.330296],Reward_sum: 238.97406005859375, Done: [False]
==========
t: 100, State: [[ 1.13550690e+00  1.39587081e+00  6.29290981e-02 -6.04472331e-01
   6.09256426e-03  1.04161482e-01  2.34347985e+00  3.56020833e-01
   8.23671974e-01  1.46860968e+00  2.43681996e-02  1.00000000e+01]], Action: [[1.         0.2618384  0.15567297]], Reward: [3.3013594],Reward_sum: 242.27542114257812, Done: [False]
==========
t: 101, State: [[ 1.15373544e+00  1.39831973e+00  6.41049508e-02 -5.98404570e-01
   5.84673585e-03  2.00515153e-01  2.21554980e+00  2.56221209e-01
  -5.21160789e-01  4.82434203e-02 -7.22340399e-02  1.00000000e+01]], Action: [[-1.         -0.13146886 -0.41026714]], Reward: [3.2773824],Reward_sum: 245.5528106689453, Done: [False]
==========
t: 102, State: [[ 1.17183535e+00  1.40027442e+00  6.46029797e-02 -5.92223359e-01
   5.14424441e-03  2.93997810e-01  2.30967320e+00  2.32315448e-01
   6.46100980e-01  1.49491898e+00 -9.76729012e-02  1.00000000e+01]], Action: [[1.         0.2853259  0.03117231]], Reward: [3.2614067],Reward_sum: 248.81422424316406, Done: [False]
==========
t: 103, State: [[ 1.18984697e+00  1.40175068e+00  6.45770659e-02 -5.85999412e-01
   4.37867754e-03  3.83817646e-01  2.19410136e+00  1.36819089e-01
  -6.48411662e-01  6.20561564e-02 -9.19902743e-02  1.00000000e+01]], Action: [[-1.          0.2335684  -0.54891217]], Reward: [3.250096],Reward_sum: 252.06431579589844, Done: [False]
==========
t: 104, State: [[ 1.20779412e+00  1.40274655e+00  6.41434078e-02 -5.79727977e-01
   3.68014846e-03  4.70143190e-01  2.29254687e+00  1.12154907e-01
   5.38645803e-01  1.50407324e+00 -8.16856305e-02  1.00000000e+01]], Action: [[1.         0.38190463 0.05343605]], Reward: [3.2422457],Reward_sum: 255.3065643310547, Done: [False]
==========
t: 105, State: [[ 1.22569235e+00  1.40327549e+00  6.33556843e-02 -5.73454361e-01
   3.14916698e-03  5.52330896e-01  2.18246565e+00  1.99950705e-02
  -7.32745490e-01  6.57165117e-02 -5.31438374e-02  9.76353034e+00]], Action: [[-1.         0.5164653 -0.6644491]], Reward: [3.2355697],Reward_sum: 258.5421447753906, Done: [False]
==========
t: 106, State: [[ 1.24354924e+00  1.40332748e+00  6.22642788e-02 -5.67157662e-01
   2.73186788e-03  6.30842525e-01  2.28160212e+00 -6.97510060e-03
   4.58530277e-01  1.50673776e+00 -5.01799380e-02  9.86429429e+00]], Action: [[1.         0.37390134 0.12535715]], Reward: [3.2309556],Reward_sum: 261.7731018066406, Done: [False]
==========
t: 107, State: [[ 1.26137184e+00  1.40290791e+00  6.08998516e-02 -5.60875628e-01
   2.45557120e-03  7.05194735e-01  2.17431192e+00 -9.81867226e-02
  -7.97179844e-01  6.53212281e-02 -2.17976124e-02  8.72533585e+00]], Action: [[-1.          0.64961183 -0.7520292 ]], Reward: [3.2258382],Reward_sum: 264.9989318847656, Done: [False]
==========
t: 108, State: [[ 1.27916744e+00  1.40197120e+00  5.92891139e-02 -5.54587009e-01
   2.22316569e-03  7.77337576e-01  2.27454679e+00 -1.35754570e-01
   3.93109534e-01  1.50504029e+00 -3.39039104e-02  9.30960931e+00]], Action: [[1.         0.26474658 0.45794636]], Reward: [3.2231696],Reward_sum: 268.22210693359375, Done: [False]
==========
t: 109, State: [[ 1.29691889e+00  1.40092435e+00  5.81968406e-02 -5.47486595e-01
   2.10618895e-03  8.28948171e-01  2.16449770e+00 -1.34924453e-01
  -6.61906841e-01  2.70150492e-01 -1.89594923e-04  3.91605042e+00]], Action: [[-0.8655204   0.73307395 -0.8037193 ]], Reward: [3.2169998],Reward_sum: 271.4391174316406, Done: [False]
==========
t: 110, State: [[ 1.31447084e+00  1.40001083e+00  5.73478864e-02 -5.39410286e-01
   8.31474198e-04  8.47490307e-01  2.22354635e+00 -1.00860945e-01
   4.43663679e-01  1.74700867e+00 -3.30622061e-01  1.03976415e+00]], Action: [[ 1.         -0.24142727  1.        ]], Reward: [3.191935],Reward_sum: 274.63104248046875, Done: [False]
==========
t: 111, State: [[ 1.33199747e+00  1.39878318e+00  5.69706655e-02 -5.31196130e-01
   3.26753917e-04  8.49183515e-01  2.15594871e+00 -2.08563250e-01
  -5.54128309e-01  3.11055824e-01  1.59816930e-01 -4.27311461e-01]], Action: [[-0.96566397  0.8183546  -0.26697066]], Reward: [3.1891546],Reward_sum: 277.8201904296875, Done: [False]
==========
t: 112, State: [[ 1.34960057e+00  1.39702536e+00  5.73567083e-02 -5.22917711e-01
   1.37858075e-03  8.43188184e-01  2.24471722e+00 -2.33243137e-01
   6.47961294e-01  1.75679149e+00  1.00744309e-01 -9.78568804e-01]], Action: [[1.        0.8705218 1.       ]], Reward: [3.19763],Reward_sum: 281.017822265625, Done: [False]
==========
t: 113, State: [[ 1.36709007e+00  1.39468817e+00  5.73029272e-02 -5.14605656e-01
   1.36331225e-03  8.34566783e-01  2.12811697e+00 -3.51611642e-01
  -6.60940585e-01  3.22742454e-01 -1.06304579e-01 -1.12839187e+00]], Action: [[-1.         -0.23917422  0.8117992 ]], Reward: [3.1844711],Reward_sum: 284.2023010253906, Done: [False]
==========
t: 114, State: [[ 1.38452543e+00  1.39170742e+00  5.70540314e-02 -5.06292580e-01
   8.99743928e-04  8.25710388e-01  2.22974040e+00 -3.94179237e-01
   5.93568087e-01  1.75466654e+00 -1.94515700e-02 -1.06483930e+00]], Action: [[1. 1. 1.]], Reward: [3.17642],Reward_sum: 287.37872314453125, Done: [False]
==========
t: 115, State: [[ 1.40194212e+00  1.38804890e+00  5.67322988e-02 -4.98044685e-01
   3.81201183e-04  8.17699501e-01  2.12479953e+00 -5.20227205e-01
  -6.72814728e-01  3.08895888e-01 -1.10537923e-01 -9.29362734e-01]], Action: [[-1.         -0.14676425  0.80438125]], Reward: [3.175418],Reward_sum: 290.55413818359375, Done: [False]
==========
t: 116, State: [[ 1.41936734e+00  1.38369767e+00  5.64770516e-02 -4.89860980e-01
   1.22393939e-04  8.10947805e-01  2.23001150e+00 -5.67602407e-01
   6.01894185e-01  1.73670977e+00  3.05751704e-02 -7.58833151e-01]], Action: [[1. 1. 1.]], Reward: [3.175152],Reward_sum: 293.7292785644531, Done: [False]
==========
t: 117, State: [[ 1.43678530e+00  1.37865679e+00  5.61872360e-02 -4.81752814e-01
  -8.67350252e-05  8.05486450e-01  2.12481443e+00 -6.92180684e-01
  -6.72951103e-01  2.91935688e-01 -8.27844459e-02 -6.08400564e-01]], Action: [[-1.         -0.16253957  0.80467016]], Reward: [3.1755712],Reward_sum: 296.90484619140625, Done: [False]
==========
t: 118, State: [[ 1.45429408e+00  1.37289976e+00  5.63652872e-02 -4.73796288e-01
   1.02558227e-03  8.01205749e-01  2.23493418e+00 -7.42079086e-01
   6.32088014e-01  1.71417223e+00  1.38209922e-01 -4.66083859e-01]], Action: [[1. 1. 1.]], Reward: [3.1855977],Reward_sum: 300.0904541015625, Done: [False]
==========
t: 119, State: [[ 1.47176385e+00  1.36647356e+00  5.63986754e-02 -4.65794154e-01
   1.71394700e-03  7.97916744e-01  2.13360929e+00 -8.64218192e-01
  -6.18516317e-01  2.87106833e-01  4.40993563e-02 -3.59454638e-01]], Action: [[-0.9862412  -0.02820411  0.8187426 ]], Reward: [3.1820774],Reward_sum: 303.27252197265625, Done: [False]
==========
t: 120, State: [[ 1.48919856e+00  1.35938198e+00  5.63304025e-02 -4.57722026e-01
   2.03446357e-03  7.95439274e-01  2.22472299e+00 -9.09006848e-01
   6.00080636e-01  1.72933624e+00  3.60526270e-02 -2.64342677e-01]], Action: [[1. 1. 1.]], Reward: [3.1763391],Reward_sum: 306.4488525390625, Done: [False]
==========
t: 121, State: [[ 1.50675087e+00  1.35168348e+00  5.80759907e-02 -4.47412909e-01
   2.16240258e-03  7.93502505e-01  2.16391872e+00 -1.01536447e+00
  -1.61205013e-01  8.48536098e-01  2.57234976e-04 -2.19412154e-01]], Action: [[-0.6040788   0.23928764  0.44136488]], Reward: [3.1934211],Reward_sum: 309.64227294921875, Done: [False]
==========
t: 122, State: [[ 1.52392736  1.34317293  0.05501714 -0.44275633  0.0022398   0.79183475
   2.13013087 -1.11221143 -0.60393773  0.31641313  0.01665159 -0.19521697]], Action: [[-0.36380416  0.97820544  0.03289784]], Reward: [3.145972],Reward_sum: 312.7882385253906, Done: [False]
==========
t: 123, State: [[ 1.54133032  1.33409073  0.05507972 -0.43444922  0.00238091  0.79058661
   2.22021047 -1.15864535  0.61796491  1.75883283  0.01799833 -0.12235897]], Action: [[1.    1.    0.885]], Reward: [3.1725864],Reward_sum: 315.9608154296875, Done: [False]
==========
t: 124, State: [[ 1.55889843  1.32445226  0.05771922 -0.42304639  0.00241768  0.78823068
   2.17222326 -1.25074393  0.04372655  1.09234468 -0.00577568 -0.46628824]], Action: [[-0.45587653  0.37018016 -0.24442717]], Reward: [3.195609],Reward_sum: 319.15643310546875, Done: [False]
==========
t: 125, State: [[ 1.57608107  1.31405318  0.05555038 -0.41728566  0.00236819  0.78404949
   2.1235911  -1.3489168  -0.58514383  0.34867026 -0.00635942 -0.5788578 ]], Action: [[-0.51014274  0.5820577  -0.08364116]], Reward: [3.1472232],Reward_sum: 322.30364990234375, Done: [False]
==========
t: 126, State: [[ 1.59338668  1.30298885  0.05494667 -0.40971181  0.00237705  0.78230478
   2.20244864 -1.41739594  0.43234053  1.5435856   0.00680613  0.14183758]], Action: [[0.83141595 1.         0.50832623]], Reward: [3.1612525],Reward_sum: 325.46490478515625, Done: [False]
==========
t: 127, State: [[ 1.61078849  1.29137271  0.05609507 -0.40008579  0.00241972  0.77773899
   2.14815639 -1.48644887 -0.14445191  0.86366702  0.00407625 -1.28155658]], Action: [[-0.46897215  0.6541742  -1.        ]], Reward: [3.1735775],Reward_sum: 328.63848876953125, Done: [False]
==========
t: 128, State: [[ 1.62761338  1.2790265   0.0500534  -0.39899214  0.00251828  0.76691378
   2.05806565 -1.60018381 -1.36550041 -0.58832173  0.01833516 -1.42446042]], Action: [[-1.          1.         -0.11162644]], Reward: [3.1010997],Reward_sum: 331.7396240234375, Done: [False]
==========
t: 129, State: [[ 1.64446753  1.26591455  0.0440091  -0.39791838  0.00262845  0.76123257
   2.15538934 -1.67763981 -0.14659818  0.85496907  0.00996466  0.00240655]], Action: [[1.         0.93027496 1.        ]], Reward: [3.1039026],Reward_sum: 334.843505859375, Done: [False]
==========
t: 130, State: [[ 1.66164718  1.25227808  0.04263101 -0.391328    0.002737    0.75554004
   2.13942722 -1.73149126 -0.19829809  0.79280009  0.01600858 -1.42378876]], Action: [[-0.04476934  1.         -1.        ]], Reward: [3.145455],Reward_sum: 337.98895263671875, Done: [False]
==========
t: 131, State: [[ 1.67838693  1.23801476  0.03614695 -0.39078416  0.00288311  0.7415424
   2.04557743 -1.8344706  -1.42188144 -0.65499729  0.01955802 -2.07478429]], Action: [[-1.          1.         -0.46926212]], Reward: [3.090248],Reward_sum: 341.0792236328125, Done: [False]
==========
t: 132, State: [[ 1.69513073  1.22303093  0.02960962 -0.39023129  0.00287483  0.73068136
   2.14063101 -1.91142314 -0.21177969  0.79104895 -0.01676964 -0.64240343]], Action: [[1.         0.43671072 1.        ]], Reward: [3.0907845],Reward_sum: 344.16998291015625, Done: [False]
==========
t: 133, State: [[ 1.71220874e+00  1.20752997e+00  2.79272716e-02 -3.83916579e-01
   2.82425226e-03  7.19844910e-01  2.12866374e+00 -1.96377462e+00
  -2.09793494e-01  7.87848117e-01  1.82354552e-03 -2.06492253e+00]], Action: [[-0.00379269  1.         -1.        ]], Reward: [3.1327507],Reward_sum: 347.302734375, Done: [False]
==========
t: 134, State: [[ 1.72884747e+00  1.19145955e+00  2.13628389e-02 -3.83399918e-01
   2.89280812e-03  6.98301817e-01  2.03098150e+00 -2.05386377e+00
  -1.43109186e+00 -6.56733611e-01  1.35314568e-02 -3.31925781e+00]], Action: [[-1.       1.      -0.89568]], Reward: [3.0770392],Reward_sum: 350.3797912597656, Done: [False]
==========
t: 135, State: [[ 1.74544049e+00  1.17482120e+00  1.47902371e-02 -3.82837492e-01
   2.91140842e-03  6.72843145e-01  2.11734128e+00 -2.10565377e+00
  -2.12247221e-01  7.95345973e-01 -6.30438771e-03 -3.04588499e+00]], Action: [[1.         0.6906351  0.18159121]], Reward: [3.0726178],Reward_sum: 353.452392578125, Done: [False]
==========
t: 136, State: [[ 1.76384184e+00  1.15792041e+00  1.24081462e-02 -3.83902373e-01
   2.78940930e-03  6.38445159e-01  2.46085741e+00 -2.11793883e+00
  -4.37246391e-01 -1.03913095e+00 -1.93959979e-02 -5.49257912e+00]], Action: [[-1.  1. -1.]], Reward: [3.2971685],Reward_sum: 356.74957275390625, Done: [False]
==========
t: 137, State: [[ 1.78494744e+00  1.14122122e+00  1.60489826e-02 -3.87324276e-01
   1.50260205e-03  5.86133939e-01  2.79451718e+00 -2.06156823e+00
   1.30675162e+00  2.00246666e-01 -2.51285383e-01 -7.52564467e+00]], Action: [[ 1.         0.2702434 -1.       ]], Reward: [3.636127],Reward_sum: 360.38568115234375, Done: [False]
==========
t: 138, State: [[ 1.80754708e+00  1.12451546e+00  2.31087040e-02 -3.92053786e-01
   2.55216575e-04  5.19068807e-01  2.83778433e+00 -2.11979033e+00
   4.20671053e-01 -1.36509042e+00 -6.90588633e-02 -9.20011734e+00]], Action: [[-1.         0.8856772 -1.       ]], Reward: [3.8221703],Reward_sum: 364.2078857421875, Done: [False]
==========
t: 139, State: [[ 1.83033973e+00  1.10812591e+00  2.58530167e-02 -4.05043825e-01
   3.10404121e-04  4.42316648e-01  2.83006012e+00 -1.74854919e+00
   2.84359173e-01 -1.85657604e+00  8.94678289e-02 -9.08356313e+00]], Action: [[-0.32993788  0.93153405 -1.        ]], Reward: [3.8471048],Reward_sum: 368.05499267578125, Done: [False]
==========
t: 140, State: [[ 1.85310781e+00  1.09751398e+00  3.33555553e-02 -4.14598652e-01
   1.08108238e-03  3.76833662e-01  2.86222694e+00 -9.25808123e-01
   1.57087910e+00 -5.32307231e-01  8.87890159e-02 -7.36960779e+00]], Action: [[ 0.8802749  0.3934777 -1.       ]], Reward: [3.844081],Reward_sum: 371.8990478515625, Done: [False]
==========
t: 141, State: [[ 1.87545737e+00  1.09273711e+00  4.14170570e-02 -4.24432378e-01
   1.85120456e-03  3.23228414e-01  2.72610333e+00 -2.89089121e-01
   4.33011882e-01 -1.92403750e+00  9.88070906e-02 -6.11281136e+00]], Action: [[-1.  1. -1.]], Reward: [3.7906942],Reward_sum: 375.68975830078125, Done: [False]
==========
t: 142, State: [[ 1.89700896e+00  1.09264767e+00  4.36031762e-02 -4.41370065e-01
   2.59410221e-03  2.77713370e-01  2.66309150e+00  2.47344325e-01
   1.05441446e-01 -2.31070077e+00  8.52291451e-02 -5.34012211e+00]], Action: [[-0.30729407  1.         -1.        ]], Reward: [3.6918547],Reward_sum: 379.381591796875, Done: [False]
==========
t: 143, State: [[ 1.91803220e+00  1.09639097e+00  4.23558635e-02 -4.62110496e-01
   3.16888374e-03  2.36700358e-01  2.59346091e+00  6.71631816e-01
  -4.23747539e-01 -2.87435892e+00  5.91517063e-02 -4.97650750e+00]], Action: [[-0.43000585  0.8367795  -1.        ]], Reward: [3.6260204],Reward_sum: 383.0075988769531, Done: [False]
==========
t: 144, State: [[ 1.93868315e+00  1.10320744e+00  3.88916360e-02 -4.84865805e-01
   3.53620070e-03  1.97125271e-01  2.56968329e+00  1.01883291e+00
  -4.48420213e-01 -2.81500797e+00  3.40834158e-02 -4.96926534e+00]], Action: [[ 0.00298531  0.7964301  -1.        ]], Reward: [3.5797346],Reward_sum: 386.58734130859375, Done: [False]
==========
t: 145, State: [[ 1.95890525e+00  1.11240641e+00  3.20656441e-02 -5.10621886e-01
   3.78266751e-03  1.56511245e-01  2.48498576e+00  1.26971807e+00
  -1.26514798e+00 -3.62238502e+00  2.71438106e-02 -5.22422795e+00]], Action: [[-0.60028607  0.96913767 -1.        ]], Reward: [3.5254629],Reward_sum: 390.11279296875, Done: [False]
==========
t: 146, State: [[ 1.97893259e+00  1.12356064e+00  2.46492880e-02 -5.35830218e-01
   3.95004657e-03  1.12851150e-01  2.52165418e+00  1.51137069e+00
  -5.95521659e-01 -2.68079993e+00  1.53336491e-02 -5.72160471e+00]], Action: [[ 0.6144032  1.        -1.       ]], Reward: [3.50104],Reward_sum: 393.61383056640625, Done: [False]
==========
t: 147, State: [[ 1.99871381e+00  1.13627128e+00  1.61351732e-02 -5.60691907e-01
   4.06350151e-03  6.46814674e-02  2.42197267e+00  1.65983303e+00
  -1.54009672e+00 -3.53209951e+00  1.28026165e-02 -6.34183270e+00]], Action: [[-0.6363377  1.        -1.       ]], Reward: [3.470247],Reward_sum: 397.0840759277344, Done: [False]
==========
t: 148, State: [[ 2.01821574e+00  1.15026686e+00  6.39979273e-03 -5.84923346e-01
   4.12673646e-03  1.09582690e-02  2.45288031e+00  1.83550444e+00
  -8.99778262e-01 -2.52655367e+00  3.84028091e-03 -7.10435691e+00]], Action: [[ 0.65392286  1.         -1.        ]], Reward: [3.4353135],Reward_sum: 400.5194091796875, Done: [False]
==========
t: 149, State: [[ 2.03767082e+00  1.16546860e+00 -1.51859430e-03 -6.04708649e-01
   4.14897613e-03 -4.91171555e-02  2.40950002e+00  1.96191105e+00
  -1.08582758e+00 -2.41868479e+00  1.86684468e-03 -7.92412359e+00]], Action: [[ 0.02687953  1.         -1.        ]], Reward: [3.4298842],Reward_sum: 403.94927978515625, Done: [False]
==========
t: 150, State: [[ 2.05705877e+00  1.18175861e+00 -7.53549611e-03 -6.19617322e-01
   4.14407640e-03 -1.16034421e-01  2.43659354e+00  2.10871712e+00
  -4.23313388e-01 -1.30912491e+00 -2.52125877e-03 -8.81182521e+00]], Action: [[ 0.7257527  1.        -1.       ]], Reward: [3.4209678],Reward_sum: 407.3702392578125, Done: [False]
==========
t: 151, State: [[ 2.07667004e+00  1.19919165e+00 -8.08768199e-03 -6.25379661e-01
   4.11418409e-03 -1.90195177e-01  2.46584211e+00  2.24794872e+00
   2.83120176e-01 -1.32605567e-01 -4.62199220e-03 -9.73243360e+00]], Action: [[ 0.77652234  1.         -1.        ]], Reward: [3.4488053],Reward_sum: 410.8190612792969, Done: [False]
==========
t: 152, State: [[ 2.09573012e+00  1.21734047e+00 -1.17691553e-02 -6.31704453e-01
   4.11005148e-03 -2.71575543e-01  2.29737152e+00  2.28706329e+00
  -1.20660950e+00 -1.44533971e+00  2.67665586e-03 -1.00000000e+01]], Action: [[-0.96558744  1.         -1.        ]], Reward: [3.379578],Reward_sum: 414.1986389160156, Done: [False]
==========
t: 153, State: [[ 2.11427655e+00  1.23615875e+00 -1.75862766e-02 -6.37234141e-01
   4.10515420e-03 -3.60363784e-01  2.33831303e+00  2.41514306e+00
  -2.49439232e-01  6.15876859e-02 -3.16763441e-03 -1.00000000e+01]], Action: [[ 1.  1. -1.]], Reward: [3.3153038],Reward_sum: 417.5139465332031, Done: [False]
==========
t: 154, State: [[ 2.13269094e+00  1.25574590e+00 -2.07397668e-02 -6.36404241e-01
   4.08896011e-03 -4.56858863e-01  2.26472023e+00  2.48038369e+00
  -5.38744397e-01  1.46136355e-01 -1.11897382e-03 -1.00000000e+01]], Action: [[ 0.00837857  1.         -1.        ]], Reward: [3.2997985],Reward_sum: 420.8137512207031, Done: [False]
==========
t: 155, State: [[ 2.15071565e+00  1.27591442e+00 -2.37850557e-02 -6.32141049e-01
   4.07390843e-03 -5.61072624e-01  2.24099047e+00  2.55947052e+00
  -2.21358995e-01  9.18866459e-01 -2.49848208e-03 -1.00000000e+01]], Action: [[ 0.4901085  1.        -1.       ]], Reward: [3.2508478],Reward_sum: 424.0646057128906, Done: [False]
==========
t: 156, State: [[ 2.16790250e+00  1.29634552e+00 -3.15365023e-02 -6.30051827e-01
   4.04714701e-03 -6.73021362e-01  2.06250422e+00  2.52722401e+00
  -1.68224121e+00 -4.01755480e-01 -5.58511826e-03 -1.00000000e+01]], Action: [[-0.96853    0.8424369 -1.       ]], Reward: [3.1457086],Reward_sum: 427.2103271484375, Done: [False]
==========
t: 157, State: [[ 2.18465515e+00  1.31651035e+00 -4.04465273e-02 -6.27375452e-01
   3.97070909e-03 -7.94807324e-01  2.13416273e+00  2.49943942e+00
  -5.15484442e-01  1.06095779e+00 -1.40043325e-02 -1.00000000e+01]], Action: [[ 1.  1. -1.]], Reward: [3.0910819],Reward_sum: 430.3014221191406, Done: [False]
==========
t: 158, State: [[ 2.20199909e+00  1.33503631e+00 -4.65064466e-02 -6.24070516e-01
   3.75105291e-03 -8.76558427e-01  2.19104342e+00  2.15805630e+00
  -1.04123108e+00 -2.22854884e-01 -3.49293160e-02 -6.07705704e+00]], Action: [[-0.802192    0.81669116 -1.        ]], Reward: [3.1656818],Reward_sum: 433.46710205078125, Done: [False]
==========
t: 159, State: [[ 2.21979384  1.3514626  -0.05487282 -0.6275778   0.00349931 -0.90374464
   2.24899163  1.96100961 -1.07839417 -0.64546451 -0.02676038 -1.26798626]], Action: [[-0.24414293  1.         -1.        ]], Reward: [3.2222843],Reward_sum: 436.6893310546875, Done: [False]
==========
t: 160, State: [[ 2.23821295  1.36674361 -0.0601877  -0.62979123  0.00331419 -0.90311085
   2.35010979  1.86600503 -0.26822509  0.09623834 -0.01904171  1.10878546]], Action: [[0.5430623 1.        0.6622294]], Reward: [3.300655],Reward_sum: 439.989990234375, Done: [False]
==========
t: 161, State: [[ 2.25737565  1.38139763 -0.05888747 -0.62541672  0.00301575 -0.88848866
   2.44065557  1.79720803  0.59392679  0.99609201 -0.05039462  2.54025601]], Action: [[0.6441306  0.15669015 1.        ]], Reward: [3.3938987],Reward_sum: 443.3838806152344, Done: [False]
==========
t: 162, State: [[ 2.27707920e+00  1.39541682e+00 -5.25484285e-02 -6.15763972e-01
   2.10683697e-03 -8.62440647e-01  2.48494626e+00  1.70717002e+00
   9.90080903e-01  1.41680101e+00 -1.76388814e-01  3.96983575e+00]], Action: [[ 0.30608535 -0.00777981  1.        ]], Reward: [3.461849],Reward_sum: 446.8457336425781, Done: [False]
==========
t: 163, State: [[ 2.29710865e+00  1.40863200e+00 -4.38502309e-02 -6.04158703e-01
   1.06782745e-03 -8.25033706e-01  2.52136063e+00  1.59639130e+00
   1.18043834e+00  1.48544940e+00 -9.12102635e-02  5.38043459e+00]], Action: [[0.07434616 0.24002698 1.        ]], Reward: [3.5026188],Reward_sum: 450.3483581542969, Done: [False]
==========
t: 164, State: [[ 2.31734569e+00  1.42092262e+00 -3.44174543e-02 -5.92784821e-01
   5.32069439e-04 -7.76365685e-01  2.53716308e+00  1.47601920e+00
   1.17543619e+00  1.35884664e+00 -4.64796093e-02  6.78478444e+00]], Action: [[-0.06575059  0.13537744  1.        ]], Reward: [3.5286064],Reward_sum: 453.876953125, Done: [False]
==========
t: 165, State: [[ 2.33761346e+00  1.43221688e+00 -2.58755815e-02 -5.83205249e-01
   5.92836396e-05 -7.16481438e-01  2.52939874e+00  1.34731758e+00
   9.59474046e-01  1.03674715e+00 -7.11970767e-02  8.18415052e+00]], Action: [[-0.20891692  0.01517829  1.        ]], Reward: [3.532428],Reward_sum: 457.4093933105469, Done: [False]
==========
t: 166, State: [[ 2.35774699e+00  1.44240430e+00 -2.01802467e-02 -5.77784985e-01
  -2.92435284e-05 -6.45464843e-01  2.50376738e+00  1.19931258e+00
   4.64879653e-01  3.19354458e-01  5.19507852e-02  9.56763395e+00]], Action: [[-0.47885078  0.10026804  1.        ]], Reward: [3.5154521],Reward_sum: 460.9248352050781, Done: [False]
==========
t: 167, State: [[ 2.37766548e+00  1.45142979e+00 -1.82349693e-02 -5.77638580e-01
   5.89422802e-04 -5.63641574e-01  2.47262122e+00  1.05753199e+00
   7.57523284e-03 -2.78651093e-01  7.13896734e-02  1.00000000e+01]], Action: [[-0.40826884  0.49416777  0.96218896]], Reward: [3.4884741],Reward_sum: 464.413330078125, Done: [False]
==========
t: 168, State: [[ 2.39766664e+00  1.45962678e+00 -1.46157509e-02 -5.74919671e-01
  -6.18981276e-04 -4.71160378e-01  2.52701513e+00  9.91222407e-01
   8.94361624e-01  9.57419748e-01 -3.71948517e-01  1.00000000e+01]], Action: [[ 0.83763474 -0.21147558  0.9845294 ]], Reward: [3.49843],Reward_sum: 467.9117736816406, Done: [False]
==========
t: 169, State: [[ 2.41756853e+00  1.46697464e+00 -1.18276365e-02 -5.73140003e-01
  -1.64681633e-03 -3.74451475e-01  2.44872709e+00  8.46375318e-01
  -1.96225685e-01 -5.10849022e-01  1.14243044e-01  1.00000000e+01]], Action: [[-1.          0.24810615 -0.12276881]], Reward: [3.4866588],Reward_sum: 471.3984375, Done: [False]
==========
t: 170, State: [[ 2.43744843e+00  1.47356398e+00 -8.97291522e-03 -5.71346273e-01
  -1.96273245e-03 -2.75815366e-01  2.52083869e+00  8.00865969e-01
   9.06984838e-01  9.57837876e-01 -1.91986919e-01  1.00000000e+01]], Action: [[ 1.         -0.12134668  0.5962146 ]], Reward: [3.4836175],Reward_sum: 474.8820495605469, Done: [False]
==========
t: 171, State: [[ 2.45724865e+00  1.47945326e+00 -6.35648488e-03 -5.69507681e-01
  -2.03824208e-03 -1.76497527e-01  2.42971417e+00  6.72173302e-01
  -2.51086485e-01 -4.96758389e-01  1.72173239e-01  1.00000000e+01]], Action: [[-1.          0.14539406 -0.33893582]], Reward: [3.4738917],Reward_sum: 478.3559265136719, Done: [False]
==========
t: 172, State: [[ 2.47710255e+00  1.48464630e+00 -3.34246229e-03 -5.67734651e-01
  -1.88316836e-04 -7.75525255e-02  2.53336722e+00  6.26108796e-01
   1.00149887e+00  9.38616639e-01  2.91084182e-01  1.00000000e+01]], Action: [[1.         0.18209973 0.42604673]], Reward: [3.480523],Reward_sum: 481.8364562988281, Done: [False]
==========
t: 173, State: [[ 2.49684112e+00  1.48923863e+00 -7.99556395e-04 -5.65874511e-01
   1.60352411e-03  2.00502770e-02  2.40115059e+00  5.22924447e-01
  -3.67189847e-01 -4.71525353e-01  1.44944444e-01  1.00000000e+01]], Action: [[-1.         0.1321936 -0.525087 ]], Reward: [3.4660273],Reward_sum: 485.302490234375, Done: [False]
==========
t: 174, State: [[ 2.51638428e+00  1.49332084e+00  8.71977097e-04 -5.63811324e-01
   2.37292957e-03  1.14697607e-01  2.48522773e+00  4.97559712e-01
   7.86468527e-01  9.84864943e-01  5.66083590e-02  1.00000000e+01]], Action: [[1.         0.51582754 0.12939769]], Reward: [3.4416132],Reward_sum: 488.7441101074219, Done: [False]
==========
t: 175, State: [[ 2.53578416e+00  1.49690145e+00  1.86719725e-03 -5.61628808e-01
   2.61643509e-03  2.06121761e-01  2.36590112e+00  3.97736111e-01
  -5.32067941e-01 -4.38578594e-01  9.64522508e-03  1.00000000e+01]], Action: [[-1.          0.28472224 -0.5706211 ]], Reward: [3.4235775],Reward_sum: 492.16766357421875, Done: [False]
==========
t: 176, State: [[ 2.55508897e+00  1.49994293e+00  2.37762135e-03 -5.59345590e-01
   2.61418446e-03  2.95941623e-01  2.46022081e+00  3.62887370e-01
   6.57735978e-01  1.00765174e+00 -7.84473281e-03  1.00000000e+01]], Action: [[1.         0.60693777 0.40663445]], Reward: [3.411568],Reward_sum: 495.5792236328125, Done: [False]
==========
