2025-05-13 02:50:56.553501: E external/local_xla/xla/stream_executor/cuda/cuda_fft.cc:477] Unable to register cuFFT factory: Attempting to register factory for plugin cuFFT when one has already been registered
WARNING: All log messages before absl::InitializeLog() is called are written to STDERR
E0000 00:00:1747104656.594283    4967 cuda_dnn.cc:8310] Unable to register cuDNN factory: Attempting to register factory for plugin cuDNN when one has already been registered
E0000 00:00:1747104656.607009    4967 cuda_blas.cc:1418] Unable to register cuBLAS factory: Attempting to register factory for plugin cuBLAS when one has already been registered
E0513 02:51:37.055613    4967 cuda_dnn.cc:534] Could not create cudnn handle: CUDNN_STATUS_INTERNAL_ERROR
E0513 02:51:37.056380    4967 cuda_dnn.cc:538] Memory usage: 983040 bytes free, 16928342016 bytes total.
E0513 02:51:37.090497    4967 cuda_dnn.cc:534] Could not create cudnn handle: CUDNN_STATUS_INTERNAL_ERROR
E0513 02:51:37.092179    4967 cuda_dnn.cc:538] Memory usage: 983040 bytes free, 16928342016 bytes total.
/home/ohowell_theaiinstitute_com/miniconda3/envs/torch123/lib/python3.10/site-packages/gymnasium/envs/registration.py:521: UserWarning: [33mWARN: Using the latest versioned environment `Hopper-v4` instead of the unversioned environment `Hopper`.[0m
  logger.warn(
[CudaDevice(id=0), CudaDevice(id=1), CudaDevice(id=2), CudaDevice(id=3)]
Using AIRL:  False
Using GAIL:  False
Using RGCL:  True
Experiment State @  2025-05-12 21:51:37.116490-05:00
Experiment Saved @  results/experiment_127
Experiment Settings Saved @  results/experiment_127
127
Using cuda device
Wrapping the env with a `Monitor` wrapper
Wrapping the env in a DummyVecEnv.
Wrapping the env with a `Monitor` wrapper
Wrapping the env in a DummyVecEnv.
t: 0, State: [[-4.41015426e-03  1.24669655e+00 -5.08137661e-03  1.32270970e-04
  -1.60858134e-03  6.61050282e-03 -1.32988550e-02 -1.03276432e-01
  -7.65503872e-01 -9.86292607e-01  5.22798591e-02  1.44022160e+00]], Action: [[-0.65735346  0.0318009   1.        ]], Reward: [0.99421436],Reward_sum: 0.9942143559455872, Done: [False]
==========
t: 1, State: [[-3.92981922e-03  1.24540297e+00 -5.55881887e-03 -2.34697373e-03
   7.13671352e-04  2.36242156e-02  1.22602596e-01 -2.18787218e-01
   6.09722561e-01  3.98272996e-01  3.93254813e-01  2.81863864e+00]], Action: [[1.        0.5211196 1.       ]], Reward: [1.0577704],Reward_sum: 2.0519847869873047, Done: [False]
==========
t: 2, State: [[-3.20163531e-03  1.24325966e+00 -2.45676403e-03  7.38781845e-04
  -1.38444169e-04  5.20437024e-02  5.67522508e-02 -3.16834665e-01
   1.19042415e-01  3.15351169e-01 -6.00156673e-01  4.28486928e+00]], Action: [[-0.04565756 -0.69382524  1.        ]], Reward: [1.0895395],Reward_sum: 3.141524314880371, Done: [False]
==========
t: 3, State: [[-2.67300824e-03  1.24029291e+00 -2.11509976e-03  2.28514719e-03
  -4.77260703e-03  9.19277437e-02  7.54428767e-02 -4.24794942e-01
  -3.00110683e-02  7.69577381e-02 -5.58378395e-01  5.68422247e+00]], Action: [[-0.1415274   0.06579807  1.        ]], Reward: [1.065054],Reward_sum: 4.206578254699707, Done: [False]
==========
t: 4, State: [[-1.94524090e-03  1.23646056e+00 -2.32668274e-03  2.59237080e-03
  -8.84211999e-03  1.42939812e-01  1.06570985e-01 -5.33167935e-01
  -1.76714872e-02  7.99791997e-03 -4.59102108e-01  7.06686651e+00]], Action: [[0.17487343 0.11678782 1.        ]], Reward: [1.0899267],Reward_sum: 5.296504974365234, Done: [False]
==========
t: 5, State: [[-9.61492720e-04  1.23192492e+00 -3.89751174e-03  1.36661533e-04
  -1.14876463e-02  2.04632383e-01  1.75158504e-01 -5.00483232e-01
  -3.50810088e-01 -6.49235639e-01 -3.13329497e-01  8.15325950e+00]], Action: [[-0.39511245  0.23254815  1.        ]], Reward: [1.1217583],Reward_sum: 6.4182634353637695, Done: [False]
==========
t: 6, State: [[ 1.74877521e-03  1.22939541e+00 -4.66036774e-04 -2.74469388e-04
  -1.34506736e-02  2.71205768e-01  4.98840835e-01 -1.36322954e-01
   1.21685384e+00  5.75661071e-01 -1.66348838e-01  8.50393655e+00]], Action: [[1.         0.6245388  0.99257493]], Reward: [1.3364083],Reward_sum: 7.754671573638916, Done: [False]
==========
t: 7, State: [[ 5.84397747e-03  1.22951419e+00  4.19544389e-03 -1.79440474e-03
  -1.59781178e-02  3.37953066e-01  5.20117461e-01  1.55616813e-01
  -5.63563304e-02 -9.49531719e-01 -4.49864684e-01  8.20843436e+00]], Action: [[-1.         -0.06442699  0.2922232 ]], Reward: [1.5108107],Reward_sum: 9.265481948852539, Done: [False]
==========
t: 8, State: [[ 1.11607367e-02  1.23182632e+00  1.02409898e-02 -4.26587985e-03
  -1.72478907e-02  4.03729793e-01  8.07821862e-01  4.15434991e-01
   1.56750697e+00  3.31105726e-01  1.37047023e-01  8.24823309e+00]], Action: [[1.         0.8131347  0.60370237]], Reward: [1.6625693],Reward_sum: 10.928050994873047, Done: [False]
==========
t: 9, State: [[ 0.017699    1.23583914  0.01898334 -0.00779363 -0.01286594  0.46219826
   0.82252723  0.57334467  0.61917281 -1.20788153  0.97146552  6.39947104]], Action: [[-1.         0.5711756 -1.       ]], Reward: [1.8149561],Reward_sum: 12.743006706237793, Done: [False]
==========
t: 10, State: [[ 0.02459653  1.24094367  0.02578877 -0.01438396 -0.00769418  0.51565532
   0.90096279  0.69685228  1.08388263 -0.44011657  0.32644223  6.9745528 ]], Action: [[ 0.529739   -0.2629917   0.69362766]], Reward: [1.861361],Reward_sum: 14.604368209838867, Done: [False]
==========
t: 11, State: [[ 3.16366287e-02  1.24673710e+00  3.02187188e-02 -2.38475951e-02
  -2.53937556e-03  5.64978871e-01  8.55776988e-01  7.39770533e-01
   2.52624468e-02 -1.92170334e+00  9.71247631e-01  5.37911065e+00]], Action: [[-1.         0.3480268 -1.       ]], Reward: [1.8778911],Reward_sum: 16.48225975036621, Done: [False]
==========
t: 12, State: [[ 3.88709440e-02  1.25280295e+00  3.44612061e-02 -3.33291221e-02
   1.99833531e-03  6.12556189e-01  9.53525440e-01  7.74778727e-01
   1.03753691e+00 -4.51304244e-01  1.63076641e-01  6.51490827e+00]], Action: [[ 1.         -0.35358092  1.        ]], Reward: [1.9021645],Reward_sum: 18.384424209594727, Done: [False]
==========
t: 13, State: [[ 4.59584827e-02  1.25895605e+00  3.72662035e-02 -4.25264839e-02
   2.89253676e-03  6.58975869e-01  8.18033439e-01  7.58510548e-01
  -3.30753155e-01 -1.84643381e+00  6.99937330e-02  5.09907083e+00]], Action: [[-1.         0.5093938 -1.       ]], Reward: [1.8836828],Reward_sum: 20.26810646057129, Done: [False]
==========
t: 14, State: [[ 5.29646157e-02  1.26489517e+00  3.92795357e-02 -5.15102590e-02
   1.77373515e-03  7.04614311e-01  9.35816122e-01  7.26915575e-01
   8.37868825e-01 -4.03362092e-01 -3.55023690e-01  6.30250800e+00]], Action: [[ 1.         -0.09511361  1.        ]], Reward: [1.8737576],Reward_sum: 22.141864776611328, Done: [False]
==========
t: 15, State: [[ 6.00605887e-02  1.27055103e+00  4.12039742e-02 -6.04873381e-02
   2.45196863e-05  7.49342210e-01  8.36840337e-01  6.87161979e-01
  -3.61205108e-01 -1.83769721e+00 -9.58006102e-02  4.88329128e+00]], Action: [[-1.          0.89854443 -0.99558336]], Reward: [1.8841981],Reward_sum: 24.02606201171875, Done: [False]
==========
t: 16, State: [[ 6.71401775e-02  1.27576125e+00  4.29461652e-02 -6.93474711e-02
  -2.31360447e-03  7.92563630e-01  9.14137448e-01  6.34193182e-01
   7.94056796e-01 -3.64659231e-01 -4.22264316e-01  4.98396128e+00]], Action: [[ 1.        -0.1113449  1.       ]], Reward: [1.8829362],Reward_sum: 25.908998489379883, Done: [False]
==========
t: 17, State: [[ 7.41510886e-02  1.28081556e+00  4.55493662e-02 -7.81469106e-02
  -1.57414077e-03  8.18761110e-01  8.43351479e-01  6.21697084e-01
  -1.44372186e-01 -1.83687826e+00  5.87861530e-01  1.88920277e+00]], Action: [[-1.          0.50190806 -0.4276223 ]], Reward: [1.8749291],Reward_sum: 27.78392791748047, Done: [False]
==========
t: 18, State: [[ 0.08090885  1.28569119  0.04857676 -0.08668997  0.00183245  0.82706895
   0.85036878  0.59214782  0.90378632 -0.30439761  0.25330785  0.36252352]], Action: [[ 1.        -0.2276518  1.       ]], Reward: [1.8426687],Reward_sum: 29.626596450805664, Done: [False]
==========
t: 19, State: [[ 8.69790989e-02  1.29020588e+00  4.91528259e-02 -9.45005187e-02
  -9.97544794e-04  8.26680142e-01  6.68190829e-01  5.34478068e-01
  -7.60469686e-01 -1.64720569e+00 -9.63511682e-01 -3.62291392e-01]], Action: [[-1. -1.  1.]], Reward: [1.7557808],Reward_sum: 31.38237762451172, Done: [False]
==========
t: 20, State: [[ 0.09292301  1.29410349  0.04825717 -0.10424638 -0.00348945  0.82240875
   0.8181327   0.43957158  0.53397742 -0.79048814  0.33706218 -0.65286847]], Action: [[0.6543563 1.        1.       ]], Reward: [1.7405607],Reward_sum: 33.12294006347656, Done: [False]
==========
t: 21, State: [[ 9.91501820e-02  1.29726862e+00  4.76234370e-02 -1.16358453e-01
  -8.84059763e-04  8.16853950e-01  7.38871282e-01  3.50677051e-01
  -6.91602241e-01 -2.23584885e+00  3.13113030e-01 -7.09902814e-01]], Action: [[-1.         -0.10151497  1.        ]], Reward: [1.7763863],Reward_sum: 34.89932632446289, Done: [False]
==========
t: 22, State: [[ 1.05317045e-01  1.29976612e+00  4.67990984e-02 -1.28302766e-01
   9.77388558e-04  8.11332150e-01  8.02733872e-01  2.74219066e-01
   4.82762882e-01 -7.51919257e-01  1.49201744e-01 -6.59028315e-01]], Action: [[ 1.         -0.02365652  1.        ]], Reward: [1.7688574],Reward_sum: 36.668182373046875, Done: [False]
==========
t: 23, State: [[ 1.11237198e-01  1.30162353e+00  4.48627228e-02 -1.39911017e-01
  -3.04050130e-04  8.06429733e-01  6.77352038e-01  1.89338578e-01
  -9.65349013e-01 -2.14844491e+00 -4.69161022e-01 -5.63101374e-01]], Action: [[-1.        -0.5355128  1.       ]], Reward: [1.7377323],Reward_sum: 38.405914306640625, Done: [False]
==========
t: 24, State: [[ 1.17343442e-01  1.30275651e+00  4.38371553e-02 -1.51613767e-01
   6.60835317e-04  8.02327857e-01  8.29061802e-01  9.82511323e-02
   6.13650622e-01 -7.57586105e-01  4.57293609e-01 -4.61673031e-01]], Action: [[1. 1. 1.]], Reward: [1.7602805],Reward_sum: 40.166194915771484, Done: [False]
==========
t: 25, State: [[ 1.23292940e-01  1.30323859e+00  4.23934835e-02 -1.62569970e-01
  -7.30474073e-04  7.99041819e-01  6.58367584e-01  2.16829174e-02
  -9.72873790e-01 -1.98001019e+00 -8.03746389e-01 -3.62183314e-01]], Action: [[-0.91769147 -1.          1.        ]], Reward: [1.7408451],Reward_sum: 41.907039642333984, Done: [False]
==========
t: 26, State: [[ 0.12926401  1.30303664  0.04131912 -0.17306085 -0.0021673   0.79647144
   0.83429526 -0.07151531  0.70261132 -0.64427797  0.4433697  -0.28247398]], Action: [[0.9815978 1.        1.       ]], Reward: [1.7434201],Reward_sum: 43.65045928955078, Done: [False]
==========
t: 27, State: [[ 0.13522944  1.30214842  0.04019715 -0.18359404 -0.00362775  0.79450671
   0.65710341 -0.15112988 -0.98126209 -1.98740326 -0.80711216 -0.21162494]], Action: [[-1. -1.  1.]], Reward: [1.7426784],Reward_sum: 45.39313888549805, Done: [False]
==========
t: 28, State: [[ 0.14119426  1.30057642  0.03911177 -0.19408224 -0.00509086  0.79302277
   0.83401215 -0.24120609  0.70819725 -0.63624378  0.44016024 -0.16113782]], Action: [[0.9922325 1.        1.       ]], Reward: [1.7426188],Reward_sum: 47.13575744628906, Done: [False]
==========
t: 29, State: [[ 0.14715378  1.29832246  0.03803557 -0.20454902 -0.00657325  0.79192082
   0.6559045  -0.32287506 -0.97540622 -1.97882978 -0.80941318 -0.11662637]], Action: [[-1. -1.  1.]], Reward: [1.7419394],Reward_sum: 48.8776969909668, Done: [False]
==========
t: 30, State: [[ 0.15310239  1.29538586  0.03686466 -0.21513951 -0.00803687  0.7911055
   0.83117421 -0.4106296   0.680967   -0.67034644  0.44229723 -0.08825756]], Action: [[0.96327 1.      1.     ]], Reward: [1.740649],Reward_sum: 50.61834716796875, Done: [False]
==========
t: 31, State: [[ 0.15903553  1.29176753  0.03557186 -0.2258756  -0.00950003  0.79051225
   0.65213879 -0.49458059 -1.00233532 -2.01204941 -0.80677372 -0.06163967]], Action: [[-1. -1.  1.]], Reward: [1.738642],Reward_sum: 52.35698699951172, Done: [False]
==========
t: 32, State: [[ 0.16495445  1.28746762  0.03416352 -0.23676508 -0.01093681  0.79007853
   0.82753383 -0.57974014  0.64852176 -0.71187732  0.44634328 -0.04725029]], Action: [[0.9576635 1.        1.       ]], Reward: [1.7369473],Reward_sum: 54.09393310546875, Done: [False]
==========
t: 33, State: [[ 0.17086872  1.28249117  0.03284566 -0.24753987 -0.01238938  0.78976823
   0.65105986 -0.66497071 -0.97622881 -1.9802835  -0.80817494 -0.03141282]], Action: [[-0.95050156 -1.          1.        ]], Reward: [1.7363806],Reward_sum: 55.83031463623047, Done: [False]
==========
t: 34, State: [[ 0.17672941  1.27682102  0.03078853 -0.25924294 -0.01375157  0.78954262
   0.81406432 -0.75197125  0.46047455 -0.9467081   0.46632795 -0.02507231]], Action: [[0.77561444 1.         1.        ]], Reward: [1.7299855],Reward_sum: 57.560298919677734, Done: [False]
==========
t: 35, State: [[ 0.18328741  1.27056336  0.03697433 -0.26273706 -0.01212782  0.78937686
   0.82549293 -0.81232841  1.08511094  0.07185408 -0.05968728 -0.01690366]], Action: [[ 0.6664061 -0.3280916  1.       ]], Reward: [1.8181974],Reward_sum: 59.37849807739258, Done: [False]
==========
t: 36, State: [[ 0.18916741  1.26371864  0.03889997 -0.267553   -0.01758991  0.7892724
   0.64452224 -0.8993153  -0.60177661 -1.27420629 -1.30451858 -0.0098207 ]], Action: [[-1. -1.  1.]], Reward: [1.7320007],Reward_sum: 61.11050033569336, Done: [False]
==========
t: 37, State: [[ 0.1945528   1.25602372  0.03290939 -0.2821959  -0.0222352   0.78919432
   0.70167461 -1.02467813 -0.89526033 -2.38494252  0.14148649 -0.00947894]], Action: [[-0.6891215  1.         1.       ]], Reward: [1.6706985],Reward_sum: 62.78120040893555, Done: [False]
==========
t: 38, State: [[ 0.20068617  1.24755119  0.03162203 -0.29560114 -0.01865192  0.78912573
   0.83167009 -1.09297205  0.57179539 -0.9681367   0.7538075  -0.00767427]], Action: [[1.        0.5361799 1.       ]], Reward: [1.7643832],Reward_sum: 64.54558563232422, Done: [False]
==========
t: 39, State: [[ 0.20697208  1.2385865   0.03529597 -0.30147575 -0.01819646  0.78908518
   0.7399956  -1.14785569  0.34672234 -0.50126013 -0.63831551 -0.0029601 ]], Action: [[ 0.23604496 -1.          1.        ]], Reward: [1.7836838],Reward_sum: 66.32926940917969, Done: [False]
==========
t: 40, State: [[ 0.21302244  1.22886042  0.03540367 -0.31176994 -0.01738484  0.78905575
   0.77230509 -1.28435672 -0.31866436 -2.07008154  0.83941057 -0.00414132]], Action: [[-1.  1.  1.]], Reward: [1.753295],Reward_sum: 68.08256530761719, Done: [False]
==========
t: 41, State: [[ 2.19109687e-01  1.21845126e+00  3.58077066e-02 -3.22014290e-01
  -1.60110699e-02  7.89036918e-01  7.49776585e-01 -1.31722801e+00
   4.18486433e-01 -4.93204021e-01 -4.94309632e-01 -9.31119769e-04]], Action: [[ 1.         -0.89205396  1.        ]], Reward: [1.7581099],Reward_sum: 69.8406753540039, Done: [False]
==========
t: 42, State: [[ 0.22523225  1.20735801  0.0364907  -0.3322404  -0.01405087  0.78902131
   0.78053761 -1.45683561 -0.24657569 -2.06109843  0.98254887 -0.00268438]], Action: [[-1.  1.  1.]], Reward: [1.7623206],Reward_sum: 71.60299682617188, Done: [False]
==========
t: 43, State: [[ 2.31343758e-01  1.19559152e+00  3.72480399e-02 -3.42366592e-01
  -1.21236163e-02  7.89013411e-01  7.47655207e-01 -1.48403527e+00
   4.34737697e-01 -4.72693616e-01 -4.98913707e-01  3.32932856e-04]], Action: [[ 1. -1.  1.]], Reward: [1.7609383],Reward_sum: 73.36393737792969, Done: [False]
==========
t: 44, State: [[ 0.23757024  1.18340296  0.03795307 -0.3525038  -0.01035929  0.78899328
   0.84745379 -1.48976784 -0.28749654 -2.08359879  0.8879235  -0.00854605]], Action: [[-1.  1.  1.]], Reward: [1.7753103],Reward_sum: 75.13924407958984, Done: [False]
==========
t: 45, State: [[ 0.24466884  1.17249078  0.03765985 -0.36305854 -0.00957563  0.78892017
   0.92660221 -1.24449149  0.21964343 -0.5572488  -0.6916029  -0.00932906]], Action: [[ 1. -1.  1.]], Reward: [1.8843244],Reward_sum: 77.02356719970703, Done: [False]
==========
t: 46, State: [[ 0.2528092   1.16290564  0.03654428 -0.37419594 -0.01010374  0.78881135
   1.10828665 -1.15779839 -0.4908008  -2.22545266  0.55480466 -0.0166068 ]], Action: [[-1.  1.  1.]], Reward: [2.0145452],Reward_sum: 79.0381088256836, Done: [False]
==========
t: 47, State: [[ 0.26207035  1.15435688  0.03533534 -0.38599491 -0.01106824  0.78870367
   1.20408947 -0.98473638  0.18907812 -0.72437109 -0.78967286 -0.01039786]], Action: [[ 1.        -0.8088454  1.       ]], Reward: [2.1549895],Reward_sum: 81.1930923461914, Done: [False]
==========
t: 48, State: [[ 0.2723359   1.14656981  0.03414899 -0.39841523 -0.01230664  0.78861013
   1.36076    -0.96743865 -0.48069046 -2.37787397  0.47879554 -0.01230057]], Action: [[-1.  1.  1.]], Reward: [2.2801945],Reward_sum: 83.4732894897461, Done: [False]
==========
t: 49, State: [[ 0.28352926  1.13930327  0.0332022  -0.41138488 -0.0136094   0.78854698
   1.43428616 -0.8535824   0.24304349 -0.86420718 -0.79695144 -0.00394978]], Action: [[ 1.        -0.7809553  1.       ]], Reward: [2.3965602],Reward_sum: 85.8698501586914, Done: [False]
==========
t: 50, State: [[ 0.29550708  1.13232447  0.03253992 -0.42483344 -0.01473413  0.78838114
   1.55870278 -0.89571014 -0.40437376 -2.49509375  0.51440191 -0.03300369]], Action: [[-0.99931437  1.          0.42434418]], Reward: [2.495049],Reward_sum: 88.36489868164062, Done: [False]
==========
t: 51, State: [[ 0.30813699  1.12544745  0.03210112 -0.43862775 -0.01599025  0.78823268
   1.59571245 -0.82671909  0.29301134 -0.95326269 -0.82078144 -0.00669961]], Action: [[ 1.        -0.8561779  1.       ]], Reward: [2.576005],Reward_sum: 90.94090270996094, Done: [False]
==========
t: 52, State: [[ 0.32127953  1.11849374  0.03189054 -0.45270594 -0.0171186   0.78773692
   1.68872605 -0.91526498 -0.34184377 -2.56360894  0.53703312 -0.11594827]], Action: [[-1.         1.         0.0788467]], Reward: [2.640812],Reward_sum: 93.58171081542969, Done: [False]
==========
t: 53, State: [[ 0.33487391  1.11132147  0.03200678 -0.46699804 -0.01808939  0.78719046
   1.70744404 -0.87952027  0.36886024 -1.00960951 -0.77271376 -0.02993796]], Action: [[ 1.         -0.85510564  1.        ]], Reward: [2.6965659],Reward_sum: 96.27827453613281, Done: [False]
==========
t: 54, State: [[ 0.34878037  1.10382152  0.03242344 -0.48143463 -0.01859343  0.78528557
   1.76800448 -0.99835983 -0.26145291 -2.59686156  0.64506445 -0.44487052]], Action: [[-1.          1.         -0.18140388]], Reward: [2.7362752],Reward_sum: 99.0145492553711, Done: [False]
==========
t: 55, State: [[ 0.36311137  1.09585114  0.03345466 -0.49608817 -0.01863391  0.78559778
   1.81372595 -0.99308201  0.51747772 -1.06765302 -0.64867519  0.46905614]], Action: [[ 1.         -0.78455245  0.7177124 ]], Reward: [2.7892432],Reward_sum: 101.80380249023438, Done: [False]
==========
t: 56, State: [[ 0.37740107  1.08750284  0.03386994 -0.50944284 -0.0228848   0.7880675
   1.75749128 -1.09681845 -0.41161473 -2.26874091 -0.4145452   0.17717577]], Action: [[-0.82458836  0.09525487 -0.14528966]], Reward: [2.785503],Reward_sum: 104.58930206298828, Done: [False]
==========
t: 57, State: [[ 0.39177211  1.07866399  0.0344418  -0.52241764 -0.02760247  0.789021
   1.83581087 -1.11314705  0.55420564 -0.97705387 -0.76579615  0.07196638]], Action: [[ 0.8759025  -0.16394743  0.7864579 ]], Reward: [2.7949674],Reward_sum: 107.38426971435547, Done: [False]
==========
t: 58, State: [[ 0.40633977  1.06924535  0.03548921 -0.53627034 -0.02972847  0.78532092
   1.80553439 -1.24301796 -0.28966847 -2.48392517  0.23257545 -0.99591638]], Action: [[-1.          0.61280894 -0.723305  ]], Reward: [2.8190594],Reward_sum: 110.20333099365234, Done: [False]
==========
t: 59, State: [[ 0.42089918  1.05926435  0.0367793  -0.5500056  -0.03126924  0.77681997
   1.83475265 -1.2517918   0.61103112 -0.9521488  -0.61690983 -1.12926336]], Action: [[ 1.         -0.5464395  -0.11727714]], Reward: [2.818613],Reward_sum: 113.02194213867188, Done: [False]
==========
t: 60, State: [[ 0.43525684  1.04880017  0.03740533 -0.56345072 -0.03456822  0.76205316
   1.75410912 -1.3654934  -0.45223271 -2.40698046 -0.20863289 -2.56091883]], Action: [[-1.          0.17088585 -1.        ]], Reward: [2.7926788],Reward_sum: 115.81462097167969, Done: [False]
==========
t: 61, State: [[ 0.44973139  1.0375868   0.03774517 -0.57970187 -0.03309847  0.74040626
   1.86457249 -1.4377382   0.53621936 -1.65676934  0.5752079  -2.85033446]], Action: [[ 0.5519727   0.6118673  -0.18946576]], Reward: [2.808603],Reward_sum: 118.62322235107422, Done: [False]
==========
t: 62, State: [[ 0.46479175  1.02612979  0.04587253 -0.5868798  -0.03135771  0.7120595
   1.90094013 -1.42598752  1.49300563 -0.13975722 -0.13887072 -4.23471796]], Action: [[ 1.         -0.47863063 -1.        ]], Reward: [2.8803165],Reward_sum: 121.5035400390625, Done: [False]
==========
t: 63, State: [[ 0.47973597  1.01424825  0.05384824 -0.59391578 -0.02991503  0.67249777
   1.83484653 -1.54411273  0.50136159 -1.61713351  0.49908272 -5.65411012]], Action: [[-1.          0.33988085 -1.        ]], Reward: [2.8659115],Reward_sum: 124.36944580078125, Done: [False]
==========
t: 64, State: [[ 0.49527609  1.00307797  0.06448439 -0.60144216 -0.02208211  0.62661734
   2.06884572 -1.17428297  2.20973496 -0.27984837  1.54117028 -5.50705042]], Action: [[ 1.          0.49458435 -1.        ]], Reward: [2.940271],Reward_sum: 127.3097152709961, Done: [False]
==========
t: 65, State: [[ 0.51179966  0.99510116  0.07835623 -0.60968423 -0.00746075  0.58436295
   2.06014469 -0.83034114  1.25503674 -1.77689635  2.10375565 -5.09675845]], Action: [[-1.         -0.08269164 -1.        ]], Reward: [3.0634394],Reward_sum: 130.37315368652344, Done: [False]
==========
t: 66, State: [[ 0.52834104  0.99022263  0.08863681 -0.62161517  0.00551464  0.54513089
   2.06988016 -0.39139421  1.27977215 -1.19976121  1.06987401 -4.73358345]], Action: [[ 0.33900502 -1.         -1.        ]], Reward: [3.065557],Reward_sum: 133.43870544433594, Done: [False]
==========
t: 67, State: [[ 0.54443967  0.98842546  0.09271916 -0.63668819  0.01118717  0.50801419
   1.95897819 -0.06854735 -0.23466534 -2.57194564  0.41586926 -4.58369819]], Action: [[-1.          0.85934377 -1.        ]], Reward: [3.0095909],Reward_sum: 136.44830322265625, Done: [False]
==========
t: 68, State: [[ 0.56062876  0.98930893  0.09514932 -0.65135448  0.01297583  0.47115681
   2.09107751  0.28057329  0.85449696 -1.09994704  0.0707607  -4.66309262]], Action: [[ 1.         0.9403931 -1.       ]], Reward: [3.0207515],Reward_sum: 139.46905517578125, Done: [False]
==========
t: 69, State: [[ 0.57701837  0.99244483  0.0965442  -0.66579456  0.01284673  0.43300275
   2.00647405  0.49664947 -0.50155734 -2.50902376 -0.08254798 -4.90167562]], Action: [[-1.  1. -1.]], Reward: [3.0457017],Reward_sum: 142.51475524902344, Done: [False]
==========
t: 70, State: [[ 0.59365342  0.99751072  0.09714443 -0.68004818  0.01186102  0.3922811
   2.15292008  0.76486523  0.65184523 -1.05711597 -0.15170138 -5.29952109]], Action: [[ 1.  1. -1.]], Reward: [3.0763812],Reward_sum: 145.5911407470703, Done: [False]
==========
t: 71, State: [[ 0.61053112  1.00426106  0.09695145 -0.69416176  0.01059814  0.34799925
   2.06539263  0.91907189 -0.70309706 -2.46864382 -0.15899759 -5.78644502]], Action: [[-1.         0.9962381 -1.       ]], Reward: [3.1067193],Reward_sum: 148.69786071777344, Done: [False]
==========
t: 72, State: [[ 0.62757382  1.01250358  0.09520778 -0.70882669  0.00933689  0.2994039
   2.19523578  1.13924093  0.26344896 -1.1992159  -0.15305341 -6.37400401]], Action: [[ 0.8722354  1.        -1.       ]], Reward: [3.1275775],Reward_sum: 151.825439453125, Done: [False]
==========
t: 73, State: [[ 0.64511295  1.02225392  0.09552429 -0.71970865  0.00820428  0.24590978
   2.18857913  1.29670237 -0.18921287 -1.51990833 -0.12950896 -7.00763968]], Action: [[-0.24018584  0.99798703 -1.        ]], Reward: [3.1903372],Reward_sum: 155.01577758789062, Done: [False]
==========
t: 74, State: [[ 6.62862944e-01  1.03333652e+00  9.50433135e-02 -7.29785899e-01
   7.25620412e-03  1.87141145e-01  2.24823965e+00  1.47278005e+00
   6.42536433e-02 -9.99372295e-01 -1.07341179e-01 -7.69047550e+00]], Action: [[ 0.3461401  1.        -1.       ]], Reward: [3.2166293],Reward_sum: 158.23240661621094, Done: [False]
==========
t: 75, State: [[ 6.81094750e-01  1.04580993e+00  9.66990658e-02 -7.35446004e-01
   6.48417006e-03  1.22777697e-01  2.30891752e+00  1.64460279e+00
   3.45133662e-01 -4.15553684e-01 -8.59562100e-02 -8.40486919e+00]], Action: [[ 0.390222  1.       -1.      ]], Reward: [3.2768235],Reward_sum: 161.5092315673828, Done: [False]
==========
t: 76, State: [[ 6.99132215e-01  1.05938885e+00  9.38712087e-02 -7.43940662e-01
   5.90016130e-03  5.26796848e-02  2.19938353e+00  1.74870636e+00
  -1.05400134e+00 -1.70564059e+00 -6.13989345e-02 -9.12351588e+00]], Action: [[-0.93015426  1.         -1.        ]], Reward: [3.251818],Reward_sum: 164.76104736328125, Done: [False]
==========
t: 77, State: [[ 7.17189522e-01  1.07412436e+00  8.90731859e-02 -7.52117240e-01
   5.44762615e-03 -2.33893127e-02  2.31458042e+00  1.93401503e+00
  -1.47315043e-01 -3.40171223e-01 -5.16053329e-02 -9.89824151e+00]], Action: [[ 0.9291398  1.        -1.       ]], Reward: [3.2543],Reward_sum: 168.01535034179688, Done: [False]
==========
t: 78, State: [[ 7.35954593e-01  1.09023263e+00  8.94743336e-02 -7.51696738e-01
   5.08208070e-03 -1.05732779e-01  2.37569415e+00  2.09152691e+00
   2.45497879e-01  4.45032872e-01 -4.01350626e-02 -1.00000000e+01]], Action: [[ 0.5262931  1.        -1.       ]], Reward: [3.3433568],Reward_sum: 171.35870361328125, Done: [False]
==========
t: 79, State: [[ 7.54414022e-01  1.10726301e+00  8.53429543e-02 -7.53675170e-01
   4.82952924e-03 -1.94419515e-01  2.23702016e+00  2.16387168e+00
  -1.28120071e+00 -9.36247457e-01 -2.42717384e-02 -1.00000000e+01]], Action: [[-1.  1. -1.]], Reward: [3.3044286],Reward_sum: 174.6631317138672, Done: [False]
==========
t: 80, State: [[ 7.72682175e-01  1.12519622e+00  7.85502536e-02 -7.55692469e-01
   4.63957317e-03 -2.89742842e-01  2.32829971e+00  2.31684068e+00
  -4.18565882e-01  4.31113271e-01 -2.28572203e-02 -1.00000000e+01]], Action: [[ 0.9237314  1.        -1.       ]], Reward: [3.2806659],Reward_sum: 177.9438018798828, Done: [False]
==========
t: 81, State: [[ 7.90895865e-01  1.14399388e+00  7.12436246e-02 -7.55195374e-01
   4.49660077e-03 -3.92031283e-01  2.22415571e+00  2.38043486e+00
  -1.40681448e+00 -3.05476148e-01 -1.37022864e-02 -1.00000000e+01]], Action: [[-0.5553221  1.        -1.       ]], Reward: [3.2744029],Reward_sum: 181.21820068359375, Done: [False]
==========
t: 82, State: [[ 8.08979004e-01  1.16352968e+00  6.34160362e-02 -7.52164948e-01
   4.38060879e-03 -5.01564166e-01  2.29550463e+00  2.50053507e+00
  -5.48037171e-01  1.06160047e+00 -1.49050321e-02 -1.00000000e+01]], Action: [[ 0.92002475  1.         -1.        ]], Reward: [3.257546],Reward_sum: 184.4757537841797, Done: [False]
==========
t: 83, State: [[ 8.26681482e-01  1.18332615e+00  5.32902558e-02 -7.49204701e-01
   4.27110008e-03 -6.19409446e-01  2.13114990e+00  2.42057711e+00
  -1.94557345e+00 -3.24287580e-01 -1.41045717e-02 -1.00000000e+01]], Action: [[-1.          0.93379784 -1.        ]], Reward: [3.2099378],Reward_sum: 187.68568420410156, Done: [False]
==========
t: 84, State: [[ 8.44039309e-01  1.20263876e+00  4.22653507e-02 -7.45935196e-01
   4.13550400e-03 -7.47923225e-01  2.20681419e+00  2.40638662e+00
  -8.11280642e-01  1.14071468e+00 -1.87093021e-02 -1.00000000e+01]], Action: [[ 1.  1. -1.]], Reward: [3.1667283],Reward_sum: 190.8524169921875, Done: [False]
==========
t: 85, State: [[ 8.61399728e-01  1.22075250e+00  3.23838741e-02 -7.42103154e-01
   3.93359356e-03 -8.60661482e-01  2.16698343e+00  2.07367796e+00
  -1.53225041e+00 -2.15442065e-01 -3.46289249e-02 -9.25227370e+00]], Action: [[-0.89034605  0.87838113 -1.        ]], Reward: [3.167488],Reward_sum: 194.0198974609375, Done: [False]
==========
t: 86, State: [[ 0.8795824   1.2365491   0.02663633 -0.73859869  0.00363391 -0.90585211
   2.37120652  1.89425024  0.05711777  1.09840081 -0.03707819 -2.75801139]], Action: [[ 0.98699516  1.         -1.        ]], Reward: [3.26986],Reward_sum: 197.28976440429688, Done: [False]
==========
t: 87, State: [[ 0.89827201  1.25081012  0.02296126 -0.73575052  0.00340736 -0.91329891
   2.29588656  1.68060382 -0.99774989 -0.37874656 -0.01997468  0.48976418]], Action: [[-1.          1.         -0.36601678]], Reward: [3.3340666],Reward_sum: 200.6238250732422, Done: [False]
==========
t: 88, State: [[ 0.91721854  1.26401184  0.02034734 -0.7331786   0.00326434 -0.90259657
   2.43759394  1.62425622  0.33173804  1.02309758 -0.01537164  1.98856314]], Action: [[1.        1.        0.7979619]], Reward: [3.3656802],Reward_sum: 203.989501953125, Done: [False]
==========
t: 89, State: [[ 9.36999949e-01  1.27665836e+00  2.55132483e-02 -7.22494401e-01
   3.02967817e-03 -8.80979359e-01  2.50768369e+00  1.53684683e+00
   9.60246273e-01  1.64712463e+00 -3.93241559e-02  3.41363558e+00]], Action: [[0.45609164 0.3347899  1.        ]], Reward: [3.4713554],Reward_sum: 207.4608612060547, Done: [False]
==========
t: 90, State: [[ 9.57172162e-01  1.28854228e+00  3.41779161e-02 -7.08364311e-01
   2.27558662e-03 -8.47963634e-01  2.53500575e+00  1.43376901e+00
   1.20522057e+00  1.88536230e+00 -1.48737788e-01  4.83833698e+00]], Action: [[ 0.18117924 -0.00881377  1.        ]], Reward: [3.5204937],Reward_sum: 210.98135375976562, Done: [False]
==========
t: 91, State: [[ 9.77328521e-01  1.29960244e+00  4.31964585e-02 -6.93232698e-01
  -9.60965164e-04 -8.03485411e-01  2.50379477e+00  1.33104987e+00
   1.04919619e+00  1.89771721e+00 -6.59440046e-01  6.27914372e+00]], Action: [[-0.00343077 -0.32792416  1.        ]], Reward: [3.5184371],Reward_sum: 214.49978637695312, Done: [False]
==========
t: 92, State: [[ 9.97195656e-01  1.30977565e+00  5.03109687e-02 -6.79111312e-01
  -7.61586426e-03 -7.47554164e-01  2.46266607e+00  1.21207284e+00
   7.29254140e-01  1.63318758e+00 -1.00342675e+00  7.70152232e+00]], Action: [[-0.18830268 -0.2248345   1.        ]], Reward: [3.4823058],Reward_sum: 217.98208618164062, Done: [False]
==========
t: 93, State: [[ 1.01689492  1.31884324  0.05504476 -0.66874165 -0.01371818 -0.68047016
   2.46175999  1.05481803  0.45340382  0.96041957 -0.52205579  9.06738145]], Action: [[-0.424445    0.36588404  1.        ]], Reward: [3.4610946],Reward_sum: 221.44317626953125, Done: [False]
==========
t: 94, State: [[ 1.03641672  1.32660849  0.05576569 -0.66588567 -0.01555845 -0.60432842
   2.41839509  0.88649819 -0.27335324 -0.24459768  0.06177991  9.96653593]], Action: [[-0.80034125  0.38942942  0.6847082 ]], Reward: [3.438964],Reward_sum: 224.88214111328125, Done: [False]
==========
t: 95, State: [[ 1.05613155  1.3335215   0.05820699 -0.66203418 -0.01597042 -0.52189532
   2.5097714   0.84139416  0.88128502  1.20609459 -0.1638011  10.        ]], Action: [[ 1.         -0.05878976  0.52509403]], Reward: [3.4630742],Reward_sum: 228.34523010253906, Done: [False]
==========
t: 96, State: [[ 1.07568868  1.33974226  0.06020648 -0.65788099 -0.01748113 -0.43758229
   2.38002115  0.71434514 -0.37993128 -0.16643165 -0.21418476 10.        ]], Action: [[-0.9678197  -0.14424208 -0.09609302]], Reward: [3.443675],Reward_sum: 231.78890991210938, Done: [False]
==========
t: 97, State: [[ 1.09514577  1.3452791   0.06204111 -0.65345906 -0.01929814 -0.35233457
   2.48378602  0.66966469  0.83613647  1.2705066  -0.23935668 10.        ]], Action: [[1.         0.07743528 0.36960864]], Reward: [3.4309926],Reward_sum: 235.21990966796875, Done: [False]
==========
t: 98, State: [[ 1.11448017  1.35014674  0.06346394 -0.64897198 -0.02147424 -0.26661999
   2.35039872  0.54776876 -0.47864068 -0.14738069 -0.30508357 10.        ]], Action: [[-1.         -0.16288334 -0.17471051]], Reward: [3.4157434],Reward_sum: 238.63565063476562, Done: [False]
==========
t: 99, State: [[ 1.13378311  1.35434518  0.06490626 -0.64448604 -0.02287116 -0.18132202
   2.47492402  0.50177267  0.83669024  1.26745948 -0.04378454 10.        ]], Action: [[1.         0.2796798  0.22484797]], Reward: [3.4117386],Reward_sum: 242.04739379882812, Done: [False]
==========
t: 100, State: [[ 1.15306582  1.35789909  0.06636383 -0.64003835 -0.02334535 -0.09716202
   2.34639715  0.38720424 -0.47018086 -0.15424359 -0.07537293 10.        ]], Action: [[-1.         -0.14169139 -0.29804447]], Reward: [3.4092298],Reward_sum: 245.4566192626953, Done: [False]
==========
t: 101, State: [[ 1.17240655  1.36080882  0.06820365 -0.63568064 -0.02197096 -0.01473915
   2.48834934  0.34011888  0.92759976  1.24230637  0.4190531  10.        ]], Action: [[1.         0.44656518 0.12406797]], Reward: [3.416376],Reward_sum: 248.8730010986328, Done: [False]
==========
t: 102, State: [[ 1.1918815   1.3630813   0.07075023 -0.63152011 -0.01779918  0.06490042
   2.38101373  0.22847459 -0.28856974 -0.20085935  0.62290703  9.57715538]], Action: [[-1.          0.02848843 -0.47341567]], Reward: [3.4331443],Reward_sum: 252.30615234375, Done: [False]
==========
t: 103, State: [[ 1.21128206  1.36475015  0.07295663 -0.62729843 -0.01367998  0.14411397
   2.46879313  0.18871958  0.83761515  1.2547688   0.40783715 10.        ]], Action: [[ 1.         -0.05772451  0.50384253]], Reward: [3.4238124],Reward_sum: 255.7299346923828, Done: [False]
==========
t: 104, State: [[ 1.23061788  1.36583527  0.07481914 -0.62305296 -0.00952931  0.22238337
   2.36575689  0.08287366 -0.3693374  -0.19207788  0.62873971  9.34331628]], Action: [[-1.          0.03902355 -0.561764  ]], Reward: [3.4156613],Reward_sum: 259.1455993652344, Done: [False]
==========
t: 105, State: [[ 1.24991328e+00  1.36634720e+00  7.64450277e-02 -6.18777221e-01
  -5.13248260e-03  2.99425397e-01  2.45780961e+00  4.51486602e-02
   7.73392173e-01  1.25946251e+00  4.71279375e-01  9.91646732e+00]], Action: [[ 1.         -0.01881203  0.45116162]], Reward: [3.4107213],Reward_sum: 262.55633544921875, Done: [False]
==========
t: 106, State: [[ 1.26920007e+00  1.36628594e+00  7.79537748e-02 -6.14533918e-01
  -1.39438502e-04  3.75029582e-01  2.36438833e+00 -6.02980657e-02
  -3.93514140e-01 -1.97243703e-01  7.75803446e-01  8.98594584e+00]], Action: [[-1.         0.1021457 -0.5953605]], Reward: [3.4094837],Reward_sum: 265.9658203125, Done: [False]
==========
t: 107, State: [[ 1.28837506e+00  1.36567413e+00  7.88051600e-02 -6.10177801e-01
   3.93762346e-03  4.50457307e-01  2.43060373e+00 -9.30152098e-02
   6.11221201e-01  1.28303852e+00  2.63237279e-01  9.86899714e+00]], Action: [[ 1.         -0.24911633  0.65437293]], Reward: [3.3953836],Reward_sum: 269.3612060546875, Done: [False]
==========
t: 108, State: [[ 1.30729640e+00  1.36458360e+00  7.82289149e-02 -6.05580304e-01
   5.15801524e-03  5.25546339e-01  2.30198443e+00 -1.80493395e-01
  -7.43063700e-01 -1.34317677e-01  6.42001457e-02  8.90353483e+00]], Action: [[-1.          0.12556133 -0.63671875]], Reward: [3.3637452],Reward_sum: 272.7249450683594, Done: [False]
==========
t: 109, State: [[ 1.32609724e+00  1.36298802e+00  7.69128141e-02 -6.00858721e-01
   5.20522607e-03  5.99402088e-01  2.39900243e+00 -2.18491736e-01
   4.16716884e-01  1.31201905e+00 -3.88429561e-02  9.55906012e+00]], Action: [[1.         0.19519845 0.50645834]], Reward: [3.3488104],Reward_sum: 276.0737609863281, Done: [False]
==========
t: 110, State: [[ 1.34483524e+00  1.36088500e+00  7.51359353e-02 -5.96105850e-01
   4.81224803e-03  6.71151657e-01  2.28620087e+00 -3.07802269e-01
  -8.56010380e-01 -1.22768318e-01 -5.58866728e-02  8.37967372e+00]], Action: [[-1.          0.527701   -0.78297156]], Reward: [3.3403592],Reward_sum: 279.41412353515625, Done: [False]
==========
t: 111, State: [[ 1.36353586e+00  1.35825627e+00  7.30369419e-02 -5.91320822e-01
   4.21362685e-03  7.41282233e-01  2.38922769e+00 -3.49111835e-01
   3.31063846e-01  1.31692181e+00 -8.75595329e-02  9.15182141e+00]], Action: [[1.         0.08591571 0.5870343 ]], Reward: [3.336225],Reward_sum: 282.7503356933594, Done: [False]
==========
t: 112, State: [[ 1.38223612e+00  1.35515612e+00  7.09885252e-02 -5.86229015e-01
   3.65855712e-03  8.07361027e-01  2.28264436e+00 -4.05143998e-01
  -8.37297039e-01 -3.91356301e-02 -5.21715896e-02  6.38553377e+00]], Action: [[-0.9443558   0.6992805  -0.91501385]], Reward: [3.335315],Reward_sum: 286.0856628417969, Done: [False]
==========
t: 113, State: [[ 1.40081782  1.35219438  0.06907789 -0.58069213  0.00290806  0.84047237
   2.36253727 -0.34542064  0.35322698  1.42148066 -0.15249092  2.32193166]], Action: [[ 1.         -0.10706308  1.        ]], Reward: [3.320701],Reward_sum: 289.4063720703125, Done: [False]
==========
t: 114, State: [[ 1.41965658e+00  1.34928649e+00  7.15746911e-02 -5.69861864e-01
   1.97635177e-03  8.49369321e-01  2.34762731e+00 -3.87049254e-01
   2.68366691e-01  1.28582763e+00 -8.65900117e-02  1.59736629e-01]], Action: [[-0.08968513  0.23713282 -0.74416804]], Reward: [3.354226],Reward_sum: 292.7605895996094, Done: [False]
==========
t: 115, State: [[ 1.43816949e+00  1.34582778e+00  7.06561193e-02 -5.63339854e-01
   1.57349747e-03  8.46336712e-01  2.28075655e+00 -4.80120233e-01
  -5.00477285e-01  3.45858366e-01 -2.16670441e-02 -7.82807603e-01]], Action: [[-0.6467594   0.7983533   0.21237743]], Reward: [3.3130143],Reward_sum: 296.0736083984375, Done: [False]
==========
t: 116, State: [[ 1.45681917e+00  1.34187167e+00  7.16020476e-02 -5.54827065e-01
   1.53659862e-03  8.38609793e-01  2.38124385e+00 -5.10646929e-01
   7.33818265e-01  1.78086529e+00  8.44992122e-03 -1.08348248e+00]], Action: [[1.        0.9214438 1.       ]], Reward: [3.3283603],Reward_sum: 299.4019775390625, Done: [False]
==========
t: 117, State: [[ 1.47543378e+00  1.33729055e+00  7.24393697e-02 -5.46364586e-01
   1.33722335e-03  8.29679009e-01  2.27282162e+00 -6.34865824e-01
  -5.23756558e-01  3.36310823e-01 -5.96346509e-02 -1.11543870e+00]], Action: [[-1.        -0.1342637  0.6872496]], Reward: [3.3253365],Reward_sum: 302.7273254394531, Done: [False]
==========
t: 118, State: [[ 1.49399326e+00  1.33202975e+00  7.27623189e-02 -5.38505854e-01
   1.12658915e-03  8.21193201e-01  2.36624384e+00 -6.80765246e-01
   6.00506434e-01  1.62749398e+00 -2.32088819e-04 -9.94048612e-01]], Action: [[0.90217716 1.         1.        ]], Reward: [3.3171213],Reward_sum: 306.04443359375, Done: [False]
==========
t: 119, State: [[ 1.51249836e+00  1.32607617e+00  7.25389764e-02 -5.31274240e-01
   8.72169878e-04  8.13773804e-01  2.26037561e+00 -8.07400144e-01
  -6.55108413e-01  1.82012886e-01 -6.36666444e-02 -8.54744969e-01]], Action: [[-1.         -0.12611261  0.50719833]], Reward: [3.311864],Reward_sum: 309.35626220703125, Done: [False]
==========
t: 120, State: [[ 1.53099936e+00  1.31944050e+00  7.23160947e-02 -5.24085141e-01
   6.90500435e-04  8.07664362e-01  2.36397071e+00 -8.51595712e-01
   5.95208393e-01  1.61429750e+00  1.07682824e-02 -6.76102258e-01]], Action: [[1. 1. 1.]], Reward: [3.3096251],Reward_sum: 312.6658935546875, Done: [False]
==========
t: 121, State: [[ 1.54950514e+00  1.31212016e+00  7.21195977e-02 -5.16977149e-01
   7.06752718e-04  8.02762417e-01  2.26295913e+00 -9.78171802e-01
  -6.42207448e-01  1.64150546e-01 -4.72919072e-03 -5.49916524e-01]], Action: [[-1.         -0.07933512  0.41830564]], Reward: [3.312041],Reward_sum: 315.9779357910156, Done: [False]
==========
t: 122, State: [[ 1.56801132e+00  1.30412073e+00  7.19473133e-02 -5.09915368e-01
   8.55742654e-04  7.98965292e-01  2.36268492e+00 -1.02170948e+00
   5.95035714e-01  1.60031949e+00  3.47369184e-02 -4.05903477e-01]], Action: [[1. 1. 1.]], Reward: [3.310272],Reward_sum: 319.2882080078125, Done: [False]
==========
t: 123, State: [[ 1.58671887e+00  1.29553966e+00  7.44043011e-02 -4.99772044e-01
   1.02409641e-03  7.95968488e-01  2.31459780e+00 -1.12337726e+00
   2.08514414e-02  9.35996750e-01  9.99804706e-03 -3.41884749e-01]], Action: [[-0.45490295  0.12851843  0.06358594]], Reward: [3.3382163],Reward_sum: 322.6264343261719, Done: [False]
==========
t: 124, State: [[ 1.60513933e+00  1.28624100e+00  7.35388193e-02 -4.93540723e-01
   1.17881176e-03  7.90865740e-01  2.29037619e+00 -1.20117622e+00
  -2.37922304e-01  6.22409584e-01  2.60361487e-02 -9.32977666e-01]], Action: [[-0.21438651  0.75619817 -0.41647738]], Reward: [3.3017664],Reward_sum: 325.9281921386719, Done: [False]
==========
t: 125, State: [[ 1.62318683e+00  1.27617843e+00  6.81149386e-02 -4.92755962e-01
   1.46513760e-03  7.83822030e-01  2.22139579e+00 -1.31447932e+00
  -1.11827243e+00 -4.24707249e-01  4.24166164e-02 -8.27936872e-01]], Action: [[-0.7224423   1.          0.06647689]], Reward: [3.2544107],Reward_sum: 329.1826171875, Done: [False]
==========
t: 126, State: [[ 1.64136582e+00  1.26537824e+00  6.40548868e-02 -4.90390626e-01
   1.78398415e-03  7.82902597e-01  2.32313910e+00 -1.38546637e+00
   1.01693340e-01  1.01438495e+00  3.69749271e-02  5.96369479e-01]], Action: [[1. 1. 1.]], Reward: [3.2693741],Reward_sum: 332.4519958496094, Done: [False]
==========
t: 127, State: [[ 1.65989682e+00  1.25408828e+00  6.46923524e-02 -4.82451881e-01
   2.03393604e-03  7.81947835e-01  2.30964792e+00 -1.43712163e+00
   5.80717089e-02  9.70302212e-01  2.61222818e-02 -8.33377583e-01]], Action: [[-0.03143697  0.7346574  -1.        ]], Reward: [3.3148339],Reward_sum: 335.76678466796875, Done: [False]
==========
t: 128, State: [[ 1.67821660e+00  1.24229464e+00  6.35179491e-02 -4.76579501e-01
   2.16730939e-03  7.71586357e-01  2.27051661e+00 -1.51123648e+00
  -3.50624235e-01  4.98192399e-01  9.04495463e-03 -1.75594758e+00]], Action: [[-0.3271057   0.5173842  -0.65302646]], Reward: [3.2891722],Reward_sum: 339.05596923828125, Done: [False]
==========
t: 129, State: [[ 1.69603611  1.22975952  0.05634872 -0.47777502  0.00230701  0.75640335
   2.18429388 -1.62272172 -1.44150557 -0.7952859   0.02349194 -2.03936605]], Action: [[-0.8948968   1.         -0.21124905]], Reward: [3.2255933],Reward_sum: 342.28155517578125, Done: [False]
==========
t: 130, State: [[ 1.71391238  1.21649111  0.04969693 -0.47835836  0.00242412  0.74582755
   2.28479039 -1.6942053  -0.22190615  0.64754502  0.00752695 -0.60636813]], Action: [[1.        0.7675203 1.       ]], Reward: [3.231944],Reward_sum: 345.5135192871094, Done: [False]
==========
t: 131, State: [[ 1.7321282   1.20272513  0.04759674 -0.47357089  0.00253253  0.73528258
   2.26902484 -1.74723037 -0.30383869  0.54959934  0.01784612 -2.02810842]], Action: [[-0.06955194  1.         -1.        ]], Reward: [3.2749732],Reward_sum: 348.78851318359375, Done: [False]
==========
t: 132, State: [[ 1.74987660e+00  1.18835270e+00  4.02702829e-02 -4.74944303e-01
   2.70359070e-03  7.14776061e-01  2.16807099e+00 -1.84605001e+00
  -1.52736071e+00 -8.91040990e-01  2.35861198e-02 -3.09719004e+00]], Action: [[-1.          1.         -0.76467186]], Reward: [3.2159653],Reward_sum: 352.00445556640625, Done: [False]
==========
t: 133, State: [[ 1.76760671  1.17335794  0.03294255 -0.47627832  0.00282605  0.69317032
   2.26447514 -1.90246571 -0.30496021  0.55560249  0.00861537 -2.30526214]], Action: [[1.        0.8902103 0.5452551]], Reward: [3.2141738],Reward_sum: 355.2186279296875, Done: [False]
==========
t: 134, State: [[ 1.78531054e+00  1.15777063e+00  2.55994428e-02 -4.77595751e-01
   2.93175402e-03  6.69111090e-01  2.16144982e+00 -1.99448366e+00
  -1.53063955e+00 -8.83017781e-01  1.64234554e-02 -3.70781877e+00]], Action: [[-1.  1. -1.]], Reward: [3.2099788],Reward_sum: 358.4285888671875, Done: [False]
==========
t: 135, State: [[ 1.80297624e+00  1.14162642e+00  1.82396525e-02 -4.78857516e-01
   2.97940612e-03  6.41204734e-01  2.25504187e+00 -2.04140686e+00
  -3.09450349e-01  5.65578167e-01 -2.19212930e-03 -3.26940824e+00]], Action: [[1.         0.7720934  0.29431129]], Reward: [3.2065294],Reward_sum: 361.6351318359375, Done: [False]
==========
t: 136, State: [[ 1.82060164e+00  1.12492661e+00  1.08328600e-02 -4.80090705e-01
   2.97712791e-03  6.09461207e-01  2.15131503e+00 -2.13364260e+00
  -1.54196058e+00 -8.71970254e-01  1.18528996e-03 -4.66479984e+00]], Action: [[-1.          0.80313635 -1.        ]], Reward: [3.2005303],Reward_sum: 364.8356628417969, Done: [False]
==========
t: 137, State: [[ 1.83862772e+00  1.10769204e+00  4.37690470e-03 -4.81657747e-01
   2.36825595e-03  5.72750539e-01  2.48120592e+00 -2.16927511e+00
   2.12135745e-01  3.66502670e-01 -2.84975532e-01 -4.81325033e+00]], Action: [[1.         0.49578536 0.27650332]], Reward: [3.2519372],Reward_sum: 368.08758544921875, Done: [False]
==========
t: 138, State: [[ 1.85954652e+00  1.08995922e+00  4.99836402e-03 -4.85827789e-01
   8.20203780e-04  5.25522122e-01  2.71284858e+00 -2.26423689e+00
  -1.45323769e-01 -1.37443512e+00 -1.15771464e-01 -6.91154173e+00]], Action: [[-1.  1. -1.]], Reward: [3.6118503],Reward_sum: 371.699462890625, Done: [False]
==========
t: 139, State: [[ 1.88200965e+00  1.07445531e+00  9.88431854e-03 -4.93631953e-01
   3.15828783e-04  4.74843120e-01  2.88129388e+00 -1.59314451e+00
   1.30542826e+00 -5.57062472e-01 -7.12160765e-03 -5.64936035e+00]], Action: [[ 0.6437108  0.3156877 -1.       ]], Reward: [3.8063772],Reward_sum: 375.5058288574219, Done: [False]
==========
t: 140, State: [[ 1.90483664e+00  1.06397718e+00  1.69279241e-02 -5.04031427e-01
   8.15275361e-04  4.34473658e-01  2.81836654e+00 -1.03995775e+00
   4.13421655e-01 -2.03232420e+00  1.00153552e-01 -4.50521123e+00]], Action: [[-1.  1. -1.]], Reward: [3.8503745],Reward_sum: 379.356201171875, Done: [False]
==========
t: 141, State: [[ 1.92767081e+00  1.05783885e+00  2.40719628e-02 -5.16765750e-01
   1.56478427e-03  4.01644645e-01  2.88932752e+00 -5.10105873e-01
   1.35584700e+00 -1.15034808e+00  8.56125721e-02 -3.76625109e+00]], Action: [[ 0.61105454  0.82202995 -1.        ]], Reward: [3.8522213],Reward_sum: 383.20843505859375, Done: [False]
==========
t: 142, State: [[ 1.95040955e+00  1.05531507e+00  3.03573977e-02 -5.31688327e-01
   2.22379414e-03  3.73337559e-01  2.79418013e+00 -1.34901416e-01
   2.04208289e-01 -2.57668756e+00  7.74100705e-02 -3.36769909e+00]], Action: [[-1.          0.90643275 -1.        ]], Reward: [3.839521],Reward_sum: 387.0479431152344, Done: [False]
==========
t: 143, State: [[ 1.97273330e+00  1.05561950e+00  3.17532183e-02 -5.52680657e-01
   2.73194604e-03  3.46856630e-01  2.78640978e+00  1.98663784e-01
   1.37114074e-01 -2.67069705e+00  5.08676472e-02 -3.30154036e+00]], Action: [[-0.08420425  0.72851014 -1.        ]], Reward: [3.788931],Reward_sum: 390.8369140625, Done: [False]
==========
t: 144, State: [[ 1.99474462e+00  1.05820272e+00  2.95648743e-02 -5.77704422e-01
   3.05902781e-03  3.19952499e-01  2.71542622e+00  4.36673767e-01
  -6.90763313e-01 -3.58316548e+00  3.18707234e-02 -3.46432875e+00]], Action: [[-0.6587973   0.69166255 -0.9757157 ]], Reward: [3.7495513],Reward_sum: 394.5864562988281, Done: [False]
==========
t: 145, State: [[ 2.01683555e+00  1.06277571e+00  2.85550696e-02 -6.00777523e-01
   3.06933033e-03  2.90674029e-01  2.80794091e+00  6.99421469e-01
   4.34385635e-01 -2.18735569e+00 -2.24967917e-02 -3.88614779e+00]], Action: [[ 0.94459707 -0.06219593 -1.        ]], Reward: [3.7594705],Reward_sum: 398.345947265625, Done: [False]
==========
t: 146, State: [[ 2.03884101e+00  1.06884800e+00  2.67805355e-02 -6.23875544e-01
   2.90324484e-03  2.58075768e-01  2.69169716e+00  8.11996950e-01
  -8.84099639e-01 -3.58377979e+00 -1.91569142e-02 -4.28800737e+00]], Action: [[-1.         0.3612024 -0.8622148]], Reward: [3.7488084],Reward_sum: 402.0947265625, Done: [False]
==========
t: 147, State: [[ 2.06064025e+00  1.07608640e+00  2.28776635e-02 -6.48291187e-01
   2.80864085e-03  2.21003636e-01  2.75781602e+00  9.94898785e-01
  -9.85470496e-02 -2.52102417e+00 -6.06016016e-03 -4.99429349e+00]], Action: [[ 0.7103307  0.7326156 -1.       ]], Reward: [3.722864],Reward_sum: 405.817626953125, Done: [False]
==========
t: 148, State: [[ 2.08218280e+00  1.08437977e+00  1.65123963e-02 -6.73986377e-01
   2.83062281e-03  1.78097581e-01  2.62594173e+00  1.07570157e+00
  -1.49981158e+00 -3.89923394e+00  9.41940551e-03 -5.74065080e+00]], Action: [[-1.         0.7746804 -1.       ]], Reward: [3.6902177],Reward_sum: 409.5078125, Done: [False]
==========
t: 149, State: [[ 2.10340188e+00  1.09361702e+00  7.11839352e-03 -7.01196885e-01
   2.94797956e-03  1.28926962e-01  2.67859396e+00  1.23320318e+00
  -8.54927934e-01 -2.90439077e+00  1.83260421e-02 -6.55740054e+00]], Action: [[ 0.65556926  1.         -1.        ]], Reward: [3.6499553],Reward_sum: 413.15777587890625, Done: [False]
==========
t: 150, State: [[ 2.12490217e+00  1.10404369e+00  1.31897101e-03 -7.22077432e-01
   3.11137475e-03  7.31377970e-02  2.69596838e+00  1.37323711e+00
  -6.00578742e-01 -2.31592074e+00  2.15769002e-02 -7.39239183e+00]], Action: [[ 0.37330565  1.         -1.        ]], Reward: [3.685397],Reward_sum: 416.84320068359375, Done: [False]
==========
t: 151, State: [[ 2.14643781e+00  1.11554142e+00 -3.53387597e-03 -7.39342577e-01
   3.28648801e-03  1.06340801e-02  2.68766285e+00  1.50094137e+00
  -6.16041269e-01 -2.00046758e+00  2.16261975e-02 -8.23464355e+00]], Action: [[ 0.18199648  1.         -1.        ]], Reward: [3.689922],Reward_sum: 420.5330810546875, Done: [False]
==========
t: 152, State: [[ 2.16806983e+00  1.12813892e+00 -6.82166850e-03 -7.52081900e-01
   3.44436176e-03 -5.86582270e-02  2.72026025e+00  1.64821750e+00
  -2.08561716e-01 -1.18529598e+00  1.78240158e-02 -9.08939721e+00]], Action: [[ 0.53465307  1.         -1.        ]], Reward: [3.7017167],Reward_sum: 424.23480224609375, Done: [False]
==========
t: 153, State: [[ 2.18995983e+00  1.14190737e+00 -6.89426288e-03 -7.58298025e-01
   3.57207965e-03 -1.34814796e-01  2.75182100e+00  1.79324728e+00
   1.87837442e-01 -3.69336283e-01  1.41690199e-02 -9.95123362e+00]], Action: [[ 0.53843385  1.         -1.        ]], Reward: [3.7339602],Reward_sum: 427.96875, Done: [False]
==========
t: 154, State: [[ 2.21160571e+00  1.15657429e+00 -8.81973019e-03 -7.63639038e-01
   3.69184493e-03 -2.17827751e-01  2.65828122e+00  1.87205535e+00
  -6.71881960e-01 -9.63964940e-01  1.52521589e-02 -1.00000000e+01]], Action: [[-0.45451838  1.         -1.        ]], Reward: [3.7035286],Reward_sum: 431.6722412109375, Done: [False]
==========
t: 155, State: [[ 2.23318201e+00  1.17218947e+00 -1.04059281e-02 -7.65432294e-01
   3.78138501e-03 -3.07873456e-01  2.73483861e+00  2.02969082e+00
   2.73666403e-01  5.14464643e-01  7.77588457e-03 -1.00000000e+01]], Action: [[ 1.  1. -1.]], Reward: [3.6940374],Reward_sum: 435.36627197265625, Done: [False]
==========
t: 156, State: [[ 2.25437444e+00  1.18853466e+00 -1.44480429e-02 -7.66787206e-01
   3.86415592e-03 -4.05058556e-01  2.56267215e+00  2.05531076e+00
  -1.28317740e+00 -8.51045995e-01  1.20486713e-02 -1.00000000e+01]], Action: [[-1.  1. -1.]], Reward: [3.6460538],Reward_sum: 439.0123291015625, Done: [False]
==========
t: 157, State: [[ 2.27513608e+00  1.20551627e+00 -2.09403490e-02 -7.67647004e-01
   3.92382818e-03 -5.09557039e-01  2.62726855e+00  2.18770095e+00
  -3.38175633e-01  6.34205977e-01  3.65285536e-03 -1.00000000e+01]], Action: [[ 1.  1. -1.]], Reward: [3.5922048],Reward_sum: 442.60455322265625, Done: [False]
==========
t: 158, State: [[ 2.29568195e+00  1.22280995e+00 -2.74317251e-02 -7.65933297e-01
   3.94502498e-03 -6.22673385e-01  2.51215408e+00  2.11405188e+00
  -1.25278098e+00 -2.08670095e-01  5.00561057e-04 -1.00000000e+01]], Action: [[-0.6180112  1.        -1.       ]], Reward: [3.5658524],Reward_sum: 446.17041015625, Done: [False]
==========
t: 159, State: [[ 2.31608623e+00  1.23972742e+00 -3.29364451e-02 -7.61756383e-01
   3.90780075e-03 -7.46575331e-01  2.58763635e+00  2.11390449e+00
  -1.24141251e-01  1.25192102e+00 -8.47014210e-03 -1.00000000e+01]], Action: [[ 1.  1. -1.]], Reward: [3.5475352],Reward_sum: 449.71795654296875, Done: [False]
==========
t: 160, State: [[ 2.33649190e+00  1.25549496e+00 -3.79195247e-02 -7.57651820e-01
   3.80422788e-03 -8.55605623e-01  2.54862191e+00  1.78294063e+00
  -9.98208119e-01 -2.56545327e-01 -2.08788583e-02 -8.97096174e+00]], Action: [[-1.  1. -1.]], Reward: [3.5477076],Reward_sum: 453.265625, Done: [False]
==========
t: 161, State: [[ 2.35774981  1.2690651  -0.03940231 -0.75438596  0.00358841 -0.89959939
   2.75759394  1.62668455  0.59088202  1.07934071 -0.02941569 -2.71273418]], Action: [[ 1.  1. -1.]], Reward: [3.654239],Reward_sum: 456.91986083984375, Done: [False]
==========
t: 162, State: [[ 2.37955377  1.2811807  -0.03884558 -0.75167656  0.00339476 -0.90710069
   2.68772407  1.41129793 -0.47237662 -0.39470631 -0.01870807  0.44323114]], Action: [[-1.          0.9426153   0.02974159]], Reward: [3.723606],Reward_sum: 460.64349365234375, Done: [False]
==========
t: 163, State: [[ 2.40124251  1.2920491  -0.04139583 -0.75398625  0.00327525 -0.89673897
   2.73262727  1.30816813 -0.17183309 -0.18125774 -0.01144631  2.03771953]], Action: [[0.16507088 1.         1.        ]], Reward: [3.7090652],Reward_sum: 464.3525390625, Done: [False]
==========
t: 164, State: [[ 2.42325851e+00  1.30224448e+00 -4.08254527e-02 -7.52631356e-01
   1.38860900e-03 -8.74629007e-01  2.77113546e+00  1.24043468e+00
   3.13745680e-01  5.19275230e-01 -4.59405754e-01  3.48786673e+00]], Action: [[ 0.47752646 -0.23223928  1.        ]], Reward: [3.7507179],Reward_sum: 468.103271484375, Done: [False]
==========
t: 165, State: [[ 2.44566485e+00  1.31171143e+00 -3.69843295e-02 -7.48124140e-01
  -9.92424397e-04 -8.41115691e-01  2.83050263e+00  1.12587746e+00
   6.47887441e-01  6.07272728e-01 -1.30970246e-01  4.88829653e+00]], Action: [[0.09880868 0.31923524 1.        ]], Reward: [3.799681],Reward_sum: 471.9029541015625, Done: [False]
==========
t: 166, State: [[ 2.46846768e+00  1.32021359e+00 -3.12165789e-02 -7.43756411e-01
  -7.22035023e-04 -7.96433917e-01  2.86970799e+00  9.99264180e-01
   7.93425224e-01  4.85205523e-01  1.98634049e-01  6.28018040e+00]], Action: [[-0.0500656   0.29628143  1.        ]], Reward: [3.849264],Reward_sum: 475.75225830078125, Done: [False]
==========
t: 167, State: [[ 2.49134864e+00  1.32764575e+00 -2.61461121e-02 -7.41890431e-01
   1.17104252e-03 -7.40582631e-01  2.84190991e+00  8.61068801e-01
   4.34504799e-01 -9.07513972e-03  1.80218223e-01  7.68610637e+00]], Action: [[-0.33680415  0.20624414  1.        ]], Reward: [3.8589637],Reward_sum: 479.6112060546875, Done: [False]
==========
t: 168, State: [[ 2.51384247e+00  1.33395547e+00 -2.51695688e-02 -7.44895250e-01
   2.20653252e-03 -6.74116140e-01  2.78185893e+00  7.15868947e-01
  -1.86859135e-01 -7.41623260e-01  8.75452102e-02  8.92801023e+00]], Action: [[-0.5148874   0.6794373   0.89006996]], Reward: [3.8102093],Reward_sum: 483.42138671875, Done: [False]
==========
t: 169, State: [[ 2.53641100e+00  1.33958747e+00 -2.23687791e-02 -7.44951500e-01
   1.08638765e-03 -6.00083438e-01  2.85997901e+00  6.91868549e-01
   8.85054395e-01  7.25981528e-01 -3.66557795e-01  9.57923045e+00]], Action: [[ 1.        -0.2276716  0.4928152]], Reward: [3.8197718],Reward_sum: 487.24114990234375, Done: [False]
==========
t: 170, State: [[ 2.55884004e+00  1.34457867e+00 -2.00382640e-02 -7.44888764e-01
  -7.63118916e-04 -5.26628369e-01  2.74875925e+00  5.56125994e-01
  -2.95729371e-01 -7.09948267e-01 -8.47845102e-02  8.78497172e+00]], Action: [[-1.          0.09969297 -0.499664  ]], Reward: [3.8023708],Reward_sum: 491.04351806640625, Done: [False]
==========
t: 171, State: [[ 2.58133561e+00  1.34887106e+00 -1.71775253e-02 -7.44895458e-01
  -9.55356096e-04 -4.53919025e-01  2.87467715e+00  5.16668028e-01
   1.00842258e+00  7.06908633e-01  3.72690164e-02  9.39156028e+00]], Action: [[1.         0.19828996 0.4833514 ]], Reward: [3.8106728],Reward_sum: 494.85418701171875, Done: [False]
==========
t: 172, State: [[ 2.60385886e+00  1.35251570e+00 -1.40107683e-02 -7.44958690e-01
   2.08424731e-04 -3.83347397e-01  2.75366584e+00  3.96152189e-01
  -2.29766360e-01 -7.18135592e-01  2.15417623e-01  8.25506719e+00]], Action: [[-1.         0.0272148 -0.7423769]], Reward: [3.813854],Reward_sum: 498.66802978515625, Done: [False]
==========
t: 173, State: [[ 2.62628310e+00  1.35556393e+00 -1.11825737e-02 -7.44910797e-01
   1.08497229e-03 -3.14641348e-01  2.85207089e+00  3.65702833e-01
   9.34523090e-01  7.28594939e-01  4.55083677e-03  8.92053187e+00]], Action: [[ 1.         -0.04770055  0.50802517]], Reward: [3.8017704],Reward_sum: 502.46978759765625, Done: [False]
==========
t: 174, State: [[ 2.64856746e+00  1.35802700e+00 -8.94091895e-03 -7.44736638e-01
   1.07160999e-03 -2.47289952e-01  2.71978944e+00  2.50430826e-01
  -3.70746526e-01 -6.83983108e-01 -6.42782443e-03  7.91862628e+00]], Action: [[-1.          0.00772956 -0.65887165]], Reward: [3.7841098],Reward_sum: 506.25390625, Done: [False]
==========
t: 175, State: [[ 2.67078216e+00  1.35992527e+00 -6.95651006e-03 -7.44480623e-01
   1.03728475e-03 -1.82671324e-01  2.83357047e+00  2.24048716e-01
   8.64403380e-01  7.46494024e-01 -2.53375307e-03  8.23573087e+00]], Action: [[1.         0.41326055 0.27081826]], Reward: [3.7755942],Reward_sum: 510.02960205078125, Done: [False]
==========
t: 176, State: [[ 2.69293575e+00  1.36125528e+00 -5.22627593e-03 -7.44180292e-01
   9.94344950e-04 -1.20499883e-01  2.70544309e+00  1.08699745e-01
  -4.28819635e-01 -6.70193347e-01 -7.44269680e-03  7.30834586e+00]], Action: [[-1.          0.03951153 -0.61063254]], Reward: [3.7678235],Reward_sum: 513.7974243164062, Done: [False]
==========
t: 177, State: [[ 2.71504155e+00  1.36200853e+00 -3.68892208e-03 -7.43819315e-01
   9.67858461e-04 -6.02716392e-02  2.82063502e+00  7.95776138e-02
   8.10437902e-01  7.59001979e-01 -3.95425103e-05  7.74826239e+00]], Action: [[1.         0.45768258 0.35230613]], Reward: [3.7618914],Reward_sum: 517.559326171875, Done: [False]
==========
t: 178, State: [[ 2.73710125e+00  1.36219617e+00 -2.37061586e-03 -7.43428069e-01
   9.54479522e-04 -2.27559582e-03  2.69483961e+00 -3.25195990e-02
  -4.77897810e-01 -6.59911003e-01 -2.91001054e-03  6.75205885e+00]], Action: [[-1.          0.09627977 -0.6613682 ]], Reward: [3.7560167],Reward_sum: 521.3153076171875, Done: [False]
==========
t: 179, State: [[ 2.75912598e+00  1.36179143e+00 -1.20957447e-03 -7.42988584e-01
   9.38124060e-04  5.46206840e-02  2.81098642e+00 -6.86593646e-02
   7.65476611e-01  7.68329798e-01 -1.29678364e-03  7.47113307e+00]], Action: [[1.         0.38507596 0.5433772 ]], Reward: [3.751647],Reward_sum: 525.0669555664062, Done: [False]
==========
t: 180, State: [[ 2.78111551e+00  1.36081076e+00 -2.37893995e-04 -7.42529275e-01
   9.23862000e-04  1.09890265e-01  2.68689892e+00 -1.76454775e-01
  -5.19553910e-01 -6.52188272e-01 -2.13653142e-03  6.34773692e+00]], Action: [[-1.          0.11173037 -0.7518463 ]], Reward: [3.7471137],Reward_sum: 528.8140869140625, Done: [False]
==========
t: 181, State: [[ 2.80307838e+00  1.35921537e+00  6.00352688e-04 -7.42029929e-01
   8.72069547e-04  1.65093728e-01  2.80352696e+00 -2.22322312e-01
   7.26567638e-01  7.75515180e-01 -9.58957426e-03  7.45167409e+00]], Action: [[1.         0.19696006 0.809631  ]], Reward: [3.7436647],Reward_sum: 532.5577392578125, Done: [False]
==========
t: 182, State: [[ 2.82501515e+00  1.35701268e+00  1.28133476e-03 -7.41519983e-01
   7.98731848e-04  2.20005066e-01  2.68113654e+00 -3.28391228e-01
  -5.53217363e-01 -6.46694371e-01 -8.58781755e-03  6.27767908e+00]], Action: [[-1.          0.01623008 -0.78747356]], Reward: [3.7404761],Reward_sum: 536.2982177734375, Done: [False]
==========
t: 183, State: [[ 2.84685693e+00  1.35420448e+00  1.46199116e-03 -7.40895088e-01
  -2.78089573e-04  2.75786146e-01  2.77902960e+00 -3.73459801e-01
   5.95596971e-01  8.01385476e-01 -2.59521092e-01  7.66577053e+00]], Action: [[ 1.         -0.05938259  1.        ]], Reward: [3.728219],Reward_sum: 540.0264282226562, Done: [False]
==========
t: 184, State: [[ 2.86870637e+00  1.35075304e+00  1.64051910e-03 -7.40296205e-01
  -1.03508787e-03  3.32429189e-01  2.68363543e+00 -4.89457869e-01
  -5.48492158e-01 -6.50126092e-01  6.91859179e-02  6.49656844e+00]], Action: [[-1.          0.11461699 -0.7726531 ]], Reward: [3.7295692],Reward_sum: 543.7559814453125, Done: [False]
==========
t: 185, State: [[ 2.89042533e+00  1.34671492e+00  1.11111852e-03 -7.39542543e-01
  -3.29979917e-03  3.90035985e-01  2.74591134e+00 -5.19886191e-01
   4.13774985e-01  8.36862342e-01 -6.33875593e-01  7.90324283e+00]], Action: [[ 1.         -0.39341965  1.        ]], Reward: [3.7127156],Reward_sum: 547.4686889648438, Done: [False]
==========
t: 186, State: [[ 2.91236822e+00  1.34203260e+00  1.86278107e-03 -7.38533988e-01
  -2.93683509e-03  4.47091915e-01  2.73993408e+00 -6.50744775e-01
  -2.24015868e-01 -5.83053300e-01  7.22500343e-01  6.36292172e+00]], Action: [[-0.9171123   0.86616623 -1.        ]], Reward: [3.7402697],Reward_sum: 551.208984375, Done: [False]
==========
t: 187, State: [[ 2.93428136e+00  1.33680276e+00  2.59894370e-03 -7.36966461e-01
  -3.29415112e-03  5.03774767e-01  2.73832319e+00 -6.56640895e-01
   4.06391017e-01  9.73003218e-01 -8.09632273e-01  7.80577712e+00]], Action: [[ 1. -1.  1.]], Reward: [3.7361429],Reward_sum: 554.9451293945312, Done: [False]
==========
t: 188, State: [[ 2.95633296e+00  1.33110421e+00  5.01984244e-03 -7.32984011e-01
  -4.15919656e-03  5.60051329e-01  2.77466889e+00 -7.67996094e-01
   2.00013856e-01  2.37152970e-02  5.91296848e-01  6.26554449e+00]], Action: [[-0.5830366  0.926664  -1.       ]], Reward: [3.7542508],Reward_sum: 558.6993408203125, Done: [False]
==========
t: 189, State: [[ 2.97822719e+00  1.32459637e+00  4.78439661e-03 -7.33026798e-01
  -2.95407933e-03  6.15854544e-01  2.69906047e+00 -8.58579618e-01
  -2.59375281e-01 -3.44243419e-02 -2.88712465e-01  7.68338647e+00]], Action: [[-0.09085634 -0.61319304  1.        ]], Reward: [3.7353942],Reward_sum: 562.4347534179688, Done: [False]
==========
t: 190, State: [[ 3.00028649e+00  1.31763193e+00  7.23713998e-03 -7.28493402e-01
  -4.21644143e-03  6.76810238e-01  2.81561110e+00 -8.82661739e-01
   8.71039570e-01  1.16640610e+00 -2.70389564e-02  7.55576595e+00]], Action: [[ 0.85554117  0.2534567  -0.04141214]], Reward: [3.7566147],Reward_sum: 566.1913452148438, Done: [False]
==========
t: 191, State: [[ 3.02207091  1.31019614  0.00779008 -0.72459835 -0.00804627  0.73428076
   2.63067632 -0.97678445 -0.72948816 -0.191198   -0.93008437  6.81262682]], Action: [[-1.         -0.77026737 -0.51077634]], Reward: [3.7211993],Reward_sum: 569.9125366210938, Done: [False]
==========
t: 192, State: [[ 3.04395825  1.30221266  0.0087634  -0.72082388 -0.01041602  0.78826368
   2.8411647  -1.01404329  0.97316613  1.133055    0.34484055  6.46343146]], Action: [[ 1.          1.         -0.01931082]], Reward: [3.733916],Reward_sum: 573.646484375, Done: [False]
==========
t: 193, State: [[ 3.06586077  1.29404858  0.00990287 -0.71711323 -0.01201791  0.82269608
   2.63424139 -1.03665168 -0.68939688 -0.20343231 -0.7603227   2.55000211]], Action: [[-1.         -1.         -0.25996274]], Reward: [3.735748],Reward_sum: 577.3822021484375, Done: [False]
==========
t: 194, State: [[ 3.08777849  1.28575102  0.01135532 -0.71344719 -0.012732    0.83416653
   2.84472188 -1.04284526  1.04735307  1.11885467  0.57178659  0.54560539]], Action: [[1.         1.         0.45095444]], Reward: [3.7375116],Reward_sum: 581.1197509765625, Done: [False]
==========
t: 195, State: [[ 3.10994406  1.27698556  0.01417208 -0.71009905 -0.00982157  0.83408215
   2.69690622 -1.15086098 -0.34351222 -0.28013624  0.15127495 -0.43616749]], Action: [[-1.         -0.41508183 -0.05529305]], Reward: [3.7695205],Reward_sum: 584.8892822265625, Done: [False]
==========
t: 196, State: [[ 3.13215184  1.26768113  0.01726986 -0.70681209 -0.00616979  0.82892379
   2.85463181 -1.17710752  1.11536998  1.1005114   0.7587241  -0.78949435]], Action: [[1.         0.51876324 0.81359386]], Reward: [3.7740412],Reward_sum: 588.663330078125, Done: [False]
==========
t: 197, State: [[ 3.1541533   1.25784958  0.01934319 -0.70334367 -0.00511323  0.82206183
   2.64609915 -1.2811311  -0.59578    -0.23199759 -0.49458007 -0.88997352]], Action: [[-1.        -1.         0.1883755]], Reward: [3.7481475],Reward_sum: 592.4114379882812, Done: [False]
==========
t: 198, State: [[ 3.17615295  1.24738841  0.02140811 -0.69988697 -0.00405092  0.81517553
   2.85342476 -1.33484844  1.11000303  1.09482622  0.75829717 -0.81833667]], Action: [[1.        1.        0.6776772]], Reward: [3.7474966],Reward_sum: 596.158935546875, Done: [False]
==========
t: 199, State: [[ 3.19814729e+00  1.23628485e+00  2.34267761e-02 -6.96465418e-01
  -3.02510579e-03  8.08832599e-01  2.64554017e+00 -1.44064679e+00
  -6.03506222e-01 -2.38068011e-01 -5.00483161e-01 -7.67422012e-01]], Action: [[-1.         -1.         -0.00520533]], Reward: [3.7472928],Reward_sum: 599.90625, Done: [False]
==========
Hopper - Steps: 200, Return: 599.90625, State: [[ 3.19814729e+00  1.23628485e+00  2.34267761e-02 -6.96465418e-01
  -3.02510579e-03  8.08832599e-01  2.64554017e+00 -1.44064679e+00
  -6.03506222e-01 -2.38068011e-01 -5.00483161e-01 -7.67422012e-01]]
Starting:   0%|          | 0/200 [00:00<?, ?it/s]